[2025-04-13 19:31:40] [INFO] OneDrive for Business 運用ツール - ITSM準拠 を開始しました
[2025-04-13 19:31:40] [INFO] 出力フォルダ: C:\kitting\OneDriveforBusinessManagementSystem\OneDriveManagement.20250413
[2025-04-13 19:31:40] [INFO] ログフォルダ: C:\kitting\OneDriveforBusinessManagementSystem\OneDriveManagement.20250413\Log
[2025-04-13 19:31:40] [INFO] レポートフォルダ: C:\kitting\OneDriveforBusinessManagementSystem\OneDriveManagement.20250413\Report
[2025-04-13 19:31:40] [INFO] Microsoft.Graph モジュールは既にインストールされています
[2025-04-13 19:31:40] [INFO] config.jsonから認証情報を読み込みます...
[2025-04-13 19:31:40] [INFO] Microsoft Graph用アクセストークンを取得します...
[2025-04-13 19:31:41] [SUCCESS] Microsoft Graphにクライアントシークレット認証で接続しました
[2025-04-13 19:32:02] [INFO] config.jsonから認証情報を読み込みます...
[2025-04-13 19:32:02] [INFO] Microsoft Graph用アクセストークンを取得します...
[2025-04-13 19:32:02] [SUCCESS] Microsoft Graphにクライアントシークレット認証で接続しました
[2025-04-13 19:32:02] [INFO] スクリプト実行開始: C:\kitting\OneDriveforBusinessManagementSystem\Basic_Data_Collection\GetOneDriveQuota.ps1 (Basic_Data_Collection)
[2025-04-13 19:37:27] [SUCCESS] スクリプト実行完了: C:\kitting\OneDriveforBusinessManagementSystem\Basic_Data_Collection\GetOneDriveQuota.ps1
[2025-04-13 19:46:22] [INFO] config.jsonから認証情報を読み込みます...
[2025-04-13 19:46:22] [INFO] Microsoft Graph用アクセストークンを取得します...
[2025-04-13 19:46:22] [SUCCESS] Microsoft Graphにクライアントシークレット認証で接続しました
[2025-04-13 19:46:22] [INFO] スクリプト実行開始: C:\kitting\OneDriveforBusinessManagementSystem\Basic_Data_Collection\GetOneDriveQuota.ps1 (Basic_Data_Collection)
[2025-04-13 19:51:11] [SUCCESS] スクリプト実行完了: C:\kitting\OneDriveforBusinessManagementSystem\Basic_Data_Collection\GetOneDriveQuota.ps1
[2025-04-13 19:59:19] [INFO] config.jsonから認証情報を読み込みます...
[2025-04-13 19:59:19] [INFO] Microsoft Graph用アクセストークンを取得します...
[2025-04-13 19:59:20] [SUCCESS] Microsoft Graphにクライアントシークレット認証で接続しました
[2025-04-13 19:59:20] [INFO] スクリプト実行開始: C:\kitting\OneDriveforBusinessManagementSystem\Basic_Data_Collection\GetOneDriveQuota.ps1 (Basic_Data_Collection)
[2025-04-13 20:05:08] [SUCCESS] スクリプト実行完了: C:\kitting\OneDriveforBusinessManagementSystem\Basic_Data_Collection\GetOneDriveQuota.ps1
[2025-04-13 20:11:45] [INFO] config.jsonから認証情報を読み込みます...
[2025-04-13 20:11:45] [INFO] Microsoft Graph用アクセストークンを取得します...
[2025-04-13 20:11:46] [SUCCESS] Microsoft Graphにクライアントシークレット認証で接続しました
[2025-04-13 20:11:46] [INFO] スクリプト実行開始: C:\kitting\OneDriveforBusinessManagementSystem\Basic_Data_Collection\GetOneDriveQuota.ps1 (Basic_Data_Collection)
[2025-04-13 20:17:06] [SUCCESS] スクリプト実行完了: C:\kitting\OneDriveforBusinessManagementSystem\Basic_Data_Collection\GetOneDriveQuota.ps1
[2025-04-13 20:23:21] [INFO] config.jsonから認証情報を読み込みます...
[2025-04-13 20:23:21] [INFO] Microsoft Graph用アクセストークンを取得します...
[2025-04-13 20:23:22] [SUCCESS] Microsoft Graphにクライアントシークレット認証で接続しました
[2025-04-13 20:23:22] [INFO] スクリプト実行開始: C:\kitting\OneDriveforBusinessManagementSystem\Basic_Data_Collection\GetOneDriveQuota.ps1 (Basic_Data_Collection)
[2025-04-13 20:28:21] [SUCCESS] スクリプト実行完了: C:\kitting\OneDriveforBusinessManagementSystem\Basic_Data_Collection\GetOneDriveQuota.ps1
[2025-04-13 20:37:36] [INFO] config.jsonから認証情報を読み込みます...
[2025-04-13 20:37:36] [INFO] Microsoft Graph用アクセストークンを取得します...
[2025-04-13 20:37:37] [SUCCESS] Microsoft Graphにクライアントシークレット認証で接続しました
[2025-04-13 20:37:37] [INFO] スクリプト実行開始: C:\kitting\OneDriveforBusinessManagementSystem\Basic_Data_Collection\GetOneDriveQuota.ps1 (Basic_Data_Collection)
[2025-04-13 20:42:51] [SUCCESS] スクリプト実行完了: C:\kitting\OneDriveforBusinessManagementSystem\Basic_Data_Collection\GetOneDriveQuota.ps1
[2025-04-13 20:55:27] [INFO] config.jsonから認証情報を読み込みます...
[2025-04-13 20:55:27] [INFO] Microsoft Graph用アクセストークンを取得します...
[2025-04-13 20:55:27] [SUCCESS] Microsoft Graphにクライアントシークレット認証で接続しました
[2025-04-13 20:55:27] [INFO] スクリプト実行開始: C:\kitting\OneDriveforBusinessManagementSystem\Basic_Data_Collection\GetOneDriveQuota.ps1 (Basic_Data_Collection)
[2025-04-13 21:00:41] [SUCCESS] スクリプト実行完了: C:\kitting\OneDriveforBusinessManagementSystem\Basic_Data_Collection\GetOneDriveQuota.ps1
[2025-04-13 21:09:08] [INFO] config.jsonから認証情報を読み込みます...
[2025-04-13 21:09:08] [INFO] Microsoft Graph用アクセストークンを取得します...
[2025-04-13 21:09:08] [SUCCESS] Microsoft Graphにクライアントシークレット認証で接続しました
[2025-04-13 21:09:08] [INFO] スクリプト実行開始: C:\kitting\OneDriveforBusinessManagementSystem\Basic_Data_Collection\GetOneDriveQuota.ps1 (Basic_Data_Collection)
[2025-04-13 21:14:16] [SUCCESS] スクリプト実行完了: C:\kitting\OneDriveforBusinessManagementSystem\Basic_Data_Collection\GetOneDriveQuota.ps1
[2025-04-13 21:15:06] [INFO] プログラムを終了します。
