[2025-04-13 06:41:15] [INFO] OneDrive for Business 運用ツール - ITSM準拠 を開始しました
[2025-04-13 06:41:15] [INFO] 出力フォルダ: C:\kitting\OneDriveforBusinessManagementSystem\OneDriveManagement.20250413
[2025-04-13 06:41:15] [INFO] ログフォルダ: C:\kitting\OneDriveforBusinessManagementSystem\OneDriveManagement.20250413\Log
[2025-04-13 06:41:15] [INFO] レポートフォルダ: C:\kitting\OneDriveforBusinessManagementSystem\OneDriveManagement.20250413\Report
[2025-04-13 06:41:15] [INFO] Microsoft.Graph モジュールは既にインストールされています
[2025-04-13 06:41:15] [INFO] config.jsonから認証情報を読み込みます...
[2025-04-13 06:41:15] [INFO] Microsoft Graph用アクセストークンを取得します...
[2025-04-13 06:41:17] [SUCCESS] Microsoft Graphにクライアントシークレット認証で接続しました
[2025-04-13 06:41:24] [INFO] config.jsonから認証情報を読み込みます...
[2025-04-13 06:41:24] [INFO] Microsoft Graph用アクセストークンを取得します...
[2025-04-13 06:41:24] [SUCCESS] Microsoft Graphにクライアントシークレット認証で接続しました
[2025-04-13 06:41:24] [INFO] カテゴリフォルダを作成しました: C:\kitting\OneDriveforBusinessManagementSystem\OneDriveManagement.20250413\Basic_Data_Collection.20250413
[2025-04-13 06:41:24] [INFO] スクリプト実行開始: C:\kitting\OneDriveforBusinessManagementSystem\Basic_Data_Collection\GetOneDriveQuota.ps1 (Basic_Data_Collection)
[2025-04-13 06:46:21] [SUCCESS] スクリプト実行完了: C:\kitting\OneDriveforBusinessManagementSystem\Basic_Data_Collection\GetOneDriveQuota.ps1
[2025-04-13 06:53:35] [INFO] config.jsonから認証情報を読み込みます...
[2025-04-13 06:53:35] [INFO] Microsoft Graph用アクセストークンを取得します...
[2025-04-13 06:53:36] [SUCCESS] Microsoft Graphにクライアントシークレット認証で接続しました
[2025-04-13 06:53:36] [INFO] スクリプト実行開始: C:\kitting\OneDriveforBusinessManagementSystem\Basic_Data_Collection\GetOneDriveQuota.ps1 (Basic_Data_Collection)
[2025-04-13 06:57:55] [SUCCESS] スクリプト実行完了: C:\kitting\OneDriveforBusinessManagementSystem\Basic_Data_Collection\GetOneDriveQuota.ps1
[2025-04-13 10:26:31] [INFO] config.jsonから認証情報を読み込みます...
[2025-04-13 10:26:31] [INFO] Microsoft Graph用アクセストークンを取得します...
[2025-04-13 10:26:31] [SUCCESS] Microsoft Graphにクライアントシークレット認証で接続しました
[2025-04-13 10:26:31] [INFO] スクリプト実行開始: C:\kitting\OneDriveforBusinessManagementSystem\Basic_Data_Collection\GetOneDriveQuota.ps1 (Basic_Data_Collection)
[2025-04-13 10:32:13] [SUCCESS] スクリプト実行完了: C:\kitting\OneDriveforBusinessManagementSystem\Basic_Data_Collection\GetOneDriveQuota.ps1
[2025-04-13 10:39:01] [INFO] config.jsonから認証情報を読み込みます...
[2025-04-13 10:39:01] [INFO] Microsoft Graph用アクセストークンを取得します...
[2025-04-13 10:39:01] [SUCCESS] Microsoft Graphにクライアントシークレット認証で接続しました
[2025-04-13 10:39:01] [INFO] スクリプト実行開始: C:\kitting\OneDriveforBusinessManagementSystem\Basic_Data_Collection\GetOneDriveQuota.ps1 (Basic_Data_Collection)
[2025-04-13 10:44:14] [SUCCESS] スクリプト実行完了: C:\kitting\OneDriveforBusinessManagementSystem\Basic_Data_Collection\GetOneDriveQuota.ps1
[2025-04-13 10:49:18] [INFO] プログラムを終了します。
