[2025-04-13 06:53:36] [INFO] ストレージクォータ取得を開始します
[2025-04-13 06:53:36] [INFO] 出力ディレクトリ: C:\kitting\OneDriveforBusinessManagementSystem\OneDriveManagement.20250413\Basic_Data_Collection.20250413
[2025-04-13 06:53:36] [INFO] ログディレクトリ: C:\kitting\OneDriveforBusinessManagementSystem\OneDriveManagement.20250413\Log
[2025-04-13 06:53:36] [WARNING] Graph接続済みですが、ユーザー情報は取得できません。
[2025-04-13 06:53:36] [WARNING] Graph接続済みですが、ユーザー情報は取得できません。
[2025-04-13 06:53:36] [INFO] すべてのユーザーのOneDriveクォータ情報を取得しています...
[2025-04-13 06:53:38] [WARNING] ユーザー okinawa-rakuraku@mirai-const.co.jp のOneDriveクォータ情報を取得できませんでした: User's mysite not found.

Status: 404 (NotFound)
ErrorCode: ResourceNotFound
Date: 2025-04-12T21:53:38

Headers:
Vary                          : Accept-Encoding
Strict-Transport-Security     : max-age=31536000
request-id                    : 0df9145e-b057-4883-b1c9-4871e65dfc60
client-request-id             : dae5f6f5-fb8c-4776-a630-5ed8f5b9a683
x-ms-ags-diagnostic           : {"ServerInfo":{"DataCenter":"Japan West","Slice":"E","Ring":"3","ScaleUnit":"002","RoleInstance":"OS1PEPF00005643"}}
Date                          : Sat, 12 Apr 2025 21:53:38 GMT


[2025-04-13 06:53:45] [WARNING] ユーザー admin@miraiconst.onmicrosoft.com のOneDriveクォータ情報を取得できませんでした: User's mysite not found.

Status: 404 (NotFound)
ErrorCode: ResourceNotFound
Date: 2025-04-12T21:53:45

Headers:
Vary                          : Accept-Encoding
Strict-Transport-Security     : max-age=31536000
request-id                    : fdbf83c4-1f24-40ad-b0f0-73a85ba94c87
client-request-id             : 5c81e7d0-3466-482a-afce-15cd130ad69f
x-ms-ags-diagnostic           : {"ServerInfo":{"DataCenter":"Japan West","Slice":"E","Ring":"3","ScaleUnit":"002","RoleInstance":"OS1PEPF00005643"}}
Date                          : Sat, 12 Apr 2025 21:53:44 GMT


[2025-04-13 06:53:45] [INFO] ユーザー admin@miraiconst.onmicrosoft.com のroleTemplateId: 62e90394-69f5-4237-9190-012177145e10
[2025-04-13 06:53:45] [INFO] ユーザー admin@miraiconst.onmicrosoft.com は管理者ロール: 62e90394-69f5-4237-9190-012177145e10
[2025-04-13 06:53:48] [WARNING] ユーザー admin1@miraiconst.onmicrosoft.com のOneDriveクォータ情報を取得できませんでした: User's mysite not found.

Status: 404 (NotFound)
ErrorCode: ResourceNotFound
Date: 2025-04-12T21:53:48

Headers:
Vary                          : Accept-Encoding
Strict-Transport-Security     : max-age=31536000
request-id                    : 0466c3a5-99d4-45bf-8630-d81b18ff0acf
client-request-id             : 71806612-52e0-47b7-8983-db67aafb4bb7
x-ms-ags-diagnostic           : {"ServerInfo":{"DataCenter":"Japan West","Slice":"E","Ring":"3","ScaleUnit":"002","RoleInstance":"OS1PEPF00005643"}}
Date                          : Sat, 12 Apr 2025 21:53:48 GMT


[2025-04-13 06:53:49] [WARNING] ユーザー cim-master10@mirai-const.co.jp のOneDriveクォータ情報を取得できませんでした: User's mysite not found.

Status: 404 (NotFound)
ErrorCode: ResourceNotFound
Date: 2025-04-12T21:53:49

Headers:
Vary                          : Accept-Encoding
Strict-Transport-Security     : max-age=31536000
request-id                    : 656e951a-5d4f-4c1e-9365-8a487464f026
client-request-id             : d6c1a4d7-a30f-4b0e-8179-25983eff5677
x-ms-ags-diagnostic           : {"ServerInfo":{"DataCenter":"Japan West","Slice":"E","Ring":"3","ScaleUnit":"002","RoleInstance":"OS1PEPF00005643"}}
Date                          : Sat, 12 Apr 2025 21:53:48 GMT


[2025-04-13 06:53:51] [WARNING] ユーザー jinji-saiyou@mirai-const.co.jp のOneDriveクォータ情報を取得できませんでした: User's mysite not found.

Status: 404 (NotFound)
ErrorCode: ResourceNotFound
Date: 2025-04-12T21:53:51

Headers:
Vary                          : Accept-Encoding
Strict-Transport-Security     : max-age=31536000
request-id                    : 50a8be4c-bd76-4c87-9631-82ba58abc501
client-request-id             : 95fec5f7-7108-4f59-abc0-72531f483086
x-ms-ags-diagnostic           : {"ServerInfo":{"DataCenter":"Japan West","Slice":"E","Ring":"3","ScaleUnit":"002","RoleInstance":"OS1PEPF00005643"}}
Date                          : Sat, 12 Apr 2025 21:53:51 GMT


[2025-04-13 06:53:56] [WARNING] ユーザー soumu-payment@mirai-const.co.jp のOneDriveクォータ情報を取得できませんでした: User's mysite not found.

Status: 404 (NotFound)
ErrorCode: ResourceNotFound
Date: 2025-04-12T21:53:56

Headers:
Vary                          : Accept-Encoding
Strict-Transport-Security     : max-age=31536000
request-id                    : 5dec580d-fd0e-4ab6-97d0-91ff1b6813ac
client-request-id             : f356db1a-2e3f-47b5-bdb7-577ca8482442
x-ms-ags-diagnostic           : {"ServerInfo":{"DataCenter":"Japan West","Slice":"E","Ring":"3","ScaleUnit":"002","RoleInstance":"OS1PEPF00005643"}}
Date                          : Sat, 12 Apr 2025 21:53:56 GMT


[2025-04-13 06:53:58] [WARNING] ユーザー mf-jigyoukikaku@miraiconst.onmicrosoft.com のOneDriveクォータ情報を取得できませんでした: User's mysite not found.

Status: 404 (NotFound)
ErrorCode: ResourceNotFound
Date: 2025-04-12T21:53:58

Headers:
Vary                          : Accept-Encoding
Strict-Transport-Security     : max-age=31536000
request-id                    : 77f33dea-5bb5-404b-ad30-692140121846
client-request-id             : 774e60e9-65ad-490d-b94a-edfd72500852
x-ms-ags-diagnostic           : {"ServerInfo":{"DataCenter":"Japan West","Slice":"E","Ring":"3","ScaleUnit":"002","RoleInstance":"OS1PEPF00005643"}}
Date                          : Sat, 12 Apr 2025 21:53:58 GMT


[2025-04-13 06:54:01] [WARNING] ユーザー henngetest@mirai-const.co.jp のOneDriveクォータ情報を取得できませんでした: User's mysite not found.

Status: 404 (NotFound)
ErrorCode: ResourceNotFound
Date: 2025-04-12T21:54:01

Headers:
Vary                          : Accept-Encoding
Strict-Transport-Security     : max-age=31536000
request-id                    : 5ba6e78c-758e-422b-a641-323faa9e0f08
client-request-id             : 456dea31-394f-4e63-947e-e65d083ab08b
x-ms-ags-diagnostic           : {"ServerInfo":{"DataCenter":"Japan West","Slice":"E","Ring":"3","ScaleUnit":"002","RoleInstance":"OS1PEPF00005643"}}
Date                          : Sat, 12 Apr 2025 21:54:00 GMT


[2025-04-13 06:54:14] [WARNING] ユーザー ariake-rakuraku@mirai-const.co.jp のOneDriveクォータ情報を取得できませんでした: User's mysite not found.

Status: 404 (NotFound)
ErrorCode: ResourceNotFound
Date: 2025-04-12T21:54:14

Headers:
Vary                          : Accept-Encoding
Strict-Transport-Security     : max-age=31536000
request-id                    : bf73d87a-006f-4faa-8b7b-95ad969ba92b
client-request-id             : 68ec5c26-a346-4626-8de2-3001a4f7a914
x-ms-ags-diagnostic           : {"ServerInfo":{"DataCenter":"Japan West","Slice":"E","Ring":"3","ScaleUnit":"002","RoleInstance":"OS1PEPF00005643"}}
Date                          : Sat, 12 Apr 2025 21:54:13 GMT


[2025-04-13 06:54:15] [WARNING] ユーザー system-info@mirai-const.co.jp のOneDriveクォータ情報を取得できませんでした: User's mysite not found.

Status: 404 (NotFound)
ErrorCode: ResourceNotFound
Date: 2025-04-12T21:54:15

Headers:
Vary                          : Accept-Encoding
Strict-Transport-Security     : max-age=31536000
request-id                    : 7c5741de-38fe-4b0d-84bb-c40cc790ef80
client-request-id             : 74070468-f1c5-4aaa-b532-fe5a6e4215da
x-ms-ags-diagnostic           : {"ServerInfo":{"DataCenter":"Japan West","Slice":"E","Ring":"3","ScaleUnit":"002","RoleInstance":"OS1PEPF00005643"}}
Date                          : Sat, 12 Apr 2025 21:54:14 GMT


[2025-04-13 06:54:19] [WARNING] ユーザー hideyuki.nomura_halekulaniokinawa.com#EXT#@miraiconst.onmicrosoft.com のOneDriveクォータ情報を取得できませんでした: User's mysite not found.

Status: 404 (NotFound)
ErrorCode: ResourceNotFound
Date: 2025-04-12T21:54:19

Headers:
Vary                          : Accept-Encoding
Strict-Transport-Security     : max-age=31536000
request-id                    : c0ddb284-e371-439d-afac-57bfd4c004d2
client-request-id             : ab125767-123e-455e-8afc-f06fe1bbfec4
x-ms-ags-diagnostic           : {"ServerInfo":{"DataCenter":"Japan West","Slice":"E","Ring":"3","ScaleUnit":"002","RoleInstance":"OS1PEPF00005643"}}
Date                          : Sat, 12 Apr 2025 21:54:19 GMT


[2025-04-13 06:54:20] [WARNING] ユーザー cim-master05@mirai-const.co.jp のOneDriveクォータ情報を取得できませんでした: User's mysite not found.

Status: 404 (NotFound)
ErrorCode: ResourceNotFound
Date: 2025-04-12T21:54:20

Headers:
Vary                          : Accept-Encoding
Strict-Transport-Security     : max-age=31536000
request-id                    : 7ca84eba-23fd-42eb-a2e7-eca43843469d
client-request-id             : bc3860ad-4ca7-4713-9a22-64ec4fd6ab13
x-ms-ags-diagnostic           : {"ServerInfo":{"DataCenter":"Japan West","Slice":"E","Ring":"3","ScaleUnit":"002","RoleInstance":"OS1PEPF00005643"}}
Date                          : Sat, 12 Apr 2025 21:54:19 GMT


[2025-04-13 06:54:20] [WARNING] ユーザー mk-engagement@miraiconst.onmicrosoft.com のOneDriveクォータ情報を取得できませんでした: User's mysite not found.

Status: 404 (NotFound)
ErrorCode: ResourceNotFound
Date: 2025-04-12T21:54:20

Headers:
Vary                          : Accept-Encoding
Strict-Transport-Security     : max-age=31536000
request-id                    : 04a18bb5-d94e-454b-9d65-702e87f90925
client-request-id             : 98ba391f-6b1a-4904-816c-100fe7861b12
x-ms-ags-diagnostic           : {"ServerInfo":{"DataCenter":"Japan West","Slice":"E","Ring":"3","ScaleUnit":"002","RoleInstance":"OS1PEPF00005643"}}
Date                          : Sat, 12 Apr 2025 21:54:20 GMT


[2025-04-13 06:54:21] [WARNING] ユーザー bid-info10m@mirai-const.co.jp のOneDriveクォータ情報を取得できませんでした: User's mysite not found.

Status: 404 (NotFound)
ErrorCode: ResourceNotFound
Date: 2025-04-12T21:54:21

Headers:
Vary                          : Accept-Encoding
Strict-Transport-Security     : max-age=31536000
request-id                    : 6874c2b2-bc39-43f1-aeb1-6d3ef3aecf5a
client-request-id             : 254d2557-9f56-4f92-90ab-fc43edf6f7d5
x-ms-ags-diagnostic           : {"ServerInfo":{"DataCenter":"Japan West","Slice":"E","Ring":"3","ScaleUnit":"002","RoleInstance":"OS1PEPF00005643"}}
Date                          : Sat, 12 Apr 2025 21:54:20 GMT


[2025-04-13 06:54:21] [WARNING] ユーザー bid-info09m@mirai-const.co.jp のOneDriveクォータ情報を取得できませんでした: User's mysite not found.

Status: 404 (NotFound)
ErrorCode: ResourceNotFound
Date: 2025-04-12T21:54:21

Headers:
Vary                          : Accept-Encoding
Strict-Transport-Security     : max-age=31536000
request-id                    : 6abb586d-bfe2-4f89-bb34-707627d3d457
client-request-id             : c1c6f2bf-f036-4152-9d6f-97febfbbd1ed
x-ms-ags-diagnostic           : {"ServerInfo":{"DataCenter":"Japan West","Slice":"E","Ring":"3","ScaleUnit":"002","RoleInstance":"OS1PEPF00005643"}}
Date                          : Sat, 12 Apr 2025 21:54:21 GMT


[2025-04-13 06:54:24] [WARNING] ユーザー hokuriku-rakuraku@mirai-const.co.jp のOneDriveクォータ情報を取得できませんでした: User's mysite not found.

Status: 404 (NotFound)
ErrorCode: ResourceNotFound
Date: 2025-04-12T21:54:23

Headers:
Vary                          : Accept-Encoding
Strict-Transport-Security     : max-age=31536000
request-id                    : 9584de17-cdde-449a-a21c-73cadbf359b5
client-request-id             : 44a0cf8a-4761-4c02-b837-5d56304d119c
x-ms-ags-diagnostic           : {"ServerInfo":{"DataCenter":"Japan West","Slice":"E","Ring":"3","ScaleUnit":"002","RoleInstance":"OS1PEPF00005643"}}
Date                          : Sat, 12 Apr 2025 21:54:23 GMT


[2025-04-13 06:54:27] [WARNING] ユーザー m-ariake@miraiconst.onmicrosoft.com のOneDriveクォータ情報を取得できませんでした: User's mysite not found.

Status: 404 (NotFound)
ErrorCode: ResourceNotFound
Date: 2025-04-12T21:54:27

Headers:
Vary                          : Accept-Encoding
Strict-Transport-Security     : max-age=31536000
request-id                    : 0d103fdb-eda9-42f9-98f4-a8c6eab9da3b
client-request-id             : 2dfba58a-c7b3-4556-aef7-3d91eef7af9b
x-ms-ags-diagnostic           : {"ServerInfo":{"DataCenter":"Japan West","Slice":"E","Ring":"3","ScaleUnit":"002","RoleInstance":"OS1PEPF00005643"}}
Date                          : Sat, 12 Apr 2025 21:54:27 GMT


[2025-04-13 06:54:29] [WARNING] ユーザー cim-master14@mirai-const.co.jp のOneDriveクォータ情報を取得できませんでした: User's mysite not found.

Status: 404 (NotFound)
ErrorCode: ResourceNotFound
Date: 2025-04-12T21:54:29

Headers:
Vary                          : Accept-Encoding
Strict-Transport-Security     : max-age=31536000
request-id                    : 41edbb82-faf2-4a2e-b9f4-7688167b1926
client-request-id             : b3b1f47d-3964-4679-9833-7c26504538d8
x-ms-ags-diagnostic           : {"ServerInfo":{"DataCenter":"Japan West","Slice":"E","Ring":"3","ScaleUnit":"002","RoleInstance":"OS1PEPF00005643"}}
Date                          : Sat, 12 Apr 2025 21:54:29 GMT


[2025-04-13 06:54:37] [WARNING] ユーザー chubu-rakuraku@mirai-const.co.jp のOneDriveクォータ情報を取得できませんでした: User's mysite not found.

Status: 404 (NotFound)
ErrorCode: ResourceNotFound
Date: 2025-04-12T21:54:37

Headers:
Vary                          : Accept-Encoding
Strict-Transport-Security     : max-age=31536000
request-id                    : 8f200dbd-3d3f-4124-bd08-c32d0b49ca75
client-request-id             : 62e8684c-cf24-42b5-b394-e7c4d5ef3935
x-ms-ags-diagnostic           : {"ServerInfo":{"DataCenter":"Japan West","Slice":"E","Ring":"3","ScaleUnit":"002","RoleInstance":"OS1PEPF0000AE32"}}
Date                          : Sat, 12 Apr 2025 21:54:37 GMT


[2025-04-13 06:54:40] [WARNING] ユーザー i-komada@mirai-const.co.jp のOneDriveクォータ情報を取得できませんでした: User's mysite not found.

Status: 404 (NotFound)
ErrorCode: ResourceNotFound
Date: 2025-04-12T21:54:40

Headers:
Vary                          : Accept-Encoding
Strict-Transport-Security     : max-age=31536000
request-id                    : 6ee80c4b-5e5f-4f5f-8c92-37250ce6ef39
client-request-id             : 2e7ed981-228e-4302-b6f9-5b415dfcf5a9
x-ms-ags-diagnostic           : {"ServerInfo":{"DataCenter":"Japan West","Slice":"E","Ring":"3","ScaleUnit":"002","RoleInstance":"OS1PEPF0000AE32"}}
Date                          : Sat, 12 Apr 2025 21:54:40 GMT


[2025-04-13 06:54:44] [WARNING] ユーザー tsubokawa-y92y2_mlit.go.jp#EXT#@miraiconst.onmicrosoft.com のOneDriveクォータ情報を取得できませんでした: User's mysite not found.

Status: 404 (NotFound)
ErrorCode: ResourceNotFound
Date: 2025-04-12T21:54:44

Headers:
Vary                          : Accept-Encoding
Strict-Transport-Security     : max-age=31536000
request-id                    : 32f41d12-ea6d-410a-8fb3-44630a3712be
client-request-id             : 5e28e597-1615-4326-9a2d-a9909352eeb4
x-ms-ags-diagnostic           : {"ServerInfo":{"DataCenter":"Japan West","Slice":"E","Ring":"3","ScaleUnit":"002","RoleInstance":"OS1PEPF0000AE32"}}
Date                          : Sat, 12 Apr 2025 21:54:43 GMT


[2025-04-13 06:54:45] [WARNING] ユーザー m-ushikubo@mirai-const.co.jp のOneDriveクォータ情報を取得できませんでした: User's mysite not found.

Status: 404 (NotFound)
ErrorCode: ResourceNotFound
Date: 2025-04-12T21:54:45

Headers:
Vary                          : Accept-Encoding
Strict-Transport-Security     : max-age=31536000
request-id                    : 32577379-880d-45f9-92cb-f3bb94afd377
client-request-id             : 4f606726-b129-4131-aa4c-99c27cd8eb4f
x-ms-ags-diagnostic           : {"ServerInfo":{"DataCenter":"Japan West","Slice":"E","Ring":"3","ScaleUnit":"002","RoleInstance":"OS1PEPF0000AE32"}}
Date                          : Sat, 12 Apr 2025 21:54:44 GMT


[2025-04-13 06:54:45] [WARNING] ユーザー kyushu-rakuraku@mirai-const.co.jp のOneDriveクォータ情報を取得できませんでした: User's mysite not found.

Status: 404 (NotFound)
ErrorCode: ResourceNotFound
Date: 2025-04-12T21:54:45

Headers:
Vary                          : Accept-Encoding
Strict-Transport-Security     : max-age=31536000
request-id                    : f275ad70-43de-4a5c-9626-dd266c7522de
client-request-id             : 9b094330-b8cf-41dd-b158-8a5aae7ea855
x-ms-ags-diagnostic           : {"ServerInfo":{"DataCenter":"Japan West","Slice":"E","Ring":"3","ScaleUnit":"002","RoleInstance":"OS1PEPF0000AE32"}}
Date                          : Sat, 12 Apr 2025 21:54:45 GMT


[2025-04-13 06:54:48] [WARNING] ユーザー cim-master01@mirai-const.co.jp のOneDriveクォータ情報を取得できませんでした: User's mysite not found.

Status: 404 (NotFound)
ErrorCode: ResourceNotFound
Date: 2025-04-12T21:54:48

Headers:
Vary                          : Accept-Encoding
Strict-Transport-Security     : max-age=31536000
request-id                    : b9f4015a-8970-4fc7-9e37-f0daa44188b9
client-request-id             : 0a050257-7ff9-4bce-9828-4a3b021b9d77
x-ms-ags-diagnostic           : {"ServerInfo":{"DataCenter":"Japan West","Slice":"E","Ring":"3","ScaleUnit":"002","RoleInstance":"OS1PEPF0000AE32"}}
Date                          : Sat, 12 Apr 2025 21:54:48 GMT


[2025-04-13 06:54:49] [WARNING] ユーザー cim-master@mirai-const.co.jp のOneDriveクォータ情報を取得できませんでした: User's mysite not found.

Status: 404 (NotFound)
ErrorCode: ResourceNotFound
Date: 2025-04-12T21:54:49

Headers:
Vary                          : Accept-Encoding
Strict-Transport-Security     : max-age=31536000
request-id                    : 9763bf54-1b9f-417a-994c-8e6148c56b09
client-request-id             : 5d23b2af-53d7-4437-9dae-acf835588105
x-ms-ags-diagnostic           : {"ServerInfo":{"DataCenter":"Japan West","Slice":"E","Ring":"3","ScaleUnit":"002","RoleInstance":"OS1PEPF0000AE32"}}
Date                          : Sat, 12 Apr 2025 21:54:49 GMT


[2025-04-13 06:54:50] [WARNING] ユーザー cim-master07@mirai-const.co.jp のOneDriveクォータ情報を取得できませんでした: User's mysite not found.

Status: 404 (NotFound)
ErrorCode: ResourceNotFound
Date: 2025-04-12T21:54:50

Headers:
Vary                          : Accept-Encoding
Strict-Transport-Security     : max-age=31536000
request-id                    : 426254f5-85de-4c52-ab55-d3795803184d
client-request-id             : 95907433-576a-4719-bbb3-14299d312b31
x-ms-ags-diagnostic           : {"ServerInfo":{"DataCenter":"Japan West","Slice":"E","Ring":"3","ScaleUnit":"002","RoleInstance":"OS1PEPF0000AE32"}}
Date                          : Sat, 12 Apr 2025 21:54:50 GMT


[2025-04-13 06:54:55] [WARNING] ユーザー tohoku-rakuraku@mirai-const.co.jp のOneDriveクォータ情報を取得できませんでした: User's mysite not found.

Status: 404 (NotFound)
ErrorCode: ResourceNotFound
Date: 2025-04-12T21:54:55

Headers:
Vary                          : Accept-Encoding
Strict-Transport-Security     : max-age=31536000
request-id                    : ddbe2bf0-9294-4295-b300-c9ee2121e78d
client-request-id             : 3a9ad50c-8cab-420e-9e8b-55129dfc35d6
x-ms-ags-diagnostic           : {"ServerInfo":{"DataCenter":"Japan West","Slice":"E","Ring":"3","ScaleUnit":"002","RoleInstance":"OS1PEPF0000AE32"}}
Date                          : Sat, 12 Apr 2025 21:54:54 GMT


[2025-04-13 06:54:56] [WARNING] ユーザー cim-master02@mirai-const.co.jp のOneDriveクォータ情報を取得できませんでした: User's mysite not found.

Status: 404 (NotFound)
ErrorCode: ResourceNotFound
Date: 2025-04-12T21:54:56

Headers:
Vary                          : Accept-Encoding
Strict-Transport-Security     : max-age=31536000
request-id                    : 98eec5b2-88d6-4706-997f-66c98d39685c
client-request-id             : 8c2af88a-42d4-4ad3-afbb-e0f91df104ee
x-ms-ags-diagnostic           : {"ServerInfo":{"DataCenter":"Japan West","Slice":"E","Ring":"3","ScaleUnit":"002","RoleInstance":"OS1PEPF0000AE32"}}
Date                          : Sat, 12 Apr 2025 21:54:55 GMT


[2025-04-13 06:54:56] [WARNING] ユーザー cim-master09@mirai-const.co.jp のOneDriveクォータ情報を取得できませんでした: User's mysite not found.

Status: 404 (NotFound)
ErrorCode: ResourceNotFound
Date: 2025-04-12T21:54:56

Headers:
Vary                          : Accept-Encoding
Strict-Transport-Security     : max-age=31536000
request-id                    : e7c67d24-42a3-42bc-8ecf-ecc4d349c787
client-request-id             : 70bdc90b-12c5-40e2-b0b1-b9739d9a9327
x-ms-ags-diagnostic           : {"ServerInfo":{"DataCenter":"Japan West","Slice":"E","Ring":"3","ScaleUnit":"002","RoleInstance":"OS1PEPF0000AE32"}}
Date                          : Sat, 12 Apr 2025 21:54:55 GMT


[2025-04-13 06:54:57] [WARNING] ユーザー s-yoshie@mirai-const.co.jp のOneDriveクォータ情報を取得できませんでした: Method invocation failed because [System.Object[]] does not contain a method named 'op_Division'.
[2025-04-13 06:55:01] [WARNING] ユーザー ibaraki-rakuraku@mirai-const.co.jp のOneDriveクォータ情報を取得できませんでした: User's mysite not found.

Status: 404 (NotFound)
ErrorCode: ResourceNotFound
Date: 2025-04-12T21:55:01

Headers:
Vary                          : Accept-Encoding
Strict-Transport-Security     : max-age=31536000
request-id                    : 077fbcff-3091-44b7-8a2d-8a67cda06b77
client-request-id             : 3eae67c2-d613-4ae2-b48a-a80dd28b1550
x-ms-ags-diagnostic           : {"ServerInfo":{"DataCenter":"Japan West","Slice":"E","Ring":"3","ScaleUnit":"002","RoleInstance":"OS1PEPF0000AE32"}}
Date                          : Sat, 12 Apr 2025 21:55:00 GMT


[2025-04-13 06:55:02] [WARNING] ユーザー mksystem-alert@miraiconst.onmicrosoft.com のOneDriveクォータ情報を取得できませんでした: User's mysite not found.

Status: 404 (NotFound)
ErrorCode: ResourceNotFound
Date: 2025-04-12T21:55:02

Headers:
Vary                          : Accept-Encoding
Strict-Transport-Security     : max-age=31536000
request-id                    : 89fa9c94-c0bc-47c0-8d5f-da1e0fa6e809
client-request-id             : 683c8c23-e00f-4c77-8df9-8695b1592fc3
x-ms-ags-diagnostic           : {"ServerInfo":{"DataCenter":"Japan West","Slice":"E","Ring":"3","ScaleUnit":"002","RoleInstance":"OS1PEPF0000AE32"}}
Date                          : Sat, 12 Apr 2025 21:55:02 GMT


[2025-04-13 06:55:04] [WARNING] ユーザー honsya2-2@miraiconst.onmicrosoft.com のOneDriveクォータ情報を取得できませんでした: User's mysite not found.

Status: 404 (NotFound)
ErrorCode: ResourceNotFound
Date: 2025-04-12T21:55:04

Headers:
Vary                          : Accept-Encoding
Strict-Transport-Security     : max-age=31536000
request-id                    : 894d735f-9e8c-489e-8c01-f951172f4b1d
client-request-id             : baf72996-c2d3-48e3-82bd-7809ac6819e3
x-ms-ags-diagnostic           : {"ServerInfo":{"DataCenter":"Japan West","Slice":"E","Ring":"3","ScaleUnit":"002","RoleInstance":"OS1PEPF0000AE32"}}
Date                          : Sat, 12 Apr 2025 21:55:03 GMT


[2025-04-13 06:55:07] [WARNING] ユーザー m-maruta@mirai-const.co.jp のOneDriveクォータ情報を取得できませんでした: User's mysite not found.

Status: 404 (NotFound)
ErrorCode: ResourceNotFound
Date: 2025-04-12T21:55:07

Headers:
Vary                          : Accept-Encoding
Strict-Transport-Security     : max-age=31536000
request-id                    : ad378aee-9eb8-4bea-a703-8935a89e437d
client-request-id             : 7a56b805-11fd-41e3-8c90-99e7b52110e2
x-ms-ags-diagnostic           : {"ServerInfo":{"DataCenter":"Japan West","Slice":"E","Ring":"3","ScaleUnit":"002","RoleInstance":"OS1PEPF0000AE32"}}
Date                          : Sat, 12 Apr 2025 21:55:07 GMT


[2025-04-13 06:55:09] [WARNING] ユーザー netis@miraiconst.onmicrosoft.com のOneDriveクォータ情報を取得できませんでした: User's mysite not found.

Status: 404 (NotFound)
ErrorCode: ResourceNotFound
Date: 2025-04-12T21:55:09

Headers:
Vary                          : Accept-Encoding
Strict-Transport-Security     : max-age=31536000
request-id                    : 6c81c5e4-4f21-4729-b5d2-c1b0d4b9cc70
client-request-id             : d6d61b79-a0fb-4627-b0ac-056ab73daf55
x-ms-ags-diagnostic           : {"ServerInfo":{"DataCenter":"Japan West","Slice":"E","Ring":"3","ScaleUnit":"002","RoleInstance":"OS1PEPF0000AE32"}}
Date                          : Sat, 12 Apr 2025 21:55:09 GMT


[2025-04-13 06:55:11] [WARNING] ユーザー sh-ishihara-old@miraiconst.onmicrosoft.com のOneDriveクォータ情報を取得できませんでした: User's mysite not found.

Status: 404 (NotFound)
ErrorCode: ResourceNotFound
Date: 2025-04-12T21:55:11

Headers:
Vary                          : Accept-Encoding
Strict-Transport-Security     : max-age=31536000
request-id                    : e34002fd-3627-4e2d-a873-386ef3010c9a
client-request-id             : fb7b0c2a-0463-4a15-b87e-44aedab03139
x-ms-ags-diagnostic           : {"ServerInfo":{"DataCenter":"Japan West","Slice":"E","Ring":"3","ScaleUnit":"002","RoleInstance":"OS1PEPF0000AE32"}}
Date                          : Sat, 12 Apr 2025 21:55:11 GMT


[2025-04-13 06:55:13] [WARNING] ユーザー y-ueno@mirai-const.co.jp のOneDriveクォータ情報を取得できませんでした: User's mysite not found.

Status: 404 (NotFound)
ErrorCode: ResourceNotFound
Date: 2025-04-12T21:55:13

Headers:
Vary                          : Accept-Encoding
Strict-Transport-Security     : max-age=31536000
request-id                    : aa0f62d2-a534-4ce5-bcbe-b1ce1f7bf24a
client-request-id             : d8930d9a-8f6c-44e8-b37c-0eef44ccb090
x-ms-ags-diagnostic           : {"ServerInfo":{"DataCenter":"Japan West","Slice":"E","Ring":"3","ScaleUnit":"002","RoleInstance":"OS1PEPF0000AE32"}}
Date                          : Sat, 12 Apr 2025 21:55:13 GMT


[2025-04-13 06:55:15] [WARNING] ユーザー osaka-rakuraku@mirai-const.co.jp のOneDriveクォータ情報を取得できませんでした: User's mysite not found.

Status: 404 (NotFound)
ErrorCode: ResourceNotFound
Date: 2025-04-12T21:55:15

Headers:
Vary                          : Accept-Encoding
Strict-Transport-Security     : max-age=31536000
request-id                    : 5e483678-a542-4e34-855e-ae38b72f4468
client-request-id             : 6841678c-d540-446a-afb7-64b934e0d869
x-ms-ags-diagnostic           : {"ServerInfo":{"DataCenter":"Japan West","Slice":"E","Ring":"3","ScaleUnit":"002","RoleInstance":"OS1PEPF0000AE32"}}
Date                          : Sat, 12 Apr 2025 21:55:14 GMT


[2025-04-13 06:55:16] [WARNING] ユーザー apple-id@miraiconst.onmicrosoft.com のOneDriveクォータ情報を取得できませんでした: User's mysite not found.

Status: 404 (NotFound)
ErrorCode: ResourceNotFound
Date: 2025-04-12T21:55:15

Headers:
Vary                          : Accept-Encoding
Strict-Transport-Security     : max-age=31536000
request-id                    : ebd90f48-493e-4a65-9f1d-face74e1020c
client-request-id             : 8ff87b21-e900-405f-99c0-27448e1232a2
x-ms-ags-diagnostic           : {"ServerInfo":{"DataCenter":"Japan West","Slice":"E","Ring":"3","ScaleUnit":"002","RoleInstance":"OS1PEPF0000AE32"}}
Date                          : Sat, 12 Apr 2025 21:55:15 GMT


[2025-04-13 06:55:17] [WARNING] ユーザー okinawa@miraiconst.onmicrosoft.com のOneDriveクォータ情報を取得できませんでした: User's mysite not found.

Status: 404 (NotFound)
ErrorCode: ResourceNotFound
Date: 2025-04-12T21:55:16

Headers:
Vary                          : Accept-Encoding
Strict-Transport-Security     : max-age=31536000
request-id                    : 664b3e55-bf93-4b5b-872a-18d1d8906224
client-request-id             : d6a20212-6bce-40dc-ab88-ca7572893174
x-ms-ags-diagnostic           : {"ServerInfo":{"DataCenter":"Japan West","Slice":"E","Ring":"3","ScaleUnit":"002","RoleInstance":"OS1PEPF0000AE32"}}
Date                          : Sat, 12 Apr 2025 21:55:16 GMT


[2025-04-13 06:55:25] [WARNING] ユーザー ki-fujita_mitsuifudosan.co.jp#EXT#@miraiconst.onmicrosoft.com のOneDriveクォータ情報を取得できませんでした: User's mysite not found.

Status: 404 (NotFound)
ErrorCode: ResourceNotFound
Date: 2025-04-12T21:55:25

Headers:
Vary                          : Accept-Encoding
Strict-Transport-Security     : max-age=31536000
request-id                    : bfb0d15f-ea9f-4ddc-b2c7-6cd954252e39
client-request-id             : bafa3d1c-903a-4b66-9fb0-84e917c387c1
x-ms-ags-diagnostic           : {"ServerInfo":{"DataCenter":"Japan West","Slice":"E","Ring":"3","ScaleUnit":"002","RoleInstance":"OS1PEPF0000AE32"}}
Date                          : Sat, 12 Apr 2025 21:55:24 GMT


[2025-04-13 06:55:26] [WARNING] ユーザー shikoku-rakuraku@mirai-const.co.jp のOneDriveクォータ情報を取得できませんでした: User's mysite not found.

Status: 404 (NotFound)
ErrorCode: ResourceNotFound
Date: 2025-04-12T21:55:26

Headers:
Vary                          : Accept-Encoding
Strict-Transport-Security     : max-age=31536000
request-id                    : 695d5c7b-f426-4357-97be-7fda770ab4c6
client-request-id             : 26383195-f22a-4e22-9a78-ce10ddefdba4
x-ms-ags-diagnostic           : {"ServerInfo":{"DataCenter":"Japan West","Slice":"E","Ring":"3","ScaleUnit":"002","RoleInstance":"OS1PEPF0000AE32"}}
Date                          : Sat, 12 Apr 2025 21:55:26 GMT


[2025-04-13 06:55:27] [WARNING] ユーザー kanri-tokyo@mirai-const.co.jp のOneDriveクォータ情報を取得できませんでした: User's mysite not found.

Status: 404 (NotFound)
ErrorCode: ResourceNotFound
Date: 2025-04-12T21:55:27

Headers:
Vary                          : Accept-Encoding
Strict-Transport-Security     : max-age=31536000
request-id                    : 7f834dfd-3cee-4382-b222-f5e1ce226d78
client-request-id             : 36be7ee2-2cb5-4006-9984-28243877ce33
x-ms-ags-diagnostic           : {"ServerInfo":{"DataCenter":"Japan West","Slice":"E","Ring":"3","ScaleUnit":"002","RoleInstance":"OS1PEPF0000AE32"}}
Date                          : Sat, 12 Apr 2025 21:55:26 GMT


[2025-04-13 06:55:30] [WARNING] ユーザー bid-info05m@mirai-const.co.jp のOneDriveクォータ情報を取得できませんでした: User's mysite not found.

Status: 404 (NotFound)
ErrorCode: ResourceNotFound
Date: 2025-04-12T21:55:30

Headers:
Vary                          : Accept-Encoding
Strict-Transport-Security     : max-age=31536000
request-id                    : 5ca28f1f-2029-4749-90db-620af6d2e755
client-request-id             : dfa3b734-b1ae-411e-87f9-05b97faa7c5a
x-ms-ags-diagnostic           : {"ServerInfo":{"DataCenter":"Japan West","Slice":"E","Ring":"3","ScaleUnit":"002","RoleInstance":"OS1PEPF0000AE32"}}
Date                          : Sat, 12 Apr 2025 21:55:30 GMT


[2025-04-13 06:55:31] [WARNING] ユーザー cim-master12@mirai-const.co.jp のOneDriveクォータ情報を取得できませんでした: User's mysite not found.

Status: 404 (NotFound)
ErrorCode: ResourceNotFound
Date: 2025-04-12T21:55:31

Headers:
Vary                          : Accept-Encoding
Strict-Transport-Security     : max-age=31536000
request-id                    : 48a37a4f-0a4b-4db5-8c08-07381f5fa9b2
client-request-id             : 8e75978a-6b67-4760-b6a6-c041f85c0b1f
x-ms-ags-diagnostic           : {"ServerInfo":{"DataCenter":"Japan West","Slice":"E","Ring":"3","ScaleUnit":"002","RoleInstance":"OS1PEPF0000AE32"}}
Date                          : Sat, 12 Apr 2025 21:55:31 GMT


[2025-04-13 06:55:32] [WARNING] ユーザー m-chugoku@miraiconst.onmicrosoft.com のOneDriveクォータ情報を取得できませんでした: User's mysite not found.

Status: 404 (NotFound)
ErrorCode: ResourceNotFound
Date: 2025-04-12T21:55:32

Headers:
Vary                          : Accept-Encoding
Strict-Transport-Security     : max-age=31536000
request-id                    : 6876d9f9-3e0e-4ef2-955a-ef45507e2aaa
client-request-id             : 47726d82-8692-47bb-9306-257b8826c83f
x-ms-ags-diagnostic           : {"ServerInfo":{"DataCenter":"Japan West","Slice":"E","Ring":"3","ScaleUnit":"002","RoleInstance":"OS1PEPF0000AE32"}}
Date                          : Sat, 12 Apr 2025 21:55:31 GMT


[2025-04-13 06:55:32] [WARNING] ユーザー mirai-zoom@miraiconst.onmicrosoft.com のOneDriveクォータ情報を取得できませんでした: User's mysite not found.

Status: 404 (NotFound)
ErrorCode: ResourceNotFound
Date: 2025-04-12T21:55:32

Headers:
Vary                          : Accept-Encoding
Strict-Transport-Security     : max-age=31536000
request-id                    : 64e18d56-8625-4c8e-bca0-68c433adc42e
client-request-id             : ba17e328-f390-40c0-8e1f-8ba71377547d
x-ms-ags-diagnostic           : {"ServerInfo":{"DataCenter":"Japan West","Slice":"E","Ring":"3","ScaleUnit":"002","RoleInstance":"OS1PEPF0000AE32"}}
Date                          : Sat, 12 Apr 2025 21:55:31 GMT


[2025-04-13 06:55:33] [WARNING] ユーザー cim-master11@mirai-const.co.jp のOneDriveクォータ情報を取得できませんでした: User's mysite not found.

Status: 404 (NotFound)
ErrorCode: ResourceNotFound
Date: 2025-04-12T21:55:33

Headers:
Vary                          : Accept-Encoding
Strict-Transport-Security     : max-age=31536000
request-id                    : 78bae8e0-b7d2-404a-9dda-bd13c3680546
client-request-id             : f1777ac3-16f3-49cb-b4bc-f734d89f33af
x-ms-ags-diagnostic           : {"ServerInfo":{"DataCenter":"Japan West","Slice":"E","Ring":"3","ScaleUnit":"002","RoleInstance":"OS1PEPF0000AE32"}}
Date                          : Sat, 12 Apr 2025 21:55:32 GMT


[2025-04-13 06:55:36] [WARNING] ユーザー compliance-hotline@miraiconst.onmicrosoft.com のOneDriveクォータ情報を取得できませんでした: User's mysite not found.

Status: 404 (NotFound)
ErrorCode: ResourceNotFound
Date: 2025-04-12T21:55:36

Headers:
Vary                          : Accept-Encoding
Strict-Transport-Security     : max-age=31536000
request-id                    : a72b094a-89df-4679-adc3-6ae76ffad66e
client-request-id             : ecdb1b7e-cc2c-4dee-a032-def2df113570
x-ms-ags-diagnostic           : {"ServerInfo":{"DataCenter":"Japan West","Slice":"E","Ring":"3","ScaleUnit":"002","RoleInstance":"OS1PEPF0000AE32"}}
Date                          : Sat, 12 Apr 2025 21:55:35 GMT


[2025-04-13 06:55:36] [WARNING] ユーザー takuro.kumada_aaconst.co.jp#EXT#@miraiconst.onmicrosoft.com のOneDriveクォータ情報を取得できませんでした: User's mysite not found.

Status: 404 (NotFound)
ErrorCode: ResourceNotFound
Date: 2025-04-12T21:55:36

Headers:
Vary                          : Accept-Encoding
Strict-Transport-Security     : max-age=31536000
request-id                    : 52e16703-5017-4061-808b-3124dda88e88
client-request-id             : ce277283-cbf2-4a81-a46b-8079741b21af
x-ms-ags-diagnostic           : {"ServerInfo":{"DataCenter":"Japan West","Slice":"E","Ring":"3","ScaleUnit":"002","RoleInstance":"OS1PEPF0000AE32"}}
Date                          : Sat, 12 Apr 2025 21:55:36 GMT


[2025-04-13 06:55:37] [WARNING] ユーザー chiba-rakuraku@mirai-const.co.jp のOneDriveクォータ情報を取得できませんでした: User's mysite not found.

Status: 404 (NotFound)
ErrorCode: ResourceNotFound
Date: 2025-04-12T21:55:37

Headers:
Vary                          : Accept-Encoding
Strict-Transport-Security     : max-age=31536000
request-id                    : cdcda5fa-707e-4c74-87f3-0e9671d9136c
client-request-id             : 2e84bde3-9667-4dd1-af2b-9775b177e827
x-ms-ags-diagnostic           : {"ServerInfo":{"DataCenter":"Japan West","Slice":"E","Ring":"3","ScaleUnit":"002","RoleInstance":"OS1PEPF0000470A"}}
Date                          : Sat, 12 Apr 2025 21:55:37 GMT


[2025-04-13 06:55:38] [WARNING] ユーザー h_kawamura_cdit.or.jp#EXT#@miraiconst.onmicrosoft.com のOneDriveクォータ情報を取得できませんでした: User's mysite not found.

Status: 404 (NotFound)
ErrorCode: ResourceNotFound
Date: 2025-04-12T21:55:38

Headers:
Vary                          : Accept-Encoding
Strict-Transport-Security     : max-age=31536000
request-id                    : be5bf57e-76e6-4113-b29e-e5672a8c8096
client-request-id             : 0e13297d-292e-47a4-bec1-2163ca8e0ee5
x-ms-ags-diagnostic           : {"ServerInfo":{"DataCenter":"Japan West","Slice":"E","Ring":"3","ScaleUnit":"002","RoleInstance":"OS1PEPF0000470A"}}
Date                          : Sat, 12 Apr 2025 21:55:38 GMT


[2025-04-13 06:55:38] [WARNING] ユーザー y-kamei@mirai-const.co.jp のOneDriveクォータ情報を取得できませんでした: Method invocation failed because [System.Object[]] does not contain a method named 'op_Division'.
[2025-04-13 06:55:38] [WARNING] ユーザー bid-info03m@mirai-const.co.jp のOneDriveクォータ情報を取得できませんでした: User's mysite not found.

Status: 404 (NotFound)
ErrorCode: ResourceNotFound
Date: 2025-04-12T21:55:38

Headers:
Vary                          : Accept-Encoding
Strict-Transport-Security     : max-age=31536000
request-id                    : 3117ad43-d6dc-484d-9058-e325d4368581
client-request-id             : 33aa52dd-1aac-4e04-8379-b0fe9fc60cb9
x-ms-ags-diagnostic           : {"ServerInfo":{"DataCenter":"Japan West","Slice":"E","Ring":"3","ScaleUnit":"002","RoleInstance":"OS1PEPF0000470A"}}
Date                          : Sat, 12 Apr 2025 21:55:38 GMT


[2025-04-13 06:55:39] [WARNING] ユーザー hokkaido-rakuraku@mirai-const.co.jp のOneDriveクォータ情報を取得できませんでした: User's mysite not found.

Status: 404 (NotFound)
ErrorCode: ResourceNotFound
Date: 2025-04-12T21:55:39

Headers:
Vary                          : Accept-Encoding
Strict-Transport-Security     : max-age=31536000
request-id                    : dd655532-0144-42d4-8e34-bb0084f2bb8e
client-request-id             : 7a1351ea-e5fa-4fe6-bbd2-6758d61b4cd9
x-ms-ags-diagnostic           : {"ServerInfo":{"DataCenter":"Japan West","Slice":"E","Ring":"3","ScaleUnit":"002","RoleInstance":"OS1PEPF0000470A"}}
Date                          : Sat, 12 Apr 2025 21:55:39 GMT


[2025-04-13 06:55:39] [WARNING] ユーザー hp-kanri@miraiconst.onmicrosoft.com のOneDriveクォータ情報を取得できませんでした: User's mysite not found.

Status: 404 (NotFound)
ErrorCode: ResourceNotFound
Date: 2025-04-12T21:55:39

Headers:
Vary                          : Accept-Encoding
Strict-Transport-Security     : max-age=31536000
request-id                    : f38551c5-3686-48d2-b0d2-e5ae08442811
client-request-id             : ecbd7092-117f-4edf-8bf8-7c34e66a7bdb
x-ms-ags-diagnostic           : {"ServerInfo":{"DataCenter":"Japan West","Slice":"E","Ring":"3","ScaleUnit":"002","RoleInstance":"OS1PEPF0000470A"}}
Date                          : Sat, 12 Apr 2025 21:55:39 GMT


[2025-04-13 06:56:13] [WARNING] ユーザー e-watanabe@miraiconst.onmicrosoft.com のOneDriveクォータ情報を取得できませんでした: User's mysite not found.

Status: 404 (NotFound)
ErrorCode: ResourceNotFound
Date: 2025-04-12T21:56:13

Headers:
Vary                          : Accept-Encoding
Strict-Transport-Security     : max-age=31536000
request-id                    : 04aad27c-24af-4928-94fb-cca95c84da18
client-request-id             : e058dd3e-186a-4ece-ab90-e8fa020b4cdc
x-ms-ags-diagnostic           : {"ServerInfo":{"DataCenter":"Japan West","Slice":"E","Ring":"3","ScaleUnit":"002","RoleInstance":"OS1PEPF0000470A"}}
Date                          : Sat, 12 Apr 2025 21:56:12 GMT


[2025-04-13 06:56:15] [WARNING] ユーザー n-sunako@mirai-const.co.jp のOneDriveクォータ情報を取得できませんでした: Method invocation failed because [System.Object[]] does not contain a method named 'op_Division'.
[2025-04-13 06:56:15] [INFO] ユーザー n-sunako@mirai-const.co.jp のroleTemplateId: 69091246-20e8-4a56-aa4d-066075b2a7a8
[2025-04-13 06:56:15] [INFO] ユーザー n-sunako@mirai-const.co.jp は管理者ロール: 69091246-20e8-4a56-aa4d-066075b2a7a8
[2025-04-13 06:56:16] [WARNING] ユーザー yamasaki-s89fa_mlit.go.jp#EXT#@miraiconst.onmicrosoft.com のOneDriveクォータ情報を取得できませんでした: User's mysite not found.

Status: 404 (NotFound)
ErrorCode: ResourceNotFound
Date: 2025-04-12T21:56:16

Headers:
Vary                          : Accept-Encoding
Strict-Transport-Security     : max-age=31536000
request-id                    : ec6c2955-3461-4498-a4bb-2101c5d86165
client-request-id             : 969f64da-42d0-47b0-86c5-a82a824bd46a
x-ms-ags-diagnostic           : {"ServerInfo":{"DataCenter":"Japan West","Slice":"E","Ring":"3","ScaleUnit":"002","RoleInstance":"OS1PEPF0000470A"}}
Date                          : Sat, 12 Apr 2025 21:56:15 GMT


[2025-04-13 06:56:18] [WARNING] ユーザー mail-info@miraiconst.onmicrosoft.com のOneDriveクォータ情報を取得できませんでした: User's mysite not found.

Status: 404 (NotFound)
ErrorCode: ResourceNotFound
Date: 2025-04-12T21:56:18

Headers:
Vary                          : Accept-Encoding
Strict-Transport-Security     : max-age=31536000
request-id                    : 86df4554-6b59-4c0c-9673-1addf636eabe
client-request-id             : c59cf57f-b29e-47fa-ad0d-f3d3dd71651e
x-ms-ags-diagnostic           : {"ServerInfo":{"DataCenter":"Japan West","Slice":"E","Ring":"3","ScaleUnit":"002","RoleInstance":"OS1PEPF0000470A"}}
Date                          : Sat, 12 Apr 2025 21:56:17 GMT


[2025-04-13 06:56:19] [WARNING] ユーザー k-tomioka@mirai-const.co.jp のOneDriveクォータ情報を取得できませんでした: Method invocation failed because [System.Object[]] does not contain a method named 'op_Division'.
[2025-04-13 06:56:21] [WARNING] ユーザー bid-info07m@mirai-const.co.jp のOneDriveクォータ情報を取得できませんでした: User's mysite not found.

Status: 404 (NotFound)
ErrorCode: ResourceNotFound
Date: 2025-04-12T21:56:21

Headers:
Vary                          : Accept-Encoding
Strict-Transport-Security     : max-age=31536000
request-id                    : 599a2492-9814-4fea-8c28-d7d74af32f1b
client-request-id             : f8c73ec4-9bd7-4ace-b649-58ed1e83dbc5
x-ms-ags-diagnostic           : {"ServerInfo":{"DataCenter":"Japan West","Slice":"E","Ring":"3","ScaleUnit":"002","RoleInstance":"OS1PEPF0000470A"}}
Date                          : Sat, 12 Apr 2025 21:56:20 GMT


[2025-04-13 06:56:24] [WARNING] ユーザー cim-master08@mirai-const.co.jp のOneDriveクォータ情報を取得できませんでした: User's mysite not found.

Status: 404 (NotFound)
ErrorCode: ResourceNotFound
Date: 2025-04-12T21:56:24

Headers:
Vary                          : Accept-Encoding
Strict-Transport-Security     : max-age=31536000
request-id                    : f0d2795b-c4d2-424e-976e-bd1dbb2da2b4
client-request-id             : 9c851037-1174-4f0d-afd1-0afc35ab9119
x-ms-ags-diagnostic           : {"ServerInfo":{"DataCenter":"Japan West","Slice":"E","Ring":"3","ScaleUnit":"002","RoleInstance":"OS1PEPF0000470A"}}
Date                          : Sat, 12 Apr 2025 21:56:23 GMT


[2025-04-13 06:56:25] [WARNING] ユーザー y-tsuzuki@mirai-const.co.jp のOneDriveクォータ情報を取得できませんでした: User's mysite not found.

Status: 404 (NotFound)
ErrorCode: ResourceNotFound
Date: 2025-04-12T21:56:25

Headers:
Vary                          : Accept-Encoding
Strict-Transport-Security     : max-age=31536000
request-id                    : d7d1eb2f-2145-4005-93ec-88e14737c02b
client-request-id             : adb3964f-432c-4982-bf3c-240a011a5b2f
x-ms-ags-diagnostic           : {"ServerInfo":{"DataCenter":"Japan West","Slice":"E","Ring":"3","ScaleUnit":"002","RoleInstance":"OS1PEPF0000470A"}}
Date                          : Sat, 12 Apr 2025 21:56:24 GMT


[2025-04-13 06:56:25] [WARNING] ユーザー m-info@miraiconst.onmicrosoft.com のOneDriveクォータ情報を取得できませんでした: User's mysite not found.

Status: 404 (NotFound)
ErrorCode: ResourceNotFound
Date: 2025-04-12T21:56:25

Headers:
Vary                          : Accept-Encoding
Strict-Transport-Security     : max-age=31536000
request-id                    : f631ede5-8f1d-4764-b552-9ff03521c8dd
client-request-id             : 03260b50-91a8-44ab-98ae-80f25c25ab20
x-ms-ags-diagnostic           : {"ServerInfo":{"DataCenter":"Japan West","Slice":"E","Ring":"3","ScaleUnit":"002","RoleInstance":"OS1PEPF0000470A"}}
Date                          : Sat, 12 Apr 2025 21:56:25 GMT


[2025-04-13 06:56:28] [WARNING] ユーザー hokkaido@miraiconst.onmicrosoft.com のOneDriveクォータ情報を取得できませんでした: User's mysite not found.

Status: 404 (NotFound)
ErrorCode: ResourceNotFound
Date: 2025-04-12T21:56:28

Headers:
Vary                          : Accept-Encoding
Strict-Transport-Security     : max-age=31536000
request-id                    : 96d35d2e-eb2c-463b-af6a-6efa3e3e2dd1
client-request-id             : 6786f32c-421e-46f8-9510-e90e290e5d5a
x-ms-ags-diagnostic           : {"ServerInfo":{"DataCenter":"Japan West","Slice":"E","Ring":"3","ScaleUnit":"002","RoleInstance":"OS1PEPF0000470A"}}
Date                          : Sat, 12 Apr 2025 21:56:27 GMT


[2025-04-13 06:56:29] [WARNING] ユーザー yokohama-rakuraku@mirai-const.co.jp のOneDriveクォータ情報を取得できませんでした: User's mysite not found.

Status: 404 (NotFound)
ErrorCode: ResourceNotFound
Date: 2025-04-12T21:56:29

Headers:
Vary                          : Accept-Encoding
Strict-Transport-Security     : max-age=31536000
request-id                    : 0748326f-66f8-4ff8-8487-06885cb625c7
client-request-id             : 15ceac78-2081-46b4-b2c6-cc8e3c930b37
x-ms-ags-diagnostic           : {"ServerInfo":{"DataCenter":"Japan West","Slice":"E","Ring":"3","ScaleUnit":"002","RoleInstance":"OS1PEPF0000470A"}}
Date                          : Sat, 12 Apr 2025 21:56:28 GMT


[2025-04-13 06:56:31] [WARNING] ユーザー keieikikaku@miraiconst.onmicrosoft.com のOneDriveクォータ情報を取得できませんでした: User's mysite not found.

Status: 404 (NotFound)
ErrorCode: ResourceNotFound
Date: 2025-04-12T21:56:30

Headers:
Vary                          : Accept-Encoding
Strict-Transport-Security     : max-age=31536000
request-id                    : 792dcdb1-5f07-4d9e-a3d5-add2b4d4cd27
client-request-id             : 8713a641-8456-4a55-bea2-9b6fc4991fd4
x-ms-ags-diagnostic           : {"ServerInfo":{"DataCenter":"Japan West","Slice":"E","Ring":"3","ScaleUnit":"002","RoleInstance":"OS1PEPF0000470A"}}
Date                          : Sat, 12 Apr 2025 21:56:29 GMT


[2025-04-13 06:56:33] [WARNING] ユーザー bid-info11m@mirai-const.co.jp のOneDriveクォータ情報を取得できませんでした: User's mysite not found.

Status: 404 (NotFound)
ErrorCode: ResourceNotFound
Date: 2025-04-12T21:56:33

Headers:
Vary                          : Accept-Encoding
Strict-Transport-Security     : max-age=31536000
request-id                    : 88fca3b0-293b-4728-9bfa-c11d15820239
client-request-id             : f265fe57-aff2-484f-bd69-eca21a00ac7f
x-ms-ags-diagnostic           : {"ServerInfo":{"DataCenter":"Japan West","Slice":"E","Ring":"3","ScaleUnit":"002","RoleInstance":"OS1PEPF0000470A"}}
Date                          : Sat, 12 Apr 2025 21:56:32 GMT


[2025-04-13 06:56:34] [WARNING] ユーザー bid-info08m@mirai-const.co.jp のOneDriveクォータ情報を取得できませんでした: User's mysite not found.

Status: 404 (NotFound)
ErrorCode: ResourceNotFound
Date: 2025-04-12T21:56:34

Headers:
Vary                          : Accept-Encoding
Strict-Transport-Security     : max-age=31536000
request-id                    : e55f84ad-da54-4104-899f-b8317d066715
client-request-id             : 43f491bb-8e0a-4945-bb3e-3b4f25596e7f
x-ms-ags-diagnostic           : {"ServerInfo":{"DataCenter":"Japan West","Slice":"E","Ring":"3","ScaleUnit":"002","RoleInstance":"OS1PEPF0000470A"}}
Date                          : Sat, 12 Apr 2025 21:56:34 GMT


[2025-04-13 06:56:36] [WARNING] ユーザー cim-master16@mirai-const.co.jp のOneDriveクォータ情報を取得できませんでした: User's mysite not found.

Status: 404 (NotFound)
ErrorCode: ResourceNotFound
Date: 2025-04-12T21:56:36

Headers:
Vary                          : Accept-Encoding
Strict-Transport-Security     : max-age=31536000
request-id                    : 08d0666d-4de0-461e-ae36-4bacca2a185f
client-request-id             : 686d7860-8b11-40ca-acf3-324ed6baf0f4
x-ms-ags-diagnostic           : {"ServerInfo":{"DataCenter":"Japan West","Slice":"E","Ring":"3","ScaleUnit":"002","RoleInstance":"OS1PEPF0000470A"}}
Date                          : Sat, 12 Apr 2025 21:56:35 GMT


[2025-04-13 06:56:37] [WARNING] ユーザー cim-master06@mirai-const.co.jp のOneDriveクォータ情報を取得できませんでした: User's mysite not found.

Status: 404 (NotFound)
ErrorCode: ResourceNotFound
Date: 2025-04-12T21:56:37

Headers:
Vary                          : Accept-Encoding
Strict-Transport-Security     : max-age=31536000
request-id                    : e888540c-8cd6-4c71-89fe-9fe7130aa14d
client-request-id             : 74764ef4-7f0d-4ac6-935f-7a7b0c521f5e
x-ms-ags-diagnostic           : {"ServerInfo":{"DataCenter":"Japan West","Slice":"E","Ring":"3","ScaleUnit":"002","RoleInstance":"OS1PEPF0000470A"}}
Date                          : Sat, 12 Apr 2025 21:56:36 GMT


[2025-04-13 06:56:39] [WARNING] ユーザー S.Nagano_otsuka-shokai.co.jp#EXT#@miraiconst.onmicrosoft.com のOneDriveクォータ情報を取得できませんでした: User's mysite not found.

Status: 404 (NotFound)
ErrorCode: ResourceNotFound
Date: 2025-04-12T21:56:39

Headers:
Vary                          : Accept-Encoding
Strict-Transport-Security     : max-age=31536000
request-id                    : 1acd4e10-8292-4e19-99b7-a79f9e56f8c0
client-request-id             : 85a732ee-6fcc-45fe-aaa1-2c5a923a9322
x-ms-ags-diagnostic           : {"ServerInfo":{"DataCenter":"Japan West","Slice":"E","Ring":"3","ScaleUnit":"000","RoleInstance":"OS1PEPF0000400F"}}
Date                          : Sat, 12 Apr 2025 21:56:39 GMT


[2025-04-13 06:56:39] [WARNING] ユーザー k-sugimoto@miraiconst.onmicrosoft.com のOneDriveクォータ情報を取得できませんでした: User's mysite not found.

Status: 404 (NotFound)
ErrorCode: ResourceNotFound
Date: 2025-04-12T21:56:39

Headers:
Vary                          : Accept-Encoding
Strict-Transport-Security     : max-age=31536000
request-id                    : 14b65c99-a3f8-4837-8fd2-1e3a68f223c8
client-request-id             : f989b18a-cb9c-4b50-89c7-5fdb057df2fa
x-ms-ags-diagnostic           : {"ServerInfo":{"DataCenter":"Japan West","Slice":"E","Ring":"3","ScaleUnit":"000","RoleInstance":"OS1PEPF0000400F"}}
Date                          : Sat, 12 Apr 2025 21:56:39 GMT


[2025-04-13 06:56:40] [WARNING] ユーザー kita-kyushu@miraiconst.onmicrosoft.com のOneDriveクォータ情報を取得できませんでした: User's mysite not found.

Status: 404 (NotFound)
ErrorCode: ResourceNotFound
Date: 2025-04-12T21:56:40

Headers:
Vary                          : Accept-Encoding
Strict-Transport-Security     : max-age=31536000
request-id                    : ff64c362-afb1-4eff-8d30-5e7a53d4943e
client-request-id             : dea72841-9c84-4dfe-b44a-8c3b7a361e4d
x-ms-ags-diagnostic           : {"ServerInfo":{"DataCenter":"Japan West","Slice":"E","Ring":"3","ScaleUnit":"000","RoleInstance":"OS1PEPF0000400F"}}
Date                          : Sat, 12 Apr 2025 21:56:40 GMT


[2025-04-13 06:56:41] [WARNING] ユーザー bid-info@mirai-const.co.jp のOneDriveクォータ情報を取得できませんでした: User's mysite not found.

Status: 404 (NotFound)
ErrorCode: ResourceNotFound
Date: 2025-04-12T21:56:41

Headers:
Vary                          : Accept-Encoding
Strict-Transport-Security     : max-age=31536000
request-id                    : a0c45223-6a95-4558-b9f6-1cb74b6ee7ed
client-request-id             : f8b30a80-ac74-4f01-9fe8-4981f2739023
x-ms-ags-diagnostic           : {"ServerInfo":{"DataCenter":"Japan West","Slice":"E","Ring":"3","ScaleUnit":"000","RoleInstance":"OS1PEPF0000400F"}}
Date                          : Sat, 12 Apr 2025 21:56:41 GMT


[2025-04-13 06:56:41] [WARNING] ユーザー bid-info01m@mirai-const.co.jp のOneDriveクォータ情報を取得できませんでした: User's mysite not found.

Status: 404 (NotFound)
ErrorCode: ResourceNotFound
Date: 2025-04-12T21:56:41

Headers:
Vary                          : Accept-Encoding
Strict-Transport-Security     : max-age=31536000
request-id                    : 6a51654b-9402-4c59-96df-609cd6181094
client-request-id             : 5aca64a2-a454-4d02-9319-c79a86236913
x-ms-ags-diagnostic           : {"ServerInfo":{"DataCenter":"Japan West","Slice":"E","Ring":"3","ScaleUnit":"000","RoleInstance":"OS1PEPF0000400F"}}
Date                          : Sat, 12 Apr 2025 21:56:41 GMT


[2025-04-13 06:56:44] [INFO] ユーザー r-niikura@mirai-const.co.jp のroleTemplateId: 62e90394-69f5-4237-9190-012177145e10
[2025-04-13 06:56:44] [INFO] ユーザー r-niikura@mirai-const.co.jp は管理者ロール: 62e90394-69f5-4237-9190-012177145e10
[2025-04-13 06:56:44] [WARNING] ユーザー zaimu@mirai-const.co.jp のOneDriveクォータ情報を取得できませんでした: User's mysite not found.

Status: 404 (NotFound)
ErrorCode: ResourceNotFound
Date: 2025-04-12T21:56:44

Headers:
Vary                          : Accept-Encoding
Strict-Transport-Security     : max-age=31536000
request-id                    : 7abd1f01-90dd-4d70-a6ad-fa896edcbe0b
client-request-id             : e38da43b-b349-4e80-815a-c45349454ada
x-ms-ags-diagnostic           : {"ServerInfo":{"DataCenter":"Japan West","Slice":"E","Ring":"3","ScaleUnit":"000","RoleInstance":"OS1PEPF0000400F"}}
Date                          : Sat, 12 Apr 2025 21:56:44 GMT


[2025-04-13 06:56:45] [INFO] ユーザー k-okada@mirai-const.co.jp のroleTemplateId: 69091246-20e8-4a56-aa4d-066075b2a7a8
[2025-04-13 06:56:45] [INFO] ユーザー k-okada@mirai-const.co.jp は管理者ロール: 69091246-20e8-4a56-aa4d-066075b2a7a8
[2025-04-13 06:56:45] [WARNING] ユーザー cim-master15@mirai-const.co.jp のOneDriveクォータ情報を取得できませんでした: User's mysite not found.

Status: 404 (NotFound)
ErrorCode: ResourceNotFound
Date: 2025-04-12T21:56:45

Headers:
Vary                          : Accept-Encoding
Strict-Transport-Security     : max-age=31536000
request-id                    : 66ef8255-510b-4487-9c2a-f5ef254bcb25
client-request-id             : 1e616332-04bf-4e50-ab63-61fe21a0c3a8
x-ms-ags-diagnostic           : {"ServerInfo":{"DataCenter":"Japan West","Slice":"E","Ring":"3","ScaleUnit":"000","RoleInstance":"OS1PEPF0000400F"}}
Date                          : Sat, 12 Apr 2025 21:56:44 GMT


[2025-04-13 06:56:45] [WARNING] ユーザー ats-watanabe_mitsuifudosan.co.jp#EXT#@miraiconst.onmicrosoft.com のOneDriveクォータ情報を取得できませんでした: User's mysite not found.

Status: 404 (NotFound)
ErrorCode: ResourceNotFound
Date: 2025-04-12T21:56:45

Headers:
Vary                          : Accept-Encoding
Strict-Transport-Security     : max-age=31536000
request-id                    : 2579eb93-a80e-478d-81e7-e5bd6db374d5
client-request-id             : d4f5508f-a852-482e-a6bf-472feacc7f3d
x-ms-ags-diagnostic           : {"ServerInfo":{"DataCenter":"Japan West","Slice":"E","Ring":"3","ScaleUnit":"000","RoleInstance":"OS1PEPF0000400F"}}
Date                          : Sat, 12 Apr 2025 21:56:45 GMT


[2025-04-13 06:56:46] [WARNING] ユーザー t-kumai@miraiconst.onmicrosoft.com のOneDriveクォータ情報を取得できませんでした: User's mysite not found.

Status: 404 (NotFound)
ErrorCode: ResourceNotFound
Date: 2025-04-12T21:56:46

Headers:
Vary                          : Accept-Encoding
Strict-Transport-Security     : max-age=31536000
request-id                    : e0c04592-4bf3-42cf-9f7f-3f741496e195
client-request-id             : b4189380-959f-440d-9371-ad78a236e2ff
x-ms-ags-diagnostic           : {"ServerInfo":{"DataCenter":"Japan West","Slice":"E","Ring":"3","ScaleUnit":"000","RoleInstance":"OS1PEPF0000400F"}}
Date                          : Sat, 12 Apr 2025 21:56:46 GMT


[2025-04-13 06:56:48] [WARNING] ユーザー bid-info12m@mirai-const.co.jp のOneDriveクォータ情報を取得できませんでした: User's mysite not found.

Status: 404 (NotFound)
ErrorCode: ResourceNotFound
Date: 2025-04-12T21:56:48

Headers:
Vary                          : Accept-Encoding
Strict-Transport-Security     : max-age=31536000
request-id                    : b21dadce-36ff-4bd3-9e7e-880475545bd6
client-request-id             : 07c4eb72-6c04-4762-8548-d63f0a74c8ef
x-ms-ags-diagnostic           : {"ServerInfo":{"DataCenter":"Japan West","Slice":"E","Ring":"3","ScaleUnit":"000","RoleInstance":"OS1PEPF0000400F"}}
Date                          : Sat, 12 Apr 2025 21:56:48 GMT


[2025-04-13 06:56:48] [WARNING] ユーザー cim-master03@mirai-const.co.jp のOneDriveクォータ情報を取得できませんでした: User's mysite not found.

Status: 404 (NotFound)
ErrorCode: ResourceNotFound
Date: 2025-04-12T21:56:48

Headers:
Vary                          : Accept-Encoding
Strict-Transport-Security     : max-age=31536000
request-id                    : 2058b3cb-eb33-48ac-9485-6add2a796289
client-request-id             : 6b238978-6987-4e97-ad7e-2d993f827eec
x-ms-ags-diagnostic           : {"ServerInfo":{"DataCenter":"Japan West","Slice":"E","Ring":"3","ScaleUnit":"000","RoleInstance":"OS1PEPF0000400F"}}
Date                          : Sat, 12 Apr 2025 21:56:48 GMT


[2025-04-13 06:56:52] [WARNING] ユーザー tech@miraiconst.onmicrosoft.com のOneDriveクォータ情報を取得できませんでした: User's mysite not found.

Status: 404 (NotFound)
ErrorCode: ResourceNotFound
Date: 2025-04-12T21:56:52

Headers:
Vary                          : Accept-Encoding
Strict-Transport-Security     : max-age=31536000
request-id                    : d9cb4637-7e63-4c72-a8d3-321733c80357
client-request-id             : e3da3691-ceca-4b31-a0c7-bb6bc562fef7
x-ms-ags-diagnostic           : {"ServerInfo":{"DataCenter":"Japan West","Slice":"E","Ring":"3","ScaleUnit":"000","RoleInstance":"OS1PEPF0000400F"}}
Date                          : Sat, 12 Apr 2025 21:56:52 GMT


[2025-04-13 06:56:53] [WARNING] ユーザー sketchup@miraiconst.onmicrosoft.com のOneDriveクォータ情報を取得できませんでした: User's mysite not found.

Status: 404 (NotFound)
ErrorCode: ResourceNotFound
Date: 2025-04-12T21:56:53

Headers:
Vary                          : Accept-Encoding
Strict-Transport-Security     : max-age=31536000
request-id                    : 31673f8e-1f33-43fc-8abb-74f5b2f7ec78
client-request-id             : 5be85068-690e-440e-9139-cb530098b0b4
x-ms-ags-diagnostic           : {"ServerInfo":{"DataCenter":"Japan West","Slice":"E","Ring":"3","ScaleUnit":"000","RoleInstance":"OS1PEPF0000400F"}}
Date                          : Sat, 12 Apr 2025 21:56:53 GMT


[2025-04-13 06:56:55] [WARNING] ユーザー y-tajima@mirai-const.co.jp のOneDriveクォータ情報を取得できませんでした: User's mysite not found.

Status: 404 (NotFound)
ErrorCode: ResourceNotFound
Date: 2025-04-12T21:56:54

Headers:
Vary                          : Accept-Encoding
Strict-Transport-Security     : max-age=31536000
request-id                    : 25a5b53f-261f-48a4-82cc-6b278208d978
client-request-id             : 71b88a99-54d9-4347-afa2-0f9b10ded353
x-ms-ags-diagnostic           : {"ServerInfo":{"DataCenter":"Japan West","Slice":"E","Ring":"3","ScaleUnit":"000","RoleInstance":"OS1PEPF0000400F"}}
Date                          : Sat, 12 Apr 2025 21:56:54 GMT


[2025-04-13 06:56:56] [WARNING] ユーザー kaikei-support@mirai-const.co.jp のOneDriveクォータ情報を取得できませんでした: User's mysite not found.

Status: 404 (NotFound)
ErrorCode: ResourceNotFound
Date: 2025-04-12T21:56:55

Headers:
Vary                          : Accept-Encoding
Strict-Transport-Security     : max-age=31536000
request-id                    : 17d51651-fe37-4be1-87c3-3ffab1d1418e
client-request-id             : 6125168b-0cb0-493b-8914-68c5ec26b840
x-ms-ags-diagnostic           : {"ServerInfo":{"DataCenter":"Japan West","Slice":"E","Ring":"3","ScaleUnit":"000","RoleInstance":"OS1PEPF0000400F"}}
Date                          : Sat, 12 Apr 2025 21:56:55 GMT


[2025-04-13 06:56:58] [WARNING] ユーザー m-suzuki@mirai-const.co.jp のOneDriveクォータ情報を取得できませんでした: User's mysite not found.

Status: 404 (NotFound)
ErrorCode: ResourceNotFound
Date: 2025-04-12T21:56:58

Headers:
Vary                          : Accept-Encoding
Strict-Transport-Security     : max-age=31536000
request-id                    : 72d30306-ee67-48b6-b782-97a03e679514
client-request-id             : 21041cfd-2ce9-4dc1-b166-4ba3c29caf64
x-ms-ags-diagnostic           : {"ServerInfo":{"DataCenter":"Japan West","Slice":"E","Ring":"3","ScaleUnit":"000","RoleInstance":"OS1PEPF0000400F"}}
Date                          : Sat, 12 Apr 2025 21:56:58 GMT


[2025-04-13 06:57:00] [WARNING] ユーザー Sync_AZSV0001_b63ec191406d@miraiconst.onmicrosoft.com のOneDriveクォータ情報を取得できませんでした: User's mysite not found.

Status: 404 (NotFound)
ErrorCode: ResourceNotFound
Date: 2025-04-12T21:57:00

Headers:
Vary                          : Accept-Encoding
Strict-Transport-Security     : max-age=31536000
request-id                    : 73198575-18a2-4f1f-8f99-279ac8663f90
client-request-id             : ee419656-639d-4414-8c30-f7846c0e8375
x-ms-ags-diagnostic           : {"ServerInfo":{"DataCenter":"Japan West","Slice":"E","Ring":"3","ScaleUnit":"000","RoleInstance":"OS1PEPF0000400F"}}
Date                          : Sat, 12 Apr 2025 21:57:00 GMT


[2025-04-13 06:57:00] [INFO] ユーザー Sync_AZSV0001_b63ec191406d@miraiconst.onmicrosoft.com のroleTemplateId: d29b2b05-8046-44ba-8758-1e26182fcf32
[2025-04-13 06:57:01] [WARNING] ユーザー kanri-kyushu@mirai-const.co.jp のOneDriveクォータ情報を取得できませんでした: User's mysite not found.

Status: 404 (NotFound)
ErrorCode: ResourceNotFound
Date: 2025-04-12T21:57:01

Headers:
Vary                          : Accept-Encoding
Strict-Transport-Security     : max-age=31536000
request-id                    : 633a7435-c7e7-44c3-b388-19900185f91a
client-request-id             : cc414e00-b3ee-4096-a188-7f0b0d253c09
x-ms-ags-diagnostic           : {"ServerInfo":{"DataCenter":"Japan West","Slice":"E","Ring":"3","ScaleUnit":"000","RoleInstance":"OS1PEPF0000400F"}}
Date                          : Sat, 12 Apr 2025 21:57:01 GMT


[2025-04-13 06:57:04] [WARNING] ユーザー bid-info04m@mirai-const.co.jp のOneDriveクォータ情報を取得できませんでした: User's mysite not found.

Status: 404 (NotFound)
ErrorCode: ResourceNotFound
Date: 2025-04-12T21:57:04

Headers:
Vary                          : Accept-Encoding
Strict-Transport-Security     : max-age=31536000
request-id                    : 8fd9ff85-d4a3-4065-84ec-b3591e4298df
client-request-id             : 05242d96-007e-417c-8aed-e0ecc81e5a1a
x-ms-ags-diagnostic           : {"ServerInfo":{"DataCenter":"Japan West","Slice":"E","Ring":"3","ScaleUnit":"000","RoleInstance":"OS1PEPF0000400F"}}
Date                          : Sat, 12 Apr 2025 21:57:04 GMT


[2025-04-13 06:57:05] [WARNING] ユーザー cim-master04@mirai-const.co.jp のOneDriveクォータ情報を取得できませんでした: User's mysite not found.

Status: 404 (NotFound)
ErrorCode: ResourceNotFound
Date: 2025-04-12T21:57:05

Headers:
Vary                          : Accept-Encoding
Strict-Transport-Security     : max-age=31536000
request-id                    : e5dcc6a5-f38c-4671-847d-9b0b8392a704
client-request-id             : 50e2f27d-11ea-4fcf-89b3-e2459fd26fa8
x-ms-ags-diagnostic           : {"ServerInfo":{"DataCenter":"Japan West","Slice":"E","Ring":"3","ScaleUnit":"000","RoleInstance":"OS1PEPF0000400F"}}
Date                          : Sat, 12 Apr 2025 21:57:05 GMT


[2025-04-13 06:57:06] [WARNING] ユーザー share@mirai-const.co.jp のOneDriveクォータ情報を取得できませんでした: User's mysite not found.

Status: 404 (NotFound)
ErrorCode: ResourceNotFound
Date: 2025-04-12T21:57:06

Headers:
Vary                          : Accept-Encoding
Strict-Transport-Security     : max-age=31536000
request-id                    : aa6d3744-4c4d-48c2-bb11-fb17cf970cb7
client-request-id             : 6f3297db-d07f-41a6-a636-c42c825a5344
x-ms-ags-diagnostic           : {"ServerInfo":{"DataCenter":"Japan West","Slice":"E","Ring":"3","ScaleUnit":"000","RoleInstance":"OS1PEPF0000400F"}}
Date                          : Sat, 12 Apr 2025 21:57:05 GMT


[2025-04-13 06:57:06] [WARNING] ユーザー kitakyushu-rakuraku@mirai-const.co.jp のOneDriveクォータ情報を取得できませんでした: User's mysite not found.

Status: 404 (NotFound)
ErrorCode: ResourceNotFound
Date: 2025-04-12T21:57:06

Headers:
Vary                          : Accept-Encoding
Strict-Transport-Security     : max-age=31536000
request-id                    : 88cf9a50-03b6-4792-a5fc-233179a74a5f
client-request-id             : e8f24746-c064-4126-9292-ca34c0284095
x-ms-ags-diagnostic           : {"ServerInfo":{"DataCenter":"Japan West","Slice":"E","Ring":"3","ScaleUnit":"000","RoleInstance":"OS1PEPF0000400F"}}
Date                          : Sat, 12 Apr 2025 21:57:06 GMT


[2025-04-13 06:57:07] [WARNING] ユーザー amazon-biz@mirai-const.co.jp のOneDriveクォータ情報を取得できませんでした: User's mysite not found.

Status: 404 (NotFound)
ErrorCode: ResourceNotFound
Date: 2025-04-12T21:57:07

Headers:
Vary                          : Accept-Encoding
Strict-Transport-Security     : max-age=31536000
request-id                    : d75008fa-1ffa-4027-98c5-d9c91a04fa0a
client-request-id             : 5885e07a-b0e2-4897-9a29-324004bfe01d
x-ms-ags-diagnostic           : {"ServerInfo":{"DataCenter":"Japan West","Slice":"E","Ring":"3","ScaleUnit":"000","RoleInstance":"OS1PEPF0000400F"}}
Date                          : Sat, 12 Apr 2025 21:57:07 GMT


[2025-04-13 06:57:11] [WARNING] ユーザー k-hirabayashi@mirai-const.co.jp のOneDriveクォータ情報を取得できませんでした: User's mysite not found.

Status: 404 (NotFound)
ErrorCode: ResourceNotFound
Date: 2025-04-12T21:57:11

Headers:
Vary                          : Accept-Encoding
Strict-Transport-Security     : max-age=31536000
request-id                    : 87204326-5d41-4012-887b-02f0e9f0da00
client-request-id             : 8bc72852-6e9b-44fd-bd90-472ce3408d61
x-ms-ags-diagnostic           : {"ServerInfo":{"DataCenter":"Japan West","Slice":"E","Ring":"3","ScaleUnit":"000","RoleInstance":"OS1PEPF0000400F"}}
Date                          : Sat, 12 Apr 2025 21:57:10 GMT


[2025-04-13 06:57:11] [WARNING] ユーザー shizuoka-rakuraku@mirai-const.co.jp のOneDriveクォータ情報を取得できませんでした: User's mysite not found.

Status: 404 (NotFound)
ErrorCode: ResourceNotFound
Date: 2025-04-12T21:57:11

Headers:
Vary                          : Accept-Encoding
Strict-Transport-Security     : max-age=31536000
request-id                    : ffed1162-13a2-49da-b243-a230f293817a
client-request-id             : f7ab4938-55fd-4697-ba26-2368e65f8d71
x-ms-ags-diagnostic           : {"ServerInfo":{"DataCenter":"Japan West","Slice":"E","Ring":"3","ScaleUnit":"000","RoleInstance":"OS1PEPF0000400F"}}
Date                          : Sat, 12 Apr 2025 21:57:11 GMT


[2025-04-13 06:57:13] [WARNING] ユーザー tokyokouji-rakuraku@mirai-const.co.jp のOneDriveクォータ情報を取得できませんでした: User's mysite not found.

Status: 404 (NotFound)
ErrorCode: ResourceNotFound
Date: 2025-04-12T21:57:12

Headers:
Vary                          : Accept-Encoding
Strict-Transport-Security     : max-age=31536000
request-id                    : b94eaf4e-3ab6-4986-8415-48d79e6f3ccc
client-request-id             : 5f9500c3-bc7c-4b7c-aafd-141e2ced039b
x-ms-ags-diagnostic           : {"ServerInfo":{"DataCenter":"Japan West","Slice":"E","Ring":"3","ScaleUnit":"000","RoleInstance":"OS1PEPF0000400F"}}
Date                          : Sat, 12 Apr 2025 21:57:12 GMT


[2025-04-13 06:57:16] [WARNING] ユーザー honsya2-1@miraiconst.onmicrosoft.com のOneDriveクォータ情報を取得できませんでした: User's mysite not found.

Status: 404 (NotFound)
ErrorCode: ResourceNotFound
Date: 2025-04-12T21:57:16

Headers:
Vary                          : Accept-Encoding
Strict-Transport-Security     : max-age=31536000
request-id                    : 8fe50d33-b8cd-4ff5-95ca-93ea1ffb2cf0
client-request-id             : fb54ad11-2e03-45b7-9934-785e8c2f21ce
x-ms-ags-diagnostic           : {"ServerInfo":{"DataCenter":"Japan West","Slice":"E","Ring":"3","ScaleUnit":"000","RoleInstance":"OS1PEPF0000400F"}}
Date                          : Sat, 12 Apr 2025 21:57:15 GMT


[2025-04-13 06:57:18] [WARNING] ユーザー ito_mainmark.co.jp#EXT#@miraiconst.onmicrosoft.com のOneDriveクォータ情報を取得できませんでした: User's mysite not found.

Status: 404 (NotFound)
ErrorCode: ResourceNotFound
Date: 2025-04-12T21:57:18

Headers:
Vary                          : Accept-Encoding
Strict-Transport-Security     : max-age=31536000
request-id                    : 35fac894-d50a-4bcd-9079-80e54f458f3d
client-request-id             : 0e8df826-8c19-47dc-8301-26465daa00a2
x-ms-ags-diagnostic           : {"ServerInfo":{"DataCenter":"Japan West","Slice":"E","Ring":"3","ScaleUnit":"000","RoleInstance":"OS1PEPF0000400F"}}
Date                          : Sat, 12 Apr 2025 21:57:18 GMT


[2025-04-13 06:57:20] [WARNING] ユーザー yk-takahashi_mitsuifudosan.co.jp#EXT#@miraiconst.onmicrosoft.com のOneDriveクォータ情報を取得できませんでした: User's mysite not found.

Status: 404 (NotFound)
ErrorCode: ResourceNotFound
Date: 2025-04-12T21:57:20

Headers:
Vary                          : Accept-Encoding
Strict-Transport-Security     : max-age=31536000
request-id                    : 75832428-e94e-4181-8c99-9c483d559c1b
client-request-id             : 30b5c863-fa6f-46cc-b84f-3e0da8d30650
x-ms-ags-diagnostic           : {"ServerInfo":{"DataCenter":"Japan West","Slice":"E","Ring":"3","ScaleUnit":"000","RoleInstance":"OS1PEPF0000400F"}}
Date                          : Sat, 12 Apr 2025 21:57:20 GMT


[2025-04-13 06:57:20] [WARNING] ユーザー chugoku-rakuraku@mirai-const.co.jp のOneDriveクォータ情報を取得できませんでした: User's mysite not found.

Status: 404 (NotFound)
ErrorCode: ResourceNotFound
Date: 2025-04-12T21:57:20

Headers:
Vary                          : Accept-Encoding
Strict-Transport-Security     : max-age=31536000
request-id                    : b6c2b2c4-bbab-4a91-987d-95c48ef42bfa
client-request-id             : 9de62dca-6bf9-416e-9710-4f45b0a31057
x-ms-ags-diagnostic           : {"ServerInfo":{"DataCenter":"Japan West","Slice":"E","Ring":"3","ScaleUnit":"000","RoleInstance":"OS1PEPF0000400F"}}
Date                          : Sat, 12 Apr 2025 21:57:20 GMT


[2025-04-13 06:57:22] [WARNING] ユーザー webadmin@miraiconst.onmicrosoft.com のOneDriveクォータ情報を取得できませんでした: User's mysite not found.

Status: 404 (NotFound)
ErrorCode: ResourceNotFound
Date: 2025-04-12T21:57:21

Headers:
Vary                          : Accept-Encoding
Strict-Transport-Security     : max-age=31536000
request-id                    : 76cd6973-0166-4132-b1fd-643429adc84d
client-request-id             : 0cafd6cb-61be-4087-be44-3789eb0f49da
x-ms-ags-diagnostic           : {"ServerInfo":{"DataCenter":"Japan West","Slice":"E","Ring":"3","ScaleUnit":"000","RoleInstance":"OS1PEPF0000400F"}}
Date                          : Sat, 12 Apr 2025 21:57:21 GMT


[2025-04-13 06:57:24] [WARNING] ユーザー tokyokoji@miraiconst.onmicrosoft.com のOneDriveクォータ情報を取得できませんでした: User's mysite not found.

Status: 404 (NotFound)
ErrorCode: ResourceNotFound
Date: 2025-04-12T21:57:24

Headers:
Vary                          : Accept-Encoding
Strict-Transport-Security     : max-age=31536000
request-id                    : 0397b29b-5b3c-417f-8c7e-9ddce275534c
client-request-id             : 42c58908-b7cc-48bf-bfbd-dd4fbf7dd8ca
x-ms-ags-diagnostic           : {"ServerInfo":{"DataCenter":"Japan West","Slice":"E","Ring":"3","ScaleUnit":"000","RoleInstance":"OS1PEPF0000400F"}}
Date                          : Sat, 12 Apr 2025 21:57:23 GMT


[2025-04-13 06:57:25] [WARNING] ユーザー tokyo-rakuraku@mirai-const.co.jp のOneDriveクォータ情報を取得できませんでした: User's mysite not found.

Status: 404 (NotFound)
ErrorCode: ResourceNotFound
Date: 2025-04-12T21:57:25

Headers:
Vary                          : Accept-Encoding
Strict-Transport-Security     : max-age=31536000
request-id                    : d783c269-b5c9-46cd-acd4-f53503948d14
client-request-id             : 3ceb744b-fa4c-4ce2-a46f-7e90aae3c983
x-ms-ags-diagnostic           : {"ServerInfo":{"DataCenter":"Japan West","Slice":"E","Ring":"3","ScaleUnit":"000","RoleInstance":"OS1PEPF0000400F"}}
Date                          : Sat, 12 Apr 2025 21:57:25 GMT


[2025-04-13 06:57:26] [WARNING] ユーザー mirai-edr@miraiconst.onmicrosoft.com のOneDriveクォータ情報を取得できませんでした: User's mysite not found.

Status: 404 (NotFound)
ErrorCode: ResourceNotFound
Date: 2025-04-12T21:57:26

Headers:
Vary                          : Accept-Encoding
Strict-Transport-Security     : max-age=31536000
request-id                    : 14ee54bd-d8b1-47e8-a5ad-ad8e565ad4c8
client-request-id             : 81417d6c-370a-4054-9dae-24dff163bccd
x-ms-ags-diagnostic           : {"ServerInfo":{"DataCenter":"Japan West","Slice":"E","Ring":"3","ScaleUnit":"000","RoleInstance":"OS1PEPF0000400F"}}
Date                          : Sat, 12 Apr 2025 21:57:26 GMT


[2025-04-13 06:57:27] [WARNING] ユーザー bid-info06m@mirai-const.co.jp のOneDriveクォータ情報を取得できませんでした: User's mysite not found.

Status: 404 (NotFound)
ErrorCode: ResourceNotFound
Date: 2025-04-12T21:57:27

Headers:
Vary                          : Accept-Encoding
Strict-Transport-Security     : max-age=31536000
request-id                    : ea7f30c4-099b-4663-8da5-de3b869639a8
client-request-id             : 9c38987e-1f6b-46e7-b5ea-317f84650aeb
x-ms-ags-diagnostic           : {"ServerInfo":{"DataCenter":"Japan West","Slice":"E","Ring":"3","ScaleUnit":"000","RoleInstance":"OS1PEPF0000400F"}}
Date                          : Sat, 12 Apr 2025 21:57:27 GMT


[2025-04-13 06:57:29] [WARNING] ユーザー noto-rakuraku@mirai-const.co.jp のOneDriveクォータ情報を取得できませんでした: User's mysite not found.

Status: 404 (NotFound)
ErrorCode: ResourceNotFound
Date: 2025-04-12T21:57:29

Headers:
Vary                          : Accept-Encoding
Strict-Transport-Security     : max-age=31536000
request-id                    : 8bb8693e-488b-4aec-a4cf-dc4e755726f7
client-request-id             : b5d51379-4dd9-4858-8ac1-2bf055a73d70
x-ms-ags-diagnostic           : {"ServerInfo":{"DataCenter":"Japan West","Slice":"E","Ring":"3","ScaleUnit":"000","RoleInstance":"OS1PEPF0000400F"}}
Date                          : Sat, 12 Apr 2025 21:57:28 GMT


[2025-04-13 06:57:29] [WARNING] ユーザー aomori-rakuraku@mirai-const.co.jp のOneDriveクォータ情報を取得できませんでした: User's mysite not found.

Status: 404 (NotFound)
ErrorCode: ResourceNotFound
Date: 2025-04-12T21:57:29

Headers:
Vary                          : Accept-Encoding
Strict-Transport-Security     : max-age=31536000
request-id                    : e1ccf6af-43c2-41eb-b6f2-1f5927439667
client-request-id             : 1ce363b4-263e-4b99-819b-94e2202a4deb
x-ms-ags-diagnostic           : {"ServerInfo":{"DataCenter":"Japan West","Slice":"E","Ring":"3","ScaleUnit":"000","RoleInstance":"OS1PEPF0000400F"}}
Date                          : Sat, 12 Apr 2025 21:57:28 GMT


[2025-04-13 06:57:30] [WARNING] ユーザー cad-master@miraiconst.onmicrosoft.com のOneDriveクォータ情報を取得できませんでした: User's mysite not found.

Status: 404 (NotFound)
ErrorCode: ResourceNotFound
Date: 2025-04-12T21:57:30

Headers:
Vary                          : Accept-Encoding
Strict-Transport-Security     : max-age=31536000
request-id                    : a437a840-226f-45ba-bcc1-d063b2f09244
client-request-id             : b6da910b-3b84-403d-8678-1e1e8a656058
x-ms-ags-diagnostic           : {"ServerInfo":{"DataCenter":"Japan West","Slice":"E","Ring":"3","ScaleUnit":"000","RoleInstance":"OS1PEPF0000400F"}}
Date                          : Sat, 12 Apr 2025 21:57:30 GMT


[2025-04-13 06:57:33] [WARNING] ユーザー direct@mirai-const.co.jp のOneDriveクォータ情報を取得できませんでした: User's mysite not found.

Status: 404 (NotFound)
ErrorCode: ResourceNotFound
Date: 2025-04-12T21:57:33

Headers:
Vary                          : Accept-Encoding
Strict-Transport-Security     : max-age=31536000
request-id                    : 06a52c2a-dd19-44a0-b030-4ef1a3aaf651
client-request-id             : 37add04e-ce3d-4e0c-a2c0-2cf0d97b6e91
x-ms-ags-diagnostic           : {"ServerInfo":{"DataCenter":"Japan West","Slice":"E","Ring":"3","ScaleUnit":"000","RoleInstance":"OS1PEPF0000400F"}}
Date                          : Sat, 12 Apr 2025 21:57:33 GMT


[2025-04-13 06:57:34] [WARNING] ユーザー forti-admin@mirai-const.co.jp のOneDriveクォータ情報を取得できませんでした: User's mysite not found.

Status: 404 (NotFound)
ErrorCode: ResourceNotFound
Date: 2025-04-12T21:57:34

Headers:
Vary                          : Accept-Encoding
Strict-Transport-Security     : max-age=31536000
request-id                    : 5f040f41-b0ed-4e6f-b94e-0774b8a02591
client-request-id             : 2ee3f0f2-d3a9-4081-8d8d-631e4dad02cd
x-ms-ags-diagnostic           : {"ServerInfo":{"DataCenter":"Japan West","Slice":"E","Ring":"3","ScaleUnit":"000","RoleInstance":"OS1PEPF0000400F"}}
Date                          : Sat, 12 Apr 2025 21:57:33 GMT


[2025-04-13 06:57:35] [WARNING] ユーザー chubu@miraiconst.onmicrosoft.com のOneDriveクォータ情報を取得できませんでした: User's mysite not found.

Status: 404 (NotFound)
ErrorCode: ResourceNotFound
Date: 2025-04-12T21:57:35

Headers:
Vary                          : Accept-Encoding
Strict-Transport-Security     : max-age=31536000
request-id                    : 692a6e5e-f2e6-4294-9557-d8ac84b5ff93
client-request-id             : 2ce0e276-0314-4313-a2a7-624e16eafd9f
x-ms-ags-diagnostic           : {"ServerInfo":{"DataCenter":"Japan West","Slice":"E","Ring":"3","ScaleUnit":"000","RoleInstance":"OS1PEPF0000400F"}}
Date                          : Sat, 12 Apr 2025 21:57:35 GMT


[2025-04-13 06:57:37] [WARNING] ユーザー ys-yamamoto_apptec.co.jp#EXT#@miraiconst.onmicrosoft.com のOneDriveクォータ情報を取得できませんでした: User's mysite not found.

Status: 404 (NotFound)
ErrorCode: ResourceNotFound
Date: 2025-04-12T21:57:37

Headers:
Vary                          : Accept-Encoding
Strict-Transport-Security     : max-age=31536000
request-id                    : 4cdf1853-108f-4488-89ba-98670a3b3116
client-request-id             : 7ee7ec8a-a4e5-4df5-a713-cc57ecc26b7b
x-ms-ags-diagnostic           : {"ServerInfo":{"DataCenter":"Japan West","Slice":"E","Ring":"3","ScaleUnit":"000","RoleInstance":"OS1PEPF0000400F"}}
Date                          : Sat, 12 Apr 2025 21:57:36 GMT


[2025-04-13 06:57:37] [WARNING] ユーザー r-futenma@mirai-const.co.jp のOneDriveクォータ情報を取得できませんでした: User's mysite not found.

Status: 404 (NotFound)
ErrorCode: ResourceNotFound
Date: 2025-04-12T21:57:37

Headers:
Vary                          : Accept-Encoding
Strict-Transport-Security     : max-age=31536000
request-id                    : 7f63c1a7-573d-4b24-837c-733a3111c4cf
client-request-id             : 0385a2a0-d9d5-446a-84d8-4fa73f63b20a
x-ms-ags-diagnostic           : {"ServerInfo":{"DataCenter":"Japan West","Slice":"E","Ring":"3","ScaleUnit":"000","RoleInstance":"OS1PEPF0000400F"}}
Date                          : Sat, 12 Apr 2025 21:57:37 GMT


[2025-04-13 06:57:37] [WARNING] ユーザー cim-master13@mirai-const.co.jp のOneDriveクォータ情報を取得できませんでした: User's mysite not found.

Status: 404 (NotFound)
ErrorCode: ResourceNotFound
Date: 2025-04-12T21:57:38

Headers:
Vary                          : Accept-Encoding
Strict-Transport-Security     : max-age=31536000
request-id                    : c26a8c63-b9ac-4ae9-90bd-cd4e4c2cc31a
client-request-id             : 71c7fb4f-55b0-449a-8d1e-9549df79d58f
x-ms-ags-diagnostic           : {"ServerInfo":{"DataCenter":"Japan West","Slice":"E","Ring":"3","ScaleUnit":"000","RoleInstance":"OS1PEPF00011942"}}
Date                          : Sat, 12 Apr 2025 21:57:37 GMT


[2025-04-13 06:57:38] [WARNING] ユーザー na-kadokawa_apptec.co.jp#EXT#@miraiconst.onmicrosoft.com のOneDriveクォータ情報を取得できませんでした: User's mysite not found.

Status: 404 (NotFound)
ErrorCode: ResourceNotFound
Date: 2025-04-12T21:57:38

Headers:
Vary                          : Accept-Encoding
Strict-Transport-Security     : max-age=31536000
request-id                    : f699faf1-f368-4c5b-b245-c4bd4a4e21b7
client-request-id             : b7532ace-a5fa-4db3-9a34-ffdb0936dc43
x-ms-ags-diagnostic           : {"ServerInfo":{"DataCenter":"Japan West","Slice":"E","Ring":"3","ScaleUnit":"000","RoleInstance":"OS1PEPF00011942"}}
Date                          : Sat, 12 Apr 2025 21:57:37 GMT


[2025-04-13 06:57:40] [WARNING] ユーザー mirai-sns@miraiconst.onmicrosoft.com のOneDriveクォータ情報を取得できませんでした: User's mysite not found.

Status: 404 (NotFound)
ErrorCode: ResourceNotFound
Date: 2025-04-12T21:57:40

Headers:
Vary                          : Accept-Encoding
Strict-Transport-Security     : max-age=31536000
request-id                    : b6970051-40b2-40ca-9614-31b2ec31315d
client-request-id             : a3f1c56c-aac4-458f-ad4c-c8b5996d18e5
x-ms-ags-diagnostic           : {"ServerInfo":{"DataCenter":"Japan West","Slice":"E","Ring":"3","ScaleUnit":"000","RoleInstance":"OS1PEPF00011942"}}
Date                          : Sat, 12 Apr 2025 21:57:39 GMT


[2025-04-13 06:57:42] [WARNING] ユーザー et-satoh@mirai-const.co.jp のOneDriveクォータ情報を取得できませんでした: User's mysite not found.

Status: 404 (NotFound)
ErrorCode: ResourceNotFound
Date: 2025-04-12T21:57:42

Headers:
Vary                          : Accept-Encoding
Strict-Transport-Security     : max-age=31536000
request-id                    : 84168d8a-ea4f-4c5f-918a-67be17ed69e1
client-request-id             : 96365b84-61df-424a-92d3-e54367630312
x-ms-ags-diagnostic           : {"ServerInfo":{"DataCenter":"Japan West","Slice":"E","Ring":"3","ScaleUnit":"000","RoleInstance":"OS1PEPF00011942"}}
Date                          : Sat, 12 Apr 2025 21:57:42 GMT


[2025-04-13 06:57:44] [WARNING] ユーザー k-obara@mirai-const.co.jp のOneDriveクォータ情報を取得できませんでした: User's mysite not found.

Status: 404 (NotFound)
ErrorCode: ResourceNotFound
Date: 2025-04-12T21:57:44

Headers:
Vary                          : Accept-Encoding
Strict-Transport-Security     : max-age=31536000
request-id                    : c5a2687c-6d56-4afe-875a-33c9f6e8e727
client-request-id             : 297abbd1-cb1e-427a-9d61-0f9877398596
x-ms-ags-diagnostic           : {"ServerInfo":{"DataCenter":"Japan West","Slice":"E","Ring":"3","ScaleUnit":"000","RoleInstance":"OS1PEPF00011942"}}
Date                          : Sat, 12 Apr 2025 21:57:44 GMT


[2025-04-13 06:57:46] [WARNING] ユーザー kanri-oosaka@mirai-const.co.jp のOneDriveクォータ情報を取得できませんでした: User's mysite not found.

Status: 404 (NotFound)
ErrorCode: ResourceNotFound
Date: 2025-04-12T21:57:46

Headers:
Vary                          : Accept-Encoding
Strict-Transport-Security     : max-age=31536000
request-id                    : 8666bc5c-df08-40e8-817c-fb94757ccd36
client-request-id             : 8dfc7387-6c6b-42a6-af19-1b37c33d2c37
x-ms-ags-diagnostic           : {"ServerInfo":{"DataCenter":"Japan West","Slice":"E","Ring":"3","ScaleUnit":"000","RoleInstance":"OS1PEPF00011942"}}
Date                          : Sat, 12 Apr 2025 21:57:46 GMT


[2025-04-13 06:57:47] [WARNING] ユーザー haruka.ishigaki_aaconst.onmicrosoft.com#EXT#@miraiconst.onmicrosoft.com のOneDriveクォータ情報を取得できませんでした: User's mysite not found.

Status: 404 (NotFound)
ErrorCode: ResourceNotFound
Date: 2025-04-12T21:57:47

Headers:
Vary                          : Accept-Encoding
Strict-Transport-Security     : max-age=31536000
request-id                    : 67d3b654-6a64-4205-b9b9-d87fd0991609
client-request-id             : 65a5871c-8f4a-484c-a64d-c2ed4e4c6c22
x-ms-ags-diagnostic           : {"ServerInfo":{"DataCenter":"Japan West","Slice":"E","Ring":"3","ScaleUnit":"000","RoleInstance":"OS1PEPF00011942"}}
Date                          : Sat, 12 Apr 2025 21:57:47 GMT


[2025-04-13 06:57:48] [WARNING] ユーザー bid-info02m@mirai-const.co.jp のOneDriveクォータ情報を取得できませんでした: User's mysite not found.

Status: 404 (NotFound)
ErrorCode: ResourceNotFound
Date: 2025-04-12T21:57:48

Headers:
Vary                          : Accept-Encoding
Strict-Transport-Security     : max-age=31536000
request-id                    : c70e3cd6-d244-4e0c-b280-05be3598d7f9
client-request-id             : 81230045-492c-4e2a-a891-0c835d235ef8
x-ms-ags-diagnostic           : {"ServerInfo":{"DataCenter":"Japan West","Slice":"E","Ring":"3","ScaleUnit":"000","RoleInstance":"OS1PEPF00011942"}}
Date                          : Sat, 12 Apr 2025 21:57:48 GMT


[2025-04-13 06:57:48] [SUCCESS] OneDriveクォータ情報の取得が完了しました。取得件数: 524
[2025-04-13 06:57:48] [SUCCESS] CSVファイルを作成しました: C:\kitting\OneDriveforBusinessManagementSystem\OneDriveManagement.20250413\Basic_Data_Collection.20250413\OneDriveQuota.20250413065748.csv
[2025-04-13 06:57:48] [INFO] HTMLファイルを作成します: C:\kitting\OneDriveforBusinessManagementSystem\OneDriveManagement.20250413\Basic_Data_Collection.20250413\OneDriveQuota.20250413065748.html
[2025-04-13 06:57:53] [SUCCESS] HTMLファイルの作成が完了しました: C:\kitting\OneDriveforBusinessManagementSystem\OneDriveManagement.20250413\Basic_Data_Collection.20250413\OneDriveQuota.20250413065748.html
[2025-04-13 06:57:53] [INFO] Excelでファイルを開いて列幅の調整とフィルターの適用を行います...
[2025-04-13 06:57:55] [SUCCESS] Excelでの処理が完了しました。
