[2025-04-13 20:37:37] [INFO] ストレージクォータ取得を開始します
[2025-04-13 20:37:37] [INFO] 出力ディレクトリ: C:\kitting\OneDriveforBusinessManagementSystem\OneDriveManagement.20250413\Basic_Data_Collection.20250413
[2025-04-13 20:37:37] [INFO] ログディレクトリ: C:\kitting\OneDriveforBusinessManagementSystem\OneDriveManagement.20250413\Log
[2025-04-13 20:37:37] [WARNING] Graph接続済みですが、ユーザー情報は取得できません。
[2025-04-13 20:37:37] [WARNING] Graph接続済みですが、ユーザー情報は取得できません。
[2025-04-13 20:37:37] [INFO] すべてのユーザーのOneDriveクォータ情報を取得しています...
[2025-04-13 20:37:40] [WARNING] ユーザー okinawa-rakuraku@mirai-const.co.jp のOneDriveクォータ情報を取得できませんでした: User's mysite not found.

Status: 404 (NotFound)
ErrorCode: ResourceNotFound
Date: 2025-04-13T11:37:40

Headers:
Vary                          : Accept-Encoding
Strict-Transport-Security     : max-age=31536000
request-id                    : 77bc9e90-899e-4bf0-947a-80dcc606eb42
client-request-id             : a5a94b87-d9f1-41c0-9314-6fb262a4d498
x-ms-ags-diagnostic           : {"ServerInfo":{"DataCenter":"Japan West","Slice":"E","Ring":"3","ScaleUnit":"002","RoleInstance":"OS1PEPF0000470A"}}
Date                          : Sun, 13 Apr 2025 11:37:40 GMT


[2025-04-13 20:37:48] [WARNING] ユーザー admin@miraiconst.onmicrosoft.com のOneDriveクォータ情報を取得できませんでした: User's mysite not found.

Status: 404 (NotFound)
ErrorCode: ResourceNotFound
Date: 2025-04-13T11:37:48

Headers:
Vary                          : Accept-Encoding
Strict-Transport-Security     : max-age=31536000
request-id                    : 3e0f534b-0907-4a3a-a556-5014c7fc6613
client-request-id             : ff09d773-d9a5-42f7-9267-53884361c294
x-ms-ags-diagnostic           : {"ServerInfo":{"DataCenter":"Japan West","Slice":"E","Ring":"3","ScaleUnit":"002","RoleInstance":"OS1PEPF0000470A"}}
Date                          : Sun, 13 Apr 2025 11:37:47 GMT


[2025-04-13 20:37:48] [INFO] ユーザー admin@miraiconst.onmicrosoft.com のroleTemplateId: 62e90394-69f5-4237-9190-012177145e10
[2025-04-13 20:37:48] [INFO] ユーザー admin@miraiconst.onmicrosoft.com は管理者ロール: 62e90394-69f5-4237-9190-012177145e10
[2025-04-13 20:37:52] [WARNING] ユーザー admin1@miraiconst.onmicrosoft.com のOneDriveクォータ情報を取得できませんでした: User's mysite not found.

Status: 404 (NotFound)
ErrorCode: ResourceNotFound
Date: 2025-04-13T11:37:52

Headers:
Vary                          : Accept-Encoding
Strict-Transport-Security     : max-age=31536000
request-id                    : 234a2f08-4a4e-466b-bfe3-7765f73762e9
client-request-id             : 50043cef-04ff-4381-84eb-1f101b1a0dd9
x-ms-ags-diagnostic           : {"ServerInfo":{"DataCenter":"Japan West","Slice":"E","Ring":"3","ScaleUnit":"002","RoleInstance":"OS1PEPF0000470A"}}
Date                          : Sun, 13 Apr 2025 11:37:52 GMT


[2025-04-13 20:37:53] [WARNING] ユーザー cim-master10@mirai-const.co.jp のOneDriveクォータ情報を取得できませんでした: User's mysite not found.

Status: 404 (NotFound)
ErrorCode: ResourceNotFound
Date: 2025-04-13T11:37:53

Headers:
Vary                          : Accept-Encoding
Strict-Transport-Security     : max-age=31536000
request-id                    : 2fba9495-8fc8-4d65-b664-e06aa427911b
client-request-id             : d73263b0-b08b-42ac-a0e5-ec22be6b1080
x-ms-ags-diagnostic           : {"ServerInfo":{"DataCenter":"Japan West","Slice":"E","Ring":"3","ScaleUnit":"002","RoleInstance":"OS1PEPF0000470A"}}
Date                          : Sun, 13 Apr 2025 11:37:53 GMT


[2025-04-13 20:37:55] [WARNING] ユーザー jinji-saiyou@mirai-const.co.jp のOneDriveクォータ情報を取得できませんでした: User's mysite not found.

Status: 404 (NotFound)
ErrorCode: ResourceNotFound
Date: 2025-04-13T11:37:55

Headers:
Vary                          : Accept-Encoding
Strict-Transport-Security     : max-age=31536000
request-id                    : 075e4a04-c039-4990-877e-12c5dd03e59f
client-request-id             : b24c2906-b552-47c2-a916-e42b3f663aa7
x-ms-ags-diagnostic           : {"ServerInfo":{"DataCenter":"Japan West","Slice":"E","Ring":"3","ScaleUnit":"002","RoleInstance":"OS1PEPF0000470A"}}
Date                          : Sun, 13 Apr 2025 11:37:55 GMT


[2025-04-13 20:37:59] [WARNING] ユーザー soumu-payment@mirai-const.co.jp のOneDriveクォータ情報を取得できませんでした: User's mysite not found.

Status: 404 (NotFound)
ErrorCode: ResourceNotFound
Date: 2025-04-13T11:37:59

Headers:
Vary                          : Accept-Encoding
Strict-Transport-Security     : max-age=31536000
request-id                    : 3b93733e-b3f9-4c2c-8363-3dadd9ca53dc
client-request-id             : aef8a5d7-e6fd-49f3-a118-04feb65222f1
x-ms-ags-diagnostic           : {"ServerInfo":{"DataCenter":"Japan West","Slice":"E","Ring":"3","ScaleUnit":"002","RoleInstance":"OS1PEPF0000470A"}}
Date                          : Sun, 13 Apr 2025 11:37:59 GMT


[2025-04-13 20:38:00] [WARNING] ユーザー mf-jigyoukikaku@miraiconst.onmicrosoft.com のOneDriveクォータ情報を取得できませんでした: User's mysite not found.

Status: 404 (NotFound)
ErrorCode: ResourceNotFound
Date: 2025-04-13T11:38:00

Headers:
Vary                          : Accept-Encoding
Strict-Transport-Security     : max-age=31536000
request-id                    : e26909e7-b60a-4be9-89f8-d2fd80116720
client-request-id             : 290ace94-a8e8-40f4-b6a5-83b11f74fef7
x-ms-ags-diagnostic           : {"ServerInfo":{"DataCenter":"Japan West","Slice":"E","Ring":"3","ScaleUnit":"002","RoleInstance":"OS1PEPF0000470A"}}
Date                          : Sun, 13 Apr 2025 11:38:00 GMT


[2025-04-13 20:38:03] [WARNING] ユーザー henngetest@mirai-const.co.jp のOneDriveクォータ情報を取得できませんでした: User's mysite not found.

Status: 404 (NotFound)
ErrorCode: ResourceNotFound
Date: 2025-04-13T11:38:03

Headers:
Vary                          : Accept-Encoding
Strict-Transport-Security     : max-age=31536000
request-id                    : 1879feab-13d1-45c4-b881-707e6fe3c482
client-request-id             : 8503243d-5ce7-4917-97cf-ac76c75958e8
x-ms-ags-diagnostic           : {"ServerInfo":{"DataCenter":"Japan West","Slice":"E","Ring":"3","ScaleUnit":"002","RoleInstance":"OS1PEPF0000470A"}}
Date                          : Sun, 13 Apr 2025 11:38:03 GMT


[2025-04-13 20:38:17] [WARNING] ユーザー ariake-rakuraku@mirai-const.co.jp のOneDriveクォータ情報を取得できませんでした: User's mysite not found.

Status: 404 (NotFound)
ErrorCode: ResourceNotFound
Date: 2025-04-13T11:38:17

Headers:
Vary                          : Accept-Encoding
Strict-Transport-Security     : max-age=31536000
request-id                    : fe216254-c916-471e-b348-b38f45f67d70
client-request-id             : 9c40cc55-25da-4f8e-bd32-9ec326ed12c0
x-ms-ags-diagnostic           : {"ServerInfo":{"DataCenter":"Japan West","Slice":"E","Ring":"3","ScaleUnit":"002","RoleInstance":"OS1PEPF0000470A"}}
Date                          : Sun, 13 Apr 2025 11:38:17 GMT


[2025-04-13 20:38:18] [WARNING] ユーザー system-info@mirai-const.co.jp のOneDriveクォータ情報を取得できませんでした: User's mysite not found.

Status: 404 (NotFound)
ErrorCode: ResourceNotFound
Date: 2025-04-13T11:38:18

Headers:
Vary                          : Accept-Encoding
Strict-Transport-Security     : max-age=31536000
request-id                    : e2343c92-ea5f-4286-a52f-6c539fc67a91
client-request-id             : b5bb65fb-8ff7-42b6-aeab-05ffd8e35414
x-ms-ags-diagnostic           : {"ServerInfo":{"DataCenter":"Japan West","Slice":"E","Ring":"3","ScaleUnit":"002","RoleInstance":"OS1PEPF0000470A"}}
Date                          : Sun, 13 Apr 2025 11:38:17 GMT


[2025-04-13 20:38:23] [WARNING] ユーザー hideyuki.nomura_halekulaniokinawa.com#EXT#@miraiconst.onmicrosoft.com のOneDriveクォータ情報を取得できませんでした: User's mysite not found.

Status: 404 (NotFound)
ErrorCode: ResourceNotFound
Date: 2025-04-13T11:38:23

Headers:
Vary                          : Accept-Encoding
Strict-Transport-Security     : max-age=31536000
request-id                    : afb8cffc-e27d-47b3-905c-02cf042b6034
client-request-id             : 303d1ab9-49ad-496e-ba8c-85781219f7a0
x-ms-ags-diagnostic           : {"ServerInfo":{"DataCenter":"Japan West","Slice":"E","Ring":"3","ScaleUnit":"002","RoleInstance":"OS1PEPF0000470A"}}
Date                          : Sun, 13 Apr 2025 11:38:22 GMT


[2025-04-13 20:38:23] [WARNING] ユーザー cim-master05@mirai-const.co.jp のOneDriveクォータ情報を取得できませんでした: User's mysite not found.

Status: 404 (NotFound)
ErrorCode: ResourceNotFound
Date: 2025-04-13T11:38:23

Headers:
Vary                          : Accept-Encoding
Strict-Transport-Security     : max-age=31536000
request-id                    : 84a5b2a6-1cc2-4f20-8e25-ebcefd98f3ef
client-request-id             : e1818b6f-a197-447e-a840-bd0c1d7fc4e7
x-ms-ags-diagnostic           : {"ServerInfo":{"DataCenter":"Japan West","Slice":"E","Ring":"3","ScaleUnit":"002","RoleInstance":"OS1PEPF0000470A"}}
Date                          : Sun, 13 Apr 2025 11:38:23 GMT


[2025-04-13 20:38:24] [WARNING] ユーザー mk-engagement@miraiconst.onmicrosoft.com のOneDriveクォータ情報を取得できませんでした: User's mysite not found.

Status: 404 (NotFound)
ErrorCode: ResourceNotFound
Date: 2025-04-13T11:38:24

Headers:
Vary                          : Accept-Encoding
Strict-Transport-Security     : max-age=31536000
request-id                    : b13996d8-404b-488c-869c-1fe3afa6be4d
client-request-id             : 51442a56-2db8-4ed5-8c70-73fb36ff837b
x-ms-ags-diagnostic           : {"ServerInfo":{"DataCenter":"Japan West","Slice":"E","Ring":"3","ScaleUnit":"002","RoleInstance":"OS1PEPF0000470A"}}
Date                          : Sun, 13 Apr 2025 11:38:23 GMT


[2025-04-13 20:38:24] [WARNING] ユーザー bid-info10m@mirai-const.co.jp のOneDriveクォータ情報を取得できませんでした: User's mysite not found.

Status: 404 (NotFound)
ErrorCode: ResourceNotFound
Date: 2025-04-13T11:38:24

Headers:
Vary                          : Accept-Encoding
Strict-Transport-Security     : max-age=31536000
request-id                    : e87a06cc-967b-4e37-ae8a-be84b3dee380
client-request-id             : f02f6683-548e-4682-bea9-2021204cc26c
x-ms-ags-diagnostic           : {"ServerInfo":{"DataCenter":"Japan West","Slice":"E","Ring":"3","ScaleUnit":"002","RoleInstance":"OS1PEPF0000470A"}}
Date                          : Sun, 13 Apr 2025 11:38:24 GMT


[2025-04-13 20:38:25] [WARNING] ユーザー bid-info09m@mirai-const.co.jp のOneDriveクォータ情報を取得できませんでした: User's mysite not found.

Status: 404 (NotFound)
ErrorCode: ResourceNotFound
Date: 2025-04-13T11:38:25

Headers:
Vary                          : Accept-Encoding
Strict-Transport-Security     : max-age=31536000
request-id                    : 752b6051-5f55-421a-9a4d-501faf8612cc
client-request-id             : eedaffb4-1cd3-48b1-8a52-2d072630e324
x-ms-ags-diagnostic           : {"ServerInfo":{"DataCenter":"Japan West","Slice":"E","Ring":"3","ScaleUnit":"002","RoleInstance":"OS1PEPF0000470A"}}
Date                          : Sun, 13 Apr 2025 11:38:24 GMT


[2025-04-13 20:38:29] [WARNING] ユーザー hokuriku-rakuraku@mirai-const.co.jp のOneDriveクォータ情報を取得できませんでした: User's mysite not found.

Status: 404 (NotFound)
ErrorCode: ResourceNotFound
Date: 2025-04-13T11:38:29

Headers:
Vary                          : Accept-Encoding
Strict-Transport-Security     : max-age=31536000
request-id                    : d0066f47-caba-47a0-a47b-616d629dee35
client-request-id             : 12f0de3e-b1de-4d0a-8d6d-ff227ee99406
x-ms-ags-diagnostic           : {"ServerInfo":{"DataCenter":"Japan West","Slice":"E","Ring":"3","ScaleUnit":"002","RoleInstance":"OS1PEPF0000470A"}}
Date                          : Sun, 13 Apr 2025 11:38:28 GMT


[2025-04-13 20:38:31] [WARNING] ユーザー m-ariake@miraiconst.onmicrosoft.com のOneDriveクォータ情報を取得できませんでした: User's mysite not found.

Status: 404 (NotFound)
ErrorCode: ResourceNotFound
Date: 2025-04-13T11:38:31

Headers:
Vary                          : Accept-Encoding
Strict-Transport-Security     : max-age=31536000
request-id                    : 85873471-01e1-4498-9885-7e4d7e20eac7
client-request-id             : ecae4f76-579b-4a7a-9274-9d436b1a43b9
x-ms-ags-diagnostic           : {"ServerInfo":{"DataCenter":"Japan West","Slice":"E","Ring":"3","ScaleUnit":"002","RoleInstance":"OS1PEPF0000470A"}}
Date                          : Sun, 13 Apr 2025 11:38:31 GMT


[2025-04-13 20:38:34] [WARNING] ユーザー cim-master14@mirai-const.co.jp のOneDriveクォータ情報を取得できませんでした: User's mysite not found.

Status: 404 (NotFound)
ErrorCode: ResourceNotFound
Date: 2025-04-13T11:38:34

Headers:
Vary                          : Accept-Encoding
Strict-Transport-Security     : max-age=31536000
request-id                    : 949b26a4-ae1f-4fb7-983d-0ffb57bb4192
client-request-id             : dddaa3ba-7e16-4041-bf12-bc3081fcfdea
x-ms-ags-diagnostic           : {"ServerInfo":{"DataCenter":"Japan West","Slice":"E","Ring":"3","ScaleUnit":"002","RoleInstance":"OS1PEPF0000470A"}}
Date                          : Sun, 13 Apr 2025 11:38:33 GMT


[2025-04-13 20:38:42] [WARNING] ユーザー chubu-rakuraku@mirai-const.co.jp のOneDriveクォータ情報を取得できませんでした: User's mysite not found.

Status: 404 (NotFound)
ErrorCode: ResourceNotFound
Date: 2025-04-13T11:38:42

Headers:
Vary                          : Accept-Encoding
Strict-Transport-Security     : max-age=31536000
request-id                    : 7398a44f-46be-4ff3-943d-a6610a4eb936
client-request-id             : f6ff769c-0aec-45ca-82d4-a5ae8f07e557
x-ms-ags-diagnostic           : {"ServerInfo":{"DataCenter":"Japan West","Slice":"E","Ring":"3","ScaleUnit":"002","RoleInstance":"OS1PEPF00013C8C"}}
Date                          : Sun, 13 Apr 2025 11:38:41 GMT


[2025-04-13 20:38:45] [WARNING] ユーザー i-komada@mirai-const.co.jp のOneDriveクォータ情報を取得できませんでした: User's mysite not found.

Status: 404 (NotFound)
ErrorCode: ResourceNotFound
Date: 2025-04-13T11:38:45

Headers:
Vary                          : Accept-Encoding
Strict-Transport-Security     : max-age=31536000
request-id                    : 3d65cc4c-c65d-41e6-8b8a-1e0705984148
client-request-id             : 9471c734-a05d-40fe-8197-05d2027f9a00
x-ms-ags-diagnostic           : {"ServerInfo":{"DataCenter":"Japan West","Slice":"E","Ring":"3","ScaleUnit":"002","RoleInstance":"OS1PEPF00013C8C"}}
Date                          : Sun, 13 Apr 2025 11:38:44 GMT


[2025-04-13 20:38:49] [WARNING] ユーザー tsubokawa-y92y2_mlit.go.jp#EXT#@miraiconst.onmicrosoft.com のOneDriveクォータ情報を取得できませんでした: User's mysite not found.

Status: 404 (NotFound)
ErrorCode: ResourceNotFound
Date: 2025-04-13T11:38:49

Headers:
Vary                          : Accept-Encoding
Strict-Transport-Security     : max-age=31536000
request-id                    : f48e4135-e5e9-42ba-9f04-0ab2713ed4ec
client-request-id             : ec7b5a61-ed31-4dc0-af15-69cf32520db7
x-ms-ags-diagnostic           : {"ServerInfo":{"DataCenter":"Japan West","Slice":"E","Ring":"3","ScaleUnit":"002","RoleInstance":"OS1PEPF00013C8C"}}
Date                          : Sun, 13 Apr 2025 11:38:48 GMT


[2025-04-13 20:38:50] [WARNING] ユーザー m-ushikubo@mirai-const.co.jp のOneDriveクォータ情報を取得できませんでした: User's mysite not found.

Status: 404 (NotFound)
ErrorCode: ResourceNotFound
Date: 2025-04-13T11:38:50

Headers:
Vary                          : Accept-Encoding
Strict-Transport-Security     : max-age=31536000
request-id                    : 52387450-1fe1-441f-84f3-972de1e440dc
client-request-id             : 99c06ede-e2ac-4ea4-b831-48f2900f842a
x-ms-ags-diagnostic           : {"ServerInfo":{"DataCenter":"Japan West","Slice":"E","Ring":"3","ScaleUnit":"002","RoleInstance":"OS1PEPF00013C8C"}}
Date                          : Sun, 13 Apr 2025 11:38:49 GMT


[2025-04-13 20:38:52] [WARNING] ユーザー kyushu-rakuraku@mirai-const.co.jp のOneDriveクォータ情報を取得できませんでした: User's mysite not found.

Status: 404 (NotFound)
ErrorCode: ResourceNotFound
Date: 2025-04-13T11:38:52

Headers:
Vary                          : Accept-Encoding
Strict-Transport-Security     : max-age=31536000
request-id                    : 7b481c96-f325-4158-aa05-ebdb870f033c
client-request-id             : c0654435-024d-443e-8c48-c3dfb32acd19
x-ms-ags-diagnostic           : {"ServerInfo":{"DataCenter":"Japan West","Slice":"E","Ring":"3","ScaleUnit":"002","RoleInstance":"OS1PEPF00013C8C"}}
Date                          : Sun, 13 Apr 2025 11:38:51 GMT


[2025-04-13 20:38:56] [WARNING] ユーザー cim-master01@mirai-const.co.jp のOneDriveクォータ情報を取得できませんでした: User's mysite not found.

Status: 404 (NotFound)
ErrorCode: ResourceNotFound
Date: 2025-04-13T11:38:56

Headers:
Vary                          : Accept-Encoding
Strict-Transport-Security     : max-age=31536000
request-id                    : c72623a5-6718-45ea-b007-3c58957b8085
client-request-id             : 32871707-0d9d-4902-abb1-51651f1247a4
x-ms-ags-diagnostic           : {"ServerInfo":{"DataCenter":"Japan West","Slice":"E","Ring":"3","ScaleUnit":"002","RoleInstance":"OS1PEPF00013C8C"}}
Date                          : Sun, 13 Apr 2025 11:38:55 GMT


[2025-04-13 20:38:57] [WARNING] ユーザー cim-master@mirai-const.co.jp のOneDriveクォータ情報を取得できませんでした: User's mysite not found.

Status: 404 (NotFound)
ErrorCode: ResourceNotFound
Date: 2025-04-13T11:38:57

Headers:
Vary                          : Accept-Encoding
Strict-Transport-Security     : max-age=31536000
request-id                    : 3bcd55f9-13c1-4cd0-adae-caad761f7041
client-request-id             : 6f5535a9-0869-4b9d-b328-c7f9d2b5e9db
x-ms-ags-diagnostic           : {"ServerInfo":{"DataCenter":"Japan West","Slice":"E","Ring":"3","ScaleUnit":"002","RoleInstance":"OS1PEPF00013C8C"}}
Date                          : Sun, 13 Apr 2025 11:38:56 GMT


[2025-04-13 20:38:59] [WARNING] ユーザー cim-master07@mirai-const.co.jp のOneDriveクォータ情報を取得できませんでした: User's mysite not found.

Status: 404 (NotFound)
ErrorCode: ResourceNotFound
Date: 2025-04-13T11:38:59

Headers:
Vary                          : Accept-Encoding
Strict-Transport-Security     : max-age=31536000
request-id                    : 68492cc6-b5d0-429f-9466-c7dd552918fe
client-request-id             : 13476f72-f904-491f-ad38-d04fafa70a29
x-ms-ags-diagnostic           : {"ServerInfo":{"DataCenter":"Japan West","Slice":"E","Ring":"3","ScaleUnit":"002","RoleInstance":"OS1PEPF00013C8C"}}
Date                          : Sun, 13 Apr 2025 11:38:58 GMT


[2025-04-13 20:39:06] [WARNING] ユーザー tohoku-rakuraku@mirai-const.co.jp のOneDriveクォータ情報を取得できませんでした: User's mysite not found.

Status: 404 (NotFound)
ErrorCode: ResourceNotFound
Date: 2025-04-13T11:39:06

Headers:
Vary                          : Accept-Encoding
Strict-Transport-Security     : max-age=31536000
request-id                    : 03612c52-132d-4d31-bf6b-a71cda9dbd91
client-request-id             : a4593f17-db77-44b4-88d9-718ac4aa5750
x-ms-ags-diagnostic           : {"ServerInfo":{"DataCenter":"Japan West","Slice":"E","Ring":"3","ScaleUnit":"002","RoleInstance":"OS1PEPF00013C8C"}}
Date                          : Sun, 13 Apr 2025 11:39:05 GMT


[2025-04-13 20:39:07] [WARNING] ユーザー cim-master02@mirai-const.co.jp のOneDriveクォータ情報を取得できませんでした: User's mysite not found.

Status: 404 (NotFound)
ErrorCode: ResourceNotFound
Date: 2025-04-13T11:39:07

Headers:
Vary                          : Accept-Encoding
Strict-Transport-Security     : max-age=31536000
request-id                    : 19242d02-dc1a-45cd-a356-ec88b8085f42
client-request-id             : 5e2b1afe-6fab-47db-9718-526a77332cdf
x-ms-ags-diagnostic           : {"ServerInfo":{"DataCenter":"Japan West","Slice":"E","Ring":"3","ScaleUnit":"002","RoleInstance":"OS1PEPF00013C8C"}}
Date                          : Sun, 13 Apr 2025 11:39:06 GMT


[2025-04-13 20:39:07] [WARNING] ユーザー cim-master09@mirai-const.co.jp のOneDriveクォータ情報を取得できませんでした: User's mysite not found.

Status: 404 (NotFound)
ErrorCode: ResourceNotFound
Date: 2025-04-13T11:39:07

Headers:
Vary                          : Accept-Encoding
Strict-Transport-Security     : max-age=31536000
request-id                    : 8828f7dc-0925-4ca0-ab4c-05cf1fadaecd
client-request-id             : a66b9e23-79c4-4793-a631-e678505bf9d3
x-ms-ags-diagnostic           : {"ServerInfo":{"DataCenter":"Japan West","Slice":"E","Ring":"3","ScaleUnit":"002","RoleInstance":"OS1PEPF00013C8C"}}
Date                          : Sun, 13 Apr 2025 11:39:06 GMT


[2025-04-13 20:39:10] [WARNING] ユーザー s-yoshie@mirai-const.co.jp のOneDriveクォータ情報を取得できませんでした: Method invocation failed because [System.Object[]] does not contain a method named 'op_Division'.
[2025-04-13 20:39:13] [WARNING] ユーザー ibaraki-rakuraku@mirai-const.co.jp のOneDriveクォータ情報を取得できませんでした: User's mysite not found.

Status: 404 (NotFound)
ErrorCode: ResourceNotFound
Date: 2025-04-13T11:39:13

Headers:
Vary                          : Accept-Encoding
Strict-Transport-Security     : max-age=31536000
request-id                    : 5ea248c6-81b1-4e04-9ac8-466a503badb9
client-request-id             : 75e27806-9c2d-42ba-8419-e5f5ea276de2
x-ms-ags-diagnostic           : {"ServerInfo":{"DataCenter":"Japan West","Slice":"E","Ring":"3","ScaleUnit":"002","RoleInstance":"OS1PEPF00013C8C"}}
Date                          : Sun, 13 Apr 2025 11:39:12 GMT


[2025-04-13 20:39:14] [WARNING] ユーザー mksystem-alert@miraiconst.onmicrosoft.com のOneDriveクォータ情報を取得できませんでした: User's mysite not found.

Status: 404 (NotFound)
ErrorCode: ResourceNotFound
Date: 2025-04-13T11:39:14

Headers:
Vary                          : Accept-Encoding
Strict-Transport-Security     : max-age=31536000
request-id                    : c3a5bc18-95d6-434e-8999-89e5bbc5f96c
client-request-id             : e0428f20-eb38-4f47-8e21-7323a42e68a2
x-ms-ags-diagnostic           : {"ServerInfo":{"DataCenter":"Japan West","Slice":"E","Ring":"3","ScaleUnit":"002","RoleInstance":"OS1PEPF00013C8C"}}
Date                          : Sun, 13 Apr 2025 11:39:13 GMT


[2025-04-13 20:39:15] [WARNING] ユーザー honsya2-2@miraiconst.onmicrosoft.com のOneDriveクォータ情報を取得できませんでした: User's mysite not found.

Status: 404 (NotFound)
ErrorCode: ResourceNotFound
Date: 2025-04-13T11:39:15

Headers:
Vary                          : Accept-Encoding
Strict-Transport-Security     : max-age=31536000
request-id                    : 90483577-a677-44ca-a710-c1f21f7b4da8
client-request-id             : a2730e3b-e5df-4f90-a36b-78ce2c2e7886
x-ms-ags-diagnostic           : {"ServerInfo":{"DataCenter":"Japan West","Slice":"E","Ring":"3","ScaleUnit":"002","RoleInstance":"OS1PEPF00013C8C"}}
Date                          : Sun, 13 Apr 2025 11:39:15 GMT


[2025-04-13 20:39:20] [WARNING] ユーザー m-maruta@mirai-const.co.jp のOneDriveクォータ情報を取得できませんでした: User's mysite not found.

Status: 404 (NotFound)
ErrorCode: ResourceNotFound
Date: 2025-04-13T11:39:20

Headers:
Vary                          : Accept-Encoding
Strict-Transport-Security     : max-age=31536000
request-id                    : 9049f157-b93c-48dc-9f89-5230c0cda16f
client-request-id             : a971413c-004d-42fc-afb7-c268894712fa
x-ms-ags-diagnostic           : {"ServerInfo":{"DataCenter":"Japan West","Slice":"E","Ring":"3","ScaleUnit":"002","RoleInstance":"OS1PEPF00013C8C"}}
Date                          : Sun, 13 Apr 2025 11:39:20 GMT


[2025-04-13 20:39:22] [WARNING] ユーザー netis@miraiconst.onmicrosoft.com のOneDriveクォータ情報を取得できませんでした: User's mysite not found.

Status: 404 (NotFound)
ErrorCode: ResourceNotFound
Date: 2025-04-13T11:39:22

Headers:
Vary                          : Accept-Encoding
Strict-Transport-Security     : max-age=31536000
request-id                    : 62471d8f-f598-4458-a162-e97e614d69e5
client-request-id             : 70cb349c-5ea0-4b53-8fd8-85b15b05536f
x-ms-ags-diagnostic           : {"ServerInfo":{"DataCenter":"Japan West","Slice":"E","Ring":"3","ScaleUnit":"002","RoleInstance":"OS1PEPF00013C8C"}}
Date                          : Sun, 13 Apr 2025 11:39:22 GMT


[2025-04-13 20:39:25] [WARNING] ユーザー sh-ishihara-old@miraiconst.onmicrosoft.com のOneDriveクォータ情報を取得できませんでした: User's mysite not found.

Status: 404 (NotFound)
ErrorCode: ResourceNotFound
Date: 2025-04-13T11:39:25

Headers:
Vary                          : Accept-Encoding
Strict-Transport-Security     : max-age=31536000
request-id                    : 8a9f0619-cb20-4b4a-adf3-1969c780d870
client-request-id             : 7372b66d-9a32-401b-8835-ddbd4f907f68
x-ms-ags-diagnostic           : {"ServerInfo":{"DataCenter":"Japan West","Slice":"E","Ring":"3","ScaleUnit":"002","RoleInstance":"OS1PEPF00013C8C"}}
Date                          : Sun, 13 Apr 2025 11:39:25 GMT


[2025-04-13 20:39:28] [WARNING] ユーザー y-ueno@mirai-const.co.jp のOneDriveクォータ情報を取得できませんでした: User's mysite not found.

Status: 404 (NotFound)
ErrorCode: ResourceNotFound
Date: 2025-04-13T11:39:28

Headers:
Vary                          : Accept-Encoding
Strict-Transport-Security     : max-age=31536000
request-id                    : c77421f9-7129-44fe-989f-4b4f71928ef0
client-request-id             : e9bd2e2d-e620-40db-965b-fccddc4c756f
x-ms-ags-diagnostic           : {"ServerInfo":{"DataCenter":"Japan West","Slice":"E","Ring":"3","ScaleUnit":"002","RoleInstance":"OS1PEPF00013C8C"}}
Date                          : Sun, 13 Apr 2025 11:39:28 GMT


[2025-04-13 20:39:30] [WARNING] ユーザー osaka-rakuraku@mirai-const.co.jp のOneDriveクォータ情報を取得できませんでした: User's mysite not found.

Status: 404 (NotFound)
ErrorCode: ResourceNotFound
Date: 2025-04-13T11:39:30

Headers:
Vary                          : Accept-Encoding
Strict-Transport-Security     : max-age=31536000
request-id                    : 5730aeb6-f022-44fa-aa1b-4a9511a8af54
client-request-id             : d40f51f1-361e-48ce-b8ee-e7706a0d1a03
x-ms-ags-diagnostic           : {"ServerInfo":{"DataCenter":"Japan West","Slice":"E","Ring":"3","ScaleUnit":"002","RoleInstance":"OS1PEPF00013C8C"}}
Date                          : Sun, 13 Apr 2025 11:39:30 GMT


[2025-04-13 20:39:30] [WARNING] ユーザー apple-id@miraiconst.onmicrosoft.com のOneDriveクォータ情報を取得できませんでした: User's mysite not found.

Status: 404 (NotFound)
ErrorCode: ResourceNotFound
Date: 2025-04-13T11:39:30

Headers:
Vary                          : Accept-Encoding
Strict-Transport-Security     : max-age=31536000
request-id                    : 0cc0e0a7-536f-4060-8c7a-92af01cfae69
client-request-id             : 13b45df6-ab48-49ef-b0ce-192f75543480
x-ms-ags-diagnostic           : {"ServerInfo":{"DataCenter":"Japan West","Slice":"E","Ring":"3","ScaleUnit":"002","RoleInstance":"OS1PEPF00013C8C"}}
Date                          : Sun, 13 Apr 2025 11:39:30 GMT


[2025-04-13 20:39:31] [WARNING] ユーザー okinawa@miraiconst.onmicrosoft.com のOneDriveクォータ情報を取得できませんでした: User's mysite not found.

Status: 404 (NotFound)
ErrorCode: ResourceNotFound
Date: 2025-04-13T11:39:31

Headers:
Vary                          : Accept-Encoding
Strict-Transport-Security     : max-age=31536000
request-id                    : 7cb7e976-a46c-4ef3-9628-aa44679b6679
client-request-id             : 3d970ca6-dec3-410a-9654-5c4c1e78ac7e
x-ms-ags-diagnostic           : {"ServerInfo":{"DataCenter":"Japan West","Slice":"E","Ring":"3","ScaleUnit":"002","RoleInstance":"OS1PEPF00013C8C"}}
Date                          : Sun, 13 Apr 2025 11:39:31 GMT


[2025-04-13 20:39:40] [WARNING] ユーザー ki-fujita_mitsuifudosan.co.jp#EXT#@miraiconst.onmicrosoft.com のOneDriveクォータ情報を取得できませんでした: User's mysite not found.

Status: 404 (NotFound)
ErrorCode: ResourceNotFound
Date: 2025-04-13T11:39:40

Headers:
Vary                          : Accept-Encoding
Strict-Transport-Security     : max-age=31536000
request-id                    : f0430f1a-ea92-419a-b106-433e0393823d
client-request-id             : c2fadb9f-cc96-49d5-9491-73b19dcab529
x-ms-ags-diagnostic           : {"ServerInfo":{"DataCenter":"Japan West","Slice":"E","Ring":"3","ScaleUnit":"002","RoleInstance":"OS1PEPF00005643"}}
Date                          : Sun, 13 Apr 2025 11:39:39 GMT


[2025-04-13 20:39:41] [WARNING] ユーザー shikoku-rakuraku@mirai-const.co.jp のOneDriveクォータ情報を取得できませんでした: User's mysite not found.

Status: 404 (NotFound)
ErrorCode: ResourceNotFound
Date: 2025-04-13T11:39:41

Headers:
Vary                          : Accept-Encoding
Strict-Transport-Security     : max-age=31536000
request-id                    : eb5bac01-efbc-4605-b08c-5cba6233958d
client-request-id             : 6a5132e0-55ca-48b2-a99c-ce8c44430e29
x-ms-ags-diagnostic           : {"ServerInfo":{"DataCenter":"Japan West","Slice":"E","Ring":"3","ScaleUnit":"002","RoleInstance":"OS1PEPF00005643"}}
Date                          : Sun, 13 Apr 2025 11:39:41 GMT


[2025-04-13 20:39:44] [WARNING] ユーザー kanri-tokyo@mirai-const.co.jp のOneDriveクォータ情報を取得できませんでした: User's mysite not found.

Status: 404 (NotFound)
ErrorCode: ResourceNotFound
Date: 2025-04-13T11:39:44

Headers:
Vary                          : Accept-Encoding
Strict-Transport-Security     : max-age=31536000
request-id                    : c0a84237-fcc2-466d-b3a3-2b3cfa07651f
client-request-id             : db7936d9-c4e0-4053-90d4-a9370ab95983
x-ms-ags-diagnostic           : {"ServerInfo":{"DataCenter":"Japan West","Slice":"E","Ring":"3","ScaleUnit":"002","RoleInstance":"OS1PEPF00005643"}}
Date                          : Sun, 13 Apr 2025 11:39:43 GMT


[2025-04-13 20:39:48] [WARNING] ユーザー bid-info05m@mirai-const.co.jp のOneDriveクォータ情報を取得できませんでした: User's mysite not found.

Status: 404 (NotFound)
ErrorCode: ResourceNotFound
Date: 2025-04-13T11:39:48

Headers:
Vary                          : Accept-Encoding
Strict-Transport-Security     : max-age=31536000
request-id                    : 73595ef9-c772-43aa-8e9f-d25fef315be7
client-request-id             : 301908f9-3365-4a8d-9892-941271f19655
x-ms-ags-diagnostic           : {"ServerInfo":{"DataCenter":"Japan West","Slice":"E","Ring":"3","ScaleUnit":"002","RoleInstance":"OS1PEPF00005643"}}
Date                          : Sun, 13 Apr 2025 11:39:47 GMT


[2025-04-13 20:39:50] [WARNING] ユーザー cim-master12@mirai-const.co.jp のOneDriveクォータ情報を取得できませんでした: User's mysite not found.

Status: 404 (NotFound)
ErrorCode: ResourceNotFound
Date: 2025-04-13T11:39:50

Headers:
Vary                          : Accept-Encoding
Strict-Transport-Security     : max-age=31536000
request-id                    : b5aa4156-1247-42a4-bbf0-42793ee76a2c
client-request-id             : de811edd-b7d3-493d-84b5-5a35b3e1e4ca
x-ms-ags-diagnostic           : {"ServerInfo":{"DataCenter":"Japan West","Slice":"E","Ring":"3","ScaleUnit":"002","RoleInstance":"OS1PEPF00005643"}}
Date                          : Sun, 13 Apr 2025 11:39:50 GMT


[2025-04-13 20:39:50] [WARNING] ユーザー m-chugoku@miraiconst.onmicrosoft.com のOneDriveクォータ情報を取得できませんでした: User's mysite not found.

Status: 404 (NotFound)
ErrorCode: ResourceNotFound
Date: 2025-04-13T11:39:50

Headers:
Vary                          : Accept-Encoding
Strict-Transport-Security     : max-age=31536000
request-id                    : 0bbb639a-facb-4175-ac80-1105187e074a
client-request-id             : dc203408-0c60-4732-bb18-6407d5efd5da
x-ms-ags-diagnostic           : {"ServerInfo":{"DataCenter":"Japan West","Slice":"E","Ring":"3","ScaleUnit":"002","RoleInstance":"OS1PEPF00005643"}}
Date                          : Sun, 13 Apr 2025 11:39:50 GMT


[2025-04-13 20:39:52] [WARNING] ユーザー mirai-zoom@miraiconst.onmicrosoft.com のOneDriveクォータ情報を取得できませんでした: User's mysite not found.

Status: 404 (NotFound)
ErrorCode: ResourceNotFound
Date: 2025-04-13T11:39:52

Headers:
Vary                          : Accept-Encoding
Strict-Transport-Security     : max-age=31536000
request-id                    : 1b2ef3f2-97a8-4dda-b940-da936747fdae
client-request-id             : 70340f65-e4fa-41e0-8587-4020723ffde6
x-ms-ags-diagnostic           : {"ServerInfo":{"DataCenter":"Japan West","Slice":"E","Ring":"3","ScaleUnit":"002","RoleInstance":"OS1PEPF00005643"}}
Date                          : Sun, 13 Apr 2025 11:39:51 GMT


[2025-04-13 20:39:53] [WARNING] ユーザー cim-master11@mirai-const.co.jp のOneDriveクォータ情報を取得できませんでした: User's mysite not found.

Status: 404 (NotFound)
ErrorCode: ResourceNotFound
Date: 2025-04-13T11:39:53

Headers:
Vary                          : Accept-Encoding
Strict-Transport-Security     : max-age=31536000
request-id                    : 758d91ad-717f-4e07-ba7e-5c31aea06791
client-request-id             : 3e114deb-734c-455a-9b1a-484e5d0b5fdc
x-ms-ags-diagnostic           : {"ServerInfo":{"DataCenter":"Japan West","Slice":"E","Ring":"3","ScaleUnit":"002","RoleInstance":"OS1PEPF00005643"}}
Date                          : Sun, 13 Apr 2025 11:39:53 GMT


[2025-04-13 20:39:58] [WARNING] ユーザー compliance-hotline@miraiconst.onmicrosoft.com のOneDriveクォータ情報を取得できませんでした: User's mysite not found.

Status: 404 (NotFound)
ErrorCode: ResourceNotFound
Date: 2025-04-13T11:39:58

Headers:
Vary                          : Accept-Encoding
Strict-Transport-Security     : max-age=31536000
request-id                    : 485d2aed-0496-4946-a8b2-ad24dc72d443
client-request-id             : 0a998e8e-692b-4a86-95c7-5ba465c64f6d
x-ms-ags-diagnostic           : {"ServerInfo":{"DataCenter":"Japan West","Slice":"E","Ring":"3","ScaleUnit":"002","RoleInstance":"OS1PEPF00005643"}}
Date                          : Sun, 13 Apr 2025 11:39:58 GMT


[2025-04-13 20:39:59] [WARNING] ユーザー takuro.kumada_aaconst.co.jp#EXT#@miraiconst.onmicrosoft.com のOneDriveクォータ情報を取得できませんでした: User's mysite not found.

Status: 404 (NotFound)
ErrorCode: ResourceNotFound
Date: 2025-04-13T11:39:59

Headers:
Vary                          : Accept-Encoding
Strict-Transport-Security     : max-age=31536000
request-id                    : 86a59aeb-d09e-48fa-b926-3deb8cadef57
client-request-id             : f21be8d9-47bd-4cec-b63e-c225861a9f7e
x-ms-ags-diagnostic           : {"ServerInfo":{"DataCenter":"Japan West","Slice":"E","Ring":"3","ScaleUnit":"002","RoleInstance":"OS1PEPF00005643"}}
Date                          : Sun, 13 Apr 2025 11:39:58 GMT


[2025-04-13 20:40:01] [WARNING] ユーザー chiba-rakuraku@mirai-const.co.jp のOneDriveクォータ情報を取得できませんでした: User's mysite not found.

Status: 404 (NotFound)
ErrorCode: ResourceNotFound
Date: 2025-04-13T11:40:01

Headers:
Vary                          : Accept-Encoding
Strict-Transport-Security     : max-age=31536000
request-id                    : 792e137d-a7bb-4615-a6be-dd46f22ce3d6
client-request-id             : b43b035a-0780-40ca-877a-c3c2e178ba10
x-ms-ags-diagnostic           : {"ServerInfo":{"DataCenter":"Japan West","Slice":"E","Ring":"3","ScaleUnit":"002","RoleInstance":"OS1PEPF00005643"}}
Date                          : Sun, 13 Apr 2025 11:40:00 GMT


[2025-04-13 20:40:02] [WARNING] ユーザー h_kawamura_cdit.or.jp#EXT#@miraiconst.onmicrosoft.com のOneDriveクォータ情報を取得できませんでした: User's mysite not found.

Status: 404 (NotFound)
ErrorCode: ResourceNotFound
Date: 2025-04-13T11:40:02

Headers:
Vary                          : Accept-Encoding
Strict-Transport-Security     : max-age=31536000
request-id                    : 75e069e2-4042-4660-b779-e37027f2e1d1
client-request-id             : 210f5176-88ab-446f-8627-7f11883cb325
x-ms-ags-diagnostic           : {"ServerInfo":{"DataCenter":"Japan West","Slice":"E","Ring":"3","ScaleUnit":"002","RoleInstance":"OS1PEPF00005643"}}
Date                          : Sun, 13 Apr 2025 11:40:01 GMT


[2025-04-13 20:40:03] [WARNING] ユーザー y-kamei@mirai-const.co.jp のOneDriveクォータ情報を取得できませんでした: Method invocation failed because [System.Object[]] does not contain a method named 'op_Division'.
[2025-04-13 20:40:03] [WARNING] ユーザー bid-info03m@mirai-const.co.jp のOneDriveクォータ情報を取得できませんでした: User's mysite not found.

Status: 404 (NotFound)
ErrorCode: ResourceNotFound
Date: 2025-04-13T11:40:03

Headers:
Vary                          : Accept-Encoding
Strict-Transport-Security     : max-age=31536000
request-id                    : be468890-3003-4382-8954-7d230b07225a
client-request-id             : bee876ab-04c0-49e6-be65-456c7a5c74b9
x-ms-ags-diagnostic           : {"ServerInfo":{"DataCenter":"Japan West","Slice":"E","Ring":"3","ScaleUnit":"002","RoleInstance":"OS1PEPF00005643"}}
Date                          : Sun, 13 Apr 2025 11:40:03 GMT


[2025-04-13 20:40:05] [WARNING] ユーザー hokkaido-rakuraku@mirai-const.co.jp のOneDriveクォータ情報を取得できませんでした: User's mysite not found.

Status: 404 (NotFound)
ErrorCode: ResourceNotFound
Date: 2025-04-13T11:40:05

Headers:
Vary                          : Accept-Encoding
Strict-Transport-Security     : max-age=31536000
request-id                    : ecfa6caa-b661-4e22-a577-299c47f8f53d
client-request-id             : 498bb817-a3c9-4fdd-8986-068e57451231
x-ms-ags-diagnostic           : {"ServerInfo":{"DataCenter":"Japan West","Slice":"E","Ring":"3","ScaleUnit":"002","RoleInstance":"OS1PEPF00005643"}}
Date                          : Sun, 13 Apr 2025 11:40:04 GMT


[2025-04-13 20:40:06] [WARNING] ユーザー hp-kanri@miraiconst.onmicrosoft.com のOneDriveクォータ情報を取得できませんでした: User's mysite not found.

Status: 404 (NotFound)
ErrorCode: ResourceNotFound
Date: 2025-04-13T11:40:06

Headers:
Vary                          : Accept-Encoding
Strict-Transport-Security     : max-age=31536000
request-id                    : b80d53d1-45bf-48ef-8f0d-45b56d083e8c
client-request-id             : 3cfbd167-44d2-4fac-8f0c-96be1f724737
x-ms-ags-diagnostic           : {"ServerInfo":{"DataCenter":"Japan West","Slice":"E","Ring":"3","ScaleUnit":"002","RoleInstance":"OS1PEPF00005643"}}
Date                          : Sun, 13 Apr 2025 11:40:05 GMT


[2025-04-13 20:40:10] [WARNING] ユーザー e-watanabe@miraiconst.onmicrosoft.com のOneDriveクォータ情報を取得できませんでした: User's mysite not found.

Status: 404 (NotFound)
ErrorCode: ResourceNotFound
Date: 2025-04-13T11:40:10

Headers:
Vary                          : Accept-Encoding
Strict-Transport-Security     : max-age=31536000
request-id                    : e599fcf4-67f1-42a5-a27f-2b741b9262d6
client-request-id             : 4ac8f509-f0c9-4c9c-a7ad-8d7fd509a823
x-ms-ags-diagnostic           : {"ServerInfo":{"DataCenter":"Japan West","Slice":"E","Ring":"3","ScaleUnit":"002","RoleInstance":"OS1PEPF00005643"}}
Date                          : Sun, 13 Apr 2025 11:40:09 GMT


[2025-04-13 20:40:11] [WARNING] ユーザー n-sunako@mirai-const.co.jp のOneDriveクォータ情報を取得できませんでした: Method invocation failed because [System.Object[]] does not contain a method named 'op_Division'.
[2025-04-13 20:40:12] [INFO] ユーザー n-sunako@mirai-const.co.jp のroleTemplateId: 69091246-20e8-4a56-aa4d-066075b2a7a8
[2025-04-13 20:40:12] [INFO] ユーザー n-sunako@mirai-const.co.jp は管理者ロール: 69091246-20e8-4a56-aa4d-066075b2a7a8
[2025-04-13 20:40:13] [WARNING] ユーザー yamasaki-s89fa_mlit.go.jp#EXT#@miraiconst.onmicrosoft.com のOneDriveクォータ情報を取得できませんでした: User's mysite not found.

Status: 404 (NotFound)
ErrorCode: ResourceNotFound
Date: 2025-04-13T11:40:13

Headers:
Vary                          : Accept-Encoding
Strict-Transport-Security     : max-age=31536000
request-id                    : 78596379-e3b0-4bc1-b359-002535ed5653
client-request-id             : 6a800c0b-c9f6-4848-9028-e66865873bb9
x-ms-ags-diagnostic           : {"ServerInfo":{"DataCenter":"Japan West","Slice":"E","Ring":"3","ScaleUnit":"002","RoleInstance":"OS1PEPF00005643"}}
Date                          : Sun, 13 Apr 2025 11:40:12 GMT


[2025-04-13 20:40:16] [WARNING] ユーザー mail-info@miraiconst.onmicrosoft.com のOneDriveクォータ情報を取得できませんでした: User's mysite not found.

Status: 404 (NotFound)
ErrorCode: ResourceNotFound
Date: 2025-04-13T11:40:16

Headers:
Vary                          : Accept-Encoding
Strict-Transport-Security     : max-age=31536000
request-id                    : e98ddf08-c4c5-469f-93c8-46b5bb56917a
client-request-id             : 4b0406de-f8da-4936-9a7d-d48ded6fc93d
x-ms-ags-diagnostic           : {"ServerInfo":{"DataCenter":"Japan West","Slice":"E","Ring":"3","ScaleUnit":"002","RoleInstance":"OS1PEPF00005643"}}
Date                          : Sun, 13 Apr 2025 11:40:15 GMT


[2025-04-13 20:40:17] [WARNING] ユーザー k-tomioka@mirai-const.co.jp のOneDriveクォータ情報を取得できませんでした: Method invocation failed because [System.Object[]] does not contain a method named 'op_Division'.
[2025-04-13 20:40:19] [WARNING] ユーザー bid-info07m@mirai-const.co.jp のOneDriveクォータ情報を取得できませんでした: User's mysite not found.

Status: 404 (NotFound)
ErrorCode: ResourceNotFound
Date: 2025-04-13T11:40:19

Headers:
Vary                          : Accept-Encoding
Strict-Transport-Security     : max-age=31536000
request-id                    : 6b131cbc-244e-454c-a874-27ad51bef233
client-request-id             : 786a303c-0713-44ee-8db9-997e67a3e419
x-ms-ags-diagnostic           : {"ServerInfo":{"DataCenter":"Japan West","Slice":"E","Ring":"3","ScaleUnit":"002","RoleInstance":"OS1PEPF00005643"}}
Date                          : Sun, 13 Apr 2025 11:40:18 GMT


[2025-04-13 20:40:24] [WARNING] ユーザー cim-master08@mirai-const.co.jp のOneDriveクォータ情報を取得できませんでした: User's mysite not found.

Status: 404 (NotFound)
ErrorCode: ResourceNotFound
Date: 2025-04-13T11:40:24

Headers:
Vary                          : Accept-Encoding
Strict-Transport-Security     : max-age=31536000
request-id                    : ba8fca64-075a-46d1-a172-fee955ebd1ea
client-request-id             : 12d7d30d-071c-4646-b20f-4168552773ae
x-ms-ags-diagnostic           : {"ServerInfo":{"DataCenter":"Japan West","Slice":"E","Ring":"3","ScaleUnit":"002","RoleInstance":"OS1PEPF00005643"}}
Date                          : Sun, 13 Apr 2025 11:40:23 GMT


[2025-04-13 20:40:26] [WARNING] ユーザー y-tsuzuki@mirai-const.co.jp のOneDriveクォータ情報を取得できませんでした: User's mysite not found.

Status: 404 (NotFound)
ErrorCode: ResourceNotFound
Date: 2025-04-13T11:40:26

Headers:
Vary                          : Accept-Encoding
Strict-Transport-Security     : max-age=31536000
request-id                    : 87165050-814d-42ac-b612-823a1e7daa95
client-request-id             : 6db47fe7-0598-484d-ac56-303efb0453f2
x-ms-ags-diagnostic           : {"ServerInfo":{"DataCenter":"Japan West","Slice":"E","Ring":"3","ScaleUnit":"002","RoleInstance":"OS1PEPF00005643"}}
Date                          : Sun, 13 Apr 2025 11:40:25 GMT


[2025-04-13 20:40:26] [WARNING] ユーザー m-info@miraiconst.onmicrosoft.com のOneDriveクォータ情報を取得できませんでした: User's mysite not found.

Status: 404 (NotFound)
ErrorCode: ResourceNotFound
Date: 2025-04-13T11:40:26

Headers:
Vary                          : Accept-Encoding
Strict-Transport-Security     : max-age=31536000
request-id                    : ac597f88-9571-4767-9166-34a19e28d833
client-request-id             : 40f9b2d1-0ef3-4964-a1bb-5a691b3f5d07
x-ms-ags-diagnostic           : {"ServerInfo":{"DataCenter":"Japan West","Slice":"E","Ring":"3","ScaleUnit":"002","RoleInstance":"OS1PEPF00005643"}}
Date                          : Sun, 13 Apr 2025 11:40:26 GMT


[2025-04-13 20:40:30] [WARNING] ユーザー hokkaido@miraiconst.onmicrosoft.com のOneDriveクォータ情報を取得できませんでした: User's mysite not found.

Status: 404 (NotFound)
ErrorCode: ResourceNotFound
Date: 2025-04-13T11:40:30

Headers:
Vary                          : Accept-Encoding
Strict-Transport-Security     : max-age=31536000
request-id                    : 3e092cb0-3a30-4a76-a0d7-bb58e204eb8d
client-request-id             : b02861bf-63f9-4d32-b899-f1ea3cf2977b
x-ms-ags-diagnostic           : {"ServerInfo":{"DataCenter":"Japan West","Slice":"E","Ring":"3","ScaleUnit":"002","RoleInstance":"OS1PEPF00005643"}}
Date                          : Sun, 13 Apr 2025 11:40:29 GMT


[2025-04-13 20:40:30] [WARNING] ユーザー yokohama-rakuraku@mirai-const.co.jp のOneDriveクォータ情報を取得できませんでした: User's mysite not found.

Status: 404 (NotFound)
ErrorCode: ResourceNotFound
Date: 2025-04-13T11:40:30

Headers:
Vary                          : Accept-Encoding
Strict-Transport-Security     : max-age=31536000
request-id                    : 2315cbd9-2f1e-476a-8fd7-770bd960ddab
client-request-id             : 6842a800-94c0-4088-bb41-770c5b8abbf1
x-ms-ags-diagnostic           : {"ServerInfo":{"DataCenter":"Japan West","Slice":"E","Ring":"3","ScaleUnit":"002","RoleInstance":"OS1PEPF00005643"}}
Date                          : Sun, 13 Apr 2025 11:40:29 GMT


[2025-04-13 20:40:32] [WARNING] ユーザー keieikikaku@miraiconst.onmicrosoft.com のOneDriveクォータ情報を取得できませんでした: User's mysite not found.

Status: 404 (NotFound)
ErrorCode: ResourceNotFound
Date: 2025-04-13T11:40:32

Headers:
Vary                          : Accept-Encoding
Strict-Transport-Security     : max-age=31536000
request-id                    : 49950911-0308-4505-b694-cf9539c0fbeb
client-request-id             : 986964b9-8f61-4f32-8ff7-4166fba32d5f
x-ms-ags-diagnostic           : {"ServerInfo":{"DataCenter":"Japan West","Slice":"E","Ring":"3","ScaleUnit":"002","RoleInstance":"OS1PEPF00005643"}}
Date                          : Sun, 13 Apr 2025 11:40:32 GMT


[2025-04-13 20:40:35] [WARNING] ユーザー bid-info11m@mirai-const.co.jp のOneDriveクォータ情報を取得できませんでした: User's mysite not found.

Status: 404 (NotFound)
ErrorCode: ResourceNotFound
Date: 2025-04-13T11:40:35

Headers:
Vary                          : Accept-Encoding
Strict-Transport-Security     : max-age=31536000
request-id                    : 888796c9-869a-4d21-a8a7-02c1117ba62c
client-request-id             : a3193df0-9bac-4300-b853-93262b6df3a4
x-ms-ags-diagnostic           : {"ServerInfo":{"DataCenter":"Japan West","Slice":"E","Ring":"3","ScaleUnit":"002","RoleInstance":"OS1PEPF00005643"}}
Date                          : Sun, 13 Apr 2025 11:40:34 GMT


[2025-04-13 20:40:37] [WARNING] ユーザー bid-info08m@mirai-const.co.jp のOneDriveクォータ情報を取得できませんでした: User's mysite not found.

Status: 404 (NotFound)
ErrorCode: ResourceNotFound
Date: 2025-04-13T11:40:36

Headers:
Vary                          : Accept-Encoding
Strict-Transport-Security     : max-age=31536000
request-id                    : aa20270b-6b47-4860-b14f-d8192852ba2e
client-request-id             : 616cde4e-ba97-4761-8e3b-766ed9a828c8
x-ms-ags-diagnostic           : {"ServerInfo":{"DataCenter":"Japan West","Slice":"E","Ring":"3","ScaleUnit":"002","RoleInstance":"OS1PEPF00005643"}}
Date                          : Sun, 13 Apr 2025 11:40:36 GMT


[2025-04-13 20:40:39] [WARNING] ユーザー cim-master16@mirai-const.co.jp のOneDriveクォータ情報を取得できませんでした: User's mysite not found.

Status: 404 (NotFound)
ErrorCode: ResourceNotFound
Date: 2025-04-13T11:40:39

Headers:
Vary                          : Accept-Encoding
Strict-Transport-Security     : max-age=31536000
request-id                    : 56fc22ef-f5d7-48e5-92a7-98878ed1e531
client-request-id             : f95125c1-7d56-41e6-a41d-a5de37e78435
x-ms-ags-diagnostic           : {"ServerInfo":{"DataCenter":"Japan West","Slice":"E","Ring":"3","ScaleUnit":"001","RoleInstance":"OS1PEPF0000AE2B"}}
Date                          : Sun, 13 Apr 2025 11:40:39 GMT


[2025-04-13 20:40:41] [WARNING] ユーザー cim-master06@mirai-const.co.jp のOneDriveクォータ情報を取得できませんでした: User's mysite not found.

Status: 404 (NotFound)
ErrorCode: ResourceNotFound
Date: 2025-04-13T11:40:41

Headers:
Vary                          : Accept-Encoding
Strict-Transport-Security     : max-age=31536000
request-id                    : 5c4a299c-27eb-4b94-9612-7cc56085072a
client-request-id             : 0401a066-a6a6-479d-a446-735269b9e686
x-ms-ags-diagnostic           : {"ServerInfo":{"DataCenter":"Japan West","Slice":"E","Ring":"3","ScaleUnit":"001","RoleInstance":"OS1PEPF0000AE2B"}}
Date                          : Sun, 13 Apr 2025 11:40:40 GMT


[2025-04-13 20:40:44] [WARNING] ユーザー S.Nagano_otsuka-shokai.co.jp#EXT#@miraiconst.onmicrosoft.com のOneDriveクォータ情報を取得できませんでした: User's mysite not found.

Status: 404 (NotFound)
ErrorCode: ResourceNotFound
Date: 2025-04-13T11:40:44

Headers:
Vary                          : Accept-Encoding
Strict-Transport-Security     : max-age=31536000
request-id                    : f45b5e16-48e0-45ba-9627-1780e73725a4
client-request-id             : 8da53210-1d73-417c-9945-4aefc62f4ea5
x-ms-ags-diagnostic           : {"ServerInfo":{"DataCenter":"Japan West","Slice":"E","Ring":"3","ScaleUnit":"001","RoleInstance":"OS1PEPF0000AE2B"}}
Date                          : Sun, 13 Apr 2025 11:40:44 GMT


[2025-04-13 20:40:47] [WARNING] ユーザー k-sugimoto@miraiconst.onmicrosoft.com のOneDriveクォータ情報を取得できませんでした: User's mysite not found.

Status: 404 (NotFound)
ErrorCode: ResourceNotFound
Date: 2025-04-13T11:40:46

Headers:
Vary                          : Accept-Encoding
Strict-Transport-Security     : max-age=31536000
request-id                    : ae0f3a52-cbf7-49f3-bdbb-4d498fb09009
client-request-id             : 9a39093d-4cab-4916-b027-6470e336f635
x-ms-ags-diagnostic           : {"ServerInfo":{"DataCenter":"Japan West","Slice":"E","Ring":"3","ScaleUnit":"001","RoleInstance":"OS1PEPF0000AE2B"}}
Date                          : Sun, 13 Apr 2025 11:40:46 GMT


[2025-04-13 20:40:48] [WARNING] ユーザー kita-kyushu@miraiconst.onmicrosoft.com のOneDriveクォータ情報を取得できませんでした: User's mysite not found.

Status: 404 (NotFound)
ErrorCode: ResourceNotFound
Date: 2025-04-13T11:40:48

Headers:
Vary                          : Accept-Encoding
Strict-Transport-Security     : max-age=31536000
request-id                    : ec469c5d-813f-437e-850b-91ad93c06fe5
client-request-id             : 9b85110b-8387-48ce-83aa-bc8d7c01ca9a
x-ms-ags-diagnostic           : {"ServerInfo":{"DataCenter":"Japan West","Slice":"E","Ring":"3","ScaleUnit":"001","RoleInstance":"OS1PEPF0000AE2B"}}
Date                          : Sun, 13 Apr 2025 11:40:48 GMT


[2025-04-13 20:40:50] [WARNING] ユーザー bid-info@mirai-const.co.jp のOneDriveクォータ情報を取得できませんでした: User's mysite not found.

Status: 404 (NotFound)
ErrorCode: ResourceNotFound
Date: 2025-04-13T11:40:50

Headers:
Vary                          : Accept-Encoding
Strict-Transport-Security     : max-age=31536000
request-id                    : c0092a40-f750-44a8-8a2e-f497bb59ac57
client-request-id             : cc2b4ec0-9d8a-4071-8d30-a37e335ddd8e
x-ms-ags-diagnostic           : {"ServerInfo":{"DataCenter":"Japan West","Slice":"E","Ring":"3","ScaleUnit":"001","RoleInstance":"OS1PEPF0000AE2B"}}
Date                          : Sun, 13 Apr 2025 11:40:50 GMT


[2025-04-13 20:40:51] [WARNING] ユーザー bid-info01m@mirai-const.co.jp のOneDriveクォータ情報を取得できませんでした: User's mysite not found.

Status: 404 (NotFound)
ErrorCode: ResourceNotFound
Date: 2025-04-13T11:40:51

Headers:
Vary                          : Accept-Encoding
Strict-Transport-Security     : max-age=31536000
request-id                    : e07cac7f-4f18-4c64-9d39-3cba289ac052
client-request-id             : 2646b27c-36a2-4477-bdac-4b3d6f6ceabc
x-ms-ags-diagnostic           : {"ServerInfo":{"DataCenter":"Japan West","Slice":"E","Ring":"3","ScaleUnit":"001","RoleInstance":"OS1PEPF0000AE2B"}}
Date                          : Sun, 13 Apr 2025 11:40:51 GMT


[2025-04-13 20:40:53] [INFO] ユーザー r-niikura@mirai-const.co.jp のroleTemplateId: 62e90394-69f5-4237-9190-012177145e10
[2025-04-13 20:40:53] [INFO] ユーザー r-niikura@mirai-const.co.jp は管理者ロール: 62e90394-69f5-4237-9190-012177145e10
[2025-04-13 20:40:54] [WARNING] ユーザー zaimu@mirai-const.co.jp のOneDriveクォータ情報を取得できませんでした: User's mysite not found.

Status: 404 (NotFound)
ErrorCode: ResourceNotFound
Date: 2025-04-13T11:40:54

Headers:
Vary                          : Accept-Encoding
Strict-Transport-Security     : max-age=31536000
request-id                    : e3fab620-251d-4e5e-867e-21f6003636ef
client-request-id             : facdf799-0def-4969-9447-74eef4483cf2
x-ms-ags-diagnostic           : {"ServerInfo":{"DataCenter":"Japan West","Slice":"E","Ring":"3","ScaleUnit":"001","RoleInstance":"OS1PEPF0000AE2B"}}
Date                          : Sun, 13 Apr 2025 11:40:53 GMT


[2025-04-13 20:40:56] [INFO] ユーザー k-okada@mirai-const.co.jp のroleTemplateId: 69091246-20e8-4a56-aa4d-066075b2a7a8
[2025-04-13 20:40:56] [INFO] ユーザー k-okada@mirai-const.co.jp は管理者ロール: 69091246-20e8-4a56-aa4d-066075b2a7a8
[2025-04-13 20:40:56] [WARNING] ユーザー cim-master15@mirai-const.co.jp のOneDriveクォータ情報を取得できませんでした: User's mysite not found.

Status: 404 (NotFound)
ErrorCode: ResourceNotFound
Date: 2025-04-13T11:40:56

Headers:
Vary                          : Accept-Encoding
Strict-Transport-Security     : max-age=31536000
request-id                    : fde00c6c-20e8-4ee4-aa80-628702621977
client-request-id             : aa6a0e39-db68-47d7-897f-1baf4d02f0f9
x-ms-ags-diagnostic           : {"ServerInfo":{"DataCenter":"Japan West","Slice":"E","Ring":"3","ScaleUnit":"001","RoleInstance":"OS1PEPF0000AE2B"}}
Date                          : Sun, 13 Apr 2025 11:40:56 GMT


[2025-04-13 20:40:58] [WARNING] ユーザー ats-watanabe_mitsuifudosan.co.jp#EXT#@miraiconst.onmicrosoft.com のOneDriveクォータ情報を取得できませんでした: User's mysite not found.

Status: 404 (NotFound)
ErrorCode: ResourceNotFound
Date: 2025-04-13T11:40:58

Headers:
Vary                          : Accept-Encoding
Strict-Transport-Security     : max-age=31536000
request-id                    : 76745be9-6ba7-4964-8195-16f1d5629b9c
client-request-id             : b85a5c95-2119-403c-8456-b7fc22fc64c0
x-ms-ags-diagnostic           : {"ServerInfo":{"DataCenter":"Japan West","Slice":"E","Ring":"3","ScaleUnit":"001","RoleInstance":"OS1PEPF0000AE2B"}}
Date                          : Sun, 13 Apr 2025 11:40:58 GMT


[2025-04-13 20:41:01] [WARNING] ユーザー t-kumai@miraiconst.onmicrosoft.com のOneDriveクォータ情報を取得できませんでした: User's mysite not found.

Status: 404 (NotFound)
ErrorCode: ResourceNotFound
Date: 2025-04-13T11:41:01

Headers:
Vary                          : Accept-Encoding
Strict-Transport-Security     : max-age=31536000
request-id                    : 212f4bc7-30d3-472c-8382-c62f90499ac9
client-request-id             : 64f932de-4b0b-404b-9c4e-30b6d60e38a0
x-ms-ags-diagnostic           : {"ServerInfo":{"DataCenter":"Japan West","Slice":"E","Ring":"3","ScaleUnit":"001","RoleInstance":"OS1PEPF0000AE2B"}}
Date                          : Sun, 13 Apr 2025 11:41:00 GMT


[2025-04-13 20:41:04] [WARNING] ユーザー bid-info12m@mirai-const.co.jp のOneDriveクォータ情報を取得できませんでした: User's mysite not found.

Status: 404 (NotFound)
ErrorCode: ResourceNotFound
Date: 2025-04-13T11:41:04

Headers:
Vary                          : Accept-Encoding
Strict-Transport-Security     : max-age=31536000
request-id                    : 45dbb3bd-9f6c-4e2b-81e8-5bc7b59e1214
client-request-id             : 54368a72-ea58-4196-bdbf-4e1e2c953e37
x-ms-ags-diagnostic           : {"ServerInfo":{"DataCenter":"Japan West","Slice":"E","Ring":"3","ScaleUnit":"001","RoleInstance":"OS1PEPF0000AE2B"}}
Date                          : Sun, 13 Apr 2025 11:41:04 GMT


[2025-04-13 20:41:04] [WARNING] ユーザー cim-master03@mirai-const.co.jp のOneDriveクォータ情報を取得できませんでした: User's mysite not found.

Status: 404 (NotFound)
ErrorCode: ResourceNotFound
Date: 2025-04-13T11:41:04

Headers:
Vary                          : Accept-Encoding
Strict-Transport-Security     : max-age=31536000
request-id                    : c730c1dd-c6ed-4941-a20b-844244ea2a67
client-request-id             : 4024b141-cbe8-40ad-bbc3-65511c321bdd
x-ms-ags-diagnostic           : {"ServerInfo":{"DataCenter":"Japan West","Slice":"E","Ring":"3","ScaleUnit":"001","RoleInstance":"OS1PEPF0000AE2B"}}
Date                          : Sun, 13 Apr 2025 11:41:04 GMT


[2025-04-13 20:41:11] [WARNING] ユーザー tech@miraiconst.onmicrosoft.com のOneDriveクォータ情報を取得できませんでした: User's mysite not found.

Status: 404 (NotFound)
ErrorCode: ResourceNotFound
Date: 2025-04-13T11:41:11

Headers:
Vary                          : Accept-Encoding
Strict-Transport-Security     : max-age=31536000
request-id                    : b2e7d87d-3e5f-455d-9f1a-df2ba74a9e11
client-request-id             : c3d12ed9-9ff2-48b3-ad64-a351e1580761
x-ms-ags-diagnostic           : {"ServerInfo":{"DataCenter":"Japan West","Slice":"E","Ring":"3","ScaleUnit":"001","RoleInstance":"OS1PEPF0000AE2B"}}
Date                          : Sun, 13 Apr 2025 11:41:11 GMT


[2025-04-13 20:41:14] [WARNING] ユーザー sketchup@miraiconst.onmicrosoft.com のOneDriveクォータ情報を取得できませんでした: User's mysite not found.

Status: 404 (NotFound)
ErrorCode: ResourceNotFound
Date: 2025-04-13T11:41:14

Headers:
Vary                          : Accept-Encoding
Strict-Transport-Security     : max-age=31536000
request-id                    : 57ef888f-3b68-4de2-8f14-f9d9068e5743
client-request-id             : 080ea04f-ede0-46eb-beb8-1d0ebd1dafc1
x-ms-ags-diagnostic           : {"ServerInfo":{"DataCenter":"Japan West","Slice":"E","Ring":"3","ScaleUnit":"001","RoleInstance":"OS1PEPF0000AE2B"}}
Date                          : Sun, 13 Apr 2025 11:41:14 GMT


[2025-04-13 20:41:15] [WARNING] ユーザー y-tajima@mirai-const.co.jp のOneDriveクォータ情報を取得できませんでした: User's mysite not found.

Status: 404 (NotFound)
ErrorCode: ResourceNotFound
Date: 2025-04-13T11:41:15

Headers:
Vary                          : Accept-Encoding
Strict-Transport-Security     : max-age=31536000
request-id                    : 063f558f-0afe-4fb7-80b9-5370d90cac55
client-request-id             : 00cd0042-3f81-48cb-ae2c-117e94e142be
x-ms-ags-diagnostic           : {"ServerInfo":{"DataCenter":"Japan West","Slice":"E","Ring":"3","ScaleUnit":"001","RoleInstance":"OS1PEPF0000AE2B"}}
Date                          : Sun, 13 Apr 2025 11:41:14 GMT


[2025-04-13 20:41:16] [WARNING] ユーザー kaikei-support@mirai-const.co.jp のOneDriveクォータ情報を取得できませんでした: User's mysite not found.

Status: 404 (NotFound)
ErrorCode: ResourceNotFound
Date: 2025-04-13T11:41:16

Headers:
Vary                          : Accept-Encoding
Strict-Transport-Security     : max-age=31536000
request-id                    : 3adf2f4f-64a4-45e8-8f71-9871cf268d2a
client-request-id             : f6339873-3677-4c6d-b813-fc49d9d5f456
x-ms-ags-diagnostic           : {"ServerInfo":{"DataCenter":"Japan West","Slice":"E","Ring":"3","ScaleUnit":"001","RoleInstance":"OS1PEPF0000AE2B"}}
Date                          : Sun, 13 Apr 2025 11:41:15 GMT


[2025-04-13 20:41:19] [WARNING] ユーザー m-suzuki@mirai-const.co.jp のOneDriveクォータ情報を取得できませんでした: User's mysite not found.

Status: 404 (NotFound)
ErrorCode: ResourceNotFound
Date: 2025-04-13T11:41:19

Headers:
Vary                          : Accept-Encoding
Strict-Transport-Security     : max-age=31536000
request-id                    : 4a2aa3b0-e56c-4448-abe1-eb68692f39f2
client-request-id             : bf3f2754-3faf-4f10-b3df-f6d0be934b4a
x-ms-ags-diagnostic           : {"ServerInfo":{"DataCenter":"Japan West","Slice":"E","Ring":"3","ScaleUnit":"001","RoleInstance":"OS1PEPF0000AE2B"}}
Date                          : Sun, 13 Apr 2025 11:41:19 GMT


[2025-04-13 20:41:22] [WARNING] ユーザー Sync_AZSV0001_b63ec191406d@miraiconst.onmicrosoft.com のOneDriveクォータ情報を取得できませんでした: User's mysite not found.

Status: 404 (NotFound)
ErrorCode: ResourceNotFound
Date: 2025-04-13T11:41:22

Headers:
Vary                          : Accept-Encoding
Strict-Transport-Security     : max-age=31536000
request-id                    : 5f150809-ce42-472e-8e6a-6cf05479c292
client-request-id             : f188e0af-e960-413a-8210-cdf444ddbb25
x-ms-ags-diagnostic           : {"ServerInfo":{"DataCenter":"Japan West","Slice":"E","Ring":"3","ScaleUnit":"001","RoleInstance":"OS1PEPF0000AE2B"}}
Date                          : Sun, 13 Apr 2025 11:41:21 GMT


[2025-04-13 20:41:23] [INFO] ユーザー Sync_AZSV0001_b63ec191406d@miraiconst.onmicrosoft.com のroleTemplateId: d29b2b05-8046-44ba-8758-1e26182fcf32
[2025-04-13 20:41:24] [WARNING] ユーザー kanri-kyushu@mirai-const.co.jp のOneDriveクォータ情報を取得できませんでした: User's mysite not found.

Status: 404 (NotFound)
ErrorCode: ResourceNotFound
Date: 2025-04-13T11:41:24

Headers:
Vary                          : Accept-Encoding
Strict-Transport-Security     : max-age=31536000
request-id                    : 1e8f265d-97dc-44e2-afa4-31855627068d
client-request-id             : 38fc59f5-252f-48f8-bda8-082147d92194
x-ms-ags-diagnostic           : {"ServerInfo":{"DataCenter":"Japan West","Slice":"E","Ring":"3","ScaleUnit":"001","RoleInstance":"OS1PEPF0000AE2B"}}
Date                          : Sun, 13 Apr 2025 11:41:23 GMT


[2025-04-13 20:41:28] [WARNING] ユーザー bid-info04m@mirai-const.co.jp のOneDriveクォータ情報を取得できませんでした: User's mysite not found.

Status: 404 (NotFound)
ErrorCode: ResourceNotFound
Date: 2025-04-13T11:41:28

Headers:
Vary                          : Accept-Encoding
Strict-Transport-Security     : max-age=31536000
request-id                    : b74d64ba-06bc-44c0-8bd5-7681e7408697
client-request-id             : 500987e9-0c56-467d-9c72-54fab380524f
x-ms-ags-diagnostic           : {"ServerInfo":{"DataCenter":"Japan West","Slice":"E","Ring":"3","ScaleUnit":"001","RoleInstance":"OS1PEPF0000AE2B"}}
Date                          : Sun, 13 Apr 2025 11:41:28 GMT


[2025-04-13 20:41:30] [WARNING] ユーザー cim-master04@mirai-const.co.jp のOneDriveクォータ情報を取得できませんでした: User's mysite not found.

Status: 404 (NotFound)
ErrorCode: ResourceNotFound
Date: 2025-04-13T11:41:30

Headers:
Vary                          : Accept-Encoding
Strict-Transport-Security     : max-age=31536000
request-id                    : a645b66f-ea73-4ac4-a1e1-26be0e452258
client-request-id             : 1d08c7f1-4a8d-4772-9b88-53915890c816
x-ms-ags-diagnostic           : {"ServerInfo":{"DataCenter":"Japan West","Slice":"E","Ring":"3","ScaleUnit":"001","RoleInstance":"OS1PEPF0000AE2B"}}
Date                          : Sun, 13 Apr 2025 11:41:29 GMT


[2025-04-13 20:41:31] [WARNING] ユーザー share@mirai-const.co.jp のOneDriveクォータ情報を取得できませんでした: User's mysite not found.

Status: 404 (NotFound)
ErrorCode: ResourceNotFound
Date: 2025-04-13T11:41:31

Headers:
Vary                          : Accept-Encoding
Strict-Transport-Security     : max-age=31536000
request-id                    : 8b82b2a4-83f9-43f8-88e9-528c10325faa
client-request-id             : a313b9ff-aeaa-4286-99d5-a7cdc262423c
x-ms-ags-diagnostic           : {"ServerInfo":{"DataCenter":"Japan West","Slice":"E","Ring":"3","ScaleUnit":"001","RoleInstance":"OS1PEPF0000AE2B"}}
Date                          : Sun, 13 Apr 2025 11:41:30 GMT


[2025-04-13 20:41:32] [WARNING] ユーザー kitakyushu-rakuraku@mirai-const.co.jp のOneDriveクォータ情報を取得できませんでした: User's mysite not found.

Status: 404 (NotFound)
ErrorCode: ResourceNotFound
Date: 2025-04-13T11:41:32

Headers:
Vary                          : Accept-Encoding
Strict-Transport-Security     : max-age=31536000
request-id                    : 7a9425aa-7df5-4919-8975-3ed8772b2788
client-request-id             : e0f3a091-ddf2-427e-b4ce-1a5ffcf0985b
x-ms-ags-diagnostic           : {"ServerInfo":{"DataCenter":"Japan West","Slice":"E","Ring":"3","ScaleUnit":"001","RoleInstance":"OS1PEPF0000AE2B"}}
Date                          : Sun, 13 Apr 2025 11:41:31 GMT


[2025-04-13 20:41:33] [WARNING] ユーザー amazon-biz@mirai-const.co.jp のOneDriveクォータ情報を取得できませんでした: User's mysite not found.

Status: 404 (NotFound)
ErrorCode: ResourceNotFound
Date: 2025-04-13T11:41:33

Headers:
Vary                          : Accept-Encoding
Strict-Transport-Security     : max-age=31536000
request-id                    : 08959302-7309-43de-afdf-4afa1b7ee3f0
client-request-id             : 58093310-4d6e-4e32-bce3-a134dc2cc4e4
x-ms-ags-diagnostic           : {"ServerInfo":{"DataCenter":"Japan West","Slice":"E","Ring":"3","ScaleUnit":"001","RoleInstance":"OS1PEPF0000AE2B"}}
Date                          : Sun, 13 Apr 2025 11:41:33 GMT


[2025-04-13 20:41:37] [WARNING] ユーザー k-hirabayashi@mirai-const.co.jp のOneDriveクォータ情報を取得できませんでした: User's mysite not found.

Status: 404 (NotFound)
ErrorCode: ResourceNotFound
Date: 2025-04-13T11:41:36

Headers:
Vary                          : Accept-Encoding
Strict-Transport-Security     : max-age=31536000
request-id                    : c2d8d244-efc2-46cc-9659-a97f9e5f860e
client-request-id             : 8acd7a02-7d35-43a9-92bd-78c67720fba9
x-ms-ags-diagnostic           : {"ServerInfo":{"DataCenter":"Japan West","Slice":"E","Ring":"3","ScaleUnit":"001","RoleInstance":"OS1PEPF0000AE2B"}}
Date                          : Sun, 13 Apr 2025 11:41:36 GMT


[2025-04-13 20:41:37] [WARNING] ユーザー shizuoka-rakuraku@mirai-const.co.jp のOneDriveクォータ情報を取得できませんでした: User's mysite not found.

Status: 404 (NotFound)
ErrorCode: ResourceNotFound
Date: 2025-04-13T11:41:37

Headers:
Vary                          : Accept-Encoding
Strict-Transport-Security     : max-age=31536000
request-id                    : 3a1f3035-7c12-42cf-92fd-09fc6f88b80b
client-request-id             : 91909437-051e-4c7e-bc22-484a57b62724
x-ms-ags-diagnostic           : {"ServerInfo":{"DataCenter":"Japan West","Slice":"E","Ring":"3","ScaleUnit":"001","RoleInstance":"OS1PEPF0000AE2B"}}
Date                          : Sun, 13 Apr 2025 11:41:37 GMT


[2025-04-13 20:41:38] [WARNING] ユーザー tokyokouji-rakuraku@mirai-const.co.jp のOneDriveクォータ情報を取得できませんでした: User's mysite not found.

Status: 404 (NotFound)
ErrorCode: ResourceNotFound
Date: 2025-04-13T11:41:38

Headers:
Vary                          : Accept-Encoding
Strict-Transport-Security     : max-age=31536000
request-id                    : a117123a-83f0-4626-8b82-9046a212cff6
client-request-id             : 9cef7b1c-f718-4635-a6bb-828a3750f315
x-ms-ags-diagnostic           : {"ServerInfo":{"DataCenter":"Japan West","Slice":"E","Ring":"3","ScaleUnit":"001","RoleInstance":"OS1PEPF00013C8B"}}
Date                          : Sun, 13 Apr 2025 11:41:38 GMT


[2025-04-13 20:41:43] [WARNING] ユーザー honsya2-1@miraiconst.onmicrosoft.com のOneDriveクォータ情報を取得できませんでした: User's mysite not found.

Status: 404 (NotFound)
ErrorCode: ResourceNotFound
Date: 2025-04-13T11:41:43

Headers:
Vary                          : Accept-Encoding
Strict-Transport-Security     : max-age=31536000
request-id                    : 7e69553d-e026-4d6b-a174-e73bce7740cc
client-request-id             : 459746e4-8a5e-4f37-a7be-8b83c16903bc
x-ms-ags-diagnostic           : {"ServerInfo":{"DataCenter":"Japan West","Slice":"E","Ring":"3","ScaleUnit":"001","RoleInstance":"OS1PEPF00013C8B"}}
Date                          : Sun, 13 Apr 2025 11:41:42 GMT


[2025-04-13 20:41:47] [WARNING] ユーザー ito_mainmark.co.jp#EXT#@miraiconst.onmicrosoft.com のOneDriveクォータ情報を取得できませんでした: User's mysite not found.

Status: 404 (NotFound)
ErrorCode: ResourceNotFound
Date: 2025-04-13T11:41:47

Headers:
Vary                          : Accept-Encoding
Strict-Transport-Security     : max-age=31536000
request-id                    : 0cc27d6e-2861-44a0-a14b-298dea2b7325
client-request-id             : fd340c19-1de7-46a4-8eed-b8f1a572e0bf
x-ms-ags-diagnostic           : {"ServerInfo":{"DataCenter":"Japan West","Slice":"E","Ring":"3","ScaleUnit":"001","RoleInstance":"OS1PEPF00013C8B"}}
Date                          : Sun, 13 Apr 2025 11:41:46 GMT


[2025-04-13 20:41:49] [WARNING] ユーザー yk-takahashi_mitsuifudosan.co.jp#EXT#@miraiconst.onmicrosoft.com のOneDriveクォータ情報を取得できませんでした: User's mysite not found.

Status: 404 (NotFound)
ErrorCode: ResourceNotFound
Date: 2025-04-13T11:41:48

Headers:
Vary                          : Accept-Encoding
Strict-Transport-Security     : max-age=31536000
request-id                    : c5613843-22e0-4ce5-803d-99d024bdbd38
client-request-id             : 43b6e09c-4137-4e75-b98f-48ec349df8dd
x-ms-ags-diagnostic           : {"ServerInfo":{"DataCenter":"Japan West","Slice":"E","Ring":"3","ScaleUnit":"001","RoleInstance":"OS1PEPF00013C8B"}}
Date                          : Sun, 13 Apr 2025 11:41:47 GMT


[2025-04-13 20:41:50] [WARNING] ユーザー chugoku-rakuraku@mirai-const.co.jp のOneDriveクォータ情報を取得できませんでした: User's mysite not found.

Status: 404 (NotFound)
ErrorCode: ResourceNotFound
Date: 2025-04-13T11:41:50

Headers:
Vary                          : Accept-Encoding
Strict-Transport-Security     : max-age=31536000
request-id                    : 69f83fac-cc4d-42ee-b92f-a0e2dbbb369e
client-request-id             : 57a1e2fd-1905-44c1-b42f-e623d3ee51a8
x-ms-ags-diagnostic           : {"ServerInfo":{"DataCenter":"Japan West","Slice":"E","Ring":"3","ScaleUnit":"001","RoleInstance":"OS1PEPF00013C8B"}}
Date                          : Sun, 13 Apr 2025 11:41:49 GMT


[2025-04-13 20:41:51] [WARNING] ユーザー webadmin@miraiconst.onmicrosoft.com のOneDriveクォータ情報を取得できませんでした: User's mysite not found.

Status: 404 (NotFound)
ErrorCode: ResourceNotFound
Date: 2025-04-13T11:41:51

Headers:
Vary                          : Accept-Encoding
Strict-Transport-Security     : max-age=31536000
request-id                    : bb4c4a44-c3ab-4f90-af42-44ff797fc234
client-request-id             : 0b47140f-e36d-4e27-bfe0-84e845543304
x-ms-ags-diagnostic           : {"ServerInfo":{"DataCenter":"Japan West","Slice":"E","Ring":"3","ScaleUnit":"001","RoleInstance":"OS1PEPF00013C8B"}}
Date                          : Sun, 13 Apr 2025 11:41:50 GMT


[2025-04-13 20:41:54] [WARNING] ユーザー tokyokoji@miraiconst.onmicrosoft.com のOneDriveクォータ情報を取得できませんでした: User's mysite not found.

Status: 404 (NotFound)
ErrorCode: ResourceNotFound
Date: 2025-04-13T11:41:54

Headers:
Vary                          : Accept-Encoding
Strict-Transport-Security     : max-age=31536000
request-id                    : 24e13808-60cd-4269-a1a4-f5b36fd988b3
client-request-id             : a957dadb-28bd-4f42-9beb-023245b57337
x-ms-ags-diagnostic           : {"ServerInfo":{"DataCenter":"Japan West","Slice":"E","Ring":"3","ScaleUnit":"001","RoleInstance":"OS1PEPF00013C8B"}}
Date                          : Sun, 13 Apr 2025 11:41:53 GMT


[2025-04-13 20:41:56] [WARNING] ユーザー tokyo-rakuraku@mirai-const.co.jp のOneDriveクォータ情報を取得できませんでした: User's mysite not found.

Status: 404 (NotFound)
ErrorCode: ResourceNotFound
Date: 2025-04-13T11:41:56

Headers:
Vary                          : Accept-Encoding
Strict-Transport-Security     : max-age=31536000
request-id                    : 1bd0570e-d888-4250-bc5c-9aa122a46875
client-request-id             : 44bc843e-4020-466c-b55e-ab6f6a7285d0
x-ms-ags-diagnostic           : {"ServerInfo":{"DataCenter":"Japan West","Slice":"E","Ring":"3","ScaleUnit":"001","RoleInstance":"OS1PEPF00013C8B"}}
Date                          : Sun, 13 Apr 2025 11:41:55 GMT


[2025-04-13 20:41:57] [WARNING] ユーザー mirai-edr@miraiconst.onmicrosoft.com のOneDriveクォータ情報を取得できませんでした: User's mysite not found.

Status: 404 (NotFound)
ErrorCode: ResourceNotFound
Date: 2025-04-13T11:41:57

Headers:
Vary                          : Accept-Encoding
Strict-Transport-Security     : max-age=31536000
request-id                    : 92e542e3-e6f9-4899-9375-0eec1710883d
client-request-id             : 5493703e-9fd6-4131-96ea-a1f228a078d9
x-ms-ags-diagnostic           : {"ServerInfo":{"DataCenter":"Japan West","Slice":"E","Ring":"3","ScaleUnit":"001","RoleInstance":"OS1PEPF00013C8B"}}
Date                          : Sun, 13 Apr 2025 11:41:56 GMT


[2025-04-13 20:41:59] [WARNING] ユーザー bid-info06m@mirai-const.co.jp のOneDriveクォータ情報を取得できませんでした: User's mysite not found.

Status: 404 (NotFound)
ErrorCode: ResourceNotFound
Date: 2025-04-13T11:41:59

Headers:
Vary                          : Accept-Encoding
Strict-Transport-Security     : max-age=31536000
request-id                    : ee486ba4-f855-40e8-b4ea-fd9380d646cd
client-request-id             : 054c516f-5f7c-4734-89d3-094ca2bdffb8
x-ms-ags-diagnostic           : {"ServerInfo":{"DataCenter":"Japan West","Slice":"E","Ring":"3","ScaleUnit":"001","RoleInstance":"OS1PEPF00013C8B"}}
Date                          : Sun, 13 Apr 2025 11:41:58 GMT


[2025-04-13 20:42:00] [WARNING] ユーザー noto-rakuraku@mirai-const.co.jp のOneDriveクォータ情報を取得できませんでした: User's mysite not found.

Status: 404 (NotFound)
ErrorCode: ResourceNotFound
Date: 2025-04-13T11:42:00

Headers:
Vary                          : Accept-Encoding
Strict-Transport-Security     : max-age=31536000
request-id                    : ca909a30-8ef2-4ae7-8218-5650cf2c19ae
client-request-id             : 82311d54-b76c-4e0d-af01-8417793eeb19
x-ms-ags-diagnostic           : {"ServerInfo":{"DataCenter":"Japan West","Slice":"E","Ring":"3","ScaleUnit":"001","RoleInstance":"OS1PEPF00013C8B"}}
Date                          : Sun, 13 Apr 2025 11:41:59 GMT


[2025-04-13 20:42:00] [WARNING] ユーザー aomori-rakuraku@mirai-const.co.jp のOneDriveクォータ情報を取得できませんでした: User's mysite not found.

Status: 404 (NotFound)
ErrorCode: ResourceNotFound
Date: 2025-04-13T11:42:00

Headers:
Vary                          : Accept-Encoding
Strict-Transport-Security     : max-age=31536000
request-id                    : 78f4d0c1-009d-4d0d-9b91-638474b57c09
client-request-id             : f9b3b4bc-52ac-4995-9f57-d33b55fe2fe6
x-ms-ags-diagnostic           : {"ServerInfo":{"DataCenter":"Japan West","Slice":"E","Ring":"3","ScaleUnit":"001","RoleInstance":"OS1PEPF00013C8B"}}
Date                          : Sun, 13 Apr 2025 11:42:00 GMT


[2025-04-13 20:42:03] [WARNING] ユーザー cad-master@miraiconst.onmicrosoft.com のOneDriveクォータ情報を取得できませんでした: User's mysite not found.

Status: 404 (NotFound)
ErrorCode: ResourceNotFound
Date: 2025-04-13T11:42:03

Headers:
Vary                          : Accept-Encoding
Strict-Transport-Security     : max-age=31536000
request-id                    : 86ed3292-2880-416d-9223-e8093245ce3e
client-request-id             : e28d31d5-6188-48f8-b1ab-aa31dba2b82f
x-ms-ags-diagnostic           : {"ServerInfo":{"DataCenter":"Japan West","Slice":"E","Ring":"3","ScaleUnit":"001","RoleInstance":"OS1PEPF00013C8B"}}
Date                          : Sun, 13 Apr 2025 11:42:02 GMT


[2025-04-13 20:42:10] [WARNING] ユーザー direct@mirai-const.co.jp のOneDriveクォータ情報を取得できませんでした: User's mysite not found.

Status: 404 (NotFound)
ErrorCode: ResourceNotFound
Date: 2025-04-13T11:42:10

Headers:
Vary                          : Accept-Encoding
Strict-Transport-Security     : max-age=31536000
request-id                    : 7efff342-5c2b-4d71-9e59-9e19d83cb611
client-request-id             : 6d66075b-316e-4e4d-abe8-2a5014247305
x-ms-ags-diagnostic           : {"ServerInfo":{"DataCenter":"Japan West","Slice":"E","Ring":"3","ScaleUnit":"001","RoleInstance":"OS1PEPF00013C8B"}}
Date                          : Sun, 13 Apr 2025 11:42:09 GMT


[2025-04-13 20:42:10] [WARNING] ユーザー forti-admin@mirai-const.co.jp のOneDriveクォータ情報を取得できませんでした: User's mysite not found.

Status: 404 (NotFound)
ErrorCode: ResourceNotFound
Date: 2025-04-13T11:42:10

Headers:
Vary                          : Accept-Encoding
Strict-Transport-Security     : max-age=31536000
request-id                    : 99813fc2-af48-4cc9-9e4d-e7f477126187
client-request-id             : bd384813-7574-4ae4-95ce-e156191a778c
x-ms-ags-diagnostic           : {"ServerInfo":{"DataCenter":"Japan West","Slice":"E","Ring":"3","ScaleUnit":"001","RoleInstance":"OS1PEPF00013C8B"}}
Date                          : Sun, 13 Apr 2025 11:42:10 GMT


[2025-04-13 20:42:13] [WARNING] ユーザー chubu@miraiconst.onmicrosoft.com のOneDriveクォータ情報を取得できませんでした: User's mysite not found.

Status: 404 (NotFound)
ErrorCode: ResourceNotFound
Date: 2025-04-13T11:42:13

Headers:
Vary                          : Accept-Encoding
Strict-Transport-Security     : max-age=31536000
request-id                    : ec6659ae-e5c4-49ac-9e39-654756fe3ebc
client-request-id             : 36ef353b-888b-4214-8217-c513c8f18f85
x-ms-ags-diagnostic           : {"ServerInfo":{"DataCenter":"Japan West","Slice":"E","Ring":"3","ScaleUnit":"001","RoleInstance":"OS1PEPF00013C8B"}}
Date                          : Sun, 13 Apr 2025 11:42:12 GMT


[2025-04-13 20:42:17] [WARNING] ユーザー ys-yamamoto_apptec.co.jp#EXT#@miraiconst.onmicrosoft.com のOneDriveクォータ情報を取得できませんでした: User's mysite not found.

Status: 404 (NotFound)
ErrorCode: ResourceNotFound
Date: 2025-04-13T11:42:17

Headers:
Vary                          : Accept-Encoding
Strict-Transport-Security     : max-age=31536000
request-id                    : 4cbadc0f-b6ad-4fb3-bbab-36432bd2d573
client-request-id             : ba340a99-2b02-4bc5-84a9-d46397b6cab9
x-ms-ags-diagnostic           : {"ServerInfo":{"DataCenter":"Japan West","Slice":"E","Ring":"3","ScaleUnit":"001","RoleInstance":"OS1PEPF00013C8B"}}
Date                          : Sun, 13 Apr 2025 11:42:16 GMT


[2025-04-13 20:42:18] [WARNING] ユーザー r-futenma@mirai-const.co.jp のOneDriveクォータ情報を取得できませんでした: User's mysite not found.

Status: 404 (NotFound)
ErrorCode: ResourceNotFound
Date: 2025-04-13T11:42:18

Headers:
Vary                          : Accept-Encoding
Strict-Transport-Security     : max-age=31536000
request-id                    : ce2b0f63-5afa-47af-8d14-40a6102e3ab1
client-request-id             : 3a8b59f7-003d-4e25-8c7e-9178945996c7
x-ms-ags-diagnostic           : {"ServerInfo":{"DataCenter":"Japan West","Slice":"E","Ring":"3","ScaleUnit":"001","RoleInstance":"OS1PEPF00013C8B"}}
Date                          : Sun, 13 Apr 2025 11:42:17 GMT


[2025-04-13 20:42:19] [WARNING] ユーザー cim-master13@mirai-const.co.jp のOneDriveクォータ情報を取得できませんでした: User's mysite not found.

Status: 404 (NotFound)
ErrorCode: ResourceNotFound
Date: 2025-04-13T11:42:19

Headers:
Vary                          : Accept-Encoding
Strict-Transport-Security     : max-age=31536000
request-id                    : a6dbf4b8-99a7-400c-8139-c70f5c9583a3
client-request-id             : 471e4012-b3f5-4f37-a364-8e1291870911
x-ms-ags-diagnostic           : {"ServerInfo":{"DataCenter":"Japan West","Slice":"E","Ring":"3","ScaleUnit":"001","RoleInstance":"OS1PEPF00013C8B"}}
Date                          : Sun, 13 Apr 2025 11:42:18 GMT


[2025-04-13 20:42:20] [WARNING] ユーザー na-kadokawa_apptec.co.jp#EXT#@miraiconst.onmicrosoft.com のOneDriveクォータ情報を取得できませんでした: User's mysite not found.

Status: 404 (NotFound)
ErrorCode: ResourceNotFound
Date: 2025-04-13T11:42:20

Headers:
Vary                          : Accept-Encoding
Strict-Transport-Security     : max-age=31536000
request-id                    : 6ca3e6d0-3cca-4010-a58e-672e588f728f
client-request-id             : a8891d64-da75-481c-bf07-cf88b406118d
x-ms-ags-diagnostic           : {"ServerInfo":{"DataCenter":"Japan West","Slice":"E","Ring":"3","ScaleUnit":"001","RoleInstance":"OS1PEPF00013C8B"}}
Date                          : Sun, 13 Apr 2025 11:42:19 GMT


[2025-04-13 20:42:25] [WARNING] ユーザー mirai-sns@miraiconst.onmicrosoft.com のOneDriveクォータ情報を取得できませんでした: User's mysite not found.

Status: 404 (NotFound)
ErrorCode: ResourceNotFound
Date: 2025-04-13T11:42:25

Headers:
Vary                          : Accept-Encoding
Strict-Transport-Security     : max-age=31536000
request-id                    : 398c577f-0c0a-443c-8bc5-69d804bba15f
client-request-id             : 40b15a1b-41e0-4a04-82dc-95b97369edbb
x-ms-ags-diagnostic           : {"ServerInfo":{"DataCenter":"Japan West","Slice":"E","Ring":"3","ScaleUnit":"001","RoleInstance":"OS1PEPF00013C8B"}}
Date                          : Sun, 13 Apr 2025 11:42:24 GMT


[2025-04-13 20:42:28] [WARNING] ユーザー et-satoh@mirai-const.co.jp のOneDriveクォータ情報を取得できませんでした: User's mysite not found.

Status: 404 (NotFound)
ErrorCode: ResourceNotFound
Date: 2025-04-13T11:42:27

Headers:
Vary                          : Accept-Encoding
Strict-Transport-Security     : max-age=31536000
request-id                    : d28ae81d-346f-48e3-97bf-135a40cef0c7
client-request-id             : c5f3868a-dd78-472b-80d6-b4d5fb5be364
x-ms-ags-diagnostic           : {"ServerInfo":{"DataCenter":"Japan West","Slice":"E","Ring":"3","ScaleUnit":"001","RoleInstance":"OS1PEPF00013C8B"}}
Date                          : Sun, 13 Apr 2025 11:42:26 GMT


[2025-04-13 20:42:32] [WARNING] ユーザー k-obara@mirai-const.co.jp のOneDriveクォータ情報を取得できませんでした: User's mysite not found.

Status: 404 (NotFound)
ErrorCode: ResourceNotFound
Date: 2025-04-13T11:42:31

Headers:
Vary                          : Accept-Encoding
Strict-Transport-Security     : max-age=31536000
request-id                    : 1c647278-cb74-497c-b3ac-cf65d2d847ad
client-request-id             : b32c5041-c85d-484b-84d1-a6e1e39b8c00
x-ms-ags-diagnostic           : {"ServerInfo":{"DataCenter":"Japan West","Slice":"E","Ring":"3","ScaleUnit":"001","RoleInstance":"OS1PEPF00013C8B"}}
Date                          : Sun, 13 Apr 2025 11:42:31 GMT


[2025-04-13 20:42:35] [WARNING] ユーザー kanri-oosaka@mirai-const.co.jp のOneDriveクォータ情報を取得できませんでした: User's mysite not found.

Status: 404 (NotFound)
ErrorCode: ResourceNotFound
Date: 2025-04-13T11:42:35

Headers:
Vary                          : Accept-Encoding
Strict-Transport-Security     : max-age=31536000
request-id                    : 46f9730c-e274-4181-a63e-14a59bf8c124
client-request-id             : 35538793-745f-4a61-b7f6-b115f11457eb
x-ms-ags-diagnostic           : {"ServerInfo":{"DataCenter":"Japan West","Slice":"E","Ring":"3","ScaleUnit":"001","RoleInstance":"OS1PEPF00013C8B"}}
Date                          : Sun, 13 Apr 2025 11:42:35 GMT


[2025-04-13 20:42:37] [WARNING] ユーザー haruka.ishigaki_aaconst.onmicrosoft.com#EXT#@miraiconst.onmicrosoft.com のOneDriveクォータ情報を取得できませんでした: User's mysite not found.

Status: 404 (NotFound)
ErrorCode: ResourceNotFound
Date: 2025-04-13T11:42:37

Headers:
Vary                          : Accept-Encoding
Strict-Transport-Security     : max-age=31536000
request-id                    : 40a246e2-6c95-405e-a1e9-82191af56010
client-request-id             : e708087a-16df-4bca-a3f3-277179646d82
x-ms-ags-diagnostic           : {"ServerInfo":{"DataCenter":"Japan West","Slice":"E","Ring":"3","ScaleUnit":"001","RoleInstance":"OS1PEPF00013C8B"}}
Date                          : Sun, 13 Apr 2025 11:42:37 GMT


[2025-04-13 20:42:40] [WARNING] ユーザー bid-info02m@mirai-const.co.jp のOneDriveクォータ情報を取得できませんでした: User's mysite not found.

Status: 404 (NotFound)
ErrorCode: ResourceNotFound
Date: 2025-04-13T11:42:40

Headers:
Vary                          : Accept-Encoding
Strict-Transport-Security     : max-age=31536000
request-id                    : f595a1c9-b760-4714-9296-1b0501005619
client-request-id             : 715195ab-1cd5-408e-8185-7abd040b3af7
x-ms-ags-diagnostic           : {"ServerInfo":{"DataCenter":"Japan West","Slice":"E","Ring":"3","ScaleUnit":"001","RoleInstance":"OS1PEPF0000AE2C"}}
Date                          : Sun, 13 Apr 2025 11:42:39 GMT


[2025-04-13 20:42:41] [SUCCESS] OneDriveクォータ情報の取得が完了しました。取得件数: 524
[2025-04-13 20:42:41] [SUCCESS] CSVファイルを作成しました: C:\kitting\OneDriveforBusinessManagementSystem\OneDriveManagement.20250413\Basic_Data_Collection.20250413\OneDriveQuota.20250413204241.csv
[2025-04-13 20:42:41] [INFO] HTMLファイルを作成します: C:\kitting\OneDriveforBusinessManagementSystem\OneDriveManagement.20250413\Basic_Data_Collection.20250413\OneDriveQuota.20250413204241.html
[2025-04-13 20:42:47] [SUCCESS] HTMLファイルの作成が完了しました: C:\kitting\OneDriveforBusinessManagementSystem\OneDriveManagement.20250413\Basic_Data_Collection.20250413\OneDriveQuota.20250413204241.html
[2025-04-13 20:42:47] [INFO] Excelでファイルを開いて列幅の調整とフィルターの適用を行います...
[2025-04-13 20:42:49] [SUCCESS] Excelでの処理が完了しました。
[2025-04-13 20:42:49] [INFO] HTMLファイルを生成しています...
[2025-04-13 20:42:51] [SUCCESS] HTMLファイルの生成が完了しました: C:\kitting\OneDriveforBusinessManagementSystem\OneDriveManagement.20250413\Basic_Data_Collection.20250413\OneDriveQuota.20250413204241.html
