[2025-04-13 19:23:37] [INFO] ストレージクォータ取得を開始します
[2025-04-13 19:23:37] [INFO] 出力ディレクトリ: C:\kitting\OneDriveforBusinessManagementSystem\OneDriveManagement.20250413\Basic_Data_Collection.20250413
[2025-04-13 19:23:37] [INFO] ログディレクトリ: C:\kitting\OneDriveforBusinessManagementSystem\OneDriveManagement.20250413\Log
[2025-04-13 19:23:37] [WARNING] Graph接続済みですが、ユーザー情報は取得できません。
[2025-04-13 19:23:37] [WARNING] Graph接続済みですが、ユーザー情報は取得できません。
[2025-04-13 19:23:37] [INFO] すべてのユーザーのOneDriveクォータ情報を取得しています...
[2025-04-13 19:23:40] [WARNING] ユーザー okinawa-rakuraku@mirai-const.co.jp のOneDriveクォータ情報を取得できませんでした: User's mysite not found.

Status: 404 (NotFound)
ErrorCode: ResourceNotFound
Date: 2025-04-13T10:23:40

Headers:
Vary                          : Accept-Encoding
Strict-Transport-Security     : max-age=31536000
request-id                    : 6b1bf94a-f090-441a-abee-5391ecccecea
client-request-id             : 21c7c292-f2d8-4281-971c-0c69e30e0509
x-ms-ags-diagnostic           : {"ServerInfo":{"DataCenter":"Japan West","Slice":"E","Ring":"3","ScaleUnit":"001","RoleInstance":"OS1PEPF00006C3D"}}
Date                          : Sun, 13 Apr 2025 10:23:40 GMT


[2025-04-13 19:23:48] [WARNING] ユーザー admin@miraiconst.onmicrosoft.com のOneDriveクォータ情報を取得できませんでした: User's mysite not found.

Status: 404 (NotFound)
ErrorCode: ResourceNotFound
Date: 2025-04-13T10:23:48

Headers:
Vary                          : Accept-Encoding
Strict-Transport-Security     : max-age=31536000
request-id                    : 81d028fa-b97e-4f5e-a5bb-e4cdcd72c33a
client-request-id             : 90962b9f-efc9-4c7e-9f3f-63d0b09e78d8
x-ms-ags-diagnostic           : {"ServerInfo":{"DataCenter":"Japan West","Slice":"E","Ring":"3","ScaleUnit":"001","RoleInstance":"OS1PEPF00006C3D"}}
Date                          : Sun, 13 Apr 2025 10:23:48 GMT


[2025-04-13 19:23:49] [INFO] ユーザー admin@miraiconst.onmicrosoft.com のroleTemplateId: 62e90394-69f5-4237-9190-012177145e10
[2025-04-13 19:23:49] [INFO] ユーザー admin@miraiconst.onmicrosoft.com は管理者ロール: 62e90394-69f5-4237-9190-012177145e10
[2025-04-13 19:23:53] [WARNING] ユーザー admin1@miraiconst.onmicrosoft.com のOneDriveクォータ情報を取得できませんでした: User's mysite not found.

Status: 404 (NotFound)
ErrorCode: ResourceNotFound
Date: 2025-04-13T10:23:53

Headers:
Vary                          : Accept-Encoding
Strict-Transport-Security     : max-age=31536000
request-id                    : 21f168d9-ea72-48c6-952b-b4c2f38a9429
client-request-id             : 8c48f182-ace8-42b4-9c0d-f74cadba4eef
x-ms-ags-diagnostic           : {"ServerInfo":{"DataCenter":"Japan West","Slice":"E","Ring":"3","ScaleUnit":"001","RoleInstance":"OS1PEPF00006C3D"}}
Date                          : Sun, 13 Apr 2025 10:23:53 GMT


[2025-04-13 19:23:54] [WARNING] ユーザー cim-master10@mirai-const.co.jp のOneDriveクォータ情報を取得できませんでした: User's mysite not found.

Status: 404 (NotFound)
ErrorCode: ResourceNotFound
Date: 2025-04-13T10:23:54

Headers:
Vary                          : Accept-Encoding
Strict-Transport-Security     : max-age=31536000
request-id                    : 9d2afaf0-812f-4572-91ff-6e2e78be7736
client-request-id             : 9a25fea5-75a5-44d5-9a81-72228fd04b4f
x-ms-ags-diagnostic           : {"ServerInfo":{"DataCenter":"Japan West","Slice":"E","Ring":"3","ScaleUnit":"001","RoleInstance":"OS1PEPF00006C3D"}}
Date                          : Sun, 13 Apr 2025 10:23:53 GMT


[2025-04-13 19:23:57] [WARNING] ユーザー jinji-saiyou@mirai-const.co.jp のOneDriveクォータ情報を取得できませんでした: User's mysite not found.

Status: 404 (NotFound)
ErrorCode: ResourceNotFound
Date: 2025-04-13T10:23:57

Headers:
Vary                          : Accept-Encoding
Strict-Transport-Security     : max-age=31536000
request-id                    : 2416c937-b415-43f9-a2e8-d38bdfe14489
client-request-id             : 4b917e06-aff9-4b17-a115-46b770e3edf8
x-ms-ags-diagnostic           : {"ServerInfo":{"DataCenter":"Japan West","Slice":"E","Ring":"3","ScaleUnit":"001","RoleInstance":"OS1PEPF00006C3D"}}
Date                          : Sun, 13 Apr 2025 10:23:57 GMT


[2025-04-13 19:24:01] [WARNING] ユーザー soumu-payment@mirai-const.co.jp のOneDriveクォータ情報を取得できませんでした: User's mysite not found.

Status: 404 (NotFound)
ErrorCode: ResourceNotFound
Date: 2025-04-13T10:24:01

Headers:
Vary                          : Accept-Encoding
Strict-Transport-Security     : max-age=31536000
request-id                    : 54c85c46-4e91-45b5-8978-b8ea71197609
client-request-id             : 0e84e77c-b18c-49ec-87d8-6cd7b18e5d2c
x-ms-ags-diagnostic           : {"ServerInfo":{"DataCenter":"Japan West","Slice":"E","Ring":"3","ScaleUnit":"001","RoleInstance":"OS1PEPF00006C3D"}}
Date                          : Sun, 13 Apr 2025 10:24:00 GMT


[2025-04-13 19:24:02] [WARNING] ユーザー mf-jigyoukikaku@miraiconst.onmicrosoft.com のOneDriveクォータ情報を取得できませんでした: User's mysite not found.

Status: 404 (NotFound)
ErrorCode: ResourceNotFound
Date: 2025-04-13T10:24:02

Headers:
Vary                          : Accept-Encoding
Strict-Transport-Security     : max-age=31536000
request-id                    : c50f2c05-d0b1-49de-a668-3df7787532b8
client-request-id             : 2c1f51ba-28f1-4c8e-a112-24512c267c91
x-ms-ags-diagnostic           : {"ServerInfo":{"DataCenter":"Japan West","Slice":"E","Ring":"3","ScaleUnit":"001","RoleInstance":"OS1PEPF00006C3D"}}
Date                          : Sun, 13 Apr 2025 10:24:01 GMT


[2025-04-13 19:24:04] [WARNING] ユーザー henngetest@mirai-const.co.jp のOneDriveクォータ情報を取得できませんでした: User's mysite not found.

Status: 404 (NotFound)
ErrorCode: ResourceNotFound
Date: 2025-04-13T10:24:04

Headers:
Vary                          : Accept-Encoding
Strict-Transport-Security     : max-age=31536000
request-id                    : e06cc671-1d1c-4d36-8323-eadd51a2ec79
client-request-id             : 6fd0ebbb-50d1-45fb-a23c-8f7ddff28510
x-ms-ags-diagnostic           : {"ServerInfo":{"DataCenter":"Japan West","Slice":"E","Ring":"3","ScaleUnit":"001","RoleInstance":"OS1PEPF00006C3D"}}
Date                          : Sun, 13 Apr 2025 10:24:04 GMT


[2025-04-13 19:24:18] [WARNING] ユーザー ariake-rakuraku@mirai-const.co.jp のOneDriveクォータ情報を取得できませんでした: User's mysite not found.

Status: 404 (NotFound)
ErrorCode: ResourceNotFound
Date: 2025-04-13T10:24:18

Headers:
Vary                          : Accept-Encoding
Strict-Transport-Security     : max-age=31536000
request-id                    : e76c54a2-2d92-4ff7-8475-a2972ec24648
client-request-id             : 3505e868-0768-4008-bf12-5edf7e286969
x-ms-ags-diagnostic           : {"ServerInfo":{"DataCenter":"Japan West","Slice":"E","Ring":"3","ScaleUnit":"001","RoleInstance":"OS1PEPF00006C3D"}}
Date                          : Sun, 13 Apr 2025 10:24:18 GMT


[2025-04-13 19:24:19] [WARNING] ユーザー system-info@mirai-const.co.jp のOneDriveクォータ情報を取得できませんでした: User's mysite not found.

Status: 404 (NotFound)
ErrorCode: ResourceNotFound
Date: 2025-04-13T10:24:19

Headers:
Vary                          : Accept-Encoding
Strict-Transport-Security     : max-age=31536000
request-id                    : 4e3a4ddc-f7b4-4932-bf4d-d59b390f4a90
client-request-id             : 3a0bf2ef-e94d-4190-8085-0153b7f5872f
x-ms-ags-diagnostic           : {"ServerInfo":{"DataCenter":"Japan West","Slice":"E","Ring":"3","ScaleUnit":"001","RoleInstance":"OS1PEPF00006C3D"}}
Date                          : Sun, 13 Apr 2025 10:24:18 GMT


[2025-04-13 19:24:25] [WARNING] ユーザー hideyuki.nomura_halekulaniokinawa.com#EXT#@miraiconst.onmicrosoft.com のOneDriveクォータ情報を取得できませんでした: User's mysite not found.

Status: 404 (NotFound)
ErrorCode: ResourceNotFound
Date: 2025-04-13T10:24:25

Headers:
Vary                          : Accept-Encoding
Strict-Transport-Security     : max-age=31536000
request-id                    : bb063d04-577e-4141-aec8-134ea5c9c1de
client-request-id             : 985a3eec-2120-452c-b716-3b1cbb398e7f
x-ms-ags-diagnostic           : {"ServerInfo":{"DataCenter":"Japan West","Slice":"E","Ring":"3","ScaleUnit":"001","RoleInstance":"OS1PEPF00006C3D"}}
Date                          : Sun, 13 Apr 2025 10:24:25 GMT


[2025-04-13 19:24:27] [WARNING] ユーザー cim-master05@mirai-const.co.jp のOneDriveクォータ情報を取得できませんでした: User's mysite not found.

Status: 404 (NotFound)
ErrorCode: ResourceNotFound
Date: 2025-04-13T10:24:26

Headers:
Vary                          : Accept-Encoding
Strict-Transport-Security     : max-age=31536000
request-id                    : ce87f788-887b-4a78-8cc7-ab8e55811afb
client-request-id             : c080743b-177f-4c03-91a9-af36e2347a82
x-ms-ags-diagnostic           : {"ServerInfo":{"DataCenter":"Japan West","Slice":"E","Ring":"3","ScaleUnit":"001","RoleInstance":"OS1PEPF00006C3D"}}
Date                          : Sun, 13 Apr 2025 10:24:25 GMT


[2025-04-13 19:24:28] [WARNING] ユーザー mk-engagement@miraiconst.onmicrosoft.com のOneDriveクォータ情報を取得できませんでした: User's mysite not found.

Status: 404 (NotFound)
ErrorCode: ResourceNotFound
Date: 2025-04-13T10:24:27

Headers:
Vary                          : Accept-Encoding
Strict-Transport-Security     : max-age=31536000
request-id                    : 89ec68d3-e39d-4588-889d-1f3b3bc2820b
client-request-id             : 62c04b1d-e0ef-4e7c-b63c-105a5ddfe944
x-ms-ags-diagnostic           : {"ServerInfo":{"DataCenter":"Japan West","Slice":"E","Ring":"3","ScaleUnit":"001","RoleInstance":"OS1PEPF00006C3D"}}
Date                          : Sun, 13 Apr 2025 10:24:27 GMT


[2025-04-13 19:24:28] [WARNING] ユーザー bid-info10m@mirai-const.co.jp のOneDriveクォータ情報を取得できませんでした: User's mysite not found.

Status: 404 (NotFound)
ErrorCode: ResourceNotFound
Date: 2025-04-13T10:24:28

Headers:
Vary                          : Accept-Encoding
Strict-Transport-Security     : max-age=31536000
request-id                    : 8e68afad-ff46-4334-9f8e-89e77f3b1988
client-request-id             : 02edc7ab-4b9c-4795-9d90-d776f5d9e7c9
x-ms-ags-diagnostic           : {"ServerInfo":{"DataCenter":"Japan West","Slice":"E","Ring":"3","ScaleUnit":"001","RoleInstance":"OS1PEPF00006C3D"}}
Date                          : Sun, 13 Apr 2025 10:24:28 GMT


[2025-04-13 19:24:29] [WARNING] ユーザー bid-info09m@mirai-const.co.jp のOneDriveクォータ情報を取得できませんでした: User's mysite not found.

Status: 404 (NotFound)
ErrorCode: ResourceNotFound
Date: 2025-04-13T10:24:29

Headers:
Vary                          : Accept-Encoding
Strict-Transport-Security     : max-age=31536000
request-id                    : 1b5b8392-0fa5-460e-a1cf-b9f3e801ea42
client-request-id             : 8a6bdefd-5005-44ad-ba7c-01dc457dd507
x-ms-ags-diagnostic           : {"ServerInfo":{"DataCenter":"Japan West","Slice":"E","Ring":"3","ScaleUnit":"001","RoleInstance":"OS1PEPF00006C3D"}}
Date                          : Sun, 13 Apr 2025 10:24:28 GMT


[2025-04-13 19:24:31] [WARNING] ユーザー hokuriku-rakuraku@mirai-const.co.jp のOneDriveクォータ情報を取得できませんでした: User's mysite not found.

Status: 404 (NotFound)
ErrorCode: ResourceNotFound
Date: 2025-04-13T10:24:31

Headers:
Vary                          : Accept-Encoding
Strict-Transport-Security     : max-age=31536000
request-id                    : 99fbdd64-8c67-4c7b-8c54-887604913f21
client-request-id             : 40fdea38-8a1b-4dd6-8ccb-cf1fcdb8b607
x-ms-ags-diagnostic           : {"ServerInfo":{"DataCenter":"Japan West","Slice":"E","Ring":"3","ScaleUnit":"001","RoleInstance":"OS1PEPF00006C3D"}}
Date                          : Sun, 13 Apr 2025 10:24:30 GMT


[2025-04-13 19:24:33] [WARNING] ユーザー m-ariake@miraiconst.onmicrosoft.com のOneDriveクォータ情報を取得できませんでした: User's mysite not found.

Status: 404 (NotFound)
ErrorCode: ResourceNotFound
Date: 2025-04-13T10:24:33

Headers:
Vary                          : Accept-Encoding
Strict-Transport-Security     : max-age=31536000
request-id                    : 34f9decc-cc3c-4584-b72f-d27fcc59345e
client-request-id             : 6dc6c348-dc4c-42c8-9c9d-f4162620f2c6
x-ms-ags-diagnostic           : {"ServerInfo":{"DataCenter":"Japan West","Slice":"E","Ring":"3","ScaleUnit":"001","RoleInstance":"OS1PEPF00006C3D"}}
Date                          : Sun, 13 Apr 2025 10:24:33 GMT


[2025-04-13 19:24:35] [WARNING] ユーザー cim-master14@mirai-const.co.jp のOneDriveクォータ情報を取得できませんでした: User's mysite not found.

Status: 404 (NotFound)
ErrorCode: ResourceNotFound
Date: 2025-04-13T10:24:35

Headers:
Vary                          : Accept-Encoding
Strict-Transport-Security     : max-age=31536000
request-id                    : 1ec3cdf6-c932-478e-9318-57a4a6f15ca3
client-request-id             : 0f033a4f-d129-4448-9f54-886e4c4b6f6d
x-ms-ags-diagnostic           : {"ServerInfo":{"DataCenter":"Japan West","Slice":"E","Ring":"3","ScaleUnit":"001","RoleInstance":"OS1PEPF00006C3D"}}
Date                          : Sun, 13 Apr 2025 10:24:34 GMT


[2025-04-13 19:24:43] [WARNING] ユーザー chubu-rakuraku@mirai-const.co.jp のOneDriveクォータ情報を取得できませんでした: User's mysite not found.

Status: 404 (NotFound)
ErrorCode: ResourceNotFound
Date: 2025-04-13T10:24:43

Headers:
Vary                          : Accept-Encoding
Strict-Transport-Security     : max-age=31536000
request-id                    : 3d8ca5e1-fafe-43ca-a5a5-5391d74ce1f8
client-request-id             : ad7d6707-e885-4f83-a98d-477d36311641
x-ms-ags-diagnostic           : {"ServerInfo":{"DataCenter":"Japan West","Slice":"E","Ring":"3","ScaleUnit":"001","RoleInstance":"OS1PEPF000116A6"}}
Date                          : Sun, 13 Apr 2025 10:24:43 GMT


[2025-04-13 19:24:47] [WARNING] ユーザー i-komada@mirai-const.co.jp のOneDriveクォータ情報を取得できませんでした: User's mysite not found.

Status: 404 (NotFound)
ErrorCode: ResourceNotFound
Date: 2025-04-13T10:24:47

Headers:
Vary                          : Accept-Encoding
Strict-Transport-Security     : max-age=31536000
request-id                    : 9e587243-b8e0-493f-a349-d11ad426cf42
client-request-id             : 6ed407ec-5e20-4b6b-8164-a47a7b0f5dea
x-ms-ags-diagnostic           : {"ServerInfo":{"DataCenter":"Japan West","Slice":"E","Ring":"3","ScaleUnit":"001","RoleInstance":"OS1PEPF000116A6"}}
Date                          : Sun, 13 Apr 2025 10:24:46 GMT


[2025-04-13 19:24:52] [WARNING] ユーザー tsubokawa-y92y2_mlit.go.jp#EXT#@miraiconst.onmicrosoft.com のOneDriveクォータ情報を取得できませんでした: User's mysite not found.

Status: 404 (NotFound)
ErrorCode: ResourceNotFound
Date: 2025-04-13T10:24:52

Headers:
Vary                          : Accept-Encoding
Strict-Transport-Security     : max-age=31536000
request-id                    : 242b0336-40a8-427c-ba34-397981b1de61
client-request-id             : a067974e-cbc3-4d74-aa83-5731b641e6ce
x-ms-ags-diagnostic           : {"ServerInfo":{"DataCenter":"Japan West","Slice":"E","Ring":"3","ScaleUnit":"001","RoleInstance":"OS1PEPF000116A6"}}
Date                          : Sun, 13 Apr 2025 10:24:51 GMT


[2025-04-13 19:24:53] [WARNING] ユーザー m-ushikubo@mirai-const.co.jp のOneDriveクォータ情報を取得できませんでした: User's mysite not found.

Status: 404 (NotFound)
ErrorCode: ResourceNotFound
Date: 2025-04-13T10:24:53

Headers:
Vary                          : Accept-Encoding
Strict-Transport-Security     : max-age=31536000
request-id                    : 10925298-99f9-4bdb-9c7b-8062b5c02e69
client-request-id             : b268155c-bbd2-418d-a8dc-80571454e997
x-ms-ags-diagnostic           : {"ServerInfo":{"DataCenter":"Japan West","Slice":"E","Ring":"3","ScaleUnit":"001","RoleInstance":"OS1PEPF000116A6"}}
Date                          : Sun, 13 Apr 2025 10:24:52 GMT


[2025-04-13 19:24:55] [WARNING] ユーザー kyushu-rakuraku@mirai-const.co.jp のOneDriveクォータ情報を取得できませんでした: User's mysite not found.

Status: 404 (NotFound)
ErrorCode: ResourceNotFound
Date: 2025-04-13T10:24:55

Headers:
Vary                          : Accept-Encoding
Strict-Transport-Security     : max-age=31536000
request-id                    : a53d1cd1-2ef7-4445-8a82-583a4ccd9566
client-request-id             : 2640416b-1301-40b3-b34e-c9b063eacdbf
x-ms-ags-diagnostic           : {"ServerInfo":{"DataCenter":"Japan West","Slice":"E","Ring":"3","ScaleUnit":"001","RoleInstance":"OS1PEPF000116A6"}}
Date                          : Sun, 13 Apr 2025 10:24:54 GMT


[2025-04-13 19:24:58] [WARNING] ユーザー cim-master01@mirai-const.co.jp のOneDriveクォータ情報を取得できませんでした: User's mysite not found.

Status: 404 (NotFound)
ErrorCode: ResourceNotFound
Date: 2025-04-13T10:24:58

Headers:
Vary                          : Accept-Encoding
Strict-Transport-Security     : max-age=31536000
request-id                    : ec372d36-4afc-48e4-b55d-58a958dc0034
client-request-id             : adf49b1e-06b3-4272-8e59-9a0f1ff5b4d8
x-ms-ags-diagnostic           : {"ServerInfo":{"DataCenter":"Japan West","Slice":"E","Ring":"3","ScaleUnit":"001","RoleInstance":"OS1PEPF000116A6"}}
Date                          : Sun, 13 Apr 2025 10:24:57 GMT


[2025-04-13 19:25:00] [WARNING] ユーザー cim-master@mirai-const.co.jp のOneDriveクォータ情報を取得できませんでした: User's mysite not found.

Status: 404 (NotFound)
ErrorCode: ResourceNotFound
Date: 2025-04-13T10:25:00

Headers:
Vary                          : Accept-Encoding
Strict-Transport-Security     : max-age=31536000
request-id                    : c24cf9b2-9881-4aa7-8928-8627168b3e8f
client-request-id             : 3c38ff88-0e0f-4e37-85ba-07ac48350f47
x-ms-ags-diagnostic           : {"ServerInfo":{"DataCenter":"Japan West","Slice":"E","Ring":"3","ScaleUnit":"001","RoleInstance":"OS1PEPF000116A6"}}
Date                          : Sun, 13 Apr 2025 10:24:59 GMT


[2025-04-13 19:25:01] [WARNING] ユーザー cim-master07@mirai-const.co.jp のOneDriveクォータ情報を取得できませんでした: User's mysite not found.

Status: 404 (NotFound)
ErrorCode: ResourceNotFound
Date: 2025-04-13T10:25:01

Headers:
Vary                          : Accept-Encoding
Strict-Transport-Security     : max-age=31536000
request-id                    : a1d04b70-3da7-4afe-8f76-ae38099c3280
client-request-id             : f04a3bd9-9ee4-4f7d-bd3d-7c27075b7e00
x-ms-ags-diagnostic           : {"ServerInfo":{"DataCenter":"Japan West","Slice":"E","Ring":"3","ScaleUnit":"001","RoleInstance":"OS1PEPF000116A6"}}
Date                          : Sun, 13 Apr 2025 10:25:00 GMT


[2025-04-13 19:25:08] [WARNING] ユーザー tohoku-rakuraku@mirai-const.co.jp のOneDriveクォータ情報を取得できませんでした: User's mysite not found.

Status: 404 (NotFound)
ErrorCode: ResourceNotFound
Date: 2025-04-13T10:25:08

Headers:
Vary                          : Accept-Encoding
Strict-Transport-Security     : max-age=31536000
request-id                    : 12e3b72d-b834-4195-8a98-476129a6f6f8
client-request-id             : fdd0b236-185c-4184-b1ca-8cfd4b9b4889
x-ms-ags-diagnostic           : {"ServerInfo":{"DataCenter":"Japan West","Slice":"E","Ring":"3","ScaleUnit":"001","RoleInstance":"OS1PEPF000116A6"}}
Date                          : Sun, 13 Apr 2025 10:25:07 GMT


[2025-04-13 19:25:09] [WARNING] ユーザー cim-master02@mirai-const.co.jp のOneDriveクォータ情報を取得できませんでした: User's mysite not found.

Status: 404 (NotFound)
ErrorCode: ResourceNotFound
Date: 2025-04-13T10:25:08

Headers:
Vary                          : Accept-Encoding
Strict-Transport-Security     : max-age=31536000
request-id                    : ad77cd29-a587-4fcf-bde2-94e7e40f8dd4
client-request-id             : b11c24fe-8f7f-494a-8d60-688b89f0271a
x-ms-ags-diagnostic           : {"ServerInfo":{"DataCenter":"Japan West","Slice":"E","Ring":"3","ScaleUnit":"001","RoleInstance":"OS1PEPF000116A6"}}
Date                          : Sun, 13 Apr 2025 10:25:07 GMT


[2025-04-13 19:25:09] [WARNING] ユーザー cim-master09@mirai-const.co.jp のOneDriveクォータ情報を取得できませんでした: User's mysite not found.

Status: 404 (NotFound)
ErrorCode: ResourceNotFound
Date: 2025-04-13T10:25:09

Headers:
Vary                          : Accept-Encoding
Strict-Transport-Security     : max-age=31536000
request-id                    : d6927e08-5021-4f58-a844-0dfdd538477b
client-request-id             : 9151a2f9-54e6-400f-9ea2-dc9a359b2c84
x-ms-ags-diagnostic           : {"ServerInfo":{"DataCenter":"Japan West","Slice":"E","Ring":"3","ScaleUnit":"001","RoleInstance":"OS1PEPF000116A6"}}
Date                          : Sun, 13 Apr 2025 10:25:08 GMT


[2025-04-13 19:25:10] [WARNING] ユーザー s-yoshie@mirai-const.co.jp のOneDriveクォータ情報を取得できませんでした: Method invocation failed because [System.Object[]] does not contain a method named 'op_Division'.
[2025-04-13 19:25:13] [WARNING] ユーザー ibaraki-rakuraku@mirai-const.co.jp のOneDriveクォータ情報を取得できませんでした: User's mysite not found.

Status: 404 (NotFound)
ErrorCode: ResourceNotFound
Date: 2025-04-13T10:25:13

Headers:
Vary                          : Accept-Encoding
Strict-Transport-Security     : max-age=31536000
request-id                    : 8c89dfab-916c-4264-953a-434fbadc17ff
client-request-id             : 3ee7f2d3-58d1-48ce-9b70-49fb97cb348d
x-ms-ags-diagnostic           : {"ServerInfo":{"DataCenter":"Japan West","Slice":"E","Ring":"3","ScaleUnit":"001","RoleInstance":"OS1PEPF000116A6"}}
Date                          : Sun, 13 Apr 2025 10:25:13 GMT


[2025-04-13 19:25:13] [WARNING] ユーザー mksystem-alert@miraiconst.onmicrosoft.com のOneDriveクォータ情報を取得できませんでした: User's mysite not found.

Status: 404 (NotFound)
ErrorCode: ResourceNotFound
Date: 2025-04-13T10:25:13

Headers:
Vary                          : Accept-Encoding
Strict-Transport-Security     : max-age=31536000
request-id                    : dbf17c79-f4ab-44d6-91e6-929bd9ea1b40
client-request-id             : bca92c28-b4d7-4723-81f8-8a234fb78715
x-ms-ags-diagnostic           : {"ServerInfo":{"DataCenter":"Japan West","Slice":"E","Ring":"3","ScaleUnit":"001","RoleInstance":"OS1PEPF000116A6"}}
Date                          : Sun, 13 Apr 2025 10:25:13 GMT


[2025-04-13 19:25:14] [WARNING] ユーザー honsya2-2@miraiconst.onmicrosoft.com のOneDriveクォータ情報を取得できませんでした: User's mysite not found.

Status: 404 (NotFound)
ErrorCode: ResourceNotFound
Date: 2025-04-13T10:25:14

Headers:
Vary                          : Accept-Encoding
Strict-Transport-Security     : max-age=31536000
request-id                    : ea094975-c1b1-4f23-b17c-722eadb48a3a
client-request-id             : b28c095f-c6da-4ed8-aee1-1769bed49025
x-ms-ags-diagnostic           : {"ServerInfo":{"DataCenter":"Japan West","Slice":"E","Ring":"3","ScaleUnit":"001","RoleInstance":"OS1PEPF000116A6"}}
Date                          : Sun, 13 Apr 2025 10:25:14 GMT


[2025-04-13 19:25:17] [WARNING] ユーザー m-maruta@mirai-const.co.jp のOneDriveクォータ情報を取得できませんでした: User's mysite not found.

Status: 404 (NotFound)
ErrorCode: ResourceNotFound
Date: 2025-04-13T10:25:17

Headers:
Vary                          : Accept-Encoding
Strict-Transport-Security     : max-age=31536000
request-id                    : ac923b52-d70a-402f-838b-55a822f27af1
client-request-id             : e6133a1d-ea55-4f26-8ad7-dea2c344b4d3
x-ms-ags-diagnostic           : {"ServerInfo":{"DataCenter":"Japan West","Slice":"E","Ring":"3","ScaleUnit":"001","RoleInstance":"OS1PEPF000116A6"}}
Date                          : Sun, 13 Apr 2025 10:25:17 GMT


[2025-04-13 19:25:19] [WARNING] ユーザー netis@miraiconst.onmicrosoft.com のOneDriveクォータ情報を取得できませんでした: User's mysite not found.

Status: 404 (NotFound)
ErrorCode: ResourceNotFound
Date: 2025-04-13T10:25:19

Headers:
Vary                          : Accept-Encoding
Strict-Transport-Security     : max-age=31536000
request-id                    : 2f94329b-f9d7-4ab3-8c71-101d1a2ebe9f
client-request-id             : 32b1e276-ecc2-4477-bdb9-9e1fdde0c03a
x-ms-ags-diagnostic           : {"ServerInfo":{"DataCenter":"Japan West","Slice":"E","Ring":"3","ScaleUnit":"001","RoleInstance":"OS1PEPF000116A6"}}
Date                          : Sun, 13 Apr 2025 10:25:19 GMT


[2025-04-13 19:25:20] [WARNING] ユーザー sh-ishihara-old@miraiconst.onmicrosoft.com のOneDriveクォータ情報を取得できませんでした: User's mysite not found.

Status: 404 (NotFound)
ErrorCode: ResourceNotFound
Date: 2025-04-13T10:25:20

Headers:
Vary                          : Accept-Encoding
Strict-Transport-Security     : max-age=31536000
request-id                    : 208b85ed-b04f-4fc2-9d0e-486ee3e83cbb
client-request-id             : 91c06989-a567-41dc-a7e2-81438818c7c2
x-ms-ags-diagnostic           : {"ServerInfo":{"DataCenter":"Japan West","Slice":"E","Ring":"3","ScaleUnit":"001","RoleInstance":"OS1PEPF000116A6"}}
Date                          : Sun, 13 Apr 2025 10:25:20 GMT


[2025-04-13 19:25:23] [WARNING] ユーザー y-ueno@mirai-const.co.jp のOneDriveクォータ情報を取得できませんでした: User's mysite not found.

Status: 404 (NotFound)
ErrorCode: ResourceNotFound
Date: 2025-04-13T10:25:23

Headers:
Vary                          : Accept-Encoding
Strict-Transport-Security     : max-age=31536000
request-id                    : f509918a-26a3-4a22-a35f-a89be37c31a4
client-request-id             : febc6dba-0ff8-4ff7-a9ec-465fe307ab38
x-ms-ags-diagnostic           : {"ServerInfo":{"DataCenter":"Japan West","Slice":"E","Ring":"3","ScaleUnit":"001","RoleInstance":"OS1PEPF000116A6"}}
Date                          : Sun, 13 Apr 2025 10:25:22 GMT


[2025-04-13 19:25:24] [WARNING] ユーザー osaka-rakuraku@mirai-const.co.jp のOneDriveクォータ情報を取得できませんでした: User's mysite not found.

Status: 404 (NotFound)
ErrorCode: ResourceNotFound
Date: 2025-04-13T10:25:24

Headers:
Vary                          : Accept-Encoding
Strict-Transport-Security     : max-age=31536000
request-id                    : f5a1c4f1-eefb-455c-ac31-dddb1477ae7e
client-request-id             : 9337ac83-8ed7-422f-a9f0-c93eacb9c24d
x-ms-ags-diagnostic           : {"ServerInfo":{"DataCenter":"Japan West","Slice":"E","Ring":"3","ScaleUnit":"001","RoleInstance":"OS1PEPF000116A6"}}
Date                          : Sun, 13 Apr 2025 10:25:24 GMT


[2025-04-13 19:25:24] [WARNING] ユーザー apple-id@miraiconst.onmicrosoft.com のOneDriveクォータ情報を取得できませんでした: User's mysite not found.

Status: 404 (NotFound)
ErrorCode: ResourceNotFound
Date: 2025-04-13T10:25:24

Headers:
Vary                          : Accept-Encoding
Strict-Transport-Security     : max-age=31536000
request-id                    : 3ad3f850-11f4-403b-9e5b-fe3ec4685f5b
client-request-id             : 0d0caac1-fdaf-488d-a8c2-8da168bcea18
x-ms-ags-diagnostic           : {"ServerInfo":{"DataCenter":"Japan West","Slice":"E","Ring":"3","ScaleUnit":"001","RoleInstance":"OS1PEPF000116A6"}}
Date                          : Sun, 13 Apr 2025 10:25:24 GMT


[2025-04-13 19:25:24] [WARNING] ユーザー okinawa@miraiconst.onmicrosoft.com のOneDriveクォータ情報を取得できませんでした: User's mysite not found.

Status: 404 (NotFound)
ErrorCode: ResourceNotFound
Date: 2025-04-13T10:25:24

Headers:
Vary                          : Accept-Encoding
Strict-Transport-Security     : max-age=31536000
request-id                    : 0621f7b9-160d-4f4b-8219-0a90e241ec19
client-request-id             : b9f3a4b3-d637-4292-872e-e4e47c6ba893
x-ms-ags-diagnostic           : {"ServerInfo":{"DataCenter":"Japan West","Slice":"E","Ring":"3","ScaleUnit":"001","RoleInstance":"OS1PEPF000116A6"}}
Date                          : Sun, 13 Apr 2025 10:25:24 GMT


[2025-04-13 19:25:33] [WARNING] ユーザー ki-fujita_mitsuifudosan.co.jp#EXT#@miraiconst.onmicrosoft.com のOneDriveクォータ情報を取得できませんでした: User's mysite not found.

Status: 404 (NotFound)
ErrorCode: ResourceNotFound
Date: 2025-04-13T10:25:33

Headers:
Vary                          : Accept-Encoding
Strict-Transport-Security     : max-age=31536000
request-id                    : f0bedc42-1045-4ddb-8c18-a345ec11a16d
client-request-id             : db243d8c-4d43-4e88-87ac-f66c524a82e9
x-ms-ags-diagnostic           : {"ServerInfo":{"DataCenter":"Japan West","Slice":"E","Ring":"3","ScaleUnit":"001","RoleInstance":"OS1PEPF000116A6"}}
Date                          : Sun, 13 Apr 2025 10:25:33 GMT


[2025-04-13 19:25:35] [WARNING] ユーザー shikoku-rakuraku@mirai-const.co.jp のOneDriveクォータ情報を取得できませんでした: User's mysite not found.

Status: 404 (NotFound)
ErrorCode: ResourceNotFound
Date: 2025-04-13T10:25:35

Headers:
Vary                          : Accept-Encoding
Strict-Transport-Security     : max-age=31536000
request-id                    : 0e2fceb0-f195-49ba-af73-24c62eb58116
client-request-id             : 572ebd32-0da3-4a1f-ad27-9b05f10483b4
x-ms-ags-diagnostic           : {"ServerInfo":{"DataCenter":"Japan West","Slice":"E","Ring":"3","ScaleUnit":"001","RoleInstance":"OS1PEPF000116A6"}}
Date                          : Sun, 13 Apr 2025 10:25:35 GMT


[2025-04-13 19:25:37] [WARNING] ユーザー kanri-tokyo@mirai-const.co.jp のOneDriveクォータ情報を取得できませんでした: User's mysite not found.

Status: 404 (NotFound)
ErrorCode: ResourceNotFound
Date: 2025-04-13T10:25:37

Headers:
Vary                          : Accept-Encoding
Strict-Transport-Security     : max-age=31536000
request-id                    : 7f466346-38ad-4c8b-9893-413e3e72414d
client-request-id             : 0ed934c2-5bbf-444c-b719-3b02a2f57a4d
x-ms-ags-diagnostic           : {"ServerInfo":{"DataCenter":"Japan West","Slice":"E","Ring":"3","ScaleUnit":"001","RoleInstance":"OS1PEPF000116A6"}}
Date                          : Sun, 13 Apr 2025 10:25:37 GMT


[2025-04-13 19:25:42] [WARNING] ユーザー bid-info05m@mirai-const.co.jp のOneDriveクォータ情報を取得できませんでした: User's mysite not found.

Status: 404 (NotFound)
ErrorCode: ResourceNotFound
Date: 2025-04-13T10:25:42

Headers:
Vary                          : Accept-Encoding
Strict-Transport-Security     : max-age=31536000
request-id                    : c2ac8562-36b6-4c40-a5eb-f1af27cd154a
client-request-id             : 0c79dc14-169f-4f0f-84bf-aaaf2f78ef0c
x-ms-ags-diagnostic           : {"ServerInfo":{"DataCenter":"Japan West","Slice":"E","Ring":"3","ScaleUnit":"000","RoleInstance":"OS1PEPF0001225D"}}
Date                          : Sun, 13 Apr 2025 10:25:41 GMT


[2025-04-13 19:25:44] [WARNING] ユーザー cim-master12@mirai-const.co.jp のOneDriveクォータ情報を取得できませんでした: User's mysite not found.

Status: 404 (NotFound)
ErrorCode: ResourceNotFound
Date: 2025-04-13T10:25:44

Headers:
Vary                          : Accept-Encoding
Strict-Transport-Security     : max-age=31536000
request-id                    : f5c67d30-77f4-4bd5-906b-b7ba982fa5f4
client-request-id             : 875780e6-dd16-4ec4-ab37-c2f00f182094
x-ms-ags-diagnostic           : {"ServerInfo":{"DataCenter":"Japan West","Slice":"E","Ring":"3","ScaleUnit":"000","RoleInstance":"OS1PEPF0001225D"}}
Date                          : Sun, 13 Apr 2025 10:25:43 GMT


[2025-04-13 19:25:44] [WARNING] ユーザー m-chugoku@miraiconst.onmicrosoft.com のOneDriveクォータ情報を取得できませんでした: User's mysite not found.

Status: 404 (NotFound)
ErrorCode: ResourceNotFound
Date: 2025-04-13T10:25:44

Headers:
Vary                          : Accept-Encoding
Strict-Transport-Security     : max-age=31536000
request-id                    : 2f0b680f-7f41-4108-bcf2-0a7bc8880f22
client-request-id             : 622968b1-b029-42bc-97cc-cdbfa693dcf6
x-ms-ags-diagnostic           : {"ServerInfo":{"DataCenter":"Japan West","Slice":"E","Ring":"3","ScaleUnit":"000","RoleInstance":"OS1PEPF0001225D"}}
Date                          : Sun, 13 Apr 2025 10:25:43 GMT


[2025-04-13 19:25:46] [WARNING] ユーザー mirai-zoom@miraiconst.onmicrosoft.com のOneDriveクォータ情報を取得できませんでした: User's mysite not found.

Status: 404 (NotFound)
ErrorCode: ResourceNotFound
Date: 2025-04-13T10:25:46

Headers:
Vary                          : Accept-Encoding
Strict-Transport-Security     : max-age=31536000
request-id                    : 7617b37e-32e3-49ea-92b7-14e3a68e2098
client-request-id             : 087384c0-a93a-493b-9b53-81e697513afc
x-ms-ags-diagnostic           : {"ServerInfo":{"DataCenter":"Japan West","Slice":"E","Ring":"3","ScaleUnit":"000","RoleInstance":"OS1PEPF0001225D"}}
Date                          : Sun, 13 Apr 2025 10:25:45 GMT


[2025-04-13 19:25:47] [WARNING] ユーザー cim-master11@mirai-const.co.jp のOneDriveクォータ情報を取得できませんでした: User's mysite not found.

Status: 404 (NotFound)
ErrorCode: ResourceNotFound
Date: 2025-04-13T10:25:47

Headers:
Vary                          : Accept-Encoding
Strict-Transport-Security     : max-age=31536000
request-id                    : 3bdad2e6-0ac1-45cb-a4e9-83ef4565c513
client-request-id             : 3a7cb9bc-4d14-4e42-aace-374f9a0b30e5
x-ms-ags-diagnostic           : {"ServerInfo":{"DataCenter":"Japan West","Slice":"E","Ring":"3","ScaleUnit":"000","RoleInstance":"OS1PEPF0001225D"}}
Date                          : Sun, 13 Apr 2025 10:25:46 GMT


[2025-04-13 19:25:52] [WARNING] ユーザー compliance-hotline@miraiconst.onmicrosoft.com のOneDriveクォータ情報を取得できませんでした: User's mysite not found.

Status: 404 (NotFound)
ErrorCode: ResourceNotFound
Date: 2025-04-13T10:25:52

Headers:
Vary                          : Accept-Encoding
Strict-Transport-Security     : max-age=31536000
request-id                    : 737c361c-8bf6-4442-8221-cc0a90ce1f16
client-request-id             : a908c754-625e-4be7-9eae-d1a0c340f7eb
x-ms-ags-diagnostic           : {"ServerInfo":{"DataCenter":"Japan West","Slice":"E","Ring":"3","ScaleUnit":"000","RoleInstance":"OS1PEPF0001225D"}}
Date                          : Sun, 13 Apr 2025 10:25:52 GMT


[2025-04-13 19:25:53] [WARNING] ユーザー takuro.kumada_aaconst.co.jp#EXT#@miraiconst.onmicrosoft.com のOneDriveクォータ情報を取得できませんでした: User's mysite not found.

Status: 404 (NotFound)
ErrorCode: ResourceNotFound
Date: 2025-04-13T10:25:53

Headers:
Vary                          : Accept-Encoding
Strict-Transport-Security     : max-age=31536000
request-id                    : e3b0fdd8-9470-4b6f-a654-2a3062dc35db
client-request-id             : 1765f51f-dfea-4857-938b-25cec1fa77db
x-ms-ags-diagnostic           : {"ServerInfo":{"DataCenter":"Japan West","Slice":"E","Ring":"3","ScaleUnit":"000","RoleInstance":"OS1PEPF0001225D"}}
Date                          : Sun, 13 Apr 2025 10:25:53 GMT


[2025-04-13 19:25:55] [WARNING] ユーザー chiba-rakuraku@mirai-const.co.jp のOneDriveクォータ情報を取得できませんでした: User's mysite not found.

Status: 404 (NotFound)
ErrorCode: ResourceNotFound
Date: 2025-04-13T10:25:55

Headers:
Vary                          : Accept-Encoding
Strict-Transport-Security     : max-age=31536000
request-id                    : 39e58652-568d-4edb-ac11-b1c109e8f286
client-request-id             : cce71fb6-6d04-4e68-b232-45c7d645565d
x-ms-ags-diagnostic           : {"ServerInfo":{"DataCenter":"Japan West","Slice":"E","Ring":"3","ScaleUnit":"000","RoleInstance":"OS1PEPF0001225D"}}
Date                          : Sun, 13 Apr 2025 10:25:55 GMT


[2025-04-13 19:25:55] [WARNING] ユーザー h_kawamura_cdit.or.jp#EXT#@miraiconst.onmicrosoft.com のOneDriveクォータ情報を取得できませんでした: User's mysite not found.

Status: 404 (NotFound)
ErrorCode: ResourceNotFound
Date: 2025-04-13T10:25:55

Headers:
Vary                          : Accept-Encoding
Strict-Transport-Security     : max-age=31536000
request-id                    : 869a763d-128c-41fe-89f9-1a824506da5d
client-request-id             : b75e9836-5964-4158-8216-af45e847284e
x-ms-ags-diagnostic           : {"ServerInfo":{"DataCenter":"Japan West","Slice":"E","Ring":"3","ScaleUnit":"000","RoleInstance":"OS1PEPF0001225D"}}
Date                          : Sun, 13 Apr 2025 10:25:55 GMT


[2025-04-13 19:25:57] [WARNING] ユーザー y-kamei@mirai-const.co.jp のOneDriveクォータ情報を取得できませんでした: Method invocation failed because [System.Object[]] does not contain a method named 'op_Division'.
[2025-04-13 19:25:57] [WARNING] ユーザー bid-info03m@mirai-const.co.jp のOneDriveクォータ情報を取得できませんでした: User's mysite not found.

Status: 404 (NotFound)
ErrorCode: ResourceNotFound
Date: 2025-04-13T10:25:57

Headers:
Vary                          : Accept-Encoding
Strict-Transport-Security     : max-age=31536000
request-id                    : 1beac778-cff7-4795-b93e-999f4b36c5b2
client-request-id             : 8c056ad9-c772-4289-a767-c455edb3e52f
x-ms-ags-diagnostic           : {"ServerInfo":{"DataCenter":"Japan West","Slice":"E","Ring":"3","ScaleUnit":"000","RoleInstance":"OS1PEPF0001225D"}}
Date                          : Sun, 13 Apr 2025 10:25:57 GMT


[2025-04-13 19:25:59] [WARNING] ユーザー hokkaido-rakuraku@mirai-const.co.jp のOneDriveクォータ情報を取得できませんでした: User's mysite not found.

Status: 404 (NotFound)
ErrorCode: ResourceNotFound
Date: 2025-04-13T10:25:59

Headers:
Vary                          : Accept-Encoding
Strict-Transport-Security     : max-age=31536000
request-id                    : 21e0c9f3-8857-4988-8393-93ee6132ceaa
client-request-id             : 3fa6a27d-ae9a-4dd0-9dba-0c5e33e33633
x-ms-ags-diagnostic           : {"ServerInfo":{"DataCenter":"Japan West","Slice":"E","Ring":"3","ScaleUnit":"000","RoleInstance":"OS1PEPF0001225D"}}
Date                          : Sun, 13 Apr 2025 10:25:59 GMT


[2025-04-13 19:25:59] [WARNING] ユーザー hp-kanri@miraiconst.onmicrosoft.com のOneDriveクォータ情報を取得できませんでした: User's mysite not found.

Status: 404 (NotFound)
ErrorCode: ResourceNotFound
Date: 2025-04-13T10:25:59

Headers:
Vary                          : Accept-Encoding
Strict-Transport-Security     : max-age=31536000
request-id                    : 1fcf6bd6-1499-4920-8cb2-d3a93b174fa9
client-request-id             : 87095231-7a8d-48b3-aff1-a459ead47f70
x-ms-ags-diagnostic           : {"ServerInfo":{"DataCenter":"Japan West","Slice":"E","Ring":"3","ScaleUnit":"000","RoleInstance":"OS1PEPF0001225D"}}
Date                          : Sun, 13 Apr 2025 10:25:59 GMT


[2025-04-13 19:26:04] [WARNING] ユーザー e-watanabe@miraiconst.onmicrosoft.com のOneDriveクォータ情報を取得できませんでした: User's mysite not found.

Status: 404 (NotFound)
ErrorCode: ResourceNotFound
Date: 2025-04-13T10:26:04

Headers:
Vary                          : Accept-Encoding
Strict-Transport-Security     : max-age=31536000
request-id                    : a9b5a68f-1da5-411d-9b05-977aa52b67ff
client-request-id             : c70a3124-0ac5-4ff9-9df5-c4e840e07cb7
x-ms-ags-diagnostic           : {"ServerInfo":{"DataCenter":"Japan West","Slice":"E","Ring":"3","ScaleUnit":"000","RoleInstance":"OS1PEPF0001225D"}}
Date                          : Sun, 13 Apr 2025 10:26:04 GMT


[2025-04-13 19:26:04] [WARNING] ユーザー n-sunako@mirai-const.co.jp のOneDriveクォータ情報を取得できませんでした: Method invocation failed because [System.Object[]] does not contain a method named 'op_Division'.
[2025-04-13 19:26:05] [INFO] ユーザー n-sunako@mirai-const.co.jp のroleTemplateId: 69091246-20e8-4a56-aa4d-066075b2a7a8
[2025-04-13 19:26:05] [INFO] ユーザー n-sunako@mirai-const.co.jp は管理者ロール: 69091246-20e8-4a56-aa4d-066075b2a7a8
[2025-04-13 19:26:06] [WARNING] ユーザー yamasaki-s89fa_mlit.go.jp#EXT#@miraiconst.onmicrosoft.com のOneDriveクォータ情報を取得できませんでした: User's mysite not found.

Status: 404 (NotFound)
ErrorCode: ResourceNotFound
Date: 2025-04-13T10:26:06

Headers:
Vary                          : Accept-Encoding
Strict-Transport-Security     : max-age=31536000
request-id                    : 5e74ff9c-ef74-4a9c-9a7a-f91ef32ac16e
client-request-id             : 2d098951-4960-47af-88ad-29c27ce50660
x-ms-ags-diagnostic           : {"ServerInfo":{"DataCenter":"Japan West","Slice":"E","Ring":"3","ScaleUnit":"000","RoleInstance":"OS1PEPF0001225D"}}
Date                          : Sun, 13 Apr 2025 10:26:06 GMT


[2025-04-13 19:26:07] [WARNING] ユーザー mail-info@miraiconst.onmicrosoft.com のOneDriveクォータ情報を取得できませんでした: User's mysite not found.

Status: 404 (NotFound)
ErrorCode: ResourceNotFound
Date: 2025-04-13T10:26:07

Headers:
Vary                          : Accept-Encoding
Strict-Transport-Security     : max-age=31536000
request-id                    : 39325b96-3683-4a02-89a5-ad72360cf2a5
client-request-id             : c2a546b8-638e-4d22-8f7a-6207d5a63b6b
x-ms-ags-diagnostic           : {"ServerInfo":{"DataCenter":"Japan West","Slice":"E","Ring":"3","ScaleUnit":"000","RoleInstance":"OS1PEPF0001225D"}}
Date                          : Sun, 13 Apr 2025 10:26:07 GMT


[2025-04-13 19:26:08] [WARNING] ユーザー k-tomioka@mirai-const.co.jp のOneDriveクォータ情報を取得できませんでした: Method invocation failed because [System.Object[]] does not contain a method named 'op_Division'.
[2025-04-13 19:26:10] [WARNING] ユーザー bid-info07m@mirai-const.co.jp のOneDriveクォータ情報を取得できませんでした: User's mysite not found.

Status: 404 (NotFound)
ErrorCode: ResourceNotFound
Date: 2025-04-13T10:26:10

Headers:
Vary                          : Accept-Encoding
Strict-Transport-Security     : max-age=31536000
request-id                    : 01a2e720-a45d-4202-a4dd-d81947d6142e
client-request-id             : 563f41f5-9b15-4e76-94e3-59ef85a966b6
x-ms-ags-diagnostic           : {"ServerInfo":{"DataCenter":"Japan West","Slice":"E","Ring":"3","ScaleUnit":"000","RoleInstance":"OS1PEPF0001225D"}}
Date                          : Sun, 13 Apr 2025 10:26:10 GMT


[2025-04-13 19:26:13] [WARNING] ユーザー cim-master08@mirai-const.co.jp のOneDriveクォータ情報を取得できませんでした: User's mysite not found.

Status: 404 (NotFound)
ErrorCode: ResourceNotFound
Date: 2025-04-13T10:26:13

Headers:
Vary                          : Accept-Encoding
Strict-Transport-Security     : max-age=31536000
request-id                    : 4bb0f884-2dae-4640-97e7-758aad04c3e1
client-request-id             : 3e0c4067-afe4-4510-91b8-a424be6f108d
x-ms-ags-diagnostic           : {"ServerInfo":{"DataCenter":"Japan West","Slice":"E","Ring":"3","ScaleUnit":"000","RoleInstance":"OS1PEPF0001225D"}}
Date                          : Sun, 13 Apr 2025 10:26:13 GMT


[2025-04-13 19:26:14] [WARNING] ユーザー y-tsuzuki@mirai-const.co.jp のOneDriveクォータ情報を取得できませんでした: User's mysite not found.

Status: 404 (NotFound)
ErrorCode: ResourceNotFound
Date: 2025-04-13T10:26:14

Headers:
Vary                          : Accept-Encoding
Strict-Transport-Security     : max-age=31536000
request-id                    : 9386d7cf-42d9-4712-85bc-146eed4a6fd9
client-request-id             : 54c9a1cd-6aae-4bb1-9f8e-d400339c8d8b
x-ms-ags-diagnostic           : {"ServerInfo":{"DataCenter":"Japan West","Slice":"E","Ring":"3","ScaleUnit":"000","RoleInstance":"OS1PEPF0001225D"}}
Date                          : Sun, 13 Apr 2025 10:26:14 GMT


[2025-04-13 19:26:15] [WARNING] ユーザー m-info@miraiconst.onmicrosoft.com のOneDriveクォータ情報を取得できませんでした: User's mysite not found.

Status: 404 (NotFound)
ErrorCode: ResourceNotFound
Date: 2025-04-13T10:26:15

Headers:
Vary                          : Accept-Encoding
Strict-Transport-Security     : max-age=31536000
request-id                    : 03180597-35af-4551-996b-91fcf5228871
client-request-id             : 150b6129-ccd6-4376-8649-93050fc77d19
x-ms-ags-diagnostic           : {"ServerInfo":{"DataCenter":"Japan West","Slice":"E","Ring":"3","ScaleUnit":"000","RoleInstance":"OS1PEPF0001225D"}}
Date                          : Sun, 13 Apr 2025 10:26:14 GMT


[2025-04-13 19:26:17] [WARNING] ユーザー hokkaido@miraiconst.onmicrosoft.com のOneDriveクォータ情報を取得できませんでした: User's mysite not found.

Status: 404 (NotFound)
ErrorCode: ResourceNotFound
Date: 2025-04-13T10:26:17

Headers:
Vary                          : Accept-Encoding
Strict-Transport-Security     : max-age=31536000
request-id                    : d5dbdaa2-ca82-449a-b493-8ae58f425b6a
client-request-id             : cc9af4e0-876e-4ac3-896c-b4064d4c958a
x-ms-ags-diagnostic           : {"ServerInfo":{"DataCenter":"Japan West","Slice":"E","Ring":"3","ScaleUnit":"000","RoleInstance":"OS1PEPF0001225D"}}
Date                          : Sun, 13 Apr 2025 10:26:16 GMT


[2025-04-13 19:26:17] [WARNING] ユーザー yokohama-rakuraku@mirai-const.co.jp のOneDriveクォータ情報を取得できませんでした: User's mysite not found.

Status: 404 (NotFound)
ErrorCode: ResourceNotFound
Date: 2025-04-13T10:26:17

Headers:
Vary                          : Accept-Encoding
Strict-Transport-Security     : max-age=31536000
request-id                    : fc6b8415-54b0-4f95-b03a-5f72d2a82dbf
client-request-id             : 89643573-64ac-46e7-bd5b-63cbcacd53ed
x-ms-ags-diagnostic           : {"ServerInfo":{"DataCenter":"Japan West","Slice":"E","Ring":"3","ScaleUnit":"000","RoleInstance":"OS1PEPF0001225D"}}
Date                          : Sun, 13 Apr 2025 10:26:17 GMT


[2025-04-13 19:26:18] [WARNING] ユーザー keieikikaku@miraiconst.onmicrosoft.com のOneDriveクォータ情報を取得できませんでした: User's mysite not found.

Status: 404 (NotFound)
ErrorCode: ResourceNotFound
Date: 2025-04-13T10:26:18

Headers:
Vary                          : Accept-Encoding
Strict-Transport-Security     : max-age=31536000
request-id                    : 345a2684-6053-4fc1-946f-301a1673064c
client-request-id             : 245da232-f62e-4dec-a1d4-3c8c933840d4
x-ms-ags-diagnostic           : {"ServerInfo":{"DataCenter":"Japan West","Slice":"E","Ring":"3","ScaleUnit":"000","RoleInstance":"OS1PEPF0001225D"}}
Date                          : Sun, 13 Apr 2025 10:26:18 GMT


[2025-04-13 19:26:20] [WARNING] ユーザー bid-info11m@mirai-const.co.jp のOneDriveクォータ情報を取得できませんでした: User's mysite not found.

Status: 404 (NotFound)
ErrorCode: ResourceNotFound
Date: 2025-04-13T10:26:20

Headers:
Vary                          : Accept-Encoding
Strict-Transport-Security     : max-age=31536000
request-id                    : 0803e3ce-e5af-4304-be57-9fbefd13f989
client-request-id             : adfb7cac-38d4-491b-bace-afaa917ebcd1
x-ms-ags-diagnostic           : {"ServerInfo":{"DataCenter":"Japan West","Slice":"E","Ring":"3","ScaleUnit":"000","RoleInstance":"OS1PEPF0001225D"}}
Date                          : Sun, 13 Apr 2025 10:26:19 GMT


[2025-04-13 19:26:20] [WARNING] ユーザー bid-info08m@mirai-const.co.jp のOneDriveクォータ情報を取得できませんでした: User's mysite not found.

Status: 404 (NotFound)
ErrorCode: ResourceNotFound
Date: 2025-04-13T10:26:20

Headers:
Vary                          : Accept-Encoding
Strict-Transport-Security     : max-age=31536000
request-id                    : 6a4b53f2-45a8-4e57-8b91-d8478f912ee4
client-request-id             : d9d4daf8-7d1f-481f-8830-d55ca1a4ec39
x-ms-ags-diagnostic           : {"ServerInfo":{"DataCenter":"Japan West","Slice":"E","Ring":"3","ScaleUnit":"000","RoleInstance":"OS1PEPF0001225D"}}
Date                          : Sun, 13 Apr 2025 10:26:20 GMT


[2025-04-13 19:26:22] [WARNING] ユーザー cim-master16@mirai-const.co.jp のOneDriveクォータ情報を取得できませんでした: User's mysite not found.

Status: 404 (NotFound)
ErrorCode: ResourceNotFound
Date: 2025-04-13T10:26:22

Headers:
Vary                          : Accept-Encoding
Strict-Transport-Security     : max-age=31536000
request-id                    : e017e09c-3d7f-489d-9afc-c097e98dbc05
client-request-id             : a00a7cdd-dd4c-4b6f-84ee-639b496e3a29
x-ms-ags-diagnostic           : {"ServerInfo":{"DataCenter":"Japan West","Slice":"E","Ring":"3","ScaleUnit":"000","RoleInstance":"OS1PEPF0001225D"}}
Date                          : Sun, 13 Apr 2025 10:26:22 GMT


[2025-04-13 19:26:23] [WARNING] ユーザー cim-master06@mirai-const.co.jp のOneDriveクォータ情報を取得できませんでした: User's mysite not found.

Status: 404 (NotFound)
ErrorCode: ResourceNotFound
Date: 2025-04-13T10:26:23

Headers:
Vary                          : Accept-Encoding
Strict-Transport-Security     : max-age=31536000
request-id                    : 94a85894-230b-46be-855f-15211291d8b5
client-request-id             : 2f4b89b0-3bf3-484c-b5a2-6bf03f784e8e
x-ms-ags-diagnostic           : {"ServerInfo":{"DataCenter":"Japan West","Slice":"E","Ring":"3","ScaleUnit":"000","RoleInstance":"OS1PEPF0001225D"}}
Date                          : Sun, 13 Apr 2025 10:26:23 GMT


[2025-04-13 19:26:28] [WARNING] ユーザー S.Nagano_otsuka-shokai.co.jp#EXT#@miraiconst.onmicrosoft.com のOneDriveクォータ情報を取得できませんでした: User's mysite not found.

Status: 404 (NotFound)
ErrorCode: ResourceNotFound
Date: 2025-04-13T10:26:27

Headers:
Vary                          : Accept-Encoding
Strict-Transport-Security     : max-age=31536000
request-id                    : 0541c8c5-0580-4e09-b734-42754ec73917
client-request-id             : b622b942-6c45-4452-829c-ea556178ebd7
x-ms-ags-diagnostic           : {"ServerInfo":{"DataCenter":"Japan West","Slice":"E","Ring":"3","ScaleUnit":"000","RoleInstance":"OS1PEPF0001225D"}}
Date                          : Sun, 13 Apr 2025 10:26:26 GMT


[2025-04-13 19:26:28] [WARNING] ユーザー k-sugimoto@miraiconst.onmicrosoft.com のOneDriveクォータ情報を取得できませんでした: User's mysite not found.

Status: 404 (NotFound)
ErrorCode: ResourceNotFound
Date: 2025-04-13T10:26:28

Headers:
Vary                          : Accept-Encoding
Strict-Transport-Security     : max-age=31536000
request-id                    : d7cff314-5aa5-4911-9ddb-e580a135c4d7
client-request-id             : dde3bd59-c611-493a-bd80-30250907f710
x-ms-ags-diagnostic           : {"ServerInfo":{"DataCenter":"Japan West","Slice":"E","Ring":"3","ScaleUnit":"000","RoleInstance":"OS1PEPF0001225D"}}
Date                          : Sun, 13 Apr 2025 10:26:28 GMT


[2025-04-13 19:26:30] [WARNING] ユーザー kita-kyushu@miraiconst.onmicrosoft.com のOneDriveクォータ情報を取得できませんでした: User's mysite not found.

Status: 404 (NotFound)
ErrorCode: ResourceNotFound
Date: 2025-04-13T10:26:30

Headers:
Vary                          : Accept-Encoding
Strict-Transport-Security     : max-age=31536000
request-id                    : 690467e1-9b70-41fb-8dfb-d111a42c2b4e
client-request-id             : 47bf00a3-ff33-4913-b8c3-a0db7a820671
x-ms-ags-diagnostic           : {"ServerInfo":{"DataCenter":"Japan West","Slice":"E","Ring":"3","ScaleUnit":"000","RoleInstance":"OS1PEPF0001225D"}}
Date                          : Sun, 13 Apr 2025 10:26:30 GMT


[2025-04-13 19:26:33] [WARNING] ユーザー bid-info@mirai-const.co.jp のOneDriveクォータ情報を取得できませんでした: User's mysite not found.

Status: 404 (NotFound)
ErrorCode: ResourceNotFound
Date: 2025-04-13T10:26:33

Headers:
Vary                          : Accept-Encoding
Strict-Transport-Security     : max-age=31536000
request-id                    : 8854c798-c580-437f-a4a5-41f46f6eede5
client-request-id             : bc2543bd-67f8-45ce-b163-afcdaa940197
x-ms-ags-diagnostic           : {"ServerInfo":{"DataCenter":"Japan West","Slice":"E","Ring":"3","ScaleUnit":"000","RoleInstance":"OS1PEPF0001225D"}}
Date                          : Sun, 13 Apr 2025 10:26:33 GMT


[2025-04-13 19:26:34] [WARNING] ユーザー bid-info01m@mirai-const.co.jp のOneDriveクォータ情報を取得できませんでした: User's mysite not found.

Status: 404 (NotFound)
ErrorCode: ResourceNotFound
Date: 2025-04-13T10:26:34

Headers:
Vary                          : Accept-Encoding
Strict-Transport-Security     : max-age=31536000
request-id                    : 4e89006b-7dc6-48a7-bd16-61cc69e0ece7
client-request-id             : 00987226-c039-470c-8022-230a86ec6e19
x-ms-ags-diagnostic           : {"ServerInfo":{"DataCenter":"Japan West","Slice":"E","Ring":"3","ScaleUnit":"000","RoleInstance":"OS1PEPF0001225D"}}
Date                          : Sun, 13 Apr 2025 10:26:34 GMT


[2025-04-13 19:26:36] [INFO] ユーザー r-niikura@mirai-const.co.jp のroleTemplateId: 62e90394-69f5-4237-9190-012177145e10
[2025-04-13 19:26:36] [INFO] ユーザー r-niikura@mirai-const.co.jp は管理者ロール: 62e90394-69f5-4237-9190-012177145e10
[2025-04-13 19:26:36] [WARNING] ユーザー zaimu@mirai-const.co.jp のOneDriveクォータ情報を取得できませんでした: User's mysite not found.

Status: 404 (NotFound)
ErrorCode: ResourceNotFound
Date: 2025-04-13T10:26:36

Headers:
Vary                          : Accept-Encoding
Strict-Transport-Security     : max-age=31536000
request-id                    : eaf38e61-f9a9-409e-8916-e4131edf2423
client-request-id             : e6b29e10-423a-45ce-b3e1-dd12f68f6df1
x-ms-ags-diagnostic           : {"ServerInfo":{"DataCenter":"Japan West","Slice":"E","Ring":"3","ScaleUnit":"000","RoleInstance":"OS1PEPF0001225D"}}
Date                          : Sun, 13 Apr 2025 10:26:36 GMT


[2025-04-13 19:26:39] [INFO] ユーザー k-okada@mirai-const.co.jp のroleTemplateId: 69091246-20e8-4a56-aa4d-066075b2a7a8
[2025-04-13 19:26:39] [INFO] ユーザー k-okada@mirai-const.co.jp は管理者ロール: 69091246-20e8-4a56-aa4d-066075b2a7a8
[2025-04-13 19:26:39] [WARNING] ユーザー cim-master15@mirai-const.co.jp のOneDriveクォータ情報を取得できませんでした: User's mysite not found.

Status: 404 (NotFound)
ErrorCode: ResourceNotFound
Date: 2025-04-13T10:26:39

Headers:
Vary                          : Accept-Encoding
Strict-Transport-Security     : max-age=31536000
request-id                    : 54cf32ee-71af-432f-a916-e0a7a4d47f31
client-request-id             : cd3df82c-1005-49b7-a5ed-f3ad012ba275
x-ms-ags-diagnostic           : {"ServerInfo":{"DataCenter":"Japan West","Slice":"E","Ring":"3","ScaleUnit":"001","RoleInstance":"OS1PEPF00006C3D"}}
Date                          : Sun, 13 Apr 2025 10:26:39 GMT


[2025-04-13 19:26:40] [WARNING] ユーザー ats-watanabe_mitsuifudosan.co.jp#EXT#@miraiconst.onmicrosoft.com のOneDriveクォータ情報を取得できませんでした: User's mysite not found.

Status: 404 (NotFound)
ErrorCode: ResourceNotFound
Date: 2025-04-13T10:26:40

Headers:
Vary                          : Accept-Encoding
Strict-Transport-Security     : max-age=31536000
request-id                    : 24382777-86d0-4443-b23c-db8536b9b35b
client-request-id             : 32ac8cbe-98fe-4691-8c2d-f4454bc6822f
x-ms-ags-diagnostic           : {"ServerInfo":{"DataCenter":"Japan West","Slice":"E","Ring":"3","ScaleUnit":"001","RoleInstance":"OS1PEPF00006C3D"}}
Date                          : Sun, 13 Apr 2025 10:26:40 GMT


[2025-04-13 19:26:43] [WARNING] ユーザー t-kumai@miraiconst.onmicrosoft.com のOneDriveクォータ情報を取得できませんでした: User's mysite not found.

Status: 404 (NotFound)
ErrorCode: ResourceNotFound
Date: 2025-04-13T10:26:43

Headers:
Vary                          : Accept-Encoding
Strict-Transport-Security     : max-age=31536000
request-id                    : 45fd5dd2-a881-44c5-aa07-e60908c8a5c5
client-request-id             : 92888aad-529a-4718-9fd2-7191fecf9ee6
x-ms-ags-diagnostic           : {"ServerInfo":{"DataCenter":"Japan West","Slice":"E","Ring":"3","ScaleUnit":"001","RoleInstance":"OS1PEPF00006C3D"}}
Date                          : Sun, 13 Apr 2025 10:26:42 GMT


[2025-04-13 19:26:46] [WARNING] ユーザー bid-info12m@mirai-const.co.jp のOneDriveクォータ情報を取得できませんでした: User's mysite not found.

Status: 404 (NotFound)
ErrorCode: ResourceNotFound
Date: 2025-04-13T10:26:46

Headers:
Vary                          : Accept-Encoding
Strict-Transport-Security     : max-age=31536000
request-id                    : bf4c4a0b-9663-47b2-83e2-ee3127cdb615
client-request-id             : f03bf57b-7d9b-4d80-94f2-d242526c6d3f
x-ms-ags-diagnostic           : {"ServerInfo":{"DataCenter":"Japan West","Slice":"E","Ring":"3","ScaleUnit":"001","RoleInstance":"OS1PEPF00006C3D"}}
Date                          : Sun, 13 Apr 2025 10:26:45 GMT


[2025-04-13 19:26:47] [WARNING] ユーザー cim-master03@mirai-const.co.jp のOneDriveクォータ情報を取得できませんでした: User's mysite not found.

Status: 404 (NotFound)
ErrorCode: ResourceNotFound
Date: 2025-04-13T10:26:46

Headers:
Vary                          : Accept-Encoding
Strict-Transport-Security     : max-age=31536000
request-id                    : 7d828a2b-22da-43ae-bad3-eb0d74b5fd81
client-request-id             : 70ffff98-7f49-4f07-86ac-88bb5ccb2e5a
x-ms-ags-diagnostic           : {"ServerInfo":{"DataCenter":"Japan West","Slice":"E","Ring":"3","ScaleUnit":"001","RoleInstance":"OS1PEPF00006C3D"}}
Date                          : Sun, 13 Apr 2025 10:26:46 GMT


[2025-04-13 19:26:53] [WARNING] ユーザー tech@miraiconst.onmicrosoft.com のOneDriveクォータ情報を取得できませんでした: User's mysite not found.

Status: 404 (NotFound)
ErrorCode: ResourceNotFound
Date: 2025-04-13T10:26:53

Headers:
Vary                          : Accept-Encoding
Strict-Transport-Security     : max-age=31536000
request-id                    : 125c08b2-4737-4ecd-98da-22f8a1a87702
client-request-id             : 1ddf57de-ad08-4060-80a6-188026db6962
x-ms-ags-diagnostic           : {"ServerInfo":{"DataCenter":"Japan West","Slice":"E","Ring":"3","ScaleUnit":"001","RoleInstance":"OS1PEPF00006C3D"}}
Date                          : Sun, 13 Apr 2025 10:26:53 GMT


[2025-04-13 19:26:56] [WARNING] ユーザー sketchup@miraiconst.onmicrosoft.com のOneDriveクォータ情報を取得できませんでした: User's mysite not found.

Status: 404 (NotFound)
ErrorCode: ResourceNotFound
Date: 2025-04-13T10:26:56

Headers:
Vary                          : Accept-Encoding
Strict-Transport-Security     : max-age=31536000
request-id                    : d042db5d-977b-423e-88f9-2d8a59fcf1b7
client-request-id             : 62420670-c036-440a-bf3a-ff3b915e09d4
x-ms-ags-diagnostic           : {"ServerInfo":{"DataCenter":"Japan West","Slice":"E","Ring":"3","ScaleUnit":"001","RoleInstance":"OS1PEPF00006C3D"}}
Date                          : Sun, 13 Apr 2025 10:26:55 GMT


[2025-04-13 19:26:57] [WARNING] ユーザー y-tajima@mirai-const.co.jp のOneDriveクォータ情報を取得できませんでした: User's mysite not found.

Status: 404 (NotFound)
ErrorCode: ResourceNotFound
Date: 2025-04-13T10:26:57

Headers:
Vary                          : Accept-Encoding
Strict-Transport-Security     : max-age=31536000
request-id                    : d4a15e4c-b2cf-4c32-b08d-7564ff7ff4ff
client-request-id             : 0ef9c526-32ea-45ab-9804-90a24f2be217
x-ms-ags-diagnostic           : {"ServerInfo":{"DataCenter":"Japan West","Slice":"E","Ring":"3","ScaleUnit":"001","RoleInstance":"OS1PEPF00006C3D"}}
Date                          : Sun, 13 Apr 2025 10:26:57 GMT


[2025-04-13 19:26:58] [WARNING] ユーザー kaikei-support@mirai-const.co.jp のOneDriveクォータ情報を取得できませんでした: User's mysite not found.

Status: 404 (NotFound)
ErrorCode: ResourceNotFound
Date: 2025-04-13T10:26:58

Headers:
Vary                          : Accept-Encoding
Strict-Transport-Security     : max-age=31536000
request-id                    : 3ba6da10-f278-49b4-aae2-38af633e54a0
client-request-id             : 6d548f03-3c28-4ed4-8b5a-eb28a7f56f79
x-ms-ags-diagnostic           : {"ServerInfo":{"DataCenter":"Japan West","Slice":"E","Ring":"3","ScaleUnit":"001","RoleInstance":"OS1PEPF00006C3D"}}
Date                          : Sun, 13 Apr 2025 10:26:58 GMT


[2025-04-13 19:27:01] [WARNING] ユーザー m-suzuki@mirai-const.co.jp のOneDriveクォータ情報を取得できませんでした: User's mysite not found.

Status: 404 (NotFound)
ErrorCode: ResourceNotFound
Date: 2025-04-13T10:27:01

Headers:
Vary                          : Accept-Encoding
Strict-Transport-Security     : max-age=31536000
request-id                    : 22dae6ec-84e8-4d45-8893-84e190dd65e5
client-request-id             : 23fad0b8-0c4c-4ad9-880a-9ae40782d87e
x-ms-ags-diagnostic           : {"ServerInfo":{"DataCenter":"Japan West","Slice":"E","Ring":"3","ScaleUnit":"001","RoleInstance":"OS1PEPF00006C3D"}}
Date                          : Sun, 13 Apr 2025 10:27:01 GMT


[2025-04-13 19:27:03] [WARNING] ユーザー Sync_AZSV0001_b63ec191406d@miraiconst.onmicrosoft.com のOneDriveクォータ情報を取得できませんでした: User's mysite not found.

Status: 404 (NotFound)
ErrorCode: ResourceNotFound
Date: 2025-04-13T10:27:03

Headers:
Vary                          : Accept-Encoding
Strict-Transport-Security     : max-age=31536000
request-id                    : 57d92c44-bc90-4de8-b180-2c0d43c83c01
client-request-id             : da735a14-fe5d-4c1c-9f6e-f4ad4948e6da
x-ms-ags-diagnostic           : {"ServerInfo":{"DataCenter":"Japan West","Slice":"E","Ring":"3","ScaleUnit":"001","RoleInstance":"OS1PEPF00006C3D"}}
Date                          : Sun, 13 Apr 2025 10:27:02 GMT


[2025-04-13 19:27:03] [INFO] ユーザー Sync_AZSV0001_b63ec191406d@miraiconst.onmicrosoft.com のroleTemplateId: d29b2b05-8046-44ba-8758-1e26182fcf32
[2025-04-13 19:27:04] [WARNING] ユーザー kanri-kyushu@mirai-const.co.jp のOneDriveクォータ情報を取得できませんでした: User's mysite not found.

Status: 404 (NotFound)
ErrorCode: ResourceNotFound
Date: 2025-04-13T10:27:04

Headers:
Vary                          : Accept-Encoding
Strict-Transport-Security     : max-age=31536000
request-id                    : 67db2438-dfc3-4d42-b0c8-e5422748dcda
client-request-id             : fc492317-4b23-4518-abd7-37af9bf27ce8
x-ms-ags-diagnostic           : {"ServerInfo":{"DataCenter":"Japan West","Slice":"E","Ring":"3","ScaleUnit":"001","RoleInstance":"OS1PEPF00006C3D"}}
Date                          : Sun, 13 Apr 2025 10:27:03 GMT


[2025-04-13 19:27:06] [WARNING] ユーザー bid-info04m@mirai-const.co.jp のOneDriveクォータ情報を取得できませんでした: User's mysite not found.

Status: 404 (NotFound)
ErrorCode: ResourceNotFound
Date: 2025-04-13T10:27:06

Headers:
Vary                          : Accept-Encoding
Strict-Transport-Security     : max-age=31536000
request-id                    : 94e0ad14-8efc-49c2-9c7e-45baed9daea1
client-request-id             : ff1931d6-c50d-4adb-b002-c03d8a6d11de
x-ms-ags-diagnostic           : {"ServerInfo":{"DataCenter":"Japan West","Slice":"E","Ring":"3","ScaleUnit":"001","RoleInstance":"OS1PEPF00006C3D"}}
Date                          : Sun, 13 Apr 2025 10:27:06 GMT


[2025-04-13 19:27:07] [WARNING] ユーザー cim-master04@mirai-const.co.jp のOneDriveクォータ情報を取得できませんでした: User's mysite not found.

Status: 404 (NotFound)
ErrorCode: ResourceNotFound
Date: 2025-04-13T10:27:07

Headers:
Vary                          : Accept-Encoding
Strict-Transport-Security     : max-age=31536000
request-id                    : 5cc18aab-d638-4c87-902b-bf233971982a
client-request-id             : 4ac40654-e460-4ddc-8b71-42bd3daaff3f
x-ms-ags-diagnostic           : {"ServerInfo":{"DataCenter":"Japan West","Slice":"E","Ring":"3","ScaleUnit":"001","RoleInstance":"OS1PEPF00006C3D"}}
Date                          : Sun, 13 Apr 2025 10:27:07 GMT


[2025-04-13 19:27:07] [WARNING] ユーザー share@mirai-const.co.jp のOneDriveクォータ情報を取得できませんでした: User's mysite not found.

Status: 404 (NotFound)
ErrorCode: ResourceNotFound
Date: 2025-04-13T10:27:07

Headers:
Vary                          : Accept-Encoding
Strict-Transport-Security     : max-age=31536000
request-id                    : 47c74ffd-121d-4ecd-8642-1da4ab4f5ee7
client-request-id             : 266df687-9b35-48f2-a398-0e804b6f9b10
x-ms-ags-diagnostic           : {"ServerInfo":{"DataCenter":"Japan West","Slice":"E","Ring":"3","ScaleUnit":"001","RoleInstance":"OS1PEPF00006C3D"}}
Date                          : Sun, 13 Apr 2025 10:27:07 GMT


[2025-04-13 19:27:08] [WARNING] ユーザー kitakyushu-rakuraku@mirai-const.co.jp のOneDriveクォータ情報を取得できませんでした: User's mysite not found.

Status: 404 (NotFound)
ErrorCode: ResourceNotFound
Date: 2025-04-13T10:27:08

Headers:
Vary                          : Accept-Encoding
Strict-Transport-Security     : max-age=31536000
request-id                    : be4e4a5a-ebd1-4e3e-9880-d51d73e92f2e
client-request-id             : 93c5cc75-13f9-454e-9a84-2888f4633f08
x-ms-ags-diagnostic           : {"ServerInfo":{"DataCenter":"Japan West","Slice":"E","Ring":"3","ScaleUnit":"001","RoleInstance":"OS1PEPF00006C3D"}}
Date                          : Sun, 13 Apr 2025 10:27:07 GMT


[2025-04-13 19:27:08] [WARNING] ユーザー amazon-biz@mirai-const.co.jp のOneDriveクォータ情報を取得できませんでした: User's mysite not found.

Status: 404 (NotFound)
ErrorCode: ResourceNotFound
Date: 2025-04-13T10:27:08

Headers:
Vary                          : Accept-Encoding
Strict-Transport-Security     : max-age=31536000
request-id                    : 8cef3be4-23f7-45e6-9bf6-5dc9b8cdc0f3
client-request-id             : 4661129c-bd59-49be-8f0c-07bfb3d6f3af
x-ms-ags-diagnostic           : {"ServerInfo":{"DataCenter":"Japan West","Slice":"E","Ring":"3","ScaleUnit":"001","RoleInstance":"OS1PEPF00006C3D"}}
Date                          : Sun, 13 Apr 2025 10:27:08 GMT


[2025-04-13 19:27:11] [WARNING] ユーザー k-hirabayashi@mirai-const.co.jp のOneDriveクォータ情報を取得できませんでした: User's mysite not found.

Status: 404 (NotFound)
ErrorCode: ResourceNotFound
Date: 2025-04-13T10:27:11

Headers:
Vary                          : Accept-Encoding
Strict-Transport-Security     : max-age=31536000
request-id                    : 35d746f6-d19a-46a2-8fbf-213cea7bcc3f
client-request-id             : f06fc0cb-0592-4221-ab0b-85c669ae89bf
x-ms-ags-diagnostic           : {"ServerInfo":{"DataCenter":"Japan West","Slice":"E","Ring":"3","ScaleUnit":"001","RoleInstance":"OS1PEPF00006C3D"}}
Date                          : Sun, 13 Apr 2025 10:27:10 GMT


[2025-04-13 19:27:11] [WARNING] ユーザー shizuoka-rakuraku@mirai-const.co.jp のOneDriveクォータ情報を取得できませんでした: User's mysite not found.

Status: 404 (NotFound)
ErrorCode: ResourceNotFound
Date: 2025-04-13T10:27:11

Headers:
Vary                          : Accept-Encoding
Strict-Transport-Security     : max-age=31536000
request-id                    : 6514c1ba-0679-4f14-af4c-d4a9f343cde3
client-request-id             : 8a27d8f0-9e80-48ce-bd2a-df5cbf2aeeff
x-ms-ags-diagnostic           : {"ServerInfo":{"DataCenter":"Japan West","Slice":"E","Ring":"3","ScaleUnit":"001","RoleInstance":"OS1PEPF00006C3D"}}
Date                          : Sun, 13 Apr 2025 10:27:10 GMT


[2025-04-13 19:27:11] [WARNING] ユーザー tokyokouji-rakuraku@mirai-const.co.jp のOneDriveクォータ情報を取得できませんでした: User's mysite not found.

Status: 404 (NotFound)
ErrorCode: ResourceNotFound
Date: 2025-04-13T10:27:11

Headers:
Vary                          : Accept-Encoding
Strict-Transport-Security     : max-age=31536000
request-id                    : 69628c7a-0849-46cb-8952-abf5b43a8e08
client-request-id             : 8aef23c0-9b08-4bee-a288-6fc2cd060995
x-ms-ags-diagnostic           : {"ServerInfo":{"DataCenter":"Japan West","Slice":"E","Ring":"3","ScaleUnit":"001","RoleInstance":"OS1PEPF00006C3D"}}
Date                          : Sun, 13 Apr 2025 10:27:11 GMT


[2025-04-13 19:27:14] [WARNING] ユーザー honsya2-1@miraiconst.onmicrosoft.com のOneDriveクォータ情報を取得できませんでした: User's mysite not found.

Status: 404 (NotFound)
ErrorCode: ResourceNotFound
Date: 2025-04-13T10:27:14

Headers:
Vary                          : Accept-Encoding
Strict-Transport-Security     : max-age=31536000
request-id                    : 171afa46-0eca-45df-af91-a4815de3907b
client-request-id             : 37a801d5-a888-40a8-9627-751d702c032c
x-ms-ags-diagnostic           : {"ServerInfo":{"DataCenter":"Japan West","Slice":"E","Ring":"3","ScaleUnit":"001","RoleInstance":"OS1PEPF00006C3D"}}
Date                          : Sun, 13 Apr 2025 10:27:13 GMT


[2025-04-13 19:27:17] [WARNING] ユーザー ito_mainmark.co.jp#EXT#@miraiconst.onmicrosoft.com のOneDriveクォータ情報を取得できませんでした: User's mysite not found.

Status: 404 (NotFound)
ErrorCode: ResourceNotFound
Date: 2025-04-13T10:27:17

Headers:
Vary                          : Accept-Encoding
Strict-Transport-Security     : max-age=31536000
request-id                    : b6cf23a0-f38a-4a39-9f3d-bd7a5b5bc5e8
client-request-id             : 912666b0-ec55-4f4a-94c6-4392e307358d
x-ms-ags-diagnostic           : {"ServerInfo":{"DataCenter":"Japan West","Slice":"E","Ring":"3","ScaleUnit":"001","RoleInstance":"OS1PEPF00006C3D"}}
Date                          : Sun, 13 Apr 2025 10:27:16 GMT


[2025-04-13 19:27:18] [WARNING] ユーザー yk-takahashi_mitsuifudosan.co.jp#EXT#@miraiconst.onmicrosoft.com のOneDriveクォータ情報を取得できませんでした: User's mysite not found.

Status: 404 (NotFound)
ErrorCode: ResourceNotFound
Date: 2025-04-13T10:27:18

Headers:
Vary                          : Accept-Encoding
Strict-Transport-Security     : max-age=31536000
request-id                    : 0745c3ed-e466-43ff-bc60-8c5759c006a1
client-request-id             : 5893c13a-8d9c-4a3e-bdbb-09af9ff05fb6
x-ms-ags-diagnostic           : {"ServerInfo":{"DataCenter":"Japan West","Slice":"E","Ring":"3","ScaleUnit":"001","RoleInstance":"OS1PEPF00006C3D"}}
Date                          : Sun, 13 Apr 2025 10:27:17 GMT


[2025-04-13 19:27:18] [WARNING] ユーザー chugoku-rakuraku@mirai-const.co.jp のOneDriveクォータ情報を取得できませんでした: User's mysite not found.

Status: 404 (NotFound)
ErrorCode: ResourceNotFound
Date: 2025-04-13T10:27:18

Headers:
Vary                          : Accept-Encoding
Strict-Transport-Security     : max-age=31536000
request-id                    : 1f4483f1-9d63-4ea4-b5ed-a0e1c213e8f6
client-request-id             : a8d18943-6333-4afe-be4c-1905f7b8f472
x-ms-ags-diagnostic           : {"ServerInfo":{"DataCenter":"Japan West","Slice":"E","Ring":"3","ScaleUnit":"001","RoleInstance":"OS1PEPF00006C3D"}}
Date                          : Sun, 13 Apr 2025 10:27:18 GMT


[2025-04-13 19:27:19] [WARNING] ユーザー webadmin@miraiconst.onmicrosoft.com のOneDriveクォータ情報を取得できませんでした: User's mysite not found.

Status: 404 (NotFound)
ErrorCode: ResourceNotFound
Date: 2025-04-13T10:27:19

Headers:
Vary                          : Accept-Encoding
Strict-Transport-Security     : max-age=31536000
request-id                    : 32c3a58e-81d0-4968-9780-3ac14ff267e1
client-request-id             : b0737b0b-71f1-45cd-ba1f-f7b7a521775e
x-ms-ags-diagnostic           : {"ServerInfo":{"DataCenter":"Japan West","Slice":"E","Ring":"3","ScaleUnit":"001","RoleInstance":"OS1PEPF00006C3D"}}
Date                          : Sun, 13 Apr 2025 10:27:19 GMT


[2025-04-13 19:27:20] [WARNING] ユーザー tokyokoji@miraiconst.onmicrosoft.com のOneDriveクォータ情報を取得できませんでした: User's mysite not found.

Status: 404 (NotFound)
ErrorCode: ResourceNotFound
Date: 2025-04-13T10:27:20

Headers:
Vary                          : Accept-Encoding
Strict-Transport-Security     : max-age=31536000
request-id                    : 15b18639-dd46-451e-b5b2-85ef1cf6301c
client-request-id             : 2157ff31-dec0-4661-8576-30822de11975
x-ms-ags-diagnostic           : {"ServerInfo":{"DataCenter":"Japan West","Slice":"E","Ring":"3","ScaleUnit":"001","RoleInstance":"OS1PEPF00006C3D"}}
Date                          : Sun, 13 Apr 2025 10:27:20 GMT


[2025-04-13 19:27:21] [WARNING] ユーザー tokyo-rakuraku@mirai-const.co.jp のOneDriveクォータ情報を取得できませんでした: User's mysite not found.

Status: 404 (NotFound)
ErrorCode: ResourceNotFound
Date: 2025-04-13T10:27:21

Headers:
Vary                          : Accept-Encoding
Strict-Transport-Security     : max-age=31536000
request-id                    : 3a7e8787-0829-47ca-b98f-4dcf3c869dd1
client-request-id             : 8e61aad3-0aa5-44dc-8dc5-b38ed8e006e1
x-ms-ags-diagnostic           : {"ServerInfo":{"DataCenter":"Japan West","Slice":"E","Ring":"3","ScaleUnit":"001","RoleInstance":"OS1PEPF00006C3D"}}
Date                          : Sun, 13 Apr 2025 10:27:21 GMT


[2025-04-13 19:27:22] [WARNING] ユーザー mirai-edr@miraiconst.onmicrosoft.com のOneDriveクォータ情報を取得できませんでした: User's mysite not found.

Status: 404 (NotFound)
ErrorCode: ResourceNotFound
Date: 2025-04-13T10:27:22

Headers:
Vary                          : Accept-Encoding
Strict-Transport-Security     : max-age=31536000
request-id                    : 29bf54f0-8ee9-456f-a2a4-d6cd04a01598
client-request-id             : 6d70c468-a899-412a-91e6-2469075aa447
x-ms-ags-diagnostic           : {"ServerInfo":{"DataCenter":"Japan West","Slice":"E","Ring":"3","ScaleUnit":"001","RoleInstance":"OS1PEPF00006C3D"}}
Date                          : Sun, 13 Apr 2025 10:27:21 GMT


[2025-04-13 19:27:23] [WARNING] ユーザー bid-info06m@mirai-const.co.jp のOneDriveクォータ情報を取得できませんでした: User's mysite not found.

Status: 404 (NotFound)
ErrorCode: ResourceNotFound
Date: 2025-04-13T10:27:22

Headers:
Vary                          : Accept-Encoding
Strict-Transport-Security     : max-age=31536000
request-id                    : ebbadac7-34d1-42d0-b7a8-ebef49d8baf8
client-request-id             : cb78924c-cb91-4cad-bb7d-4bf35bc103ff
x-ms-ags-diagnostic           : {"ServerInfo":{"DataCenter":"Japan West","Slice":"E","Ring":"3","ScaleUnit":"001","RoleInstance":"OS1PEPF00006C3D"}}
Date                          : Sun, 13 Apr 2025 10:27:22 GMT


[2025-04-13 19:27:23] [WARNING] ユーザー noto-rakuraku@mirai-const.co.jp のOneDriveクォータ情報を取得できませんでした: User's mysite not found.

Status: 404 (NotFound)
ErrorCode: ResourceNotFound
Date: 2025-04-13T10:27:23

Headers:
Vary                          : Accept-Encoding
Strict-Transport-Security     : max-age=31536000
request-id                    : 69ac3e61-4473-4173-b725-85aa5237727e
client-request-id             : bed80890-24f7-4ac1-8316-79ab179f138c
x-ms-ags-diagnostic           : {"ServerInfo":{"DataCenter":"Japan West","Slice":"E","Ring":"3","ScaleUnit":"001","RoleInstance":"OS1PEPF00006C3D"}}
Date                          : Sun, 13 Apr 2025 10:27:23 GMT


[2025-04-13 19:27:24] [WARNING] ユーザー aomori-rakuraku@mirai-const.co.jp のOneDriveクォータ情報を取得できませんでした: User's mysite not found.

Status: 404 (NotFound)
ErrorCode: ResourceNotFound
Date: 2025-04-13T10:27:23

Headers:
Vary                          : Accept-Encoding
Strict-Transport-Security     : max-age=31536000
request-id                    : 9d6bcfec-3dc9-40fa-8be3-d947ed620f8d
client-request-id             : 8dd66c1b-88d5-4f17-a68d-7906ba0d9ef7
x-ms-ags-diagnostic           : {"ServerInfo":{"DataCenter":"Japan West","Slice":"E","Ring":"3","ScaleUnit":"001","RoleInstance":"OS1PEPF00006C3D"}}
Date                          : Sun, 13 Apr 2025 10:27:23 GMT


[2025-04-13 19:27:27] [WARNING] ユーザー cad-master@miraiconst.onmicrosoft.com のOneDriveクォータ情報を取得できませんでした: User's mysite not found.

Status: 404 (NotFound)
ErrorCode: ResourceNotFound
Date: 2025-04-13T10:27:27

Headers:
Vary                          : Accept-Encoding
Strict-Transport-Security     : max-age=31536000
request-id                    : 4a3ad52a-088c-41a6-8ccc-3ca2cf4ddfb8
client-request-id             : e96614b3-2aa5-4a00-92f5-958ea81afdeb
x-ms-ags-diagnostic           : {"ServerInfo":{"DataCenter":"Japan West","Slice":"E","Ring":"3","ScaleUnit":"001","RoleInstance":"OS1PEPF00006C3D"}}
Date                          : Sun, 13 Apr 2025 10:27:26 GMT


[2025-04-13 19:27:34] [WARNING] ユーザー direct@mirai-const.co.jp のOneDriveクォータ情報を取得できませんでした: User's mysite not found.

Status: 404 (NotFound)
ErrorCode: ResourceNotFound
Date: 2025-04-13T10:27:34

Headers:
Vary                          : Accept-Encoding
Strict-Transport-Security     : max-age=31536000
request-id                    : 684e515b-16a0-497d-974d-42a4d60539a7
client-request-id             : 27370000-abc7-41a5-812a-d1e4bd650e5c
x-ms-ags-diagnostic           : {"ServerInfo":{"DataCenter":"Japan West","Slice":"E","Ring":"3","ScaleUnit":"001","RoleInstance":"OS1PEPF00006C3D"}}
Date                          : Sun, 13 Apr 2025 10:27:33 GMT


[2025-04-13 19:27:34] [WARNING] ユーザー forti-admin@mirai-const.co.jp のOneDriveクォータ情報を取得できませんでした: User's mysite not found.

Status: 404 (NotFound)
ErrorCode: ResourceNotFound
Date: 2025-04-13T10:27:34

Headers:
Vary                          : Accept-Encoding
Strict-Transport-Security     : max-age=31536000
request-id                    : 7d581220-9b00-4634-a8d3-e9e166015ad3
client-request-id             : 952107a9-fc2b-4ee8-9174-1a2b89467226
x-ms-ags-diagnostic           : {"ServerInfo":{"DataCenter":"Japan West","Slice":"E","Ring":"3","ScaleUnit":"001","RoleInstance":"OS1PEPF00006C3D"}}
Date                          : Sun, 13 Apr 2025 10:27:34 GMT


[2025-04-13 19:27:37] [WARNING] ユーザー chubu@miraiconst.onmicrosoft.com のOneDriveクォータ情報を取得できませんでした: User's mysite not found.

Status: 404 (NotFound)
ErrorCode: ResourceNotFound
Date: 2025-04-13T10:27:37

Headers:
Vary                          : Accept-Encoding
Strict-Transport-Security     : max-age=31536000
request-id                    : adef71f6-435e-486e-b115-dc14382b2b92
client-request-id             : ce6aefd4-fd2b-41fb-abc8-3556483c081a
x-ms-ags-diagnostic           : {"ServerInfo":{"DataCenter":"Japan West","Slice":"E","Ring":"3","ScaleUnit":"001","RoleInstance":"OS1PEPF00006C3D"}}
Date                          : Sun, 13 Apr 2025 10:27:37 GMT


[2025-04-13 19:27:40] [WARNING] ユーザー ys-yamamoto_apptec.co.jp#EXT#@miraiconst.onmicrosoft.com のOneDriveクォータ情報を取得できませんでした: User's mysite not found.

Status: 404 (NotFound)
ErrorCode: ResourceNotFound
Date: 2025-04-13T10:27:40

Headers:
Vary                          : Accept-Encoding
Strict-Transport-Security     : max-age=31536000
request-id                    : 2362d1ce-33d0-407a-9986-6e98fb6568fe
client-request-id             : 68ebcba3-a358-48f3-9281-1590dd5b9074
x-ms-ags-diagnostic           : {"ServerInfo":{"DataCenter":"Japan West","Slice":"E","Ring":"3","ScaleUnit":"001","RoleInstance":"OS1PEPF00013C8B"}}
Date                          : Sun, 13 Apr 2025 10:27:40 GMT


[2025-04-13 19:27:42] [WARNING] ユーザー r-futenma@mirai-const.co.jp のOneDriveクォータ情報を取得できませんでした: User's mysite not found.

Status: 404 (NotFound)
ErrorCode: ResourceNotFound
Date: 2025-04-13T10:27:42

Headers:
Vary                          : Accept-Encoding
Strict-Transport-Security     : max-age=31536000
request-id                    : 50ca9d42-8229-482c-b25e-3da6de1e4f14
client-request-id             : c4b7f760-2129-4b25-801d-99914a22cac8
x-ms-ags-diagnostic           : {"ServerInfo":{"DataCenter":"Japan West","Slice":"E","Ring":"3","ScaleUnit":"001","RoleInstance":"OS1PEPF00013C8B"}}
Date                          : Sun, 13 Apr 2025 10:27:42 GMT


[2025-04-13 19:27:43] [WARNING] ユーザー cim-master13@mirai-const.co.jp のOneDriveクォータ情報を取得できませんでした: User's mysite not found.

Status: 404 (NotFound)
ErrorCode: ResourceNotFound
Date: 2025-04-13T10:27:43

Headers:
Vary                          : Accept-Encoding
Strict-Transport-Security     : max-age=31536000
request-id                    : c7c00df5-8dad-45c6-83b5-9c2ed38f9fc8
client-request-id             : 860a764a-0eea-4204-bff6-59cd683f4d3b
x-ms-ags-diagnostic           : {"ServerInfo":{"DataCenter":"Japan West","Slice":"E","Ring":"3","ScaleUnit":"001","RoleInstance":"OS1PEPF00013C8B"}}
Date                          : Sun, 13 Apr 2025 10:27:43 GMT


[2025-04-13 19:27:44] [WARNING] ユーザー na-kadokawa_apptec.co.jp#EXT#@miraiconst.onmicrosoft.com のOneDriveクォータ情報を取得できませんでした: User's mysite not found.

Status: 404 (NotFound)
ErrorCode: ResourceNotFound
Date: 2025-04-13T10:27:44

Headers:
Vary                          : Accept-Encoding
Strict-Transport-Security     : max-age=31536000
request-id                    : 21c56473-82f0-44d4-b61a-8b7d35954c7d
client-request-id             : 70dd6cf6-ce5b-42a9-abc6-ef6b54535f74
x-ms-ags-diagnostic           : {"ServerInfo":{"DataCenter":"Japan West","Slice":"E","Ring":"3","ScaleUnit":"001","RoleInstance":"OS1PEPF00013C8B"}}
Date                          : Sun, 13 Apr 2025 10:27:44 GMT


[2025-04-13 19:27:49] [WARNING] ユーザー mirai-sns@miraiconst.onmicrosoft.com のOneDriveクォータ情報を取得できませんでした: User's mysite not found.

Status: 404 (NotFound)
ErrorCode: ResourceNotFound
Date: 2025-04-13T10:27:49

Headers:
Vary                          : Accept-Encoding
Strict-Transport-Security     : max-age=31536000
request-id                    : fed92a6e-9494-46ea-94af-bec110813f06
client-request-id             : c479e764-af8a-4272-98a2-642abeecb64d
x-ms-ags-diagnostic           : {"ServerInfo":{"DataCenter":"Japan West","Slice":"E","Ring":"3","ScaleUnit":"001","RoleInstance":"OS1PEPF00013C8B"}}
Date                          : Sun, 13 Apr 2025 10:27:48 GMT


[2025-04-13 19:27:52] [WARNING] ユーザー et-satoh@mirai-const.co.jp のOneDriveクォータ情報を取得できませんでした: User's mysite not found.

Status: 404 (NotFound)
ErrorCode: ResourceNotFound
Date: 2025-04-13T10:27:52

Headers:
Vary                          : Accept-Encoding
Strict-Transport-Security     : max-age=31536000
request-id                    : 373ae987-de22-42a1-839b-e61180634fc5
client-request-id             : f32a459f-b85d-4d3b-be48-db6ea90a279b
x-ms-ags-diagnostic           : {"ServerInfo":{"DataCenter":"Japan West","Slice":"E","Ring":"3","ScaleUnit":"001","RoleInstance":"OS1PEPF00013C8B"}}
Date                          : Sun, 13 Apr 2025 10:27:52 GMT


[2025-04-13 19:27:56] [WARNING] ユーザー k-obara@mirai-const.co.jp のOneDriveクォータ情報を取得できませんでした: User's mysite not found.

Status: 404 (NotFound)
ErrorCode: ResourceNotFound
Date: 2025-04-13T10:27:56

Headers:
Vary                          : Accept-Encoding
Strict-Transport-Security     : max-age=31536000
request-id                    : 2fc99223-077f-4a7c-a960-8f8484d9cbc1
client-request-id             : 76e17ca0-b2f2-498f-a293-0f303ba87c5a
x-ms-ags-diagnostic           : {"ServerInfo":{"DataCenter":"Japan West","Slice":"E","Ring":"3","ScaleUnit":"001","RoleInstance":"OS1PEPF00013C8B"}}
Date                          : Sun, 13 Apr 2025 10:27:55 GMT


[2025-04-13 19:28:00] [WARNING] ユーザー kanri-oosaka@mirai-const.co.jp のOneDriveクォータ情報を取得できませんでした: User's mysite not found.

Status: 404 (NotFound)
ErrorCode: ResourceNotFound
Date: 2025-04-13T10:28:00

Headers:
Vary                          : Accept-Encoding
Strict-Transport-Security     : max-age=31536000
request-id                    : 82a36951-8932-4107-b901-6e80e792a754
client-request-id             : d1d4cb4b-3d5b-4388-8293-dd7a27d4b2c9
x-ms-ags-diagnostic           : {"ServerInfo":{"DataCenter":"Japan West","Slice":"E","Ring":"3","ScaleUnit":"001","RoleInstance":"OS1PEPF00013C8B"}}
Date                          : Sun, 13 Apr 2025 10:27:59 GMT


[2025-04-13 19:28:02] [WARNING] ユーザー haruka.ishigaki_aaconst.onmicrosoft.com#EXT#@miraiconst.onmicrosoft.com のOneDriveクォータ情報を取得できませんでした: User's mysite not found.

Status: 404 (NotFound)
ErrorCode: ResourceNotFound
Date: 2025-04-13T10:28:02

Headers:
Vary                          : Accept-Encoding
Strict-Transport-Security     : max-age=31536000
request-id                    : 82b89c9d-2de6-46b3-a3b4-cd7bfdcc8e69
client-request-id             : 34be4f9a-9e8a-462f-86e1-121819f41cf1
x-ms-ags-diagnostic           : {"ServerInfo":{"DataCenter":"Japan West","Slice":"E","Ring":"3","ScaleUnit":"001","RoleInstance":"OS1PEPF00013C8B"}}
Date                          : Sun, 13 Apr 2025 10:28:02 GMT


[2025-04-13 19:28:04] [WARNING] ユーザー bid-info02m@mirai-const.co.jp のOneDriveクォータ情報を取得できませんでした: User's mysite not found.

Status: 404 (NotFound)
ErrorCode: ResourceNotFound
Date: 2025-04-13T10:28:04

Headers:
Vary                          : Accept-Encoding
Strict-Transport-Security     : max-age=31536000
request-id                    : f5cd0f45-9c3f-45d7-94c8-83df66bdaa64
client-request-id             : 476c5d8c-9ef2-40ec-96de-cdfd5496f80a
x-ms-ags-diagnostic           : {"ServerInfo":{"DataCenter":"Japan West","Slice":"E","Ring":"3","ScaleUnit":"001","RoleInstance":"OS1PEPF00013C8B"}}
Date                          : Sun, 13 Apr 2025 10:28:04 GMT


[2025-04-13 19:28:05] [SUCCESS] OneDriveクォータ情報の取得が完了しました。取得件数: 524
[2025-04-13 19:28:05] [SUCCESS] CSVファイルを作成しました: C:\kitting\OneDriveforBusinessManagementSystem\OneDriveManagement.20250413\Basic_Data_Collection.20250413\OneDriveQuota.20250413192805.csv
[2025-04-13 19:28:05] [INFO] HTMLファイルを作成します: C:\kitting\OneDriveforBusinessManagementSystem\OneDriveManagement.20250413\Basic_Data_Collection.20250413\OneDriveQuota.20250413192805.html
