[2025-04-13 18:12:23] [INFO] ストレージクォータ取得を開始します
[2025-04-13 18:12:23] [INFO] 出力ディレクトリ: C:\kitting\OneDriveforBusinessManagementSystem\OneDriveManagement.20250413\Basic_Data_Collection.20250413
[2025-04-13 18:12:23] [INFO] ログディレクトリ: C:\kitting\OneDriveforBusinessManagementSystem\OneDriveManagement.20250413\Log
[2025-04-13 18:12:27] [WARNING] Graph接続済みですが、ユーザー情報は取得できません。
[2025-04-13 18:12:27] [WARNING] Graph接続済みですが、ユーザー情報は取得できません。
[2025-04-13 18:12:27] [INFO] すべてのユーザーのOneDriveクォータ情報を取得しています...
[2025-04-13 18:12:53] [WARNING] ユーザー okinawa-rakuraku@mirai-const.co.jp のOneDriveクォータ情報を取得できませんでした: User's mysite not found.

Status: 404 (NotFound)
ErrorCode: ResourceNotFound
Date: 2025-04-13T09:12:53

Headers:
Vary                          : Accept-Encoding
Strict-Transport-Security     : max-age=31536000
request-id                    : 7c5a8df1-2598-4046-9803-fa57f66d2805
client-request-id             : d474399d-ca6d-4f3e-b0d6-5e2284294223
x-ms-ags-diagnostic           : {"ServerInfo":{"DataCenter":"Japan West","Slice":"E","Ring":"3","ScaleUnit":"002","RoleInstance":"OS1PEPF0000566F"}}
Date                          : Sun, 13 Apr 2025 09:12:52 GMT


[2025-04-13 18:12:59] [WARNING] ユーザー admin@miraiconst.onmicrosoft.com のOneDriveクォータ情報を取得できませんでした: User's mysite not found.

Status: 404 (NotFound)
ErrorCode: ResourceNotFound
Date: 2025-04-13T09:12:59

Headers:
Vary                          : Accept-Encoding
Strict-Transport-Security     : max-age=31536000
request-id                    : f3a7cafe-1859-4c4f-9405-71f8e4194f4f
client-request-id             : 948d80f9-9a9c-41d1-99a8-29b344caef71
x-ms-ags-diagnostic           : {"ServerInfo":{"DataCenter":"Japan West","Slice":"E","Ring":"3","ScaleUnit":"002","RoleInstance":"OS1PEPF0000566F"}}
Date                          : Sun, 13 Apr 2025 09:12:58 GMT


[2025-04-13 18:12:59] [INFO] ユーザー admin@miraiconst.onmicrosoft.com のroleTemplateId: 62e90394-69f5-4237-9190-012177145e10
[2025-04-13 18:12:59] [INFO] ユーザー admin@miraiconst.onmicrosoft.com は管理者ロール: 62e90394-69f5-4237-9190-012177145e10
[2025-04-13 18:13:02] [WARNING] ユーザー admin1@miraiconst.onmicrosoft.com のOneDriveクォータ情報を取得できませんでした: User's mysite not found.

Status: 404 (NotFound)
ErrorCode: ResourceNotFound
Date: 2025-04-13T09:13:02

Headers:
Vary                          : Accept-Encoding
Strict-Transport-Security     : max-age=31536000
request-id                    : 8d49e443-3005-4cbb-a6d5-4efc416f7cde
client-request-id             : f4af3e55-d6c1-446d-84d8-b467e9474a6f
x-ms-ags-diagnostic           : {"ServerInfo":{"DataCenter":"Japan West","Slice":"E","Ring":"3","ScaleUnit":"002","RoleInstance":"OS1PEPF0000566F"}}
Date                          : Sun, 13 Apr 2025 09:13:02 GMT


[2025-04-13 18:13:03] [WARNING] ユーザー cim-master10@mirai-const.co.jp のOneDriveクォータ情報を取得できませんでした: User's mysite not found.

Status: 404 (NotFound)
ErrorCode: ResourceNotFound
Date: 2025-04-13T09:13:03

Headers:
Vary                          : Accept-Encoding
Strict-Transport-Security     : max-age=31536000
request-id                    : 2a45b385-26ab-4e74-b263-f220da4e2501
client-request-id             : 2afd2a74-66db-4bcc-bdd1-5a69eda7de5a
x-ms-ags-diagnostic           : {"ServerInfo":{"DataCenter":"Japan West","Slice":"E","Ring":"3","ScaleUnit":"002","RoleInstance":"OS1PEPF0000566F"}}
Date                          : Sun, 13 Apr 2025 09:13:03 GMT


[2025-04-13 18:13:06] [WARNING] ユーザー jinji-saiyou@mirai-const.co.jp のOneDriveクォータ情報を取得できませんでした: User's mysite not found.

Status: 404 (NotFound)
ErrorCode: ResourceNotFound
Date: 2025-04-13T09:13:05

Headers:
Vary                          : Accept-Encoding
Strict-Transport-Security     : max-age=31536000
request-id                    : 0759fa44-e388-4922-96d2-86af4e97dd51
client-request-id             : b4193e7f-b192-4ea5-b8aa-b5fc61abbd51
x-ms-ags-diagnostic           : {"ServerInfo":{"DataCenter":"Japan West","Slice":"E","Ring":"3","ScaleUnit":"002","RoleInstance":"OS1PEPF0000566F"}}
Date                          : Sun, 13 Apr 2025 09:13:05 GMT


[2025-04-13 18:13:09] [WARNING] ユーザー soumu-payment@mirai-const.co.jp のOneDriveクォータ情報を取得できませんでした: User's mysite not found.

Status: 404 (NotFound)
ErrorCode: ResourceNotFound
Date: 2025-04-13T09:13:09

Headers:
Vary                          : Accept-Encoding
Strict-Transport-Security     : max-age=31536000
request-id                    : 288896bb-6e5b-474f-bcb1-ab4431dc3b71
client-request-id             : 36737415-be5f-401c-b566-5ddeb247aaed
x-ms-ags-diagnostic           : {"ServerInfo":{"DataCenter":"Japan West","Slice":"E","Ring":"3","ScaleUnit":"002","RoleInstance":"OS1PEPF0000566F"}}
Date                          : Sun, 13 Apr 2025 09:13:08 GMT


[2025-04-13 18:13:10] [WARNING] ユーザー mf-jigyoukikaku@miraiconst.onmicrosoft.com のOneDriveクォータ情報を取得できませんでした: User's mysite not found.

Status: 404 (NotFound)
ErrorCode: ResourceNotFound
Date: 2025-04-13T09:13:10

Headers:
Vary                          : Accept-Encoding
Strict-Transport-Security     : max-age=31536000
request-id                    : fb0489a2-ebf3-4ba6-966f-48570c1961bc
client-request-id             : 1cdfc904-16a8-49ca-8320-399883487491
x-ms-ags-diagnostic           : {"ServerInfo":{"DataCenter":"Japan West","Slice":"E","Ring":"3","ScaleUnit":"002","RoleInstance":"OS1PEPF0000566F"}}
Date                          : Sun, 13 Apr 2025 09:13:09 GMT


[2025-04-13 18:13:12] [WARNING] ユーザー henngetest@mirai-const.co.jp のOneDriveクォータ情報を取得できませんでした: User's mysite not found.

Status: 404 (NotFound)
ErrorCode: ResourceNotFound
Date: 2025-04-13T09:13:12

Headers:
Vary                          : Accept-Encoding
Strict-Transport-Security     : max-age=31536000
request-id                    : f7bc8ed1-5fd9-489e-8284-fabcb380d952
client-request-id             : cd8d8a51-e3b0-4048-a91a-7910ca30e3de
x-ms-ags-diagnostic           : {"ServerInfo":{"DataCenter":"Japan West","Slice":"E","Ring":"3","ScaleUnit":"002","RoleInstance":"OS1PEPF0000566F"}}
Date                          : Sun, 13 Apr 2025 09:13:12 GMT


[2025-04-13 18:13:25] [WARNING] ユーザー ariake-rakuraku@mirai-const.co.jp のOneDriveクォータ情報を取得できませんでした: User's mysite not found.

Status: 404 (NotFound)
ErrorCode: ResourceNotFound
Date: 2025-04-13T09:13:25

Headers:
Vary                          : Accept-Encoding
Strict-Transport-Security     : max-age=31536000
request-id                    : 1a9b7654-a667-457f-af2f-3cc1556b3400
client-request-id             : 25bf94c1-150e-4eb8-89f7-c8bf62b482ce
x-ms-ags-diagnostic           : {"ServerInfo":{"DataCenter":"Japan West","Slice":"E","Ring":"3","ScaleUnit":"002","RoleInstance":"OS1PEPF0000566F"}}
Date                          : Sun, 13 Apr 2025 09:13:25 GMT


[2025-04-13 18:13:26] [WARNING] ユーザー system-info@mirai-const.co.jp のOneDriveクォータ情報を取得できませんでした: User's mysite not found.

Status: 404 (NotFound)
ErrorCode: ResourceNotFound
Date: 2025-04-13T09:13:26

Headers:
Vary                          : Accept-Encoding
Strict-Transport-Security     : max-age=31536000
request-id                    : 622fd19b-f894-4b9f-80fc-bca4ef4d76b4
client-request-id             : e0b2d461-ca63-4d50-a35b-aed1bfa6e8d4
x-ms-ags-diagnostic           : {"ServerInfo":{"DataCenter":"Japan West","Slice":"E","Ring":"3","ScaleUnit":"002","RoleInstance":"OS1PEPF0000566F"}}
Date                          : Sun, 13 Apr 2025 09:13:25 GMT


[2025-04-13 18:13:31] [WARNING] ユーザー hideyuki.nomura_halekulaniokinawa.com#EXT#@miraiconst.onmicrosoft.com のOneDriveクォータ情報を取得できませんでした: User's mysite not found.

Status: 404 (NotFound)
ErrorCode: ResourceNotFound
Date: 2025-04-13T09:13:31

Headers:
Vary                          : Accept-Encoding
Strict-Transport-Security     : max-age=31536000
request-id                    : 60d91174-63d5-4e51-9a74-3f6812fbc641
client-request-id             : e7ffbac0-cb58-4b09-bf90-62d2fd902ddd
x-ms-ags-diagnostic           : {"ServerInfo":{"DataCenter":"Japan West","Slice":"E","Ring":"3","ScaleUnit":"002","RoleInstance":"OS1PEPF0000470A"}}
Date                          : Sun, 13 Apr 2025 09:13:30 GMT


[2025-04-13 18:13:32] [WARNING] ユーザー cim-master05@mirai-const.co.jp のOneDriveクォータ情報を取得できませんでした: User's mysite not found.

Status: 404 (NotFound)
ErrorCode: ResourceNotFound
Date: 2025-04-13T09:13:32

Headers:
Vary                          : Accept-Encoding
Strict-Transport-Security     : max-age=31536000
request-id                    : d313b997-5b4e-4b13-8279-983a7924d7a6
client-request-id             : 1738de60-b72d-42d1-93c5-a9915d7ec582
x-ms-ags-diagnostic           : {"ServerInfo":{"DataCenter":"Japan West","Slice":"E","Ring":"3","ScaleUnit":"002","RoleInstance":"OS1PEPF0000470A"}}
Date                          : Sun, 13 Apr 2025 09:13:31 GMT


[2025-04-13 18:13:32] [WARNING] ユーザー mk-engagement@miraiconst.onmicrosoft.com のOneDriveクォータ情報を取得できませんでした: User's mysite not found.

Status: 404 (NotFound)
ErrorCode: ResourceNotFound
Date: 2025-04-13T09:13:32

Headers:
Vary                          : Accept-Encoding
Strict-Transport-Security     : max-age=31536000
request-id                    : 25978e6f-b052-4fa8-8f74-cee0544431b6
client-request-id             : f5f2ce07-41f8-4132-9caf-e20e3f349583
x-ms-ags-diagnostic           : {"ServerInfo":{"DataCenter":"Japan West","Slice":"E","Ring":"3","ScaleUnit":"002","RoleInstance":"OS1PEPF0000470A"}}
Date                          : Sun, 13 Apr 2025 09:13:31 GMT


[2025-04-13 18:13:33] [WARNING] ユーザー bid-info10m@mirai-const.co.jp のOneDriveクォータ情報を取得できませんでした: User's mysite not found.

Status: 404 (NotFound)
ErrorCode: ResourceNotFound
Date: 2025-04-13T09:13:33

Headers:
Vary                          : Accept-Encoding
Strict-Transport-Security     : max-age=31536000
request-id                    : 7d2be8cc-ee65-4b8e-91dd-b4fa17354110
client-request-id             : d0792702-ce9a-4951-bba8-68d615a05254
x-ms-ags-diagnostic           : {"ServerInfo":{"DataCenter":"Japan West","Slice":"E","Ring":"3","ScaleUnit":"002","RoleInstance":"OS1PEPF0000470A"}}
Date                          : Sun, 13 Apr 2025 09:13:32 GMT


[2025-04-13 18:13:34] [WARNING] ユーザー bid-info09m@mirai-const.co.jp のOneDriveクォータ情報を取得できませんでした: User's mysite not found.

Status: 404 (NotFound)
ErrorCode: ResourceNotFound
Date: 2025-04-13T09:13:34

Headers:
Vary                          : Accept-Encoding
Strict-Transport-Security     : max-age=31536000
request-id                    : dab1087c-e905-48d8-a454-e09c65045d2a
client-request-id             : b7208d79-0024-471d-993d-84d0d71c8772
x-ms-ags-diagnostic           : {"ServerInfo":{"DataCenter":"Japan West","Slice":"E","Ring":"3","ScaleUnit":"002","RoleInstance":"OS1PEPF0000470A"}}
Date                          : Sun, 13 Apr 2025 09:13:33 GMT


[2025-04-13 18:13:37] [WARNING] ユーザー hokuriku-rakuraku@mirai-const.co.jp のOneDriveクォータ情報を取得できませんでした: User's mysite not found.

Status: 404 (NotFound)
ErrorCode: ResourceNotFound
Date: 2025-04-13T09:13:37

Headers:
Vary                          : Accept-Encoding
Strict-Transport-Security     : max-age=31536000
request-id                    : e4c0bd50-6203-4c41-aae8-cf1a6620153c
client-request-id             : dda35e49-6429-43d2-b830-8060f1c352e3
x-ms-ags-diagnostic           : {"ServerInfo":{"DataCenter":"Japan West","Slice":"E","Ring":"3","ScaleUnit":"002","RoleInstance":"OS1PEPF0000470A"}}
Date                          : Sun, 13 Apr 2025 09:13:37 GMT


[2025-04-13 18:13:39] [WARNING] ユーザー m-ariake@miraiconst.onmicrosoft.com のOneDriveクォータ情報を取得できませんでした: User's mysite not found.

Status: 404 (NotFound)
ErrorCode: ResourceNotFound
Date: 2025-04-13T09:13:39

Headers:
Vary                          : Accept-Encoding
Strict-Transport-Security     : max-age=31536000
request-id                    : 46229e89-c6b8-429f-bf01-e2b6ae451f90
client-request-id             : a0ef5fc7-9f3c-40cb-9dae-5c9ae2a8bd49
x-ms-ags-diagnostic           : {"ServerInfo":{"DataCenter":"Japan West","Slice":"E","Ring":"3","ScaleUnit":"002","RoleInstance":"OS1PEPF0000470A"}}
Date                          : Sun, 13 Apr 2025 09:13:39 GMT


[2025-04-13 18:13:41] [WARNING] ユーザー cim-master14@mirai-const.co.jp のOneDriveクォータ情報を取得できませんでした: User's mysite not found.

Status: 404 (NotFound)
ErrorCode: ResourceNotFound
Date: 2025-04-13T09:13:41

Headers:
Vary                          : Accept-Encoding
Strict-Transport-Security     : max-age=31536000
request-id                    : 2802d26d-93a5-4dcc-8df6-915202f8a3ef
client-request-id             : 0b2dce78-1cac-48b2-ae5c-da9c082fb351
x-ms-ags-diagnostic           : {"ServerInfo":{"DataCenter":"Japan West","Slice":"E","Ring":"3","ScaleUnit":"002","RoleInstance":"OS1PEPF0000470A"}}
Date                          : Sun, 13 Apr 2025 09:13:41 GMT


[2025-04-13 18:13:50] [WARNING] ユーザー chubu-rakuraku@mirai-const.co.jp のOneDriveクォータ情報を取得できませんでした: User's mysite not found.

Status: 404 (NotFound)
ErrorCode: ResourceNotFound
Date: 2025-04-13T09:13:50

Headers:
Vary                          : Accept-Encoding
Strict-Transport-Security     : max-age=31536000
request-id                    : 3e35bb91-0cd0-4f37-b2cc-7ebd93dbc38b
client-request-id             : e27bb562-2a36-47f1-8c37-f4f33783db50
x-ms-ags-diagnostic           : {"ServerInfo":{"DataCenter":"Japan West","Slice":"E","Ring":"3","ScaleUnit":"002","RoleInstance":"OS1PEPF0000470A"}}
Date                          : Sun, 13 Apr 2025 09:13:50 GMT


[2025-04-13 18:13:52] [WARNING] ユーザー i-komada@mirai-const.co.jp のOneDriveクォータ情報を取得できませんでした: User's mysite not found.

Status: 404 (NotFound)
ErrorCode: ResourceNotFound
Date: 2025-04-13T09:13:52

Headers:
Vary                          : Accept-Encoding
Strict-Transport-Security     : max-age=31536000
request-id                    : 33276e19-15a7-47f8-8f1d-68dd823d367e
client-request-id             : 424b8552-af49-42c9-95d7-51367b310318
x-ms-ags-diagnostic           : {"ServerInfo":{"DataCenter":"Japan West","Slice":"E","Ring":"3","ScaleUnit":"002","RoleInstance":"OS1PEPF0000470A"}}
Date                          : Sun, 13 Apr 2025 09:13:52 GMT


[2025-04-13 18:13:56] [WARNING] ユーザー tsubokawa-y92y2_mlit.go.jp#EXT#@miraiconst.onmicrosoft.com のOneDriveクォータ情報を取得できませんでした: User's mysite not found.

Status: 404 (NotFound)
ErrorCode: ResourceNotFound
Date: 2025-04-13T09:13:56

Headers:
Vary                          : Accept-Encoding
Strict-Transport-Security     : max-age=31536000
request-id                    : f3e7279f-9b28-4331-bce7-329584a64c72
client-request-id             : bab8e906-4b0a-4c01-8fe0-dfe5a0d5eee8
x-ms-ags-diagnostic           : {"ServerInfo":{"DataCenter":"Japan West","Slice":"E","Ring":"3","ScaleUnit":"002","RoleInstance":"OS1PEPF0000470A"}}
Date                          : Sun, 13 Apr 2025 09:13:56 GMT


[2025-04-13 18:13:58] [WARNING] ユーザー m-ushikubo@mirai-const.co.jp のOneDriveクォータ情報を取得できませんでした: User's mysite not found.

Status: 404 (NotFound)
ErrorCode: ResourceNotFound
Date: 2025-04-13T09:13:57

Headers:
Vary                          : Accept-Encoding
Strict-Transport-Security     : max-age=31536000
request-id                    : 3dc02e04-2e49-4cf9-9279-eae7ddc3e88d
client-request-id             : 6c2f845c-6c44-48a5-9e56-192fa9a81233
x-ms-ags-diagnostic           : {"ServerInfo":{"DataCenter":"Japan West","Slice":"E","Ring":"3","ScaleUnit":"002","RoleInstance":"OS1PEPF0000470A"}}
Date                          : Sun, 13 Apr 2025 09:13:57 GMT


[2025-04-13 18:13:59] [WARNING] ユーザー kyushu-rakuraku@mirai-const.co.jp のOneDriveクォータ情報を取得できませんでした: User's mysite not found.

Status: 404 (NotFound)
ErrorCode: ResourceNotFound
Date: 2025-04-13T09:13:59

Headers:
Vary                          : Accept-Encoding
Strict-Transport-Security     : max-age=31536000
request-id                    : f4be7715-1d12-46ad-a7fe-f78aed9a03fe
client-request-id             : f5468166-1e0d-48b5-bc3f-5f7e8cfbb077
x-ms-ags-diagnostic           : {"ServerInfo":{"DataCenter":"Japan West","Slice":"E","Ring":"3","ScaleUnit":"002","RoleInstance":"OS1PEPF0000470A"}}
Date                          : Sun, 13 Apr 2025 09:13:59 GMT


[2025-04-13 18:14:02] [WARNING] ユーザー cim-master01@mirai-const.co.jp のOneDriveクォータ情報を取得できませんでした: User's mysite not found.

Status: 404 (NotFound)
ErrorCode: ResourceNotFound
Date: 2025-04-13T09:14:01

Headers:
Vary                          : Accept-Encoding
Strict-Transport-Security     : max-age=31536000
request-id                    : da02a7e4-3cd0-4424-a3a0-349ed186d705
client-request-id             : d1e06b88-d919-47ea-9b0a-0760dc7bda70
x-ms-ags-diagnostic           : {"ServerInfo":{"DataCenter":"Japan West","Slice":"E","Ring":"3","ScaleUnit":"002","RoleInstance":"OS1PEPF0000470A"}}
Date                          : Sun, 13 Apr 2025 09:14:01 GMT


[2025-04-13 18:14:03] [WARNING] ユーザー cim-master@mirai-const.co.jp のOneDriveクォータ情報を取得できませんでした: User's mysite not found.

Status: 404 (NotFound)
ErrorCode: ResourceNotFound
Date: 2025-04-13T09:14:02

Headers:
Vary                          : Accept-Encoding
Strict-Transport-Security     : max-age=31536000
request-id                    : fc227215-9ddc-4071-9cb7-6601ee73f173
client-request-id             : aaae3f0f-9736-465b-91cb-79c04fd7ab1a
x-ms-ags-diagnostic           : {"ServerInfo":{"DataCenter":"Japan West","Slice":"E","Ring":"3","ScaleUnit":"002","RoleInstance":"OS1PEPF0000470A"}}
Date                          : Sun, 13 Apr 2025 09:14:02 GMT


[2025-04-13 18:14:03] [WARNING] ユーザー cim-master07@mirai-const.co.jp のOneDriveクォータ情報を取得できませんでした: User's mysite not found.

Status: 404 (NotFound)
ErrorCode: ResourceNotFound
Date: 2025-04-13T09:14:03

Headers:
Vary                          : Accept-Encoding
Strict-Transport-Security     : max-age=31536000
request-id                    : fafc9226-16ec-44cb-8eaf-e5a9deb0ba1c
client-request-id             : 2c7c363c-5e88-406d-b687-4a31af8df47e
x-ms-ags-diagnostic           : {"ServerInfo":{"DataCenter":"Japan West","Slice":"E","Ring":"3","ScaleUnit":"002","RoleInstance":"OS1PEPF0000470A"}}
Date                          : Sun, 13 Apr 2025 09:14:03 GMT


[2025-04-13 18:14:10] [WARNING] ユーザー tohoku-rakuraku@mirai-const.co.jp のOneDriveクォータ情報を取得できませんでした: User's mysite not found.

Status: 404 (NotFound)
ErrorCode: ResourceNotFound
Date: 2025-04-13T09:14:10

Headers:
Vary                          : Accept-Encoding
Strict-Transport-Security     : max-age=31536000
request-id                    : e07c7089-a3d1-4de6-acaa-5782849e1250
client-request-id             : 50396c20-6aba-4b9b-ae10-34e9b78462c2
x-ms-ags-diagnostic           : {"ServerInfo":{"DataCenter":"Japan West","Slice":"E","Ring":"3","ScaleUnit":"002","RoleInstance":"OS1PEPF0000470A"}}
Date                          : Sun, 13 Apr 2025 09:14:09 GMT


[2025-04-13 18:14:10] [WARNING] ユーザー cim-master02@mirai-const.co.jp のOneDriveクォータ情報を取得できませんでした: User's mysite not found.

Status: 404 (NotFound)
ErrorCode: ResourceNotFound
Date: 2025-04-13T09:14:10

Headers:
Vary                          : Accept-Encoding
Strict-Transport-Security     : max-age=31536000
request-id                    : 8a8c83b2-44da-42ee-99dd-5bb07f71fa25
client-request-id             : cd71eee5-956f-435d-8e59-8d41697c19cd
x-ms-ags-diagnostic           : {"ServerInfo":{"DataCenter":"Japan West","Slice":"E","Ring":"3","ScaleUnit":"002","RoleInstance":"OS1PEPF0000470A"}}
Date                          : Sun, 13 Apr 2025 09:14:10 GMT


[2025-04-13 18:14:11] [WARNING] ユーザー cim-master09@mirai-const.co.jp のOneDriveクォータ情報を取得できませんでした: User's mysite not found.

Status: 404 (NotFound)
ErrorCode: ResourceNotFound
Date: 2025-04-13T09:14:11

Headers:
Vary                          : Accept-Encoding
Strict-Transport-Security     : max-age=31536000
request-id                    : bd94fd29-a438-498d-a668-7488e55755ed
client-request-id             : fef8f1a4-8442-443f-85a7-81a09341be29
x-ms-ags-diagnostic           : {"ServerInfo":{"DataCenter":"Japan West","Slice":"E","Ring":"3","ScaleUnit":"002","RoleInstance":"OS1PEPF0000470A"}}
Date                          : Sun, 13 Apr 2025 09:14:10 GMT


[2025-04-13 18:14:12] [WARNING] ユーザー s-yoshie@mirai-const.co.jp のOneDriveクォータ情報を取得できませんでした: Method invocation failed because [System.Object[]] does not contain a method named 'op_Division'.
[2025-04-13 18:14:15] [WARNING] ユーザー ibaraki-rakuraku@mirai-const.co.jp のOneDriveクォータ情報を取得できませんでした: User's mysite not found.

Status: 404 (NotFound)
ErrorCode: ResourceNotFound
Date: 2025-04-13T09:14:14

Headers:
Vary                          : Accept-Encoding
Strict-Transport-Security     : max-age=31536000
request-id                    : a682ccf6-e05c-4b03-b2f2-c7452a585b34
client-request-id             : a48630e0-9588-4139-b446-e0278a18c9b6
x-ms-ags-diagnostic           : {"ServerInfo":{"DataCenter":"Japan West","Slice":"E","Ring":"3","ScaleUnit":"002","RoleInstance":"OS1PEPF0000470A"}}
Date                          : Sun, 13 Apr 2025 09:14:13 GMT


[2025-04-13 18:14:16] [WARNING] ユーザー mksystem-alert@miraiconst.onmicrosoft.com のOneDriveクォータ情報を取得できませんでした: User's mysite not found.

Status: 404 (NotFound)
ErrorCode: ResourceNotFound
Date: 2025-04-13T09:14:16

Headers:
Vary                          : Accept-Encoding
Strict-Transport-Security     : max-age=31536000
request-id                    : 3fbed629-2767-4830-8ec3-17808898ad8b
client-request-id             : 79d60567-e91e-4d15-be1d-ace7ce49b9a8
x-ms-ags-diagnostic           : {"ServerInfo":{"DataCenter":"Japan West","Slice":"E","Ring":"3","ScaleUnit":"002","RoleInstance":"OS1PEPF0000470A"}}
Date                          : Sun, 13 Apr 2025 09:14:16 GMT


[2025-04-13 18:14:17] [WARNING] ユーザー honsya2-2@miraiconst.onmicrosoft.com のOneDriveクォータ情報を取得できませんでした: User's mysite not found.

Status: 404 (NotFound)
ErrorCode: ResourceNotFound
Date: 2025-04-13T09:14:17

Headers:
Vary                          : Accept-Encoding
Strict-Transport-Security     : max-age=31536000
request-id                    : 31fdde26-b814-4487-bb26-6256c395a1ba
client-request-id             : 99cd637e-f9bf-410b-86d9-d48b6d250032
x-ms-ags-diagnostic           : {"ServerInfo":{"DataCenter":"Japan West","Slice":"E","Ring":"3","ScaleUnit":"002","RoleInstance":"OS1PEPF0000470A"}}
Date                          : Sun, 13 Apr 2025 09:14:17 GMT


[2025-04-13 18:14:22] [WARNING] ユーザー m-maruta@mirai-const.co.jp のOneDriveクォータ情報を取得できませんでした: User's mysite not found.

Status: 404 (NotFound)
ErrorCode: ResourceNotFound
Date: 2025-04-13T09:14:22

Headers:
Vary                          : Accept-Encoding
Strict-Transport-Security     : max-age=31536000
request-id                    : eb6b2db9-8d14-48ca-884a-f763f32fe811
client-request-id             : 522c9af1-dbbe-4b87-9e10-62fb5020a37f
x-ms-ags-diagnostic           : {"ServerInfo":{"DataCenter":"Japan West","Slice":"E","Ring":"3","ScaleUnit":"002","RoleInstance":"OS1PEPF0000470A"}}
Date                          : Sun, 13 Apr 2025 09:14:21 GMT


[2025-04-13 18:14:23] [WARNING] ユーザー netis@miraiconst.onmicrosoft.com のOneDriveクォータ情報を取得できませんでした: User's mysite not found.

Status: 404 (NotFound)
ErrorCode: ResourceNotFound
Date: 2025-04-13T09:14:23

Headers:
Vary                          : Accept-Encoding
Strict-Transport-Security     : max-age=31536000
request-id                    : 54415027-f60e-49b1-ba2a-ff2ff9b21615
client-request-id             : 57e5414e-53be-4891-bc6b-9142ec15d9a5
x-ms-ags-diagnostic           : {"ServerInfo":{"DataCenter":"Japan West","Slice":"E","Ring":"3","ScaleUnit":"002","RoleInstance":"OS1PEPF0000470A"}}
Date                          : Sun, 13 Apr 2025 09:14:23 GMT


[2025-04-13 18:14:25] [WARNING] ユーザー sh-ishihara-old@miraiconst.onmicrosoft.com のOneDriveクォータ情報を取得できませんでした: User's mysite not found.

Status: 404 (NotFound)
ErrorCode: ResourceNotFound
Date: 2025-04-13T09:14:25

Headers:
Vary                          : Accept-Encoding
Strict-Transport-Security     : max-age=31536000
request-id                    : c19c8a4e-04a8-426c-9558-dd156121d10f
client-request-id             : 66debf1a-c8ae-4137-bca0-496886d67655
x-ms-ags-diagnostic           : {"ServerInfo":{"DataCenter":"Japan West","Slice":"E","Ring":"3","ScaleUnit":"002","RoleInstance":"OS1PEPF0000470A"}}
Date                          : Sun, 13 Apr 2025 09:14:24 GMT


[2025-04-13 18:14:26] [WARNING] ユーザー y-ueno@mirai-const.co.jp のOneDriveクォータ情報を取得できませんでした: User's mysite not found.

Status: 404 (NotFound)
ErrorCode: ResourceNotFound
Date: 2025-04-13T09:14:26

Headers:
Vary                          : Accept-Encoding
Strict-Transport-Security     : max-age=31536000
request-id                    : dd53320c-cfcd-4458-ba8a-b3b8922791c0
client-request-id             : 913c6e8c-3d4c-4e99-a6d4-95a422deac6f
x-ms-ags-diagnostic           : {"ServerInfo":{"DataCenter":"Japan West","Slice":"E","Ring":"3","ScaleUnit":"002","RoleInstance":"OS1PEPF0000470A"}}
Date                          : Sun, 13 Apr 2025 09:14:26 GMT


[2025-04-13 18:14:28] [WARNING] ユーザー osaka-rakuraku@mirai-const.co.jp のOneDriveクォータ情報を取得できませんでした: User's mysite not found.

Status: 404 (NotFound)
ErrorCode: ResourceNotFound
Date: 2025-04-13T09:14:27

Headers:
Vary                          : Accept-Encoding
Strict-Transport-Security     : max-age=31536000
request-id                    : 8d8f807c-c8ac-4996-833a-f44f48896ec6
client-request-id             : 8a5a3ed0-6d46-4875-b446-30cbe0235f2a
x-ms-ags-diagnostic           : {"ServerInfo":{"DataCenter":"Japan West","Slice":"E","Ring":"3","ScaleUnit":"002","RoleInstance":"OS1PEPF00013D14"}}
Date                          : Sun, 13 Apr 2025 09:14:27 GMT


[2025-04-13 18:14:28] [WARNING] ユーザー apple-id@miraiconst.onmicrosoft.com のOneDriveクォータ情報を取得できませんでした: User's mysite not found.

Status: 404 (NotFound)
ErrorCode: ResourceNotFound
Date: 2025-04-13T09:14:28

Headers:
Vary                          : Accept-Encoding
Strict-Transport-Security     : max-age=31536000
request-id                    : 049b2ee5-a393-4fbe-8e67-aa57034dbdcd
client-request-id             : e7cfebd9-00cc-4e12-bd6e-a55cf35dc73a
x-ms-ags-diagnostic           : {"ServerInfo":{"DataCenter":"Japan West","Slice":"E","Ring":"3","ScaleUnit":"002","RoleInstance":"OS1PEPF00013D14"}}
Date                          : Sun, 13 Apr 2025 09:14:27 GMT


[2025-04-13 18:14:30] [WARNING] ユーザー okinawa@miraiconst.onmicrosoft.com のOneDriveクォータ情報を取得できませんでした: User's mysite not found.

Status: 404 (NotFound)
ErrorCode: ResourceNotFound
Date: 2025-04-13T09:14:29

Headers:
Vary                          : Accept-Encoding
Strict-Transport-Security     : max-age=31536000
request-id                    : 8bc4722d-4bd6-435f-8dde-d2a5ffbffe27
client-request-id             : d99ee63e-f6ad-4c6d-85e8-1b8f1f236b41
x-ms-ags-diagnostic           : {"ServerInfo":{"DataCenter":"Japan West","Slice":"E","Ring":"3","ScaleUnit":"002","RoleInstance":"OS1PEPF00013D14"}}
Date                          : Sun, 13 Apr 2025 09:14:29 GMT


[2025-04-13 18:14:37] [WARNING] ユーザー ki-fujita_mitsuifudosan.co.jp#EXT#@miraiconst.onmicrosoft.com のOneDriveクォータ情報を取得できませんでした: User's mysite not found.

Status: 404 (NotFound)
ErrorCode: ResourceNotFound
Date: 2025-04-13T09:14:37

Headers:
Vary                          : Accept-Encoding
Strict-Transport-Security     : max-age=31536000
request-id                    : 7f3b4b47-1764-4629-bce1-bc33dc314e26
client-request-id             : df149f12-6e6f-4392-94b8-c92df7f980e2
x-ms-ags-diagnostic           : {"ServerInfo":{"DataCenter":"Japan West","Slice":"E","Ring":"3","ScaleUnit":"002","RoleInstance":"OS1PEPF00013D14"}}
Date                          : Sun, 13 Apr 2025 09:14:36 GMT


[2025-04-13 18:14:38] [WARNING] ユーザー shikoku-rakuraku@mirai-const.co.jp のOneDriveクォータ情報を取得できませんでした: User's mysite not found.

Status: 404 (NotFound)
ErrorCode: ResourceNotFound
Date: 2025-04-13T09:14:38

Headers:
Vary                          : Accept-Encoding
Strict-Transport-Security     : max-age=31536000
request-id                    : 5e828ba3-a136-4baa-bc1c-22c5404f6ba4
client-request-id             : 528afca1-d5eb-4d71-b97d-7dde927a7a99
x-ms-ags-diagnostic           : {"ServerInfo":{"DataCenter":"Japan West","Slice":"E","Ring":"3","ScaleUnit":"002","RoleInstance":"OS1PEPF00013D14"}}
Date                          : Sun, 13 Apr 2025 09:14:37 GMT


[2025-04-13 18:14:39] [WARNING] ユーザー kanri-tokyo@mirai-const.co.jp のOneDriveクォータ情報を取得できませんでした: User's mysite not found.

Status: 404 (NotFound)
ErrorCode: ResourceNotFound
Date: 2025-04-13T09:14:38

Headers:
Vary                          : Accept-Encoding
Strict-Transport-Security     : max-age=31536000
request-id                    : 004dd39e-9cf0-4077-bfe0-554eb14d403b
client-request-id             : d803cd11-b625-4373-b6f4-080bd795fb7c
x-ms-ags-diagnostic           : {"ServerInfo":{"DataCenter":"Japan West","Slice":"E","Ring":"3","ScaleUnit":"002","RoleInstance":"OS1PEPF00013D14"}}
Date                          : Sun, 13 Apr 2025 09:14:38 GMT


[2025-04-13 18:14:42] [WARNING] ユーザー bid-info05m@mirai-const.co.jp のOneDriveクォータ情報を取得できませんでした: User's mysite not found.

Status: 404 (NotFound)
ErrorCode: ResourceNotFound
Date: 2025-04-13T09:14:42

Headers:
Vary                          : Accept-Encoding
Strict-Transport-Security     : max-age=31536000
request-id                    : e5e3599e-42a1-4848-b8ce-fa96de3efb4c
client-request-id             : ca005825-6136-4426-8103-b27b6468ad1f
x-ms-ags-diagnostic           : {"ServerInfo":{"DataCenter":"Japan West","Slice":"E","Ring":"3","ScaleUnit":"002","RoleInstance":"OS1PEPF00013D14"}}
Date                          : Sun, 13 Apr 2025 09:14:42 GMT


[2025-04-13 18:14:44] [WARNING] ユーザー cim-master12@mirai-const.co.jp のOneDriveクォータ情報を取得できませんでした: User's mysite not found.

Status: 404 (NotFound)
ErrorCode: ResourceNotFound
Date: 2025-04-13T09:14:44

Headers:
Vary                          : Accept-Encoding
Strict-Transport-Security     : max-age=31536000
request-id                    : 3e7321cf-33d2-4531-8ec9-eeef7c9922d2
client-request-id             : 1d8efdf0-0dcc-4f7c-a522-bc76292b526b
x-ms-ags-diagnostic           : {"ServerInfo":{"DataCenter":"Japan West","Slice":"E","Ring":"3","ScaleUnit":"002","RoleInstance":"OS1PEPF00013D14"}}
Date                          : Sun, 13 Apr 2025 09:14:44 GMT


[2025-04-13 18:14:45] [WARNING] ユーザー m-chugoku@miraiconst.onmicrosoft.com のOneDriveクォータ情報を取得できませんでした: User's mysite not found.

Status: 404 (NotFound)
ErrorCode: ResourceNotFound
Date: 2025-04-13T09:14:45

Headers:
Vary                          : Accept-Encoding
Strict-Transport-Security     : max-age=31536000
request-id                    : c20679da-3984-44be-8dbf-d4be27619b92
client-request-id             : e6edf6ef-58e3-456f-b683-595b82972f45
x-ms-ags-diagnostic           : {"ServerInfo":{"DataCenter":"Japan West","Slice":"E","Ring":"3","ScaleUnit":"002","RoleInstance":"OS1PEPF00013D14"}}
Date                          : Sun, 13 Apr 2025 09:14:44 GMT


[2025-04-13 18:14:46] [WARNING] ユーザー mirai-zoom@miraiconst.onmicrosoft.com のOneDriveクォータ情報を取得できませんでした: User's mysite not found.

Status: 404 (NotFound)
ErrorCode: ResourceNotFound
Date: 2025-04-13T09:14:46

Headers:
Vary                          : Accept-Encoding
Strict-Transport-Security     : max-age=31536000
request-id                    : 7748a425-be0f-42a1-91a1-b6e38d2c78da
client-request-id             : 38afe5a7-f094-4756-9e05-c4ec87edeccb
x-ms-ags-diagnostic           : {"ServerInfo":{"DataCenter":"Japan West","Slice":"E","Ring":"3","ScaleUnit":"002","RoleInstance":"OS1PEPF00013D14"}}
Date                          : Sun, 13 Apr 2025 09:14:46 GMT


[2025-04-13 18:14:47] [WARNING] ユーザー cim-master11@mirai-const.co.jp のOneDriveクォータ情報を取得できませんでした: User's mysite not found.

Status: 404 (NotFound)
ErrorCode: ResourceNotFound
Date: 2025-04-13T09:14:47

Headers:
Vary                          : Accept-Encoding
Strict-Transport-Security     : max-age=31536000
request-id                    : 89f8488e-9778-4fb9-baec-5dd45d044ae1
client-request-id             : a3b62146-8339-43f3-b89c-65c92f6532f7
x-ms-ags-diagnostic           : {"ServerInfo":{"DataCenter":"Japan West","Slice":"E","Ring":"3","ScaleUnit":"002","RoleInstance":"OS1PEPF00013D14"}}
Date                          : Sun, 13 Apr 2025 09:14:47 GMT


[2025-04-13 18:14:51] [WARNING] ユーザー compliance-hotline@miraiconst.onmicrosoft.com のOneDriveクォータ情報を取得できませんでした: User's mysite not found.

Status: 404 (NotFound)
ErrorCode: ResourceNotFound
Date: 2025-04-13T09:14:51

Headers:
Vary                          : Accept-Encoding
Strict-Transport-Security     : max-age=31536000
request-id                    : bf6a9028-1b3f-442a-9b9d-7e3db2a43db9
client-request-id             : 8b973830-314c-41ee-b2d8-257be06d9049
x-ms-ags-diagnostic           : {"ServerInfo":{"DataCenter":"Japan West","Slice":"E","Ring":"3","ScaleUnit":"002","RoleInstance":"OS1PEPF00013D14"}}
Date                          : Sun, 13 Apr 2025 09:14:50 GMT


[2025-04-13 18:14:51] [WARNING] ユーザー takuro.kumada_aaconst.co.jp#EXT#@miraiconst.onmicrosoft.com のOneDriveクォータ情報を取得できませんでした: User's mysite not found.

Status: 404 (NotFound)
ErrorCode: ResourceNotFound
Date: 2025-04-13T09:14:51

Headers:
Vary                          : Accept-Encoding
Strict-Transport-Security     : max-age=31536000
request-id                    : dc254a80-8ea1-4a2e-b8b5-82516c0444b9
client-request-id             : dbf490a4-5954-45bd-be2b-2e804e8f70fb
x-ms-ags-diagnostic           : {"ServerInfo":{"DataCenter":"Japan West","Slice":"E","Ring":"3","ScaleUnit":"002","RoleInstance":"OS1PEPF00013D14"}}
Date                          : Sun, 13 Apr 2025 09:14:51 GMT


[2025-04-13 18:14:52] [WARNING] ユーザー chiba-rakuraku@mirai-const.co.jp のOneDriveクォータ情報を取得できませんでした: User's mysite not found.

Status: 404 (NotFound)
ErrorCode: ResourceNotFound
Date: 2025-04-13T09:14:52

Headers:
Vary                          : Accept-Encoding
Strict-Transport-Security     : max-age=31536000
request-id                    : 59ff489a-af77-49ae-8a21-fd1638f53afc
client-request-id             : 01ae5e45-2408-43f4-95de-094d5a95e503
x-ms-ags-diagnostic           : {"ServerInfo":{"DataCenter":"Japan West","Slice":"E","Ring":"3","ScaleUnit":"002","RoleInstance":"OS1PEPF00013D14"}}
Date                          : Sun, 13 Apr 2025 09:14:52 GMT


[2025-04-13 18:14:53] [WARNING] ユーザー h_kawamura_cdit.or.jp#EXT#@miraiconst.onmicrosoft.com のOneDriveクォータ情報を取得できませんでした: User's mysite not found.

Status: 404 (NotFound)
ErrorCode: ResourceNotFound
Date: 2025-04-13T09:14:53

Headers:
Vary                          : Accept-Encoding
Strict-Transport-Security     : max-age=31536000
request-id                    : 3aaf5bf4-d26d-45dc-8f19-66de2f5560ca
client-request-id             : 7d8c6afc-6f4b-49e6-bf06-68e29e555c97
x-ms-ags-diagnostic           : {"ServerInfo":{"DataCenter":"Japan West","Slice":"E","Ring":"3","ScaleUnit":"002","RoleInstance":"OS1PEPF00013D14"}}
Date                          : Sun, 13 Apr 2025 09:14:52 GMT


[2025-04-13 18:14:53] [WARNING] ユーザー y-kamei@mirai-const.co.jp のOneDriveクォータ情報を取得できませんでした: Method invocation failed because [System.Object[]] does not contain a method named 'op_Division'.
[2025-04-13 18:14:53] [WARNING] ユーザー bid-info03m@mirai-const.co.jp のOneDriveクォータ情報を取得できませんでした: User's mysite not found.

Status: 404 (NotFound)
ErrorCode: ResourceNotFound
Date: 2025-04-13T09:14:53

Headers:
Vary                          : Accept-Encoding
Strict-Transport-Security     : max-age=31536000
request-id                    : 0a467b4c-ad25-4cc2-bf67-48c8813b28b9
client-request-id             : e04b8a05-3c5b-4308-ab9a-a57b5a644192
x-ms-ags-diagnostic           : {"ServerInfo":{"DataCenter":"Japan West","Slice":"E","Ring":"3","ScaleUnit":"002","RoleInstance":"OS1PEPF00013D14"}}
Date                          : Sun, 13 Apr 2025 09:14:53 GMT


[2025-04-13 18:14:54] [WARNING] ユーザー hokkaido-rakuraku@mirai-const.co.jp のOneDriveクォータ情報を取得できませんでした: User's mysite not found.

Status: 404 (NotFound)
ErrorCode: ResourceNotFound
Date: 2025-04-13T09:14:54

Headers:
Vary                          : Accept-Encoding
Strict-Transport-Security     : max-age=31536000
request-id                    : bcd6e084-188b-485d-85c6-ae8091bd66b8
client-request-id             : af31b239-38cf-4f49-908a-d3edadc94be1
x-ms-ags-diagnostic           : {"ServerInfo":{"DataCenter":"Japan West","Slice":"E","Ring":"3","ScaleUnit":"002","RoleInstance":"OS1PEPF00013D14"}}
Date                          : Sun, 13 Apr 2025 09:14:54 GMT


[2025-04-13 18:14:54] [WARNING] ユーザー hp-kanri@miraiconst.onmicrosoft.com のOneDriveクォータ情報を取得できませんでした: User's mysite not found.

Status: 404 (NotFound)
ErrorCode: ResourceNotFound
Date: 2025-04-13T09:14:54

Headers:
Vary                          : Accept-Encoding
Strict-Transport-Security     : max-age=31536000
request-id                    : fea7df40-f6fc-4f7a-b596-a65f2cd97e87
client-request-id             : dc972ca8-fa5a-47f4-9474-6cface82aaf1
x-ms-ags-diagnostic           : {"ServerInfo":{"DataCenter":"Japan West","Slice":"E","Ring":"3","ScaleUnit":"002","RoleInstance":"OS1PEPF00013D14"}}
Date                          : Sun, 13 Apr 2025 09:14:54 GMT


[2025-04-13 18:14:57] [WARNING] ユーザー e-watanabe@miraiconst.onmicrosoft.com のOneDriveクォータ情報を取得できませんでした: User's mysite not found.

Status: 404 (NotFound)
ErrorCode: ResourceNotFound
Date: 2025-04-13T09:14:57

Headers:
Vary                          : Accept-Encoding
Strict-Transport-Security     : max-age=31536000
request-id                    : fd409a41-9f13-4a62-9ae2-8e3fefbe4c1d
client-request-id             : c1dde582-a13d-45f1-804c-db0c4336cacb
x-ms-ags-diagnostic           : {"ServerInfo":{"DataCenter":"Japan West","Slice":"E","Ring":"3","ScaleUnit":"002","RoleInstance":"OS1PEPF00013D14"}}
Date                          : Sun, 13 Apr 2025 09:14:56 GMT


[2025-04-13 18:14:58] [WARNING] ユーザー n-sunako@mirai-const.co.jp のOneDriveクォータ情報を取得できませんでした: Method invocation failed because [System.Object[]] does not contain a method named 'op_Division'.
[2025-04-13 18:14:58] [INFO] ユーザー n-sunako@mirai-const.co.jp のroleTemplateId: 69091246-20e8-4a56-aa4d-066075b2a7a8
[2025-04-13 18:14:58] [INFO] ユーザー n-sunako@mirai-const.co.jp は管理者ロール: 69091246-20e8-4a56-aa4d-066075b2a7a8
[2025-04-13 18:15:00] [WARNING] ユーザー yamasaki-s89fa_mlit.go.jp#EXT#@miraiconst.onmicrosoft.com のOneDriveクォータ情報を取得できませんでした: User's mysite not found.

Status: 404 (NotFound)
ErrorCode: ResourceNotFound
Date: 2025-04-13T09:15:00

Headers:
Vary                          : Accept-Encoding
Strict-Transport-Security     : max-age=31536000
request-id                    : 80d9286e-92c8-4cbd-a113-6642c4fbeaf2
client-request-id             : b842c501-e9e4-4260-bd90-6537048ddd5b
x-ms-ags-diagnostic           : {"ServerInfo":{"DataCenter":"Japan West","Slice":"E","Ring":"3","ScaleUnit":"002","RoleInstance":"OS1PEPF00013D14"}}
Date                          : Sun, 13 Apr 2025 09:14:59 GMT


[2025-04-13 18:15:02] [WARNING] ユーザー mail-info@miraiconst.onmicrosoft.com のOneDriveクォータ情報を取得できませんでした: User's mysite not found.

Status: 404 (NotFound)
ErrorCode: ResourceNotFound
Date: 2025-04-13T09:15:02

Headers:
Vary                          : Accept-Encoding
Strict-Transport-Security     : max-age=31536000
request-id                    : 56210bbb-973d-45d7-93bf-9dc2e15b66ed
client-request-id             : 9ee326ab-e764-4e18-a552-25e6dd578050
x-ms-ags-diagnostic           : {"ServerInfo":{"DataCenter":"Japan West","Slice":"E","Ring":"3","ScaleUnit":"002","RoleInstance":"OS1PEPF00013D14"}}
Date                          : Sun, 13 Apr 2025 09:15:01 GMT


[2025-04-13 18:15:03] [WARNING] ユーザー k-tomioka@mirai-const.co.jp のOneDriveクォータ情報を取得できませんでした: Method invocation failed because [System.Object[]] does not contain a method named 'op_Division'.
[2025-04-13 18:15:04] [WARNING] ユーザー bid-info07m@mirai-const.co.jp のOneDriveクォータ情報を取得できませんでした: User's mysite not found.

Status: 404 (NotFound)
ErrorCode: ResourceNotFound
Date: 2025-04-13T09:15:04

Headers:
Vary                          : Accept-Encoding
Strict-Transport-Security     : max-age=31536000
request-id                    : 448d76b6-ecb7-4341-acb0-0dd632cf803a
client-request-id             : 94c2654b-c26e-4bd0-a45f-fea98ebbe021
x-ms-ags-diagnostic           : {"ServerInfo":{"DataCenter":"Japan West","Slice":"E","Ring":"3","ScaleUnit":"002","RoleInstance":"OS1PEPF00013D14"}}
Date                          : Sun, 13 Apr 2025 09:15:04 GMT


[2025-04-13 18:15:07] [WARNING] ユーザー cim-master08@mirai-const.co.jp のOneDriveクォータ情報を取得できませんでした: User's mysite not found.

Status: 404 (NotFound)
ErrorCode: ResourceNotFound
Date: 2025-04-13T09:15:07

Headers:
Vary                          : Accept-Encoding
Strict-Transport-Security     : max-age=31536000
request-id                    : 14dbffc5-2558-4cf8-bf7e-4635a6736454
client-request-id             : f44b2572-dc98-444d-94af-575be1a74b11
x-ms-ags-diagnostic           : {"ServerInfo":{"DataCenter":"Japan West","Slice":"E","Ring":"3","ScaleUnit":"002","RoleInstance":"OS1PEPF00013D14"}}
Date                          : Sun, 13 Apr 2025 09:15:06 GMT


[2025-04-13 18:15:08] [WARNING] ユーザー y-tsuzuki@mirai-const.co.jp のOneDriveクォータ情報を取得できませんでした: User's mysite not found.

Status: 404 (NotFound)
ErrorCode: ResourceNotFound
Date: 2025-04-13T09:15:08

Headers:
Vary                          : Accept-Encoding
Strict-Transport-Security     : max-age=31536000
request-id                    : a343fe89-4a91-4696-a6cc-406d7529895e
client-request-id             : 479202e1-e243-485d-be8d-98da21d417ab
x-ms-ags-diagnostic           : {"ServerInfo":{"DataCenter":"Japan West","Slice":"E","Ring":"3","ScaleUnit":"002","RoleInstance":"OS1PEPF00013D14"}}
Date                          : Sun, 13 Apr 2025 09:15:07 GMT


[2025-04-13 18:15:08] [WARNING] ユーザー m-info@miraiconst.onmicrosoft.com のOneDriveクォータ情報を取得できませんでした: User's mysite not found.

Status: 404 (NotFound)
ErrorCode: ResourceNotFound
Date: 2025-04-13T09:15:08

Headers:
Vary                          : Accept-Encoding
Strict-Transport-Security     : max-age=31536000
request-id                    : 02280a88-af88-4115-89d6-2892d63d8917
client-request-id             : b9173461-6391-420e-920c-51e5bb2c1845
x-ms-ags-diagnostic           : {"ServerInfo":{"DataCenter":"Japan West","Slice":"E","Ring":"3","ScaleUnit":"002","RoleInstance":"OS1PEPF00013D14"}}
Date                          : Sun, 13 Apr 2025 09:15:08 GMT


[2025-04-13 18:15:10] [WARNING] ユーザー hokkaido@miraiconst.onmicrosoft.com のOneDriveクォータ情報を取得できませんでした: User's mysite not found.

Status: 404 (NotFound)
ErrorCode: ResourceNotFound
Date: 2025-04-13T09:15:10

Headers:
Vary                          : Accept-Encoding
Strict-Transport-Security     : max-age=31536000
request-id                    : 23d32e72-c554-4a9e-a24b-b28df6d31e45
client-request-id             : 38eb2a5e-fa4d-4836-af3f-c481447b6c0f
x-ms-ags-diagnostic           : {"ServerInfo":{"DataCenter":"Japan West","Slice":"E","Ring":"3","ScaleUnit":"002","RoleInstance":"OS1PEPF00013D14"}}
Date                          : Sun, 13 Apr 2025 09:15:09 GMT


[2025-04-13 18:15:10] [WARNING] ユーザー yokohama-rakuraku@mirai-const.co.jp のOneDriveクォータ情報を取得できませんでした: User's mysite not found.

Status: 404 (NotFound)
ErrorCode: ResourceNotFound
Date: 2025-04-13T09:15:10

Headers:
Vary                          : Accept-Encoding
Strict-Transport-Security     : max-age=31536000
request-id                    : 3226b5f1-8e31-46f5-9e8e-8ab1f35c58fe
client-request-id             : e36cce87-0533-435d-b6f0-9aacf6349f67
x-ms-ags-diagnostic           : {"ServerInfo":{"DataCenter":"Japan West","Slice":"E","Ring":"3","ScaleUnit":"002","RoleInstance":"OS1PEPF00013D14"}}
Date                          : Sun, 13 Apr 2025 09:15:10 GMT


[2025-04-13 18:15:11] [WARNING] ユーザー keieikikaku@miraiconst.onmicrosoft.com のOneDriveクォータ情報を取得できませんでした: User's mysite not found.

Status: 404 (NotFound)
ErrorCode: ResourceNotFound
Date: 2025-04-13T09:15:11

Headers:
Vary                          : Accept-Encoding
Strict-Transport-Security     : max-age=31536000
request-id                    : 6c157c49-80f0-4dd4-9a97-739b8f3f1c1d
client-request-id             : eff39d5a-5d31-4fcb-8951-ebd0d23c7e5f
x-ms-ags-diagnostic           : {"ServerInfo":{"DataCenter":"Japan West","Slice":"E","Ring":"3","ScaleUnit":"002","RoleInstance":"OS1PEPF00013D14"}}
Date                          : Sun, 13 Apr 2025 09:15:11 GMT


[2025-04-13 18:15:13] [WARNING] ユーザー bid-info11m@mirai-const.co.jp のOneDriveクォータ情報を取得できませんでした: User's mysite not found.

Status: 404 (NotFound)
ErrorCode: ResourceNotFound
Date: 2025-04-13T09:15:13

Headers:
Vary                          : Accept-Encoding
Strict-Transport-Security     : max-age=31536000
request-id                    : dbfc061e-916d-4643-8956-aa72a280c39e
client-request-id             : 0d5eaed1-1c5b-4df7-82cf-b628d9280636
x-ms-ags-diagnostic           : {"ServerInfo":{"DataCenter":"Japan West","Slice":"E","Ring":"3","ScaleUnit":"002","RoleInstance":"OS1PEPF00013D14"}}
Date                          : Sun, 13 Apr 2025 09:15:12 GMT


[2025-04-13 18:15:13] [WARNING] ユーザー bid-info08m@mirai-const.co.jp のOneDriveクォータ情報を取得できませんでした: User's mysite not found.

Status: 404 (NotFound)
ErrorCode: ResourceNotFound
Date: 2025-04-13T09:15:13

Headers:
Vary                          : Accept-Encoding
Strict-Transport-Security     : max-age=31536000
request-id                    : 7dc26061-ca42-4027-9106-6c7a341f1954
client-request-id             : 34bae26e-3e60-41d1-8169-3f73069130b2
x-ms-ags-diagnostic           : {"ServerInfo":{"DataCenter":"Japan West","Slice":"E","Ring":"3","ScaleUnit":"002","RoleInstance":"OS1PEPF00013D14"}}
Date                          : Sun, 13 Apr 2025 09:15:13 GMT


[2025-04-13 18:15:16] [WARNING] ユーザー cim-master16@mirai-const.co.jp のOneDriveクォータ情報を取得できませんでした: User's mysite not found.

Status: 404 (NotFound)
ErrorCode: ResourceNotFound
Date: 2025-04-13T09:15:16

Headers:
Vary                          : Accept-Encoding
Strict-Transport-Security     : max-age=31536000
request-id                    : fae77548-53cd-45cb-9578-9c4ad2c030fb
client-request-id             : 172ccaf5-ae43-459c-90c4-2afad7574209
x-ms-ags-diagnostic           : {"ServerInfo":{"DataCenter":"Japan West","Slice":"E","Ring":"3","ScaleUnit":"002","RoleInstance":"OS1PEPF00013D14"}}
Date                          : Sun, 13 Apr 2025 09:15:15 GMT


[2025-04-13 18:15:18] [WARNING] ユーザー cim-master06@mirai-const.co.jp のOneDriveクォータ情報を取得できませんでした: User's mysite not found.

Status: 404 (NotFound)
ErrorCode: ResourceNotFound
Date: 2025-04-13T09:15:18

Headers:
Vary                          : Accept-Encoding
Strict-Transport-Security     : max-age=31536000
request-id                    : 41eaf978-ba4b-4d86-a47b-26a142be9dcf
client-request-id             : 84f85e94-0e68-45c2-b127-cb85feb66749
x-ms-ags-diagnostic           : {"ServerInfo":{"DataCenter":"Japan West","Slice":"E","Ring":"3","ScaleUnit":"002","RoleInstance":"OS1PEPF00013D14"}}
Date                          : Sun, 13 Apr 2025 09:15:17 GMT


[2025-04-13 18:15:21] [WARNING] ユーザー S.Nagano_otsuka-shokai.co.jp#EXT#@miraiconst.onmicrosoft.com のOneDriveクォータ情報を取得できませんでした: User's mysite not found.

Status: 404 (NotFound)
ErrorCode: ResourceNotFound
Date: 2025-04-13T09:15:21

Headers:
Vary                          : Accept-Encoding
Strict-Transport-Security     : max-age=31536000
request-id                    : 5d3c3590-168b-4272-9f87-20dce1dec0de
client-request-id             : b10cdac8-62d3-4e52-9709-5e0b2ec76510
x-ms-ags-diagnostic           : {"ServerInfo":{"DataCenter":"Japan West","Slice":"E","Ring":"3","ScaleUnit":"002","RoleInstance":"OS1PEPF00013D14"}}
Date                          : Sun, 13 Apr 2025 09:15:20 GMT


[2025-04-13 18:15:21] [WARNING] ユーザー k-sugimoto@miraiconst.onmicrosoft.com のOneDriveクォータ情報を取得できませんでした: User's mysite not found.

Status: 404 (NotFound)
ErrorCode: ResourceNotFound
Date: 2025-04-13T09:15:21

Headers:
Vary                          : Accept-Encoding
Strict-Transport-Security     : max-age=31536000
request-id                    : cceb0841-fa96-4025-87b7-f19569e47b61
client-request-id             : e351a8bb-6833-4b3e-9170-de926ca9d1c3
x-ms-ags-diagnostic           : {"ServerInfo":{"DataCenter":"Japan West","Slice":"E","Ring":"3","ScaleUnit":"002","RoleInstance":"OS1PEPF00013D14"}}
Date                          : Sun, 13 Apr 2025 09:15:20 GMT


[2025-04-13 18:15:22] [WARNING] ユーザー kita-kyushu@miraiconst.onmicrosoft.com のOneDriveクォータ情報を取得できませんでした: User's mysite not found.

Status: 404 (NotFound)
ErrorCode: ResourceNotFound
Date: 2025-04-13T09:15:22

Headers:
Vary                          : Accept-Encoding
Strict-Transport-Security     : max-age=31536000
request-id                    : c47e1cd8-6c16-4aff-9b4f-45920227330a
client-request-id             : bc1b0d24-59aa-4fcc-821a-0f4430723cd9
x-ms-ags-diagnostic           : {"ServerInfo":{"DataCenter":"Japan West","Slice":"E","Ring":"3","ScaleUnit":"002","RoleInstance":"OS1PEPF00013D14"}}
Date                          : Sun, 13 Apr 2025 09:15:21 GMT


[2025-04-13 18:15:25] [WARNING] ユーザー bid-info@mirai-const.co.jp のOneDriveクォータ情報を取得できませんでした: User's mysite not found.

Status: 404 (NotFound)
ErrorCode: ResourceNotFound
Date: 2025-04-13T09:15:25

Headers:
Vary                          : Accept-Encoding
Strict-Transport-Security     : max-age=31536000
request-id                    : 98186821-8771-471d-9bba-6e014c9d94d7
client-request-id             : 6506626e-2428-4341-a0c0-d8929e257b14
x-ms-ags-diagnostic           : {"ServerInfo":{"DataCenter":"Japan West","Slice":"E","Ring":"3","ScaleUnit":"002","RoleInstance":"OS1PEPF00013D14"}}
Date                          : Sun, 13 Apr 2025 09:15:24 GMT


[2025-04-13 18:15:26] [WARNING] ユーザー bid-info01m@mirai-const.co.jp のOneDriveクォータ情報を取得できませんでした: User's mysite not found.

Status: 404 (NotFound)
ErrorCode: ResourceNotFound
Date: 2025-04-13T09:15:26

Headers:
Vary                          : Accept-Encoding
Strict-Transport-Security     : max-age=31536000
request-id                    : b5ab6bd3-0758-47c5-a0e9-43144dce9cce
client-request-id             : 828ad9e0-2f24-4857-a818-90c50d56ff46
x-ms-ags-diagnostic           : {"ServerInfo":{"DataCenter":"Japan West","Slice":"E","Ring":"3","ScaleUnit":"002","RoleInstance":"OS1PEPF00013D14"}}
Date                          : Sun, 13 Apr 2025 09:15:25 GMT


[2025-04-13 18:15:27] [INFO] ユーザー r-niikura@mirai-const.co.jp のroleTemplateId: 62e90394-69f5-4237-9190-012177145e10
[2025-04-13 18:15:27] [INFO] ユーザー r-niikura@mirai-const.co.jp は管理者ロール: 62e90394-69f5-4237-9190-012177145e10
[2025-04-13 18:15:28] [WARNING] ユーザー zaimu@mirai-const.co.jp のOneDriveクォータ情報を取得できませんでした: User's mysite not found.

Status: 404 (NotFound)
ErrorCode: ResourceNotFound
Date: 2025-04-13T09:15:28

Headers:
Vary                          : Accept-Encoding
Strict-Transport-Security     : max-age=31536000
request-id                    : 9994175a-9169-4762-b0df-2da9b765503c
client-request-id             : c4f10173-9ef6-4db2-8292-55d9f51ed9a8
x-ms-ags-diagnostic           : {"ServerInfo":{"DataCenter":"Japan West","Slice":"E","Ring":"3","ScaleUnit":"002","RoleInstance":"OS1PEPF0000566F"}}
Date                          : Sun, 13 Apr 2025 09:15:27 GMT


[2025-04-13 18:15:29] [INFO] ユーザー k-okada@mirai-const.co.jp のroleTemplateId: 69091246-20e8-4a56-aa4d-066075b2a7a8
[2025-04-13 18:15:29] [INFO] ユーザー k-okada@mirai-const.co.jp は管理者ロール: 69091246-20e8-4a56-aa4d-066075b2a7a8
[2025-04-13 18:15:29] [WARNING] ユーザー cim-master15@mirai-const.co.jp のOneDriveクォータ情報を取得できませんでした: User's mysite not found.

Status: 404 (NotFound)
ErrorCode: ResourceNotFound
Date: 2025-04-13T09:15:29

Headers:
Vary                          : Accept-Encoding
Strict-Transport-Security     : max-age=31536000
request-id                    : debaf850-4e01-43a2-b39c-4d806964b6ad
client-request-id             : 2d48ea63-be41-4220-aa96-e6445f8822ae
x-ms-ags-diagnostic           : {"ServerInfo":{"DataCenter":"Japan West","Slice":"E","Ring":"3","ScaleUnit":"002","RoleInstance":"OS1PEPF0000566F"}}
Date                          : Sun, 13 Apr 2025 09:15:29 GMT


[2025-04-13 18:15:30] [WARNING] ユーザー ats-watanabe_mitsuifudosan.co.jp#EXT#@miraiconst.onmicrosoft.com のOneDriveクォータ情報を取得できませんでした: User's mysite not found.

Status: 404 (NotFound)
ErrorCode: ResourceNotFound
Date: 2025-04-13T09:15:30

Headers:
Vary                          : Accept-Encoding
Strict-Transport-Security     : max-age=31536000
request-id                    : f2c53d71-b3e8-4eed-8d53-f36026cbc198
client-request-id             : e32e0751-89d8-4dfd-8979-8cae3d25af73
x-ms-ags-diagnostic           : {"ServerInfo":{"DataCenter":"Japan West","Slice":"E","Ring":"3","ScaleUnit":"002","RoleInstance":"OS1PEPF0000566F"}}
Date                          : Sun, 13 Apr 2025 09:15:30 GMT


[2025-04-13 18:15:31] [WARNING] ユーザー t-kumai@miraiconst.onmicrosoft.com のOneDriveクォータ情報を取得できませんでした: User's mysite not found.

Status: 404 (NotFound)
ErrorCode: ResourceNotFound
Date: 2025-04-13T09:15:31

Headers:
Vary                          : Accept-Encoding
Strict-Transport-Security     : max-age=31536000
request-id                    : 6301f85b-544a-463b-9862-eaa2c0085515
client-request-id             : 568bd56d-130f-4564-ab30-13af2df31214
x-ms-ags-diagnostic           : {"ServerInfo":{"DataCenter":"Japan West","Slice":"E","Ring":"3","ScaleUnit":"002","RoleInstance":"OS1PEPF0000566F"}}
Date                          : Sun, 13 Apr 2025 09:15:31 GMT


[2025-04-13 18:15:33] [WARNING] ユーザー bid-info12m@mirai-const.co.jp のOneDriveクォータ情報を取得できませんでした: User's mysite not found.

Status: 404 (NotFound)
ErrorCode: ResourceNotFound
Date: 2025-04-13T09:15:33

Headers:
Vary                          : Accept-Encoding
Strict-Transport-Security     : max-age=31536000
request-id                    : 35ee535e-3f77-4396-951a-32bbe8d02968
client-request-id             : 236a5417-c022-41e1-8034-ebad0a06447c
x-ms-ags-diagnostic           : {"ServerInfo":{"DataCenter":"Japan West","Slice":"E","Ring":"3","ScaleUnit":"002","RoleInstance":"OS1PEPF0000566F"}}
Date                          : Sun, 13 Apr 2025 09:15:33 GMT


[2025-04-13 18:15:33] [WARNING] ユーザー cim-master03@mirai-const.co.jp のOneDriveクォータ情報を取得できませんでした: User's mysite not found.

Status: 404 (NotFound)
ErrorCode: ResourceNotFound
Date: 2025-04-13T09:15:33

Headers:
Vary                          : Accept-Encoding
Strict-Transport-Security     : max-age=31536000
request-id                    : 9cdb3948-83c1-48e7-b59b-e7c89d3e22dc
client-request-id             : bde83d01-4f54-4b7b-ae7c-5a526671bc54
x-ms-ags-diagnostic           : {"ServerInfo":{"DataCenter":"Japan West","Slice":"E","Ring":"3","ScaleUnit":"002","RoleInstance":"OS1PEPF0000566F"}}
Date                          : Sun, 13 Apr 2025 09:15:33 GMT


[2025-04-13 18:15:38] [WARNING] ユーザー tech@miraiconst.onmicrosoft.com のOneDriveクォータ情報を取得できませんでした: User's mysite not found.

Status: 404 (NotFound)
ErrorCode: ResourceNotFound
Date: 2025-04-13T09:15:38

Headers:
Vary                          : Accept-Encoding
Strict-Transport-Security     : max-age=31536000
request-id                    : 3077fd1b-6fb8-4744-a1a4-5e3f8ad7cfb4
client-request-id             : 3aedefd9-3e0f-4b25-ae81-87cd6e46d819
x-ms-ags-diagnostic           : {"ServerInfo":{"DataCenter":"Japan West","Slice":"E","Ring":"3","ScaleUnit":"002","RoleInstance":"OS1PEPF0000566F"}}
Date                          : Sun, 13 Apr 2025 09:15:38 GMT


[2025-04-13 18:15:40] [WARNING] ユーザー sketchup@miraiconst.onmicrosoft.com のOneDriveクォータ情報を取得できませんでした: User's mysite not found.

Status: 404 (NotFound)
ErrorCode: ResourceNotFound
Date: 2025-04-13T09:15:40

Headers:
Vary                          : Accept-Encoding
Strict-Transport-Security     : max-age=31536000
request-id                    : 5a22629e-b91f-449f-8dd6-72dd17a2d56a
client-request-id             : 744ccb14-3545-440a-b46e-51623686cb06
x-ms-ags-diagnostic           : {"ServerInfo":{"DataCenter":"Japan West","Slice":"E","Ring":"3","ScaleUnit":"002","RoleInstance":"OS1PEPF0000566F"}}
Date                          : Sun, 13 Apr 2025 09:15:39 GMT


[2025-04-13 18:15:41] [WARNING] ユーザー y-tajima@mirai-const.co.jp のOneDriveクォータ情報を取得できませんでした: User's mysite not found.

Status: 404 (NotFound)
ErrorCode: ResourceNotFound
Date: 2025-04-13T09:15:40

Headers:
Vary                          : Accept-Encoding
Strict-Transport-Security     : max-age=31536000
request-id                    : a30a45f8-7d3c-4e78-9594-94f6b30fd042
client-request-id             : 1113ee68-dbec-4eea-95b3-9f47eaa5bd2a
x-ms-ags-diagnostic           : {"ServerInfo":{"DataCenter":"Japan West","Slice":"E","Ring":"3","ScaleUnit":"002","RoleInstance":"OS1PEPF0000566F"}}
Date                          : Sun, 13 Apr 2025 09:15:40 GMT


[2025-04-13 18:15:41] [WARNING] ユーザー kaikei-support@mirai-const.co.jp のOneDriveクォータ情報を取得できませんでした: User's mysite not found.

Status: 404 (NotFound)
ErrorCode: ResourceNotFound
Date: 2025-04-13T09:15:41

Headers:
Vary                          : Accept-Encoding
Strict-Transport-Security     : max-age=31536000
request-id                    : 389f04d7-3a7d-4e4a-ba0c-303701d99a5d
client-request-id             : b5dea188-34c2-4ab2-8f1b-be2a6c9ae82f
x-ms-ags-diagnostic           : {"ServerInfo":{"DataCenter":"Japan West","Slice":"E","Ring":"3","ScaleUnit":"002","RoleInstance":"OS1PEPF0000566F"}}
Date                          : Sun, 13 Apr 2025 09:15:40 GMT


[2025-04-13 18:15:44] [WARNING] ユーザー m-suzuki@mirai-const.co.jp のOneDriveクォータ情報を取得できませんでした: User's mysite not found.

Status: 404 (NotFound)
ErrorCode: ResourceNotFound
Date: 2025-04-13T09:15:44

Headers:
Vary                          : Accept-Encoding
Strict-Transport-Security     : max-age=31536000
request-id                    : 479f97e6-0f10-4185-8755-d70787cbf975
client-request-id             : 6368d7f3-e5d6-44de-b7cf-806e82f90a5f
x-ms-ags-diagnostic           : {"ServerInfo":{"DataCenter":"Japan West","Slice":"E","Ring":"3","ScaleUnit":"002","RoleInstance":"OS1PEPF0000566F"}}
Date                          : Sun, 13 Apr 2025 09:15:43 GMT


[2025-04-13 18:15:46] [WARNING] ユーザー Sync_AZSV0001_b63ec191406d@miraiconst.onmicrosoft.com のOneDriveクォータ情報を取得できませんでした: User's mysite not found.

Status: 404 (NotFound)
ErrorCode: ResourceNotFound
Date: 2025-04-13T09:15:46

Headers:
Vary                          : Accept-Encoding
Strict-Transport-Security     : max-age=31536000
request-id                    : 353979ef-f74d-49e8-9a07-a575540ef69d
client-request-id             : 140b53a4-20a3-4b31-aa4f-6d18d80e104d
x-ms-ags-diagnostic           : {"ServerInfo":{"DataCenter":"Japan West","Slice":"E","Ring":"3","ScaleUnit":"002","RoleInstance":"OS1PEPF0000566F"}}
Date                          : Sun, 13 Apr 2025 09:15:46 GMT


[2025-04-13 18:15:46] [INFO] ユーザー Sync_AZSV0001_b63ec191406d@miraiconst.onmicrosoft.com のroleTemplateId: d29b2b05-8046-44ba-8758-1e26182fcf32
[2025-04-13 18:15:47] [WARNING] ユーザー kanri-kyushu@mirai-const.co.jp のOneDriveクォータ情報を取得できませんでした: User's mysite not found.

Status: 404 (NotFound)
ErrorCode: ResourceNotFound
Date: 2025-04-13T09:15:47

Headers:
Vary                          : Accept-Encoding
Strict-Transport-Security     : max-age=31536000
request-id                    : a0cbe0bc-5c1b-43a9-b808-78793580669a
client-request-id             : 82a58288-239a-4e2b-b287-f146d63d3107
x-ms-ags-diagnostic           : {"ServerInfo":{"DataCenter":"Japan West","Slice":"E","Ring":"3","ScaleUnit":"002","RoleInstance":"OS1PEPF0000566F"}}
Date                          : Sun, 13 Apr 2025 09:15:47 GMT


[2025-04-13 18:15:49] [WARNING] ユーザー bid-info04m@mirai-const.co.jp のOneDriveクォータ情報を取得できませんでした: User's mysite not found.

Status: 404 (NotFound)
ErrorCode: ResourceNotFound
Date: 2025-04-13T09:15:49

Headers:
Vary                          : Accept-Encoding
Strict-Transport-Security     : max-age=31536000
request-id                    : 83c01d59-5da3-4be7-9d30-3689154880dc
client-request-id             : 9e397f2a-bc3c-4052-8253-264345103bef
x-ms-ags-diagnostic           : {"ServerInfo":{"DataCenter":"Japan West","Slice":"E","Ring":"3","ScaleUnit":"002","RoleInstance":"OS1PEPF0000566F"}}
Date                          : Sun, 13 Apr 2025 09:15:49 GMT


[2025-04-13 18:15:50] [WARNING] ユーザー cim-master04@mirai-const.co.jp のOneDriveクォータ情報を取得できませんでした: User's mysite not found.

Status: 404 (NotFound)
ErrorCode: ResourceNotFound
Date: 2025-04-13T09:15:50

Headers:
Vary                          : Accept-Encoding
Strict-Transport-Security     : max-age=31536000
request-id                    : 1b8d03e3-1021-46ec-883f-db338306774a
client-request-id             : 8780c37b-9542-40f5-a9c5-edaa5d70a475
x-ms-ags-diagnostic           : {"ServerInfo":{"DataCenter":"Japan West","Slice":"E","Ring":"3","ScaleUnit":"002","RoleInstance":"OS1PEPF0000566F"}}
Date                          : Sun, 13 Apr 2025 09:15:49 GMT


[2025-04-13 18:15:50] [WARNING] ユーザー share@mirai-const.co.jp のOneDriveクォータ情報を取得できませんでした: User's mysite not found.

Status: 404 (NotFound)
ErrorCode: ResourceNotFound
Date: 2025-04-13T09:15:50

Headers:
Vary                          : Accept-Encoding
Strict-Transport-Security     : max-age=31536000
request-id                    : 8a4618e0-7828-418d-a17b-34fa046fbba3
client-request-id             : 5401d80e-4eba-4380-bbc2-9f3c68da9d6c
x-ms-ags-diagnostic           : {"ServerInfo":{"DataCenter":"Japan West","Slice":"E","Ring":"3","ScaleUnit":"002","RoleInstance":"OS1PEPF0000566F"}}
Date                          : Sun, 13 Apr 2025 09:15:50 GMT


[2025-04-13 18:15:51] [WARNING] ユーザー kitakyushu-rakuraku@mirai-const.co.jp のOneDriveクォータ情報を取得できませんでした: User's mysite not found.

Status: 404 (NotFound)
ErrorCode: ResourceNotFound
Date: 2025-04-13T09:15:51

Headers:
Vary                          : Accept-Encoding
Strict-Transport-Security     : max-age=31536000
request-id                    : f9543291-ac1c-44bf-bf35-4d3670ff8321
client-request-id             : 8a09816b-1d3a-4b87-80ef-72b442cafaa8
x-ms-ags-diagnostic           : {"ServerInfo":{"DataCenter":"Japan West","Slice":"E","Ring":"3","ScaleUnit":"002","RoleInstance":"OS1PEPF0000566F"}}
Date                          : Sun, 13 Apr 2025 09:15:50 GMT


[2025-04-13 18:15:51] [WARNING] ユーザー amazon-biz@mirai-const.co.jp のOneDriveクォータ情報を取得できませんでした: User's mysite not found.

Status: 404 (NotFound)
ErrorCode: ResourceNotFound
Date: 2025-04-13T09:15:51

Headers:
Vary                          : Accept-Encoding
Strict-Transport-Security     : max-age=31536000
request-id                    : 7e744e61-1c67-4d47-87ff-3c9791be54f2
client-request-id             : ab103569-947a-485a-820e-3254c500046f
x-ms-ags-diagnostic           : {"ServerInfo":{"DataCenter":"Japan West","Slice":"E","Ring":"3","ScaleUnit":"002","RoleInstance":"OS1PEPF0000566F"}}
Date                          : Sun, 13 Apr 2025 09:15:51 GMT


[2025-04-13 18:15:53] [WARNING] ユーザー k-hirabayashi@mirai-const.co.jp のOneDriveクォータ情報を取得できませんでした: User's mysite not found.

Status: 404 (NotFound)
ErrorCode: ResourceNotFound
Date: 2025-04-13T09:15:53

Headers:
Vary                          : Accept-Encoding
Strict-Transport-Security     : max-age=31536000
request-id                    : 3b2efd8d-6de0-43d9-890e-9f266d2e9231
client-request-id             : 73756049-ce95-4fc5-9755-4daa974eea1c
x-ms-ags-diagnostic           : {"ServerInfo":{"DataCenter":"Japan West","Slice":"E","Ring":"3","ScaleUnit":"002","RoleInstance":"OS1PEPF0000566F"}}
Date                          : Sun, 13 Apr 2025 09:15:53 GMT


[2025-04-13 18:15:53] [WARNING] ユーザー shizuoka-rakuraku@mirai-const.co.jp のOneDriveクォータ情報を取得できませんでした: User's mysite not found.

Status: 404 (NotFound)
ErrorCode: ResourceNotFound
Date: 2025-04-13T09:15:53

Headers:
Vary                          : Accept-Encoding
Strict-Transport-Security     : max-age=31536000
request-id                    : 2ea3c45f-b881-416f-8260-1cc3e7d23b52
client-request-id             : 52f13c76-f603-43d8-9221-90e8e8579421
x-ms-ags-diagnostic           : {"ServerInfo":{"DataCenter":"Japan West","Slice":"E","Ring":"3","ScaleUnit":"002","RoleInstance":"OS1PEPF0000566F"}}
Date                          : Sun, 13 Apr 2025 09:15:53 GMT


[2025-04-13 18:15:54] [WARNING] ユーザー tokyokouji-rakuraku@mirai-const.co.jp のOneDriveクォータ情報を取得できませんでした: User's mysite not found.

Status: 404 (NotFound)
ErrorCode: ResourceNotFound
Date: 2025-04-13T09:15:54

Headers:
Vary                          : Accept-Encoding
Strict-Transport-Security     : max-age=31536000
request-id                    : ad3f839f-abe0-4e61-b818-372b3f2297ac
client-request-id             : 43e3983c-0468-457b-b816-97647592fca8
x-ms-ags-diagnostic           : {"ServerInfo":{"DataCenter":"Japan West","Slice":"E","Ring":"3","ScaleUnit":"002","RoleInstance":"OS1PEPF0000566F"}}
Date                          : Sun, 13 Apr 2025 09:15:53 GMT


[2025-04-13 18:15:56] [WARNING] ユーザー honsya2-1@miraiconst.onmicrosoft.com のOneDriveクォータ情報を取得できませんでした: User's mysite not found.

Status: 404 (NotFound)
ErrorCode: ResourceNotFound
Date: 2025-04-13T09:15:56

Headers:
Vary                          : Accept-Encoding
Strict-Transport-Security     : max-age=31536000
request-id                    : 78ff4ecc-62fd-4bd8-b4ca-e54ed366a8c6
client-request-id             : e1e3cdf0-9f05-4d4e-badb-c0e2cdb4de56
x-ms-ags-diagnostic           : {"ServerInfo":{"DataCenter":"Japan West","Slice":"E","Ring":"3","ScaleUnit":"002","RoleInstance":"OS1PEPF0000566F"}}
Date                          : Sun, 13 Apr 2025 09:15:55 GMT


[2025-04-13 18:16:00] [WARNING] ユーザー ito_mainmark.co.jp#EXT#@miraiconst.onmicrosoft.com のOneDriveクォータ情報を取得できませんでした: User's mysite not found.

Status: 404 (NotFound)
ErrorCode: ResourceNotFound
Date: 2025-04-13T09:15:59

Headers:
Vary                          : Accept-Encoding
Strict-Transport-Security     : max-age=31536000
request-id                    : 8f197683-3dff-4372-9b88-850aa737f6bc
client-request-id             : 98c4614b-1d7d-49f2-a708-cd67793039b7
x-ms-ags-diagnostic           : {"ServerInfo":{"DataCenter":"Japan West","Slice":"E","Ring":"3","ScaleUnit":"002","RoleInstance":"OS1PEPF0000566F"}}
Date                          : Sun, 13 Apr 2025 09:15:59 GMT


[2025-04-13 18:16:02] [WARNING] ユーザー yk-takahashi_mitsuifudosan.co.jp#EXT#@miraiconst.onmicrosoft.com のOneDriveクォータ情報を取得できませんでした: User's mysite not found.

Status: 404 (NotFound)
ErrorCode: ResourceNotFound
Date: 2025-04-13T09:16:02

Headers:
Vary                          : Accept-Encoding
Strict-Transport-Security     : max-age=31536000
request-id                    : d670f04d-938f-4c33-90b3-82e2e34d2469
client-request-id             : d54f6816-1ba5-421b-82be-91460bfbad14
x-ms-ags-diagnostic           : {"ServerInfo":{"DataCenter":"Japan West","Slice":"E","Ring":"3","ScaleUnit":"002","RoleInstance":"OS1PEPF0000566F"}}
Date                          : Sun, 13 Apr 2025 09:16:01 GMT


[2025-04-13 18:16:03] [WARNING] ユーザー chugoku-rakuraku@mirai-const.co.jp のOneDriveクォータ情報を取得できませんでした: User's mysite not found.

Status: 404 (NotFound)
ErrorCode: ResourceNotFound
Date: 2025-04-13T09:16:02

Headers:
Vary                          : Accept-Encoding
Strict-Transport-Security     : max-age=31536000
request-id                    : 2b065b9c-1090-4a6b-9ca4-730783cb09c7
client-request-id             : ea4e4504-4d41-4fe8-8337-50a23f937865
x-ms-ags-diagnostic           : {"ServerInfo":{"DataCenter":"Japan West","Slice":"E","Ring":"3","ScaleUnit":"002","RoleInstance":"OS1PEPF0000566F"}}
Date                          : Sun, 13 Apr 2025 09:16:02 GMT


[2025-04-13 18:16:04] [WARNING] ユーザー webadmin@miraiconst.onmicrosoft.com のOneDriveクォータ情報を取得できませんでした: User's mysite not found.

Status: 404 (NotFound)
ErrorCode: ResourceNotFound
Date: 2025-04-13T09:16:04

Headers:
Vary                          : Accept-Encoding
Strict-Transport-Security     : max-age=31536000
request-id                    : b7bf9947-eb49-46aa-8304-88143f911493
client-request-id             : e081d227-e77a-4e94-9252-404dc857f57a
x-ms-ags-diagnostic           : {"ServerInfo":{"DataCenter":"Japan West","Slice":"E","Ring":"3","ScaleUnit":"002","RoleInstance":"OS1PEPF0000566F"}}
Date                          : Sun, 13 Apr 2025 09:16:04 GMT


[2025-04-13 18:16:06] [WARNING] ユーザー tokyokoji@miraiconst.onmicrosoft.com のOneDriveクォータ情報を取得できませんでした: User's mysite not found.

Status: 404 (NotFound)
ErrorCode: ResourceNotFound
Date: 2025-04-13T09:16:06

Headers:
Vary                          : Accept-Encoding
Strict-Transport-Security     : max-age=31536000
request-id                    : 67f97b81-ed78-44d6-a843-c9df89d78810
client-request-id             : 124fd563-275c-48fc-9080-e82a6ffe2871
x-ms-ags-diagnostic           : {"ServerInfo":{"DataCenter":"Japan West","Slice":"E","Ring":"3","ScaleUnit":"002","RoleInstance":"OS1PEPF0000566F"}}
Date                          : Sun, 13 Apr 2025 09:16:05 GMT


[2025-04-13 18:16:08] [WARNING] ユーザー tokyo-rakuraku@mirai-const.co.jp のOneDriveクォータ情報を取得できませんでした: User's mysite not found.

Status: 404 (NotFound)
ErrorCode: ResourceNotFound
Date: 2025-04-13T09:16:08

Headers:
Vary                          : Accept-Encoding
Strict-Transport-Security     : max-age=31536000
request-id                    : b0c90122-570a-4ded-a8bd-4f07789a38cd
client-request-id             : 20bf758b-ab68-409a-9f4e-c2ca54c7dd2d
x-ms-ags-diagnostic           : {"ServerInfo":{"DataCenter":"Japan West","Slice":"E","Ring":"3","ScaleUnit":"002","RoleInstance":"OS1PEPF0000566F"}}
Date                          : Sun, 13 Apr 2025 09:16:07 GMT


[2025-04-13 18:16:09] [WARNING] ユーザー mirai-edr@miraiconst.onmicrosoft.com のOneDriveクォータ情報を取得できませんでした: User's mysite not found.

Status: 404 (NotFound)
ErrorCode: ResourceNotFound
Date: 2025-04-13T09:16:09

Headers:
Vary                          : Accept-Encoding
Strict-Transport-Security     : max-age=31536000
request-id                    : f229331b-679a-43e6-a3a8-a6949361cab7
client-request-id             : 175b4379-b0c2-451b-8f92-6b1bf84a0a16
x-ms-ags-diagnostic           : {"ServerInfo":{"DataCenter":"Japan West","Slice":"E","Ring":"3","ScaleUnit":"002","RoleInstance":"OS1PEPF0000566F"}}
Date                          : Sun, 13 Apr 2025 09:16:08 GMT


[2025-04-13 18:16:10] [WARNING] ユーザー bid-info06m@mirai-const.co.jp のOneDriveクォータ情報を取得できませんでした: User's mysite not found.

Status: 404 (NotFound)
ErrorCode: ResourceNotFound
Date: 2025-04-13T09:16:10

Headers:
Vary                          : Accept-Encoding
Strict-Transport-Security     : max-age=31536000
request-id                    : 4686eed2-d684-49dd-9ab5-b4c3838f2e34
client-request-id             : a403b689-4fa2-4275-8ac7-df3bdd067658
x-ms-ags-diagnostic           : {"ServerInfo":{"DataCenter":"Japan West","Slice":"E","Ring":"3","ScaleUnit":"002","RoleInstance":"OS1PEPF0000566F"}}
Date                          : Sun, 13 Apr 2025 09:16:10 GMT


[2025-04-13 18:16:11] [WARNING] ユーザー noto-rakuraku@mirai-const.co.jp のOneDriveクォータ情報を取得できませんでした: User's mysite not found.

Status: 404 (NotFound)
ErrorCode: ResourceNotFound
Date: 2025-04-13T09:16:11

Headers:
Vary                          : Accept-Encoding
Strict-Transport-Security     : max-age=31536000
request-id                    : 61e4e295-c429-482d-bb6f-dbe51d3d2ecd
client-request-id             : e5101cf3-9346-4fed-ac3e-b9ea473026d3
x-ms-ags-diagnostic           : {"ServerInfo":{"DataCenter":"Japan West","Slice":"E","Ring":"3","ScaleUnit":"002","RoleInstance":"OS1PEPF0000566F"}}
Date                          : Sun, 13 Apr 2025 09:16:10 GMT


[2025-04-13 18:16:11] [WARNING] ユーザー aomori-rakuraku@mirai-const.co.jp のOneDriveクォータ情報を取得できませんでした: User's mysite not found.

Status: 404 (NotFound)
ErrorCode: ResourceNotFound
Date: 2025-04-13T09:16:11

Headers:
Vary                          : Accept-Encoding
Strict-Transport-Security     : max-age=31536000
request-id                    : bf9d38f3-dfd6-45b5-b59c-d73c23964adb
client-request-id             : 1ef55b0f-6d32-4043-b2b1-c27b032eb9a9
x-ms-ags-diagnostic           : {"ServerInfo":{"DataCenter":"Japan West","Slice":"E","Ring":"3","ScaleUnit":"002","RoleInstance":"OS1PEPF0000566F"}}
Date                          : Sun, 13 Apr 2025 09:16:11 GMT


[2025-04-13 18:16:13] [WARNING] ユーザー cad-master@miraiconst.onmicrosoft.com のOneDriveクォータ情報を取得できませんでした: User's mysite not found.

Status: 404 (NotFound)
ErrorCode: ResourceNotFound
Date: 2025-04-13T09:16:13

Headers:
Vary                          : Accept-Encoding
Strict-Transport-Security     : max-age=31536000
request-id                    : 84ba15c4-07c1-4283-8046-8afccc1fe4f7
client-request-id             : eea2da6c-9959-4379-aa71-b4c0b49b9752
x-ms-ags-diagnostic           : {"ServerInfo":{"DataCenter":"Japan West","Slice":"E","Ring":"3","ScaleUnit":"002","RoleInstance":"OS1PEPF0000566F"}}
Date                          : Sun, 13 Apr 2025 09:16:12 GMT


[2025-04-13 18:16:17] [WARNING] ユーザー direct@mirai-const.co.jp のOneDriveクォータ情報を取得できませんでした: User's mysite not found.

Status: 404 (NotFound)
ErrorCode: ResourceNotFound
Date: 2025-04-13T09:16:17

Headers:
Vary                          : Accept-Encoding
Strict-Transport-Security     : max-age=31536000
request-id                    : 501a5538-759d-4400-bc48-395c42491ddf
client-request-id             : ed040acb-918e-4d4a-b9bf-cd1baf330a97
x-ms-ags-diagnostic           : {"ServerInfo":{"DataCenter":"Japan West","Slice":"E","Ring":"3","ScaleUnit":"002","RoleInstance":"OS1PEPF0000566F"}}
Date                          : Sun, 13 Apr 2025 09:16:16 GMT


[2025-04-13 18:16:17] [WARNING] ユーザー forti-admin@mirai-const.co.jp のOneDriveクォータ情報を取得できませんでした: User's mysite not found.

Status: 404 (NotFound)
ErrorCode: ResourceNotFound
Date: 2025-04-13T09:16:17

Headers:
Vary                          : Accept-Encoding
Strict-Transport-Security     : max-age=31536000
request-id                    : 987ec019-8679-4b70-abda-c84a099c5f4e
client-request-id             : a7125789-fe3e-4df1-9c5a-ee20e5803f43
x-ms-ags-diagnostic           : {"ServerInfo":{"DataCenter":"Japan West","Slice":"E","Ring":"3","ScaleUnit":"002","RoleInstance":"OS1PEPF0000566F"}}
Date                          : Sun, 13 Apr 2025 09:16:17 GMT


[2025-04-13 18:16:19] [WARNING] ユーザー chubu@miraiconst.onmicrosoft.com のOneDriveクォータ情報を取得できませんでした: User's mysite not found.

Status: 404 (NotFound)
ErrorCode: ResourceNotFound
Date: 2025-04-13T09:16:19

Headers:
Vary                          : Accept-Encoding
Strict-Transport-Security     : max-age=31536000
request-id                    : 183f250f-e260-4d7c-abc4-0940da277ca1
client-request-id             : 0cfa512e-a37c-44e1-abe5-0facfeeb724f
x-ms-ags-diagnostic           : {"ServerInfo":{"DataCenter":"Japan West","Slice":"E","Ring":"3","ScaleUnit":"002","RoleInstance":"OS1PEPF0000566F"}}
Date                          : Sun, 13 Apr 2025 09:16:18 GMT


[2025-04-13 18:16:21] [WARNING] ユーザー ys-yamamoto_apptec.co.jp#EXT#@miraiconst.onmicrosoft.com のOneDriveクォータ情報を取得できませんでした: User's mysite not found.

Status: 404 (NotFound)
ErrorCode: ResourceNotFound
Date: 2025-04-13T09:16:21

Headers:
Vary                          : Accept-Encoding
Strict-Transport-Security     : max-age=31536000
request-id                    : 289de578-6f22-4ed1-8b68-668415d8b16b
client-request-id             : 2fb211fd-d4f8-42e3-9c62-6ed302c7a2ca
x-ms-ags-diagnostic           : {"ServerInfo":{"DataCenter":"Japan West","Slice":"E","Ring":"3","ScaleUnit":"002","RoleInstance":"OS1PEPF0000566F"}}
Date                          : Sun, 13 Apr 2025 09:16:20 GMT


[2025-04-13 18:16:22] [WARNING] ユーザー r-futenma@mirai-const.co.jp のOneDriveクォータ情報を取得できませんでした: User's mysite not found.

Status: 404 (NotFound)
ErrorCode: ResourceNotFound
Date: 2025-04-13T09:16:21

Headers:
Vary                          : Accept-Encoding
Strict-Transport-Security     : max-age=31536000
request-id                    : cd603418-439d-4fe5-9bd3-9ebce9ed5de6
client-request-id             : 5fdf6308-1010-4cde-a768-a2e0e46fa6b8
x-ms-ags-diagnostic           : {"ServerInfo":{"DataCenter":"Japan West","Slice":"E","Ring":"3","ScaleUnit":"002","RoleInstance":"OS1PEPF0000566F"}}
Date                          : Sun, 13 Apr 2025 09:16:21 GMT


[2025-04-13 18:16:22] [WARNING] ユーザー cim-master13@mirai-const.co.jp のOneDriveクォータ情報を取得できませんでした: User's mysite not found.

Status: 404 (NotFound)
ErrorCode: ResourceNotFound
Date: 2025-04-13T09:16:22

Headers:
Vary                          : Accept-Encoding
Strict-Transport-Security     : max-age=31536000
request-id                    : 093a6115-7a18-41fe-ac60-785b6af1b129
client-request-id             : 75516dee-5b07-41b9-a9b3-d6e56f3fdf42
x-ms-ags-diagnostic           : {"ServerInfo":{"DataCenter":"Japan West","Slice":"E","Ring":"3","ScaleUnit":"002","RoleInstance":"OS1PEPF0000566F"}}
Date                          : Sun, 13 Apr 2025 09:16:21 GMT


[2025-04-13 18:16:22] [WARNING] ユーザー na-kadokawa_apptec.co.jp#EXT#@miraiconst.onmicrosoft.com のOneDriveクォータ情報を取得できませんでした: User's mysite not found.

Status: 404 (NotFound)
ErrorCode: ResourceNotFound
Date: 2025-04-13T09:16:22

Headers:
Vary                          : Accept-Encoding
Strict-Transport-Security     : max-age=31536000
request-id                    : 9c829e33-4f4b-4822-844e-b91c4def3c7f
client-request-id             : ec07c381-b57e-4042-be8f-092f922312f1
x-ms-ags-diagnostic           : {"ServerInfo":{"DataCenter":"Japan West","Slice":"E","Ring":"3","ScaleUnit":"002","RoleInstance":"OS1PEPF0000566F"}}
Date                          : Sun, 13 Apr 2025 09:16:22 GMT


[2025-04-13 18:16:25] [WARNING] ユーザー mirai-sns@miraiconst.onmicrosoft.com のOneDriveクォータ情報を取得できませんでした: User's mysite not found.

Status: 404 (NotFound)
ErrorCode: ResourceNotFound
Date: 2025-04-13T09:16:25

Headers:
Vary                          : Accept-Encoding
Strict-Transport-Security     : max-age=31536000
request-id                    : 4c66b830-af08-4303-84c8-55ca5d351727
client-request-id             : 3f8675a0-b311-41bc-8218-c48253aa9bc9
x-ms-ags-diagnostic           : {"ServerInfo":{"DataCenter":"Japan West","Slice":"E","Ring":"3","ScaleUnit":"002","RoleInstance":"OS1PEPF0000566F"}}
Date                          : Sun, 13 Apr 2025 09:16:24 GMT


[2025-04-13 18:16:27] [WARNING] ユーザー et-satoh@mirai-const.co.jp のOneDriveクォータ情報を取得できませんでした: User's mysite not found.

Status: 404 (NotFound)
ErrorCode: ResourceNotFound
Date: 2025-04-13T09:16:27

Headers:
Vary                          : Accept-Encoding
Strict-Transport-Security     : max-age=31536000
request-id                    : ef6c8405-c4a9-4bbd-9818-9010673bb3eb
client-request-id             : c2414b4b-de27-43ec-a173-332c9773aeb8
x-ms-ags-diagnostic           : {"ServerInfo":{"DataCenter":"Japan West","Slice":"E","Ring":"3","ScaleUnit":"002","RoleInstance":"OS1PEPF0000566F"}}
Date                          : Sun, 13 Apr 2025 09:16:26 GMT


[2025-04-13 18:16:29] [WARNING] ユーザー k-obara@mirai-const.co.jp のOneDriveクォータ情報を取得できませんでした: User's mysite not found.

Status: 404 (NotFound)
ErrorCode: ResourceNotFound
Date: 2025-04-13T09:16:29

Headers:
Vary                          : Accept-Encoding
Strict-Transport-Security     : max-age=31536000
request-id                    : 9d0bb334-9a31-4697-ae35-1cb7f9780e7d
client-request-id             : cae92347-0791-4d2b-a37a-15d5f721a265
x-ms-ags-diagnostic           : {"ServerInfo":{"DataCenter":"Japan West","Slice":"E","Ring":"3","ScaleUnit":"002","RoleInstance":"OS1PEPF00004709"}}
Date                          : Sun, 13 Apr 2025 09:16:29 GMT


[2025-04-13 18:16:34] [WARNING] ユーザー kanri-oosaka@mirai-const.co.jp のOneDriveクォータ情報を取得できませんでした: User's mysite not found.

Status: 404 (NotFound)
ErrorCode: ResourceNotFound
Date: 2025-04-13T09:16:34

Headers:
Vary                          : Accept-Encoding
Strict-Transport-Security     : max-age=31536000
request-id                    : cebe9c11-0594-43b3-9688-aadafccebe5f
client-request-id             : 0158ab35-84a3-4801-8136-da5672bc3f52
x-ms-ags-diagnostic           : {"ServerInfo":{"DataCenter":"Japan West","Slice":"E","Ring":"3","ScaleUnit":"002","RoleInstance":"OS1PEPF00004709"}}
Date                          : Sun, 13 Apr 2025 09:16:33 GMT


[2025-04-13 18:16:36] [WARNING] ユーザー haruka.ishigaki_aaconst.onmicrosoft.com#EXT#@miraiconst.onmicrosoft.com のOneDriveクォータ情報を取得できませんでした: User's mysite not found.

Status: 404 (NotFound)
ErrorCode: ResourceNotFound
Date: 2025-04-13T09:16:36

Headers:
Vary                          : Accept-Encoding
Strict-Transport-Security     : max-age=31536000
request-id                    : 93f6c0cb-0235-4a2a-b31b-1f5f61dac2f4
client-request-id             : d2b536e3-eb7a-456d-94b7-0118a722a527
x-ms-ags-diagnostic           : {"ServerInfo":{"DataCenter":"Japan West","Slice":"E","Ring":"3","ScaleUnit":"002","RoleInstance":"OS1PEPF00004709"}}
Date                          : Sun, 13 Apr 2025 09:16:35 GMT


[2025-04-13 18:16:37] [WARNING] ユーザー bid-info02m@mirai-const.co.jp のOneDriveクォータ情報を取得できませんでした: User's mysite not found.

Status: 404 (NotFound)
ErrorCode: ResourceNotFound
Date: 2025-04-13T09:16:37

Headers:
Vary                          : Accept-Encoding
Strict-Transport-Security     : max-age=31536000
request-id                    : c566d538-8993-4453-83f4-ffb7a5d929b7
client-request-id             : 06a1dd54-c199-4258-a6eb-1aae3cb8537b
x-ms-ags-diagnostic           : {"ServerInfo":{"DataCenter":"Japan West","Slice":"E","Ring":"3","ScaleUnit":"002","RoleInstance":"OS1PEPF00004709"}}
Date                          : Sun, 13 Apr 2025 09:16:37 GMT


[2025-04-13 18:16:38] [SUCCESS] OneDriveクォータ情報の取得が完了しました。取得件数: 524
[2025-04-13 18:16:38] [SUCCESS] CSVファイルを作成しました: C:\kitting\OneDriveforBusinessManagementSystem\OneDriveManagement.20250413\Basic_Data_Collection.20250413\OneDriveQuota.20250413181638.csv
[2025-04-13 18:16:38] [INFO] HTMLファイルを作成します: C:\kitting\OneDriveforBusinessManagementSystem\OneDriveManagement.20250413\Basic_Data_Collection.20250413\OneDriveQuota.20250413181638.html
[2025-04-13 18:17:26] [SUCCESS] HTMLファイルの作成が完了しました: C:\kitting\OneDriveforBusinessManagementSystem\OneDriveManagement.20250413\Basic_Data_Collection.20250413\OneDriveQuota.20250413181638.html
[2025-04-13 18:17:26] [INFO] Excelでファイルを開いて列幅の調整とフィルターの適用を行います...
[2025-04-13 18:17:29] [SUCCESS] Excelでの処理が完了しました。
