[2025-04-13 20:55:28] [INFO] ストレージクォータ取得を開始します
[2025-04-13 20:55:28] [INFO] 出力ディレクトリ: C:\kitting\OneDriveforBusinessManagementSystem\OneDriveManagement.20250413\Basic_Data_Collection.20250413
[2025-04-13 20:55:28] [INFO] ログディレクトリ: C:\kitting\OneDriveforBusinessManagementSystem\OneDriveManagement.20250413\Log
[2025-04-13 20:55:28] [WARNING] Graph接続済みですが、ユーザー情報は取得できません。
[2025-04-13 20:55:28] [WARNING] Graph接続済みですが、ユーザー情報は取得できません。
[2025-04-13 20:55:28] [INFO] すべてのユーザーのOneDriveクォータ情報を取得しています...
[2025-04-13 20:55:31] [WARNING] ユーザー okinawa-rakuraku@mirai-const.co.jp のOneDriveクォータ情報を取得できませんでした: User's mysite not found.

Status: 404 (NotFound)
ErrorCode: ResourceNotFound
Date: 2025-04-13T11:55:31

Headers:
Vary                          : Accept-Encoding
Strict-Transport-Security     : max-age=31536000
request-id                    : 16f2b1a8-0605-42cf-b99c-c562ee285006
client-request-id             : 8e025b54-6c71-4044-816b-e67cf63e0b0b
x-ms-ags-diagnostic           : {"ServerInfo":{"DataCenter":"Japan West","Slice":"E","Ring":"3","ScaleUnit":"000","RoleInstance":"OS1PEPF00006C35"}}
Date                          : Sun, 13 Apr 2025 11:55:31 GMT


[2025-04-13 20:55:40] [WARNING] ユーザー admin@miraiconst.onmicrosoft.com のOneDriveクォータ情報を取得できませんでした: User's mysite not found.

Status: 404 (NotFound)
ErrorCode: ResourceNotFound
Date: 2025-04-13T11:55:40

Headers:
Vary                          : Accept-Encoding
Strict-Transport-Security     : max-age=31536000
request-id                    : 3436260e-3f8b-4ab5-bb4b-625fcf15f8e1
client-request-id             : fe7a86bf-6b3d-46e0-bba0-f934bcd1527d
x-ms-ags-diagnostic           : {"ServerInfo":{"DataCenter":"Japan West","Slice":"E","Ring":"3","ScaleUnit":"000","RoleInstance":"OS1PEPF00006C35"}}
Date                          : Sun, 13 Apr 2025 11:55:39 GMT


[2025-04-13 20:55:41] [INFO] ユーザー admin@miraiconst.onmicrosoft.com のroleTemplateId: 62e90394-69f5-4237-9190-012177145e10
[2025-04-13 20:55:41] [INFO] ユーザー admin@miraiconst.onmicrosoft.com は管理者ロール: 62e90394-69f5-4237-9190-012177145e10
[2025-04-13 20:55:47] [WARNING] ユーザー admin1@miraiconst.onmicrosoft.com のOneDriveクォータ情報を取得できませんでした: User's mysite not found.

Status: 404 (NotFound)
ErrorCode: ResourceNotFound
Date: 2025-04-13T11:55:47

Headers:
Vary                          : Accept-Encoding
Strict-Transport-Security     : max-age=31536000
request-id                    : 4c50b364-1faf-46ff-a4d4-48498189305e
client-request-id             : 12c7689c-3f60-454b-a726-4b99f2a4cfd9
x-ms-ags-diagnostic           : {"ServerInfo":{"DataCenter":"Japan West","Slice":"E","Ring":"3","ScaleUnit":"000","RoleInstance":"OS1PEPF00006C35"}}
Date                          : Sun, 13 Apr 2025 11:55:46 GMT


[2025-04-13 20:55:49] [WARNING] ユーザー cim-master10@mirai-const.co.jp のOneDriveクォータ情報を取得できませんでした: User's mysite not found.

Status: 404 (NotFound)
ErrorCode: ResourceNotFound
Date: 2025-04-13T11:55:48

Headers:
Vary                          : Accept-Encoding
Strict-Transport-Security     : max-age=31536000
request-id                    : 272818d8-a818-4302-b873-fb9b98e0e86c
client-request-id             : 5670edf7-6991-42db-9ea1-18ebc2a3f93a
x-ms-ags-diagnostic           : {"ServerInfo":{"DataCenter":"Japan West","Slice":"E","Ring":"3","ScaleUnit":"000","RoleInstance":"OS1PEPF00006C35"}}
Date                          : Sun, 13 Apr 2025 11:55:47 GMT


[2025-04-13 20:55:53] [WARNING] ユーザー jinji-saiyou@mirai-const.co.jp のOneDriveクォータ情報を取得できませんでした: User's mysite not found.

Status: 404 (NotFound)
ErrorCode: ResourceNotFound
Date: 2025-04-13T11:55:53

Headers:
Vary                          : Accept-Encoding
Strict-Transport-Security     : max-age=31536000
request-id                    : 01241be8-0de6-4746-ad8f-ca7563888587
client-request-id             : 7da72e39-323b-44c0-9bac-1d746462a1b8
x-ms-ags-diagnostic           : {"ServerInfo":{"DataCenter":"Japan West","Slice":"E","Ring":"3","ScaleUnit":"000","RoleInstance":"OS1PEPF00006C35"}}
Date                          : Sun, 13 Apr 2025 11:55:52 GMT


[2025-04-13 20:55:57] [WARNING] ユーザー soumu-payment@mirai-const.co.jp のOneDriveクォータ情報を取得できませんでした: User's mysite not found.

Status: 404 (NotFound)
ErrorCode: ResourceNotFound
Date: 2025-04-13T11:55:57

Headers:
Vary                          : Accept-Encoding
Strict-Transport-Security     : max-age=31536000
request-id                    : 7300d77e-36bf-4143-99a6-68b0675877f6
client-request-id             : c67b0cf3-e350-4372-a208-c192cc7eff4c
x-ms-ags-diagnostic           : {"ServerInfo":{"DataCenter":"Japan West","Slice":"E","Ring":"3","ScaleUnit":"000","RoleInstance":"OS1PEPF00006C35"}}
Date                          : Sun, 13 Apr 2025 11:55:57 GMT


[2025-04-13 20:55:58] [WARNING] ユーザー mf-jigyoukikaku@miraiconst.onmicrosoft.com のOneDriveクォータ情報を取得できませんでした: User's mysite not found.

Status: 404 (NotFound)
ErrorCode: ResourceNotFound
Date: 2025-04-13T11:55:59

Headers:
Vary                          : Accept-Encoding
Strict-Transport-Security     : max-age=31536000
request-id                    : 4f516cf3-cf67-4968-a5e6-e4eb52ee572d
client-request-id             : 026b92e3-e4fe-4f49-8d5e-927c252e9cf3
x-ms-ags-diagnostic           : {"ServerInfo":{"DataCenter":"Japan West","Slice":"E","Ring":"3","ScaleUnit":"000","RoleInstance":"OS1PEPF00006C35"}}
Date                          : Sun, 13 Apr 2025 11:55:58 GMT


[2025-04-13 20:56:03] [WARNING] ユーザー henngetest@mirai-const.co.jp のOneDriveクォータ情報を取得できませんでした: User's mysite not found.

Status: 404 (NotFound)
ErrorCode: ResourceNotFound
Date: 2025-04-13T11:56:03

Headers:
Vary                          : Accept-Encoding
Strict-Transport-Security     : max-age=31536000
request-id                    : 7e654e3a-1dbf-4ca6-88ce-59357f09e138
client-request-id             : 99f61ce0-a5b7-4a66-81d4-85f821b3961f
x-ms-ags-diagnostic           : {"ServerInfo":{"DataCenter":"Japan West","Slice":"E","Ring":"3","ScaleUnit":"000","RoleInstance":"OS1PEPF00006C35"}}
Date                          : Sun, 13 Apr 2025 11:56:02 GMT


[2025-04-13 20:56:18] [WARNING] ユーザー ariake-rakuraku@mirai-const.co.jp のOneDriveクォータ情報を取得できませんでした: User's mysite not found.

Status: 404 (NotFound)
ErrorCode: ResourceNotFound
Date: 2025-04-13T11:56:18

Headers:
Vary                          : Accept-Encoding
Strict-Transport-Security     : max-age=31536000
request-id                    : 194fb05b-88ab-4c34-ab1d-9b0bb4950975
client-request-id             : 601d1a59-6807-441c-b3fe-062d1dc70b6c
x-ms-ags-diagnostic           : {"ServerInfo":{"DataCenter":"Japan West","Slice":"E","Ring":"3","ScaleUnit":"000","RoleInstance":"OS1PEPF00006C35"}}
Date                          : Sun, 13 Apr 2025 11:56:18 GMT


[2025-04-13 20:56:19] [WARNING] ユーザー system-info@mirai-const.co.jp のOneDriveクォータ情報を取得できませんでした: User's mysite not found.

Status: 404 (NotFound)
ErrorCode: ResourceNotFound
Date: 2025-04-13T11:56:19

Headers:
Vary                          : Accept-Encoding
Strict-Transport-Security     : max-age=31536000
request-id                    : 9d189e7a-c6f1-426f-b8c5-0b5ad7de75bc
client-request-id             : 78f4a52c-d33c-4e30-85c5-7fee4773837e
x-ms-ags-diagnostic           : {"ServerInfo":{"DataCenter":"Japan West","Slice":"E","Ring":"3","ScaleUnit":"000","RoleInstance":"OS1PEPF00006C35"}}
Date                          : Sun, 13 Apr 2025 11:56:19 GMT


[2025-04-13 20:56:26] [WARNING] ユーザー hideyuki.nomura_halekulaniokinawa.com#EXT#@miraiconst.onmicrosoft.com のOneDriveクォータ情報を取得できませんでした: User's mysite not found.

Status: 404 (NotFound)
ErrorCode: ResourceNotFound
Date: 2025-04-13T11:56:26

Headers:
Vary                          : Accept-Encoding
Strict-Transport-Security     : max-age=31536000
request-id                    : 2064c352-b54b-4a85-9439-b8f889826043
client-request-id             : 8b9c217a-b514-4634-88a4-69fab88121f5
x-ms-ags-diagnostic           : {"ServerInfo":{"DataCenter":"Japan West","Slice":"E","Ring":"3","ScaleUnit":"000","RoleInstance":"OS1PEPF00006C35"}}
Date                          : Sun, 13 Apr 2025 11:56:25 GMT


[2025-04-13 20:56:26] [WARNING] ユーザー cim-master05@mirai-const.co.jp のOneDriveクォータ情報を取得できませんでした: User's mysite not found.

Status: 404 (NotFound)
ErrorCode: ResourceNotFound
Date: 2025-04-13T11:56:26

Headers:
Vary                          : Accept-Encoding
Strict-Transport-Security     : max-age=31536000
request-id                    : 7ab4cc40-71a2-47d0-9d6f-b2469a4db80a
client-request-id             : 0c8968ab-1741-49df-99c9-97cfb41eb062
x-ms-ags-diagnostic           : {"ServerInfo":{"DataCenter":"Japan West","Slice":"E","Ring":"3","ScaleUnit":"000","RoleInstance":"OS1PEPF00006C35"}}
Date                          : Sun, 13 Apr 2025 11:56:25 GMT


[2025-04-13 20:56:28] [WARNING] ユーザー mk-engagement@miraiconst.onmicrosoft.com のOneDriveクォータ情報を取得できませんでした: User's mysite not found.

Status: 404 (NotFound)
ErrorCode: ResourceNotFound
Date: 2025-04-13T11:56:28

Headers:
Vary                          : Accept-Encoding
Strict-Transport-Security     : max-age=31536000
request-id                    : a6239653-268d-42c8-96af-bd944caca409
client-request-id             : a141cb5d-a9bc-493e-8716-3d77a4ab63fa
x-ms-ags-diagnostic           : {"ServerInfo":{"DataCenter":"Japan West","Slice":"E","Ring":"3","ScaleUnit":"000","RoleInstance":"OS1PEPF00006C35"}}
Date                          : Sun, 13 Apr 2025 11:56:27 GMT


[2025-04-13 20:56:29] [WARNING] ユーザー bid-info10m@mirai-const.co.jp のOneDriveクォータ情報を取得できませんでした: User's mysite not found.

Status: 404 (NotFound)
ErrorCode: ResourceNotFound
Date: 2025-04-13T11:56:30

Headers:
Vary                          : Accept-Encoding
Strict-Transport-Security     : max-age=31536000
request-id                    : 4251e1fb-3a6e-4fbb-9cd9-cfcbbca0a17e
client-request-id             : 1e23d940-3e2a-4777-9b5b-acd9e01891ea
x-ms-ags-diagnostic           : {"ServerInfo":{"DataCenter":"Japan West","Slice":"E","Ring":"3","ScaleUnit":"000","RoleInstance":"OS1PEPF0000925B"}}
Date                          : Sun, 13 Apr 2025 11:56:29 GMT


[2025-04-13 20:56:30] [WARNING] ユーザー bid-info09m@mirai-const.co.jp のOneDriveクォータ情報を取得できませんでした: User's mysite not found.

Status: 404 (NotFound)
ErrorCode: ResourceNotFound
Date: 2025-04-13T11:56:30

Headers:
Vary                          : Accept-Encoding
Strict-Transport-Security     : max-age=31536000
request-id                    : cfa89ec8-67a7-4214-adbc-df742eef379d
client-request-id             : 7e4f102e-876c-46bd-96a4-b2a563b00211
x-ms-ags-diagnostic           : {"ServerInfo":{"DataCenter":"Japan West","Slice":"E","Ring":"3","ScaleUnit":"000","RoleInstance":"OS1PEPF0000925B"}}
Date                          : Sun, 13 Apr 2025 11:56:30 GMT


[2025-04-13 20:56:34] [WARNING] ユーザー hokuriku-rakuraku@mirai-const.co.jp のOneDriveクォータ情報を取得できませんでした: User's mysite not found.

Status: 404 (NotFound)
ErrorCode: ResourceNotFound
Date: 2025-04-13T11:56:34

Headers:
Vary                          : Accept-Encoding
Strict-Transport-Security     : max-age=31536000
request-id                    : bd81635e-338e-4af3-848f-b7d453d2bd27
client-request-id             : 3b019a9d-0aee-4813-beb1-fc85c3d397bf
x-ms-ags-diagnostic           : {"ServerInfo":{"DataCenter":"Japan West","Slice":"E","Ring":"3","ScaleUnit":"000","RoleInstance":"OS1PEPF0000925B"}}
Date                          : Sun, 13 Apr 2025 11:56:33 GMT


[2025-04-13 20:56:37] [WARNING] ユーザー m-ariake@miraiconst.onmicrosoft.com のOneDriveクォータ情報を取得できませんでした: User's mysite not found.

Status: 404 (NotFound)
ErrorCode: ResourceNotFound
Date: 2025-04-13T11:56:37

Headers:
Vary                          : Accept-Encoding
Strict-Transport-Security     : max-age=31536000
request-id                    : 2649d7f2-9dd3-412a-8aa5-ed5ce0f76849
client-request-id             : 441a25cf-cc45-48d4-9449-0ed373ea928b
x-ms-ags-diagnostic           : {"ServerInfo":{"DataCenter":"Japan West","Slice":"E","Ring":"3","ScaleUnit":"000","RoleInstance":"OS1PEPF0000925B"}}
Date                          : Sun, 13 Apr 2025 11:56:36 GMT


[2025-04-13 20:56:39] [WARNING] ユーザー cim-master14@mirai-const.co.jp のOneDriveクォータ情報を取得できませんでした: User's mysite not found.

Status: 404 (NotFound)
ErrorCode: ResourceNotFound
Date: 2025-04-13T11:56:39

Headers:
Vary                          : Accept-Encoding
Strict-Transport-Security     : max-age=31536000
request-id                    : 79237eed-0ae9-44a4-81dc-c917d0a69ef7
client-request-id             : 876cf970-7a79-4675-9d76-6c331619a3f6
x-ms-ags-diagnostic           : {"ServerInfo":{"DataCenter":"Japan West","Slice":"E","Ring":"3","ScaleUnit":"000","RoleInstance":"OS1PEPF0000925B"}}
Date                          : Sun, 13 Apr 2025 11:56:38 GMT


[2025-04-13 20:56:49] [WARNING] ユーザー chubu-rakuraku@mirai-const.co.jp のOneDriveクォータ情報を取得できませんでした: User's mysite not found.

Status: 404 (NotFound)
ErrorCode: ResourceNotFound
Date: 2025-04-13T11:56:49

Headers:
Vary                          : Accept-Encoding
Strict-Transport-Security     : max-age=31536000
request-id                    : 2be74552-13df-4c13-bd3c-7697814c004d
client-request-id             : 790b49ab-f427-4674-8dc6-3917203ebe7b
x-ms-ags-diagnostic           : {"ServerInfo":{"DataCenter":"Japan West","Slice":"E","Ring":"3","ScaleUnit":"000","RoleInstance":"OS1PEPF0000925B"}}
Date                          : Sun, 13 Apr 2025 11:56:48 GMT


[2025-04-13 20:56:52] [WARNING] ユーザー i-komada@mirai-const.co.jp のOneDriveクォータ情報を取得できませんでした: User's mysite not found.

Status: 404 (NotFound)
ErrorCode: ResourceNotFound
Date: 2025-04-13T11:56:52

Headers:
Vary                          : Accept-Encoding
Strict-Transport-Security     : max-age=31536000
request-id                    : 9c25baca-f195-4436-ad39-ea4b8f7aca5b
client-request-id             : 39639a6f-90e6-477e-b451-cc7ddda4a012
x-ms-ags-diagnostic           : {"ServerInfo":{"DataCenter":"Japan West","Slice":"E","Ring":"3","ScaleUnit":"000","RoleInstance":"OS1PEPF0000925B"}}
Date                          : Sun, 13 Apr 2025 11:56:51 GMT


[2025-04-13 20:56:58] [WARNING] ユーザー tsubokawa-y92y2_mlit.go.jp#EXT#@miraiconst.onmicrosoft.com のOneDriveクォータ情報を取得できませんでした: User's mysite not found.

Status: 404 (NotFound)
ErrorCode: ResourceNotFound
Date: 2025-04-13T11:56:58

Headers:
Vary                          : Accept-Encoding
Strict-Transport-Security     : max-age=31536000
request-id                    : 0bc947fb-c889-43ba-9a6d-7d0ec50b26a0
client-request-id             : cc5128a2-74b6-48b0-a434-06dcf3fb2e0a
x-ms-ags-diagnostic           : {"ServerInfo":{"DataCenter":"Japan West","Slice":"E","Ring":"3","ScaleUnit":"000","RoleInstance":"OS1PEPF0000925B"}}
Date                          : Sun, 13 Apr 2025 11:56:57 GMT


[2025-04-13 20:56:59] [WARNING] ユーザー m-ushikubo@mirai-const.co.jp のOneDriveクォータ情報を取得できませんでした: User's mysite not found.

Status: 404 (NotFound)
ErrorCode: ResourceNotFound
Date: 2025-04-13T11:56:59

Headers:
Vary                          : Accept-Encoding
Strict-Transport-Security     : max-age=31536000
request-id                    : 689fa8ee-67ea-4cf6-8775-c384b36c7862
client-request-id             : a85d460d-20dc-483a-a071-5787d6a2de3e
x-ms-ags-diagnostic           : {"ServerInfo":{"DataCenter":"Japan West","Slice":"E","Ring":"3","ScaleUnit":"000","RoleInstance":"OS1PEPF0000925B"}}
Date                          : Sun, 13 Apr 2025 11:56:58 GMT


[2025-04-13 20:57:00] [WARNING] ユーザー kyushu-rakuraku@mirai-const.co.jp のOneDriveクォータ情報を取得できませんでした: User's mysite not found.

Status: 404 (NotFound)
ErrorCode: ResourceNotFound
Date: 2025-04-13T11:57:00

Headers:
Vary                          : Accept-Encoding
Strict-Transport-Security     : max-age=31536000
request-id                    : 7ff92360-10d9-4b82-8f4b-6384fb7ebcde
client-request-id             : 5c2e6a31-5554-473c-ab01-7c1c0416ca28
x-ms-ags-diagnostic           : {"ServerInfo":{"DataCenter":"Japan West","Slice":"E","Ring":"3","ScaleUnit":"000","RoleInstance":"OS1PEPF0000925B"}}
Date                          : Sun, 13 Apr 2025 11:56:59 GMT


[2025-04-13 20:57:04] [WARNING] ユーザー cim-master01@mirai-const.co.jp のOneDriveクォータ情報を取得できませんでした: User's mysite not found.

Status: 404 (NotFound)
ErrorCode: ResourceNotFound
Date: 2025-04-13T11:57:04

Headers:
Vary                          : Accept-Encoding
Strict-Transport-Security     : max-age=31536000
request-id                    : 035fa908-e2f6-4104-affd-88e3af705070
client-request-id             : af8de138-1f82-4446-a1cc-00fbc6085618
x-ms-ags-diagnostic           : {"ServerInfo":{"DataCenter":"Japan West","Slice":"E","Ring":"3","ScaleUnit":"000","RoleInstance":"OS1PEPF0000925B"}}
Date                          : Sun, 13 Apr 2025 11:57:04 GMT


[2025-04-13 20:57:06] [WARNING] ユーザー cim-master@mirai-const.co.jp のOneDriveクォータ情報を取得できませんでした: User's mysite not found.

Status: 404 (NotFound)
ErrorCode: ResourceNotFound
Date: 2025-04-13T11:57:06

Headers:
Vary                          : Accept-Encoding
Strict-Transport-Security     : max-age=31536000
request-id                    : d9c7b2cc-9ff2-4756-b25e-040b863ed863
client-request-id             : d2d447ea-94a2-47dd-923d-d277e89f23c8
x-ms-ags-diagnostic           : {"ServerInfo":{"DataCenter":"Japan West","Slice":"E","Ring":"3","ScaleUnit":"000","RoleInstance":"OS1PEPF0000925B"}}
Date                          : Sun, 13 Apr 2025 11:57:05 GMT


[2025-04-13 20:57:08] [WARNING] ユーザー cim-master07@mirai-const.co.jp のOneDriveクォータ情報を取得できませんでした: User's mysite not found.

Status: 404 (NotFound)
ErrorCode: ResourceNotFound
Date: 2025-04-13T11:57:07

Headers:
Vary                          : Accept-Encoding
Strict-Transport-Security     : max-age=31536000
request-id                    : 5e45420c-cc9a-4e5f-bc08-c521454f8a1d
client-request-id             : 585ec623-1305-484f-87c8-95620def696e
x-ms-ags-diagnostic           : {"ServerInfo":{"DataCenter":"Japan West","Slice":"E","Ring":"3","ScaleUnit":"000","RoleInstance":"OS1PEPF0000925B"}}
Date                          : Sun, 13 Apr 2025 11:57:06 GMT


[2025-04-13 20:57:14] [WARNING] ユーザー tohoku-rakuraku@mirai-const.co.jp のOneDriveクォータ情報を取得できませんでした: User's mysite not found.

Status: 404 (NotFound)
ErrorCode: ResourceNotFound
Date: 2025-04-13T11:57:13

Headers:
Vary                          : Accept-Encoding
Strict-Transport-Security     : max-age=31536000
request-id                    : f5ace4ae-9a5c-42f3-9ebb-23604b426e2c
client-request-id             : 1cc98ca2-ffc1-4f5b-bb35-a2aa9e571047
x-ms-ags-diagnostic           : {"ServerInfo":{"DataCenter":"Japan West","Slice":"E","Ring":"3","ScaleUnit":"000","RoleInstance":"OS1PEPF0000925B"}}
Date                          : Sun, 13 Apr 2025 11:57:13 GMT


[2025-04-13 20:57:16] [WARNING] ユーザー cim-master02@mirai-const.co.jp のOneDriveクォータ情報を取得できませんでした: User's mysite not found.

Status: 404 (NotFound)
ErrorCode: ResourceNotFound
Date: 2025-04-13T11:57:16

Headers:
Vary                          : Accept-Encoding
Strict-Transport-Security     : max-age=31536000
request-id                    : f5920330-ebdc-47a0-ab45-ef8cb28d62b3
client-request-id             : b224b11a-b3e3-4e50-8c71-d29343898b02
x-ms-ags-diagnostic           : {"ServerInfo":{"DataCenter":"Japan West","Slice":"E","Ring":"3","ScaleUnit":"000","RoleInstance":"OS1PEPF0000925B"}}
Date                          : Sun, 13 Apr 2025 11:57:15 GMT


[2025-04-13 20:57:16] [WARNING] ユーザー cim-master09@mirai-const.co.jp のOneDriveクォータ情報を取得できませんでした: User's mysite not found.

Status: 404 (NotFound)
ErrorCode: ResourceNotFound
Date: 2025-04-13T11:57:16

Headers:
Vary                          : Accept-Encoding
Strict-Transport-Security     : max-age=31536000
request-id                    : 9b6d307a-2463-4d8c-afa0-cbaeeb596baf
client-request-id             : e979ad1d-6927-4773-af9d-08067580914e
x-ms-ags-diagnostic           : {"ServerInfo":{"DataCenter":"Japan West","Slice":"E","Ring":"3","ScaleUnit":"000","RoleInstance":"OS1PEPF0000925B"}}
Date                          : Sun, 13 Apr 2025 11:57:15 GMT


[2025-04-13 20:57:19] [WARNING] ユーザー s-yoshie@mirai-const.co.jp のOneDriveクォータ情報を取得できませんでした: Method invocation failed because [System.Object[]] does not contain a method named 'op_Division'.
[2025-04-13 20:57:22] [WARNING] ユーザー ibaraki-rakuraku@mirai-const.co.jp のOneDriveクォータ情報を取得できませんでした: User's mysite not found.

Status: 404 (NotFound)
ErrorCode: ResourceNotFound
Date: 2025-04-13T11:57:22

Headers:
Vary                          : Accept-Encoding
Strict-Transport-Security     : max-age=31536000
request-id                    : 5ffd52af-cfa3-4363-92ca-b0e1a474970a
client-request-id             : ff06070c-969e-448c-8c78-3b51577f629e
x-ms-ags-diagnostic           : {"ServerInfo":{"DataCenter":"Japan West","Slice":"E","Ring":"3","ScaleUnit":"000","RoleInstance":"OS1PEPF0000925B"}}
Date                          : Sun, 13 Apr 2025 11:57:22 GMT


[2025-04-13 20:57:23] [WARNING] ユーザー mksystem-alert@miraiconst.onmicrosoft.com のOneDriveクォータ情報を取得できませんでした: User's mysite not found.

Status: 404 (NotFound)
ErrorCode: ResourceNotFound
Date: 2025-04-13T11:57:23

Headers:
Vary                          : Accept-Encoding
Strict-Transport-Security     : max-age=31536000
request-id                    : 500e7301-8b0a-4084-abb6-412b34447fff
client-request-id             : 0a63cc16-52b9-4d76-9995-a745b6a37ff2
x-ms-ags-diagnostic           : {"ServerInfo":{"DataCenter":"Japan West","Slice":"E","Ring":"3","ScaleUnit":"000","RoleInstance":"OS1PEPF0000925B"}}
Date                          : Sun, 13 Apr 2025 11:57:23 GMT


[2025-04-13 20:57:24] [WARNING] ユーザー honsya2-2@miraiconst.onmicrosoft.com のOneDriveクォータ情報を取得できませんでした: User's mysite not found.

Status: 404 (NotFound)
ErrorCode: ResourceNotFound
Date: 2025-04-13T11:57:24

Headers:
Vary                          : Accept-Encoding
Strict-Transport-Security     : max-age=31536000
request-id                    : a02bd810-0995-4c12-be02-6e4408918e1b
client-request-id             : f348c3f5-a898-4ce7-bbd0-f430a3932f0c
x-ms-ags-diagnostic           : {"ServerInfo":{"DataCenter":"Japan West","Slice":"E","Ring":"3","ScaleUnit":"000","RoleInstance":"OS1PEPF0000925B"}}
Date                          : Sun, 13 Apr 2025 11:57:24 GMT


[2025-04-13 20:57:28] [WARNING] ユーザー m-maruta@mirai-const.co.jp のOneDriveクォータ情報を取得できませんでした: User's mysite not found.

Status: 404 (NotFound)
ErrorCode: ResourceNotFound
Date: 2025-04-13T11:57:29

Headers:
Vary                          : Accept-Encoding
Strict-Transport-Security     : max-age=31536000
request-id                    : 1f1da5e4-f2ee-42de-b837-c5bf2270182b
client-request-id             : d5a138c6-1319-4fb5-8d38-6209e5553cf4
x-ms-ags-diagnostic           : {"ServerInfo":{"DataCenter":"Japan West","Slice":"E","Ring":"3","ScaleUnit":"000","RoleInstance":"OS1PEPF0000925B"}}
Date                          : Sun, 13 Apr 2025 11:57:28 GMT


[2025-04-13 20:57:31] [WARNING] ユーザー netis@miraiconst.onmicrosoft.com のOneDriveクォータ情報を取得できませんでした: User's mysite not found.

Status: 404 (NotFound)
ErrorCode: ResourceNotFound
Date: 2025-04-13T11:57:31

Headers:
Vary                          : Accept-Encoding
Strict-Transport-Security     : max-age=31536000
request-id                    : bf722462-9cac-4066-a4fb-3eaacfb3704e
client-request-id             : 69b72427-e595-47c8-b687-aede61e12b52
x-ms-ags-diagnostic           : {"ServerInfo":{"DataCenter":"Japan West","Slice":"E","Ring":"3","ScaleUnit":"000","RoleInstance":"OS1PEPF00004010"}}
Date                          : Sun, 13 Apr 2025 11:57:31 GMT


[2025-04-13 20:57:34] [WARNING] ユーザー sh-ishihara-old@miraiconst.onmicrosoft.com のOneDriveクォータ情報を取得できませんでした: User's mysite not found.

Status: 404 (NotFound)
ErrorCode: ResourceNotFound
Date: 2025-04-13T11:57:34

Headers:
Vary                          : Accept-Encoding
Strict-Transport-Security     : max-age=31536000
request-id                    : 72706823-5084-4f5c-9c16-43d238ce1ef6
client-request-id             : b36ecbae-2cc6-4dd0-8112-038953bea499
x-ms-ags-diagnostic           : {"ServerInfo":{"DataCenter":"Japan West","Slice":"E","Ring":"3","ScaleUnit":"000","RoleInstance":"OS1PEPF00004010"}}
Date                          : Sun, 13 Apr 2025 11:57:34 GMT


[2025-04-13 20:57:37] [WARNING] ユーザー y-ueno@mirai-const.co.jp のOneDriveクォータ情報を取得できませんでした: User's mysite not found.

Status: 404 (NotFound)
ErrorCode: ResourceNotFound
Date: 2025-04-13T11:57:37

Headers:
Vary                          : Accept-Encoding
Strict-Transport-Security     : max-age=31536000
request-id                    : 67df7a4c-9049-4702-b14b-e5d7c1f080ac
client-request-id             : a666aa25-ccd2-4ba9-9704-83dd95d0ba82
x-ms-ags-diagnostic           : {"ServerInfo":{"DataCenter":"Japan West","Slice":"E","Ring":"3","ScaleUnit":"000","RoleInstance":"OS1PEPF00004010"}}
Date                          : Sun, 13 Apr 2025 11:57:37 GMT


[2025-04-13 20:57:39] [WARNING] ユーザー osaka-rakuraku@mirai-const.co.jp のOneDriveクォータ情報を取得できませんでした: User's mysite not found.

Status: 404 (NotFound)
ErrorCode: ResourceNotFound
Date: 2025-04-13T11:57:39

Headers:
Vary                          : Accept-Encoding
Strict-Transport-Security     : max-age=31536000
request-id                    : 4ee185d1-3ebd-40d5-8b6a-056604a79a32
client-request-id             : 67ff0262-c32f-40ae-ba85-6bd29e4a12af
x-ms-ags-diagnostic           : {"ServerInfo":{"DataCenter":"Japan West","Slice":"E","Ring":"3","ScaleUnit":"000","RoleInstance":"OS1PEPF00004010"}}
Date                          : Sun, 13 Apr 2025 11:57:39 GMT


[2025-04-13 20:57:40] [WARNING] ユーザー apple-id@miraiconst.onmicrosoft.com のOneDriveクォータ情報を取得できませんでした: User's mysite not found.

Status: 404 (NotFound)
ErrorCode: ResourceNotFound
Date: 2025-04-13T11:57:39

Headers:
Vary                          : Accept-Encoding
Strict-Transport-Security     : max-age=31536000
request-id                    : 8900d64e-4af2-45f9-875b-c341024fd983
client-request-id             : 2f8869fb-ee7a-42b2-bfde-26ef0a7d8e73
x-ms-ags-diagnostic           : {"ServerInfo":{"DataCenter":"Japan West","Slice":"E","Ring":"3","ScaleUnit":"000","RoleInstance":"OS1PEPF00004010"}}
Date                          : Sun, 13 Apr 2025 11:57:39 GMT


[2025-04-13 20:57:41] [WARNING] ユーザー okinawa@miraiconst.onmicrosoft.com のOneDriveクォータ情報を取得できませんでした: User's mysite not found.

Status: 404 (NotFound)
ErrorCode: ResourceNotFound
Date: 2025-04-13T11:57:40

Headers:
Vary                          : Accept-Encoding
Strict-Transport-Security     : max-age=31536000
request-id                    : c8554de3-b6ca-4ed0-b2e6-7fdf38e3cef2
client-request-id             : 7806d1b1-ab0a-481d-b4fd-3d28c1e3c69a
x-ms-ags-diagnostic           : {"ServerInfo":{"DataCenter":"Japan West","Slice":"E","Ring":"3","ScaleUnit":"000","RoleInstance":"OS1PEPF00004010"}}
Date                          : Sun, 13 Apr 2025 11:57:40 GMT


[2025-04-13 20:57:48] [WARNING] ユーザー ki-fujita_mitsuifudosan.co.jp#EXT#@miraiconst.onmicrosoft.com のOneDriveクォータ情報を取得できませんでした: User's mysite not found.

Status: 404 (NotFound)
ErrorCode: ResourceNotFound
Date: 2025-04-13T11:57:48

Headers:
Vary                          : Accept-Encoding
Strict-Transport-Security     : max-age=31536000
request-id                    : 2ef97f59-cf1a-4aa0-927a-b9ec0215683a
client-request-id             : 2d592d9a-e27e-4227-a4f4-7c495014d25b
x-ms-ags-diagnostic           : {"ServerInfo":{"DataCenter":"Japan West","Slice":"E","Ring":"3","ScaleUnit":"000","RoleInstance":"OS1PEPF00004010"}}
Date                          : Sun, 13 Apr 2025 11:57:48 GMT


[2025-04-13 20:57:50] [WARNING] ユーザー shikoku-rakuraku@mirai-const.co.jp のOneDriveクォータ情報を取得できませんでした: User's mysite not found.

Status: 404 (NotFound)
ErrorCode: ResourceNotFound
Date: 2025-04-13T11:57:50

Headers:
Vary                          : Accept-Encoding
Strict-Transport-Security     : max-age=31536000
request-id                    : af5851ca-5ecb-4366-899b-485a66389a41
client-request-id             : f6522ee0-f207-421c-ab1e-b5dd9129d56f
x-ms-ags-diagnostic           : {"ServerInfo":{"DataCenter":"Japan West","Slice":"E","Ring":"3","ScaleUnit":"000","RoleInstance":"OS1PEPF00004010"}}
Date                          : Sun, 13 Apr 2025 11:57:50 GMT


[2025-04-13 20:57:52] [WARNING] ユーザー kanri-tokyo@mirai-const.co.jp のOneDriveクォータ情報を取得できませんでした: User's mysite not found.

Status: 404 (NotFound)
ErrorCode: ResourceNotFound
Date: 2025-04-13T11:57:52

Headers:
Vary                          : Accept-Encoding
Strict-Transport-Security     : max-age=31536000
request-id                    : 09de1cdd-edf0-41f9-9bed-f8c4a398ee78
client-request-id             : 65ed957b-549a-4438-a7fa-dea37b9b5781
x-ms-ags-diagnostic           : {"ServerInfo":{"DataCenter":"Japan West","Slice":"E","Ring":"3","ScaleUnit":"000","RoleInstance":"OS1PEPF00004010"}}
Date                          : Sun, 13 Apr 2025 11:57:52 GMT


[2025-04-13 20:57:57] [WARNING] ユーザー bid-info05m@mirai-const.co.jp のOneDriveクォータ情報を取得できませんでした: User's mysite not found.

Status: 404 (NotFound)
ErrorCode: ResourceNotFound
Date: 2025-04-13T11:57:57

Headers:
Vary                          : Accept-Encoding
Strict-Transport-Security     : max-age=31536000
request-id                    : c9eab859-c33a-4f15-8b2a-c982628b3084
client-request-id             : 262d8a60-d8cf-4204-b1f9-2292b4cd82c4
x-ms-ags-diagnostic           : {"ServerInfo":{"DataCenter":"Japan West","Slice":"E","Ring":"3","ScaleUnit":"000","RoleInstance":"OS1PEPF00004010"}}
Date                          : Sun, 13 Apr 2025 11:57:56 GMT


[2025-04-13 20:57:59] [WARNING] ユーザー cim-master12@mirai-const.co.jp のOneDriveクォータ情報を取得できませんでした: User's mysite not found.

Status: 404 (NotFound)
ErrorCode: ResourceNotFound
Date: 2025-04-13T11:57:59

Headers:
Vary                          : Accept-Encoding
Strict-Transport-Security     : max-age=31536000
request-id                    : 4b7f4523-ff7f-44a7-82f0-3429aabf4d76
client-request-id             : 5b3f1e71-ab57-44bb-9110-bb66289bc629
x-ms-ags-diagnostic           : {"ServerInfo":{"DataCenter":"Japan West","Slice":"E","Ring":"3","ScaleUnit":"000","RoleInstance":"OS1PEPF00004010"}}
Date                          : Sun, 13 Apr 2025 11:57:58 GMT


[2025-04-13 20:58:00] [WARNING] ユーザー m-chugoku@miraiconst.onmicrosoft.com のOneDriveクォータ情報を取得できませんでした: User's mysite not found.

Status: 404 (NotFound)
ErrorCode: ResourceNotFound
Date: 2025-04-13T11:58:00

Headers:
Vary                          : Accept-Encoding
Strict-Transport-Security     : max-age=31536000
request-id                    : 6bc0452f-34db-4395-a8ae-726a0ce79e7a
client-request-id             : acd330c6-4736-4cf0-ae24-c48564432494
x-ms-ags-diagnostic           : {"ServerInfo":{"DataCenter":"Japan West","Slice":"E","Ring":"3","ScaleUnit":"000","RoleInstance":"OS1PEPF00004010"}}
Date                          : Sun, 13 Apr 2025 11:57:59 GMT


[2025-04-13 20:58:01] [WARNING] ユーザー mirai-zoom@miraiconst.onmicrosoft.com のOneDriveクォータ情報を取得できませんでした: User's mysite not found.

Status: 404 (NotFound)
ErrorCode: ResourceNotFound
Date: 2025-04-13T11:58:01

Headers:
Vary                          : Accept-Encoding
Strict-Transport-Security     : max-age=31536000
request-id                    : 8a16f496-409a-4eee-a57d-60c10767b6d6
client-request-id             : c97c5c94-6c82-449a-9243-d1d053319b22
x-ms-ags-diagnostic           : {"ServerInfo":{"DataCenter":"Japan West","Slice":"E","Ring":"3","ScaleUnit":"000","RoleInstance":"OS1PEPF00004010"}}
Date                          : Sun, 13 Apr 2025 11:58:00 GMT


[2025-04-13 20:58:03] [WARNING] ユーザー cim-master11@mirai-const.co.jp のOneDriveクォータ情報を取得できませんでした: User's mysite not found.

Status: 404 (NotFound)
ErrorCode: ResourceNotFound
Date: 2025-04-13T11:58:03

Headers:
Vary                          : Accept-Encoding
Strict-Transport-Security     : max-age=31536000
request-id                    : 6aeb6779-fb64-4c9f-a7d3-2dc8a2ee4787
client-request-id             : 887e2031-339a-4962-8d7f-5220be25cc2a
x-ms-ags-diagnostic           : {"ServerInfo":{"DataCenter":"Japan West","Slice":"E","Ring":"3","ScaleUnit":"000","RoleInstance":"OS1PEPF00004010"}}
Date                          : Sun, 13 Apr 2025 11:58:03 GMT


[2025-04-13 20:58:08] [WARNING] ユーザー compliance-hotline@miraiconst.onmicrosoft.com のOneDriveクォータ情報を取得できませんでした: User's mysite not found.

Status: 404 (NotFound)
ErrorCode: ResourceNotFound
Date: 2025-04-13T11:58:08

Headers:
Vary                          : Accept-Encoding
Strict-Transport-Security     : max-age=31536000
request-id                    : 928601a9-4f0c-4aa9-832a-269568c9ce15
client-request-id             : 11382c74-eb67-45ee-9409-a117929d2b5b
x-ms-ags-diagnostic           : {"ServerInfo":{"DataCenter":"Japan West","Slice":"E","Ring":"3","ScaleUnit":"000","RoleInstance":"OS1PEPF00004010"}}
Date                          : Sun, 13 Apr 2025 11:58:08 GMT


[2025-04-13 20:58:08] [WARNING] ユーザー takuro.kumada_aaconst.co.jp#EXT#@miraiconst.onmicrosoft.com のOneDriveクォータ情報を取得できませんでした: User's mysite not found.

Status: 404 (NotFound)
ErrorCode: ResourceNotFound
Date: 2025-04-13T11:58:08

Headers:
Vary                          : Accept-Encoding
Strict-Transport-Security     : max-age=31536000
request-id                    : 0d51a330-1d08-4b52-b2b5-a4094f88b2e7
client-request-id             : 8da620b3-a934-4aed-87f6-713c090f7baf
x-ms-ags-diagnostic           : {"ServerInfo":{"DataCenter":"Japan West","Slice":"E","Ring":"3","ScaleUnit":"000","RoleInstance":"OS1PEPF00004010"}}
Date                          : Sun, 13 Apr 2025 11:58:08 GMT


[2025-04-13 20:58:11] [WARNING] ユーザー chiba-rakuraku@mirai-const.co.jp のOneDriveクォータ情報を取得できませんでした: User's mysite not found.

Status: 404 (NotFound)
ErrorCode: ResourceNotFound
Date: 2025-04-13T11:58:11

Headers:
Vary                          : Accept-Encoding
Strict-Transport-Security     : max-age=31536000
request-id                    : ab13d00e-9c2b-4047-88d4-2c8ab8348aa1
client-request-id             : eb5d1562-5e68-40d3-8799-90cd02179f06
x-ms-ags-diagnostic           : {"ServerInfo":{"DataCenter":"Japan West","Slice":"E","Ring":"3","ScaleUnit":"000","RoleInstance":"OS1PEPF00004010"}}
Date                          : Sun, 13 Apr 2025 11:58:11 GMT


[2025-04-13 20:58:11] [WARNING] ユーザー h_kawamura_cdit.or.jp#EXT#@miraiconst.onmicrosoft.com のOneDriveクォータ情報を取得できませんでした: User's mysite not found.

Status: 404 (NotFound)
ErrorCode: ResourceNotFound
Date: 2025-04-13T11:58:11

Headers:
Vary                          : Accept-Encoding
Strict-Transport-Security     : max-age=31536000
request-id                    : 093a2166-6dc5-4842-bc60-8d13cec89b21
client-request-id             : 3dad3534-63fd-4617-b203-ba39e4d67faa
x-ms-ags-diagnostic           : {"ServerInfo":{"DataCenter":"Japan West","Slice":"E","Ring":"3","ScaleUnit":"000","RoleInstance":"OS1PEPF00004010"}}
Date                          : Sun, 13 Apr 2025 11:58:11 GMT


[2025-04-13 20:58:12] [WARNING] ユーザー y-kamei@mirai-const.co.jp のOneDriveクォータ情報を取得できませんでした: Method invocation failed because [System.Object[]] does not contain a method named 'op_Division'.
[2025-04-13 20:58:13] [WARNING] ユーザー bid-info03m@mirai-const.co.jp のOneDriveクォータ情報を取得できませんでした: User's mysite not found.

Status: 404 (NotFound)
ErrorCode: ResourceNotFound
Date: 2025-04-13T11:58:13

Headers:
Vary                          : Accept-Encoding
Strict-Transport-Security     : max-age=31536000
request-id                    : 9e3c9cc8-fe44-4cc9-a8e7-eca928d0ec17
client-request-id             : 959b9cc4-dad3-46ee-b825-56ffc8f0e954
x-ms-ags-diagnostic           : {"ServerInfo":{"DataCenter":"Japan West","Slice":"E","Ring":"3","ScaleUnit":"000","RoleInstance":"OS1PEPF00004010"}}
Date                          : Sun, 13 Apr 2025 11:58:13 GMT


[2025-04-13 20:58:14] [WARNING] ユーザー hokkaido-rakuraku@mirai-const.co.jp のOneDriveクォータ情報を取得できませんでした: User's mysite not found.

Status: 404 (NotFound)
ErrorCode: ResourceNotFound
Date: 2025-04-13T11:58:14

Headers:
Vary                          : Accept-Encoding
Strict-Transport-Security     : max-age=31536000
request-id                    : e169f916-ad35-4e85-81dc-71142ab3797b
client-request-id             : 47462c5a-c4ac-499f-8f9c-122527db8349
x-ms-ags-diagnostic           : {"ServerInfo":{"DataCenter":"Japan West","Slice":"E","Ring":"3","ScaleUnit":"000","RoleInstance":"OS1PEPF00004010"}}
Date                          : Sun, 13 Apr 2025 11:58:14 GMT


[2025-04-13 20:58:16] [WARNING] ユーザー hp-kanri@miraiconst.onmicrosoft.com のOneDriveクォータ情報を取得できませんでした: User's mysite not found.

Status: 404 (NotFound)
ErrorCode: ResourceNotFound
Date: 2025-04-13T11:58:15

Headers:
Vary                          : Accept-Encoding
Strict-Transport-Security     : max-age=31536000
request-id                    : 3685e244-b875-4d8d-803f-f9ba0cb08440
client-request-id             : d4f8c296-4287-4e69-8b32-68735309ba56
x-ms-ags-diagnostic           : {"ServerInfo":{"DataCenter":"Japan West","Slice":"E","Ring":"3","ScaleUnit":"000","RoleInstance":"OS1PEPF00004010"}}
Date                          : Sun, 13 Apr 2025 11:58:15 GMT


[2025-04-13 20:58:20] [WARNING] ユーザー e-watanabe@miraiconst.onmicrosoft.com のOneDriveクォータ情報を取得できませんでした: User's mysite not found.

Status: 404 (NotFound)
ErrorCode: ResourceNotFound
Date: 2025-04-13T11:58:20

Headers:
Vary                          : Accept-Encoding
Strict-Transport-Security     : max-age=31536000
request-id                    : 7e2b6ba5-e26a-48a7-9ec9-9ac3adba6cf9
client-request-id             : 2b4e8633-e165-4c4b-a702-772f3f93d2db
x-ms-ags-diagnostic           : {"ServerInfo":{"DataCenter":"Japan West","Slice":"E","Ring":"3","ScaleUnit":"000","RoleInstance":"OS1PEPF00004010"}}
Date                          : Sun, 13 Apr 2025 11:58:20 GMT


[2025-04-13 20:58:21] [WARNING] ユーザー n-sunako@mirai-const.co.jp のOneDriveクォータ情報を取得できませんでした: Method invocation failed because [System.Object[]] does not contain a method named 'op_Division'.
[2025-04-13 20:58:21] [INFO] ユーザー n-sunako@mirai-const.co.jp のroleTemplateId: 69091246-20e8-4a56-aa4d-066075b2a7a8
[2025-04-13 20:58:21] [INFO] ユーザー n-sunako@mirai-const.co.jp は管理者ロール: 69091246-20e8-4a56-aa4d-066075b2a7a8
[2025-04-13 20:58:22] [WARNING] ユーザー yamasaki-s89fa_mlit.go.jp#EXT#@miraiconst.onmicrosoft.com のOneDriveクォータ情報を取得できませんでした: User's mysite not found.

Status: 404 (NotFound)
ErrorCode: ResourceNotFound
Date: 2025-04-13T11:58:22

Headers:
Vary                          : Accept-Encoding
Strict-Transport-Security     : max-age=31536000
request-id                    : a0d91d0f-3a6d-4e15-b86e-e41a4f16cea5
client-request-id             : 7983480e-975a-4585-8361-5bd2054d89f0
x-ms-ags-diagnostic           : {"ServerInfo":{"DataCenter":"Japan West","Slice":"E","Ring":"3","ScaleUnit":"000","RoleInstance":"OS1PEPF00004010"}}
Date                          : Sun, 13 Apr 2025 11:58:22 GMT


[2025-04-13 20:58:23] [WARNING] ユーザー mail-info@miraiconst.onmicrosoft.com のOneDriveクォータ情報を取得できませんでした: User's mysite not found.

Status: 404 (NotFound)
ErrorCode: ResourceNotFound
Date: 2025-04-13T11:58:23

Headers:
Vary                          : Accept-Encoding
Strict-Transport-Security     : max-age=31536000
request-id                    : 7822c865-e4d1-40bc-9f19-70595fa55849
client-request-id             : 5bad4f19-037e-4575-8598-1cf2fd90f1bb
x-ms-ags-diagnostic           : {"ServerInfo":{"DataCenter":"Japan West","Slice":"E","Ring":"3","ScaleUnit":"000","RoleInstance":"OS1PEPF00004010"}}
Date                          : Sun, 13 Apr 2025 11:58:23 GMT


[2025-04-13 20:58:25] [WARNING] ユーザー k-tomioka@mirai-const.co.jp のOneDriveクォータ情報を取得できませんでした: Method invocation failed because [System.Object[]] does not contain a method named 'op_Division'.
[2025-04-13 20:58:28] [WARNING] ユーザー bid-info07m@mirai-const.co.jp のOneDriveクォータ情報を取得できませんでした: User's mysite not found.

Status: 404 (NotFound)
ErrorCode: ResourceNotFound
Date: 2025-04-13T11:58:28

Headers:
Vary                          : Accept-Encoding
Strict-Transport-Security     : max-age=31536000
request-id                    : 70c825e9-e785-4a3e-b781-f204d570f3dc
client-request-id             : 6d008f6f-e6a2-4d9b-9f81-cdffffcb81fd
x-ms-ags-diagnostic           : {"ServerInfo":{"DataCenter":"Japan West","Slice":"E","Ring":"3","ScaleUnit":"000","RoleInstance":"OS1PEPF00004010"}}
Date                          : Sun, 13 Apr 2025 11:58:28 GMT


[2025-04-13 20:58:32] [WARNING] ユーザー cim-master08@mirai-const.co.jp のOneDriveクォータ情報を取得できませんでした: User's mysite not found.

Status: 404 (NotFound)
ErrorCode: ResourceNotFound
Date: 2025-04-13T11:58:32

Headers:
Vary                          : Accept-Encoding
Strict-Transport-Security     : max-age=31536000
request-id                    : c90097b2-aca1-43c5-b0f1-03a0712119e9
client-request-id             : d17dd3e1-977e-45cd-a83a-1b9151c32598
x-ms-ags-diagnostic           : {"ServerInfo":{"DataCenter":"Japan West","Slice":"E","Ring":"3","ScaleUnit":"002","RoleInstance":"OS1PEPF0000470C"}}
Date                          : Sun, 13 Apr 2025 11:58:31 GMT


[2025-04-13 20:58:34] [WARNING] ユーザー y-tsuzuki@mirai-const.co.jp のOneDriveクォータ情報を取得できませんでした: User's mysite not found.

Status: 404 (NotFound)
ErrorCode: ResourceNotFound
Date: 2025-04-13T11:58:34

Headers:
Vary                          : Accept-Encoding
Strict-Transport-Security     : max-age=31536000
request-id                    : 44b12223-0cf2-4184-9331-9e5a2f9e8fcb
client-request-id             : 1c9c2026-93fb-47f8-a72a-a2fbdc959463
x-ms-ags-diagnostic           : {"ServerInfo":{"DataCenter":"Japan West","Slice":"E","Ring":"3","ScaleUnit":"002","RoleInstance":"OS1PEPF0000470C"}}
Date                          : Sun, 13 Apr 2025 11:58:33 GMT


[2025-04-13 20:58:35] [WARNING] ユーザー m-info@miraiconst.onmicrosoft.com のOneDriveクォータ情報を取得できませんでした: User's mysite not found.

Status: 404 (NotFound)
ErrorCode: ResourceNotFound
Date: 2025-04-13T11:58:35

Headers:
Vary                          : Accept-Encoding
Strict-Transport-Security     : max-age=31536000
request-id                    : fe33b1a6-80f3-4d72-93f8-71e4f1768e2f
client-request-id             : d039d8cc-5422-4b9e-85c6-9da0fa07447c
x-ms-ags-diagnostic           : {"ServerInfo":{"DataCenter":"Japan West","Slice":"E","Ring":"3","ScaleUnit":"002","RoleInstance":"OS1PEPF0000470C"}}
Date                          : Sun, 13 Apr 2025 11:58:34 GMT


[2025-04-13 20:58:38] [WARNING] ユーザー hokkaido@miraiconst.onmicrosoft.com のOneDriveクォータ情報を取得できませんでした: User's mysite not found.

Status: 404 (NotFound)
ErrorCode: ResourceNotFound
Date: 2025-04-13T11:58:37

Headers:
Vary                          : Accept-Encoding
Strict-Transport-Security     : max-age=31536000
request-id                    : 5f51a485-fcca-43fe-9157-4df14ce80427
client-request-id             : a3789ae0-4275-4417-b22a-6873fce95c62
x-ms-ags-diagnostic           : {"ServerInfo":{"DataCenter":"Japan West","Slice":"E","Ring":"3","ScaleUnit":"002","RoleInstance":"OS1PEPF0000470C"}}
Date                          : Sun, 13 Apr 2025 11:58:37 GMT


[2025-04-13 20:58:38] [WARNING] ユーザー yokohama-rakuraku@mirai-const.co.jp のOneDriveクォータ情報を取得できませんでした: User's mysite not found.

Status: 404 (NotFound)
ErrorCode: ResourceNotFound
Date: 2025-04-13T11:58:38

Headers:
Vary                          : Accept-Encoding
Strict-Transport-Security     : max-age=31536000
request-id                    : e201f576-ce59-4448-a501-56287dee2ad5
client-request-id             : b26a837d-aef2-4e1a-bb46-b52ee9b96007
x-ms-ags-diagnostic           : {"ServerInfo":{"DataCenter":"Japan West","Slice":"E","Ring":"3","ScaleUnit":"002","RoleInstance":"OS1PEPF0000470C"}}
Date                          : Sun, 13 Apr 2025 11:58:38 GMT


[2025-04-13 20:58:40] [WARNING] ユーザー keieikikaku@miraiconst.onmicrosoft.com のOneDriveクォータ情報を取得できませんでした: User's mysite not found.

Status: 404 (NotFound)
ErrorCode: ResourceNotFound
Date: 2025-04-13T11:58:40

Headers:
Vary                          : Accept-Encoding
Strict-Transport-Security     : max-age=31536000
request-id                    : aa4e46fb-2cb0-44bd-aea9-cb66d5ef4914
client-request-id             : 7bd2012b-35a5-4a49-82c8-acad9c9fa8ca
x-ms-ags-diagnostic           : {"ServerInfo":{"DataCenter":"Japan West","Slice":"E","Ring":"3","ScaleUnit":"002","RoleInstance":"OS1PEPF0000470C"}}
Date                          : Sun, 13 Apr 2025 11:58:40 GMT


[2025-04-13 20:58:43] [WARNING] ユーザー bid-info11m@mirai-const.co.jp のOneDriveクォータ情報を取得できませんでした: User's mysite not found.

Status: 404 (NotFound)
ErrorCode: ResourceNotFound
Date: 2025-04-13T11:58:43

Headers:
Vary                          : Accept-Encoding
Strict-Transport-Security     : max-age=31536000
request-id                    : 4a492257-ce32-4500-a778-98eee76c75c3
client-request-id             : eca72306-56d7-40f2-a441-fec57ebd5f4d
x-ms-ags-diagnostic           : {"ServerInfo":{"DataCenter":"Japan West","Slice":"E","Ring":"3","ScaleUnit":"002","RoleInstance":"OS1PEPF0000470C"}}
Date                          : Sun, 13 Apr 2025 11:58:42 GMT


[2025-04-13 20:58:45] [WARNING] ユーザー bid-info08m@mirai-const.co.jp のOneDriveクォータ情報を取得できませんでした: User's mysite not found.

Status: 404 (NotFound)
ErrorCode: ResourceNotFound
Date: 2025-04-13T11:58:45

Headers:
Vary                          : Accept-Encoding
Strict-Transport-Security     : max-age=31536000
request-id                    : e8487bc8-3dea-4cfd-b6a4-b9456a5a8094
client-request-id             : d20f0cb3-67f8-4abd-a4f1-40cfd4370dc9
x-ms-ags-diagnostic           : {"ServerInfo":{"DataCenter":"Japan West","Slice":"E","Ring":"3","ScaleUnit":"002","RoleInstance":"OS1PEPF0000470C"}}
Date                          : Sun, 13 Apr 2025 11:58:44 GMT


[2025-04-13 20:58:47] [WARNING] ユーザー cim-master16@mirai-const.co.jp のOneDriveクォータ情報を取得できませんでした: User's mysite not found.

Status: 404 (NotFound)
ErrorCode: ResourceNotFound
Date: 2025-04-13T11:58:47

Headers:
Vary                          : Accept-Encoding
Strict-Transport-Security     : max-age=31536000
request-id                    : d195aa99-ac55-4972-aead-32a5a1565577
client-request-id             : 967dd364-146d-4cec-9970-945cfd9efd63
x-ms-ags-diagnostic           : {"ServerInfo":{"DataCenter":"Japan West","Slice":"E","Ring":"3","ScaleUnit":"002","RoleInstance":"OS1PEPF0000470C"}}
Date                          : Sun, 13 Apr 2025 11:58:46 GMT


[2025-04-13 20:58:49] [WARNING] ユーザー cim-master06@mirai-const.co.jp のOneDriveクォータ情報を取得できませんでした: User's mysite not found.

Status: 404 (NotFound)
ErrorCode: ResourceNotFound
Date: 2025-04-13T11:58:49

Headers:
Vary                          : Accept-Encoding
Strict-Transport-Security     : max-age=31536000
request-id                    : 259ada49-1374-4ee4-bb27-2bf08450ae7c
client-request-id             : 2ca20c57-f2ed-4fbc-98fd-97d229db3f29
x-ms-ags-diagnostic           : {"ServerInfo":{"DataCenter":"Japan West","Slice":"E","Ring":"3","ScaleUnit":"002","RoleInstance":"OS1PEPF0000470C"}}
Date                          : Sun, 13 Apr 2025 11:58:48 GMT


[2025-04-13 20:58:53] [WARNING] ユーザー S.Nagano_otsuka-shokai.co.jp#EXT#@miraiconst.onmicrosoft.com のOneDriveクォータ情報を取得できませんでした: User's mysite not found.

Status: 404 (NotFound)
ErrorCode: ResourceNotFound
Date: 2025-04-13T11:58:53

Headers:
Vary                          : Accept-Encoding
Strict-Transport-Security     : max-age=31536000
request-id                    : 2b1ccd1b-bc9e-4e3a-a6db-42a2c4941cfd
client-request-id             : c9f5a8f7-51a2-4444-9041-8796c78bd1f4
x-ms-ags-diagnostic           : {"ServerInfo":{"DataCenter":"Japan West","Slice":"E","Ring":"3","ScaleUnit":"002","RoleInstance":"OS1PEPF0000470C"}}
Date                          : Sun, 13 Apr 2025 11:58:52 GMT


[2025-04-13 20:58:55] [WARNING] ユーザー k-sugimoto@miraiconst.onmicrosoft.com のOneDriveクォータ情報を取得できませんでした: User's mysite not found.

Status: 404 (NotFound)
ErrorCode: ResourceNotFound
Date: 2025-04-13T11:58:55

Headers:
Vary                          : Accept-Encoding
Strict-Transport-Security     : max-age=31536000
request-id                    : e93ac3f4-5fd6-4abf-a620-0f52b8c6e21f
client-request-id             : 7269678e-4040-4f46-bf66-064125ff6301
x-ms-ags-diagnostic           : {"ServerInfo":{"DataCenter":"Japan West","Slice":"E","Ring":"3","ScaleUnit":"002","RoleInstance":"OS1PEPF0000470C"}}
Date                          : Sun, 13 Apr 2025 11:58:54 GMT


[2025-04-13 20:58:56] [WARNING] ユーザー kita-kyushu@miraiconst.onmicrosoft.com のOneDriveクォータ情報を取得できませんでした: User's mysite not found.

Status: 404 (NotFound)
ErrorCode: ResourceNotFound
Date: 2025-04-13T11:58:56

Headers:
Vary                          : Accept-Encoding
Strict-Transport-Security     : max-age=31536000
request-id                    : 3d046761-4e45-496c-ae1d-046ff924a91e
client-request-id             : 1b7a3f4f-33e8-4fb4-a326-5d42f740ab7f
x-ms-ags-diagnostic           : {"ServerInfo":{"DataCenter":"Japan West","Slice":"E","Ring":"3","ScaleUnit":"002","RoleInstance":"OS1PEPF0000470C"}}
Date                          : Sun, 13 Apr 2025 11:58:55 GMT


[2025-04-13 20:58:59] [WARNING] ユーザー bid-info@mirai-const.co.jp のOneDriveクォータ情報を取得できませんでした: User's mysite not found.

Status: 404 (NotFound)
ErrorCode: ResourceNotFound
Date: 2025-04-13T11:58:59

Headers:
Vary                          : Accept-Encoding
Strict-Transport-Security     : max-age=31536000
request-id                    : 53ed0626-24c9-4ac8-856d-2225d22f985a
client-request-id             : ded8eaac-c7aa-49ff-ad91-a4dd0c4f7eed
x-ms-ags-diagnostic           : {"ServerInfo":{"DataCenter":"Japan West","Slice":"E","Ring":"3","ScaleUnit":"002","RoleInstance":"OS1PEPF0000470C"}}
Date                          : Sun, 13 Apr 2025 11:58:58 GMT


[2025-04-13 20:59:00] [WARNING] ユーザー bid-info01m@mirai-const.co.jp のOneDriveクォータ情報を取得できませんでした: User's mysite not found.

Status: 404 (NotFound)
ErrorCode: ResourceNotFound
Date: 2025-04-13T11:59:00

Headers:
Vary                          : Accept-Encoding
Strict-Transport-Security     : max-age=31536000
request-id                    : 8a4b26fb-f221-44cc-9df5-3434ed5def7d
client-request-id             : 927ce6c5-ae76-443a-b9bd-996486f4ce62
x-ms-ags-diagnostic           : {"ServerInfo":{"DataCenter":"Japan West","Slice":"E","Ring":"3","ScaleUnit":"002","RoleInstance":"OS1PEPF0000470C"}}
Date                          : Sun, 13 Apr 2025 11:58:59 GMT


[2025-04-13 20:59:02] [INFO] ユーザー r-niikura@mirai-const.co.jp のroleTemplateId: 62e90394-69f5-4237-9190-012177145e10
[2025-04-13 20:59:02] [INFO] ユーザー r-niikura@mirai-const.co.jp は管理者ロール: 62e90394-69f5-4237-9190-012177145e10
[2025-04-13 20:59:03] [WARNING] ユーザー zaimu@mirai-const.co.jp のOneDriveクォータ情報を取得できませんでした: User's mysite not found.

Status: 404 (NotFound)
ErrorCode: ResourceNotFound
Date: 2025-04-13T11:59:03

Headers:
Vary                          : Accept-Encoding
Strict-Transport-Security     : max-age=31536000
request-id                    : cacbbacf-41b0-45bf-a5b0-10516748d1fa
client-request-id             : e899c327-c3d2-49cc-a6a4-c08fb3ece0fb
x-ms-ags-diagnostic           : {"ServerInfo":{"DataCenter":"Japan West","Slice":"E","Ring":"3","ScaleUnit":"002","RoleInstance":"OS1PEPF0000470C"}}
Date                          : Sun, 13 Apr 2025 11:59:03 GMT


[2025-04-13 20:59:05] [INFO] ユーザー k-okada@mirai-const.co.jp のroleTemplateId: 69091246-20e8-4a56-aa4d-066075b2a7a8
[2025-04-13 20:59:05] [INFO] ユーザー k-okada@mirai-const.co.jp は管理者ロール: 69091246-20e8-4a56-aa4d-066075b2a7a8
[2025-04-13 20:59:05] [WARNING] ユーザー cim-master15@mirai-const.co.jp のOneDriveクォータ情報を取得できませんでした: User's mysite not found.

Status: 404 (NotFound)
ErrorCode: ResourceNotFound
Date: 2025-04-13T11:59:05

Headers:
Vary                          : Accept-Encoding
Strict-Transport-Security     : max-age=31536000
request-id                    : 34f5fd84-b391-426f-bbb5-18e077850393
client-request-id             : ca78a833-e28d-4718-b138-4d13eb161ea5
x-ms-ags-diagnostic           : {"ServerInfo":{"DataCenter":"Japan West","Slice":"E","Ring":"3","ScaleUnit":"002","RoleInstance":"OS1PEPF0000470C"}}
Date                          : Sun, 13 Apr 2025 11:59:05 GMT


[2025-04-13 20:59:08] [WARNING] ユーザー ats-watanabe_mitsuifudosan.co.jp#EXT#@miraiconst.onmicrosoft.com のOneDriveクォータ情報を取得できませんでした: User's mysite not found.

Status: 404 (NotFound)
ErrorCode: ResourceNotFound
Date: 2025-04-13T11:59:08

Headers:
Vary                          : Accept-Encoding
Strict-Transport-Security     : max-age=31536000
request-id                    : e9270bee-835a-4cf8-b657-f08c9491340d
client-request-id             : f6689f8c-0232-4a5c-a26d-1b9d9abe7f67
x-ms-ags-diagnostic           : {"ServerInfo":{"DataCenter":"Japan West","Slice":"E","Ring":"3","ScaleUnit":"002","RoleInstance":"OS1PEPF0000470C"}}
Date                          : Sun, 13 Apr 2025 11:59:08 GMT


[2025-04-13 20:59:10] [WARNING] ユーザー t-kumai@miraiconst.onmicrosoft.com のOneDriveクォータ情報を取得できませんでした: User's mysite not found.

Status: 404 (NotFound)
ErrorCode: ResourceNotFound
Date: 2025-04-13T11:59:10

Headers:
Vary                          : Accept-Encoding
Strict-Transport-Security     : max-age=31536000
request-id                    : 9e278b3b-880e-438c-b253-e8e65daf31b4
client-request-id             : 5eb84871-fdeb-4717-ad94-19cad16307f0
x-ms-ags-diagnostic           : {"ServerInfo":{"DataCenter":"Japan West","Slice":"E","Ring":"3","ScaleUnit":"002","RoleInstance":"OS1PEPF0000470C"}}
Date                          : Sun, 13 Apr 2025 11:59:10 GMT


[2025-04-13 20:59:13] [WARNING] ユーザー bid-info12m@mirai-const.co.jp のOneDriveクォータ情報を取得できませんでした: User's mysite not found.

Status: 404 (NotFound)
ErrorCode: ResourceNotFound
Date: 2025-04-13T11:59:13

Headers:
Vary                          : Accept-Encoding
Strict-Transport-Security     : max-age=31536000
request-id                    : 87385682-c6e1-49ff-b868-ad2ddc6bd9b4
client-request-id             : 4ee98f97-8228-41dd-b9a5-bdf0e5a62d69
x-ms-ags-diagnostic           : {"ServerInfo":{"DataCenter":"Japan West","Slice":"E","Ring":"3","ScaleUnit":"002","RoleInstance":"OS1PEPF0000470C"}}
Date                          : Sun, 13 Apr 2025 11:59:12 GMT


[2025-04-13 20:59:14] [WARNING] ユーザー cim-master03@mirai-const.co.jp のOneDriveクォータ情報を取得できませんでした: User's mysite not found.

Status: 404 (NotFound)
ErrorCode: ResourceNotFound
Date: 2025-04-13T11:59:14

Headers:
Vary                          : Accept-Encoding
Strict-Transport-Security     : max-age=31536000
request-id                    : 25545276-a647-4bff-b6c3-6cd49a22e027
client-request-id             : c2aa66d4-85d2-4ddd-9517-393bcf1b4294
x-ms-ags-diagnostic           : {"ServerInfo":{"DataCenter":"Japan West","Slice":"E","Ring":"3","ScaleUnit":"002","RoleInstance":"OS1PEPF0000470C"}}
Date                          : Sun, 13 Apr 2025 11:59:13 GMT


[2025-04-13 20:59:20] [WARNING] ユーザー tech@miraiconst.onmicrosoft.com のOneDriveクォータ情報を取得できませんでした: User's mysite not found.

Status: 404 (NotFound)
ErrorCode: ResourceNotFound
Date: 2025-04-13T11:59:20

Headers:
Vary                          : Accept-Encoding
Strict-Transport-Security     : max-age=31536000
request-id                    : 3862e0ed-1687-4cc1-8785-1ff7e0f0d6ef
client-request-id             : 05e06019-f688-4016-9826-50ac1a4a2d6c
x-ms-ags-diagnostic           : {"ServerInfo":{"DataCenter":"Japan West","Slice":"E","Ring":"3","ScaleUnit":"002","RoleInstance":"OS1PEPF0000470C"}}
Date                          : Sun, 13 Apr 2025 11:59:20 GMT


[2025-04-13 20:59:22] [WARNING] ユーザー sketchup@miraiconst.onmicrosoft.com のOneDriveクォータ情報を取得できませんでした: User's mysite not found.

Status: 404 (NotFound)
ErrorCode: ResourceNotFound
Date: 2025-04-13T11:59:22

Headers:
Vary                          : Accept-Encoding
Strict-Transport-Security     : max-age=31536000
request-id                    : ef35601b-0c77-4eb2-b4e1-7bcf77de9433
client-request-id             : a38d2892-bcd0-42cf-9c61-9a78db1ecd8c
x-ms-ags-diagnostic           : {"ServerInfo":{"DataCenter":"Japan West","Slice":"E","Ring":"3","ScaleUnit":"002","RoleInstance":"OS1PEPF0000470C"}}
Date                          : Sun, 13 Apr 2025 11:59:22 GMT


[2025-04-13 20:59:24] [WARNING] ユーザー y-tajima@mirai-const.co.jp のOneDriveクォータ情報を取得できませんでした: User's mysite not found.

Status: 404 (NotFound)
ErrorCode: ResourceNotFound
Date: 2025-04-13T11:59:24

Headers:
Vary                          : Accept-Encoding
Strict-Transport-Security     : max-age=31536000
request-id                    : e40a5510-37f3-4972-88aa-6147f179a858
client-request-id             : 8682a20f-b09a-4ee8-b438-b5abbd445dfb
x-ms-ags-diagnostic           : {"ServerInfo":{"DataCenter":"Japan West","Slice":"E","Ring":"3","ScaleUnit":"002","RoleInstance":"OS1PEPF0000470C"}}
Date                          : Sun, 13 Apr 2025 11:59:24 GMT


[2025-04-13 20:59:25] [WARNING] ユーザー kaikei-support@mirai-const.co.jp のOneDriveクォータ情報を取得できませんでした: User's mysite not found.

Status: 404 (NotFound)
ErrorCode: ResourceNotFound
Date: 2025-04-13T11:59:25

Headers:
Vary                          : Accept-Encoding
Strict-Transport-Security     : max-age=31536000
request-id                    : 8863ca20-7f8d-406e-ad9d-ac89510227f1
client-request-id             : fa30925f-ec06-4bd5-9cc6-c31dd0e574a7
x-ms-ags-diagnostic           : {"ServerInfo":{"DataCenter":"Japan West","Slice":"E","Ring":"3","ScaleUnit":"002","RoleInstance":"OS1PEPF0000470C"}}
Date                          : Sun, 13 Apr 2025 11:59:25 GMT


[2025-04-13 20:59:29] [WARNING] ユーザー m-suzuki@mirai-const.co.jp のOneDriveクォータ情報を取得できませんでした: User's mysite not found.

Status: 404 (NotFound)
ErrorCode: ResourceNotFound
Date: 2025-04-13T11:59:29

Headers:
Vary                          : Accept-Encoding
Strict-Transport-Security     : max-age=31536000
request-id                    : 7ec46e5f-4322-4823-a33e-199781a1f33b
client-request-id             : 558a4122-53f1-4c4f-a62c-6f3b4b94fe61
x-ms-ags-diagnostic           : {"ServerInfo":{"DataCenter":"Japan West","Slice":"E","Ring":"3","ScaleUnit":"002","RoleInstance":"OS1PEPF0000470C"}}
Date                          : Sun, 13 Apr 2025 11:59:29 GMT


[2025-04-13 20:59:32] [WARNING] ユーザー Sync_AZSV0001_b63ec191406d@miraiconst.onmicrosoft.com のOneDriveクォータ情報を取得できませんでした: User's mysite not found.

Status: 404 (NotFound)
ErrorCode: ResourceNotFound
Date: 2025-04-13T11:59:32

Headers:
Vary                          : Accept-Encoding
Strict-Transport-Security     : max-age=31536000
request-id                    : b200a01f-50f5-462c-bb1a-7b2c9eb1f7d6
client-request-id             : 68726a72-2258-41bc-a1d4-3fa6abcce037
x-ms-ags-diagnostic           : {"ServerInfo":{"DataCenter":"Japan West","Slice":"E","Ring":"3","ScaleUnit":"002","RoleInstance":"OS1PEPF0000B56D"}}
Date                          : Sun, 13 Apr 2025 11:59:31 GMT


[2025-04-13 20:59:32] [INFO] ユーザー Sync_AZSV0001_b63ec191406d@miraiconst.onmicrosoft.com のroleTemplateId: d29b2b05-8046-44ba-8758-1e26182fcf32
[2025-04-13 20:59:33] [WARNING] ユーザー kanri-kyushu@mirai-const.co.jp のOneDriveクォータ情報を取得できませんでした: User's mysite not found.

Status: 404 (NotFound)
ErrorCode: ResourceNotFound
Date: 2025-04-13T11:59:33

Headers:
Vary                          : Accept-Encoding
Strict-Transport-Security     : max-age=31536000
request-id                    : b9dcc446-583a-42fe-b2f5-648abc2c17df
client-request-id             : a30a5640-29b1-48dc-9546-a600f894ae00
x-ms-ags-diagnostic           : {"ServerInfo":{"DataCenter":"Japan West","Slice":"E","Ring":"3","ScaleUnit":"002","RoleInstance":"OS1PEPF0000B56D"}}
Date                          : Sun, 13 Apr 2025 11:59:32 GMT


[2025-04-13 20:59:37] [WARNING] ユーザー bid-info04m@mirai-const.co.jp のOneDriveクォータ情報を取得できませんでした: User's mysite not found.

Status: 404 (NotFound)
ErrorCode: ResourceNotFound
Date: 2025-04-13T11:59:37

Headers:
Vary                          : Accept-Encoding
Strict-Transport-Security     : max-age=31536000
request-id                    : 834bfc73-45a8-49dc-b2c5-fd6176b0bbf7
client-request-id             : 7d10d236-87c6-4561-aa71-03a1680238cc
x-ms-ags-diagnostic           : {"ServerInfo":{"DataCenter":"Japan West","Slice":"E","Ring":"3","ScaleUnit":"002","RoleInstance":"OS1PEPF0000B56D"}}
Date                          : Sun, 13 Apr 2025 11:59:36 GMT


[2025-04-13 20:59:39] [WARNING] ユーザー cim-master04@mirai-const.co.jp のOneDriveクォータ情報を取得できませんでした: User's mysite not found.

Status: 404 (NotFound)
ErrorCode: ResourceNotFound
Date: 2025-04-13T11:59:39

Headers:
Vary                          : Accept-Encoding
Strict-Transport-Security     : max-age=31536000
request-id                    : 9d7470d0-d18e-4be2-afec-b0eb1d7f0d70
client-request-id             : fd0c86b0-0280-458f-902e-54bbaf87df94
x-ms-ags-diagnostic           : {"ServerInfo":{"DataCenter":"Japan West","Slice":"E","Ring":"3","ScaleUnit":"002","RoleInstance":"OS1PEPF0000B56D"}}
Date                          : Sun, 13 Apr 2025 11:59:38 GMT


[2025-04-13 20:59:39] [WARNING] ユーザー share@mirai-const.co.jp のOneDriveクォータ情報を取得できませんでした: User's mysite not found.

Status: 404 (NotFound)
ErrorCode: ResourceNotFound
Date: 2025-04-13T11:59:39

Headers:
Vary                          : Accept-Encoding
Strict-Transport-Security     : max-age=31536000
request-id                    : 2553bd98-045b-46aa-9630-5ad898e81cf7
client-request-id             : 6fabdde5-d15b-4543-b000-55502c4e3551
x-ms-ags-diagnostic           : {"ServerInfo":{"DataCenter":"Japan West","Slice":"E","Ring":"3","ScaleUnit":"002","RoleInstance":"OS1PEPF0000B56D"}}
Date                          : Sun, 13 Apr 2025 11:59:39 GMT


[2025-04-13 20:59:40] [WARNING] ユーザー kitakyushu-rakuraku@mirai-const.co.jp のOneDriveクォータ情報を取得できませんでした: User's mysite not found.

Status: 404 (NotFound)
ErrorCode: ResourceNotFound
Date: 2025-04-13T11:59:40

Headers:
Vary                          : Accept-Encoding
Strict-Transport-Security     : max-age=31536000
request-id                    : 110fbe68-2d07-48fd-85a9-a397e2f912e0
client-request-id             : 91e05ad1-5e90-4b00-bfd5-32415eaeba06
x-ms-ags-diagnostic           : {"ServerInfo":{"DataCenter":"Japan West","Slice":"E","Ring":"3","ScaleUnit":"002","RoleInstance":"OS1PEPF0000B56D"}}
Date                          : Sun, 13 Apr 2025 11:59:40 GMT


[2025-04-13 20:59:41] [WARNING] ユーザー amazon-biz@mirai-const.co.jp のOneDriveクォータ情報を取得できませんでした: User's mysite not found.

Status: 404 (NotFound)
ErrorCode: ResourceNotFound
Date: 2025-04-13T11:59:41

Headers:
Vary                          : Accept-Encoding
Strict-Transport-Security     : max-age=31536000
request-id                    : ac5e47ed-eca9-4634-9f9c-43bbf1fcb818
client-request-id             : ff0b0f3e-2fb7-47e8-ae98-07ceaafba167
x-ms-ags-diagnostic           : {"ServerInfo":{"DataCenter":"Japan West","Slice":"E","Ring":"3","ScaleUnit":"002","RoleInstance":"OS1PEPF0000B56D"}}
Date                          : Sun, 13 Apr 2025 11:59:41 GMT


[2025-04-13 20:59:45] [WARNING] ユーザー k-hirabayashi@mirai-const.co.jp のOneDriveクォータ情報を取得できませんでした: User's mysite not found.

Status: 404 (NotFound)
ErrorCode: ResourceNotFound
Date: 2025-04-13T11:59:45

Headers:
Vary                          : Accept-Encoding
Strict-Transport-Security     : max-age=31536000
request-id                    : cc6241f7-f67d-4dfd-9174-d4abd5c2e441
client-request-id             : 55a637a1-e0af-4bda-a4c6-2ab0d647a752
x-ms-ags-diagnostic           : {"ServerInfo":{"DataCenter":"Japan West","Slice":"E","Ring":"3","ScaleUnit":"002","RoleInstance":"OS1PEPF0000B56D"}}
Date                          : Sun, 13 Apr 2025 11:59:45 GMT


[2025-04-13 20:59:46] [WARNING] ユーザー shizuoka-rakuraku@mirai-const.co.jp のOneDriveクォータ情報を取得できませんでした: User's mysite not found.

Status: 404 (NotFound)
ErrorCode: ResourceNotFound
Date: 2025-04-13T11:59:46

Headers:
Vary                          : Accept-Encoding
Strict-Transport-Security     : max-age=31536000
request-id                    : 5887f147-8fd9-4439-abcc-93b820e190b7
client-request-id             : d73913b0-dc5a-4534-8be3-688685249f72
x-ms-ags-diagnostic           : {"ServerInfo":{"DataCenter":"Japan West","Slice":"E","Ring":"3","ScaleUnit":"002","RoleInstance":"OS1PEPF0000B56D"}}
Date                          : Sun, 13 Apr 2025 11:59:45 GMT


[2025-04-13 20:59:47] [WARNING] ユーザー tokyokouji-rakuraku@mirai-const.co.jp のOneDriveクォータ情報を取得できませんでした: User's mysite not found.

Status: 404 (NotFound)
ErrorCode: ResourceNotFound
Date: 2025-04-13T11:59:47

Headers:
Vary                          : Accept-Encoding
Strict-Transport-Security     : max-age=31536000
request-id                    : 649a43d2-998e-4693-b11b-70c8a41f28d5
client-request-id             : 73dae586-02e7-4aaa-b004-408f49bd1558
x-ms-ags-diagnostic           : {"ServerInfo":{"DataCenter":"Japan West","Slice":"E","Ring":"3","ScaleUnit":"002","RoleInstance":"OS1PEPF0000B56D"}}
Date                          : Sun, 13 Apr 2025 11:59:46 GMT


[2025-04-13 20:59:50] [WARNING] ユーザー honsya2-1@miraiconst.onmicrosoft.com のOneDriveクォータ情報を取得できませんでした: User's mysite not found.

Status: 404 (NotFound)
ErrorCode: ResourceNotFound
Date: 2025-04-13T11:59:50

Headers:
Vary                          : Accept-Encoding
Strict-Transport-Security     : max-age=31536000
request-id                    : 14c23393-f33b-44db-8dd7-e3bb6a938eb7
client-request-id             : 3adeadea-4600-4d77-b151-d8c57ff79628
x-ms-ags-diagnostic           : {"ServerInfo":{"DataCenter":"Japan West","Slice":"E","Ring":"3","ScaleUnit":"002","RoleInstance":"OS1PEPF0000B56D"}}
Date                          : Sun, 13 Apr 2025 11:59:50 GMT


[2025-04-13 20:59:53] [WARNING] ユーザー ito_mainmark.co.jp#EXT#@miraiconst.onmicrosoft.com のOneDriveクォータ情報を取得できませんでした: User's mysite not found.

Status: 404 (NotFound)
ErrorCode: ResourceNotFound
Date: 2025-04-13T11:59:53

Headers:
Vary                          : Accept-Encoding
Strict-Transport-Security     : max-age=31536000
request-id                    : 9261dd8d-d9cb-4ca3-ab67-456dd5da6e8c
client-request-id             : 5ab47b40-2575-428e-86b3-8e15c770d29e
x-ms-ags-diagnostic           : {"ServerInfo":{"DataCenter":"Japan West","Slice":"E","Ring":"3","ScaleUnit":"002","RoleInstance":"OS1PEPF0000B56D"}}
Date                          : Sun, 13 Apr 2025 11:59:52 GMT


[2025-04-13 20:59:55] [WARNING] ユーザー yk-takahashi_mitsuifudosan.co.jp#EXT#@miraiconst.onmicrosoft.com のOneDriveクォータ情報を取得できませんでした: User's mysite not found.

Status: 404 (NotFound)
ErrorCode: ResourceNotFound
Date: 2025-04-13T11:59:55

Headers:
Vary                          : Accept-Encoding
Strict-Transport-Security     : max-age=31536000
request-id                    : 2b6d6665-e1c0-4726-8645-375126ad0b30
client-request-id             : 1501170f-1c6f-4b45-9717-0c886c9c4f7f
x-ms-ags-diagnostic           : {"ServerInfo":{"DataCenter":"Japan West","Slice":"E","Ring":"3","ScaleUnit":"002","RoleInstance":"OS1PEPF0000B56D"}}
Date                          : Sun, 13 Apr 2025 11:59:55 GMT


[2025-04-13 20:59:56] [WARNING] ユーザー chugoku-rakuraku@mirai-const.co.jp のOneDriveクォータ情報を取得できませんでした: User's mysite not found.

Status: 404 (NotFound)
ErrorCode: ResourceNotFound
Date: 2025-04-13T11:59:56

Headers:
Vary                          : Accept-Encoding
Strict-Transport-Security     : max-age=31536000
request-id                    : 9f44f556-4fd0-4a8c-a890-a3110320f436
client-request-id             : 95ede20e-6c63-46df-99a3-59fda9a312a2
x-ms-ags-diagnostic           : {"ServerInfo":{"DataCenter":"Japan West","Slice":"E","Ring":"3","ScaleUnit":"002","RoleInstance":"OS1PEPF0000B56D"}}
Date                          : Sun, 13 Apr 2025 11:59:55 GMT


[2025-04-13 20:59:56] [WARNING] ユーザー webadmin@miraiconst.onmicrosoft.com のOneDriveクォータ情報を取得できませんでした: User's mysite not found.

Status: 404 (NotFound)
ErrorCode: ResourceNotFound
Date: 2025-04-13T11:59:56

Headers:
Vary                          : Accept-Encoding
Strict-Transport-Security     : max-age=31536000
request-id                    : 3d415e8d-18ea-4be4-8070-d5dcd7f5c0d6
client-request-id             : a1f2dcc9-e78e-4060-b4fc-76a9b98a033d
x-ms-ags-diagnostic           : {"ServerInfo":{"DataCenter":"Japan West","Slice":"E","Ring":"3","ScaleUnit":"002","RoleInstance":"OS1PEPF0000B56D"}}
Date                          : Sun, 13 Apr 2025 11:59:56 GMT


[2025-04-13 20:59:58] [WARNING] ユーザー tokyokoji@miraiconst.onmicrosoft.com のOneDriveクォータ情報を取得できませんでした: User's mysite not found.

Status: 404 (NotFound)
ErrorCode: ResourceNotFound
Date: 2025-04-13T11:59:58

Headers:
Vary                          : Accept-Encoding
Strict-Transport-Security     : max-age=31536000
request-id                    : 5d419260-9404-40c7-b54f-2a04e5c69424
client-request-id             : 0481e7d2-24f8-4672-a7e1-38f7ada487e6
x-ms-ags-diagnostic           : {"ServerInfo":{"DataCenter":"Japan West","Slice":"E","Ring":"3","ScaleUnit":"002","RoleInstance":"OS1PEPF0000B56D"}}
Date                          : Sun, 13 Apr 2025 11:59:57 GMT


[2025-04-13 20:59:59] [WARNING] ユーザー tokyo-rakuraku@mirai-const.co.jp のOneDriveクォータ情報を取得できませんでした: User's mysite not found.

Status: 404 (NotFound)
ErrorCode: ResourceNotFound
Date: 2025-04-13T11:59:59

Headers:
Vary                          : Accept-Encoding
Strict-Transport-Security     : max-age=31536000
request-id                    : e3c47302-a109-4bd1-9c7c-ba2467719ae0
client-request-id             : 2bd9139a-fd0d-4b8b-8abe-5544cec44552
x-ms-ags-diagnostic           : {"ServerInfo":{"DataCenter":"Japan West","Slice":"E","Ring":"3","ScaleUnit":"002","RoleInstance":"OS1PEPF0000B56D"}}
Date                          : Sun, 13 Apr 2025 11:59:58 GMT


[2025-04-13 20:59:59] [WARNING] ユーザー mirai-edr@miraiconst.onmicrosoft.com のOneDriveクォータ情報を取得できませんでした: User's mysite not found.

Status: 404 (NotFound)
ErrorCode: ResourceNotFound
Date: 2025-04-13T11:59:59

Headers:
Vary                          : Accept-Encoding
Strict-Transport-Security     : max-age=31536000
request-id                    : 1f196d95-932a-4309-a198-2f753a142e29
client-request-id             : fdabd985-991d-4bf4-ac52-1b2f59226309
x-ms-ags-diagnostic           : {"ServerInfo":{"DataCenter":"Japan West","Slice":"E","Ring":"3","ScaleUnit":"002","RoleInstance":"OS1PEPF0000B56D"}}
Date                          : Sun, 13 Apr 2025 11:59:59 GMT


[2025-04-13 21:00:00] [WARNING] ユーザー bid-info06m@mirai-const.co.jp のOneDriveクォータ情報を取得できませんでした: User's mysite not found.

Status: 404 (NotFound)
ErrorCode: ResourceNotFound
Date: 2025-04-13T12:00:00

Headers:
Vary                          : Accept-Encoding
Strict-Transport-Security     : max-age=31536000
request-id                    : 2e393993-f403-4ca9-b20d-d9ba29c43c86
client-request-id             : 6bff6351-688a-428a-a0a7-8899862c70dd
x-ms-ags-diagnostic           : {"ServerInfo":{"DataCenter":"Japan West","Slice":"E","Ring":"3","ScaleUnit":"002","RoleInstance":"OS1PEPF0000B56D"}}
Date                          : Sun, 13 Apr 2025 12:00:00 GMT


[2025-04-13 21:00:01] [WARNING] ユーザー noto-rakuraku@mirai-const.co.jp のOneDriveクォータ情報を取得できませんでした: User's mysite not found.

Status: 404 (NotFound)
ErrorCode: ResourceNotFound
Date: 2025-04-13T12:00:01

Headers:
Vary                          : Accept-Encoding
Strict-Transport-Security     : max-age=31536000
request-id                    : 69b775be-8de6-47f9-a236-580cc458f666
client-request-id             : ead8df6b-9a3a-42fa-9945-428c62df1f13
x-ms-ags-diagnostic           : {"ServerInfo":{"DataCenter":"Japan West","Slice":"E","Ring":"3","ScaleUnit":"002","RoleInstance":"OS1PEPF0000B56D"}}
Date                          : Sun, 13 Apr 2025 12:00:00 GMT


[2025-04-13 21:00:01] [WARNING] ユーザー aomori-rakuraku@mirai-const.co.jp のOneDriveクォータ情報を取得できませんでした: User's mysite not found.

Status: 404 (NotFound)
ErrorCode: ResourceNotFound
Date: 2025-04-13T12:00:01

Headers:
Vary                          : Accept-Encoding
Strict-Transport-Security     : max-age=31536000
request-id                    : 713e859f-0b55-4752-ba9e-1b9fb679e09e
client-request-id             : bac17c7f-d82f-44a0-96fb-8acf26348f91
x-ms-ags-diagnostic           : {"ServerInfo":{"DataCenter":"Japan West","Slice":"E","Ring":"3","ScaleUnit":"002","RoleInstance":"OS1PEPF0000B56D"}}
Date                          : Sun, 13 Apr 2025 12:00:01 GMT


[2025-04-13 21:00:04] [WARNING] ユーザー cad-master@miraiconst.onmicrosoft.com のOneDriveクォータ情報を取得できませんでした: User's mysite not found.

Status: 404 (NotFound)
ErrorCode: ResourceNotFound
Date: 2025-04-13T12:00:04

Headers:
Vary                          : Accept-Encoding
Strict-Transport-Security     : max-age=31536000
request-id                    : 5995078f-9387-43af-b3e2-22c024f1c78f
client-request-id             : 64191b94-568c-430a-bec7-f09d9b6a13fe
x-ms-ags-diagnostic           : {"ServerInfo":{"DataCenter":"Japan West","Slice":"E","Ring":"3","ScaleUnit":"002","RoleInstance":"OS1PEPF0000B56D"}}
Date                          : Sun, 13 Apr 2025 12:00:03 GMT


[2025-04-13 21:00:09] [WARNING] ユーザー direct@mirai-const.co.jp のOneDriveクォータ情報を取得できませんでした: User's mysite not found.

Status: 404 (NotFound)
ErrorCode: ResourceNotFound
Date: 2025-04-13T12:00:09

Headers:
Vary                          : Accept-Encoding
Strict-Transport-Security     : max-age=31536000
request-id                    : 1d685cf3-c494-4a03-b717-9a67c950763f
client-request-id             : 00829401-6302-41b1-8b45-38b65ded9472
x-ms-ags-diagnostic           : {"ServerInfo":{"DataCenter":"Japan West","Slice":"E","Ring":"3","ScaleUnit":"002","RoleInstance":"OS1PEPF0000B56D"}}
Date                          : Sun, 13 Apr 2025 12:00:08 GMT


[2025-04-13 21:00:09] [WARNING] ユーザー forti-admin@mirai-const.co.jp のOneDriveクォータ情報を取得できませんでした: User's mysite not found.

Status: 404 (NotFound)
ErrorCode: ResourceNotFound
Date: 2025-04-13T12:00:09

Headers:
Vary                          : Accept-Encoding
Strict-Transport-Security     : max-age=31536000
request-id                    : fa761807-69b4-477e-8d8e-32fee0fe6fce
client-request-id             : ef2577cf-852a-42c5-af48-851cb2a049de
x-ms-ags-diagnostic           : {"ServerInfo":{"DataCenter":"Japan West","Slice":"E","Ring":"3","ScaleUnit":"002","RoleInstance":"OS1PEPF0000B56D"}}
Date                          : Sun, 13 Apr 2025 12:00:09 GMT


[2025-04-13 21:00:12] [WARNING] ユーザー chubu@miraiconst.onmicrosoft.com のOneDriveクォータ情報を取得できませんでした: User's mysite not found.

Status: 404 (NotFound)
ErrorCode: ResourceNotFound
Date: 2025-04-13T12:00:12

Headers:
Vary                          : Accept-Encoding
Strict-Transport-Security     : max-age=31536000
request-id                    : 51abd048-af4f-4d25-a06f-02ef62b94580
client-request-id             : 21dd61f4-fc20-44f8-b305-db97dd36ddef
x-ms-ags-diagnostic           : {"ServerInfo":{"DataCenter":"Japan West","Slice":"E","Ring":"3","ScaleUnit":"002","RoleInstance":"OS1PEPF0000B56D"}}
Date                          : Sun, 13 Apr 2025 12:00:11 GMT


[2025-04-13 21:00:14] [WARNING] ユーザー ys-yamamoto_apptec.co.jp#EXT#@miraiconst.onmicrosoft.com のOneDriveクォータ情報を取得できませんでした: User's mysite not found.

Status: 404 (NotFound)
ErrorCode: ResourceNotFound
Date: 2025-04-13T12:00:14

Headers:
Vary                          : Accept-Encoding
Strict-Transport-Security     : max-age=31536000
request-id                    : 5dba2d54-fd07-4219-b38e-fce5b9662858
client-request-id             : ed708ed6-de74-48f4-a43f-43a09165d817
x-ms-ags-diagnostic           : {"ServerInfo":{"DataCenter":"Japan West","Slice":"E","Ring":"3","ScaleUnit":"002","RoleInstance":"OS1PEPF0000B56D"}}
Date                          : Sun, 13 Apr 2025 12:00:13 GMT


[2025-04-13 21:00:14] [WARNING] ユーザー r-futenma@mirai-const.co.jp のOneDriveクォータ情報を取得できませんでした: User's mysite not found.

Status: 404 (NotFound)
ErrorCode: ResourceNotFound
Date: 2025-04-13T12:00:14

Headers:
Vary                          : Accept-Encoding
Strict-Transport-Security     : max-age=31536000
request-id                    : 5d969ed3-0073-4b7b-8931-864a0a98dd2b
client-request-id             : f7f4819e-0c0c-47be-b002-0d3b10454d4b
x-ms-ags-diagnostic           : {"ServerInfo":{"DataCenter":"Japan West","Slice":"E","Ring":"3","ScaleUnit":"002","RoleInstance":"OS1PEPF0000B56D"}}
Date                          : Sun, 13 Apr 2025 12:00:14 GMT


[2025-04-13 21:00:15] [WARNING] ユーザー cim-master13@mirai-const.co.jp のOneDriveクォータ情報を取得できませんでした: User's mysite not found.

Status: 404 (NotFound)
ErrorCode: ResourceNotFound
Date: 2025-04-13T12:00:15

Headers:
Vary                          : Accept-Encoding
Strict-Transport-Security     : max-age=31536000
request-id                    : 0b94140d-a0cf-47c1-860f-df0fa8b68b95
client-request-id             : 70e290ae-d2bc-42a6-8954-9bd07803a1f3
x-ms-ags-diagnostic           : {"ServerInfo":{"DataCenter":"Japan West","Slice":"E","Ring":"3","ScaleUnit":"002","RoleInstance":"OS1PEPF0000B56D"}}
Date                          : Sun, 13 Apr 2025 12:00:14 GMT


[2025-04-13 21:00:15] [WARNING] ユーザー na-kadokawa_apptec.co.jp#EXT#@miraiconst.onmicrosoft.com のOneDriveクォータ情報を取得できませんでした: User's mysite not found.

Status: 404 (NotFound)
ErrorCode: ResourceNotFound
Date: 2025-04-13T12:00:15

Headers:
Vary                          : Accept-Encoding
Strict-Transport-Security     : max-age=31536000
request-id                    : a11662c6-88f7-4b3a-b84e-f42b7baed4c2
client-request-id             : 92f67856-9d96-47fd-8026-5727b489ee20
x-ms-ags-diagnostic           : {"ServerInfo":{"DataCenter":"Japan West","Slice":"E","Ring":"3","ScaleUnit":"002","RoleInstance":"OS1PEPF0000B56D"}}
Date                          : Sun, 13 Apr 2025 12:00:14 GMT


[2025-04-13 21:00:18] [WARNING] ユーザー mirai-sns@miraiconst.onmicrosoft.com のOneDriveクォータ情報を取得できませんでした: User's mysite not found.

Status: 404 (NotFound)
ErrorCode: ResourceNotFound
Date: 2025-04-13T12:00:18

Headers:
Vary                          : Accept-Encoding
Strict-Transport-Security     : max-age=31536000
request-id                    : 8f396800-485f-4a0c-8216-9703ca144ffb
client-request-id             : 550ff4c7-304e-4c7f-8478-06d37bd48b27
x-ms-ags-diagnostic           : {"ServerInfo":{"DataCenter":"Japan West","Slice":"E","Ring":"3","ScaleUnit":"002","RoleInstance":"OS1PEPF0000B56D"}}
Date                          : Sun, 13 Apr 2025 12:00:18 GMT


[2025-04-13 21:00:20] [WARNING] ユーザー et-satoh@mirai-const.co.jp のOneDriveクォータ情報を取得できませんでした: User's mysite not found.

Status: 404 (NotFound)
ErrorCode: ResourceNotFound
Date: 2025-04-13T12:00:20

Headers:
Vary                          : Accept-Encoding
Strict-Transport-Security     : max-age=31536000
request-id                    : 9a98d91f-6976-4b8c-8769-c49850ce800a
client-request-id             : a7339e24-390a-482c-967f-757232188474
x-ms-ags-diagnostic           : {"ServerInfo":{"DataCenter":"Japan West","Slice":"E","Ring":"3","ScaleUnit":"002","RoleInstance":"OS1PEPF0000B56D"}}
Date                          : Sun, 13 Apr 2025 12:00:20 GMT


[2025-04-13 21:00:24] [WARNING] ユーザー k-obara@mirai-const.co.jp のOneDriveクォータ情報を取得できませんでした: User's mysite not found.

Status: 404 (NotFound)
ErrorCode: ResourceNotFound
Date: 2025-04-13T12:00:24

Headers:
Vary                          : Accept-Encoding
Strict-Transport-Security     : max-age=31536000
request-id                    : ecfd68c2-1fb4-4634-b74d-13e1976a1bd4
client-request-id             : e10d7c4e-f283-4fa7-ba8f-a0539b4d11ac
x-ms-ags-diagnostic           : {"ServerInfo":{"DataCenter":"Japan West","Slice":"E","Ring":"3","ScaleUnit":"002","RoleInstance":"OS1PEPF0000B56D"}}
Date                          : Sun, 13 Apr 2025 12:00:23 GMT


[2025-04-13 21:00:29] [WARNING] ユーザー kanri-oosaka@mirai-const.co.jp のOneDriveクォータ情報を取得できませんでした: User's mysite not found.

Status: 404 (NotFound)
ErrorCode: ResourceNotFound
Date: 2025-04-13T12:00:29

Headers:
Vary                          : Accept-Encoding
Strict-Transport-Security     : max-age=31536000
request-id                    : ff702c4c-b94e-48b9-b4b4-802c7b94cec8
client-request-id             : 6e58ab07-85e8-476f-bcdb-889079e2f182
x-ms-ags-diagnostic           : {"ServerInfo":{"DataCenter":"Japan West","Slice":"E","Ring":"3","ScaleUnit":"002","RoleInstance":"OS1PEPF0000B56D"}}
Date                          : Sun, 13 Apr 2025 12:00:28 GMT


[2025-04-13 21:00:30] [WARNING] ユーザー haruka.ishigaki_aaconst.onmicrosoft.com#EXT#@miraiconst.onmicrosoft.com のOneDriveクォータ情報を取得できませんでした: User's mysite not found.

Status: 404 (NotFound)
ErrorCode: ResourceNotFound
Date: 2025-04-13T12:00:30

Headers:
Vary                          : Accept-Encoding
Strict-Transport-Security     : max-age=31536000
request-id                    : 9bee4a12-3787-415a-b382-ac1af0c82660
client-request-id             : 106ca319-a9cb-4aeb-a4d2-22bdebfff9b9
x-ms-ags-diagnostic           : {"ServerInfo":{"DataCenter":"Japan West","Slice":"E","Ring":"3","ScaleUnit":"001","RoleInstance":"OS1PEPF000053D0"}}
Date                          : Sun, 13 Apr 2025 12:00:30 GMT


[2025-04-13 21:00:33] [WARNING] ユーザー bid-info02m@mirai-const.co.jp のOneDriveクォータ情報を取得できませんでした: User's mysite not found.

Status: 404 (NotFound)
ErrorCode: ResourceNotFound
Date: 2025-04-13T12:00:33

Headers:
Vary                          : Accept-Encoding
Strict-Transport-Security     : max-age=31536000
request-id                    : 282b60f8-f305-453a-bd08-d4b57143ffae
client-request-id             : 59f14bf3-e651-45df-a8c2-a3cea11452ef
x-ms-ags-diagnostic           : {"ServerInfo":{"DataCenter":"Japan West","Slice":"E","Ring":"3","ScaleUnit":"001","RoleInstance":"OS1PEPF000053D0"}}
Date                          : Sun, 13 Apr 2025 12:00:33 GMT


[2025-04-13 21:00:33] [SUCCESS] OneDriveクォータ情報の取得が完了しました。取得件数: 524
[2025-04-13 21:00:34] [SUCCESS] CSVファイルを作成しました: C:\kitting\OneDriveforBusinessManagementSystem\OneDriveManagement.20250413\Basic_Data_Collection.20250413\OneDriveQuota.20250413210034.csv
[2025-04-13 21:00:34] [INFO] HTMLファイルを作成します: C:\kitting\OneDriveforBusinessManagementSystem\OneDriveManagement.20250413\Basic_Data_Collection.20250413\OneDriveQuota.20250413210034.html
[2025-04-13 21:00:37] [SUCCESS] HTMLファイルの作成が完了しました: C:\kitting\OneDriveforBusinessManagementSystem\OneDriveManagement.20250413\Basic_Data_Collection.20250413\OneDriveQuota.20250413210034.html
[2025-04-13 21:00:37] [INFO] Excelでファイルを開いて列幅の調整とフィルターの適用を行います...
[2025-04-13 21:00:40] [SUCCESS] Excelでの処理が完了しました。
[2025-04-13 21:00:40] [INFO] HTMLファイルを生成しています...
[2025-04-13 21:00:41] [SUCCESS] HTMLファイルの生成が完了しました: C:\kitting\OneDriveforBusinessManagementSystem\OneDriveManagement.20250413\Basic_Data_Collection.20250413\OneDriveQuota.20250413210034.html
