[2025-04-13 19:46:22] [INFO] ストレージクォータ取得を開始します
[2025-04-13 19:46:22] [INFO] 出力ディレクトリ: C:\kitting\OneDriveforBusinessManagementSystem\OneDriveManagement.20250413\Basic_Data_Collection.20250413
[2025-04-13 19:46:22] [INFO] ログディレクトリ: C:\kitting\OneDriveforBusinessManagementSystem\OneDriveManagement.20250413\Log
[2025-04-13 19:46:22] [WARNING] Graph接続済みですが、ユーザー情報は取得できません。
[2025-04-13 19:46:22] [WARNING] Graph接続済みですが、ユーザー情報は取得できません。
[2025-04-13 19:46:23] [INFO] すべてのユーザーのOneDriveクォータ情報を取得しています...
[2025-04-13 19:46:26] [WARNING] ユーザー okinawa-rakuraku@mirai-const.co.jp のOneDriveクォータ情報を取得できませんでした: User's mysite not found.

Status: 404 (NotFound)
ErrorCode: ResourceNotFound
Date: 2025-04-13T10:46:26

Headers:
Vary                          : Accept-Encoding
Strict-Transport-Security     : max-age=31536000
request-id                    : 12d55418-c18a-40df-aca5-f2d5eb2529f7
client-request-id             : 351a0a0d-852b-4e1e-bc1d-20c62311f0e3
x-ms-ags-diagnostic           : {"ServerInfo":{"DataCenter":"Japan West","Slice":"E","Ring":"3","ScaleUnit":"001","RoleInstance":"OS1PEPF0000AE2C"}}
Date                          : Sun, 13 Apr 2025 10:46:26 GMT


[2025-04-13 19:46:33] [WARNING] ユーザー admin@miraiconst.onmicrosoft.com のOneDriveクォータ情報を取得できませんでした: User's mysite not found.

Status: 404 (NotFound)
ErrorCode: ResourceNotFound
Date: 2025-04-13T10:46:33

Headers:
Vary                          : Accept-Encoding
Strict-Transport-Security     : max-age=31536000
request-id                    : ff71cbe2-0076-4d80-92d9-505aa8c20ca0
client-request-id             : c81ab98d-bc43-4195-a0db-260f119d6297
x-ms-ags-diagnostic           : {"ServerInfo":{"DataCenter":"Japan West","Slice":"E","Ring":"3","ScaleUnit":"001","RoleInstance":"OS1PEPF0000AE2C"}}
Date                          : Sun, 13 Apr 2025 10:46:32 GMT


[2025-04-13 19:46:33] [INFO] ユーザー admin@miraiconst.onmicrosoft.com のroleTemplateId: 62e90394-69f5-4237-9190-012177145e10
[2025-04-13 19:46:33] [INFO] ユーザー admin@miraiconst.onmicrosoft.com は管理者ロール: 62e90394-69f5-4237-9190-012177145e10
[2025-04-13 19:46:38] [WARNING] ユーザー admin1@miraiconst.onmicrosoft.com のOneDriveクォータ情報を取得できませんでした: User's mysite not found.

Status: 404 (NotFound)
ErrorCode: ResourceNotFound
Date: 2025-04-13T10:46:38

Headers:
Vary                          : Accept-Encoding
Strict-Transport-Security     : max-age=31536000
request-id                    : eb70c9f3-77d3-48d3-b569-b429a25ca2f5
client-request-id             : f5f5484b-14cc-491d-8604-7213eaf0f20e
x-ms-ags-diagnostic           : {"ServerInfo":{"DataCenter":"Japan West","Slice":"E","Ring":"3","ScaleUnit":"001","RoleInstance":"OS1PEPF0000AE2C"}}
Date                          : Sun, 13 Apr 2025 10:46:37 GMT


[2025-04-13 19:46:39] [WARNING] ユーザー cim-master10@mirai-const.co.jp のOneDriveクォータ情報を取得できませんでした: User's mysite not found.

Status: 404 (NotFound)
ErrorCode: ResourceNotFound
Date: 2025-04-13T10:46:39

Headers:
Vary                          : Accept-Encoding
Strict-Transport-Security     : max-age=31536000
request-id                    : 6036ee02-d294-4c74-aa27-692439fa5a4b
client-request-id             : f4fbd8bd-00d4-468e-a683-111e67d9ea8c
x-ms-ags-diagnostic           : {"ServerInfo":{"DataCenter":"Japan West","Slice":"E","Ring":"3","ScaleUnit":"001","RoleInstance":"OS1PEPF0000AE2C"}}
Date                          : Sun, 13 Apr 2025 10:46:38 GMT


[2025-04-13 19:46:43] [WARNING] ユーザー jinji-saiyou@mirai-const.co.jp のOneDriveクォータ情報を取得できませんでした: User's mysite not found.

Status: 404 (NotFound)
ErrorCode: ResourceNotFound
Date: 2025-04-13T10:46:42

Headers:
Vary                          : Accept-Encoding
Strict-Transport-Security     : max-age=31536000
request-id                    : 627f9ca9-6a33-4c67-a486-6e730e4bfa9a
client-request-id             : 7aee4ea0-af42-4621-a75f-c2e9a38b8d51
x-ms-ags-diagnostic           : {"ServerInfo":{"DataCenter":"Japan West","Slice":"E","Ring":"3","ScaleUnit":"001","RoleInstance":"OS1PEPF0000AE2C"}}
Date                          : Sun, 13 Apr 2025 10:46:42 GMT


[2025-04-13 19:46:46] [WARNING] ユーザー soumu-payment@mirai-const.co.jp のOneDriveクォータ情報を取得できませんでした: User's mysite not found.

Status: 404 (NotFound)
ErrorCode: ResourceNotFound
Date: 2025-04-13T10:46:46

Headers:
Vary                          : Accept-Encoding
Strict-Transport-Security     : max-age=31536000
request-id                    : d3865884-4931-4a54-b03a-5ebfe3333b6f
client-request-id             : 5ee6cca1-db8f-45d4-8e50-b5dff71bc131
x-ms-ags-diagnostic           : {"ServerInfo":{"DataCenter":"Japan West","Slice":"E","Ring":"3","ScaleUnit":"001","RoleInstance":"OS1PEPF0000AE2C"}}
Date                          : Sun, 13 Apr 2025 10:46:45 GMT


[2025-04-13 19:46:48] [WARNING] ユーザー mf-jigyoukikaku@miraiconst.onmicrosoft.com のOneDriveクォータ情報を取得できませんでした: User's mysite not found.

Status: 404 (NotFound)
ErrorCode: ResourceNotFound
Date: 2025-04-13T10:46:48

Headers:
Vary                          : Accept-Encoding
Strict-Transport-Security     : max-age=31536000
request-id                    : 2e3e139e-b3d4-41b6-9790-8742c121301c
client-request-id             : f7fd69e5-8f54-40da-82ff-7088b0145080
x-ms-ags-diagnostic           : {"ServerInfo":{"DataCenter":"Japan West","Slice":"E","Ring":"3","ScaleUnit":"001","RoleInstance":"OS1PEPF0000AE2C"}}
Date                          : Sun, 13 Apr 2025 10:46:47 GMT


[2025-04-13 19:46:50] [WARNING] ユーザー henngetest@mirai-const.co.jp のOneDriveクォータ情報を取得できませんでした: User's mysite not found.

Status: 404 (NotFound)
ErrorCode: ResourceNotFound
Date: 2025-04-13T10:46:50

Headers:
Vary                          : Accept-Encoding
Strict-Transport-Security     : max-age=31536000
request-id                    : 872a2a66-8bc0-4ee7-b006-41543597c50f
client-request-id             : 81620e8a-60e4-447a-b660-d3d3c1090f06
x-ms-ags-diagnostic           : {"ServerInfo":{"DataCenter":"Japan West","Slice":"E","Ring":"3","ScaleUnit":"001","RoleInstance":"OS1PEPF0000AE2C"}}
Date                          : Sun, 13 Apr 2025 10:46:50 GMT


[2025-04-13 19:47:03] [WARNING] ユーザー ariake-rakuraku@mirai-const.co.jp のOneDriveクォータ情報を取得できませんでした: User's mysite not found.

Status: 404 (NotFound)
ErrorCode: ResourceNotFound
Date: 2025-04-13T10:47:03

Headers:
Vary                          : Accept-Encoding
Strict-Transport-Security     : max-age=31536000
request-id                    : 519487f0-6121-461e-9c31-5f2a9f4b3bd7
client-request-id             : ba11a413-a81e-4afe-bbec-bac1b42a3747
x-ms-ags-diagnostic           : {"ServerInfo":{"DataCenter":"Japan West","Slice":"E","Ring":"3","ScaleUnit":"001","RoleInstance":"OS1PEPF0000AE2C"}}
Date                          : Sun, 13 Apr 2025 10:47:02 GMT


[2025-04-13 19:47:04] [WARNING] ユーザー system-info@mirai-const.co.jp のOneDriveクォータ情報を取得できませんでした: User's mysite not found.

Status: 404 (NotFound)
ErrorCode: ResourceNotFound
Date: 2025-04-13T10:47:04

Headers:
Vary                          : Accept-Encoding
Strict-Transport-Security     : max-age=31536000
request-id                    : c5197c55-2130-47b2-b9d7-6a3657d239b1
client-request-id             : f6737a37-a719-4aee-8ef0-ab5704d76c7c
x-ms-ags-diagnostic           : {"ServerInfo":{"DataCenter":"Japan West","Slice":"E","Ring":"3","ScaleUnit":"001","RoleInstance":"OS1PEPF0000AE2C"}}
Date                          : Sun, 13 Apr 2025 10:47:03 GMT


[2025-04-13 19:47:09] [WARNING] ユーザー hideyuki.nomura_halekulaniokinawa.com#EXT#@miraiconst.onmicrosoft.com のOneDriveクォータ情報を取得できませんでした: User's mysite not found.

Status: 404 (NotFound)
ErrorCode: ResourceNotFound
Date: 2025-04-13T10:47:09

Headers:
Vary                          : Accept-Encoding
Strict-Transport-Security     : max-age=31536000
request-id                    : 67a5f8d4-fd82-4bf4-8f3b-301076705402
client-request-id             : d0b18126-aaa4-4603-bc11-e79d00c3c272
x-ms-ags-diagnostic           : {"ServerInfo":{"DataCenter":"Japan West","Slice":"E","Ring":"3","ScaleUnit":"001","RoleInstance":"OS1PEPF0000AE2C"}}
Date                          : Sun, 13 Apr 2025 10:47:08 GMT


[2025-04-13 19:47:09] [WARNING] ユーザー cim-master05@mirai-const.co.jp のOneDriveクォータ情報を取得できませんでした: User's mysite not found.

Status: 404 (NotFound)
ErrorCode: ResourceNotFound
Date: 2025-04-13T10:47:09

Headers:
Vary                          : Accept-Encoding
Strict-Transport-Security     : max-age=31536000
request-id                    : 339b6132-f52e-4a32-8b0d-fe0cc18ecbbc
client-request-id             : 55477b57-6b2d-4709-9ba2-dfe29e994b2b
x-ms-ags-diagnostic           : {"ServerInfo":{"DataCenter":"Japan West","Slice":"E","Ring":"3","ScaleUnit":"001","RoleInstance":"OS1PEPF0000AE2C"}}
Date                          : Sun, 13 Apr 2025 10:47:08 GMT


[2025-04-13 19:47:10] [WARNING] ユーザー mk-engagement@miraiconst.onmicrosoft.com のOneDriveクォータ情報を取得できませんでした: User's mysite not found.

Status: 404 (NotFound)
ErrorCode: ResourceNotFound
Date: 2025-04-13T10:47:10

Headers:
Vary                          : Accept-Encoding
Strict-Transport-Security     : max-age=31536000
request-id                    : ac5e13a6-2223-40d6-9485-0bec66adf2f4
client-request-id             : 70aceb83-a206-4c38-8d12-6ec0f9355305
x-ms-ags-diagnostic           : {"ServerInfo":{"DataCenter":"Japan West","Slice":"E","Ring":"3","ScaleUnit":"001","RoleInstance":"OS1PEPF0000AE2C"}}
Date                          : Sun, 13 Apr 2025 10:47:09 GMT


[2025-04-13 19:47:10] [WARNING] ユーザー bid-info10m@mirai-const.co.jp のOneDriveクォータ情報を取得できませんでした: User's mysite not found.

Status: 404 (NotFound)
ErrorCode: ResourceNotFound
Date: 2025-04-13T10:47:10

Headers:
Vary                          : Accept-Encoding
Strict-Transport-Security     : max-age=31536000
request-id                    : a1b62b70-363b-45db-b2d6-b1f4520de2a1
client-request-id             : 42ed8467-0642-499a-903d-17535bc6c50a
x-ms-ags-diagnostic           : {"ServerInfo":{"DataCenter":"Japan West","Slice":"E","Ring":"3","ScaleUnit":"001","RoleInstance":"OS1PEPF0000AE2C"}}
Date                          : Sun, 13 Apr 2025 10:47:09 GMT


[2025-04-13 19:47:11] [WARNING] ユーザー bid-info09m@mirai-const.co.jp のOneDriveクォータ情報を取得できませんでした: User's mysite not found.

Status: 404 (NotFound)
ErrorCode: ResourceNotFound
Date: 2025-04-13T10:47:11

Headers:
Vary                          : Accept-Encoding
Strict-Transport-Security     : max-age=31536000
request-id                    : 8f6d27a2-c2cc-42b1-ade0-4d7434df026b
client-request-id             : e4e0c49f-b22d-4440-ac5d-1a23d2f36a5a
x-ms-ags-diagnostic           : {"ServerInfo":{"DataCenter":"Japan West","Slice":"E","Ring":"3","ScaleUnit":"001","RoleInstance":"OS1PEPF0000AE2C"}}
Date                          : Sun, 13 Apr 2025 10:47:10 GMT


[2025-04-13 19:47:13] [WARNING] ユーザー hokuriku-rakuraku@mirai-const.co.jp のOneDriveクォータ情報を取得できませんでした: User's mysite not found.

Status: 404 (NotFound)
ErrorCode: ResourceNotFound
Date: 2025-04-13T10:47:13

Headers:
Vary                          : Accept-Encoding
Strict-Transport-Security     : max-age=31536000
request-id                    : 6543e0d6-6c99-4df5-9b47-cb2b73d6f222
client-request-id             : d2615f32-3c23-4e02-84df-739832e14bb3
x-ms-ags-diagnostic           : {"ServerInfo":{"DataCenter":"Japan West","Slice":"E","Ring":"3","ScaleUnit":"001","RoleInstance":"OS1PEPF0000AE2C"}}
Date                          : Sun, 13 Apr 2025 10:47:12 GMT


[2025-04-13 19:47:15] [WARNING] ユーザー m-ariake@miraiconst.onmicrosoft.com のOneDriveクォータ情報を取得できませんでした: User's mysite not found.

Status: 404 (NotFound)
ErrorCode: ResourceNotFound
Date: 2025-04-13T10:47:15

Headers:
Vary                          : Accept-Encoding
Strict-Transport-Security     : max-age=31536000
request-id                    : 2aa1b78e-376f-490b-b316-801145b9965e
client-request-id             : fd744ed7-241f-4d50-a5dd-d3a9230670cc
x-ms-ags-diagnostic           : {"ServerInfo":{"DataCenter":"Japan West","Slice":"E","Ring":"3","ScaleUnit":"001","RoleInstance":"OS1PEPF0000AE2C"}}
Date                          : Sun, 13 Apr 2025 10:47:14 GMT


[2025-04-13 19:47:17] [WARNING] ユーザー cim-master14@mirai-const.co.jp のOneDriveクォータ情報を取得できませんでした: User's mysite not found.

Status: 404 (NotFound)
ErrorCode: ResourceNotFound
Date: 2025-04-13T10:47:17

Headers:
Vary                          : Accept-Encoding
Strict-Transport-Security     : max-age=31536000
request-id                    : 01a1916b-5ef3-47f5-a61f-a2934ef3f1f6
client-request-id             : 39e5d03a-ab41-4a1c-8b9c-618f9b96983a
x-ms-ags-diagnostic           : {"ServerInfo":{"DataCenter":"Japan West","Slice":"E","Ring":"3","ScaleUnit":"001","RoleInstance":"OS1PEPF0000AE2C"}}
Date                          : Sun, 13 Apr 2025 10:47:16 GMT


[2025-04-13 19:47:24] [WARNING] ユーザー chubu-rakuraku@mirai-const.co.jp のOneDriveクォータ情報を取得できませんでした: User's mysite not found.

Status: 404 (NotFound)
ErrorCode: ResourceNotFound
Date: 2025-04-13T10:47:24

Headers:
Vary                          : Accept-Encoding
Strict-Transport-Security     : max-age=31536000
request-id                    : 00eb9aa6-3a44-4815-a2eb-bbc8e558b2bd
client-request-id             : 6e61879d-a60e-455b-8bdc-2c9024b55c42
x-ms-ags-diagnostic           : {"ServerInfo":{"DataCenter":"Japan West","Slice":"E","Ring":"3","ScaleUnit":"001","RoleInstance":"OS1PEPF00013D08"}}
Date                          : Sun, 13 Apr 2025 10:47:24 GMT


[2025-04-13 19:47:27] [WARNING] ユーザー i-komada@mirai-const.co.jp のOneDriveクォータ情報を取得できませんでした: User's mysite not found.

Status: 404 (NotFound)
ErrorCode: ResourceNotFound
Date: 2025-04-13T10:47:27

Headers:
Vary                          : Accept-Encoding
Strict-Transport-Security     : max-age=31536000
request-id                    : 63203ad1-5d58-4703-8eb3-7de0b7b61595
client-request-id             : e781682a-b768-4f54-a1fa-b1c0b0a9f273
x-ms-ags-diagnostic           : {"ServerInfo":{"DataCenter":"Japan West","Slice":"E","Ring":"3","ScaleUnit":"001","RoleInstance":"OS1PEPF00013D08"}}
Date                          : Sun, 13 Apr 2025 10:47:27 GMT


[2025-04-13 19:47:30] [WARNING] ユーザー tsubokawa-y92y2_mlit.go.jp#EXT#@miraiconst.onmicrosoft.com のOneDriveクォータ情報を取得できませんでした: User's mysite not found.

Status: 404 (NotFound)
ErrorCode: ResourceNotFound
Date: 2025-04-13T10:47:30

Headers:
Vary                          : Accept-Encoding
Strict-Transport-Security     : max-age=31536000
request-id                    : 922a5f8c-5718-4175-aa75-f335b47d9dec
client-request-id             : 98c009b3-724b-4809-9918-80a3ff3ed728
x-ms-ags-diagnostic           : {"ServerInfo":{"DataCenter":"Japan West","Slice":"E","Ring":"3","ScaleUnit":"001","RoleInstance":"OS1PEPF00013D08"}}
Date                          : Sun, 13 Apr 2025 10:47:30 GMT


[2025-04-13 19:47:31] [WARNING] ユーザー m-ushikubo@mirai-const.co.jp のOneDriveクォータ情報を取得できませんでした: User's mysite not found.

Status: 404 (NotFound)
ErrorCode: ResourceNotFound
Date: 2025-04-13T10:47:31

Headers:
Vary                          : Accept-Encoding
Strict-Transport-Security     : max-age=31536000
request-id                    : 00a273c5-79e4-4df9-b008-6568f63c28e9
client-request-id             : bf5767ba-16c6-45a2-a541-74890898ffab
x-ms-ags-diagnostic           : {"ServerInfo":{"DataCenter":"Japan West","Slice":"E","Ring":"3","ScaleUnit":"001","RoleInstance":"OS1PEPF00013D08"}}
Date                          : Sun, 13 Apr 2025 10:47:31 GMT


[2025-04-13 19:47:32] [WARNING] ユーザー kyushu-rakuraku@mirai-const.co.jp のOneDriveクォータ情報を取得できませんでした: User's mysite not found.

Status: 404 (NotFound)
ErrorCode: ResourceNotFound
Date: 2025-04-13T10:47:32

Headers:
Vary                          : Accept-Encoding
Strict-Transport-Security     : max-age=31536000
request-id                    : 5cce69f0-3d58-4aaa-acc2-6a9378c7670c
client-request-id             : d7229d7c-3126-489a-8205-d943a39f3f18
x-ms-ags-diagnostic           : {"ServerInfo":{"DataCenter":"Japan West","Slice":"E","Ring":"3","ScaleUnit":"001","RoleInstance":"OS1PEPF00013D08"}}
Date                          : Sun, 13 Apr 2025 10:47:31 GMT


[2025-04-13 19:47:34] [WARNING] ユーザー cim-master01@mirai-const.co.jp のOneDriveクォータ情報を取得できませんでした: User's mysite not found.

Status: 404 (NotFound)
ErrorCode: ResourceNotFound
Date: 2025-04-13T10:47:34

Headers:
Vary                          : Accept-Encoding
Strict-Transport-Security     : max-age=31536000
request-id                    : cae5454f-78cb-4dfb-812d-bdd68ef55a55
client-request-id             : eca58874-faaf-4a53-8cd9-e6373bb7d68e
x-ms-ags-diagnostic           : {"ServerInfo":{"DataCenter":"Japan West","Slice":"E","Ring":"3","ScaleUnit":"001","RoleInstance":"OS1PEPF00013D08"}}
Date                          : Sun, 13 Apr 2025 10:47:34 GMT


[2025-04-13 19:47:35] [WARNING] ユーザー cim-master@mirai-const.co.jp のOneDriveクォータ情報を取得できませんでした: User's mysite not found.

Status: 404 (NotFound)
ErrorCode: ResourceNotFound
Date: 2025-04-13T10:47:35

Headers:
Vary                          : Accept-Encoding
Strict-Transport-Security     : max-age=31536000
request-id                    : dc8aadd7-895e-4563-89cc-7992e73022e6
client-request-id             : 5cc5698f-5095-4ba4-8524-aebe6c873844
x-ms-ags-diagnostic           : {"ServerInfo":{"DataCenter":"Japan West","Slice":"E","Ring":"3","ScaleUnit":"001","RoleInstance":"OS1PEPF00013D08"}}
Date                          : Sun, 13 Apr 2025 10:47:35 GMT


[2025-04-13 19:47:36] [WARNING] ユーザー cim-master07@mirai-const.co.jp のOneDriveクォータ情報を取得できませんでした: User's mysite not found.

Status: 404 (NotFound)
ErrorCode: ResourceNotFound
Date: 2025-04-13T10:47:36

Headers:
Vary                          : Accept-Encoding
Strict-Transport-Security     : max-age=31536000
request-id                    : d64550c3-0f5a-4024-b093-cfa7d7786a22
client-request-id             : bf2a8dab-df64-44d6-a611-1d5e55ebc219
x-ms-ags-diagnostic           : {"ServerInfo":{"DataCenter":"Japan West","Slice":"E","Ring":"3","ScaleUnit":"001","RoleInstance":"OS1PEPF00013D08"}}
Date                          : Sun, 13 Apr 2025 10:47:36 GMT


[2025-04-13 19:47:41] [WARNING] ユーザー tohoku-rakuraku@mirai-const.co.jp のOneDriveクォータ情報を取得できませんでした: User's mysite not found.

Status: 404 (NotFound)
ErrorCode: ResourceNotFound
Date: 2025-04-13T10:47:41

Headers:
Vary                          : Accept-Encoding
Strict-Transport-Security     : max-age=31536000
request-id                    : 9bdfd7a6-3f29-45bc-99df-02878b0c75c1
client-request-id             : a3fbc053-23aa-448e-9abe-ee7247583013
x-ms-ags-diagnostic           : {"ServerInfo":{"DataCenter":"Japan West","Slice":"E","Ring":"3","ScaleUnit":"001","RoleInstance":"OS1PEPF00013D08"}}
Date                          : Sun, 13 Apr 2025 10:47:41 GMT


[2025-04-13 19:47:42] [WARNING] ユーザー cim-master02@mirai-const.co.jp のOneDriveクォータ情報を取得できませんでした: User's mysite not found.

Status: 404 (NotFound)
ErrorCode: ResourceNotFound
Date: 2025-04-13T10:47:42

Headers:
Vary                          : Accept-Encoding
Strict-Transport-Security     : max-age=31536000
request-id                    : 4fdbd025-84f0-4950-bc42-9019f57f1a4d
client-request-id             : 1be94e67-6e15-4dfb-922e-85a703cb0414
x-ms-ags-diagnostic           : {"ServerInfo":{"DataCenter":"Japan West","Slice":"E","Ring":"3","ScaleUnit":"001","RoleInstance":"OS1PEPF00013D08"}}
Date                          : Sun, 13 Apr 2025 10:47:42 GMT


[2025-04-13 19:47:42] [WARNING] ユーザー cim-master09@mirai-const.co.jp のOneDriveクォータ情報を取得できませんでした: User's mysite not found.

Status: 404 (NotFound)
ErrorCode: ResourceNotFound
Date: 2025-04-13T10:47:42

Headers:
Vary                          : Accept-Encoding
Strict-Transport-Security     : max-age=31536000
request-id                    : 6fe777b0-4926-480d-a573-f7f9ddbf93fb
client-request-id             : 95bb16f0-6a17-48e4-aafa-614e1f5ed079
x-ms-ags-diagnostic           : {"ServerInfo":{"DataCenter":"Japan West","Slice":"E","Ring":"3","ScaleUnit":"001","RoleInstance":"OS1PEPF00013D08"}}
Date                          : Sun, 13 Apr 2025 10:47:42 GMT


[2025-04-13 19:47:44] [WARNING] ユーザー s-yoshie@mirai-const.co.jp のOneDriveクォータ情報を取得できませんでした: Method invocation failed because [System.Object[]] does not contain a method named 'op_Division'.
[2025-04-13 19:47:47] [WARNING] ユーザー ibaraki-rakuraku@mirai-const.co.jp のOneDriveクォータ情報を取得できませんでした: User's mysite not found.

Status: 404 (NotFound)
ErrorCode: ResourceNotFound
Date: 2025-04-13T10:47:47

Headers:
Vary                          : Accept-Encoding
Strict-Transport-Security     : max-age=31536000
request-id                    : 6a84ba7b-4026-4563-9be2-3b0522e37deb
client-request-id             : b52cf9f8-7121-47e1-a3ba-47a4c08d4ed6
x-ms-ags-diagnostic           : {"ServerInfo":{"DataCenter":"Japan West","Slice":"E","Ring":"3","ScaleUnit":"001","RoleInstance":"OS1PEPF00013D08"}}
Date                          : Sun, 13 Apr 2025 10:47:47 GMT


[2025-04-13 19:47:48] [WARNING] ユーザー mksystem-alert@miraiconst.onmicrosoft.com のOneDriveクォータ情報を取得できませんでした: User's mysite not found.

Status: 404 (NotFound)
ErrorCode: ResourceNotFound
Date: 2025-04-13T10:47:48

Headers:
Vary                          : Accept-Encoding
Strict-Transport-Security     : max-age=31536000
request-id                    : da511177-0ee7-4256-93ee-95de2a99ef0a
client-request-id             : 8498355e-a015-4aaa-be0f-4d537f9f2495
x-ms-ags-diagnostic           : {"ServerInfo":{"DataCenter":"Japan West","Slice":"E","Ring":"3","ScaleUnit":"001","RoleInstance":"OS1PEPF00013D08"}}
Date                          : Sun, 13 Apr 2025 10:47:48 GMT


[2025-04-13 19:47:50] [WARNING] ユーザー honsya2-2@miraiconst.onmicrosoft.com のOneDriveクォータ情報を取得できませんでした: User's mysite not found.

Status: 404 (NotFound)
ErrorCode: ResourceNotFound
Date: 2025-04-13T10:47:50

Headers:
Vary                          : Accept-Encoding
Strict-Transport-Security     : max-age=31536000
request-id                    : d8ac9288-f5dd-4f38-aec8-7be942eaba4b
client-request-id             : 92b0da78-06ef-4434-80ad-68735c891025
x-ms-ags-diagnostic           : {"ServerInfo":{"DataCenter":"Japan West","Slice":"E","Ring":"3","ScaleUnit":"001","RoleInstance":"OS1PEPF00013D08"}}
Date                          : Sun, 13 Apr 2025 10:47:49 GMT


[2025-04-13 19:47:54] [WARNING] ユーザー m-maruta@mirai-const.co.jp のOneDriveクォータ情報を取得できませんでした: User's mysite not found.

Status: 404 (NotFound)
ErrorCode: ResourceNotFound
Date: 2025-04-13T10:47:54

Headers:
Vary                          : Accept-Encoding
Strict-Transport-Security     : max-age=31536000
request-id                    : 6a053f41-09ae-4501-9264-c5b641cdba2c
client-request-id             : 44bf9289-b64e-4e23-8a95-aad2d93c63f3
x-ms-ags-diagnostic           : {"ServerInfo":{"DataCenter":"Japan West","Slice":"E","Ring":"3","ScaleUnit":"001","RoleInstance":"OS1PEPF00013D08"}}
Date                          : Sun, 13 Apr 2025 10:47:54 GMT


[2025-04-13 19:47:57] [WARNING] ユーザー netis@miraiconst.onmicrosoft.com のOneDriveクォータ情報を取得できませんでした: User's mysite not found.

Status: 404 (NotFound)
ErrorCode: ResourceNotFound
Date: 2025-04-13T10:47:57

Headers:
Vary                          : Accept-Encoding
Strict-Transport-Security     : max-age=31536000
request-id                    : 92d819a1-9281-482b-a10c-0b914282eed9
client-request-id             : bca44245-cf8d-4279-a0e6-a5c62321441c
x-ms-ags-diagnostic           : {"ServerInfo":{"DataCenter":"Japan West","Slice":"E","Ring":"3","ScaleUnit":"001","RoleInstance":"OS1PEPF00013D08"}}
Date                          : Sun, 13 Apr 2025 10:47:57 GMT


[2025-04-13 19:48:00] [WARNING] ユーザー sh-ishihara-old@miraiconst.onmicrosoft.com のOneDriveクォータ情報を取得できませんでした: User's mysite not found.

Status: 404 (NotFound)
ErrorCode: ResourceNotFound
Date: 2025-04-13T10:48:00

Headers:
Vary                          : Accept-Encoding
Strict-Transport-Security     : max-age=31536000
request-id                    : eaa50ecd-d4bc-4633-bb31-26030e09db9e
client-request-id             : c0877bff-eaad-4c3e-9dfe-b0ad01ecd5be
x-ms-ags-diagnostic           : {"ServerInfo":{"DataCenter":"Japan West","Slice":"E","Ring":"3","ScaleUnit":"001","RoleInstance":"OS1PEPF00013D08"}}
Date                          : Sun, 13 Apr 2025 10:47:59 GMT


[2025-04-13 19:48:02] [WARNING] ユーザー y-ueno@mirai-const.co.jp のOneDriveクォータ情報を取得できませんでした: User's mysite not found.

Status: 404 (NotFound)
ErrorCode: ResourceNotFound
Date: 2025-04-13T10:48:02

Headers:
Vary                          : Accept-Encoding
Strict-Transport-Security     : max-age=31536000
request-id                    : 3e77a773-a87d-4b9e-b28f-f94e29fc8b3a
client-request-id             : 15f7eec0-3b82-4f3a-8657-5317bc5c8d97
x-ms-ags-diagnostic           : {"ServerInfo":{"DataCenter":"Japan West","Slice":"E","Ring":"3","ScaleUnit":"001","RoleInstance":"OS1PEPF00013D08"}}
Date                          : Sun, 13 Apr 2025 10:48:02 GMT


[2025-04-13 19:48:04] [WARNING] ユーザー osaka-rakuraku@mirai-const.co.jp のOneDriveクォータ情報を取得できませんでした: User's mysite not found.

Status: 404 (NotFound)
ErrorCode: ResourceNotFound
Date: 2025-04-13T10:48:04

Headers:
Vary                          : Accept-Encoding
Strict-Transport-Security     : max-age=31536000
request-id                    : 072dda7b-2c23-446e-afda-21bc77205388
client-request-id             : 0f6388c5-2eaf-48a8-a9a2-c8d09ab808bd
x-ms-ags-diagnostic           : {"ServerInfo":{"DataCenter":"Japan West","Slice":"E","Ring":"3","ScaleUnit":"001","RoleInstance":"OS1PEPF00013D08"}}
Date                          : Sun, 13 Apr 2025 10:48:03 GMT


[2025-04-13 19:48:04] [WARNING] ユーザー apple-id@miraiconst.onmicrosoft.com のOneDriveクォータ情報を取得できませんでした: User's mysite not found.

Status: 404 (NotFound)
ErrorCode: ResourceNotFound
Date: 2025-04-13T10:48:04

Headers:
Vary                          : Accept-Encoding
Strict-Transport-Security     : max-age=31536000
request-id                    : 8ec2181f-d578-420c-8005-f8885b731e7a
client-request-id             : de1440a5-c92f-47a5-a807-1cd8632de0c4
x-ms-ags-diagnostic           : {"ServerInfo":{"DataCenter":"Japan West","Slice":"E","Ring":"3","ScaleUnit":"001","RoleInstance":"OS1PEPF00013D08"}}
Date                          : Sun, 13 Apr 2025 10:48:04 GMT


[2025-04-13 19:48:05] [WARNING] ユーザー okinawa@miraiconst.onmicrosoft.com のOneDriveクォータ情報を取得できませんでした: User's mysite not found.

Status: 404 (NotFound)
ErrorCode: ResourceNotFound
Date: 2025-04-13T10:48:05

Headers:
Vary                          : Accept-Encoding
Strict-Transport-Security     : max-age=31536000
request-id                    : 0bbcebd0-a1b6-4daa-9f80-259277da0d8e
client-request-id             : c8f68644-a503-4b95-8c02-0c971fabd2b5
x-ms-ags-diagnostic           : {"ServerInfo":{"DataCenter":"Japan West","Slice":"E","Ring":"3","ScaleUnit":"001","RoleInstance":"OS1PEPF00013D08"}}
Date                          : Sun, 13 Apr 2025 10:48:05 GMT


[2025-04-13 19:48:13] [WARNING] ユーザー ki-fujita_mitsuifudosan.co.jp#EXT#@miraiconst.onmicrosoft.com のOneDriveクォータ情報を取得できませんでした: User's mysite not found.

Status: 404 (NotFound)
ErrorCode: ResourceNotFound
Date: 2025-04-13T10:48:13

Headers:
Vary                          : Accept-Encoding
Strict-Transport-Security     : max-age=31536000
request-id                    : d964d9a6-450e-431a-afe4-b7c1184cfa5a
client-request-id             : 967e0696-c11e-48dc-bcf2-112d1569509d
x-ms-ags-diagnostic           : {"ServerInfo":{"DataCenter":"Japan West","Slice":"E","Ring":"3","ScaleUnit":"001","RoleInstance":"OS1PEPF00013D08"}}
Date                          : Sun, 13 Apr 2025 10:48:13 GMT


[2025-04-13 19:48:14] [WARNING] ユーザー shikoku-rakuraku@mirai-const.co.jp のOneDriveクォータ情報を取得できませんでした: User's mysite not found.

Status: 404 (NotFound)
ErrorCode: ResourceNotFound
Date: 2025-04-13T10:48:14

Headers:
Vary                          : Accept-Encoding
Strict-Transport-Security     : max-age=31536000
request-id                    : 7eace0ba-7236-4dbf-9f40-def6c5b57611
client-request-id             : 6b9de62b-cde3-44b8-b6d2-2eb0f2abd7aa
x-ms-ags-diagnostic           : {"ServerInfo":{"DataCenter":"Japan West","Slice":"E","Ring":"3","ScaleUnit":"001","RoleInstance":"OS1PEPF00013D08"}}
Date                          : Sun, 13 Apr 2025 10:48:14 GMT


[2025-04-13 19:48:16] [WARNING] ユーザー kanri-tokyo@mirai-const.co.jp のOneDriveクォータ情報を取得できませんでした: User's mysite not found.

Status: 404 (NotFound)
ErrorCode: ResourceNotFound
Date: 2025-04-13T10:48:16

Headers:
Vary                          : Accept-Encoding
Strict-Transport-Security     : max-age=31536000
request-id                    : 000fb1c0-fa5d-4fa2-a815-f2c500bb38c4
client-request-id             : e916700b-6909-4612-a271-543d829b95e5
x-ms-ags-diagnostic           : {"ServerInfo":{"DataCenter":"Japan West","Slice":"E","Ring":"3","ScaleUnit":"001","RoleInstance":"OS1PEPF00013D08"}}
Date                          : Sun, 13 Apr 2025 10:48:16 GMT


[2025-04-13 19:48:20] [WARNING] ユーザー bid-info05m@mirai-const.co.jp のOneDriveクォータ情報を取得できませんでした: User's mysite not found.

Status: 404 (NotFound)
ErrorCode: ResourceNotFound
Date: 2025-04-13T10:48:20

Headers:
Vary                          : Accept-Encoding
Strict-Transport-Security     : max-age=31536000
request-id                    : af4e43d7-01cb-48d2-b9c2-07c93cf883e1
client-request-id             : 23f04cc6-a99a-4ff5-859c-55f35f70cccf
x-ms-ags-diagnostic           : {"ServerInfo":{"DataCenter":"Japan West","Slice":"E","Ring":"3","ScaleUnit":"001","RoleInstance":"OS1PEPF00013D08"}}
Date                          : Sun, 13 Apr 2025 10:48:20 GMT


[2025-04-13 19:48:22] [WARNING] ユーザー cim-master12@mirai-const.co.jp のOneDriveクォータ情報を取得できませんでした: User's mysite not found.

Status: 404 (NotFound)
ErrorCode: ResourceNotFound
Date: 2025-04-13T10:48:22

Headers:
Vary                          : Accept-Encoding
Strict-Transport-Security     : max-age=31536000
request-id                    : d65ecf18-c465-40e8-a057-f9ab65d291e3
client-request-id             : d54eadfa-d3d0-4ac4-b2d7-2e4a6661fd2f
x-ms-ags-diagnostic           : {"ServerInfo":{"DataCenter":"Japan West","Slice":"E","Ring":"3","ScaleUnit":"001","RoleInstance":"OS1PEPF00013D08"}}
Date                          : Sun, 13 Apr 2025 10:48:22 GMT


[2025-04-13 19:48:23] [WARNING] ユーザー m-chugoku@miraiconst.onmicrosoft.com のOneDriveクォータ情報を取得できませんでした: User's mysite not found.

Status: 404 (NotFound)
ErrorCode: ResourceNotFound
Date: 2025-04-13T10:48:23

Headers:
Vary                          : Accept-Encoding
Strict-Transport-Security     : max-age=31536000
request-id                    : 4292377a-6d91-4291-bec8-8b24691f6f52
client-request-id             : e2e1045d-3f70-4007-9bd6-515b5dbac7d9
x-ms-ags-diagnostic           : {"ServerInfo":{"DataCenter":"Japan West","Slice":"E","Ring":"3","ScaleUnit":"001","RoleInstance":"OS1PEPF00013D08"}}
Date                          : Sun, 13 Apr 2025 10:48:22 GMT


[2025-04-13 19:48:23] [WARNING] ユーザー mirai-zoom@miraiconst.onmicrosoft.com のOneDriveクォータ情報を取得できませんでした: User's mysite not found.

Status: 404 (NotFound)
ErrorCode: ResourceNotFound
Date: 2025-04-13T10:48:23

Headers:
Vary                          : Accept-Encoding
Strict-Transport-Security     : max-age=31536000
request-id                    : e799872f-5c81-4405-bea6-ba191f142474
client-request-id             : c2b2144a-e511-4ab9-a235-1d0497c635a2
x-ms-ags-diagnostic           : {"ServerInfo":{"DataCenter":"Japan West","Slice":"E","Ring":"3","ScaleUnit":"001","RoleInstance":"OS1PEPF000053D0"}}
Date                          : Sun, 13 Apr 2025 10:48:23 GMT


[2025-04-13 19:48:26] [WARNING] ユーザー cim-master11@mirai-const.co.jp のOneDriveクォータ情報を取得できませんでした: User's mysite not found.

Status: 404 (NotFound)
ErrorCode: ResourceNotFound
Date: 2025-04-13T10:48:26

Headers:
Vary                          : Accept-Encoding
Strict-Transport-Security     : max-age=31536000
request-id                    : 217623b7-b74e-4974-ab49-1b392c81d9e6
client-request-id             : 22523607-db08-490d-9ead-c51fb5e1bd9c
x-ms-ags-diagnostic           : {"ServerInfo":{"DataCenter":"Japan West","Slice":"E","Ring":"3","ScaleUnit":"001","RoleInstance":"OS1PEPF000053D0"}}
Date                          : Sun, 13 Apr 2025 10:48:25 GMT


[2025-04-13 19:48:30] [WARNING] ユーザー compliance-hotline@miraiconst.onmicrosoft.com のOneDriveクォータ情報を取得できませんでした: User's mysite not found.

Status: 404 (NotFound)
ErrorCode: ResourceNotFound
Date: 2025-04-13T10:48:30

Headers:
Vary                          : Accept-Encoding
Strict-Transport-Security     : max-age=31536000
request-id                    : d35679e0-91bc-4e62-b475-be61342d6041
client-request-id             : 50f9b910-1d74-4df6-bc6c-1f0541992e41
x-ms-ags-diagnostic           : {"ServerInfo":{"DataCenter":"Japan West","Slice":"E","Ring":"3","ScaleUnit":"001","RoleInstance":"OS1PEPF000053D0"}}
Date                          : Sun, 13 Apr 2025 10:48:29 GMT


[2025-04-13 19:48:30] [WARNING] ユーザー takuro.kumada_aaconst.co.jp#EXT#@miraiconst.onmicrosoft.com のOneDriveクォータ情報を取得できませんでした: User's mysite not found.

Status: 404 (NotFound)
ErrorCode: ResourceNotFound
Date: 2025-04-13T10:48:30

Headers:
Vary                          : Accept-Encoding
Strict-Transport-Security     : max-age=31536000
request-id                    : 8a8482f1-a622-4da0-9654-3e4c40b20e9f
client-request-id             : c658cbda-b25e-4123-80c7-c7f55abc4b50
x-ms-ags-diagnostic           : {"ServerInfo":{"DataCenter":"Japan West","Slice":"E","Ring":"3","ScaleUnit":"001","RoleInstance":"OS1PEPF000053D0"}}
Date                          : Sun, 13 Apr 2025 10:48:29 GMT


[2025-04-13 19:48:33] [WARNING] ユーザー chiba-rakuraku@mirai-const.co.jp のOneDriveクォータ情報を取得できませんでした: User's mysite not found.

Status: 404 (NotFound)
ErrorCode: ResourceNotFound
Date: 2025-04-13T10:48:33

Headers:
Vary                          : Accept-Encoding
Strict-Transport-Security     : max-age=31536000
request-id                    : 8a70cc27-9f50-4ca9-9477-b47e20491587
client-request-id             : e7d2f266-422a-4ec3-9165-81aa599461e0
x-ms-ags-diagnostic           : {"ServerInfo":{"DataCenter":"Japan West","Slice":"E","Ring":"3","ScaleUnit":"001","RoleInstance":"OS1PEPF000053D0"}}
Date                          : Sun, 13 Apr 2025 10:48:32 GMT


[2025-04-13 19:48:33] [WARNING] ユーザー h_kawamura_cdit.or.jp#EXT#@miraiconst.onmicrosoft.com のOneDriveクォータ情報を取得できませんでした: User's mysite not found.

Status: 404 (NotFound)
ErrorCode: ResourceNotFound
Date: 2025-04-13T10:48:33

Headers:
Vary                          : Accept-Encoding
Strict-Transport-Security     : max-age=31536000
request-id                    : f4ae333f-623a-4f91-b5e1-3dcf8046fb0a
client-request-id             : 261dd035-f85f-4760-9dc0-7a371e871475
x-ms-ags-diagnostic           : {"ServerInfo":{"DataCenter":"Japan West","Slice":"E","Ring":"3","ScaleUnit":"001","RoleInstance":"OS1PEPF000053D0"}}
Date                          : Sun, 13 Apr 2025 10:48:32 GMT


[2025-04-13 19:48:35] [WARNING] ユーザー y-kamei@mirai-const.co.jp のOneDriveクォータ情報を取得できませんでした: Method invocation failed because [System.Object[]] does not contain a method named 'op_Division'.
[2025-04-13 19:48:35] [WARNING] ユーザー bid-info03m@mirai-const.co.jp のOneDriveクォータ情報を取得できませんでした: User's mysite not found.

Status: 404 (NotFound)
ErrorCode: ResourceNotFound
Date: 2025-04-13T10:48:35

Headers:
Vary                          : Accept-Encoding
Strict-Transport-Security     : max-age=31536000
request-id                    : e0e3ed35-1daa-4617-ac6e-e96e8d0bed3a
client-request-id             : 6f5c38f0-55b8-49ee-8e76-d63e667b9237
x-ms-ags-diagnostic           : {"ServerInfo":{"DataCenter":"Japan West","Slice":"E","Ring":"3","ScaleUnit":"001","RoleInstance":"OS1PEPF000053D0"}}
Date                          : Sun, 13 Apr 2025 10:48:35 GMT


[2025-04-13 19:48:36] [WARNING] ユーザー hokkaido-rakuraku@mirai-const.co.jp のOneDriveクォータ情報を取得できませんでした: User's mysite not found.

Status: 404 (NotFound)
ErrorCode: ResourceNotFound
Date: 2025-04-13T10:48:36

Headers:
Vary                          : Accept-Encoding
Strict-Transport-Security     : max-age=31536000
request-id                    : fbc1074d-da60-4e33-af80-5d58a52f3120
client-request-id             : 3f80edd0-7a66-49b7-8938-05519c784a07
x-ms-ags-diagnostic           : {"ServerInfo":{"DataCenter":"Japan West","Slice":"E","Ring":"3","ScaleUnit":"001","RoleInstance":"OS1PEPF000053D0"}}
Date                          : Sun, 13 Apr 2025 10:48:35 GMT


[2025-04-13 19:48:37] [WARNING] ユーザー hp-kanri@miraiconst.onmicrosoft.com のOneDriveクォータ情報を取得できませんでした: User's mysite not found.

Status: 404 (NotFound)
ErrorCode: ResourceNotFound
Date: 2025-04-13T10:48:37

Headers:
Vary                          : Accept-Encoding
Strict-Transport-Security     : max-age=31536000
request-id                    : 1384d2a6-3fa0-4ad1-97a8-7ab3d17829e1
client-request-id             : 957a7e14-71d8-4055-b5e5-49dc49799714
x-ms-ags-diagnostic           : {"ServerInfo":{"DataCenter":"Japan West","Slice":"E","Ring":"3","ScaleUnit":"001","RoleInstance":"OS1PEPF000053D0"}}
Date                          : Sun, 13 Apr 2025 10:48:37 GMT


[2025-04-13 19:48:41] [WARNING] ユーザー e-watanabe@miraiconst.onmicrosoft.com のOneDriveクォータ情報を取得できませんでした: User's mysite not found.

Status: 404 (NotFound)
ErrorCode: ResourceNotFound
Date: 2025-04-13T10:48:41

Headers:
Vary                          : Accept-Encoding
Strict-Transport-Security     : max-age=31536000
request-id                    : f39696e4-fb3e-45cb-a289-da4eafef03d4
client-request-id             : af38b510-e431-496e-ae1e-50c3674f2d63
x-ms-ags-diagnostic           : {"ServerInfo":{"DataCenter":"Japan West","Slice":"E","Ring":"3","ScaleUnit":"001","RoleInstance":"OS1PEPF000053D0"}}
Date                          : Sun, 13 Apr 2025 10:48:41 GMT


[2025-04-13 19:48:42] [WARNING] ユーザー n-sunako@mirai-const.co.jp のOneDriveクォータ情報を取得できませんでした: Method invocation failed because [System.Object[]] does not contain a method named 'op_Division'.
[2025-04-13 19:48:42] [INFO] ユーザー n-sunako@mirai-const.co.jp のroleTemplateId: 69091246-20e8-4a56-aa4d-066075b2a7a8
[2025-04-13 19:48:42] [INFO] ユーザー n-sunako@mirai-const.co.jp は管理者ロール: 69091246-20e8-4a56-aa4d-066075b2a7a8
[2025-04-13 19:48:43] [WARNING] ユーザー yamasaki-s89fa_mlit.go.jp#EXT#@miraiconst.onmicrosoft.com のOneDriveクォータ情報を取得できませんでした: User's mysite not found.

Status: 404 (NotFound)
ErrorCode: ResourceNotFound
Date: 2025-04-13T10:48:43

Headers:
Vary                          : Accept-Encoding
Strict-Transport-Security     : max-age=31536000
request-id                    : 5a390941-3665-4b7a-85c2-df8e2f718dfe
client-request-id             : 681b4b10-b4a3-4764-b53c-7697c9dd3b3f
x-ms-ags-diagnostic           : {"ServerInfo":{"DataCenter":"Japan West","Slice":"E","Ring":"3","ScaleUnit":"001","RoleInstance":"OS1PEPF000053D0"}}
Date                          : Sun, 13 Apr 2025 10:48:42 GMT


[2025-04-13 19:48:46] [WARNING] ユーザー mail-info@miraiconst.onmicrosoft.com のOneDriveクォータ情報を取得できませんでした: User's mysite not found.

Status: 404 (NotFound)
ErrorCode: ResourceNotFound
Date: 2025-04-13T10:48:46

Headers:
Vary                          : Accept-Encoding
Strict-Transport-Security     : max-age=31536000
request-id                    : 647ed5e1-2ffa-4af3-bd00-734cb3ac2754
client-request-id             : a44f7000-403a-4277-82ad-f1c475c8cee9
x-ms-ags-diagnostic           : {"ServerInfo":{"DataCenter":"Japan West","Slice":"E","Ring":"3","ScaleUnit":"001","RoleInstance":"OS1PEPF000053D0"}}
Date                          : Sun, 13 Apr 2025 10:48:45 GMT


[2025-04-13 19:48:48] [WARNING] ユーザー k-tomioka@mirai-const.co.jp のOneDriveクォータ情報を取得できませんでした: Method invocation failed because [System.Object[]] does not contain a method named 'op_Division'.
[2025-04-13 19:48:50] [WARNING] ユーザー bid-info07m@mirai-const.co.jp のOneDriveクォータ情報を取得できませんでした: User's mysite not found.

Status: 404 (NotFound)
ErrorCode: ResourceNotFound
Date: 2025-04-13T10:48:50

Headers:
Vary                          : Accept-Encoding
Strict-Transport-Security     : max-age=31536000
request-id                    : e8f3aad1-28f9-4e16-ad37-a15c196ecd49
client-request-id             : 5a65f0d9-a9e7-40ef-b10d-6f4b18def6ae
x-ms-ags-diagnostic           : {"ServerInfo":{"DataCenter":"Japan West","Slice":"E","Ring":"3","ScaleUnit":"001","RoleInstance":"OS1PEPF000053D0"}}
Date                          : Sun, 13 Apr 2025 10:48:49 GMT


[2025-04-13 19:48:53] [WARNING] ユーザー cim-master08@mirai-const.co.jp のOneDriveクォータ情報を取得できませんでした: User's mysite not found.

Status: 404 (NotFound)
ErrorCode: ResourceNotFound
Date: 2025-04-13T10:48:53

Headers:
Vary                          : Accept-Encoding
Strict-Transport-Security     : max-age=31536000
request-id                    : 381b9aa9-9c36-4f43-8eb9-cdc92f157e8f
client-request-id             : 15c1e5f3-3e07-43e6-a31c-8930b8b341cb
x-ms-ags-diagnostic           : {"ServerInfo":{"DataCenter":"Japan West","Slice":"E","Ring":"3","ScaleUnit":"001","RoleInstance":"OS1PEPF000053D0"}}
Date                          : Sun, 13 Apr 2025 10:48:52 GMT


[2025-04-13 19:48:54] [WARNING] ユーザー y-tsuzuki@mirai-const.co.jp のOneDriveクォータ情報を取得できませんでした: User's mysite not found.

Status: 404 (NotFound)
ErrorCode: ResourceNotFound
Date: 2025-04-13T10:48:54

Headers:
Vary                          : Accept-Encoding
Strict-Transport-Security     : max-age=31536000
request-id                    : d4a958a2-428a-4e90-af5c-9fbaeda9fe90
client-request-id             : b7397240-9f7a-42ed-8a24-ec1d308718d1
x-ms-ags-diagnostic           : {"ServerInfo":{"DataCenter":"Japan West","Slice":"E","Ring":"3","ScaleUnit":"001","RoleInstance":"OS1PEPF000053D0"}}
Date                          : Sun, 13 Apr 2025 10:48:54 GMT


[2025-04-13 19:48:55] [WARNING] ユーザー m-info@miraiconst.onmicrosoft.com のOneDriveクォータ情報を取得できませんでした: User's mysite not found.

Status: 404 (NotFound)
ErrorCode: ResourceNotFound
Date: 2025-04-13T10:48:55

Headers:
Vary                          : Accept-Encoding
Strict-Transport-Security     : max-age=31536000
request-id                    : f910ab99-85a6-44e0-8953-dd61b6b0a2eb
client-request-id             : 5bd42018-dae7-406e-b5de-6a656630eda3
x-ms-ags-diagnostic           : {"ServerInfo":{"DataCenter":"Japan West","Slice":"E","Ring":"3","ScaleUnit":"001","RoleInstance":"OS1PEPF000053D0"}}
Date                          : Sun, 13 Apr 2025 10:48:54 GMT


[2025-04-13 19:48:57] [WARNING] ユーザー hokkaido@miraiconst.onmicrosoft.com のOneDriveクォータ情報を取得できませんでした: User's mysite not found.

Status: 404 (NotFound)
ErrorCode: ResourceNotFound
Date: 2025-04-13T10:48:57

Headers:
Vary                          : Accept-Encoding
Strict-Transport-Security     : max-age=31536000
request-id                    : 31fd14ea-7253-4982-8c1d-5cf5eec00eed
client-request-id             : 69f69082-be16-4723-ab14-1844c943d00b
x-ms-ags-diagnostic           : {"ServerInfo":{"DataCenter":"Japan West","Slice":"E","Ring":"3","ScaleUnit":"001","RoleInstance":"OS1PEPF000053D0"}}
Date                          : Sun, 13 Apr 2025 10:48:56 GMT


[2025-04-13 19:48:57] [WARNING] ユーザー yokohama-rakuraku@mirai-const.co.jp のOneDriveクォータ情報を取得できませんでした: User's mysite not found.

Status: 404 (NotFound)
ErrorCode: ResourceNotFound
Date: 2025-04-13T10:48:57

Headers:
Vary                          : Accept-Encoding
Strict-Transport-Security     : max-age=31536000
request-id                    : d9b0af27-1a6b-450a-b036-1fad2b16f2c0
client-request-id             : 5fd1380b-04f2-4bdd-a26f-f4a2750c4594
x-ms-ags-diagnostic           : {"ServerInfo":{"DataCenter":"Japan West","Slice":"E","Ring":"3","ScaleUnit":"001","RoleInstance":"OS1PEPF000053D0"}}
Date                          : Sun, 13 Apr 2025 10:48:56 GMT


[2025-04-13 19:48:58] [WARNING] ユーザー keieikikaku@miraiconst.onmicrosoft.com のOneDriveクォータ情報を取得できませんでした: User's mysite not found.

Status: 404 (NotFound)
ErrorCode: ResourceNotFound
Date: 2025-04-13T10:48:58

Headers:
Vary                          : Accept-Encoding
Strict-Transport-Security     : max-age=31536000
request-id                    : 448dd2e8-7063-48fc-a3bf-f1119983ca0a
client-request-id             : 89e1f0a6-8d37-4909-b3c6-0a9f3cf22230
x-ms-ags-diagnostic           : {"ServerInfo":{"DataCenter":"Japan West","Slice":"E","Ring":"3","ScaleUnit":"001","RoleInstance":"OS1PEPF000053D0"}}
Date                          : Sun, 13 Apr 2025 10:48:58 GMT


[2025-04-13 19:49:00] [WARNING] ユーザー bid-info11m@mirai-const.co.jp のOneDriveクォータ情報を取得できませんでした: User's mysite not found.

Status: 404 (NotFound)
ErrorCode: ResourceNotFound
Date: 2025-04-13T10:49:00

Headers:
Vary                          : Accept-Encoding
Strict-Transport-Security     : max-age=31536000
request-id                    : e4bd121a-5ef5-4228-bbc4-1e3ce4cc7212
client-request-id             : c964f154-8c52-49fb-8c93-df28d4626311
x-ms-ags-diagnostic           : {"ServerInfo":{"DataCenter":"Japan West","Slice":"E","Ring":"3","ScaleUnit":"001","RoleInstance":"OS1PEPF000053D0"}}
Date                          : Sun, 13 Apr 2025 10:48:59 GMT


[2025-04-13 19:49:01] [WARNING] ユーザー bid-info08m@mirai-const.co.jp のOneDriveクォータ情報を取得できませんでした: User's mysite not found.

Status: 404 (NotFound)
ErrorCode: ResourceNotFound
Date: 2025-04-13T10:49:01

Headers:
Vary                          : Accept-Encoding
Strict-Transport-Security     : max-age=31536000
request-id                    : f79cd207-ed9f-414a-9d41-f31cd6d86612
client-request-id             : 06993b0f-e006-4660-a579-e6028ffc53df
x-ms-ags-diagnostic           : {"ServerInfo":{"DataCenter":"Japan West","Slice":"E","Ring":"3","ScaleUnit":"001","RoleInstance":"OS1PEPF000053D0"}}
Date                          : Sun, 13 Apr 2025 10:49:00 GMT


[2025-04-13 19:49:02] [WARNING] ユーザー cim-master16@mirai-const.co.jp のOneDriveクォータ情報を取得できませんでした: User's mysite not found.

Status: 404 (NotFound)
ErrorCode: ResourceNotFound
Date: 2025-04-13T10:49:02

Headers:
Vary                          : Accept-Encoding
Strict-Transport-Security     : max-age=31536000
request-id                    : f0db5559-9cfc-41a2-abe4-2ab51c64f003
client-request-id             : 4a1b8253-038c-4ebe-baff-06d5a53ec05d
x-ms-ags-diagnostic           : {"ServerInfo":{"DataCenter":"Japan West","Slice":"E","Ring":"3","ScaleUnit":"001","RoleInstance":"OS1PEPF000053D0"}}
Date                          : Sun, 13 Apr 2025 10:49:01 GMT


[2025-04-13 19:49:03] [WARNING] ユーザー cim-master06@mirai-const.co.jp のOneDriveクォータ情報を取得できませんでした: User's mysite not found.

Status: 404 (NotFound)
ErrorCode: ResourceNotFound
Date: 2025-04-13T10:49:03

Headers:
Vary                          : Accept-Encoding
Strict-Transport-Security     : max-age=31536000
request-id                    : fdd91e88-c9c1-4566-9978-2e05fc4432d5
client-request-id             : 870b5b22-89af-4659-b06f-557e202ad474
x-ms-ags-diagnostic           : {"ServerInfo":{"DataCenter":"Japan West","Slice":"E","Ring":"3","ScaleUnit":"001","RoleInstance":"OS1PEPF000053D0"}}
Date                          : Sun, 13 Apr 2025 10:49:03 GMT


[2025-04-13 19:49:06] [WARNING] ユーザー S.Nagano_otsuka-shokai.co.jp#EXT#@miraiconst.onmicrosoft.com のOneDriveクォータ情報を取得できませんでした: User's mysite not found.

Status: 404 (NotFound)
ErrorCode: ResourceNotFound
Date: 2025-04-13T10:49:06

Headers:
Vary                          : Accept-Encoding
Strict-Transport-Security     : max-age=31536000
request-id                    : 35752070-3ffa-4d43-8558-f5e82dc434d1
client-request-id             : f407f7e4-3b7c-493c-918c-b361a2c39ad7
x-ms-ags-diagnostic           : {"ServerInfo":{"DataCenter":"Japan West","Slice":"E","Ring":"3","ScaleUnit":"001","RoleInstance":"OS1PEPF000053D0"}}
Date                          : Sun, 13 Apr 2025 10:49:05 GMT


[2025-04-13 19:49:07] [WARNING] ユーザー k-sugimoto@miraiconst.onmicrosoft.com のOneDriveクォータ情報を取得できませんでした: User's mysite not found.

Status: 404 (NotFound)
ErrorCode: ResourceNotFound
Date: 2025-04-13T10:49:06

Headers:
Vary                          : Accept-Encoding
Strict-Transport-Security     : max-age=31536000
request-id                    : 74b14980-00ef-4ef5-a033-9157595bc045
client-request-id             : fdd212d0-ebfa-4f52-b0ef-7caff5d1102d
x-ms-ags-diagnostic           : {"ServerInfo":{"DataCenter":"Japan West","Slice":"E","Ring":"3","ScaleUnit":"001","RoleInstance":"OS1PEPF000053D0"}}
Date                          : Sun, 13 Apr 2025 10:49:06 GMT


[2025-04-13 19:49:07] [WARNING] ユーザー kita-kyushu@miraiconst.onmicrosoft.com のOneDriveクォータ情報を取得できませんでした: User's mysite not found.

Status: 404 (NotFound)
ErrorCode: ResourceNotFound
Date: 2025-04-13T10:49:07

Headers:
Vary                          : Accept-Encoding
Strict-Transport-Security     : max-age=31536000
request-id                    : 9b12e6c5-622e-4335-be67-767888028181
client-request-id             : f4062779-adc6-45eb-a23c-91ae58c3d330
x-ms-ags-diagnostic           : {"ServerInfo":{"DataCenter":"Japan West","Slice":"E","Ring":"3","ScaleUnit":"001","RoleInstance":"OS1PEPF000053D0"}}
Date                          : Sun, 13 Apr 2025 10:49:06 GMT


[2025-04-13 19:49:09] [WARNING] ユーザー bid-info@mirai-const.co.jp のOneDriveクォータ情報を取得できませんでした: User's mysite not found.

Status: 404 (NotFound)
ErrorCode: ResourceNotFound
Date: 2025-04-13T10:49:09

Headers:
Vary                          : Accept-Encoding
Strict-Transport-Security     : max-age=31536000
request-id                    : 7226dfbe-4ab8-4ab6-8341-1c5517dcf351
client-request-id             : bce38354-a099-4f4d-83ef-44c99e70e7d4
x-ms-ags-diagnostic           : {"ServerInfo":{"DataCenter":"Japan West","Slice":"E","Ring":"3","ScaleUnit":"001","RoleInstance":"OS1PEPF000053D0"}}
Date                          : Sun, 13 Apr 2025 10:49:08 GMT


[2025-04-13 19:49:09] [WARNING] ユーザー bid-info01m@mirai-const.co.jp のOneDriveクォータ情報を取得できませんでした: User's mysite not found.

Status: 404 (NotFound)
ErrorCode: ResourceNotFound
Date: 2025-04-13T10:49:09

Headers:
Vary                          : Accept-Encoding
Strict-Transport-Security     : max-age=31536000
request-id                    : bd0dfca0-4ff1-4692-8f06-fa33a08ee9a5
client-request-id             : 392abbba-45fc-49ed-9b2a-cfbab8ba72f8
x-ms-ags-diagnostic           : {"ServerInfo":{"DataCenter":"Japan West","Slice":"E","Ring":"3","ScaleUnit":"001","RoleInstance":"OS1PEPF000053D0"}}
Date                          : Sun, 13 Apr 2025 10:49:09 GMT


[2025-04-13 19:49:11] [INFO] ユーザー r-niikura@mirai-const.co.jp のroleTemplateId: 62e90394-69f5-4237-9190-012177145e10
[2025-04-13 19:49:11] [INFO] ユーザー r-niikura@mirai-const.co.jp は管理者ロール: 62e90394-69f5-4237-9190-012177145e10
[2025-04-13 19:49:11] [WARNING] ユーザー zaimu@mirai-const.co.jp のOneDriveクォータ情報を取得できませんでした: User's mysite not found.

Status: 404 (NotFound)
ErrorCode: ResourceNotFound
Date: 2025-04-13T10:49:11

Headers:
Vary                          : Accept-Encoding
Strict-Transport-Security     : max-age=31536000
request-id                    : d1006f58-3b29-4e06-a568-7748ae3e425a
client-request-id             : 2859b1cd-c889-4fa6-93a0-3035e6278369
x-ms-ags-diagnostic           : {"ServerInfo":{"DataCenter":"Japan West","Slice":"E","Ring":"3","ScaleUnit":"001","RoleInstance":"OS1PEPF000053D0"}}
Date                          : Sun, 13 Apr 2025 10:49:10 GMT


[2025-04-13 19:49:12] [INFO] ユーザー k-okada@mirai-const.co.jp のroleTemplateId: 69091246-20e8-4a56-aa4d-066075b2a7a8
[2025-04-13 19:49:12] [INFO] ユーザー k-okada@mirai-const.co.jp は管理者ロール: 69091246-20e8-4a56-aa4d-066075b2a7a8
[2025-04-13 19:49:12] [WARNING] ユーザー cim-master15@mirai-const.co.jp のOneDriveクォータ情報を取得できませんでした: User's mysite not found.

Status: 404 (NotFound)
ErrorCode: ResourceNotFound
Date: 2025-04-13T10:49:12

Headers:
Vary                          : Accept-Encoding
Strict-Transport-Security     : max-age=31536000
request-id                    : 844b2e70-7240-47ce-840e-a4de0aa3ed37
client-request-id             : 33bac365-f691-400f-ae00-6500ee9c1e93
x-ms-ags-diagnostic           : {"ServerInfo":{"DataCenter":"Japan West","Slice":"E","Ring":"3","ScaleUnit":"001","RoleInstance":"OS1PEPF000053D0"}}
Date                          : Sun, 13 Apr 2025 10:49:11 GMT


[2025-04-13 19:49:13] [WARNING] ユーザー ats-watanabe_mitsuifudosan.co.jp#EXT#@miraiconst.onmicrosoft.com のOneDriveクォータ情報を取得できませんでした: User's mysite not found.

Status: 404 (NotFound)
ErrorCode: ResourceNotFound
Date: 2025-04-13T10:49:13

Headers:
Vary                          : Accept-Encoding
Strict-Transport-Security     : max-age=31536000
request-id                    : c1f6a099-6661-4c84-88a2-c090ec830d9b
client-request-id             : 2344a154-16fe-4554-be9a-260fa990f0f3
x-ms-ags-diagnostic           : {"ServerInfo":{"DataCenter":"Japan West","Slice":"E","Ring":"3","ScaleUnit":"001","RoleInstance":"OS1PEPF000053D0"}}
Date                          : Sun, 13 Apr 2025 10:49:12 GMT


[2025-04-13 19:49:14] [WARNING] ユーザー t-kumai@miraiconst.onmicrosoft.com のOneDriveクォータ情報を取得できませんでした: User's mysite not found.

Status: 404 (NotFound)
ErrorCode: ResourceNotFound
Date: 2025-04-13T10:49:14

Headers:
Vary                          : Accept-Encoding
Strict-Transport-Security     : max-age=31536000
request-id                    : cc676733-154b-4f5f-8926-d2380aff7027
client-request-id             : 5e54f835-153c-4994-bbb9-45fa003eecb9
x-ms-ags-diagnostic           : {"ServerInfo":{"DataCenter":"Japan West","Slice":"E","Ring":"3","ScaleUnit":"001","RoleInstance":"OS1PEPF000053D0"}}
Date                          : Sun, 13 Apr 2025 10:49:14 GMT


[2025-04-13 19:49:17] [WARNING] ユーザー bid-info12m@mirai-const.co.jp のOneDriveクォータ情報を取得できませんでした: User's mysite not found.

Status: 404 (NotFound)
ErrorCode: ResourceNotFound
Date: 2025-04-13T10:49:17

Headers:
Vary                          : Accept-Encoding
Strict-Transport-Security     : max-age=31536000
request-id                    : 01c80dd0-f368-41ef-93e3-635b0ac928ce
client-request-id             : 7bb30efb-1840-4f66-b89e-ccb427b6227c
x-ms-ags-diagnostic           : {"ServerInfo":{"DataCenter":"Japan West","Slice":"E","Ring":"3","ScaleUnit":"001","RoleInstance":"OS1PEPF000053D0"}}
Date                          : Sun, 13 Apr 2025 10:49:16 GMT


[2025-04-13 19:49:17] [WARNING] ユーザー cim-master03@mirai-const.co.jp のOneDriveクォータ情報を取得できませんでした: User's mysite not found.

Status: 404 (NotFound)
ErrorCode: ResourceNotFound
Date: 2025-04-13T10:49:17

Headers:
Vary                          : Accept-Encoding
Strict-Transport-Security     : max-age=31536000
request-id                    : 6aeec4b4-270d-4969-bf54-2c30bf59d076
client-request-id             : 29f75b6f-9df0-4d4d-9df5-4fb8652a23a3
x-ms-ags-diagnostic           : {"ServerInfo":{"DataCenter":"Japan West","Slice":"E","Ring":"3","ScaleUnit":"001","RoleInstance":"OS1PEPF000053D0"}}
Date                          : Sun, 13 Apr 2025 10:49:16 GMT


[2025-04-13 19:49:23] [WARNING] ユーザー tech@miraiconst.onmicrosoft.com のOneDriveクォータ情報を取得できませんでした: User's mysite not found.

Status: 404 (NotFound)
ErrorCode: ResourceNotFound
Date: 2025-04-13T10:49:23

Headers:
Vary                          : Accept-Encoding
Strict-Transport-Security     : max-age=31536000
request-id                    : fb7f7738-36bf-4e62-890e-c8c3cd2573d6
client-request-id             : 68fd3954-a467-46c8-9da9-1e0240607e12
x-ms-ags-diagnostic           : {"ServerInfo":{"DataCenter":"Japan West","Slice":"E","Ring":"3","ScaleUnit":"001","RoleInstance":"OS1PEPF000053D0"}}
Date                          : Sun, 13 Apr 2025 10:49:22 GMT


[2025-04-13 19:49:26] [WARNING] ユーザー sketchup@miraiconst.onmicrosoft.com のOneDriveクォータ情報を取得できませんでした: User's mysite not found.

Status: 404 (NotFound)
ErrorCode: ResourceNotFound
Date: 2025-04-13T10:49:26

Headers:
Vary                          : Accept-Encoding
Strict-Transport-Security     : max-age=31536000
request-id                    : a3b9bd5f-0cc7-4f97-ba45-e0f418b697c5
client-request-id             : 307d4395-a2ad-4f22-8c3d-a0af37b4c697
x-ms-ags-diagnostic           : {"ServerInfo":{"DataCenter":"Japan West","Slice":"E","Ring":"3","ScaleUnit":"001","RoleInstance":"OS1PEPF0000566D"}}
Date                          : Sun, 13 Apr 2025 10:49:25 GMT


[2025-04-13 19:49:27] [WARNING] ユーザー y-tajima@mirai-const.co.jp のOneDriveクォータ情報を取得できませんでした: User's mysite not found.

Status: 404 (NotFound)
ErrorCode: ResourceNotFound
Date: 2025-04-13T10:49:27

Headers:
Vary                          : Accept-Encoding
Strict-Transport-Security     : max-age=31536000
request-id                    : 3424d897-3aef-48e1-987e-869305089a2c
client-request-id             : e669279b-7eb8-4550-9def-62307ba9effb
x-ms-ags-diagnostic           : {"ServerInfo":{"DataCenter":"Japan West","Slice":"E","Ring":"3","ScaleUnit":"001","RoleInstance":"OS1PEPF0000566D"}}
Date                          : Sun, 13 Apr 2025 10:49:26 GMT


[2025-04-13 19:49:27] [WARNING] ユーザー kaikei-support@mirai-const.co.jp のOneDriveクォータ情報を取得できませんでした: User's mysite not found.

Status: 404 (NotFound)
ErrorCode: ResourceNotFound
Date: 2025-04-13T10:49:27

Headers:
Vary                          : Accept-Encoding
Strict-Transport-Security     : max-age=31536000
request-id                    : 46b59922-724f-40f7-a49f-0397cd77ce9d
client-request-id             : a5907961-669a-4f8e-9808-318d6924dc7b
x-ms-ags-diagnostic           : {"ServerInfo":{"DataCenter":"Japan West","Slice":"E","Ring":"3","ScaleUnit":"001","RoleInstance":"OS1PEPF0000566D"}}
Date                          : Sun, 13 Apr 2025 10:49:26 GMT


[2025-04-13 19:49:31] [WARNING] ユーザー m-suzuki@mirai-const.co.jp のOneDriveクォータ情報を取得できませんでした: User's mysite not found.

Status: 404 (NotFound)
ErrorCode: ResourceNotFound
Date: 2025-04-13T10:49:31

Headers:
Vary                          : Accept-Encoding
Strict-Transport-Security     : max-age=31536000
request-id                    : ae2622fa-d84b-45ef-93a6-1441f6c60ba0
client-request-id             : b9503e39-0aae-44c9-b93b-577531741ede
x-ms-ags-diagnostic           : {"ServerInfo":{"DataCenter":"Japan West","Slice":"E","Ring":"3","ScaleUnit":"001","RoleInstance":"OS1PEPF0000566D"}}
Date                          : Sun, 13 Apr 2025 10:49:30 GMT


[2025-04-13 19:49:33] [WARNING] ユーザー Sync_AZSV0001_b63ec191406d@miraiconst.onmicrosoft.com のOneDriveクォータ情報を取得できませんでした: User's mysite not found.

Status: 404 (NotFound)
ErrorCode: ResourceNotFound
Date: 2025-04-13T10:49:33

Headers:
Vary                          : Accept-Encoding
Strict-Transport-Security     : max-age=31536000
request-id                    : 07da380d-69e1-4903-a2ff-3d3901971ef3
client-request-id             : 752bc493-44f1-4ac1-9b9e-c2f0fe5f5aee
x-ms-ags-diagnostic           : {"ServerInfo":{"DataCenter":"Japan West","Slice":"E","Ring":"3","ScaleUnit":"001","RoleInstance":"OS1PEPF0000566D"}}
Date                          : Sun, 13 Apr 2025 10:49:32 GMT


[2025-04-13 19:49:34] [INFO] ユーザー Sync_AZSV0001_b63ec191406d@miraiconst.onmicrosoft.com のroleTemplateId: d29b2b05-8046-44ba-8758-1e26182fcf32
[2025-04-13 19:49:34] [WARNING] ユーザー kanri-kyushu@mirai-const.co.jp のOneDriveクォータ情報を取得できませんでした: User's mysite not found.

Status: 404 (NotFound)
ErrorCode: ResourceNotFound
Date: 2025-04-13T10:49:34

Headers:
Vary                          : Accept-Encoding
Strict-Transport-Security     : max-age=31536000
request-id                    : f43bb393-80e3-495f-ab0e-6bf6a25f129c
client-request-id             : 01132191-00c8-42f2-b6da-17a86ad1a4bb
x-ms-ags-diagnostic           : {"ServerInfo":{"DataCenter":"Japan West","Slice":"E","Ring":"3","ScaleUnit":"001","RoleInstance":"OS1PEPF0000566D"}}
Date                          : Sun, 13 Apr 2025 10:49:33 GMT


[2025-04-13 19:49:38] [WARNING] ユーザー bid-info04m@mirai-const.co.jp のOneDriveクォータ情報を取得できませんでした: User's mysite not found.

Status: 404 (NotFound)
ErrorCode: ResourceNotFound
Date: 2025-04-13T10:49:38

Headers:
Vary                          : Accept-Encoding
Strict-Transport-Security     : max-age=31536000
request-id                    : 76478333-38d6-4333-8988-6f2718c9bed8
client-request-id             : 7d034c9c-bf7d-4487-b606-ee27cd322b8d
x-ms-ags-diagnostic           : {"ServerInfo":{"DataCenter":"Japan West","Slice":"E","Ring":"3","ScaleUnit":"001","RoleInstance":"OS1PEPF0000566D"}}
Date                          : Sun, 13 Apr 2025 10:49:38 GMT


[2025-04-13 19:49:40] [WARNING] ユーザー cim-master04@mirai-const.co.jp のOneDriveクォータ情報を取得できませんでした: User's mysite not found.

Status: 404 (NotFound)
ErrorCode: ResourceNotFound
Date: 2025-04-13T10:49:40

Headers:
Vary                          : Accept-Encoding
Strict-Transport-Security     : max-age=31536000
request-id                    : b99b17cc-af0e-467e-a503-fb14e746de50
client-request-id             : be0e9d65-03f1-4314-b374-a36d2bc61c77
x-ms-ags-diagnostic           : {"ServerInfo":{"DataCenter":"Japan West","Slice":"E","Ring":"3","ScaleUnit":"001","RoleInstance":"OS1PEPF0000566D"}}
Date                          : Sun, 13 Apr 2025 10:49:40 GMT


[2025-04-13 19:49:42] [WARNING] ユーザー share@mirai-const.co.jp のOneDriveクォータ情報を取得できませんでした: User's mysite not found.

Status: 404 (NotFound)
ErrorCode: ResourceNotFound
Date: 2025-04-13T10:49:42

Headers:
Vary                          : Accept-Encoding
Strict-Transport-Security     : max-age=31536000
request-id                    : f67b7027-4a2e-4fbb-b327-46eada24acb4
client-request-id             : 919d80ec-edf2-4a02-956a-05391cf4a4cc
x-ms-ags-diagnostic           : {"ServerInfo":{"DataCenter":"Japan West","Slice":"E","Ring":"3","ScaleUnit":"001","RoleInstance":"OS1PEPF0000566D"}}
Date                          : Sun, 13 Apr 2025 10:49:42 GMT


[2025-04-13 19:49:43] [WARNING] ユーザー kitakyushu-rakuraku@mirai-const.co.jp のOneDriveクォータ情報を取得できませんでした: User's mysite not found.

Status: 404 (NotFound)
ErrorCode: ResourceNotFound
Date: 2025-04-13T10:49:43

Headers:
Vary                          : Accept-Encoding
Strict-Transport-Security     : max-age=31536000
request-id                    : 80382b37-a1be-4853-a863-3bf01c549e3f
client-request-id             : 74bb1280-99be-47f4-bfab-d65a34f98b04
x-ms-ags-diagnostic           : {"ServerInfo":{"DataCenter":"Japan West","Slice":"E","Ring":"3","ScaleUnit":"001","RoleInstance":"OS1PEPF0000566D"}}
Date                          : Sun, 13 Apr 2025 10:49:43 GMT


[2025-04-13 19:49:44] [WARNING] ユーザー amazon-biz@mirai-const.co.jp のOneDriveクォータ情報を取得できませんでした: User's mysite not found.

Status: 404 (NotFound)
ErrorCode: ResourceNotFound
Date: 2025-04-13T10:49:44

Headers:
Vary                          : Accept-Encoding
Strict-Transport-Security     : max-age=31536000
request-id                    : 745324e3-999a-41bd-a58c-e11f7c0bccfa
client-request-id             : 5191ada3-0b09-46c4-a6f0-bc78317c93c6
x-ms-ags-diagnostic           : {"ServerInfo":{"DataCenter":"Japan West","Slice":"E","Ring":"3","ScaleUnit":"001","RoleInstance":"OS1PEPF0000566D"}}
Date                          : Sun, 13 Apr 2025 10:49:44 GMT


[2025-04-13 19:49:47] [WARNING] ユーザー k-hirabayashi@mirai-const.co.jp のOneDriveクォータ情報を取得できませんでした: User's mysite not found.

Status: 404 (NotFound)
ErrorCode: ResourceNotFound
Date: 2025-04-13T10:49:47

Headers:
Vary                          : Accept-Encoding
Strict-Transport-Security     : max-age=31536000
request-id                    : cf95a31d-ca9a-48d3-9343-8866c8e9d9a8
client-request-id             : eb02d4d1-786b-4af0-9896-2694c452ad83
x-ms-ags-diagnostic           : {"ServerInfo":{"DataCenter":"Japan West","Slice":"E","Ring":"3","ScaleUnit":"001","RoleInstance":"OS1PEPF0000566D"}}
Date                          : Sun, 13 Apr 2025 10:49:47 GMT


[2025-04-13 19:49:48] [WARNING] ユーザー shizuoka-rakuraku@mirai-const.co.jp のOneDriveクォータ情報を取得できませんでした: User's mysite not found.

Status: 404 (NotFound)
ErrorCode: ResourceNotFound
Date: 2025-04-13T10:49:48

Headers:
Vary                          : Accept-Encoding
Strict-Transport-Security     : max-age=31536000
request-id                    : 8320d228-0fca-4e25-b7ca-382e03ad193c
client-request-id             : 4da4df28-31a4-456c-bfcc-65636e7371da
x-ms-ags-diagnostic           : {"ServerInfo":{"DataCenter":"Japan West","Slice":"E","Ring":"3","ScaleUnit":"001","RoleInstance":"OS1PEPF0000566D"}}
Date                          : Sun, 13 Apr 2025 10:49:47 GMT


[2025-04-13 19:49:49] [WARNING] ユーザー tokyokouji-rakuraku@mirai-const.co.jp のOneDriveクォータ情報を取得できませんでした: User's mysite not found.

Status: 404 (NotFound)
ErrorCode: ResourceNotFound
Date: 2025-04-13T10:49:49

Headers:
Vary                          : Accept-Encoding
Strict-Transport-Security     : max-age=31536000
request-id                    : adebeaec-b290-4bb0-ab35-712c3ef83728
client-request-id             : ab7e4174-bb52-4fbc-98c7-1f9e37775176
x-ms-ags-diagnostic           : {"ServerInfo":{"DataCenter":"Japan West","Slice":"E","Ring":"3","ScaleUnit":"001","RoleInstance":"OS1PEPF0000566D"}}
Date                          : Sun, 13 Apr 2025 10:49:49 GMT


[2025-04-13 19:49:52] [WARNING] ユーザー honsya2-1@miraiconst.onmicrosoft.com のOneDriveクォータ情報を取得できませんでした: User's mysite not found.

Status: 404 (NotFound)
ErrorCode: ResourceNotFound
Date: 2025-04-13T10:49:52

Headers:
Vary                          : Accept-Encoding
Strict-Transport-Security     : max-age=31536000
request-id                    : e33bbf54-edc6-4e03-bd34-63489c60893a
client-request-id             : e110bef7-881c-41b5-86ff-4174f9960948
x-ms-ags-diagnostic           : {"ServerInfo":{"DataCenter":"Japan West","Slice":"E","Ring":"3","ScaleUnit":"001","RoleInstance":"OS1PEPF0000566D"}}
Date                          : Sun, 13 Apr 2025 10:49:52 GMT


[2025-04-13 19:49:56] [WARNING] ユーザー ito_mainmark.co.jp#EXT#@miraiconst.onmicrosoft.com のOneDriveクォータ情報を取得できませんでした: User's mysite not found.

Status: 404 (NotFound)
ErrorCode: ResourceNotFound
Date: 2025-04-13T10:49:56

Headers:
Vary                          : Accept-Encoding
Strict-Transport-Security     : max-age=31536000
request-id                    : d2ae62f2-e9b3-4b55-828c-0c825b6ea034
client-request-id             : f930b761-6fb7-4ba8-b6d3-d25c0c8e0d68
x-ms-ags-diagnostic           : {"ServerInfo":{"DataCenter":"Japan West","Slice":"E","Ring":"3","ScaleUnit":"001","RoleInstance":"OS1PEPF0000566D"}}
Date                          : Sun, 13 Apr 2025 10:49:56 GMT


[2025-04-13 19:49:59] [WARNING] ユーザー yk-takahashi_mitsuifudosan.co.jp#EXT#@miraiconst.onmicrosoft.com のOneDriveクォータ情報を取得できませんでした: User's mysite not found.

Status: 404 (NotFound)
ErrorCode: ResourceNotFound
Date: 2025-04-13T10:49:59

Headers:
Vary                          : Accept-Encoding
Strict-Transport-Security     : max-age=31536000
request-id                    : 3e493a8d-7ee9-48e7-969c-4b17196d4bd6
client-request-id             : ba9d1f39-d1ed-4e0c-8ca7-c8755706f486
x-ms-ags-diagnostic           : {"ServerInfo":{"DataCenter":"Japan West","Slice":"E","Ring":"3","ScaleUnit":"001","RoleInstance":"OS1PEPF0000566D"}}
Date                          : Sun, 13 Apr 2025 10:49:59 GMT


[2025-04-13 19:50:01] [WARNING] ユーザー chugoku-rakuraku@mirai-const.co.jp のOneDriveクォータ情報を取得できませんでした: User's mysite not found.

Status: 404 (NotFound)
ErrorCode: ResourceNotFound
Date: 2025-04-13T10:50:01

Headers:
Vary                          : Accept-Encoding
Strict-Transport-Security     : max-age=31536000
request-id                    : 5b133e04-e227-46ae-9ce8-4559d5afa487
client-request-id             : b426e19e-c0f3-4ae6-98da-213999457fff
x-ms-ags-diagnostic           : {"ServerInfo":{"DataCenter":"Japan West","Slice":"E","Ring":"3","ScaleUnit":"001","RoleInstance":"OS1PEPF0000566D"}}
Date                          : Sun, 13 Apr 2025 10:50:00 GMT


[2025-04-13 19:50:02] [WARNING] ユーザー webadmin@miraiconst.onmicrosoft.com のOneDriveクォータ情報を取得できませんでした: User's mysite not found.

Status: 404 (NotFound)
ErrorCode: ResourceNotFound
Date: 2025-04-13T10:50:02

Headers:
Vary                          : Accept-Encoding
Strict-Transport-Security     : max-age=31536000
request-id                    : 497a5a29-6f44-4894-a539-32f95f2d73ef
client-request-id             : 08a2307a-d869-41a7-893b-ced6d2547612
x-ms-ags-diagnostic           : {"ServerInfo":{"DataCenter":"Japan West","Slice":"E","Ring":"3","ScaleUnit":"001","RoleInstance":"OS1PEPF0000566D"}}
Date                          : Sun, 13 Apr 2025 10:50:02 GMT


[2025-04-13 19:50:05] [WARNING] ユーザー tokyokoji@miraiconst.onmicrosoft.com のOneDriveクォータ情報を取得できませんでした: User's mysite not found.

Status: 404 (NotFound)
ErrorCode: ResourceNotFound
Date: 2025-04-13T10:50:05

Headers:
Vary                          : Accept-Encoding
Strict-Transport-Security     : max-age=31536000
request-id                    : 7101e17d-b639-498d-9483-b40a562613f3
client-request-id             : 0fc7752f-8dd2-4ba1-979e-b27fc7d09bf7
x-ms-ags-diagnostic           : {"ServerInfo":{"DataCenter":"Japan West","Slice":"E","Ring":"3","ScaleUnit":"001","RoleInstance":"OS1PEPF0000566D"}}
Date                          : Sun, 13 Apr 2025 10:50:04 GMT


[2025-04-13 19:50:07] [WARNING] ユーザー tokyo-rakuraku@mirai-const.co.jp のOneDriveクォータ情報を取得できませんでした: User's mysite not found.

Status: 404 (NotFound)
ErrorCode: ResourceNotFound
Date: 2025-04-13T10:50:06

Headers:
Vary                          : Accept-Encoding
Strict-Transport-Security     : max-age=31536000
request-id                    : 3d5ba17c-a668-42cc-acb4-f00f0149f14c
client-request-id             : a178f917-4adb-430d-a4b3-d825c27b0c9f
x-ms-ags-diagnostic           : {"ServerInfo":{"DataCenter":"Japan West","Slice":"E","Ring":"3","ScaleUnit":"001","RoleInstance":"OS1PEPF0000566D"}}
Date                          : Sun, 13 Apr 2025 10:50:06 GMT


[2025-04-13 19:50:07] [WARNING] ユーザー mirai-edr@miraiconst.onmicrosoft.com のOneDriveクォータ情報を取得できませんでした: User's mysite not found.

Status: 404 (NotFound)
ErrorCode: ResourceNotFound
Date: 2025-04-13T10:50:07

Headers:
Vary                          : Accept-Encoding
Strict-Transport-Security     : max-age=31536000
request-id                    : fa6b98b1-3c68-4cda-b6a3-e9c59263457a
client-request-id             : f70b96be-2be6-488f-8450-59962feadc6b
x-ms-ags-diagnostic           : {"ServerInfo":{"DataCenter":"Japan West","Slice":"E","Ring":"3","ScaleUnit":"001","RoleInstance":"OS1PEPF0000566D"}}
Date                          : Sun, 13 Apr 2025 10:50:07 GMT


[2025-04-13 19:50:09] [WARNING] ユーザー bid-info06m@mirai-const.co.jp のOneDriveクォータ情報を取得できませんでした: User's mysite not found.

Status: 404 (NotFound)
ErrorCode: ResourceNotFound
Date: 2025-04-13T10:50:09

Headers:
Vary                          : Accept-Encoding
Strict-Transport-Security     : max-age=31536000
request-id                    : c48dcd11-7087-4e4f-be5d-21dccde6b167
client-request-id             : 1c1235bf-1547-474a-ad1a-1019116b0d3f
x-ms-ags-diagnostic           : {"ServerInfo":{"DataCenter":"Japan West","Slice":"E","Ring":"3","ScaleUnit":"001","RoleInstance":"OS1PEPF0000566D"}}
Date                          : Sun, 13 Apr 2025 10:50:09 GMT


[2025-04-13 19:50:11] [WARNING] ユーザー noto-rakuraku@mirai-const.co.jp のOneDriveクォータ情報を取得できませんでした: User's mysite not found.

Status: 404 (NotFound)
ErrorCode: ResourceNotFound
Date: 2025-04-13T10:50:10

Headers:
Vary                          : Accept-Encoding
Strict-Transport-Security     : max-age=31536000
request-id                    : 9daab351-06aa-43e9-b24d-ab7056dbac59
client-request-id             : 2d3a75a7-cab7-4e90-850b-6cd86d60d3fb
x-ms-ags-diagnostic           : {"ServerInfo":{"DataCenter":"Japan West","Slice":"E","Ring":"3","ScaleUnit":"001","RoleInstance":"OS1PEPF0000566D"}}
Date                          : Sun, 13 Apr 2025 10:50:10 GMT


[2025-04-13 19:50:11] [WARNING] ユーザー aomori-rakuraku@mirai-const.co.jp のOneDriveクォータ情報を取得できませんでした: User's mysite not found.

Status: 404 (NotFound)
ErrorCode: ResourceNotFound
Date: 2025-04-13T10:50:11

Headers:
Vary                          : Accept-Encoding
Strict-Transport-Security     : max-age=31536000
request-id                    : 66f6df59-05bc-4105-af82-6c5193284728
client-request-id             : ac36dea4-cf45-4172-994d-b21017107641
x-ms-ags-diagnostic           : {"ServerInfo":{"DataCenter":"Japan West","Slice":"E","Ring":"3","ScaleUnit":"001","RoleInstance":"OS1PEPF0000566D"}}
Date                          : Sun, 13 Apr 2025 10:50:11 GMT


[2025-04-13 19:50:15] [WARNING] ユーザー cad-master@miraiconst.onmicrosoft.com のOneDriveクォータ情報を取得できませんでした: User's mysite not found.

Status: 404 (NotFound)
ErrorCode: ResourceNotFound
Date: 2025-04-13T10:50:15

Headers:
Vary                          : Accept-Encoding
Strict-Transport-Security     : max-age=31536000
request-id                    : 6dfb3368-4688-4c1a-9632-1231bb8248b7
client-request-id             : 6cbeb63e-5418-40dc-8fcf-03d32d4fa6ee
x-ms-ags-diagnostic           : {"ServerInfo":{"DataCenter":"Japan West","Slice":"E","Ring":"3","ScaleUnit":"001","RoleInstance":"OS1PEPF0000566D"}}
Date                          : Sun, 13 Apr 2025 10:50:15 GMT


[2025-04-13 19:50:20] [WARNING] ユーザー direct@mirai-const.co.jp のOneDriveクォータ情報を取得できませんでした: User's mysite not found.

Status: 404 (NotFound)
ErrorCode: ResourceNotFound
Date: 2025-04-13T10:50:20

Headers:
Vary                          : Accept-Encoding
Strict-Transport-Security     : max-age=31536000
request-id                    : 01371ce8-8246-4d52-8d65-f7c1bdc5fa7f
client-request-id             : b71b254f-7eed-4b56-9807-ea36959af71e
x-ms-ags-diagnostic           : {"ServerInfo":{"DataCenter":"Japan West","Slice":"E","Ring":"3","ScaleUnit":"001","RoleInstance":"OS1PEPF0000566D"}}
Date                          : Sun, 13 Apr 2025 10:50:20 GMT


[2025-04-13 19:50:21] [WARNING] ユーザー forti-admin@mirai-const.co.jp のOneDriveクォータ情報を取得できませんでした: User's mysite not found.

Status: 404 (NotFound)
ErrorCode: ResourceNotFound
Date: 2025-04-13T10:50:21

Headers:
Vary                          : Accept-Encoding
Strict-Transport-Security     : max-age=31536000
request-id                    : d3af0779-e661-4527-b755-04810255d111
client-request-id             : fc9cf00f-6bbf-4e48-a4d4-fee9b81d5d71
x-ms-ags-diagnostic           : {"ServerInfo":{"DataCenter":"Japan West","Slice":"E","Ring":"3","ScaleUnit":"001","RoleInstance":"OS1PEPF0000566D"}}
Date                          : Sun, 13 Apr 2025 10:50:20 GMT


[2025-04-13 19:50:28] [WARNING] ユーザー chubu@miraiconst.onmicrosoft.com のOneDriveクォータ情報を取得できませんでした: User's mysite not found.

Status: 404 (NotFound)
ErrorCode: ResourceNotFound
Date: 2025-04-13T10:50:28

Headers:
Vary                          : Accept-Encoding
Strict-Transport-Security     : max-age=31536000
request-id                    : a8d5e832-9c37-4e08-afbf-a87df9ae62eb
client-request-id             : 9a914521-b614-4b60-8392-8b5aa1fd8994
x-ms-ags-diagnostic           : {"ServerInfo":{"DataCenter":"Japan West","Slice":"E","Ring":"3","ScaleUnit":"001","RoleInstance":"OS1PEPF0000566D"}}
Date                          : Sun, 13 Apr 2025 10:50:27 GMT


[2025-04-13 19:50:31] [WARNING] ユーザー ys-yamamoto_apptec.co.jp#EXT#@miraiconst.onmicrosoft.com のOneDriveクォータ情報を取得できませんでした: User's mysite not found.

Status: 404 (NotFound)
ErrorCode: ResourceNotFound
Date: 2025-04-13T10:50:31

Headers:
Vary                          : Accept-Encoding
Strict-Transport-Security     : max-age=31536000
request-id                    : c13789c1-1312-4589-87ee-55f9f6f7aedf
client-request-id             : dade20fe-fdfe-407a-976f-0250d0a8b13a
x-ms-ags-diagnostic           : {"ServerInfo":{"DataCenter":"Japan West","Slice":"E","Ring":"3","ScaleUnit":"001","RoleInstance":"OS1PEPF0000566D"}}
Date                          : Sun, 13 Apr 2025 10:50:31 GMT


[2025-04-13 19:50:32] [WARNING] ユーザー r-futenma@mirai-const.co.jp のOneDriveクォータ情報を取得できませんでした: User's mysite not found.

Status: 404 (NotFound)
ErrorCode: ResourceNotFound
Date: 2025-04-13T10:50:32

Headers:
Vary                          : Accept-Encoding
Strict-Transport-Security     : max-age=31536000
request-id                    : 0d7f6964-17c4-4545-b259-2b81e2b6af13
client-request-id             : fb8608c1-c178-45b8-b1c6-8186c376cbfc
x-ms-ags-diagnostic           : {"ServerInfo":{"DataCenter":"Japan West","Slice":"E","Ring":"3","ScaleUnit":"001","RoleInstance":"OS1PEPF0000566D"}}
Date                          : Sun, 13 Apr 2025 10:50:32 GMT


[2025-04-13 19:50:34] [WARNING] ユーザー cim-master13@mirai-const.co.jp のOneDriveクォータ情報を取得できませんでした: User's mysite not found.

Status: 404 (NotFound)
ErrorCode: ResourceNotFound
Date: 2025-04-13T10:50:34

Headers:
Vary                          : Accept-Encoding
Strict-Transport-Security     : max-age=31536000
request-id                    : 6d9d3a85-61b8-4977-9d83-793986e887d9
client-request-id             : aa21e79d-418f-402b-b32e-0dce6d4eb8bc
x-ms-ags-diagnostic           : {"ServerInfo":{"DataCenter":"Japan West","Slice":"E","Ring":"3","ScaleUnit":"001","RoleInstance":"OS1PEPF0000566D"}}
Date                          : Sun, 13 Apr 2025 10:50:33 GMT


[2025-04-13 19:50:35] [WARNING] ユーザー na-kadokawa_apptec.co.jp#EXT#@miraiconst.onmicrosoft.com のOneDriveクォータ情報を取得できませんでした: User's mysite not found.

Status: 404 (NotFound)
ErrorCode: ResourceNotFound
Date: 2025-04-13T10:50:35

Headers:
Vary                          : Accept-Encoding
Strict-Transport-Security     : max-age=31536000
request-id                    : c68d5343-1790-4cd1-8cad-1e4cfdb41630
client-request-id             : 968d553d-c770-462f-98bd-eea066c386a2
x-ms-ags-diagnostic           : {"ServerInfo":{"DataCenter":"Japan West","Slice":"E","Ring":"3","ScaleUnit":"001","RoleInstance":"OS1PEPF0000566D"}}
Date                          : Sun, 13 Apr 2025 10:50:34 GMT


[2025-04-13 19:50:42] [WARNING] ユーザー mirai-sns@miraiconst.onmicrosoft.com のOneDriveクォータ情報を取得できませんでした: User's mysite not found.

Status: 404 (NotFound)
ErrorCode: ResourceNotFound
Date: 2025-04-13T10:50:42

Headers:
Vary                          : Accept-Encoding
Strict-Transport-Security     : max-age=31536000
request-id                    : 1949defb-a220-4c11-89b6-aae95d792d34
client-request-id             : aa1a56df-42da-41e9-b6d3-5dede66698b1
x-ms-ags-diagnostic           : {"ServerInfo":{"DataCenter":"Japan West","Slice":"E","Ring":"3","ScaleUnit":"001","RoleInstance":"OS1PEPF0000566D"}}
Date                          : Sun, 13 Apr 2025 10:50:41 GMT


[2025-04-13 19:50:48] [WARNING] ユーザー et-satoh@mirai-const.co.jp のOneDriveクォータ情報を取得できませんでした: User's mysite not found.

Status: 404 (NotFound)
ErrorCode: ResourceNotFound
Date: 2025-04-13T10:50:48

Headers:
Vary                          : Accept-Encoding
Strict-Transport-Security     : max-age=31536000
request-id                    : 27934db1-ca36-4b21-96b3-a77a8748939a
client-request-id             : 7a48e29c-756a-4b46-a6c6-9732e4f9ea71
x-ms-ags-diagnostic           : {"ServerInfo":{"DataCenter":"Japan West","Slice":"E","Ring":"3","ScaleUnit":"001","RoleInstance":"OS1PEPF0000566D"}}
Date                          : Sun, 13 Apr 2025 10:50:47 GMT


[2025-04-13 19:50:52] [WARNING] ユーザー k-obara@mirai-const.co.jp のOneDriveクォータ情報を取得できませんでした: User's mysite not found.

Status: 404 (NotFound)
ErrorCode: ResourceNotFound
Date: 2025-04-13T10:50:52

Headers:
Vary                          : Accept-Encoding
Strict-Transport-Security     : max-age=31536000
request-id                    : 328d37c8-797f-4f2c-be17-ee579204e7d9
client-request-id             : 8130b631-e9ae-414d-8f14-b42c0e43dc1f
x-ms-ags-diagnostic           : {"ServerInfo":{"DataCenter":"Japan West","Slice":"E","Ring":"3","ScaleUnit":"001","RoleInstance":"OS1PEPF0000566D"}}
Date                          : Sun, 13 Apr 2025 10:50:51 GMT


[2025-04-13 19:50:56] [WARNING] ユーザー kanri-oosaka@mirai-const.co.jp のOneDriveクォータ情報を取得できませんでした: User's mysite not found.

Status: 404 (NotFound)
ErrorCode: ResourceNotFound
Date: 2025-04-13T10:50:56

Headers:
Vary                          : Accept-Encoding
Strict-Transport-Security     : max-age=31536000
request-id                    : 562aeadf-ba3d-4b01-b5ad-9cc751da20e2
client-request-id             : a0b00ba4-ef39-404e-8b3d-d3abab38792c
x-ms-ags-diagnostic           : {"ServerInfo":{"DataCenter":"Japan West","Slice":"E","Ring":"3","ScaleUnit":"001","RoleInstance":"OS1PEPF0000566D"}}
Date                          : Sun, 13 Apr 2025 10:50:55 GMT


[2025-04-13 19:50:58] [WARNING] ユーザー haruka.ishigaki_aaconst.onmicrosoft.com#EXT#@miraiconst.onmicrosoft.com のOneDriveクォータ情報を取得できませんでした: User's mysite not found.

Status: 404 (NotFound)
ErrorCode: ResourceNotFound
Date: 2025-04-13T10:50:58

Headers:
Vary                          : Accept-Encoding
Strict-Transport-Security     : max-age=31536000
request-id                    : 741f4c7f-0d63-4409-971f-9edf1f3d1b3f
client-request-id             : bfc7406a-cdd7-4c33-a805-9399e4fcf126
x-ms-ags-diagnostic           : {"ServerInfo":{"DataCenter":"Japan West","Slice":"E","Ring":"3","ScaleUnit":"001","RoleInstance":"OS1PEPF0000566D"}}
Date                          : Sun, 13 Apr 2025 10:50:58 GMT


[2025-04-13 19:51:00] [WARNING] ユーザー bid-info02m@mirai-const.co.jp のOneDriveクォータ情報を取得できませんでした: User's mysite not found.

Status: 404 (NotFound)
ErrorCode: ResourceNotFound
Date: 2025-04-13T10:51:00

Headers:
Vary                          : Accept-Encoding
Strict-Transport-Security     : max-age=31536000
request-id                    : 75c3e9c7-e2cf-4b43-9547-d0329843da1e
client-request-id             : 90249c86-b7dc-4569-aa54-b3c6cbc38a43
x-ms-ags-diagnostic           : {"ServerInfo":{"DataCenter":"Japan West","Slice":"E","Ring":"3","ScaleUnit":"001","RoleInstance":"OS1PEPF0000566D"}}
Date                          : Sun, 13 Apr 2025 10:51:00 GMT


[2025-04-13 19:51:00] [SUCCESS] OneDriveクォータ情報の取得が完了しました。取得件数: 524
[2025-04-13 19:51:00] [SUCCESS] CSVファイルを作成しました: C:\kitting\OneDriveforBusinessManagementSystem\OneDriveManagement.20250413\Basic_Data_Collection.20250413\OneDriveQuota.20250413195100.csv
[2025-04-13 19:51:00] [INFO] HTMLファイルを作成します: C:\kitting\OneDriveforBusinessManagementSystem\OneDriveManagement.20250413\Basic_Data_Collection.20250413\OneDriveQuota.20250413195100.html
[2025-04-13 19:51:07] [SUCCESS] HTMLファイルの作成が完了しました: C:\kitting\OneDriveforBusinessManagementSystem\OneDriveManagement.20250413\Basic_Data_Collection.20250413\OneDriveQuota.20250413195100.html
[2025-04-13 19:51:07] [INFO] Excelでファイルを開いて列幅の調整とフィルターの適用を行います...
[2025-04-13 19:51:09] [SUCCESS] Excelでの処理が完了しました。
[2025-04-13 19:51:09] [INFO] HTMLファイルを生成しています...
[2025-04-13 19:51:11] [SUCCESS] HTMLファイルの生成が完了しました: C:\kitting\OneDriveforBusinessManagementSystem\OneDriveManagement.20250413\Basic_Data_Collection.20250413\OneDriveQuota.20250413195100.html
