[2025-04-13 10:39:01] [INFO] ストレージクォータ取得を開始します
[2025-04-13 10:39:01] [INFO] 出力ディレクトリ: C:\kitting\OneDriveforBusinessManagementSystem\OneDriveManagement.20250413\Basic_Data_Collection.20250413
[2025-04-13 10:39:01] [INFO] ログディレクトリ: C:\kitting\OneDriveforBusinessManagementSystem\OneDriveManagement.20250413\Log
[2025-04-13 10:39:01] [WARNING] Graph接続済みですが、ユーザー情報は取得できません。
[2025-04-13 10:39:01] [WARNING] Graph接続済みですが、ユーザー情報は取得できません。
[2025-04-13 10:39:01] [INFO] すべてのユーザーのOneDriveクォータ情報を取得しています...
[2025-04-13 10:39:04] [WARNING] ユーザー okinawa-rakuraku@mirai-const.co.jp のOneDriveクォータ情報を取得できませんでした: User's mysite not found.

Status: 404 (NotFound)
ErrorCode: ResourceNotFound
Date: 2025-04-13T01:39:04

Headers:
Vary                          : Accept-Encoding
Strict-Transport-Security     : max-age=31536000
request-id                    : 85ab2ef2-06ed-4fa8-add3-e432930ef294
client-request-id             : f3ba7a8d-c99c-430e-8da6-e2f6649aea81
x-ms-ags-diagnostic           : {"ServerInfo":{"DataCenter":"Japan West","Slice":"E","Ring":"3","ScaleUnit":"000","RoleInstance":"OS1PEPF0000742D"}}
Date                          : Sun, 13 Apr 2025 01:39:04 GMT


[2025-04-13 10:39:12] [WARNING] ユーザー admin@miraiconst.onmicrosoft.com のOneDriveクォータ情報を取得できませんでした: User's mysite not found.

Status: 404 (NotFound)
ErrorCode: ResourceNotFound
Date: 2025-04-13T01:39:12

Headers:
Vary                          : Accept-Encoding
Strict-Transport-Security     : max-age=31536000
request-id                    : 83f038a3-8582-4d03-8513-e276098f2d38
client-request-id             : 759ef112-8b3a-4ae2-ae2e-75c35a832ed9
x-ms-ags-diagnostic           : {"ServerInfo":{"DataCenter":"Japan West","Slice":"E","Ring":"3","ScaleUnit":"000","RoleInstance":"OS1PEPF0000742D"}}
Date                          : Sun, 13 Apr 2025 01:39:12 GMT


[2025-04-13 10:39:13] [INFO] ユーザー admin@miraiconst.onmicrosoft.com のroleTemplateId: 62e90394-69f5-4237-9190-012177145e10
[2025-04-13 10:39:13] [INFO] ユーザー admin@miraiconst.onmicrosoft.com は管理者ロール: 62e90394-69f5-4237-9190-012177145e10
[2025-04-13 10:39:18] [WARNING] ユーザー admin1@miraiconst.onmicrosoft.com のOneDriveクォータ情報を取得できませんでした: User's mysite not found.

Status: 404 (NotFound)
ErrorCode: ResourceNotFound
Date: 2025-04-13T01:39:19

Headers:
Vary                          : Accept-Encoding
Strict-Transport-Security     : max-age=31536000
request-id                    : 9b9d6ba3-0014-4278-bd5f-fdba8d0dc27e
client-request-id             : c8842296-c571-41ef-a146-cdfa318e9a2f
x-ms-ags-diagnostic           : {"ServerInfo":{"DataCenter":"Japan West","Slice":"E","Ring":"3","ScaleUnit":"000","RoleInstance":"OS1PEPF0000742D"}}
Date                          : Sun, 13 Apr 2025 01:39:18 GMT


[2025-04-13 10:39:20] [WARNING] ユーザー cim-master10@mirai-const.co.jp のOneDriveクォータ情報を取得できませんでした: User's mysite not found.

Status: 404 (NotFound)
ErrorCode: ResourceNotFound
Date: 2025-04-13T01:39:19

Headers:
Vary                          : Accept-Encoding
Strict-Transport-Security     : max-age=31536000
request-id                    : 4af809fd-bfb3-4320-b8f4-c7cd3cf82458
client-request-id             : a690cbdb-3bd2-44ed-b9c2-59affd4deeea
x-ms-ags-diagnostic           : {"ServerInfo":{"DataCenter":"Japan West","Slice":"E","Ring":"3","ScaleUnit":"000","RoleInstance":"OS1PEPF0000742D"}}
Date                          : Sun, 13 Apr 2025 01:39:18 GMT


[2025-04-13 10:39:23] [WARNING] ユーザー jinji-saiyou@mirai-const.co.jp のOneDriveクォータ情報を取得できませんでした: User's mysite not found.

Status: 404 (NotFound)
ErrorCode: ResourceNotFound
Date: 2025-04-13T01:39:23

Headers:
Vary                          : Accept-Encoding
Strict-Transport-Security     : max-age=31536000
request-id                    : a95fdc84-0882-4c15-8f57-570ac8dadecf
client-request-id             : 5240e3fa-1a64-4e0a-aab8-72434ded84ca
x-ms-ags-diagnostic           : {"ServerInfo":{"DataCenter":"Japan West","Slice":"E","Ring":"3","ScaleUnit":"000","RoleInstance":"OS1PEPF0000742D"}}
Date                          : Sun, 13 Apr 2025 01:39:22 GMT


[2025-04-13 10:39:26] [WARNING] ユーザー soumu-payment@mirai-const.co.jp のOneDriveクォータ情報を取得できませんでした: User's mysite not found.

Status: 404 (NotFound)
ErrorCode: ResourceNotFound
Date: 2025-04-13T01:39:26

Headers:
Vary                          : Accept-Encoding
Strict-Transport-Security     : max-age=31536000
request-id                    : e37d2e38-2f76-4746-8796-422282502827
client-request-id             : 58eeb561-17ad-423b-9747-f6741f9e95c7
x-ms-ags-diagnostic           : {"ServerInfo":{"DataCenter":"Japan West","Slice":"E","Ring":"3","ScaleUnit":"000","RoleInstance":"OS1PEPF0000742D"}}
Date                          : Sun, 13 Apr 2025 01:39:25 GMT


[2025-04-13 10:39:27] [WARNING] ユーザー mf-jigyoukikaku@miraiconst.onmicrosoft.com のOneDriveクォータ情報を取得できませんでした: User's mysite not found.

Status: 404 (NotFound)
ErrorCode: ResourceNotFound
Date: 2025-04-13T01:39:27

Headers:
Vary                          : Accept-Encoding
Strict-Transport-Security     : max-age=31536000
request-id                    : ff4f996b-b339-43dc-99dc-195918abe482
client-request-id             : 43a52395-b210-4c57-b275-426b857ae4f3
x-ms-ags-diagnostic           : {"ServerInfo":{"DataCenter":"Japan West","Slice":"E","Ring":"3","ScaleUnit":"000","RoleInstance":"OS1PEPF0000742D"}}
Date                          : Sun, 13 Apr 2025 01:39:26 GMT


[2025-04-13 10:39:31] [WARNING] ユーザー henngetest@mirai-const.co.jp のOneDriveクォータ情報を取得できませんでした: User's mysite not found.

Status: 404 (NotFound)
ErrorCode: ResourceNotFound
Date: 2025-04-13T01:39:31

Headers:
Vary                          : Accept-Encoding
Strict-Transport-Security     : max-age=31536000
request-id                    : a53cfc87-7e0a-4cfe-a336-7b929bbbe93f
client-request-id             : 3ee3976c-1c51-4e46-9ee5-e36ff4f27e20
x-ms-ags-diagnostic           : {"ServerInfo":{"DataCenter":"Japan West","Slice":"E","Ring":"3","ScaleUnit":"000","RoleInstance":"OS1PEPF0000742D"}}
Date                          : Sun, 13 Apr 2025 01:39:31 GMT


[2025-04-13 10:39:43] [WARNING] ユーザー ariake-rakuraku@mirai-const.co.jp のOneDriveクォータ情報を取得できませんでした: User's mysite not found.

Status: 404 (NotFound)
ErrorCode: ResourceNotFound
Date: 2025-04-13T01:39:44

Headers:
Vary                          : Accept-Encoding
Strict-Transport-Security     : max-age=31536000
request-id                    : 2efc2e45-1a1c-4f1b-9640-31e21a175422
client-request-id             : 68871f80-b594-4e88-a70c-ccfb9d12bf64
x-ms-ags-diagnostic           : {"ServerInfo":{"DataCenter":"Japan West","Slice":"E","Ring":"3","ScaleUnit":"000","RoleInstance":"OS1PEPF0000742D"}}
Date                          : Sun, 13 Apr 2025 01:39:44 GMT


[2025-04-13 10:39:45] [WARNING] ユーザー system-info@mirai-const.co.jp のOneDriveクォータ情報を取得できませんでした: User's mysite not found.

Status: 404 (NotFound)
ErrorCode: ResourceNotFound
Date: 2025-04-13T01:39:45

Headers:
Vary                          : Accept-Encoding
Strict-Transport-Security     : max-age=31536000
request-id                    : b9cba10c-1967-4107-9e9a-cf479fef0a01
client-request-id             : 38bb1bfe-f3d8-4524-8a7f-7a4f669814f9
x-ms-ags-diagnostic           : {"ServerInfo":{"DataCenter":"Japan West","Slice":"E","Ring":"3","ScaleUnit":"000","RoleInstance":"OS1PEPF0000742D"}}
Date                          : Sun, 13 Apr 2025 01:39:45 GMT


[2025-04-13 10:39:51] [WARNING] ユーザー hideyuki.nomura_halekulaniokinawa.com#EXT#@miraiconst.onmicrosoft.com のOneDriveクォータ情報を取得できませんでした: User's mysite not found.

Status: 404 (NotFound)
ErrorCode: ResourceNotFound
Date: 2025-04-13T01:39:51

Headers:
Vary                          : Accept-Encoding
Strict-Transport-Security     : max-age=31536000
request-id                    : 59b63b99-f365-41b9-a2ea-98a87433a452
client-request-id             : df5e4827-a04a-4468-8f08-030b6f102e04
x-ms-ags-diagnostic           : {"ServerInfo":{"DataCenter":"Japan West","Slice":"E","Ring":"3","ScaleUnit":"000","RoleInstance":"OS1PEPF0000742D"}}
Date                          : Sun, 13 Apr 2025 01:39:51 GMT


[2025-04-13 10:39:51] [WARNING] ユーザー cim-master05@mirai-const.co.jp のOneDriveクォータ情報を取得できませんでした: User's mysite not found.

Status: 404 (NotFound)
ErrorCode: ResourceNotFound
Date: 2025-04-13T01:39:51

Headers:
Vary                          : Accept-Encoding
Strict-Transport-Security     : max-age=31536000
request-id                    : a4233476-2c0e-4630-a3c4-b5f469e5caa3
client-request-id             : 344007c4-565d-47e0-a0d6-32112e39bebf
x-ms-ags-diagnostic           : {"ServerInfo":{"DataCenter":"Japan West","Slice":"E","Ring":"3","ScaleUnit":"000","RoleInstance":"OS1PEPF0000742D"}}
Date                          : Sun, 13 Apr 2025 01:39:51 GMT


[2025-04-13 10:39:53] [WARNING] ユーザー mk-engagement@miraiconst.onmicrosoft.com のOneDriveクォータ情報を取得できませんでした: User's mysite not found.

Status: 404 (NotFound)
ErrorCode: ResourceNotFound
Date: 2025-04-13T01:39:53

Headers:
Vary                          : Accept-Encoding
Strict-Transport-Security     : max-age=31536000
request-id                    : d8b82d65-ab24-4075-b4ad-b5965fc4c08a
client-request-id             : 51336183-a567-4cea-a572-b1c88050b17c
x-ms-ags-diagnostic           : {"ServerInfo":{"DataCenter":"Japan West","Slice":"E","Ring":"3","ScaleUnit":"000","RoleInstance":"OS1PEPF0000742D"}}
Date                          : Sun, 13 Apr 2025 01:39:53 GMT


[2025-04-13 10:39:54] [WARNING] ユーザー bid-info10m@mirai-const.co.jp のOneDriveクォータ情報を取得できませんでした: User's mysite not found.

Status: 404 (NotFound)
ErrorCode: ResourceNotFound
Date: 2025-04-13T01:39:54

Headers:
Vary                          : Accept-Encoding
Strict-Transport-Security     : max-age=31536000
request-id                    : 1ac17c23-67be-49f4-9858-9247e9f36cdd
client-request-id             : b78522d9-695f-42c8-9ff4-6f56cb94aa83
x-ms-ags-diagnostic           : {"ServerInfo":{"DataCenter":"Japan West","Slice":"E","Ring":"3","ScaleUnit":"000","RoleInstance":"OS1PEPF0000742D"}}
Date                          : Sun, 13 Apr 2025 01:39:54 GMT


[2025-04-13 10:39:56] [WARNING] ユーザー bid-info09m@mirai-const.co.jp のOneDriveクォータ情報を取得できませんでした: User's mysite not found.

Status: 404 (NotFound)
ErrorCode: ResourceNotFound
Date: 2025-04-13T01:39:56

Headers:
Vary                          : Accept-Encoding
Strict-Transport-Security     : max-age=31536000
request-id                    : e22a0747-3b10-4246-bce3-b5470ef40b8d
client-request-id             : c6387b68-7928-4a0d-a47c-3df4ad2a42f9
x-ms-ags-diagnostic           : {"ServerInfo":{"DataCenter":"Japan West","Slice":"E","Ring":"3","ScaleUnit":"000","RoleInstance":"OS1PEPF0000742D"}}
Date                          : Sun, 13 Apr 2025 01:39:56 GMT


[2025-04-13 10:40:00] [WARNING] ユーザー hokuriku-rakuraku@mirai-const.co.jp のOneDriveクォータ情報を取得できませんでした: User's mysite not found.

Status: 404 (NotFound)
ErrorCode: ResourceNotFound
Date: 2025-04-13T01:40:00

Headers:
Vary                          : Accept-Encoding
Strict-Transport-Security     : max-age=31536000
request-id                    : 5b2f0282-51c7-488a-90b9-2f9a0e187366
client-request-id             : 48324514-e52a-452e-9c7d-fc7f04a5c772
x-ms-ags-diagnostic           : {"ServerInfo":{"DataCenter":"Japan West","Slice":"E","Ring":"3","ScaleUnit":"000","RoleInstance":"OS1PEPF0000742D"}}
Date                          : Sun, 13 Apr 2025 01:40:00 GMT


[2025-04-13 10:40:03] [WARNING] ユーザー m-ariake@miraiconst.onmicrosoft.com のOneDriveクォータ情報を取得できませんでした: User's mysite not found.

Status: 404 (NotFound)
ErrorCode: ResourceNotFound
Date: 2025-04-13T01:40:03

Headers:
Vary                          : Accept-Encoding
Strict-Transport-Security     : max-age=31536000
request-id                    : 08c5eebd-7021-4193-9211-687ac058fc8e
client-request-id             : 5d0e4808-94da-43b3-aabf-5c7232a3f426
x-ms-ags-diagnostic           : {"ServerInfo":{"DataCenter":"Japan West","Slice":"E","Ring":"3","ScaleUnit":"001","RoleInstance":"OS1PEPF0000566D"}}
Date                          : Sun, 13 Apr 2025 01:40:02 GMT


[2025-04-13 10:40:05] [WARNING] ユーザー cim-master14@mirai-const.co.jp のOneDriveクォータ情報を取得できませんでした: User's mysite not found.

Status: 404 (NotFound)
ErrorCode: ResourceNotFound
Date: 2025-04-13T01:40:05

Headers:
Vary                          : Accept-Encoding
Strict-Transport-Security     : max-age=31536000
request-id                    : bfc618d4-a014-4c3d-9750-1be004b6f912
client-request-id             : d661b7f0-5d10-42c5-bd6d-23bd17ba7488
x-ms-ags-diagnostic           : {"ServerInfo":{"DataCenter":"Japan West","Slice":"E","Ring":"3","ScaleUnit":"001","RoleInstance":"OS1PEPF0000566D"}}
Date                          : Sun, 13 Apr 2025 01:40:05 GMT


[2025-04-13 10:40:13] [WARNING] ユーザー chubu-rakuraku@mirai-const.co.jp のOneDriveクォータ情報を取得できませんでした: User's mysite not found.

Status: 404 (NotFound)
ErrorCode: ResourceNotFound
Date: 2025-04-13T01:40:13

Headers:
Vary                          : Accept-Encoding
Strict-Transport-Security     : max-age=31536000
request-id                    : e188ab21-d07e-4ac7-ae7a-e0af020d3678
client-request-id             : 8fc4edc5-33bf-4c8e-8a80-e5c5df9e02eb
x-ms-ags-diagnostic           : {"ServerInfo":{"DataCenter":"Japan West","Slice":"E","Ring":"3","ScaleUnit":"001","RoleInstance":"OS1PEPF0000566D"}}
Date                          : Sun, 13 Apr 2025 01:40:13 GMT


[2025-04-13 10:40:17] [WARNING] ユーザー i-komada@mirai-const.co.jp のOneDriveクォータ情報を取得できませんでした: User's mysite not found.

Status: 404 (NotFound)
ErrorCode: ResourceNotFound
Date: 2025-04-13T01:40:17

Headers:
Vary                          : Accept-Encoding
Strict-Transport-Security     : max-age=31536000
request-id                    : b5ff66c1-9442-4393-8455-51b6c088e827
client-request-id             : d0651e85-487a-4475-a5e5-d7a1c41bb7b1
x-ms-ags-diagnostic           : {"ServerInfo":{"DataCenter":"Japan West","Slice":"E","Ring":"3","ScaleUnit":"001","RoleInstance":"OS1PEPF0000566D"}}
Date                          : Sun, 13 Apr 2025 01:40:17 GMT


[2025-04-13 10:40:22] [WARNING] ユーザー tsubokawa-y92y2_mlit.go.jp#EXT#@miraiconst.onmicrosoft.com のOneDriveクォータ情報を取得できませんでした: User's mysite not found.

Status: 404 (NotFound)
ErrorCode: ResourceNotFound
Date: 2025-04-13T01:40:22

Headers:
Vary                          : Accept-Encoding
Strict-Transport-Security     : max-age=31536000
request-id                    : 99c68247-4bb2-4ffd-86fa-f9a91b49f74d
client-request-id             : 21f554fa-9d45-46f2-b2c2-27838e7f3257
x-ms-ags-diagnostic           : {"ServerInfo":{"DataCenter":"Japan West","Slice":"E","Ring":"3","ScaleUnit":"001","RoleInstance":"OS1PEPF0000566D"}}
Date                          : Sun, 13 Apr 2025 01:40:22 GMT


[2025-04-13 10:40:22] [WARNING] ユーザー m-ushikubo@mirai-const.co.jp のOneDriveクォータ情報を取得できませんでした: User's mysite not found.

Status: 404 (NotFound)
ErrorCode: ResourceNotFound
Date: 2025-04-13T01:40:22

Headers:
Vary                          : Accept-Encoding
Strict-Transport-Security     : max-age=31536000
request-id                    : 12f50a3b-583f-4eb5-9f6b-ab8541ad7177
client-request-id             : 7dca117a-80c9-42f3-b653-14b0c8f1b480
x-ms-ags-diagnostic           : {"ServerInfo":{"DataCenter":"Japan West","Slice":"E","Ring":"3","ScaleUnit":"001","RoleInstance":"OS1PEPF0000566D"}}
Date                          : Sun, 13 Apr 2025 01:40:22 GMT


[2025-04-13 10:40:23] [WARNING] ユーザー kyushu-rakuraku@mirai-const.co.jp のOneDriveクォータ情報を取得できませんでした: User's mysite not found.

Status: 404 (NotFound)
ErrorCode: ResourceNotFound
Date: 2025-04-13T01:40:23

Headers:
Vary                          : Accept-Encoding
Strict-Transport-Security     : max-age=31536000
request-id                    : 1642f391-654d-4322-b93f-3baea9e6a6e5
client-request-id             : ceb301db-34c0-424b-af54-d1d35ec8b0d9
x-ms-ags-diagnostic           : {"ServerInfo":{"DataCenter":"Japan West","Slice":"E","Ring":"3","ScaleUnit":"001","RoleInstance":"OS1PEPF0000566D"}}
Date                          : Sun, 13 Apr 2025 01:40:23 GMT


[2025-04-13 10:40:25] [WARNING] ユーザー cim-master01@mirai-const.co.jp のOneDriveクォータ情報を取得できませんでした: User's mysite not found.

Status: 404 (NotFound)
ErrorCode: ResourceNotFound
Date: 2025-04-13T01:40:25

Headers:
Vary                          : Accept-Encoding
Strict-Transport-Security     : max-age=31536000
request-id                    : bac5b2c1-b9eb-46d5-8e21-32f721909986
client-request-id             : c4076e9a-de58-4e9d-9ace-78e08abdf22b
x-ms-ags-diagnostic           : {"ServerInfo":{"DataCenter":"Japan West","Slice":"E","Ring":"3","ScaleUnit":"001","RoleInstance":"OS1PEPF0000566D"}}
Date                          : Sun, 13 Apr 2025 01:40:25 GMT


[2025-04-13 10:40:26] [WARNING] ユーザー cim-master@mirai-const.co.jp のOneDriveクォータ情報を取得できませんでした: User's mysite not found.

Status: 404 (NotFound)
ErrorCode: ResourceNotFound
Date: 2025-04-13T01:40:26

Headers:
Vary                          : Accept-Encoding
Strict-Transport-Security     : max-age=31536000
request-id                    : 38c60d46-a84a-4b22-835c-a7ae25df6ce4
client-request-id             : b8711c82-0856-4a57-92f7-d1a606a7d261
x-ms-ags-diagnostic           : {"ServerInfo":{"DataCenter":"Japan West","Slice":"E","Ring":"3","ScaleUnit":"001","RoleInstance":"OS1PEPF0000566D"}}
Date                          : Sun, 13 Apr 2025 01:40:26 GMT


[2025-04-13 10:40:27] [WARNING] ユーザー cim-master07@mirai-const.co.jp のOneDriveクォータ情報を取得できませんでした: User's mysite not found.

Status: 404 (NotFound)
ErrorCode: ResourceNotFound
Date: 2025-04-13T01:40:27

Headers:
Vary                          : Accept-Encoding
Strict-Transport-Security     : max-age=31536000
request-id                    : 03913d53-364a-4606-9878-f0e22a74e272
client-request-id             : ac25d644-08d7-4165-b100-5b5f0b47e164
x-ms-ags-diagnostic           : {"ServerInfo":{"DataCenter":"Japan West","Slice":"E","Ring":"3","ScaleUnit":"001","RoleInstance":"OS1PEPF0000566D"}}
Date                          : Sun, 13 Apr 2025 01:40:27 GMT


[2025-04-13 10:40:31] [WARNING] ユーザー tohoku-rakuraku@mirai-const.co.jp のOneDriveクォータ情報を取得できませんでした: User's mysite not found.

Status: 404 (NotFound)
ErrorCode: ResourceNotFound
Date: 2025-04-13T01:40:31

Headers:
Vary                          : Accept-Encoding
Strict-Transport-Security     : max-age=31536000
request-id                    : 9b33d156-ab1e-44a5-a585-0ffc1b391c30
client-request-id             : 3c48d6e7-ba5c-4b8d-98c9-db922175b4eb
x-ms-ags-diagnostic           : {"ServerInfo":{"DataCenter":"Japan West","Slice":"E","Ring":"3","ScaleUnit":"001","RoleInstance":"OS1PEPF0000566D"}}
Date                          : Sun, 13 Apr 2025 01:40:31 GMT


[2025-04-13 10:40:31] [WARNING] ユーザー cim-master02@mirai-const.co.jp のOneDriveクォータ情報を取得できませんでした: User's mysite not found.

Status: 404 (NotFound)
ErrorCode: ResourceNotFound
Date: 2025-04-13T01:40:32

Headers:
Vary                          : Accept-Encoding
Strict-Transport-Security     : max-age=31536000
request-id                    : 64fef361-b739-466c-b7a5-24ed6cd940f7
client-request-id             : 6c6ca843-33d8-4022-bae9-08d9de26a18f
x-ms-ags-diagnostic           : {"ServerInfo":{"DataCenter":"Japan West","Slice":"E","Ring":"3","ScaleUnit":"001","RoleInstance":"OS1PEPF0000566D"}}
Date                          : Sun, 13 Apr 2025 01:40:31 GMT


[2025-04-13 10:40:32] [WARNING] ユーザー cim-master09@mirai-const.co.jp のOneDriveクォータ情報を取得できませんでした: User's mysite not found.

Status: 404 (NotFound)
ErrorCode: ResourceNotFound
Date: 2025-04-13T01:40:32

Headers:
Vary                          : Accept-Encoding
Strict-Transport-Security     : max-age=31536000
request-id                    : 6498aa2b-1829-41ae-8f90-dc91193eb22b
client-request-id             : 23cd9a8f-7c87-4eb0-9cd3-d261f335fe9d
x-ms-ags-diagnostic           : {"ServerInfo":{"DataCenter":"Japan West","Slice":"E","Ring":"3","ScaleUnit":"001","RoleInstance":"OS1PEPF0000566D"}}
Date                          : Sun, 13 Apr 2025 01:40:32 GMT


[2025-04-13 10:40:33] [WARNING] ユーザー s-yoshie@mirai-const.co.jp のOneDriveクォータ情報を取得できませんでした: Method invocation failed because [System.Object[]] does not contain a method named 'op_Division'.
[2025-04-13 10:40:35] [WARNING] ユーザー ibaraki-rakuraku@mirai-const.co.jp のOneDriveクォータ情報を取得できませんでした: User's mysite not found.

Status: 404 (NotFound)
ErrorCode: ResourceNotFound
Date: 2025-04-13T01:40:35

Headers:
Vary                          : Accept-Encoding
Strict-Transport-Security     : max-age=31536000
request-id                    : e81155ec-6178-418f-af5a-fcdf54d2f3eb
client-request-id             : 2b092796-8383-4a56-9959-a67e9da92112
x-ms-ags-diagnostic           : {"ServerInfo":{"DataCenter":"Japan West","Slice":"E","Ring":"3","ScaleUnit":"001","RoleInstance":"OS1PEPF0000566D"}}
Date                          : Sun, 13 Apr 2025 01:40:34 GMT


[2025-04-13 10:40:35] [WARNING] ユーザー mksystem-alert@miraiconst.onmicrosoft.com のOneDriveクォータ情報を取得できませんでした: User's mysite not found.

Status: 404 (NotFound)
ErrorCode: ResourceNotFound
Date: 2025-04-13T01:40:35

Headers:
Vary                          : Accept-Encoding
Strict-Transport-Security     : max-age=31536000
request-id                    : a98b2cdb-a4e0-4d39-b135-f2190a8a47c3
client-request-id             : e7edd422-b801-4094-a1a6-4f48fedb9b59
x-ms-ags-diagnostic           : {"ServerInfo":{"DataCenter":"Japan West","Slice":"E","Ring":"3","ScaleUnit":"001","RoleInstance":"OS1PEPF0000566D"}}
Date                          : Sun, 13 Apr 2025 01:40:35 GMT


[2025-04-13 10:40:36] [WARNING] ユーザー honsya2-2@miraiconst.onmicrosoft.com のOneDriveクォータ情報を取得できませんでした: User's mysite not found.

Status: 404 (NotFound)
ErrorCode: ResourceNotFound
Date: 2025-04-13T01:40:36

Headers:
Vary                          : Accept-Encoding
Strict-Transport-Security     : max-age=31536000
request-id                    : d5466222-2ce8-4edd-a32d-3c290dcd0c09
client-request-id             : 925df551-a4ca-4e36-8a01-3f94af503072
x-ms-ags-diagnostic           : {"ServerInfo":{"DataCenter":"Japan West","Slice":"E","Ring":"3","ScaleUnit":"001","RoleInstance":"OS1PEPF0000566D"}}
Date                          : Sun, 13 Apr 2025 01:40:36 GMT


[2025-04-13 10:40:38] [WARNING] ユーザー m-maruta@mirai-const.co.jp のOneDriveクォータ情報を取得できませんでした: User's mysite not found.

Status: 404 (NotFound)
ErrorCode: ResourceNotFound
Date: 2025-04-13T01:40:38

Headers:
Vary                          : Accept-Encoding
Strict-Transport-Security     : max-age=31536000
request-id                    : 1e173b11-4153-4112-92ca-7fe2fd117627
client-request-id             : 4bb2319f-7eaf-444a-b0ff-a95e89400e10
x-ms-ags-diagnostic           : {"ServerInfo":{"DataCenter":"Japan West","Slice":"E","Ring":"3","ScaleUnit":"001","RoleInstance":"OS1PEPF0000566D"}}
Date                          : Sun, 13 Apr 2025 01:40:38 GMT


[2025-04-13 10:40:40] [WARNING] ユーザー netis@miraiconst.onmicrosoft.com のOneDriveクォータ情報を取得できませんでした: User's mysite not found.

Status: 404 (NotFound)
ErrorCode: ResourceNotFound
Date: 2025-04-13T01:40:40

Headers:
Vary                          : Accept-Encoding
Strict-Transport-Security     : max-age=31536000
request-id                    : fec730cb-20e1-4031-a243-b4d216a72e68
client-request-id             : b794ecc9-b2b8-4fc3-976e-449b23a73fc1
x-ms-ags-diagnostic           : {"ServerInfo":{"DataCenter":"Japan West","Slice":"E","Ring":"3","ScaleUnit":"001","RoleInstance":"OS1PEPF0000566D"}}
Date                          : Sun, 13 Apr 2025 01:40:39 GMT


[2025-04-13 10:40:42] [WARNING] ユーザー sh-ishihara-old@miraiconst.onmicrosoft.com のOneDriveクォータ情報を取得できませんでした: User's mysite not found.

Status: 404 (NotFound)
ErrorCode: ResourceNotFound
Date: 2025-04-13T01:40:42

Headers:
Vary                          : Accept-Encoding
Strict-Transport-Security     : max-age=31536000
request-id                    : 44895b7f-293a-410c-b774-778b356020c0
client-request-id             : 306e58cd-8e58-4a2a-89a8-6ecaca0f5f7d
x-ms-ags-diagnostic           : {"ServerInfo":{"DataCenter":"Japan West","Slice":"E","Ring":"3","ScaleUnit":"001","RoleInstance":"OS1PEPF0000566D"}}
Date                          : Sun, 13 Apr 2025 01:40:41 GMT


[2025-04-13 10:40:43] [WARNING] ユーザー y-ueno@mirai-const.co.jp のOneDriveクォータ情報を取得できませんでした: User's mysite not found.

Status: 404 (NotFound)
ErrorCode: ResourceNotFound
Date: 2025-04-13T01:40:43

Headers:
Vary                          : Accept-Encoding
Strict-Transport-Security     : max-age=31536000
request-id                    : 2bd79692-cded-4b71-b513-052844e0a5b8
client-request-id             : 306240bb-9189-4906-8f37-cb716d129d1f
x-ms-ags-diagnostic           : {"ServerInfo":{"DataCenter":"Japan West","Slice":"E","Ring":"3","ScaleUnit":"001","RoleInstance":"OS1PEPF0000566D"}}
Date                          : Sun, 13 Apr 2025 01:40:43 GMT


[2025-04-13 10:40:44] [WARNING] ユーザー osaka-rakuraku@mirai-const.co.jp のOneDriveクォータ情報を取得できませんでした: User's mysite not found.

Status: 404 (NotFound)
ErrorCode: ResourceNotFound
Date: 2025-04-13T01:40:44

Headers:
Vary                          : Accept-Encoding
Strict-Transport-Security     : max-age=31536000
request-id                    : 9b873b95-f43c-4c6e-b6e4-35781e04596f
client-request-id             : 26db0f8c-a529-46d1-b411-62cc94220392
x-ms-ags-diagnostic           : {"ServerInfo":{"DataCenter":"Japan West","Slice":"E","Ring":"3","ScaleUnit":"001","RoleInstance":"OS1PEPF0000566D"}}
Date                          : Sun, 13 Apr 2025 01:40:44 GMT


[2025-04-13 10:40:44] [WARNING] ユーザー apple-id@miraiconst.onmicrosoft.com のOneDriveクォータ情報を取得できませんでした: User's mysite not found.

Status: 404 (NotFound)
ErrorCode: ResourceNotFound
Date: 2025-04-13T01:40:45

Headers:
Vary                          : Accept-Encoding
Strict-Transport-Security     : max-age=31536000
request-id                    : 4fd1a263-cfdc-4869-8a78-11d1eecbbdff
client-request-id             : bf7c4dca-1988-4d0b-895b-9187cf1e93f9
x-ms-ags-diagnostic           : {"ServerInfo":{"DataCenter":"Japan West","Slice":"E","Ring":"3","ScaleUnit":"001","RoleInstance":"OS1PEPF0000566D"}}
Date                          : Sun, 13 Apr 2025 01:40:44 GMT


[2025-04-13 10:40:45] [WARNING] ユーザー okinawa@miraiconst.onmicrosoft.com のOneDriveクォータ情報を取得できませんでした: User's mysite not found.

Status: 404 (NotFound)
ErrorCode: ResourceNotFound
Date: 2025-04-13T01:40:45

Headers:
Vary                          : Accept-Encoding
Strict-Transport-Security     : max-age=31536000
request-id                    : bb0d9379-fca3-41ce-8d31-ad5c82154dff
client-request-id             : 49d8d99f-317e-4df9-b6be-ec9f4476816d
x-ms-ags-diagnostic           : {"ServerInfo":{"DataCenter":"Japan West","Slice":"E","Ring":"3","ScaleUnit":"001","RoleInstance":"OS1PEPF0000566D"}}
Date                          : Sun, 13 Apr 2025 01:40:45 GMT


[2025-04-13 10:40:53] [WARNING] ユーザー ki-fujita_mitsuifudosan.co.jp#EXT#@miraiconst.onmicrosoft.com のOneDriveクォータ情報を取得できませんでした: User's mysite not found.

Status: 404 (NotFound)
ErrorCode: ResourceNotFound
Date: 2025-04-13T01:40:52

Headers:
Vary                          : Accept-Encoding
Strict-Transport-Security     : max-age=31536000
request-id                    : c3947db7-5791-47fe-a55a-cc77306dc178
client-request-id             : e6c8383c-9c42-4adb-aea3-85fc6bc27dc8
x-ms-ags-diagnostic           : {"ServerInfo":{"DataCenter":"Japan West","Slice":"E","Ring":"3","ScaleUnit":"001","RoleInstance":"OS1PEPF0000566D"}}
Date                          : Sun, 13 Apr 2025 01:40:52 GMT


[2025-04-13 10:40:55] [WARNING] ユーザー shikoku-rakuraku@mirai-const.co.jp のOneDriveクォータ情報を取得できませんでした: User's mysite not found.

Status: 404 (NotFound)
ErrorCode: ResourceNotFound
Date: 2025-04-13T01:40:55

Headers:
Vary                          : Accept-Encoding
Strict-Transport-Security     : max-age=31536000
request-id                    : c963c7be-e21b-4221-ac9c-4cdc2a162b6b
client-request-id             : 5255b3c7-e97e-4f34-9f8c-ad7aedf5bcb6
x-ms-ags-diagnostic           : {"ServerInfo":{"DataCenter":"Japan West","Slice":"E","Ring":"3","ScaleUnit":"001","RoleInstance":"OS1PEPF0000566D"}}
Date                          : Sun, 13 Apr 2025 01:40:55 GMT


[2025-04-13 10:40:57] [WARNING] ユーザー kanri-tokyo@mirai-const.co.jp のOneDriveクォータ情報を取得できませんでした: User's mysite not found.

Status: 404 (NotFound)
ErrorCode: ResourceNotFound
Date: 2025-04-13T01:40:56

Headers:
Vary                          : Accept-Encoding
Strict-Transport-Security     : max-age=31536000
request-id                    : f51ccc67-2101-4e99-b4bb-a821eccc12d0
client-request-id             : 52532daa-a331-4051-b688-fb72ac78de71
x-ms-ags-diagnostic           : {"ServerInfo":{"DataCenter":"Japan West","Slice":"E","Ring":"3","ScaleUnit":"001","RoleInstance":"OS1PEPF0000566D"}}
Date                          : Sun, 13 Apr 2025 01:40:55 GMT


[2025-04-13 10:41:01] [WARNING] ユーザー bid-info05m@mirai-const.co.jp のOneDriveクォータ情報を取得できませんでした: User's mysite not found.

Status: 404 (NotFound)
ErrorCode: ResourceNotFound
Date: 2025-04-13T01:41:01

Headers:
Vary                          : Accept-Encoding
Strict-Transport-Security     : max-age=31536000
request-id                    : d8d08565-e8ec-4bad-b813-4e4bfc5234ff
client-request-id             : 9809db22-9fd1-457a-9be2-831cf02bff90
x-ms-ags-diagnostic           : {"ServerInfo":{"DataCenter":"Japan West","Slice":"E","Ring":"3","ScaleUnit":"001","RoleInstance":"OS1PEPF0000566D"}}
Date                          : Sun, 13 Apr 2025 01:41:00 GMT


[2025-04-13 10:41:03] [WARNING] ユーザー cim-master12@mirai-const.co.jp のOneDriveクォータ情報を取得できませんでした: User's mysite not found.

Status: 404 (NotFound)
ErrorCode: ResourceNotFound
Date: 2025-04-13T01:41:03

Headers:
Vary                          : Accept-Encoding
Strict-Transport-Security     : max-age=31536000
request-id                    : 46d329ff-9b1a-4238-8f07-8a1dd9c99b08
client-request-id             : 6d325bca-3a6b-46c1-8e26-4ea2c217f176
x-ms-ags-diagnostic           : {"ServerInfo":{"DataCenter":"Japan West","Slice":"E","Ring":"3","ScaleUnit":"001","RoleInstance":"OS1PEPF00005677"}}
Date                          : Sun, 13 Apr 2025 01:41:03 GMT


[2025-04-13 10:41:03] [WARNING] ユーザー m-chugoku@miraiconst.onmicrosoft.com のOneDriveクォータ情報を取得できませんでした: User's mysite not found.

Status: 404 (NotFound)
ErrorCode: ResourceNotFound
Date: 2025-04-13T01:41:03

Headers:
Vary                          : Accept-Encoding
Strict-Transport-Security     : max-age=31536000
request-id                    : e3dcabed-2590-4658-b216-34061a99ef6e
client-request-id             : 9ca1d4ae-05b2-47f9-9bb8-dbbd1e0b0278
x-ms-ags-diagnostic           : {"ServerInfo":{"DataCenter":"Japan West","Slice":"E","Ring":"3","ScaleUnit":"001","RoleInstance":"OS1PEPF00005677"}}
Date                          : Sun, 13 Apr 2025 01:41:03 GMT


[2025-04-13 10:41:04] [WARNING] ユーザー mirai-zoom@miraiconst.onmicrosoft.com のOneDriveクォータ情報を取得できませんでした: User's mysite not found.

Status: 404 (NotFound)
ErrorCode: ResourceNotFound
Date: 2025-04-13T01:41:04

Headers:
Vary                          : Accept-Encoding
Strict-Transport-Security     : max-age=31536000
request-id                    : fde1878a-a379-4b42-8ca2-b05f4ff2f0ce
client-request-id             : e5160314-ec1f-4621-a5ea-02dce32f3018
x-ms-ags-diagnostic           : {"ServerInfo":{"DataCenter":"Japan West","Slice":"E","Ring":"3","ScaleUnit":"001","RoleInstance":"OS1PEPF00005677"}}
Date                          : Sun, 13 Apr 2025 01:41:04 GMT


[2025-04-13 10:41:05] [WARNING] ユーザー cim-master11@mirai-const.co.jp のOneDriveクォータ情報を取得できませんでした: User's mysite not found.

Status: 404 (NotFound)
ErrorCode: ResourceNotFound
Date: 2025-04-13T01:41:06

Headers:
Vary                          : Accept-Encoding
Strict-Transport-Security     : max-age=31536000
request-id                    : 393e8c6d-4215-48f2-9762-b0068c983c08
client-request-id             : 4b0da120-3603-474e-af3c-11b75bb1cd54
x-ms-ags-diagnostic           : {"ServerInfo":{"DataCenter":"Japan West","Slice":"E","Ring":"3","ScaleUnit":"001","RoleInstance":"OS1PEPF00005677"}}
Date                          : Sun, 13 Apr 2025 01:41:05 GMT


[2025-04-13 10:41:10] [WARNING] ユーザー compliance-hotline@miraiconst.onmicrosoft.com のOneDriveクォータ情報を取得できませんでした: User's mysite not found.

Status: 404 (NotFound)
ErrorCode: ResourceNotFound
Date: 2025-04-13T01:41:10

Headers:
Vary                          : Accept-Encoding
Strict-Transport-Security     : max-age=31536000
request-id                    : 1f59a5db-71b8-4f20-821f-a99dd5320216
client-request-id             : bc5e702f-a53d-4827-8571-83c5b0170510
x-ms-ags-diagnostic           : {"ServerInfo":{"DataCenter":"Japan West","Slice":"E","Ring":"3","ScaleUnit":"001","RoleInstance":"OS1PEPF00005677"}}
Date                          : Sun, 13 Apr 2025 01:41:10 GMT


[2025-04-13 10:41:10] [WARNING] ユーザー takuro.kumada_aaconst.co.jp#EXT#@miraiconst.onmicrosoft.com のOneDriveクォータ情報を取得できませんでした: User's mysite not found.

Status: 404 (NotFound)
ErrorCode: ResourceNotFound
Date: 2025-04-13T01:41:10

Headers:
Vary                          : Accept-Encoding
Strict-Transport-Security     : max-age=31536000
request-id                    : e93ce243-2f16-49ee-8168-0dd30001a142
client-request-id             : 573cee0c-e182-4840-891b-44854a82f2a5
x-ms-ags-diagnostic           : {"ServerInfo":{"DataCenter":"Japan West","Slice":"E","Ring":"3","ScaleUnit":"001","RoleInstance":"OS1PEPF00005677"}}
Date                          : Sun, 13 Apr 2025 01:41:10 GMT


[2025-04-13 10:41:13] [WARNING] ユーザー chiba-rakuraku@mirai-const.co.jp のOneDriveクォータ情報を取得できませんでした: User's mysite not found.

Status: 404 (NotFound)
ErrorCode: ResourceNotFound
Date: 2025-04-13T01:41:13

Headers:
Vary                          : Accept-Encoding
Strict-Transport-Security     : max-age=31536000
request-id                    : 27060ae9-39f6-4280-a144-54336f2cb787
client-request-id             : 3d241d96-0e5e-4ff6-bae3-dbe1779f66f5
x-ms-ags-diagnostic           : {"ServerInfo":{"DataCenter":"Japan West","Slice":"E","Ring":"3","ScaleUnit":"001","RoleInstance":"OS1PEPF00005677"}}
Date                          : Sun, 13 Apr 2025 01:41:13 GMT


[2025-04-13 10:41:13] [WARNING] ユーザー h_kawamura_cdit.or.jp#EXT#@miraiconst.onmicrosoft.com のOneDriveクォータ情報を取得できませんでした: User's mysite not found.

Status: 404 (NotFound)
ErrorCode: ResourceNotFound
Date: 2025-04-13T01:41:13

Headers:
Vary                          : Accept-Encoding
Strict-Transport-Security     : max-age=31536000
request-id                    : 2e4ff293-aea6-495f-803e-9c217decee03
client-request-id             : 1571ec0e-86aa-4878-955c-00d5eabf0f23
x-ms-ags-diagnostic           : {"ServerInfo":{"DataCenter":"Japan West","Slice":"E","Ring":"3","ScaleUnit":"001","RoleInstance":"OS1PEPF00005677"}}
Date                          : Sun, 13 Apr 2025 01:41:13 GMT


[2025-04-13 10:41:14] [WARNING] ユーザー y-kamei@mirai-const.co.jp のOneDriveクォータ情報を取得できませんでした: Method invocation failed because [System.Object[]] does not contain a method named 'op_Division'.
[2025-04-13 10:41:15] [WARNING] ユーザー bid-info03m@mirai-const.co.jp のOneDriveクォータ情報を取得できませんでした: User's mysite not found.

Status: 404 (NotFound)
ErrorCode: ResourceNotFound
Date: 2025-04-13T01:41:15

Headers:
Vary                          : Accept-Encoding
Strict-Transport-Security     : max-age=31536000
request-id                    : f7487e78-b720-4e19-a026-45a1f731e2f3
client-request-id             : 81adbefb-2be4-4836-9848-e0ea427737f3
x-ms-ags-diagnostic           : {"ServerInfo":{"DataCenter":"Japan West","Slice":"E","Ring":"3","ScaleUnit":"001","RoleInstance":"OS1PEPF00005677"}}
Date                          : Sun, 13 Apr 2025 01:41:14 GMT


[2025-04-13 10:41:16] [WARNING] ユーザー hokkaido-rakuraku@mirai-const.co.jp のOneDriveクォータ情報を取得できませんでした: User's mysite not found.

Status: 404 (NotFound)
ErrorCode: ResourceNotFound
Date: 2025-04-13T01:41:16

Headers:
Vary                          : Accept-Encoding
Strict-Transport-Security     : max-age=31536000
request-id                    : 90065a92-b51e-4ac8-97dd-90aac031d15b
client-request-id             : d70a48ef-7a9f-4df0-a2d3-e01f0f839831
x-ms-ags-diagnostic           : {"ServerInfo":{"DataCenter":"Japan West","Slice":"E","Ring":"3","ScaleUnit":"001","RoleInstance":"OS1PEPF00005677"}}
Date                          : Sun, 13 Apr 2025 01:41:16 GMT


[2025-04-13 10:41:17] [WARNING] ユーザー hp-kanri@miraiconst.onmicrosoft.com のOneDriveクォータ情報を取得できませんでした: User's mysite not found.

Status: 404 (NotFound)
ErrorCode: ResourceNotFound
Date: 2025-04-13T01:41:17

Headers:
Vary                          : Accept-Encoding
Strict-Transport-Security     : max-age=31536000
request-id                    : c95b13f6-ab90-4fee-a04a-1b2b3667e056
client-request-id             : 7f5db066-7607-4aec-be74-c2f5330c4f42
x-ms-ags-diagnostic           : {"ServerInfo":{"DataCenter":"Japan West","Slice":"E","Ring":"3","ScaleUnit":"001","RoleInstance":"OS1PEPF00005677"}}
Date                          : Sun, 13 Apr 2025 01:41:17 GMT


[2025-04-13 10:41:22] [WARNING] ユーザー e-watanabe@miraiconst.onmicrosoft.com のOneDriveクォータ情報を取得できませんでした: User's mysite not found.

Status: 404 (NotFound)
ErrorCode: ResourceNotFound
Date: 2025-04-13T01:41:22

Headers:
Vary                          : Accept-Encoding
Strict-Transport-Security     : max-age=31536000
request-id                    : dc1c10ef-70dc-4918-9dd6-27e356d6d4ca
client-request-id             : 1624d586-6814-4941-b140-27f8142132e8
x-ms-ags-diagnostic           : {"ServerInfo":{"DataCenter":"Japan West","Slice":"E","Ring":"3","ScaleUnit":"001","RoleInstance":"OS1PEPF00005677"}}
Date                          : Sun, 13 Apr 2025 01:41:22 GMT


[2025-04-13 10:41:22] [WARNING] ユーザー n-sunako@mirai-const.co.jp のOneDriveクォータ情報を取得できませんでした: Method invocation failed because [System.Object[]] does not contain a method named 'op_Division'.
[2025-04-13 10:41:23] [INFO] ユーザー n-sunako@mirai-const.co.jp のroleTemplateId: 69091246-20e8-4a56-aa4d-066075b2a7a8
[2025-04-13 10:41:23] [INFO] ユーザー n-sunako@mirai-const.co.jp は管理者ロール: 69091246-20e8-4a56-aa4d-066075b2a7a8
[2025-04-13 10:41:24] [WARNING] ユーザー yamasaki-s89fa_mlit.go.jp#EXT#@miraiconst.onmicrosoft.com のOneDriveクォータ情報を取得できませんでした: User's mysite not found.

Status: 404 (NotFound)
ErrorCode: ResourceNotFound
Date: 2025-04-13T01:41:24

Headers:
Vary                          : Accept-Encoding
Strict-Transport-Security     : max-age=31536000
request-id                    : b0de2966-5f18-49d4-baf3-3e29a9066bf3
client-request-id             : 7c2e5d12-0e1b-46c6-ab02-b59d4c0a44ea
x-ms-ags-diagnostic           : {"ServerInfo":{"DataCenter":"Japan West","Slice":"E","Ring":"3","ScaleUnit":"001","RoleInstance":"OS1PEPF00005677"}}
Date                          : Sun, 13 Apr 2025 01:41:24 GMT


[2025-04-13 10:41:25] [WARNING] ユーザー mail-info@miraiconst.onmicrosoft.com のOneDriveクォータ情報を取得できませんでした: User's mysite not found.

Status: 404 (NotFound)
ErrorCode: ResourceNotFound
Date: 2025-04-13T01:41:25

Headers:
Vary                          : Accept-Encoding
Strict-Transport-Security     : max-age=31536000
request-id                    : c817a234-0632-4a6b-af73-227465ca1468
client-request-id             : b2156aa9-02c2-4262-ac4d-2d25104dcf61
x-ms-ags-diagnostic           : {"ServerInfo":{"DataCenter":"Japan West","Slice":"E","Ring":"3","ScaleUnit":"001","RoleInstance":"OS1PEPF00005677"}}
Date                          : Sun, 13 Apr 2025 01:41:25 GMT


[2025-04-13 10:41:28] [WARNING] ユーザー k-tomioka@mirai-const.co.jp のOneDriveクォータ情報を取得できませんでした: Method invocation failed because [System.Object[]] does not contain a method named 'op_Division'.
[2025-04-13 10:41:30] [WARNING] ユーザー bid-info07m@mirai-const.co.jp のOneDriveクォータ情報を取得できませんでした: User's mysite not found.

Status: 404 (NotFound)
ErrorCode: ResourceNotFound
Date: 2025-04-13T01:41:30

Headers:
Vary                          : Accept-Encoding
Strict-Transport-Security     : max-age=31536000
request-id                    : c6a35fff-c2ba-4263-8aa1-732b47e71e5d
client-request-id             : 8234d990-350f-4b75-86d6-44c39a80434e
x-ms-ags-diagnostic           : {"ServerInfo":{"DataCenter":"Japan West","Slice":"E","Ring":"3","ScaleUnit":"001","RoleInstance":"OS1PEPF00005677"}}
Date                          : Sun, 13 Apr 2025 01:41:29 GMT


[2025-04-13 10:41:32] [WARNING] ユーザー cim-master08@mirai-const.co.jp のOneDriveクォータ情報を取得できませんでした: User's mysite not found.

Status: 404 (NotFound)
ErrorCode: ResourceNotFound
Date: 2025-04-13T01:41:33

Headers:
Vary                          : Accept-Encoding
Strict-Transport-Security     : max-age=31536000
request-id                    : 616872bf-d59f-46c7-95e5-329b4fdcacd5
client-request-id             : 6d748028-9244-4d0d-9c50-c9f63e3f3244
x-ms-ags-diagnostic           : {"ServerInfo":{"DataCenter":"Japan West","Slice":"E","Ring":"3","ScaleUnit":"001","RoleInstance":"OS1PEPF00005677"}}
Date                          : Sun, 13 Apr 2025 01:41:32 GMT


[2025-04-13 10:41:36] [WARNING] ユーザー y-tsuzuki@mirai-const.co.jp のOneDriveクォータ情報を取得できませんでした: User's mysite not found.

Status: 404 (NotFound)
ErrorCode: ResourceNotFound
Date: 2025-04-13T01:41:36

Headers:
Vary                          : Accept-Encoding
Strict-Transport-Security     : max-age=31536000
request-id                    : 92ada655-0bda-46cb-9e45-1f701e2b7ed1
client-request-id             : 5f1ac133-1f9a-48a1-aaf9-96f46efa3e34
x-ms-ags-diagnostic           : {"ServerInfo":{"DataCenter":"Japan West","Slice":"E","Ring":"3","ScaleUnit":"001","RoleInstance":"OS1PEPF00005677"}}
Date                          : Sun, 13 Apr 2025 01:41:36 GMT


[2025-04-13 10:41:37] [WARNING] ユーザー m-info@miraiconst.onmicrosoft.com のOneDriveクォータ情報を取得できませんでした: User's mysite not found.

Status: 404 (NotFound)
ErrorCode: ResourceNotFound
Date: 2025-04-13T01:41:37

Headers:
Vary                          : Accept-Encoding
Strict-Transport-Security     : max-age=31536000
request-id                    : 2776cd47-9a50-45b6-8c0e-def9df69b760
client-request-id             : 7bb043ce-3352-4833-85fe-da3cc73940a9
x-ms-ags-diagnostic           : {"ServerInfo":{"DataCenter":"Japan West","Slice":"E","Ring":"3","ScaleUnit":"001","RoleInstance":"OS1PEPF00005677"}}
Date                          : Sun, 13 Apr 2025 01:41:37 GMT


[2025-04-13 10:41:39] [WARNING] ユーザー hokkaido@miraiconst.onmicrosoft.com のOneDriveクォータ情報を取得できませんでした: User's mysite not found.

Status: 404 (NotFound)
ErrorCode: ResourceNotFound
Date: 2025-04-13T01:41:39

Headers:
Vary                          : Accept-Encoding
Strict-Transport-Security     : max-age=31536000
request-id                    : 10db0a0e-79ee-4bfc-bdf4-23a482cdd912
client-request-id             : d54834da-dcfa-4e16-aa2b-87b00f293380
x-ms-ags-diagnostic           : {"ServerInfo":{"DataCenter":"Japan West","Slice":"E","Ring":"3","ScaleUnit":"001","RoleInstance":"OS1PEPF00005677"}}
Date                          : Sun, 13 Apr 2025 01:41:39 GMT


[2025-04-13 10:41:40] [WARNING] ユーザー yokohama-rakuraku@mirai-const.co.jp のOneDriveクォータ情報を取得できませんでした: User's mysite not found.

Status: 404 (NotFound)
ErrorCode: ResourceNotFound
Date: 2025-04-13T01:41:41

Headers:
Vary                          : Accept-Encoding
Strict-Transport-Security     : max-age=31536000
request-id                    : 548ee76d-acce-499b-aa21-1090c59fd1d5
client-request-id             : f6880666-b47a-4536-a1e1-8fcf5dd4be80
x-ms-ags-diagnostic           : {"ServerInfo":{"DataCenter":"Japan West","Slice":"E","Ring":"3","ScaleUnit":"001","RoleInstance":"OS1PEPF00005677"}}
Date                          : Sun, 13 Apr 2025 01:41:40 GMT


[2025-04-13 10:41:42] [WARNING] ユーザー keieikikaku@miraiconst.onmicrosoft.com のOneDriveクォータ情報を取得できませんでした: User's mysite not found.

Status: 404 (NotFound)
ErrorCode: ResourceNotFound
Date: 2025-04-13T01:41:42

Headers:
Vary                          : Accept-Encoding
Strict-Transport-Security     : max-age=31536000
request-id                    : 4f01aa1b-5304-4c9a-857b-985d8d93bf8c
client-request-id             : dd07d2e5-e5a9-4ec4-bf5c-c5fb008c061b
x-ms-ags-diagnostic           : {"ServerInfo":{"DataCenter":"Japan West","Slice":"E","Ring":"3","ScaleUnit":"001","RoleInstance":"OS1PEPF00005677"}}
Date                          : Sun, 13 Apr 2025 01:41:41 GMT


[2025-04-13 10:41:44] [WARNING] ユーザー bid-info11m@mirai-const.co.jp のOneDriveクォータ情報を取得できませんでした: User's mysite not found.

Status: 404 (NotFound)
ErrorCode: ResourceNotFound
Date: 2025-04-13T01:41:44

Headers:
Vary                          : Accept-Encoding
Strict-Transport-Security     : max-age=31536000
request-id                    : 030e2233-d430-4313-bf18-3528e06371ca
client-request-id             : 7a7ac291-6641-4319-b0ed-d7c25607b20a
x-ms-ags-diagnostic           : {"ServerInfo":{"DataCenter":"Japan West","Slice":"E","Ring":"3","ScaleUnit":"001","RoleInstance":"OS1PEPF00005677"}}
Date                          : Sun, 13 Apr 2025 01:41:44 GMT


[2025-04-13 10:41:46] [WARNING] ユーザー bid-info08m@mirai-const.co.jp のOneDriveクォータ情報を取得できませんでした: User's mysite not found.

Status: 404 (NotFound)
ErrorCode: ResourceNotFound
Date: 2025-04-13T01:41:45

Headers:
Vary                          : Accept-Encoding
Strict-Transport-Security     : max-age=31536000
request-id                    : bdb66af4-687c-48b2-b4bc-37621ecad801
client-request-id             : 81c80d98-b62f-4e33-9eed-9d86b73ea6fe
x-ms-ags-diagnostic           : {"ServerInfo":{"DataCenter":"Japan West","Slice":"E","Ring":"3","ScaleUnit":"001","RoleInstance":"OS1PEPF00005677"}}
Date                          : Sun, 13 Apr 2025 01:41:45 GMT


[2025-04-13 10:41:48] [WARNING] ユーザー cim-master16@mirai-const.co.jp のOneDriveクォータ情報を取得できませんでした: User's mysite not found.

Status: 404 (NotFound)
ErrorCode: ResourceNotFound
Date: 2025-04-13T01:41:48

Headers:
Vary                          : Accept-Encoding
Strict-Transport-Security     : max-age=31536000
request-id                    : 36287dce-403d-4975-8087-b963946428aa
client-request-id             : 738a4213-ff2d-4808-8b00-2e851774921d
x-ms-ags-diagnostic           : {"ServerInfo":{"DataCenter":"Japan West","Slice":"E","Ring":"3","ScaleUnit":"001","RoleInstance":"OS1PEPF00005677"}}
Date                          : Sun, 13 Apr 2025 01:41:47 GMT


[2025-04-13 10:41:49] [WARNING] ユーザー cim-master06@mirai-const.co.jp のOneDriveクォータ情報を取得できませんでした: User's mysite not found.

Status: 404 (NotFound)
ErrorCode: ResourceNotFound
Date: 2025-04-13T01:41:50

Headers:
Vary                          : Accept-Encoding
Strict-Transport-Security     : max-age=31536000
request-id                    : 31fc1263-3439-4075-be24-42e247a8da7e
client-request-id             : 0da9fcf7-bd11-44f7-95c0-da83f8997415
x-ms-ags-diagnostic           : {"ServerInfo":{"DataCenter":"Japan West","Slice":"E","Ring":"3","ScaleUnit":"001","RoleInstance":"OS1PEPF00005677"}}
Date                          : Sun, 13 Apr 2025 01:41:49 GMT


[2025-04-13 10:41:53] [WARNING] ユーザー S.Nagano_otsuka-shokai.co.jp#EXT#@miraiconst.onmicrosoft.com のOneDriveクォータ情報を取得できませんでした: User's mysite not found.

Status: 404 (NotFound)
ErrorCode: ResourceNotFound
Date: 2025-04-13T01:41:53

Headers:
Vary                          : Accept-Encoding
Strict-Transport-Security     : max-age=31536000
request-id                    : fd37a556-a49b-4cea-a9fb-890f601d3fca
client-request-id             : 093f019d-1e5b-4a90-8a81-83d15ac9e4e0
x-ms-ags-diagnostic           : {"ServerInfo":{"DataCenter":"Japan West","Slice":"E","Ring":"3","ScaleUnit":"001","RoleInstance":"OS1PEPF00005677"}}
Date                          : Sun, 13 Apr 2025 01:41:53 GMT


[2025-04-13 10:41:53] [WARNING] ユーザー k-sugimoto@miraiconst.onmicrosoft.com のOneDriveクォータ情報を取得できませんでした: User's mysite not found.

Status: 404 (NotFound)
ErrorCode: ResourceNotFound
Date: 2025-04-13T01:41:53

Headers:
Vary                          : Accept-Encoding
Strict-Transport-Security     : max-age=31536000
request-id                    : ae192d52-6265-4a9b-924f-1ff40eb47786
client-request-id             : 43e67b20-04db-42ab-9745-c0876374ef6f
x-ms-ags-diagnostic           : {"ServerInfo":{"DataCenter":"Japan West","Slice":"E","Ring":"3","ScaleUnit":"001","RoleInstance":"OS1PEPF00005677"}}
Date                          : Sun, 13 Apr 2025 01:41:53 GMT


[2025-04-13 10:41:55] [WARNING] ユーザー kita-kyushu@miraiconst.onmicrosoft.com のOneDriveクォータ情報を取得できませんでした: User's mysite not found.

Status: 404 (NotFound)
ErrorCode: ResourceNotFound
Date: 2025-04-13T01:41:55

Headers:
Vary                          : Accept-Encoding
Strict-Transport-Security     : max-age=31536000
request-id                    : f5bf7287-b746-4f4e-8913-12ddef540eeb
client-request-id             : 5724ab01-d941-4dfa-9627-03805a70eb0c
x-ms-ags-diagnostic           : {"ServerInfo":{"DataCenter":"Japan West","Slice":"E","Ring":"3","ScaleUnit":"001","RoleInstance":"OS1PEPF00005677"}}
Date                          : Sun, 13 Apr 2025 01:41:54 GMT


[2025-04-13 10:41:57] [WARNING] ユーザー bid-info@mirai-const.co.jp のOneDriveクォータ情報を取得できませんでした: User's mysite not found.

Status: 404 (NotFound)
ErrorCode: ResourceNotFound
Date: 2025-04-13T01:41:57

Headers:
Vary                          : Accept-Encoding
Strict-Transport-Security     : max-age=31536000
request-id                    : 8b9ef0b7-92bf-4cee-8b15-b8d45d9baa22
client-request-id             : b814af54-4215-4f8b-a5e0-83d10bd20416
x-ms-ags-diagnostic           : {"ServerInfo":{"DataCenter":"Japan West","Slice":"E","Ring":"3","ScaleUnit":"001","RoleInstance":"OS1PEPF00005677"}}
Date                          : Sun, 13 Apr 2025 01:41:57 GMT


[2025-04-13 10:41:59] [WARNING] ユーザー bid-info01m@mirai-const.co.jp のOneDriveクォータ情報を取得できませんでした: User's mysite not found.

Status: 404 (NotFound)
ErrorCode: ResourceNotFound
Date: 2025-04-13T01:41:58

Headers:
Vary                          : Accept-Encoding
Strict-Transport-Security     : max-age=31536000
request-id                    : d2b0f7cd-1126-42de-81f1-5388d3b3b5bf
client-request-id             : 2b8b1576-2ec8-45d1-ad8a-e3ec140d748a
x-ms-ags-diagnostic           : {"ServerInfo":{"DataCenter":"Japan West","Slice":"E","Ring":"3","ScaleUnit":"001","RoleInstance":"OS1PEPF00005677"}}
Date                          : Sun, 13 Apr 2025 01:41:58 GMT


[2025-04-13 10:42:00] [INFO] ユーザー r-niikura@mirai-const.co.jp のroleTemplateId: 62e90394-69f5-4237-9190-012177145e10
[2025-04-13 10:42:00] [INFO] ユーザー r-niikura@mirai-const.co.jp は管理者ロール: 62e90394-69f5-4237-9190-012177145e10
[2025-04-13 10:42:00] [WARNING] ユーザー zaimu@mirai-const.co.jp のOneDriveクォータ情報を取得できませんでした: User's mysite not found.

Status: 404 (NotFound)
ErrorCode: ResourceNotFound
Date: 2025-04-13T01:42:00

Headers:
Vary                          : Accept-Encoding
Strict-Transport-Security     : max-age=31536000
request-id                    : 768b12f8-99e4-4639-bc5e-f7c49a6c5979
client-request-id             : 1f00abbd-a0c1-4fae-94e7-536ff2b59ad5
x-ms-ags-diagnostic           : {"ServerInfo":{"DataCenter":"Japan West","Slice":"E","Ring":"3","ScaleUnit":"001","RoleInstance":"OS1PEPF00005677"}}
Date                          : Sun, 13 Apr 2025 01:42:00 GMT


[2025-04-13 10:42:03] [INFO] ユーザー k-okada@mirai-const.co.jp のroleTemplateId: 69091246-20e8-4a56-aa4d-066075b2a7a8
[2025-04-13 10:42:03] [INFO] ユーザー k-okada@mirai-const.co.jp は管理者ロール: 69091246-20e8-4a56-aa4d-066075b2a7a8
[2025-04-13 10:42:04] [WARNING] ユーザー cim-master15@mirai-const.co.jp のOneDriveクォータ情報を取得できませんでした: User's mysite not found.

Status: 404 (NotFound)
ErrorCode: ResourceNotFound
Date: 2025-04-13T01:42:04

Headers:
Vary                          : Accept-Encoding
Strict-Transport-Security     : max-age=31536000
request-id                    : 2fcac80a-bfab-40d8-ac56-2eb36e24c399
client-request-id             : 3defbac8-93c7-4d49-b680-5f321ecfb631
x-ms-ags-diagnostic           : {"ServerInfo":{"DataCenter":"Japan West","Slice":"E","Ring":"3","ScaleUnit":"001","RoleInstance":"OS1PEPF0000B564"}}
Date                          : Sun, 13 Apr 2025 01:42:03 GMT


[2025-04-13 10:42:06] [WARNING] ユーザー ats-watanabe_mitsuifudosan.co.jp#EXT#@miraiconst.onmicrosoft.com のOneDriveクォータ情報を取得できませんでした: User's mysite not found.

Status: 404 (NotFound)
ErrorCode: ResourceNotFound
Date: 2025-04-13T01:42:06

Headers:
Vary                          : Accept-Encoding
Strict-Transport-Security     : max-age=31536000
request-id                    : 0b896b80-701b-4a03-9906-24e77a3ffe52
client-request-id             : 44feba64-0a40-4f03-a186-7df9d1d6fd2c
x-ms-ags-diagnostic           : {"ServerInfo":{"DataCenter":"Japan West","Slice":"E","Ring":"3","ScaleUnit":"001","RoleInstance":"OS1PEPF0000B564"}}
Date                          : Sun, 13 Apr 2025 01:42:05 GMT


[2025-04-13 10:42:07] [WARNING] ユーザー t-kumai@miraiconst.onmicrosoft.com のOneDriveクォータ情報を取得できませんでした: User's mysite not found.

Status: 404 (NotFound)
ErrorCode: ResourceNotFound
Date: 2025-04-13T01:42:07

Headers:
Vary                          : Accept-Encoding
Strict-Transport-Security     : max-age=31536000
request-id                    : 9b5d38db-c257-4033-8275-0dd724ef4677
client-request-id             : b0b3d5ab-9a3b-4b03-97fc-db22a4b2e732
x-ms-ags-diagnostic           : {"ServerInfo":{"DataCenter":"Japan West","Slice":"E","Ring":"3","ScaleUnit":"001","RoleInstance":"OS1PEPF0000B564"}}
Date                          : Sun, 13 Apr 2025 01:42:06 GMT


[2025-04-13 10:42:09] [WARNING] ユーザー bid-info12m@mirai-const.co.jp のOneDriveクォータ情報を取得できませんでした: User's mysite not found.

Status: 404 (NotFound)
ErrorCode: ResourceNotFound
Date: 2025-04-13T01:42:09

Headers:
Vary                          : Accept-Encoding
Strict-Transport-Security     : max-age=31536000
request-id                    : e599f61f-047d-43dc-824d-02d4446fa9b7
client-request-id             : ec661355-e5b1-4435-80f9-07a63aaea358
x-ms-ags-diagnostic           : {"ServerInfo":{"DataCenter":"Japan West","Slice":"E","Ring":"3","ScaleUnit":"001","RoleInstance":"OS1PEPF0000B564"}}
Date                          : Sun, 13 Apr 2025 01:42:09 GMT


[2025-04-13 10:42:09] [WARNING] ユーザー cim-master03@mirai-const.co.jp のOneDriveクォータ情報を取得できませんでした: User's mysite not found.

Status: 404 (NotFound)
ErrorCode: ResourceNotFound
Date: 2025-04-13T01:42:10

Headers:
Vary                          : Accept-Encoding
Strict-Transport-Security     : max-age=31536000
request-id                    : ad123d03-2180-4967-9588-7c6b90ff6f94
client-request-id             : 01ba6e7d-13df-4535-a6c7-c9ada16cd248
x-ms-ags-diagnostic           : {"ServerInfo":{"DataCenter":"Japan West","Slice":"E","Ring":"3","ScaleUnit":"001","RoleInstance":"OS1PEPF0000B564"}}
Date                          : Sun, 13 Apr 2025 01:42:09 GMT


[2025-04-13 10:42:14] [WARNING] ユーザー tech@miraiconst.onmicrosoft.com のOneDriveクォータ情報を取得できませんでした: User's mysite not found.

Status: 404 (NotFound)
ErrorCode: ResourceNotFound
Date: 2025-04-13T01:42:14

Headers:
Vary                          : Accept-Encoding
Strict-Transport-Security     : max-age=31536000
request-id                    : 4bd29f44-f84d-4840-a7c6-86eb4c7a687c
client-request-id             : 33862971-bcce-4d86-9ded-3cc47390714d
x-ms-ags-diagnostic           : {"ServerInfo":{"DataCenter":"Japan West","Slice":"E","Ring":"3","ScaleUnit":"001","RoleInstance":"OS1PEPF0000B564"}}
Date                          : Sun, 13 Apr 2025 01:42:14 GMT


[2025-04-13 10:42:15] [WARNING] ユーザー sketchup@miraiconst.onmicrosoft.com のOneDriveクォータ情報を取得できませんでした: User's mysite not found.

Status: 404 (NotFound)
ErrorCode: ResourceNotFound
Date: 2025-04-13T01:42:16

Headers:
Vary                          : Accept-Encoding
Strict-Transport-Security     : max-age=31536000
request-id                    : 5bad43ff-24b8-417e-a4dd-e18128610d5f
client-request-id             : 2ccbcd16-9e34-4278-a590-a1c40465b1dd
x-ms-ags-diagnostic           : {"ServerInfo":{"DataCenter":"Japan West","Slice":"E","Ring":"3","ScaleUnit":"001","RoleInstance":"OS1PEPF0000B564"}}
Date                          : Sun, 13 Apr 2025 01:42:15 GMT


[2025-04-13 10:42:16] [WARNING] ユーザー y-tajima@mirai-const.co.jp のOneDriveクォータ情報を取得できませんでした: User's mysite not found.

Status: 404 (NotFound)
ErrorCode: ResourceNotFound
Date: 2025-04-13T01:42:16

Headers:
Vary                          : Accept-Encoding
Strict-Transport-Security     : max-age=31536000
request-id                    : 8449789a-eee3-439b-b233-464e9f2586fc
client-request-id             : ef58a451-0796-4bdc-90a5-976ac8ef746d
x-ms-ags-diagnostic           : {"ServerInfo":{"DataCenter":"Japan West","Slice":"E","Ring":"3","ScaleUnit":"001","RoleInstance":"OS1PEPF0000B564"}}
Date                          : Sun, 13 Apr 2025 01:42:16 GMT


[2025-04-13 10:42:16] [WARNING] ユーザー kaikei-support@mirai-const.co.jp のOneDriveクォータ情報を取得できませんでした: User's mysite not found.

Status: 404 (NotFound)
ErrorCode: ResourceNotFound
Date: 2025-04-13T01:42:16

Headers:
Vary                          : Accept-Encoding
Strict-Transport-Security     : max-age=31536000
request-id                    : 020d2cc8-2e6c-4e1f-bfb6-e7819541c9bc
client-request-id             : 7ba691ef-2f20-48d7-b90c-64fa4c1fe7af
x-ms-ags-diagnostic           : {"ServerInfo":{"DataCenter":"Japan West","Slice":"E","Ring":"3","ScaleUnit":"001","RoleInstance":"OS1PEPF0000B564"}}
Date                          : Sun, 13 Apr 2025 01:42:16 GMT


[2025-04-13 10:42:18] [WARNING] ユーザー m-suzuki@mirai-const.co.jp のOneDriveクォータ情報を取得できませんでした: User's mysite not found.

Status: 404 (NotFound)
ErrorCode: ResourceNotFound
Date: 2025-04-13T01:42:18

Headers:
Vary                          : Accept-Encoding
Strict-Transport-Security     : max-age=31536000
request-id                    : 868bbffc-85e7-4f2b-8057-5d2b57a93436
client-request-id             : 38ca907c-bd84-42c9-911e-ac263a11d894
x-ms-ags-diagnostic           : {"ServerInfo":{"DataCenter":"Japan West","Slice":"E","Ring":"3","ScaleUnit":"001","RoleInstance":"OS1PEPF0000B564"}}
Date                          : Sun, 13 Apr 2025 01:42:18 GMT


[2025-04-13 10:42:20] [WARNING] ユーザー Sync_AZSV0001_b63ec191406d@miraiconst.onmicrosoft.com のOneDriveクォータ情報を取得できませんでした: User's mysite not found.

Status: 404 (NotFound)
ErrorCode: ResourceNotFound
Date: 2025-04-13T01:42:20

Headers:
Vary                          : Accept-Encoding
Strict-Transport-Security     : max-age=31536000
request-id                    : dcf368b8-cde6-4b4e-a968-a5245f3241a8
client-request-id             : b3e22bc9-4da8-4080-9a81-c085da0fe351
x-ms-ags-diagnostic           : {"ServerInfo":{"DataCenter":"Japan West","Slice":"E","Ring":"3","ScaleUnit":"001","RoleInstance":"OS1PEPF0000B564"}}
Date                          : Sun, 13 Apr 2025 01:42:19 GMT


[2025-04-13 10:42:20] [INFO] ユーザー Sync_AZSV0001_b63ec191406d@miraiconst.onmicrosoft.com のroleTemplateId: d29b2b05-8046-44ba-8758-1e26182fcf32
[2025-04-13 10:42:21] [WARNING] ユーザー kanri-kyushu@mirai-const.co.jp のOneDriveクォータ情報を取得できませんでした: User's mysite not found.

Status: 404 (NotFound)
ErrorCode: ResourceNotFound
Date: 2025-04-13T01:42:21

Headers:
Vary                          : Accept-Encoding
Strict-Transport-Security     : max-age=31536000
request-id                    : 306a5c4e-7ee7-4fcf-a303-88c4345b19db
client-request-id             : f868bea1-1bea-4574-b10b-701cd83de743
x-ms-ags-diagnostic           : {"ServerInfo":{"DataCenter":"Japan West","Slice":"E","Ring":"3","ScaleUnit":"001","RoleInstance":"OS1PEPF0000B564"}}
Date                          : Sun, 13 Apr 2025 01:42:20 GMT


[2025-04-13 10:42:23] [WARNING] ユーザー bid-info04m@mirai-const.co.jp のOneDriveクォータ情報を取得できませんでした: User's mysite not found.

Status: 404 (NotFound)
ErrorCode: ResourceNotFound
Date: 2025-04-13T01:42:23

Headers:
Vary                          : Accept-Encoding
Strict-Transport-Security     : max-age=31536000
request-id                    : 1eb56a76-531d-4b5e-b975-8a72e4492159
client-request-id             : 6e625d49-79aa-47fe-b1be-7908f2a85675
x-ms-ags-diagnostic           : {"ServerInfo":{"DataCenter":"Japan West","Slice":"E","Ring":"3","ScaleUnit":"001","RoleInstance":"OS1PEPF0000B564"}}
Date                          : Sun, 13 Apr 2025 01:42:23 GMT


[2025-04-13 10:42:24] [WARNING] ユーザー cim-master04@mirai-const.co.jp のOneDriveクォータ情報を取得できませんでした: User's mysite not found.

Status: 404 (NotFound)
ErrorCode: ResourceNotFound
Date: 2025-04-13T01:42:24

Headers:
Vary                          : Accept-Encoding
Strict-Transport-Security     : max-age=31536000
request-id                    : 005a6d44-cb76-4161-a64a-507c85b1224a
client-request-id             : 2eb2b15c-46e9-4507-9ce7-4cf2e560cd28
x-ms-ags-diagnostic           : {"ServerInfo":{"DataCenter":"Japan West","Slice":"E","Ring":"3","ScaleUnit":"001","RoleInstance":"OS1PEPF0000B564"}}
Date                          : Sun, 13 Apr 2025 01:42:24 GMT


[2025-04-13 10:42:24] [WARNING] ユーザー share@mirai-const.co.jp のOneDriveクォータ情報を取得できませんでした: User's mysite not found.

Status: 404 (NotFound)
ErrorCode: ResourceNotFound
Date: 2025-04-13T01:42:24

Headers:
Vary                          : Accept-Encoding
Strict-Transport-Security     : max-age=31536000
request-id                    : 4908a42b-b639-4cbf-a558-324d3bbbb0ea
client-request-id             : db977e22-9721-4fbb-9090-b96654521fa1
x-ms-ags-diagnostic           : {"ServerInfo":{"DataCenter":"Japan West","Slice":"E","Ring":"3","ScaleUnit":"001","RoleInstance":"OS1PEPF0000B564"}}
Date                          : Sun, 13 Apr 2025 01:42:24 GMT


[2025-04-13 10:42:25] [WARNING] ユーザー kitakyushu-rakuraku@mirai-const.co.jp のOneDriveクォータ情報を取得できませんでした: User's mysite not found.

Status: 404 (NotFound)
ErrorCode: ResourceNotFound
Date: 2025-04-13T01:42:25

Headers:
Vary                          : Accept-Encoding
Strict-Transport-Security     : max-age=31536000
request-id                    : 718d647f-d558-4de0-bdff-1c16b3584457
client-request-id             : 418f2089-26e0-4013-97ef-618e4c55083e
x-ms-ags-diagnostic           : {"ServerInfo":{"DataCenter":"Japan West","Slice":"E","Ring":"3","ScaleUnit":"001","RoleInstance":"OS1PEPF0000B564"}}
Date                          : Sun, 13 Apr 2025 01:42:24 GMT


[2025-04-13 10:42:25] [WARNING] ユーザー amazon-biz@mirai-const.co.jp のOneDriveクォータ情報を取得できませんでした: User's mysite not found.

Status: 404 (NotFound)
ErrorCode: ResourceNotFound
Date: 2025-04-13T01:42:25

Headers:
Vary                          : Accept-Encoding
Strict-Transport-Security     : max-age=31536000
request-id                    : 76012a96-0a72-449c-8b7e-658d5fb82b48
client-request-id             : 0b8db7ac-e381-48a5-8128-b59e36e7e0d1
x-ms-ags-diagnostic           : {"ServerInfo":{"DataCenter":"Japan West","Slice":"E","Ring":"3","ScaleUnit":"001","RoleInstance":"OS1PEPF0000B564"}}
Date                          : Sun, 13 Apr 2025 01:42:24 GMT


[2025-04-13 10:42:27] [WARNING] ユーザー k-hirabayashi@mirai-const.co.jp のOneDriveクォータ情報を取得できませんでした: User's mysite not found.

Status: 404 (NotFound)
ErrorCode: ResourceNotFound
Date: 2025-04-13T01:42:27

Headers:
Vary                          : Accept-Encoding
Strict-Transport-Security     : max-age=31536000
request-id                    : 96a914a0-9288-4212-ad55-704d5f650b6f
client-request-id             : 01c3487f-8660-470a-bc1e-b99ccaccd2a6
x-ms-ags-diagnostic           : {"ServerInfo":{"DataCenter":"Japan West","Slice":"E","Ring":"3","ScaleUnit":"001","RoleInstance":"OS1PEPF0000B564"}}
Date                          : Sun, 13 Apr 2025 01:42:27 GMT


[2025-04-13 10:42:27] [WARNING] ユーザー shizuoka-rakuraku@mirai-const.co.jp のOneDriveクォータ情報を取得できませんでした: User's mysite not found.

Status: 404 (NotFound)
ErrorCode: ResourceNotFound
Date: 2025-04-13T01:42:27

Headers:
Vary                          : Accept-Encoding
Strict-Transport-Security     : max-age=31536000
request-id                    : 1c9adaaf-ec46-4e19-a610-75cef15c9914
client-request-id             : 7cb25151-819a-46db-ad94-51777c1176ea
x-ms-ags-diagnostic           : {"ServerInfo":{"DataCenter":"Japan West","Slice":"E","Ring":"3","ScaleUnit":"001","RoleInstance":"OS1PEPF0000B564"}}
Date                          : Sun, 13 Apr 2025 01:42:27 GMT


[2025-04-13 10:42:28] [WARNING] ユーザー tokyokouji-rakuraku@mirai-const.co.jp のOneDriveクォータ情報を取得できませんでした: User's mysite not found.

Status: 404 (NotFound)
ErrorCode: ResourceNotFound
Date: 2025-04-13T01:42:28

Headers:
Vary                          : Accept-Encoding
Strict-Transport-Security     : max-age=31536000
request-id                    : e730a4f5-bd6a-4800-bee0-69aa075e0d80
client-request-id             : 35a01576-7369-48e3-ae31-533fe71e0aa7
x-ms-ags-diagnostic           : {"ServerInfo":{"DataCenter":"Japan West","Slice":"E","Ring":"3","ScaleUnit":"001","RoleInstance":"OS1PEPF0000B564"}}
Date                          : Sun, 13 Apr 2025 01:42:27 GMT


[2025-04-13 10:42:31] [WARNING] ユーザー honsya2-1@miraiconst.onmicrosoft.com のOneDriveクォータ情報を取得できませんでした: User's mysite not found.

Status: 404 (NotFound)
ErrorCode: ResourceNotFound
Date: 2025-04-13T01:42:31

Headers:
Vary                          : Accept-Encoding
Strict-Transport-Security     : max-age=31536000
request-id                    : 61e6cddd-01de-4e40-a39f-e2e76cd76942
client-request-id             : 2eaf0566-bf05-4d97-9d16-b2c33be964af
x-ms-ags-diagnostic           : {"ServerInfo":{"DataCenter":"Japan West","Slice":"E","Ring":"3","ScaleUnit":"001","RoleInstance":"OS1PEPF0000B564"}}
Date                          : Sun, 13 Apr 2025 01:42:30 GMT


[2025-04-13 10:42:33] [WARNING] ユーザー ito_mainmark.co.jp#EXT#@miraiconst.onmicrosoft.com のOneDriveクォータ情報を取得できませんでした: User's mysite not found.

Status: 404 (NotFound)
ErrorCode: ResourceNotFound
Date: 2025-04-13T01:42:33

Headers:
Vary                          : Accept-Encoding
Strict-Transport-Security     : max-age=31536000
request-id                    : 811df667-9a50-4b39-9064-c85b1db8e826
client-request-id             : b4a5180a-4231-4c5f-83b1-df71e31e0650
x-ms-ags-diagnostic           : {"ServerInfo":{"DataCenter":"Japan West","Slice":"E","Ring":"3","ScaleUnit":"001","RoleInstance":"OS1PEPF0000B564"}}
Date                          : Sun, 13 Apr 2025 01:42:32 GMT


[2025-04-13 10:42:34] [WARNING] ユーザー yk-takahashi_mitsuifudosan.co.jp#EXT#@miraiconst.onmicrosoft.com のOneDriveクォータ情報を取得できませんでした: User's mysite not found.

Status: 404 (NotFound)
ErrorCode: ResourceNotFound
Date: 2025-04-13T01:42:34

Headers:
Vary                          : Accept-Encoding
Strict-Transport-Security     : max-age=31536000
request-id                    : fd53aea6-7749-4999-adb5-6e7d2d62bd27
client-request-id             : a54b0776-96c1-4280-ad09-fb8b7b965cd6
x-ms-ags-diagnostic           : {"ServerInfo":{"DataCenter":"Japan West","Slice":"E","Ring":"3","ScaleUnit":"001","RoleInstance":"OS1PEPF0000B564"}}
Date                          : Sun, 13 Apr 2025 01:42:34 GMT


[2025-04-13 10:42:35] [WARNING] ユーザー chugoku-rakuraku@mirai-const.co.jp のOneDriveクォータ情報を取得できませんでした: User's mysite not found.

Status: 404 (NotFound)
ErrorCode: ResourceNotFound
Date: 2025-04-13T01:42:35

Headers:
Vary                          : Accept-Encoding
Strict-Transport-Security     : max-age=31536000
request-id                    : 5626105f-2ba4-4044-9a17-15b2ee3a0658
client-request-id             : 1fbd9505-bb43-46c6-8381-4b3e0979e5cd
x-ms-ags-diagnostic           : {"ServerInfo":{"DataCenter":"Japan West","Slice":"E","Ring":"3","ScaleUnit":"001","RoleInstance":"OS1PEPF0000B564"}}
Date                          : Sun, 13 Apr 2025 01:42:35 GMT


[2025-04-13 10:42:36] [WARNING] ユーザー webadmin@miraiconst.onmicrosoft.com のOneDriveクォータ情報を取得できませんでした: User's mysite not found.

Status: 404 (NotFound)
ErrorCode: ResourceNotFound
Date: 2025-04-13T01:42:37

Headers:
Vary                          : Accept-Encoding
Strict-Transport-Security     : max-age=31536000
request-id                    : 0c5b951f-8944-452e-8a0a-2cfb78058bdf
client-request-id             : ff220f20-f24c-4bcc-a4fd-13d97b5e1b6e
x-ms-ags-diagnostic           : {"ServerInfo":{"DataCenter":"Japan West","Slice":"E","Ring":"3","ScaleUnit":"001","RoleInstance":"OS1PEPF0000B564"}}
Date                          : Sun, 13 Apr 2025 01:42:36 GMT


[2025-04-13 10:42:39] [WARNING] ユーザー tokyokoji@miraiconst.onmicrosoft.com のOneDriveクォータ情報を取得できませんでした: User's mysite not found.

Status: 404 (NotFound)
ErrorCode: ResourceNotFound
Date: 2025-04-13T01:42:39

Headers:
Vary                          : Accept-Encoding
Strict-Transport-Security     : max-age=31536000
request-id                    : fd7ad72f-39bb-4cad-aa60-62e38e5d7093
client-request-id             : 813b6e2c-19cf-4590-8e7a-5200b66660fb
x-ms-ags-diagnostic           : {"ServerInfo":{"DataCenter":"Japan West","Slice":"E","Ring":"3","ScaleUnit":"001","RoleInstance":"OS1PEPF0000B564"}}
Date                          : Sun, 13 Apr 2025 01:42:39 GMT


[2025-04-13 10:42:41] [WARNING] ユーザー tokyo-rakuraku@mirai-const.co.jp のOneDriveクォータ情報を取得できませんでした: User's mysite not found.

Status: 404 (NotFound)
ErrorCode: ResourceNotFound
Date: 2025-04-13T01:42:41

Headers:
Vary                          : Accept-Encoding
Strict-Transport-Security     : max-age=31536000
request-id                    : 11141ad2-ce8d-4145-a7b2-d58da1634c19
client-request-id             : 756bf26d-04b5-4e4d-b5f1-7b235ceaa813
x-ms-ags-diagnostic           : {"ServerInfo":{"DataCenter":"Japan West","Slice":"E","Ring":"3","ScaleUnit":"001","RoleInstance":"OS1PEPF0000B564"}}
Date                          : Sun, 13 Apr 2025 01:42:41 GMT


[2025-04-13 10:42:42] [WARNING] ユーザー mirai-edr@miraiconst.onmicrosoft.com のOneDriveクォータ情報を取得できませんでした: User's mysite not found.

Status: 404 (NotFound)
ErrorCode: ResourceNotFound
Date: 2025-04-13T01:42:42

Headers:
Vary                          : Accept-Encoding
Strict-Transport-Security     : max-age=31536000
request-id                    : f77aa220-2637-421b-b9e5-dd7ac9558595
client-request-id             : 35e569e6-e4a3-4a1d-9985-04e8f72a9f85
x-ms-ags-diagnostic           : {"ServerInfo":{"DataCenter":"Japan West","Slice":"E","Ring":"3","ScaleUnit":"001","RoleInstance":"OS1PEPF0000B564"}}
Date                          : Sun, 13 Apr 2025 01:42:41 GMT


[2025-04-13 10:42:43] [WARNING] ユーザー bid-info06m@mirai-const.co.jp のOneDriveクォータ情報を取得できませんでした: User's mysite not found.

Status: 404 (NotFound)
ErrorCode: ResourceNotFound
Date: 2025-04-13T01:42:43

Headers:
Vary                          : Accept-Encoding
Strict-Transport-Security     : max-age=31536000
request-id                    : 61b1a3d1-59e4-4533-a34a-4541becc4b02
client-request-id             : ec924882-3dc9-441a-bdad-759bdacbda37
x-ms-ags-diagnostic           : {"ServerInfo":{"DataCenter":"Japan West","Slice":"E","Ring":"3","ScaleUnit":"001","RoleInstance":"OS1PEPF0000B564"}}
Date                          : Sun, 13 Apr 2025 01:42:43 GMT


[2025-04-13 10:42:44] [WARNING] ユーザー noto-rakuraku@mirai-const.co.jp のOneDriveクォータ情報を取得できませんでした: User's mysite not found.

Status: 404 (NotFound)
ErrorCode: ResourceNotFound
Date: 2025-04-13T01:42:44

Headers:
Vary                          : Accept-Encoding
Strict-Transport-Security     : max-age=31536000
request-id                    : a92510f5-58e6-4ad7-93fd-d81a71c4161d
client-request-id             : d1840329-b580-40c4-b778-77ac903278b7
x-ms-ags-diagnostic           : {"ServerInfo":{"DataCenter":"Japan West","Slice":"E","Ring":"3","ScaleUnit":"001","RoleInstance":"OS1PEPF0000B564"}}
Date                          : Sun, 13 Apr 2025 01:42:44 GMT


[2025-04-13 10:42:45] [WARNING] ユーザー aomori-rakuraku@mirai-const.co.jp のOneDriveクォータ情報を取得できませんでした: User's mysite not found.

Status: 404 (NotFound)
ErrorCode: ResourceNotFound
Date: 2025-04-13T01:42:46

Headers:
Vary                          : Accept-Encoding
Strict-Transport-Security     : max-age=31536000
request-id                    : 5601dfb7-75be-4a58-8a95-8c2ebc606fde
client-request-id             : e76f9e17-f248-4bdd-94f0-7e475867103b
x-ms-ags-diagnostic           : {"ServerInfo":{"DataCenter":"Japan West","Slice":"E","Ring":"3","ScaleUnit":"001","RoleInstance":"OS1PEPF0000B564"}}
Date                          : Sun, 13 Apr 2025 01:42:45 GMT


[2025-04-13 10:42:48] [WARNING] ユーザー cad-master@miraiconst.onmicrosoft.com のOneDriveクォータ情報を取得できませんでした: User's mysite not found.

Status: 404 (NotFound)
ErrorCode: ResourceNotFound
Date: 2025-04-13T01:42:49

Headers:
Vary                          : Accept-Encoding
Strict-Transport-Security     : max-age=31536000
request-id                    : 8b14b0bf-dfd9-4274-886d-1c7288ebf98b
client-request-id             : f45941fc-95b4-45f9-887c-b9a8f87c66df
x-ms-ags-diagnostic           : {"ServerInfo":{"DataCenter":"Japan West","Slice":"E","Ring":"3","ScaleUnit":"001","RoleInstance":"OS1PEPF0000B564"}}
Date                          : Sun, 13 Apr 2025 01:42:48 GMT


[2025-04-13 10:42:53] [WARNING] ユーザー direct@mirai-const.co.jp のOneDriveクォータ情報を取得できませんでした: User's mysite not found.

Status: 404 (NotFound)
ErrorCode: ResourceNotFound
Date: 2025-04-13T01:42:53

Headers:
Vary                          : Accept-Encoding
Strict-Transport-Security     : max-age=31536000
request-id                    : d2f9d778-2d61-4175-a832-8a32c5050725
client-request-id             : d2600b5b-7b97-4f76-8961-6d911657307a
x-ms-ags-diagnostic           : {"ServerInfo":{"DataCenter":"Japan West","Slice":"E","Ring":"3","ScaleUnit":"001","RoleInstance":"OS1PEPF0000B564"}}
Date                          : Sun, 13 Apr 2025 01:42:53 GMT


[2025-04-13 10:42:53] [WARNING] ユーザー forti-admin@mirai-const.co.jp のOneDriveクォータ情報を取得できませんでした: User's mysite not found.

Status: 404 (NotFound)
ErrorCode: ResourceNotFound
Date: 2025-04-13T01:42:54

Headers:
Vary                          : Accept-Encoding
Strict-Transport-Security     : max-age=31536000
request-id                    : 206c2451-115a-42e6-b345-973b95d572ac
client-request-id             : 01773705-9c5a-4f14-b179-b5dafd1e632d
x-ms-ags-diagnostic           : {"ServerInfo":{"DataCenter":"Japan West","Slice":"E","Ring":"3","ScaleUnit":"001","RoleInstance":"OS1PEPF0000B564"}}
Date                          : Sun, 13 Apr 2025 01:42:53 GMT


[2025-04-13 10:42:57] [WARNING] ユーザー chubu@miraiconst.onmicrosoft.com のOneDriveクォータ情報を取得できませんでした: User's mysite not found.

Status: 404 (NotFound)
ErrorCode: ResourceNotFound
Date: 2025-04-13T01:42:57

Headers:
Vary                          : Accept-Encoding
Strict-Transport-Security     : max-age=31536000
request-id                    : 7b270350-a092-4a31-9e99-5d870bb90298
client-request-id             : 3e91e8d1-6541-485e-87f2-1a4df2283aed
x-ms-ags-diagnostic           : {"ServerInfo":{"DataCenter":"Japan West","Slice":"E","Ring":"3","ScaleUnit":"001","RoleInstance":"OS1PEPF0000B564"}}
Date                          : Sun, 13 Apr 2025 01:42:56 GMT


[2025-04-13 10:42:59] [WARNING] ユーザー ys-yamamoto_apptec.co.jp#EXT#@miraiconst.onmicrosoft.com のOneDriveクォータ情報を取得できませんでした: User's mysite not found.

Status: 404 (NotFound)
ErrorCode: ResourceNotFound
Date: 2025-04-13T01:43:00

Headers:
Vary                          : Accept-Encoding
Strict-Transport-Security     : max-age=31536000
request-id                    : e3580861-6c0d-46b0-ac23-7a6f02067614
client-request-id             : e36e4926-3913-4d39-b9e1-f84777486a0e
x-ms-ags-diagnostic           : {"ServerInfo":{"DataCenter":"Japan West","Slice":"E","Ring":"3","ScaleUnit":"001","RoleInstance":"OS1PEPF0000B564"}}
Date                          : Sun, 13 Apr 2025 01:42:59 GMT


[2025-04-13 10:43:01] [WARNING] ユーザー r-futenma@mirai-const.co.jp のOneDriveクォータ情報を取得できませんでした: User's mysite not found.

Status: 404 (NotFound)
ErrorCode: ResourceNotFound
Date: 2025-04-13T01:43:01

Headers:
Vary                          : Accept-Encoding
Strict-Transport-Security     : max-age=31536000
request-id                    : 44df5b11-70fa-4f9f-a075-b23042a0a7a0
client-request-id             : 017734ad-f3c9-4a2f-a84a-2103c109d629
x-ms-ags-diagnostic           : {"ServerInfo":{"DataCenter":"Japan West","Slice":"E","Ring":"3","ScaleUnit":"001","RoleInstance":"OS1PEPF0000B564"}}
Date                          : Sun, 13 Apr 2025 01:43:01 GMT


[2025-04-13 10:43:01] [WARNING] ユーザー cim-master13@mirai-const.co.jp のOneDriveクォータ情報を取得できませんでした: User's mysite not found.

Status: 404 (NotFound)
ErrorCode: ResourceNotFound
Date: 2025-04-13T01:43:02

Headers:
Vary                          : Accept-Encoding
Strict-Transport-Security     : max-age=31536000
request-id                    : 573df9f1-41c2-4670-9896-0530955f2914
client-request-id             : 701eda7d-4e94-4fd8-a132-a4835572cb28
x-ms-ags-diagnostic           : {"ServerInfo":{"DataCenter":"Japan West","Slice":"E","Ring":"3","ScaleUnit":"001","RoleInstance":"OS1PEPF0000B564"}}
Date                          : Sun, 13 Apr 2025 01:43:01 GMT


[2025-04-13 10:43:03] [WARNING] ユーザー na-kadokawa_apptec.co.jp#EXT#@miraiconst.onmicrosoft.com のOneDriveクォータ情報を取得できませんでした: User's mysite not found.

Status: 404 (NotFound)
ErrorCode: ResourceNotFound
Date: 2025-04-13T01:43:03

Headers:
Vary                          : Accept-Encoding
Strict-Transport-Security     : max-age=31536000
request-id                    : 3a6fc46c-3d2a-4490-891f-29acc567ac23
client-request-id             : fd8f1a88-4ea9-4060-b949-edbacb45710d
x-ms-ags-diagnostic           : {"ServerInfo":{"DataCenter":"Japan West","Slice":"E","Ring":"3","ScaleUnit":"001","RoleInstance":"OS1PEPF0000B564"}}
Date                          : Sun, 13 Apr 2025 01:43:02 GMT


[2025-04-13 10:43:07] [WARNING] ユーザー mirai-sns@miraiconst.onmicrosoft.com のOneDriveクォータ情報を取得できませんでした: User's mysite not found.

Status: 404 (NotFound)
ErrorCode: ResourceNotFound
Date: 2025-04-13T01:43:07

Headers:
Vary                          : Accept-Encoding
Strict-Transport-Security     : max-age=31536000
request-id                    : 5280fa4f-c47d-4c33-8788-fafeeb44200b
client-request-id             : 52d03e46-d9a5-4aae-bf06-2bd82af407cc
x-ms-ags-diagnostic           : {"ServerInfo":{"DataCenter":"Japan West","Slice":"E","Ring":"3","ScaleUnit":"001","RoleInstance":"OS1PEPF00007435"}}
Date                          : Sun, 13 Apr 2025 01:43:06 GMT


[2025-04-13 10:43:10] [WARNING] ユーザー et-satoh@mirai-const.co.jp のOneDriveクォータ情報を取得できませんでした: User's mysite not found.

Status: 404 (NotFound)
ErrorCode: ResourceNotFound
Date: 2025-04-13T01:43:10

Headers:
Vary                          : Accept-Encoding
Strict-Transport-Security     : max-age=31536000
request-id                    : 6bdcd1be-14bf-47c4-83aa-dc825434859d
client-request-id             : 7600dfc2-1428-4373-b598-ca1e006abe32
x-ms-ags-diagnostic           : {"ServerInfo":{"DataCenter":"Japan West","Slice":"E","Ring":"3","ScaleUnit":"001","RoleInstance":"OS1PEPF00007435"}}
Date                          : Sun, 13 Apr 2025 01:43:09 GMT


[2025-04-13 10:43:13] [WARNING] ユーザー k-obara@mirai-const.co.jp のOneDriveクォータ情報を取得できませんでした: User's mysite not found.

Status: 404 (NotFound)
ErrorCode: ResourceNotFound
Date: 2025-04-13T01:43:13

Headers:
Vary                          : Accept-Encoding
Strict-Transport-Security     : max-age=31536000
request-id                    : 87169bd3-2909-4181-a8f0-438ff1758641
client-request-id             : 21a82ddf-6049-43ae-a489-08c10fdb2193
x-ms-ags-diagnostic           : {"ServerInfo":{"DataCenter":"Japan West","Slice":"E","Ring":"3","ScaleUnit":"001","RoleInstance":"OS1PEPF00007435"}}
Date                          : Sun, 13 Apr 2025 01:43:13 GMT


[2025-04-13 10:43:16] [WARNING] ユーザー kanri-oosaka@mirai-const.co.jp のOneDriveクォータ情報を取得できませんでした: User's mysite not found.

Status: 404 (NotFound)
ErrorCode: ResourceNotFound
Date: 2025-04-13T01:43:16

Headers:
Vary                          : Accept-Encoding
Strict-Transport-Security     : max-age=31536000
request-id                    : 05c23ca2-7aec-44bd-baad-e195d94ba5ed
client-request-id             : 4d9452ee-769b-4634-8578-f0121519d69d
x-ms-ags-diagnostic           : {"ServerInfo":{"DataCenter":"Japan West","Slice":"E","Ring":"3","ScaleUnit":"001","RoleInstance":"OS1PEPF00007435"}}
Date                          : Sun, 13 Apr 2025 01:43:16 GMT


[2025-04-13 10:43:19] [WARNING] ユーザー haruka.ishigaki_aaconst.onmicrosoft.com#EXT#@miraiconst.onmicrosoft.com のOneDriveクォータ情報を取得できませんでした: User's mysite not found.

Status: 404 (NotFound)
ErrorCode: ResourceNotFound
Date: 2025-04-13T01:43:19

Headers:
Vary                          : Accept-Encoding
Strict-Transport-Security     : max-age=31536000
request-id                    : 842ff547-5578-4e55-ae79-3f1047f111f4
client-request-id             : 3e179b2c-c61f-4c91-8bda-c02f77f51819
x-ms-ags-diagnostic           : {"ServerInfo":{"DataCenter":"Japan West","Slice":"E","Ring":"3","ScaleUnit":"001","RoleInstance":"OS1PEPF00007435"}}
Date                          : Sun, 13 Apr 2025 01:43:19 GMT


[2025-04-13 10:43:21] [WARNING] ユーザー bid-info02m@mirai-const.co.jp のOneDriveクォータ情報を取得できませんでした: User's mysite not found.

Status: 404 (NotFound)
ErrorCode: ResourceNotFound
Date: 2025-04-13T01:43:21

Headers:
Vary                          : Accept-Encoding
Strict-Transport-Security     : max-age=31536000
request-id                    : c628a176-01b6-4573-8000-f381f457a966
client-request-id             : 6f968700-bc86-4a9f-85e0-109326b7d9da
x-ms-ags-diagnostic           : {"ServerInfo":{"DataCenter":"Japan West","Slice":"E","Ring":"3","ScaleUnit":"001","RoleInstance":"OS1PEPF00007435"}}
Date                          : Sun, 13 Apr 2025 01:43:21 GMT


[2025-04-13 10:43:21] [SUCCESS] OneDriveクォータ情報の取得が完了しました。取得件数: 524
[2025-04-13 10:43:21] [SUCCESS] CSVファイルを作成しました: C:\kitting\OneDriveforBusinessManagementSystem\OneDriveManagement.20250413\Basic_Data_Collection.20250413\OneDriveQuota.20250413104321.csv
[2025-04-13 10:43:21] [INFO] HTMLファイルを作成します: C:\kitting\OneDriveforBusinessManagementSystem\OneDriveManagement.20250413\Basic_Data_Collection.20250413\OneDriveQuota.20250413104321.html
[2025-04-13 10:44:12] [SUCCESS] HTMLファイルの作成が完了しました: C:\kitting\OneDriveforBusinessManagementSystem\OneDriveManagement.20250413\Basic_Data_Collection.20250413\OneDriveQuota.20250413104321.html
[2025-04-13 10:44:12] [INFO] Excelでファイルを開いて列幅の調整とフィルターの適用を行います...
[2025-04-13 10:44:14] [SUCCESS] Excelでの処理が完了しました。
