[2025-04-11 19:38:24] [INFO] OneDrive for Business 運用ツール - ITSM準拠 を開始しました
[2025-04-11 19:38:24] [INFO] 出力フォルダ: C:\kitting\OneDriveforBusinessManagementSystem\OneDriveManagement.20250411
[2025-04-11 19:38:24] [INFO] ログフォルダ: C:\kitting\OneDriveforBusinessManagementSystem\OneDriveManagement.20250411\Log
[2025-04-11 19:38:24] [INFO] レポートフォルダ: C:\kitting\OneDriveforBusinessManagementSystem\OneDriveManagement.20250411\Report
[2025-04-11 19:38:24] [INFO] Microsoft.Graph モジュールは既にインストールされています
[2025-04-11 19:38:24] [INFO] config.jsonから認証情報を読み込みます...
[2025-04-11 19:38:24] [INFO] Microsoft Graph用アクセストークンを取得します...
[2025-04-11 19:38:25] [SUCCESS] Microsoft Graphにクライアントシークレット認証で接続しました
[2025-04-11 19:38:30] [INFO] config.jsonから認証情報を読み込みます...
[2025-04-11 19:38:30] [INFO] Microsoft Graph用アクセストークンを取得します...
[2025-04-11 19:38:30] [SUCCESS] Microsoft Graphにクライアントシークレット認証で接続しました
[2025-04-11 19:38:30] [INFO] カテゴリフォルダを作成しました: C:\kitting\OneDriveforBusinessManagementSystem\OneDriveManagement.20250411\Basic_Data_Collection.20250411
[2025-04-11 19:38:30] [INFO] スクリプト実行開始: C:\kitting\OneDriveforBusinessManagementSystem\Basic_Data_Collection\GetOneDriveQuota.ps1 (Basic_Data_Collection)
[2025-04-11 19:41:56] [SUCCESS] スクリプト実行完了: C:\kitting\OneDriveforBusinessManagementSystem\Basic_Data_Collection\GetOneDriveQuota.ps1
[2025-04-11 20:25:09] [INFO] config.jsonから認証情報を読み込みます...
[2025-04-11 20:25:09] [INFO] Microsoft Graph用アクセストークンを取得します...
[2025-04-11 20:25:09] [SUCCESS] Microsoft Graphにクライアントシークレット認証で接続しました
[2025-04-11 20:25:09] [INFO] スクリプト実行開始: C:\kitting\OneDriveforBusinessManagementSystem\Basic_Data_Collection\GetOneDriveQuota.ps1 (Basic_Data_Collection)
[2025-04-11 20:28:01] [SUCCESS] スクリプト実行完了: C:\kitting\OneDriveforBusinessManagementSystem\Basic_Data_Collection\GetOneDriveQuota.ps1
[2025-04-11 20:37:01] [INFO] config.jsonから認証情報を読み込みます...
[2025-04-11 20:37:01] [INFO] Microsoft Graph用アクセストークンを取得します...
[2025-04-11 20:37:01] [SUCCESS] Microsoft Graphにクライアントシークレット認証で接続しました
[2025-04-11 20:37:01] [INFO] スクリプト実行開始: C:\kitting\OneDriveforBusinessManagementSystem\Basic_Data_Collection\GetOneDriveQuota.ps1 (Basic_Data_Collection)
[2025-04-11 20:40:38] [SUCCESS] スクリプト実行完了: C:\kitting\OneDriveforBusinessManagementSystem\Basic_Data_Collection\GetOneDriveQuota.ps1
[2025-04-11 21:03:22] [INFO] config.jsonから認証情報を読み込みます...
[2025-04-11 21:03:22] [INFO] Microsoft Graph用アクセストークンを取得します...
[2025-04-11 21:03:23] [SUCCESS] Microsoft Graphにクライアントシークレット認証で接続しました
[2025-04-11 21:03:23] [INFO] スクリプト実行開始: C:\kitting\OneDriveforBusinessManagementSystem\Basic_Data_Collection\GetOneDriveQuota.ps1 (Basic_Data_Collection)
[2025-04-11 21:07:36] [SUCCESS] スクリプト実行完了: C:\kitting\OneDriveforBusinessManagementSystem\Basic_Data_Collection\GetOneDriveQuota.ps1
[2025-04-11 21:21:12] [INFO] config.jsonから認証情報を読み込みます...
[2025-04-11 21:21:12] [INFO] Microsoft Graph用アクセストークンを取得します...
[2025-04-11 21:21:12] [SUCCESS] Microsoft Graphにクライアントシークレット認証で接続しました
[2025-04-11 21:21:12] [INFO] スクリプト実行開始: C:\kitting\OneDriveforBusinessManagementSystem\Basic_Data_Collection\GetOneDriveQuota.ps1 (Basic_Data_Collection)
[2025-04-11 21:25:18] [SUCCESS] スクリプト実行完了: C:\kitting\OneDriveforBusinessManagementSystem\Basic_Data_Collection\GetOneDriveQuota.ps1
