[2025-04-11 21:21:12] [INFO] ストレージクォータ取得を開始します
[2025-04-11 21:21:12] [INFO] 出力ディレクトリ: C:\kitting\OneDriveforBusinessManagementSystem\OneDriveManagement.20250411\Basic_Data_Collection.20250411
[2025-04-11 21:21:12] [INFO] ログディレクトリ: C:\kitting\OneDriveforBusinessManagementSystem\OneDriveManagement.20250411\Log
[2025-04-11 21:21:12] [WARNING] Graph接続済みですが、ユーザー情報は取得できません。
[2025-04-11 21:21:12] [WARNING] Graph接続済みですが、ユーザー情報は取得できません。
[2025-04-11 21:21:12] [INFO] すべてのユーザーのOneDriveクォータ情報を取得しています...
[2025-04-11 21:21:15] [WARNING] ユーザー okinawa-rakuraku@mirai-const.co.jp のOneDriveクォータ情報を取得できませんでした: User's mysite not found.

Status: 404 (NotFound)
ErrorCode: ResourceNotFound
Date: 2025-04-11T12:21:14

Headers:
Vary                          : Accept-Encoding
Strict-Transport-Security     : max-age=31536000
request-id                    : fa5da2fa-b880-4095-9ef3-8edb9b5abbb6
client-request-id             : c412403c-eee5-4064-86c9-84634c838625
x-ms-ags-diagnostic           : {"ServerInfo":{"DataCenter":"Japan East","Slice":"E","Ring":"5","ScaleUnit":"002","RoleInstance":"TY2PEPF0000A24C"}}
Date                          : Fri, 11 Apr 2025 12:21:13 GMT


[2025-04-11 21:21:21] [WARNING] ユーザー admin@miraiconst.onmicrosoft.com のOneDriveクォータ情報を取得できませんでした: User's mysite not found.

Status: 404 (NotFound)
ErrorCode: ResourceNotFound
Date: 2025-04-11T12:21:20

Headers:
Vary                          : Accept-Encoding
Strict-Transport-Security     : max-age=31536000
request-id                    : 2abb39b5-8062-479f-9ccc-f6b1610267e3
client-request-id             : ac6153a1-397e-4db7-beb5-e9124ce9b6b8
x-ms-ags-diagnostic           : {"ServerInfo":{"DataCenter":"Japan East","Slice":"E","Ring":"5","ScaleUnit":"002","RoleInstance":"TY2PEPF0000A24C"}}
Date                          : Fri, 11 Apr 2025 12:21:19 GMT


[2025-04-11 21:21:21] [INFO] ユーザー admin@miraiconst.onmicrosoft.com のroleTemplateId: 62e90394-69f5-4237-9190-012177145e10
[2025-04-11 21:21:21] [INFO] ユーザー admin@miraiconst.onmicrosoft.com は管理者ロール: 62e90394-69f5-4237-9190-012177145e10
[2025-04-11 21:21:25] [WARNING] ユーザー admin1@miraiconst.onmicrosoft.com のOneDriveクォータ情報を取得できませんでした: User's mysite not found.

Status: 404 (NotFound)
ErrorCode: ResourceNotFound
Date: 2025-04-11T12:21:24

Headers:
Vary                          : Accept-Encoding
Strict-Transport-Security     : max-age=31536000
request-id                    : eb5d044c-72c1-4ec0-916e-75dae4db4055
client-request-id             : 30e747bc-af9e-4dcf-86c7-e00790e7c2e3
x-ms-ags-diagnostic           : {"ServerInfo":{"DataCenter":"Japan East","Slice":"E","Ring":"5","ScaleUnit":"002","RoleInstance":"TY2PEPF0000A24C"}}
Date                          : Fri, 11 Apr 2025 12:21:23 GMT


[2025-04-11 21:21:26] [WARNING] ユーザー cim-master10@mirai-const.co.jp のOneDriveクォータ情報を取得できませんでした: User's mysite not found.

Status: 404 (NotFound)
ErrorCode: ResourceNotFound
Date: 2025-04-11T12:21:25

Headers:
Vary                          : Accept-Encoding
Strict-Transport-Security     : max-age=31536000
request-id                    : c1520ee5-f5c6-4f99-a3f0-58a9215be10c
client-request-id             : f62d1fdc-a743-4351-a759-4260a0408c65
x-ms-ags-diagnostic           : {"ServerInfo":{"DataCenter":"Japan East","Slice":"E","Ring":"5","ScaleUnit":"002","RoleInstance":"TY2PEPF0000A24C"}}
Date                          : Fri, 11 Apr 2025 12:21:24 GMT


[2025-04-11 21:21:29] [WARNING] ユーザー jinji-saiyou@mirai-const.co.jp のOneDriveクォータ情報を取得できませんでした: User's mysite not found.

Status: 404 (NotFound)
ErrorCode: ResourceNotFound
Date: 2025-04-11T12:21:28

Headers:
Vary                          : Accept-Encoding
Strict-Transport-Security     : max-age=31536000
request-id                    : 7eec478e-40ca-4453-9adf-fd77090fcc29
client-request-id             : 9a89621a-f48a-4641-b006-278d86049a3f
x-ms-ags-diagnostic           : {"ServerInfo":{"DataCenter":"Japan East","Slice":"E","Ring":"5","ScaleUnit":"002","RoleInstance":"TY2PEPF0000A24C"}}
Date                          : Fri, 11 Apr 2025 12:21:27 GMT


[2025-04-11 21:21:32] [WARNING] ユーザー soumu-payment@mirai-const.co.jp のOneDriveクォータ情報を取得できませんでした: User's mysite not found.

Status: 404 (NotFound)
ErrorCode: ResourceNotFound
Date: 2025-04-11T12:21:32

Headers:
Vary                          : Accept-Encoding
Strict-Transport-Security     : max-age=31536000
request-id                    : 20542636-1fc6-4cd8-a192-561f8d99b462
client-request-id             : a6e7a316-1128-4186-a23f-8a1f2e7e7ca5
x-ms-ags-diagnostic           : {"ServerInfo":{"DataCenter":"Japan East","Slice":"E","Ring":"5","ScaleUnit":"002","RoleInstance":"TY2PEPF0000A24C"}}
Date                          : Fri, 11 Apr 2025 12:21:31 GMT


[2025-04-11 21:21:34] [WARNING] ユーザー mf-jigyoukikaku@miraiconst.onmicrosoft.com のOneDriveクォータ情報を取得できませんでした: User's mysite not found.

Status: 404 (NotFound)
ErrorCode: ResourceNotFound
Date: 2025-04-11T12:21:33

Headers:
Vary                          : Accept-Encoding
Strict-Transport-Security     : max-age=31536000
request-id                    : e77e8981-5928-4e58-ad6e-3cfb0805268c
client-request-id             : a4cb9300-c102-46c5-af58-24a6fddb69b3
x-ms-ags-diagnostic           : {"ServerInfo":{"DataCenter":"Japan East","Slice":"E","Ring":"5","ScaleUnit":"002","RoleInstance":"TY2PEPF0000A24C"}}
Date                          : Fri, 11 Apr 2025 12:21:32 GMT


[2025-04-11 21:21:36] [WARNING] ユーザー henngetest@mirai-const.co.jp のOneDriveクォータ情報を取得できませんでした: User's mysite not found.

Status: 404 (NotFound)
ErrorCode: ResourceNotFound
Date: 2025-04-11T12:21:35

Headers:
Vary                          : Accept-Encoding
Strict-Transport-Security     : max-age=31536000
request-id                    : 27652cdd-e980-46d7-9e72-b7f4d01113f9
client-request-id             : ba5360df-1fc6-4926-b24c-b1dc110edef7
x-ms-ags-diagnostic           : {"ServerInfo":{"DataCenter":"Japan East","Slice":"E","Ring":"5","ScaleUnit":"002","RoleInstance":"TY2PEPF0000A24C"}}
Date                          : Fri, 11 Apr 2025 12:21:34 GMT


[2025-04-11 21:21:49] [WARNING] ユーザー ariake-rakuraku@mirai-const.co.jp のOneDriveクォータ情報を取得できませんでした: User's mysite not found.

Status: 404 (NotFound)
ErrorCode: ResourceNotFound
Date: 2025-04-11T12:21:48

Headers:
Vary                          : Accept-Encoding
Strict-Transport-Security     : max-age=31536000
request-id                    : a3a00574-815e-403a-8839-cc4ad015049d
client-request-id             : 86115ece-b996-40dd-87da-de1a430b4397
x-ms-ags-diagnostic           : {"ServerInfo":{"DataCenter":"Japan East","Slice":"E","Ring":"5","ScaleUnit":"002","RoleInstance":"TY2PEPF0000A24C"}}
Date                          : Fri, 11 Apr 2025 12:21:48 GMT


[2025-04-11 21:21:51] [WARNING] ユーザー system-info@mirai-const.co.jp のOneDriveクォータ情報を取得できませんでした: User's mysite not found.

Status: 404 (NotFound)
ErrorCode: ResourceNotFound
Date: 2025-04-11T12:21:50

Headers:
Vary                          : Accept-Encoding
Strict-Transport-Security     : max-age=31536000
request-id                    : 8f4b4d7d-ae6f-414f-92a7-fded8bb6c5ef
client-request-id             : 461750f1-a83b-4634-ab13-a45f3d4c1b45
x-ms-ags-diagnostic           : {"ServerInfo":{"DataCenter":"Japan East","Slice":"E","Ring":"5","ScaleUnit":"002","RoleInstance":"TY2PEPF0000A24C"}}
Date                          : Fri, 11 Apr 2025 12:21:50 GMT


[2025-04-11 21:21:55] [WARNING] ユーザー hideyuki.nomura_halekulaniokinawa.com#EXT#@miraiconst.onmicrosoft.com のOneDriveクォータ情報を取得できませんでした: User's mysite not found.

Status: 404 (NotFound)
ErrorCode: ResourceNotFound
Date: 2025-04-11T12:21:54

Headers:
Vary                          : Accept-Encoding
Strict-Transport-Security     : max-age=31536000
request-id                    : f9a2e489-4f48-4abe-a239-145a130f7c1e
client-request-id             : ecf75a06-ed2a-4d69-b0dd-415c10549672
x-ms-ags-diagnostic           : {"ServerInfo":{"DataCenter":"Japan East","Slice":"E","Ring":"5","ScaleUnit":"002","RoleInstance":"TY2PEPF0000A24C"}}
Date                          : Fri, 11 Apr 2025 12:21:54 GMT


[2025-04-11 21:21:55] [WARNING] ユーザー cim-master05@mirai-const.co.jp のOneDriveクォータ情報を取得できませんでした: User's mysite not found.

Status: 404 (NotFound)
ErrorCode: ResourceNotFound
Date: 2025-04-11T12:21:55

Headers:
Vary                          : Accept-Encoding
Strict-Transport-Security     : max-age=31536000
request-id                    : 0650072b-d335-443a-9d0c-e30d15261164
client-request-id             : 18d05db1-ba7e-47cf-a185-16b54568149c
x-ms-ags-diagnostic           : {"ServerInfo":{"DataCenter":"Japan East","Slice":"E","Ring":"5","ScaleUnit":"002","RoleInstance":"TY2PEPF0000A24C"}}
Date                          : Fri, 11 Apr 2025 12:21:55 GMT


[2025-04-11 21:21:56] [WARNING] ユーザー mk-engagement@miraiconst.onmicrosoft.com のOneDriveクォータ情報を取得できませんでした: User's mysite not found.

Status: 404 (NotFound)
ErrorCode: ResourceNotFound
Date: 2025-04-11T12:21:56

Headers:
Vary                          : Accept-Encoding
Strict-Transport-Security     : max-age=31536000
request-id                    : 6bb361b7-0802-4824-9d03-eb4d89d2e26e
client-request-id             : b8edf074-5d8f-4d2b-9d69-18e4802da963
x-ms-ags-diagnostic           : {"ServerInfo":{"DataCenter":"Japan East","Slice":"E","Ring":"5","ScaleUnit":"002","RoleInstance":"TY2PEPF0000A24C"}}
Date                          : Fri, 11 Apr 2025 12:21:56 GMT


[2025-04-11 21:21:59] [WARNING] ユーザー bid-info10m@mirai-const.co.jp のOneDriveクォータ情報を取得できませんでした: User's mysite not found.

Status: 404 (NotFound)
ErrorCode: ResourceNotFound
Date: 2025-04-11T12:21:57

Headers:
Vary                          : Accept-Encoding
Strict-Transport-Security     : max-age=31536000
request-id                    : a5a8adaf-ff23-4cba-9284-36cf642ee5a4
client-request-id             : 2218a13b-d40e-409d-b44e-f4415e07abba
x-ms-ags-diagnostic           : {"ServerInfo":{"DataCenter":"Japan East","Slice":"E","Ring":"5","ScaleUnit":"002","RoleInstance":"TY2PEPF0000A24C"}}
Date                          : Fri, 11 Apr 2025 12:21:57 GMT


[2025-04-11 21:21:59] [WARNING] ユーザー bid-info09m@mirai-const.co.jp のOneDriveクォータ情報を取得できませんでした: User's mysite not found.

Status: 404 (NotFound)
ErrorCode: ResourceNotFound
Date: 2025-04-11T12:21:58

Headers:
Vary                          : Accept-Encoding
Strict-Transport-Security     : max-age=31536000
request-id                    : 937a304e-538a-4377-b288-836790606887
client-request-id             : d5028692-0e94-446f-9c79-fdc35362c6ad
x-ms-ags-diagnostic           : {"ServerInfo":{"DataCenter":"Japan East","Slice":"E","Ring":"5","ScaleUnit":"002","RoleInstance":"TY2PEPF0000A24C"}}
Date                          : Fri, 11 Apr 2025 12:21:58 GMT


[2025-04-11 21:22:03] [WARNING] ユーザー hokuriku-rakuraku@mirai-const.co.jp のOneDriveクォータ情報を取得できませんでした: User's mysite not found.

Status: 404 (NotFound)
ErrorCode: ResourceNotFound
Date: 2025-04-11T12:22:02

Headers:
Vary                          : Accept-Encoding
Strict-Transport-Security     : max-age=31536000
request-id                    : 9434a0d9-a081-40fe-a41e-2fc9cc043e5f
client-request-id             : 22106bf4-7e71-465b-a338-b7939c38513e
x-ms-ags-diagnostic           : {"ServerInfo":{"DataCenter":"Japan East","Slice":"E","Ring":"5","ScaleUnit":"002","RoleInstance":"TY2PEPF0000A24C"}}
Date                          : Fri, 11 Apr 2025 12:22:02 GMT


[2025-04-11 21:22:06] [WARNING] ユーザー m-ariake@miraiconst.onmicrosoft.com のOneDriveクォータ情報を取得できませんでした: User's mysite not found.

Status: 404 (NotFound)
ErrorCode: ResourceNotFound
Date: 2025-04-11T12:22:05

Headers:
Vary                          : Accept-Encoding
Strict-Transport-Security     : max-age=31536000
request-id                    : 2ea2080e-a13d-4fca-9858-340e511a6e4d
client-request-id             : 67919f21-b630-4368-8751-90c6168998c0
x-ms-ags-diagnostic           : {"ServerInfo":{"DataCenter":"Japan East","Slice":"E","Ring":"5","ScaleUnit":"002","RoleInstance":"TY2PEPF0000A24C"}}
Date                          : Fri, 11 Apr 2025 12:22:05 GMT


[2025-04-11 21:22:08] [WARNING] ユーザー cim-master14@mirai-const.co.jp のOneDriveクォータ情報を取得できませんでした: User's mysite not found.

Status: 404 (NotFound)
ErrorCode: ResourceNotFound
Date: 2025-04-11T12:22:07

Headers:
Vary                          : Accept-Encoding
Strict-Transport-Security     : max-age=31536000
request-id                    : ecda195e-c5f7-4593-9fa2-75cb54fb190e
client-request-id             : 4e3d2089-5bb9-484c-948f-45cf6896534b
x-ms-ags-diagnostic           : {"ServerInfo":{"DataCenter":"Japan East","Slice":"E","Ring":"5","ScaleUnit":"002","RoleInstance":"TY2PEPF0000A24C"}}
Date                          : Fri, 11 Apr 2025 12:22:07 GMT


[2025-04-11 21:22:16] [WARNING] ユーザー chubu-rakuraku@mirai-const.co.jp のOneDriveクォータ情報を取得できませんでした: User's mysite not found.

Status: 404 (NotFound)
ErrorCode: ResourceNotFound
Date: 2025-04-11T12:22:15

Headers:
Vary                          : Accept-Encoding
Strict-Transport-Security     : max-age=31536000
request-id                    : 1b72cce6-8e32-4d4c-9737-de2a8149fcea
client-request-id             : 1dc9bc4d-0490-4af8-9193-04fc114c1c59
x-ms-ags-diagnostic           : {"ServerInfo":{"DataCenter":"Japan East","Slice":"E","Ring":"5","ScaleUnit":"002","RoleInstance":"TY2PEPF00005FCF"}}
Date                          : Fri, 11 Apr 2025 12:22:14 GMT


[2025-04-11 21:22:18] [WARNING] ユーザー i-komada@mirai-const.co.jp のOneDriveクォータ情報を取得できませんでした: User's mysite not found.

Status: 404 (NotFound)
ErrorCode: ResourceNotFound
Date: 2025-04-11T12:22:17

Headers:
Vary                          : Accept-Encoding
Strict-Transport-Security     : max-age=31536000
request-id                    : 394f51bb-8679-4ebe-8ae1-82d8d1f07664
client-request-id             : 1a479946-e47a-40dc-88d5-27119113afe1
x-ms-ags-diagnostic           : {"ServerInfo":{"DataCenter":"Japan East","Slice":"E","Ring":"5","ScaleUnit":"002","RoleInstance":"TY2PEPF00005FCF"}}
Date                          : Fri, 11 Apr 2025 12:22:16 GMT


[2025-04-11 21:22:22] [WARNING] ユーザー tsubokawa-y92y2_mlit.go.jp#EXT#@miraiconst.onmicrosoft.com のOneDriveクォータ情報を取得できませんでした: User's mysite not found.

Status: 404 (NotFound)
ErrorCode: ResourceNotFound
Date: 2025-04-11T12:22:21

Headers:
Vary                          : Accept-Encoding
Strict-Transport-Security     : max-age=31536000
request-id                    : 168de372-dbc1-4990-b3ae-3dcfebb9c9c3
client-request-id             : 045e9316-6a31-431c-8241-593564694701
x-ms-ags-diagnostic           : {"ServerInfo":{"DataCenter":"Japan East","Slice":"E","Ring":"5","ScaleUnit":"002","RoleInstance":"TY2PEPF00005FCF"}}
Date                          : Fri, 11 Apr 2025 12:22:21 GMT


[2025-04-11 21:22:22] [WARNING] ユーザー m-ushikubo@mirai-const.co.jp のOneDriveクォータ情報を取得できませんでした: User's mysite not found.

Status: 404 (NotFound)
ErrorCode: ResourceNotFound
Date: 2025-04-11T12:22:21

Headers:
Vary                          : Accept-Encoding
Strict-Transport-Security     : max-age=31536000
request-id                    : c6be532a-f968-450b-b4fb-d60b11e98837
client-request-id             : 1f5755b2-970d-4ed5-b0ec-a987a383540a
x-ms-ags-diagnostic           : {"ServerInfo":{"DataCenter":"Japan East","Slice":"E","Ring":"5","ScaleUnit":"002","RoleInstance":"TY2PEPF00005FCF"}}
Date                          : Fri, 11 Apr 2025 12:22:21 GMT


[2025-04-11 21:22:23] [WARNING] ユーザー kyushu-rakuraku@mirai-const.co.jp のOneDriveクォータ情報を取得できませんでした: User's mysite not found.

Status: 404 (NotFound)
ErrorCode: ResourceNotFound
Date: 2025-04-11T12:22:23

Headers:
Vary                          : Accept-Encoding
Strict-Transport-Security     : max-age=31536000
request-id                    : 60d33ae1-cb67-4c7f-94fd-3445cbb8fa7e
client-request-id             : e5c14e91-fb66-4092-87fc-5067a2866d21
x-ms-ags-diagnostic           : {"ServerInfo":{"DataCenter":"Japan East","Slice":"E","Ring":"5","ScaleUnit":"002","RoleInstance":"TY2PEPF00005FCF"}}
Date                          : Fri, 11 Apr 2025 12:22:23 GMT


[2025-04-11 21:22:27] [WARNING] ユーザー cim-master01@mirai-const.co.jp のOneDriveクォータ情報を取得できませんでした: User's mysite not found.

Status: 404 (NotFound)
ErrorCode: ResourceNotFound
Date: 2025-04-11T12:22:26

Headers:
Vary                          : Accept-Encoding
Strict-Transport-Security     : max-age=31536000
request-id                    : c58d73d1-bc35-4f38-871b-39b8ffe41161
client-request-id             : 7d078827-89ec-4e21-93a5-ff152495efbb
x-ms-ags-diagnostic           : {"ServerInfo":{"DataCenter":"Japan East","Slice":"E","Ring":"5","ScaleUnit":"002","RoleInstance":"TY2PEPF00005FCF"}}
Date                          : Fri, 11 Apr 2025 12:22:26 GMT


[2025-04-11 21:22:28] [WARNING] ユーザー cim-master@mirai-const.co.jp のOneDriveクォータ情報を取得できませんでした: User's mysite not found.

Status: 404 (NotFound)
ErrorCode: ResourceNotFound
Date: 2025-04-11T12:22:27

Headers:
Vary                          : Accept-Encoding
Strict-Transport-Security     : max-age=31536000
request-id                    : d1db2f9e-952e-41a0-8d43-2617c7ab8428
client-request-id             : f3a1a6cf-d949-4ccc-9a98-66ea39146b43
x-ms-ags-diagnostic           : {"ServerInfo":{"DataCenter":"Japan East","Slice":"E","Ring":"5","ScaleUnit":"002","RoleInstance":"TY2PEPF00005FCF"}}
Date                          : Fri, 11 Apr 2025 12:22:27 GMT


[2025-04-11 21:22:29] [WARNING] ユーザー cim-master07@mirai-const.co.jp のOneDriveクォータ情報を取得できませんでした: User's mysite not found.

Status: 404 (NotFound)
ErrorCode: ResourceNotFound
Date: 2025-04-11T12:22:28

Headers:
Vary                          : Accept-Encoding
Strict-Transport-Security     : max-age=31536000
request-id                    : 5c6fe2a1-eb8d-4bdc-be82-6d4fa66d91ab
client-request-id             : ff412246-08e1-4c42-a6f2-a8fb5bd042cc
x-ms-ags-diagnostic           : {"ServerInfo":{"DataCenter":"Japan East","Slice":"E","Ring":"5","ScaleUnit":"002","RoleInstance":"TY2PEPF00005FCF"}}
Date                          : Fri, 11 Apr 2025 12:22:28 GMT


[2025-04-11 21:22:35] [WARNING] ユーザー tohoku-rakuraku@mirai-const.co.jp のOneDriveクォータ情報を取得できませんでした: User's mysite not found.

Status: 404 (NotFound)
ErrorCode: ResourceNotFound
Date: 2025-04-11T12:22:34

Headers:
Vary                          : Accept-Encoding
Strict-Transport-Security     : max-age=31536000
request-id                    : 6b764cc7-972a-4af2-a02c-dec5a2f98f8a
client-request-id             : 27601edc-cfc1-498d-97b8-c746e9160d4e
x-ms-ags-diagnostic           : {"ServerInfo":{"DataCenter":"Japan East","Slice":"E","Ring":"5","ScaleUnit":"002","RoleInstance":"TY2PEPF00005FCF"}}
Date                          : Fri, 11 Apr 2025 12:22:34 GMT


[2025-04-11 21:22:36] [WARNING] ユーザー cim-master02@mirai-const.co.jp のOneDriveクォータ情報を取得できませんでした: User's mysite not found.

Status: 404 (NotFound)
ErrorCode: ResourceNotFound
Date: 2025-04-11T12:22:35

Headers:
Vary                          : Accept-Encoding
Strict-Transport-Security     : max-age=31536000
request-id                    : 58775ed3-bfba-49da-b59e-4ac4c1819e79
client-request-id             : 59af369d-442c-43ae-ab69-3fec5568a4a6
x-ms-ags-diagnostic           : {"ServerInfo":{"DataCenter":"Japan East","Slice":"E","Ring":"5","ScaleUnit":"002","RoleInstance":"TY2PEPF00005FCF"}}
Date                          : Fri, 11 Apr 2025 12:22:35 GMT


[2025-04-11 21:22:36] [WARNING] ユーザー cim-master09@mirai-const.co.jp のOneDriveクォータ情報を取得できませんでした: User's mysite not found.

Status: 404 (NotFound)
ErrorCode: ResourceNotFound
Date: 2025-04-11T12:22:36

Headers:
Vary                          : Accept-Encoding
Strict-Transport-Security     : max-age=31536000
request-id                    : 1e19ce8b-5bf7-4293-965e-a3c847b3347d
client-request-id             : f0be5e5d-c8a3-4714-9d86-a45c8295ac82
x-ms-ags-diagnostic           : {"ServerInfo":{"DataCenter":"Japan East","Slice":"E","Ring":"5","ScaleUnit":"002","RoleInstance":"TY2PEPF00005FCF"}}
Date                          : Fri, 11 Apr 2025 12:22:35 GMT


[2025-04-11 21:22:38] [WARNING] ユーザー s-yoshie@mirai-const.co.jp のOneDriveクォータ情報を取得できませんでした: Method invocation failed because [System.Object[]] does not contain a method named 'op_Division'.
[2025-04-11 21:22:41] [WARNING] ユーザー ibaraki-rakuraku@mirai-const.co.jp のOneDriveクォータ情報を取得できませんでした: User's mysite not found.

Status: 404 (NotFound)
ErrorCode: ResourceNotFound
Date: 2025-04-11T12:22:40

Headers:
Vary                          : Accept-Encoding
Strict-Transport-Security     : max-age=31536000
request-id                    : 729cac66-5938-4203-a58f-1e5ab0729daa
client-request-id             : deb56470-f7cc-4723-b5f8-5bf0f4086971
x-ms-ags-diagnostic           : {"ServerInfo":{"DataCenter":"Japan East","Slice":"E","Ring":"5","ScaleUnit":"002","RoleInstance":"TY2PEPF00005FCF"}}
Date                          : Fri, 11 Apr 2025 12:22:40 GMT


[2025-04-11 21:22:41] [WARNING] ユーザー mksystem-alert@miraiconst.onmicrosoft.com のOneDriveクォータ情報を取得できませんでした: User's mysite not found.

Status: 404 (NotFound)
ErrorCode: ResourceNotFound
Date: 2025-04-11T12:22:41

Headers:
Vary                          : Accept-Encoding
Strict-Transport-Security     : max-age=31536000
request-id                    : ec5935f9-cccf-4eba-a29c-966e723debf9
client-request-id             : 5945ec6a-aa69-460d-a4c6-bafd05e92b32
x-ms-ags-diagnostic           : {"ServerInfo":{"DataCenter":"Japan East","Slice":"E","Ring":"5","ScaleUnit":"002","RoleInstance":"TY2PEPF00005FCF"}}
Date                          : Fri, 11 Apr 2025 12:22:41 GMT


[2025-04-11 21:22:44] [WARNING] ユーザー honsya2-2@miraiconst.onmicrosoft.com のOneDriveクォータ情報を取得できませんでした: User's mysite not found.

Status: 404 (NotFound)
ErrorCode: ResourceNotFound
Date: 2025-04-11T12:22:43

Headers:
Vary                          : Accept-Encoding
Strict-Transport-Security     : max-age=31536000
request-id                    : aa27c3cd-2be2-42fd-8e5b-dd7472b6fa41
client-request-id             : c08482f8-377e-4836-aec3-8966bf390ad2
x-ms-ags-diagnostic           : {"ServerInfo":{"DataCenter":"Japan East","Slice":"E","Ring":"5","ScaleUnit":"002","RoleInstance":"TY2PEPF00005FCF"}}
Date                          : Fri, 11 Apr 2025 12:22:43 GMT


[2025-04-11 21:22:47] [WARNING] ユーザー m-maruta@mirai-const.co.jp のOneDriveクォータ情報を取得できませんでした: User's mysite not found.

Status: 404 (NotFound)
ErrorCode: ResourceNotFound
Date: 2025-04-11T12:22:46

Headers:
Vary                          : Accept-Encoding
Strict-Transport-Security     : max-age=31536000
request-id                    : 8a7486a9-141d-4555-b9c6-08a6c4120a30
client-request-id             : 374788c8-5122-4d9f-b47c-85ca962f4e32
x-ms-ags-diagnostic           : {"ServerInfo":{"DataCenter":"Japan East","Slice":"E","Ring":"5","ScaleUnit":"002","RoleInstance":"TY2PEPF00005FCF"}}
Date                          : Fri, 11 Apr 2025 12:22:46 GMT


[2025-04-11 21:22:48] [WARNING] ユーザー netis@miraiconst.onmicrosoft.com のOneDriveクォータ情報を取得できませんでした: User's mysite not found.

Status: 404 (NotFound)
ErrorCode: ResourceNotFound
Date: 2025-04-11T12:22:47

Headers:
Vary                          : Accept-Encoding
Strict-Transport-Security     : max-age=31536000
request-id                    : 5eb47784-c737-419c-966f-bb6078805e8a
client-request-id             : 2191f291-46cf-47d6-aceb-6f7cf9e55a88
x-ms-ags-diagnostic           : {"ServerInfo":{"DataCenter":"Japan East","Slice":"E","Ring":"5","ScaleUnit":"002","RoleInstance":"TY2PEPF00005FCF"}}
Date                          : Fri, 11 Apr 2025 12:22:47 GMT


[2025-04-11 21:22:50] [WARNING] ユーザー sh-ishihara-old@miraiconst.onmicrosoft.com のOneDriveクォータ情報を取得できませんでした: User's mysite not found.

Status: 404 (NotFound)
ErrorCode: ResourceNotFound
Date: 2025-04-11T12:22:49

Headers:
Vary                          : Accept-Encoding
Strict-Transport-Security     : max-age=31536000
request-id                    : 312fc1a1-fc3c-4cdc-8e6b-4e1cd3ed7c59
client-request-id             : 4c49a026-0772-4758-bd38-74db28612d36
x-ms-ags-diagnostic           : {"ServerInfo":{"DataCenter":"Japan East","Slice":"E","Ring":"5","ScaleUnit":"002","RoleInstance":"TY2PEPF00005FCF"}}
Date                          : Fri, 11 Apr 2025 12:22:49 GMT


[2025-04-11 21:22:53] [WARNING] ユーザー y-ueno@mirai-const.co.jp のOneDriveクォータ情報を取得できませんでした: User's mysite not found.

Status: 404 (NotFound)
ErrorCode: ResourceNotFound
Date: 2025-04-11T12:22:52

Headers:
Vary                          : Accept-Encoding
Strict-Transport-Security     : max-age=31536000
request-id                    : 80196961-0d68-496e-9477-ae8cc2d1a691
client-request-id             : 3a9780a7-ac65-4381-b951-5a49cd5ff695
x-ms-ags-diagnostic           : {"ServerInfo":{"DataCenter":"Japan East","Slice":"E","Ring":"5","ScaleUnit":"002","RoleInstance":"TY2PEPF00005FCF"}}
Date                          : Fri, 11 Apr 2025 12:22:52 GMT


[2025-04-11 21:22:55] [WARNING] ユーザー osaka-rakuraku@mirai-const.co.jp のOneDriveクォータ情報を取得できませんでした: User's mysite not found.

Status: 404 (NotFound)
ErrorCode: ResourceNotFound
Date: 2025-04-11T12:22:53

Headers:
Vary                          : Accept-Encoding
Strict-Transport-Security     : max-age=31536000
request-id                    : caebca88-5311-4d0c-9a5f-d7d8a9623396
client-request-id             : c3a56074-a2fb-4612-9ae7-8383e0c6f2f5
x-ms-ags-diagnostic           : {"ServerInfo":{"DataCenter":"Japan East","Slice":"E","Ring":"5","ScaleUnit":"002","RoleInstance":"TY2PEPF00005FCF"}}
Date                          : Fri, 11 Apr 2025 12:22:53 GMT


[2025-04-11 21:22:55] [WARNING] ユーザー apple-id@miraiconst.onmicrosoft.com のOneDriveクォータ情報を取得できませんでした: User's mysite not found.

Status: 404 (NotFound)
ErrorCode: ResourceNotFound
Date: 2025-04-11T12:22:54

Headers:
Vary                          : Accept-Encoding
Strict-Transport-Security     : max-age=31536000
request-id                    : acc222c9-afb9-4cb7-959b-1857bbfa214f
client-request-id             : 35ddc9b9-89a5-4b7c-97b5-e44d72f5c947
x-ms-ags-diagnostic           : {"ServerInfo":{"DataCenter":"Japan East","Slice":"E","Ring":"5","ScaleUnit":"002","RoleInstance":"TY2PEPF00005FCF"}}
Date                          : Fri, 11 Apr 2025 12:22:54 GMT


[2025-04-11 21:22:56] [WARNING] ユーザー okinawa@miraiconst.onmicrosoft.com のOneDriveクォータ情報を取得できませんでした: User's mysite not found.

Status: 404 (NotFound)
ErrorCode: ResourceNotFound
Date: 2025-04-11T12:22:55

Headers:
Vary                          : Accept-Encoding
Strict-Transport-Security     : max-age=31536000
request-id                    : 654a197b-7eb5-48ef-9ec7-18a65c6046e9
client-request-id             : 0ed79477-b8fc-412f-8dac-564321effcf6
x-ms-ags-diagnostic           : {"ServerInfo":{"DataCenter":"Japan East","Slice":"E","Ring":"5","ScaleUnit":"002","RoleInstance":"TY2PEPF00005FCF"}}
Date                          : Fri, 11 Apr 2025 12:22:55 GMT


[2025-04-11 21:23:03] [WARNING] ユーザー ki-fujita_mitsuifudosan.co.jp#EXT#@miraiconst.onmicrosoft.com のOneDriveクォータ情報を取得できませんでした: User's mysite not found.

Status: 404 (NotFound)
ErrorCode: ResourceNotFound
Date: 2025-04-11T12:23:02

Headers:
Vary                          : Accept-Encoding
Strict-Transport-Security     : max-age=31536000
request-id                    : c18e6d19-1ea1-4353-96d9-769cde7a0e5c
client-request-id             : deac4c51-5800-4c6f-923a-7f950a18f9fc
x-ms-ags-diagnostic           : {"ServerInfo":{"DataCenter":"Japan East","Slice":"E","Ring":"5","ScaleUnit":"002","RoleInstance":"TY2PEPF00005FCF"}}
Date                          : Fri, 11 Apr 2025 12:23:02 GMT


[2025-04-11 21:23:04] [WARNING] ユーザー shikoku-rakuraku@mirai-const.co.jp のOneDriveクォータ情報を取得できませんでした: User's mysite not found.

Status: 404 (NotFound)
ErrorCode: ResourceNotFound
Date: 2025-04-11T12:23:03

Headers:
Vary                          : Accept-Encoding
Strict-Transport-Security     : max-age=31536000
request-id                    : f07fd572-4581-4dca-9686-4d1fa5a9584a
client-request-id             : 53b5d8a6-f050-4dfe-b304-66556c4a971c
x-ms-ags-diagnostic           : {"ServerInfo":{"DataCenter":"Japan East","Slice":"E","Ring":"5","ScaleUnit":"002","RoleInstance":"TY2PEPF00005FCF"}}
Date                          : Fri, 11 Apr 2025 12:23:03 GMT


[2025-04-11 21:23:05] [WARNING] ユーザー kanri-tokyo@mirai-const.co.jp のOneDriveクォータ情報を取得できませんでした: User's mysite not found.

Status: 404 (NotFound)
ErrorCode: ResourceNotFound
Date: 2025-04-11T12:23:05

Headers:
Vary                          : Accept-Encoding
Strict-Transport-Security     : max-age=31536000
request-id                    : 266d1768-2112-4ef6-b03a-22fd3a5ec78e
client-request-id             : 3960458e-8faa-46a9-890d-a1fbcc381b26
x-ms-ags-diagnostic           : {"ServerInfo":{"DataCenter":"Japan East","Slice":"E","Ring":"5","ScaleUnit":"002","RoleInstance":"TY2PEPF00005FCF"}}
Date                          : Fri, 11 Apr 2025 12:23:05 GMT


[2025-04-11 21:23:09] [WARNING] ユーザー bid-info05m@mirai-const.co.jp のOneDriveクォータ情報を取得できませんでした: User's mysite not found.

Status: 404 (NotFound)
ErrorCode: ResourceNotFound
Date: 2025-04-11T12:23:08

Headers:
Vary                          : Accept-Encoding
Strict-Transport-Security     : max-age=31536000
request-id                    : c982026d-e761-4b52-bcbf-13ec4e4e1533
client-request-id             : 2e59cc6e-b58b-40a9-ba51-cf4ff8a1742c
x-ms-ags-diagnostic           : {"ServerInfo":{"DataCenter":"Japan East","Slice":"E","Ring":"5","ScaleUnit":"002","RoleInstance":"TY2PEPF00005FCF"}}
Date                          : Fri, 11 Apr 2025 12:23:08 GMT


[2025-04-11 21:23:10] [WARNING] ユーザー cim-master12@mirai-const.co.jp のOneDriveクォータ情報を取得できませんでした: User's mysite not found.

Status: 404 (NotFound)
ErrorCode: ResourceNotFound
Date: 2025-04-11T12:23:10

Headers:
Vary                          : Accept-Encoding
Strict-Transport-Security     : max-age=31536000
request-id                    : 586efbe1-f241-473f-b527-3eca804ebc2e
client-request-id             : 5e1c09df-44fa-4c35-80a4-2b75523c01a6
x-ms-ags-diagnostic           : {"ServerInfo":{"DataCenter":"Japan East","Slice":"E","Ring":"5","ScaleUnit":"002","RoleInstance":"TY2PEPF00005FCF"}}
Date                          : Fri, 11 Apr 2025 12:23:09 GMT


[2025-04-11 21:23:11] [WARNING] ユーザー m-chugoku@miraiconst.onmicrosoft.com のOneDriveクォータ情報を取得できませんでした: User's mysite not found.

Status: 404 (NotFound)
ErrorCode: ResourceNotFound
Date: 2025-04-11T12:23:10

Headers:
Vary                          : Accept-Encoding
Strict-Transport-Security     : max-age=31536000
request-id                    : c27e2685-f1fe-4455-ad78-59565d502715
client-request-id             : 2f350599-dcbb-4749-b409-c2d45b653546
x-ms-ags-diagnostic           : {"ServerInfo":{"DataCenter":"Japan East","Slice":"E","Ring":"5","ScaleUnit":"002","RoleInstance":"TY2PEPF00005FCF"}}
Date                          : Fri, 11 Apr 2025 12:23:10 GMT


[2025-04-11 21:23:12] [WARNING] ユーザー mirai-zoom@miraiconst.onmicrosoft.com のOneDriveクォータ情報を取得できませんでした: User's mysite not found.

Status: 404 (NotFound)
ErrorCode: ResourceNotFound
Date: 2025-04-11T12:23:11

Headers:
Vary                          : Accept-Encoding
Strict-Transport-Security     : max-age=31536000
request-id                    : acb74120-4d2f-434d-93b7-512698b38724
client-request-id             : d78a33cb-677e-4118-8263-1cebda93e98e
x-ms-ags-diagnostic           : {"ServerInfo":{"DataCenter":"Japan East","Slice":"E","Ring":"5","ScaleUnit":"002","RoleInstance":"TY2PEPF00005FCF"}}
Date                          : Fri, 11 Apr 2025 12:23:11 GMT


[2025-04-11 21:23:14] [WARNING] ユーザー cim-master11@mirai-const.co.jp のOneDriveクォータ情報を取得できませんでした: User's mysite not found.

Status: 404 (NotFound)
ErrorCode: ResourceNotFound
Date: 2025-04-11T12:23:13

Headers:
Vary                          : Accept-Encoding
Strict-Transport-Security     : max-age=31536000
request-id                    : 7a990ee5-75f7-4360-af73-2fc795490aea
client-request-id             : 08d23e04-fc86-492a-9e88-db3ec3c279a3
x-ms-ags-diagnostic           : {"ServerInfo":{"DataCenter":"Japan East","Slice":"E","Ring":"5","ScaleUnit":"002","RoleInstance":"TY2PEPF00005FD9"}}
Date                          : Fri, 11 Apr 2025 12:23:12 GMT


[2025-04-11 21:23:18] [WARNING] ユーザー compliance-hotline@miraiconst.onmicrosoft.com のOneDriveクォータ情報を取得できませんでした: User's mysite not found.

Status: 404 (NotFound)
ErrorCode: ResourceNotFound
Date: 2025-04-11T12:23:18

Headers:
Vary                          : Accept-Encoding
Strict-Transport-Security     : max-age=31536000
request-id                    : b62e7f80-da90-4544-b27e-e6213108503f
client-request-id             : b95bc48b-4bb8-4c08-997e-2f4d478ad003
x-ms-ags-diagnostic           : {"ServerInfo":{"DataCenter":"Japan East","Slice":"E","Ring":"5","ScaleUnit":"002","RoleInstance":"TY2PEPF00005FD9"}}
Date                          : Fri, 11 Apr 2025 12:23:17 GMT


[2025-04-11 21:23:18] [WARNING] ユーザー takuro.kumada_aaconst.co.jp#EXT#@miraiconst.onmicrosoft.com のOneDriveクォータ情報を取得できませんでした: User's mysite not found.

Status: 404 (NotFound)
ErrorCode: ResourceNotFound
Date: 2025-04-11T12:23:18

Headers:
Vary                          : Accept-Encoding
Strict-Transport-Security     : max-age=31536000
request-id                    : d2c7956b-0b16-4647-b979-6b3f0ee283d2
client-request-id             : 987f5196-551a-4dd1-975a-79e5104f00d4
x-ms-ags-diagnostic           : {"ServerInfo":{"DataCenter":"Japan East","Slice":"E","Ring":"5","ScaleUnit":"002","RoleInstance":"TY2PEPF00005FD9"}}
Date                          : Fri, 11 Apr 2025 12:23:17 GMT


[2025-04-11 21:23:19] [WARNING] ユーザー chiba-rakuraku@mirai-const.co.jp のOneDriveクォータ情報を取得できませんでした: User's mysite not found.

Status: 404 (NotFound)
ErrorCode: ResourceNotFound
Date: 2025-04-11T12:23:19

Headers:
Vary                          : Accept-Encoding
Strict-Transport-Security     : max-age=31536000
request-id                    : 7cc6f046-08e4-46d0-bcd0-67d70271f132
client-request-id             : 281041d9-8f17-4baf-ac3c-690b5583fccb
x-ms-ags-diagnostic           : {"ServerInfo":{"DataCenter":"Japan East","Slice":"E","Ring":"5","ScaleUnit":"002","RoleInstance":"TY2PEPF00005FD9"}}
Date                          : Fri, 11 Apr 2025 12:23:18 GMT


[2025-04-11 21:23:20] [WARNING] ユーザー h_kawamura_cdit.or.jp#EXT#@miraiconst.onmicrosoft.com のOneDriveクォータ情報を取得できませんでした: User's mysite not found.

Status: 404 (NotFound)
ErrorCode: ResourceNotFound
Date: 2025-04-11T12:23:19

Headers:
Vary                          : Accept-Encoding
Strict-Transport-Security     : max-age=31536000
request-id                    : 0d1e4b9e-5c6d-4999-a8d4-564998a3c8e1
client-request-id             : e87fa2bc-144e-4ced-a669-a8abe779bbdf
x-ms-ags-diagnostic           : {"ServerInfo":{"DataCenter":"Japan East","Slice":"E","Ring":"5","ScaleUnit":"002","RoleInstance":"TY2PEPF00005FD9"}}
Date                          : Fri, 11 Apr 2025 12:23:18 GMT


[2025-04-11 21:23:20] [WARNING] ユーザー y-kamei@mirai-const.co.jp のOneDriveクォータ情報を取得できませんでした: Method invocation failed because [System.Object[]] does not contain a method named 'op_Division'.
[2025-04-11 21:23:20] [WARNING] ユーザー bid-info03m@mirai-const.co.jp のOneDriveクォータ情報を取得できませんでした: User's mysite not found.

Status: 404 (NotFound)
ErrorCode: ResourceNotFound
Date: 2025-04-11T12:23:19

Headers:
Vary                          : Accept-Encoding
Strict-Transport-Security     : max-age=31536000
request-id                    : cb5c929f-9e0f-4999-ab3c-802ca9044143
client-request-id             : 5dddc9bf-342c-409f-96c6-1d96858ab1b3
x-ms-ags-diagnostic           : {"ServerInfo":{"DataCenter":"Japan East","Slice":"E","Ring":"5","ScaleUnit":"002","RoleInstance":"TY2PEPF00005FD9"}}
Date                          : Fri, 11 Apr 2025 12:23:19 GMT


[2025-04-11 21:23:21] [WARNING] ユーザー hokkaido-rakuraku@mirai-const.co.jp のOneDriveクォータ情報を取得できませんでした: User's mysite not found.

Status: 404 (NotFound)
ErrorCode: ResourceNotFound
Date: 2025-04-11T12:23:20

Headers:
Vary                          : Accept-Encoding
Strict-Transport-Security     : max-age=31536000
request-id                    : 9f5e725d-2d3a-4787-addd-627c0ff4e387
client-request-id             : 8d629813-8791-4b95-82b2-cccde5f52d52
x-ms-ags-diagnostic           : {"ServerInfo":{"DataCenter":"Japan East","Slice":"E","Ring":"5","ScaleUnit":"002","RoleInstance":"TY2PEPF00005FD9"}}
Date                          : Fri, 11 Apr 2025 12:23:19 GMT


[2025-04-11 21:23:21] [WARNING] ユーザー hp-kanri@miraiconst.onmicrosoft.com のOneDriveクォータ情報を取得できませんでした: User's mysite not found.

Status: 404 (NotFound)
ErrorCode: ResourceNotFound
Date: 2025-04-11T12:23:20

Headers:
Vary                          : Accept-Encoding
Strict-Transport-Security     : max-age=31536000
request-id                    : ac9a0a7c-d3f0-4187-9c70-7b8da99de297
client-request-id             : c0947970-91c3-426d-bb8e-19ab998741eb
x-ms-ags-diagnostic           : {"ServerInfo":{"DataCenter":"Japan East","Slice":"E","Ring":"5","ScaleUnit":"002","RoleInstance":"TY2PEPF00005FD9"}}
Date                          : Fri, 11 Apr 2025 12:23:19 GMT


[2025-04-11 21:23:23] [WARNING] ユーザー e-watanabe@miraiconst.onmicrosoft.com のOneDriveクォータ情報を取得できませんでした: User's mysite not found.

Status: 404 (NotFound)
ErrorCode: ResourceNotFound
Date: 2025-04-11T12:23:23

Headers:
Vary                          : Accept-Encoding
Strict-Transport-Security     : max-age=31536000
request-id                    : 36dc96b9-9608-4494-8e7c-98df283f1d0b
client-request-id             : 34506db9-db90-4fbb-9bcf-c4f3474db266
x-ms-ags-diagnostic           : {"ServerInfo":{"DataCenter":"Japan East","Slice":"E","Ring":"5","ScaleUnit":"002","RoleInstance":"TY2PEPF00005FD9"}}
Date                          : Fri, 11 Apr 2025 12:23:22 GMT


[2025-04-11 21:23:24] [WARNING] ユーザー n-sunako@mirai-const.co.jp のOneDriveクォータ情報を取得できませんでした: Method invocation failed because [System.Object[]] does not contain a method named 'op_Division'.
[2025-04-11 21:23:24] [INFO] ユーザー n-sunako@mirai-const.co.jp のroleTemplateId: 69091246-20e8-4a56-aa4d-066075b2a7a8
[2025-04-11 21:23:24] [INFO] ユーザー n-sunako@mirai-const.co.jp は管理者ロール: 69091246-20e8-4a56-aa4d-066075b2a7a8
[2025-04-11 21:23:25] [WARNING] ユーザー yamasaki-s89fa_mlit.go.jp#EXT#@miraiconst.onmicrosoft.com のOneDriveクォータ情報を取得できませんでした: User's mysite not found.

Status: 404 (NotFound)
ErrorCode: ResourceNotFound
Date: 2025-04-11T12:23:24

Headers:
Vary                          : Accept-Encoding
Strict-Transport-Security     : max-age=31536000
request-id                    : 48f561a7-4142-47ee-bab9-ab8ec807cb60
client-request-id             : 6e06951f-d3ce-4bb8-88ee-d6531f8e2bcb
x-ms-ags-diagnostic           : {"ServerInfo":{"DataCenter":"Japan East","Slice":"E","Ring":"5","ScaleUnit":"002","RoleInstance":"TY2PEPF00005FD9"}}
Date                          : Fri, 11 Apr 2025 12:23:23 GMT


[2025-04-11 21:23:26] [WARNING] ユーザー mail-info@miraiconst.onmicrosoft.com のOneDriveクォータ情報を取得できませんでした: User's mysite not found.

Status: 404 (NotFound)
ErrorCode: ResourceNotFound
Date: 2025-04-11T12:23:25

Headers:
Vary                          : Accept-Encoding
Strict-Transport-Security     : max-age=31536000
request-id                    : f3ff82ed-ad3b-4058-81e3-f4131b18e654
client-request-id             : 8abd3699-3897-42b6-8487-3266ca5fcd7e
x-ms-ags-diagnostic           : {"ServerInfo":{"DataCenter":"Japan East","Slice":"E","Ring":"5","ScaleUnit":"002","RoleInstance":"TY2PEPF00005FD9"}}
Date                          : Fri, 11 Apr 2025 12:23:24 GMT


[2025-04-11 21:23:28] [WARNING] ユーザー bid-info07m@mirai-const.co.jp のOneDriveクォータ情報を取得できませんでした: User's mysite not found.

Status: 404 (NotFound)
ErrorCode: ResourceNotFound
Date: 2025-04-11T12:23:27

Headers:
Vary                          : Accept-Encoding
Strict-Transport-Security     : max-age=31536000
request-id                    : 7369bedd-3de0-4466-8a8f-1fdddc1cffcf
client-request-id             : d26ecc06-402f-4857-8f5a-7f95089b9dd3
x-ms-ags-diagnostic           : {"ServerInfo":{"DataCenter":"Japan East","Slice":"E","Ring":"5","ScaleUnit":"002","RoleInstance":"TY2PEPF00005FD9"}}
Date                          : Fri, 11 Apr 2025 12:23:26 GMT


[2025-04-11 21:23:30] [WARNING] ユーザー cim-master08@mirai-const.co.jp のOneDriveクォータ情報を取得できませんでした: User's mysite not found.

Status: 404 (NotFound)
ErrorCode: ResourceNotFound
Date: 2025-04-11T12:23:29

Headers:
Vary                          : Accept-Encoding
Strict-Transport-Security     : max-age=31536000
request-id                    : 9d98d77d-be0f-44e9-9fa0-2a8fe9589f40
client-request-id             : a3c3365d-d7cc-415b-b777-2f41a7aaca00
x-ms-ags-diagnostic           : {"ServerInfo":{"DataCenter":"Japan East","Slice":"E","Ring":"5","ScaleUnit":"002","RoleInstance":"TY2PEPF00005FD9"}}
Date                          : Fri, 11 Apr 2025 12:23:28 GMT


[2025-04-11 21:23:31] [WARNING] ユーザー y-tsuzuki@mirai-const.co.jp のOneDriveクォータ情報を取得できませんでした: User's mysite not found.

Status: 404 (NotFound)
ErrorCode: ResourceNotFound
Date: 2025-04-11T12:23:30

Headers:
Vary                          : Accept-Encoding
Strict-Transport-Security     : max-age=31536000
request-id                    : d0744834-22e7-46d7-ba83-e930e39b3226
client-request-id             : bf098550-5eea-4d0c-96dd-d148c870a570
x-ms-ags-diagnostic           : {"ServerInfo":{"DataCenter":"Japan East","Slice":"E","Ring":"5","ScaleUnit":"002","RoleInstance":"TY2PEPF00005FD9"}}
Date                          : Fri, 11 Apr 2025 12:23:30 GMT


[2025-04-11 21:23:31] [WARNING] ユーザー m-info@miraiconst.onmicrosoft.com のOneDriveクォータ情報を取得できませんでした: User's mysite not found.

Status: 404 (NotFound)
ErrorCode: ResourceNotFound
Date: 2025-04-11T12:23:31

Headers:
Vary                          : Accept-Encoding
Strict-Transport-Security     : max-age=31536000
request-id                    : 20d2d234-ea6c-428a-b120-950970d545d2
client-request-id             : a94d1224-2cb4-426b-9935-59ccf82178c6
x-ms-ags-diagnostic           : {"ServerInfo":{"DataCenter":"Japan East","Slice":"E","Ring":"5","ScaleUnit":"002","RoleInstance":"TY2PEPF00005FD9"}}
Date                          : Fri, 11 Apr 2025 12:23:30 GMT


[2025-04-11 21:23:33] [WARNING] ユーザー hokkaido@miraiconst.onmicrosoft.com のOneDriveクォータ情報を取得できませんでした: User's mysite not found.

Status: 404 (NotFound)
ErrorCode: ResourceNotFound
Date: 2025-04-11T12:23:32

Headers:
Vary                          : Accept-Encoding
Strict-Transport-Security     : max-age=31536000
request-id                    : 40542c32-862e-47f2-a1ae-9df18914fe1c
client-request-id             : 650ece8b-3c68-4cda-b31c-662f55df44f8
x-ms-ags-diagnostic           : {"ServerInfo":{"DataCenter":"Japan East","Slice":"E","Ring":"5","ScaleUnit":"002","RoleInstance":"TY2PEPF00005FD9"}}
Date                          : Fri, 11 Apr 2025 12:23:31 GMT


[2025-04-11 21:23:33] [WARNING] ユーザー yokohama-rakuraku@mirai-const.co.jp のOneDriveクォータ情報を取得できませんでした: User's mysite not found.

Status: 404 (NotFound)
ErrorCode: ResourceNotFound
Date: 2025-04-11T12:23:33

Headers:
Vary                          : Accept-Encoding
Strict-Transport-Security     : max-age=31536000
request-id                    : 605154cc-8904-4c4a-962f-20dfcd412339
client-request-id             : a7645262-63da-4b04-812f-fe4872fa0fd4
x-ms-ags-diagnostic           : {"ServerInfo":{"DataCenter":"Japan East","Slice":"E","Ring":"5","ScaleUnit":"002","RoleInstance":"TY2PEPF00005FD9"}}
Date                          : Fri, 11 Apr 2025 12:23:32 GMT


[2025-04-11 21:23:34] [WARNING] ユーザー keieikikaku@miraiconst.onmicrosoft.com のOneDriveクォータ情報を取得できませんでした: User's mysite not found.

Status: 404 (NotFound)
ErrorCode: ResourceNotFound
Date: 2025-04-11T12:23:33

Headers:
Vary                          : Accept-Encoding
Strict-Transport-Security     : max-age=31536000
request-id                    : 70e71e7a-f897-4526-95d2-65832a856a1b
client-request-id             : 14e544af-9849-4b38-8ebd-351ca2690c91
x-ms-ags-diagnostic           : {"ServerInfo":{"DataCenter":"Japan East","Slice":"E","Ring":"5","ScaleUnit":"002","RoleInstance":"TY2PEPF00005FD9"}}
Date                          : Fri, 11 Apr 2025 12:23:33 GMT


[2025-04-11 21:23:35] [WARNING] ユーザー bid-info11m@mirai-const.co.jp のOneDriveクォータ情報を取得できませんでした: User's mysite not found.

Status: 404 (NotFound)
ErrorCode: ResourceNotFound
Date: 2025-04-11T12:23:35

Headers:
Vary                          : Accept-Encoding
Strict-Transport-Security     : max-age=31536000
request-id                    : 987c44cf-35a4-475b-8846-f46075e5236f
client-request-id             : 3188001e-1f4c-4480-9757-accf3c8dbce3
x-ms-ags-diagnostic           : {"ServerInfo":{"DataCenter":"Japan East","Slice":"E","Ring":"5","ScaleUnit":"002","RoleInstance":"TY2PEPF00005FD9"}}
Date                          : Fri, 11 Apr 2025 12:23:34 GMT


[2025-04-11 21:23:36] [WARNING] ユーザー bid-info08m@mirai-const.co.jp のOneDriveクォータ情報を取得できませんでした: User's mysite not found.

Status: 404 (NotFound)
ErrorCode: ResourceNotFound
Date: 2025-04-11T12:23:35

Headers:
Vary                          : Accept-Encoding
Strict-Transport-Security     : max-age=31536000
request-id                    : 29f30cc8-f374-4c53-ba3d-992d0ea717f5
client-request-id             : 74157de4-0214-4094-a544-f7f7a9ed3cf0
x-ms-ags-diagnostic           : {"ServerInfo":{"DataCenter":"Japan East","Slice":"E","Ring":"5","ScaleUnit":"002","RoleInstance":"TY2PEPF00005FD9"}}
Date                          : Fri, 11 Apr 2025 12:23:34 GMT


[2025-04-11 21:23:37] [WARNING] ユーザー cim-master16@mirai-const.co.jp のOneDriveクォータ情報を取得できませんでした: User's mysite not found.

Status: 404 (NotFound)
ErrorCode: ResourceNotFound
Date: 2025-04-11T12:23:36

Headers:
Vary                          : Accept-Encoding
Strict-Transport-Security     : max-age=31536000
request-id                    : 01a5b387-88f9-4ad8-9155-778072b50e61
client-request-id             : 80d743c7-1dfd-4cb0-9c08-7206f35f7e0a
x-ms-ags-diagnostic           : {"ServerInfo":{"DataCenter":"Japan East","Slice":"E","Ring":"5","ScaleUnit":"002","RoleInstance":"TY2PEPF00005FD9"}}
Date                          : Fri, 11 Apr 2025 12:23:36 GMT


[2025-04-11 21:23:38] [WARNING] ユーザー cim-master06@mirai-const.co.jp のOneDriveクォータ情報を取得できませんでした: User's mysite not found.

Status: 404 (NotFound)
ErrorCode: ResourceNotFound
Date: 2025-04-11T12:23:37

Headers:
Vary                          : Accept-Encoding
Strict-Transport-Security     : max-age=31536000
request-id                    : a9e24df4-78bf-4200-87f9-4c948940a592
client-request-id             : 6b87af88-1f3d-4ad5-9142-3b64295afced
x-ms-ags-diagnostic           : {"ServerInfo":{"DataCenter":"Japan East","Slice":"E","Ring":"5","ScaleUnit":"002","RoleInstance":"TY2PEPF00005FD9"}}
Date                          : Fri, 11 Apr 2025 12:23:36 GMT


[2025-04-11 21:23:40] [WARNING] ユーザー S.Nagano_otsuka-shokai.co.jp#EXT#@miraiconst.onmicrosoft.com のOneDriveクォータ情報を取得できませんでした: User's mysite not found.

Status: 404 (NotFound)
ErrorCode: ResourceNotFound
Date: 2025-04-11T12:23:39

Headers:
Vary                          : Accept-Encoding
Strict-Transport-Security     : max-age=31536000
request-id                    : 19f334dd-634a-4ffb-83df-454f6803e5cc
client-request-id             : 897b9fc0-0bd9-4dc3-8547-c7e7e4e6ca65
x-ms-ags-diagnostic           : {"ServerInfo":{"DataCenter":"Japan East","Slice":"E","Ring":"5","ScaleUnit":"002","RoleInstance":"TY2PEPF00005FD9"}}
Date                          : Fri, 11 Apr 2025 12:23:39 GMT


[2025-04-11 21:23:42] [WARNING] ユーザー k-sugimoto@miraiconst.onmicrosoft.com のOneDriveクォータ情報を取得できませんでした: User's mysite not found.

Status: 404 (NotFound)
ErrorCode: ResourceNotFound
Date: 2025-04-11T12:23:41

Headers:
Vary                          : Accept-Encoding
Strict-Transport-Security     : max-age=31536000
request-id                    : defb10c5-e7f7-4752-9f66-805ac825a6dc
client-request-id             : 36701080-c3e0-4cc1-bb64-7b636a7a3c0a
x-ms-ags-diagnostic           : {"ServerInfo":{"DataCenter":"Japan East","Slice":"E","Ring":"5","ScaleUnit":"002","RoleInstance":"TY2PEPF00005FD9"}}
Date                          : Fri, 11 Apr 2025 12:23:40 GMT


[2025-04-11 21:23:43] [WARNING] ユーザー kita-kyushu@miraiconst.onmicrosoft.com のOneDriveクォータ情報を取得できませんでした: User's mysite not found.

Status: 404 (NotFound)
ErrorCode: ResourceNotFound
Date: 2025-04-11T12:23:42

Headers:
Vary                          : Accept-Encoding
Strict-Transport-Security     : max-age=31536000
request-id                    : 44933ff3-78ca-4b1b-aeeb-08bc562a98ca
client-request-id             : bb8949ca-b208-4849-9f74-631b4f889f42
x-ms-ags-diagnostic           : {"ServerInfo":{"DataCenter":"Japan East","Slice":"E","Ring":"5","ScaleUnit":"002","RoleInstance":"TY2PEPF00005FD9"}}
Date                          : Fri, 11 Apr 2025 12:23:42 GMT


[2025-04-11 21:23:46] [WARNING] ユーザー bid-info@mirai-const.co.jp のOneDriveクォータ情報を取得できませんでした: User's mysite not found.

Status: 404 (NotFound)
ErrorCode: ResourceNotFound
Date: 2025-04-11T12:23:46

Headers:
Vary                          : Accept-Encoding
Strict-Transport-Security     : max-age=31536000
request-id                    : 75bc53ff-3bf3-4bc2-b122-470c204ce27d
client-request-id             : 3805a362-480d-4688-b62e-101735687ca2
x-ms-ags-diagnostic           : {"ServerInfo":{"DataCenter":"Japan East","Slice":"E","Ring":"5","ScaleUnit":"002","RoleInstance":"TY2PEPF00005FD9"}}
Date                          : Fri, 11 Apr 2025 12:23:45 GMT


[2025-04-11 21:23:48] [WARNING] ユーザー bid-info01m@mirai-const.co.jp のOneDriveクォータ情報を取得できませんでした: User's mysite not found.

Status: 404 (NotFound)
ErrorCode: ResourceNotFound
Date: 2025-04-11T12:23:47

Headers:
Vary                          : Accept-Encoding
Strict-Transport-Security     : max-age=31536000
request-id                    : dd2273d6-7d7f-4e31-b45b-b5bb68fdcf1e
client-request-id             : 5ce2c593-bfe3-43e2-9660-dc19a13ccb6d
x-ms-ags-diagnostic           : {"ServerInfo":{"DataCenter":"Japan East","Slice":"E","Ring":"5","ScaleUnit":"002","RoleInstance":"TY2PEPF00005FD9"}}
Date                          : Fri, 11 Apr 2025 12:23:47 GMT


[2025-04-11 21:23:49] [INFO] ユーザー r-niikura@mirai-const.co.jp のroleTemplateId: 62e90394-69f5-4237-9190-012177145e10
[2025-04-11 21:23:49] [INFO] ユーザー r-niikura@mirai-const.co.jp は管理者ロール: 62e90394-69f5-4237-9190-012177145e10
[2025-04-11 21:23:49] [WARNING] ユーザー zaimu@mirai-const.co.jp のOneDriveクォータ情報を取得できませんでした: User's mysite not found.

Status: 404 (NotFound)
ErrorCode: ResourceNotFound
Date: 2025-04-11T12:23:49

Headers:
Vary                          : Accept-Encoding
Strict-Transport-Security     : max-age=31536000
request-id                    : 78c2ce2d-2e34-4f64-bc54-d56190f807fe
client-request-id             : 183ba348-47be-4641-b252-0968985f0ac4
x-ms-ags-diagnostic           : {"ServerInfo":{"DataCenter":"Japan East","Slice":"E","Ring":"5","ScaleUnit":"002","RoleInstance":"TY2PEPF00005FD9"}}
Date                          : Fri, 11 Apr 2025 12:23:48 GMT


[2025-04-11 21:23:52] [INFO] ユーザー k-okada@mirai-const.co.jp のroleTemplateId: 69091246-20e8-4a56-aa4d-066075b2a7a8
[2025-04-11 21:23:52] [INFO] ユーザー k-okada@mirai-const.co.jp は管理者ロール: 69091246-20e8-4a56-aa4d-066075b2a7a8
[2025-04-11 21:23:52] [WARNING] ユーザー cim-master15@mirai-const.co.jp のOneDriveクォータ情報を取得できませんでした: User's mysite not found.

Status: 404 (NotFound)
ErrorCode: ResourceNotFound
Date: 2025-04-11T12:23:52

Headers:
Vary                          : Accept-Encoding
Strict-Transport-Security     : max-age=31536000
request-id                    : bced565f-01dc-4487-b578-31539f0c2f2c
client-request-id             : 6d96e3d1-812d-4c54-a4a2-b6be2e0f98e3
x-ms-ags-diagnostic           : {"ServerInfo":{"DataCenter":"Japan East","Slice":"E","Ring":"5","ScaleUnit":"002","RoleInstance":"TY2PEPF00005FD9"}}
Date                          : Fri, 11 Apr 2025 12:23:51 GMT


[2025-04-11 21:23:54] [WARNING] ユーザー ats-watanabe_mitsuifudosan.co.jp#EXT#@miraiconst.onmicrosoft.com のOneDriveクォータ情報を取得できませんでした: User's mysite not found.

Status: 404 (NotFound)
ErrorCode: ResourceNotFound
Date: 2025-04-11T12:23:52

Headers:
Vary                          : Accept-Encoding
Strict-Transport-Security     : max-age=31536000
request-id                    : e1209de3-34d5-4c9e-9c16-91e1fb5a9130
client-request-id             : f99679b3-48f0-45bd-8ae7-5ed810ca3351
x-ms-ags-diagnostic           : {"ServerInfo":{"DataCenter":"Japan East","Slice":"E","Ring":"5","ScaleUnit":"002","RoleInstance":"TY2PEPF00005FD9"}}
Date                          : Fri, 11 Apr 2025 12:23:52 GMT


[2025-04-11 21:23:55] [WARNING] ユーザー t-kumai@miraiconst.onmicrosoft.com のOneDriveクォータ情報を取得できませんでした: User's mysite not found.

Status: 404 (NotFound)
ErrorCode: ResourceNotFound
Date: 2025-04-11T12:23:54

Headers:
Vary                          : Accept-Encoding
Strict-Transport-Security     : max-age=31536000
request-id                    : 61a171e4-774e-46dc-816e-391ed7885a05
client-request-id             : 864ea403-8932-4883-bccf-97d69c0770c5
x-ms-ags-diagnostic           : {"ServerInfo":{"DataCenter":"Japan East","Slice":"E","Ring":"5","ScaleUnit":"002","RoleInstance":"TY2PEPF00005FD9"}}
Date                          : Fri, 11 Apr 2025 12:23:53 GMT


[2025-04-11 21:23:58] [WARNING] ユーザー bid-info12m@mirai-const.co.jp のOneDriveクォータ情報を取得できませんでした: User's mysite not found.

Status: 404 (NotFound)
ErrorCode: ResourceNotFound
Date: 2025-04-11T12:23:58

Headers:
Vary                          : Accept-Encoding
Strict-Transport-Security     : max-age=31536000
request-id                    : 087e6a43-b818-491f-981b-c03990e9b24b
client-request-id             : 1e766a78-4924-4229-8926-4d0226b3410d
x-ms-ags-diagnostic           : {"ServerInfo":{"DataCenter":"Japan East","Slice":"E","Ring":"5","ScaleUnit":"002","RoleInstance":"TY2PEPF00005FD9"}}
Date                          : Fri, 11 Apr 2025 12:23:57 GMT


[2025-04-11 21:23:59] [WARNING] ユーザー cim-master03@mirai-const.co.jp のOneDriveクォータ情報を取得できませんでした: User's mysite not found.

Status: 404 (NotFound)
ErrorCode: ResourceNotFound
Date: 2025-04-11T12:23:58

Headers:
Vary                          : Accept-Encoding
Strict-Transport-Security     : max-age=31536000
request-id                    : 1dbe047b-b9c5-4b96-bb11-3dbc4d895e2d
client-request-id             : 03e55a9f-df88-44fb-9cab-9f85ef56c099
x-ms-ags-diagnostic           : {"ServerInfo":{"DataCenter":"Japan East","Slice":"E","Ring":"5","ScaleUnit":"002","RoleInstance":"TY2PEPF00005FD9"}}
Date                          : Fri, 11 Apr 2025 12:23:57 GMT


[2025-04-11 21:24:04] [WARNING] ユーザー tech@miraiconst.onmicrosoft.com のOneDriveクォータ情報を取得できませんでした: User's mysite not found.

Status: 404 (NotFound)
ErrorCode: ResourceNotFound
Date: 2025-04-11T12:24:03

Headers:
Vary                          : Accept-Encoding
Strict-Transport-Security     : max-age=31536000
request-id                    : 98a09797-1e4f-46eb-bfd6-97233804980a
client-request-id             : 6d968a14-0888-40a7-92ae-ad556cdb75ae
x-ms-ags-diagnostic           : {"ServerInfo":{"DataCenter":"Japan East","Slice":"E","Ring":"5","ScaleUnit":"002","RoleInstance":"TY2PEPF00005FD9"}}
Date                          : Fri, 11 Apr 2025 12:24:02 GMT


[2025-04-11 21:24:07] [WARNING] ユーザー sketchup@miraiconst.onmicrosoft.com のOneDriveクォータ情報を取得できませんでした: User's mysite not found.

Status: 404 (NotFound)
ErrorCode: ResourceNotFound
Date: 2025-04-11T12:24:06

Headers:
Vary                          : Accept-Encoding
Strict-Transport-Security     : max-age=31536000
request-id                    : a5f4eb3a-fe79-45d6-8d44-58c072ca2d9c
client-request-id             : 598d4f09-7da2-4bed-8bb2-94d6be7a8838
x-ms-ags-diagnostic           : {"ServerInfo":{"DataCenter":"Japan East","Slice":"E","Ring":"5","ScaleUnit":"002","RoleInstance":"TY2PEPF00005FD9"}}
Date                          : Fri, 11 Apr 2025 12:24:05 GMT


[2025-04-11 21:24:07] [WARNING] ユーザー y-tajima@mirai-const.co.jp のOneDriveクォータ情報を取得できませんでした: User's mysite not found.

Status: 404 (NotFound)
ErrorCode: ResourceNotFound
Date: 2025-04-11T12:24:07

Headers:
Vary                          : Accept-Encoding
Strict-Transport-Security     : max-age=31536000
request-id                    : 6971625b-837d-44f3-ba57-51bf49d4f10d
client-request-id             : 0fe21307-8e77-4cbf-aac4-95afa8169873
x-ms-ags-diagnostic           : {"ServerInfo":{"DataCenter":"Japan East","Slice":"E","Ring":"5","ScaleUnit":"002","RoleInstance":"TY2PEPF00005FD9"}}
Date                          : Fri, 11 Apr 2025 12:24:06 GMT


[2025-04-11 21:24:08] [WARNING] ユーザー kaikei-support@mirai-const.co.jp のOneDriveクォータ情報を取得できませんでした: User's mysite not found.

Status: 404 (NotFound)
ErrorCode: ResourceNotFound
Date: 2025-04-11T12:24:08

Headers:
Vary                          : Accept-Encoding
Strict-Transport-Security     : max-age=31536000
request-id                    : a33c61e2-df6c-4bb6-8a1f-5af78bb59eb7
client-request-id             : dcfacf83-6a11-431f-bc77-74bab29a7aa3
x-ms-ags-diagnostic           : {"ServerInfo":{"DataCenter":"Japan East","Slice":"E","Ring":"5","ScaleUnit":"002","RoleInstance":"TY2PEPF00005FD9"}}
Date                          : Fri, 11 Apr 2025 12:24:07 GMT


[2025-04-11 21:24:12] [WARNING] ユーザー m-suzuki@mirai-const.co.jp のOneDriveクォータ情報を取得できませんでした: User's mysite not found.

Status: 404 (NotFound)
ErrorCode: ResourceNotFound
Date: 2025-04-11T12:24:11

Headers:
Vary                          : Accept-Encoding
Strict-Transport-Security     : max-age=31536000
request-id                    : b33cd901-acfe-41f8-b6cc-dde7500b89f9
client-request-id             : 9a182630-dc01-4a5f-bb1c-68310f681a75
x-ms-ags-diagnostic           : {"ServerInfo":{"DataCenter":"Japan East","Slice":"E","Ring":"5","ScaleUnit":"002","RoleInstance":"TY2PEPF00005FD9"}}
Date                          : Fri, 11 Apr 2025 12:24:10 GMT


[2025-04-11 21:24:14] [WARNING] ユーザー Sync_AZSV0001_b63ec191406d@miraiconst.onmicrosoft.com のOneDriveクォータ情報を取得できませんでした: User's mysite not found.

Status: 404 (NotFound)
ErrorCode: ResourceNotFound
Date: 2025-04-11T12:24:13

Headers:
Vary                          : Accept-Encoding
Strict-Transport-Security     : max-age=31536000
request-id                    : c23f99a5-59c2-47bf-b743-16cfe499faf3
client-request-id             : bd48a9ba-193f-4dad-99dd-a5c025eaedbc
x-ms-ags-diagnostic           : {"ServerInfo":{"DataCenter":"Japan East","Slice":"E","Ring":"5","ScaleUnit":"002","RoleInstance":"TY2PEPF00005FC7"}}
Date                          : Fri, 11 Apr 2025 12:24:13 GMT


[2025-04-11 21:24:14] [INFO] ユーザー Sync_AZSV0001_b63ec191406d@miraiconst.onmicrosoft.com のroleTemplateId: d29b2b05-8046-44ba-8758-1e26182fcf32
[2025-04-11 21:24:15] [WARNING] ユーザー kanri-kyushu@mirai-const.co.jp のOneDriveクォータ情報を取得できませんでした: User's mysite not found.

Status: 404 (NotFound)
ErrorCode: ResourceNotFound
Date: 2025-04-11T12:24:14

Headers:
Vary                          : Accept-Encoding
Strict-Transport-Security     : max-age=31536000
request-id                    : e28f283c-d591-4c20-be53-758b711aadfa
client-request-id             : 1f277b1d-2348-4ca2-8e00-7e9badf23dd0
x-ms-ags-diagnostic           : {"ServerInfo":{"DataCenter":"Japan East","Slice":"E","Ring":"5","ScaleUnit":"002","RoleInstance":"TY2PEPF00005FC7"}}
Date                          : Fri, 11 Apr 2025 12:24:14 GMT


[2025-04-11 21:24:17] [WARNING] ユーザー bid-info04m@mirai-const.co.jp のOneDriveクォータ情報を取得できませんでした: User's mysite not found.

Status: 404 (NotFound)
ErrorCode: ResourceNotFound
Date: 2025-04-11T12:24:17

Headers:
Vary                          : Accept-Encoding
Strict-Transport-Security     : max-age=31536000
request-id                    : 6d34fa22-f343-4f57-bc62-60685bfb18a6
client-request-id             : c4f31ae6-3c1e-4ce5-a48a-f2ac753626e5
x-ms-ags-diagnostic           : {"ServerInfo":{"DataCenter":"Japan East","Slice":"E","Ring":"5","ScaleUnit":"002","RoleInstance":"TY2PEPF00005FC7"}}
Date                          : Fri, 11 Apr 2025 12:24:16 GMT


[2025-04-11 21:24:18] [WARNING] ユーザー cim-master04@mirai-const.co.jp のOneDriveクォータ情報を取得できませんでした: User's mysite not found.

Status: 404 (NotFound)
ErrorCode: ResourceNotFound
Date: 2025-04-11T12:24:18

Headers:
Vary                          : Accept-Encoding
Strict-Transport-Security     : max-age=31536000
request-id                    : 3e8d1fe7-ed99-462d-94d2-633770647acf
client-request-id             : 0792a22e-d456-4b8d-b7c5-8cc9c9e2a604
x-ms-ags-diagnostic           : {"ServerInfo":{"DataCenter":"Japan East","Slice":"E","Ring":"5","ScaleUnit":"002","RoleInstance":"TY2PEPF00005FC7"}}
Date                          : Fri, 11 Apr 2025 12:24:17 GMT


[2025-04-11 21:24:19] [WARNING] ユーザー share@mirai-const.co.jp のOneDriveクォータ情報を取得できませんでした: User's mysite not found.

Status: 404 (NotFound)
ErrorCode: ResourceNotFound
Date: 2025-04-11T12:24:18

Headers:
Vary                          : Accept-Encoding
Strict-Transport-Security     : max-age=31536000
request-id                    : 403ba994-8f29-49b5-b4c8-10d5889b2b10
client-request-id             : 86412e74-3e78-4136-993d-b126eae99b05
x-ms-ags-diagnostic           : {"ServerInfo":{"DataCenter":"Japan East","Slice":"E","Ring":"5","ScaleUnit":"002","RoleInstance":"TY2PEPF00005FC7"}}
Date                          : Fri, 11 Apr 2025 12:24:18 GMT


[2025-04-11 21:24:21] [WARNING] ユーザー kitakyushu-rakuraku@mirai-const.co.jp のOneDriveクォータ情報を取得できませんでした: User's mysite not found.

Status: 404 (NotFound)
ErrorCode: ResourceNotFound
Date: 2025-04-11T12:24:19

Headers:
Vary                          : Accept-Encoding
Strict-Transport-Security     : max-age=31536000
request-id                    : f8591bf7-043e-4f87-b339-6867627b03ef
client-request-id             : f115b037-03f6-4aed-aeea-16d17e46fbb8
x-ms-ags-diagnostic           : {"ServerInfo":{"DataCenter":"Japan East","Slice":"E","Ring":"5","ScaleUnit":"002","RoleInstance":"TY2PEPF00005FC7"}}
Date                          : Fri, 11 Apr 2025 12:24:19 GMT


[2025-04-11 21:24:21] [WARNING] ユーザー amazon-biz@mirai-const.co.jp のOneDriveクォータ情報を取得できませんでした: User's mysite not found.

Status: 404 (NotFound)
ErrorCode: ResourceNotFound
Date: 2025-04-11T12:24:20

Headers:
Vary                          : Accept-Encoding
Strict-Transport-Security     : max-age=31536000
request-id                    : 654b7705-070a-4fe4-bf1a-3b92327715d9
client-request-id             : 7c6f9d43-713b-4774-93db-d48d8018e9a5
x-ms-ags-diagnostic           : {"ServerInfo":{"DataCenter":"Japan East","Slice":"E","Ring":"5","ScaleUnit":"002","RoleInstance":"TY2PEPF00005FC7"}}
Date                          : Fri, 11 Apr 2025 12:24:20 GMT


[2025-04-11 21:24:24] [WARNING] ユーザー k-hirabayashi@mirai-const.co.jp のOneDriveクォータ情報を取得できませんでした: User's mysite not found.

Status: 404 (NotFound)
ErrorCode: ResourceNotFound
Date: 2025-04-11T12:24:23

Headers:
Vary                          : Accept-Encoding
Strict-Transport-Security     : max-age=31536000
request-id                    : 843e7dbf-ede5-4986-9f30-1f539c51b06e
client-request-id             : 6f5a5bc4-4291-4cc2-8c01-3c3268126170
x-ms-ags-diagnostic           : {"ServerInfo":{"DataCenter":"Japan East","Slice":"E","Ring":"5","ScaleUnit":"002","RoleInstance":"TY2PEPF00005FC7"}}
Date                          : Fri, 11 Apr 2025 12:24:23 GMT


[2025-04-11 21:24:25] [WARNING] ユーザー shizuoka-rakuraku@mirai-const.co.jp のOneDriveクォータ情報を取得できませんでした: User's mysite not found.

Status: 404 (NotFound)
ErrorCode: ResourceNotFound
Date: 2025-04-11T12:24:24

Headers:
Vary                          : Accept-Encoding
Strict-Transport-Security     : max-age=31536000
request-id                    : dda33285-31ed-4d37-9345-d332f61bf475
client-request-id             : 9b0cd320-569a-4b21-b7b2-2fcb8404c7ef
x-ms-ags-diagnostic           : {"ServerInfo":{"DataCenter":"Japan East","Slice":"E","Ring":"5","ScaleUnit":"002","RoleInstance":"TY2PEPF00005FC7"}}
Date                          : Fri, 11 Apr 2025 12:24:24 GMT


[2025-04-11 21:24:26] [WARNING] ユーザー tokyokouji-rakuraku@mirai-const.co.jp のOneDriveクォータ情報を取得できませんでした: User's mysite not found.

Status: 404 (NotFound)
ErrorCode: ResourceNotFound
Date: 2025-04-11T12:24:25

Headers:
Vary                          : Accept-Encoding
Strict-Transport-Security     : max-age=31536000
request-id                    : d3946c77-952c-46bf-b745-f48dbd8de519
client-request-id             : e9782e8e-4554-42fc-b8a8-fcf1bc17042e
x-ms-ags-diagnostic           : {"ServerInfo":{"DataCenter":"Japan East","Slice":"E","Ring":"5","ScaleUnit":"002","RoleInstance":"TY2PEPF00005FC7"}}
Date                          : Fri, 11 Apr 2025 12:24:25 GMT


[2025-04-11 21:24:30] [WARNING] ユーザー honsya2-1@miraiconst.onmicrosoft.com のOneDriveクォータ情報を取得できませんでした: User's mysite not found.

Status: 404 (NotFound)
ErrorCode: ResourceNotFound
Date: 2025-04-11T12:24:29

Headers:
Vary                          : Accept-Encoding
Strict-Transport-Security     : max-age=31536000
request-id                    : 26381e6c-04bb-4c31-814f-91f6f9f85558
client-request-id             : b851e916-7f8c-4916-9242-d60f4ab0e923
x-ms-ags-diagnostic           : {"ServerInfo":{"DataCenter":"Japan East","Slice":"E","Ring":"5","ScaleUnit":"002","RoleInstance":"TY2PEPF00005FC7"}}
Date                          : Fri, 11 Apr 2025 12:24:29 GMT


[2025-04-11 21:24:32] [WARNING] ユーザー ito_mainmark.co.jp#EXT#@miraiconst.onmicrosoft.com のOneDriveクォータ情報を取得できませんでした: User's mysite not found.

Status: 404 (NotFound)
ErrorCode: ResourceNotFound
Date: 2025-04-11T12:24:31

Headers:
Vary                          : Accept-Encoding
Strict-Transport-Security     : max-age=31536000
request-id                    : a63b3800-df87-4408-82ea-fd213b6258fc
client-request-id             : 1d235969-0d40-4065-87f8-7510084b8e6d
x-ms-ags-diagnostic           : {"ServerInfo":{"DataCenter":"Japan East","Slice":"E","Ring":"5","ScaleUnit":"002","RoleInstance":"TY2PEPF00005FC7"}}
Date                          : Fri, 11 Apr 2025 12:24:30 GMT


[2025-04-11 21:24:34] [WARNING] ユーザー yk-takahashi_mitsuifudosan.co.jp#EXT#@miraiconst.onmicrosoft.com のOneDriveクォータ情報を取得できませんでした: User's mysite not found.

Status: 404 (NotFound)
ErrorCode: ResourceNotFound
Date: 2025-04-11T12:24:33

Headers:
Vary                          : Accept-Encoding
Strict-Transport-Security     : max-age=31536000
request-id                    : df421e4e-4185-4721-aed4-6e7e036963a7
client-request-id             : dc8011db-20e2-4aa2-9a5c-87f62a3c7f35
x-ms-ags-diagnostic           : {"ServerInfo":{"DataCenter":"Japan East","Slice":"E","Ring":"5","ScaleUnit":"002","RoleInstance":"TY2PEPF00005FC7"}}
Date                          : Fri, 11 Apr 2025 12:24:33 GMT


[2025-04-11 21:24:35] [WARNING] ユーザー chugoku-rakuraku@mirai-const.co.jp のOneDriveクォータ情報を取得できませんでした: User's mysite not found.

Status: 404 (NotFound)
ErrorCode: ResourceNotFound
Date: 2025-04-11T12:24:34

Headers:
Vary                          : Accept-Encoding
Strict-Transport-Security     : max-age=31536000
request-id                    : a2dfdfc6-047c-47d6-9488-fe1b66e4f5a9
client-request-id             : 049fe967-1882-416e-a8d3-2b2c49af505d
x-ms-ags-diagnostic           : {"ServerInfo":{"DataCenter":"Japan East","Slice":"E","Ring":"5","ScaleUnit":"002","RoleInstance":"TY2PEPF00005FC7"}}
Date                          : Fri, 11 Apr 2025 12:24:34 GMT


[2025-04-11 21:24:36] [WARNING] ユーザー webadmin@miraiconst.onmicrosoft.com のOneDriveクォータ情報を取得できませんでした: User's mysite not found.

Status: 404 (NotFound)
ErrorCode: ResourceNotFound
Date: 2025-04-11T12:24:35

Headers:
Vary                          : Accept-Encoding
Strict-Transport-Security     : max-age=31536000
request-id                    : 378bda8a-b8fd-4dc2-bccb-fc91e3be53bb
client-request-id             : d75c1a14-dfa6-4645-9bf7-30f904dac17d
x-ms-ags-diagnostic           : {"ServerInfo":{"DataCenter":"Japan East","Slice":"E","Ring":"5","ScaleUnit":"002","RoleInstance":"TY2PEPF00005FC7"}}
Date                          : Fri, 11 Apr 2025 12:24:35 GMT


[2025-04-11 21:24:37] [WARNING] ユーザー tokyokoji@miraiconst.onmicrosoft.com のOneDriveクォータ情報を取得できませんでした: User's mysite not found.

Status: 404 (NotFound)
ErrorCode: ResourceNotFound
Date: 2025-04-11T12:24:37

Headers:
Vary                          : Accept-Encoding
Strict-Transport-Security     : max-age=31536000
request-id                    : 79b11ce3-5d0a-4251-be62-2de97d157789
client-request-id             : 8844b372-0154-4722-836b-8b1f5e702bd2
x-ms-ags-diagnostic           : {"ServerInfo":{"DataCenter":"Japan East","Slice":"E","Ring":"5","ScaleUnit":"002","RoleInstance":"TY2PEPF00005FC7"}}
Date                          : Fri, 11 Apr 2025 12:24:37 GMT


[2025-04-11 21:24:39] [WARNING] ユーザー tokyo-rakuraku@mirai-const.co.jp のOneDriveクォータ情報を取得できませんでした: User's mysite not found.

Status: 404 (NotFound)
ErrorCode: ResourceNotFound
Date: 2025-04-11T12:24:38

Headers:
Vary                          : Accept-Encoding
Strict-Transport-Security     : max-age=31536000
request-id                    : 44d320c2-048a-486c-84a1-f7400433914d
client-request-id             : 5fbde1b3-08d8-4e0d-ae8b-66da9eb9af64
x-ms-ags-diagnostic           : {"ServerInfo":{"DataCenter":"Japan East","Slice":"E","Ring":"5","ScaleUnit":"002","RoleInstance":"TY2PEPF00005FC7"}}
Date                          : Fri, 11 Apr 2025 12:24:38 GMT


[2025-04-11 21:24:41] [WARNING] ユーザー mirai-edr@miraiconst.onmicrosoft.com のOneDriveクォータ情報を取得できませんでした: User's mysite not found.

Status: 404 (NotFound)
ErrorCode: ResourceNotFound
Date: 2025-04-11T12:24:39

Headers:
Vary                          : Accept-Encoding
Strict-Transport-Security     : max-age=31536000
request-id                    : f4a947eb-bfc4-4918-8001-15e4b22173ff
client-request-id             : c04e7099-80eb-42dd-9fcf-4d2987462a5a
x-ms-ags-diagnostic           : {"ServerInfo":{"DataCenter":"Japan East","Slice":"E","Ring":"5","ScaleUnit":"002","RoleInstance":"TY2PEPF00005FC7"}}
Date                          : Fri, 11 Apr 2025 12:24:39 GMT


[2025-04-11 21:24:41] [WARNING] ユーザー bid-info06m@mirai-const.co.jp のOneDriveクォータ情報を取得できませんでした: User's mysite not found.

Status: 404 (NotFound)
ErrorCode: ResourceNotFound
Date: 2025-04-11T12:24:41

Headers:
Vary                          : Accept-Encoding
Strict-Transport-Security     : max-age=31536000
request-id                    : a01013cc-6fd2-4411-8593-f9eaac73240e
client-request-id             : 64dc7270-ae85-4dde-829c-48f142d45336
x-ms-ags-diagnostic           : {"ServerInfo":{"DataCenter":"Japan East","Slice":"E","Ring":"5","ScaleUnit":"002","RoleInstance":"TY2PEPF00005FC7"}}
Date                          : Fri, 11 Apr 2025 12:24:41 GMT


[2025-04-11 21:24:43] [WARNING] ユーザー noto-rakuraku@mirai-const.co.jp のOneDriveクォータ情報を取得できませんでした: User's mysite not found.

Status: 404 (NotFound)
ErrorCode: ResourceNotFound
Date: 2025-04-11T12:24:43

Headers:
Vary                          : Accept-Encoding
Strict-Transport-Security     : max-age=31536000
request-id                    : d297ecfb-fc22-4b30-908e-5c36df576077
client-request-id             : 7b2d56d4-7ac4-4bbc-85bb-0a76f4208129
x-ms-ags-diagnostic           : {"ServerInfo":{"DataCenter":"Japan East","Slice":"E","Ring":"5","ScaleUnit":"002","RoleInstance":"TY2PEPF00005FC7"}}
Date                          : Fri, 11 Apr 2025 12:24:43 GMT


[2025-04-11 21:24:44] [WARNING] ユーザー aomori-rakuraku@mirai-const.co.jp のOneDriveクォータ情報を取得できませんでした: User's mysite not found.

Status: 404 (NotFound)
ErrorCode: ResourceNotFound
Date: 2025-04-11T12:24:43

Headers:
Vary                          : Accept-Encoding
Strict-Transport-Security     : max-age=31536000
request-id                    : 84d5eccc-1fe0-4895-b15f-962f47387a78
client-request-id             : e4eca735-6ca9-4640-b8d9-c069617d0221
x-ms-ags-diagnostic           : {"ServerInfo":{"DataCenter":"Japan East","Slice":"E","Ring":"5","ScaleUnit":"002","RoleInstance":"TY2PEPF00005FC7"}}
Date                          : Fri, 11 Apr 2025 12:24:43 GMT


[2025-04-11 21:24:45] [WARNING] ユーザー cad-master@miraiconst.onmicrosoft.com のOneDriveクォータ情報を取得できませんでした: User's mysite not found.

Status: 404 (NotFound)
ErrorCode: ResourceNotFound
Date: 2025-04-11T12:24:45

Headers:
Vary                          : Accept-Encoding
Strict-Transport-Security     : max-age=31536000
request-id                    : 4120b603-2124-4341-ad6a-5f56e8fd52ee
client-request-id             : 98751c2d-8480-4d2a-8bb9-623d1afc8b5c
x-ms-ags-diagnostic           : {"ServerInfo":{"DataCenter":"Japan East","Slice":"E","Ring":"5","ScaleUnit":"002","RoleInstance":"TY2PEPF00005FC7"}}
Date                          : Fri, 11 Apr 2025 12:24:44 GMT


[2025-04-11 21:24:50] [WARNING] ユーザー direct@mirai-const.co.jp のOneDriveクォータ情報を取得できませんでした: User's mysite not found.

Status: 404 (NotFound)
ErrorCode: ResourceNotFound
Date: 2025-04-11T12:24:49

Headers:
Vary                          : Accept-Encoding
Strict-Transport-Security     : max-age=31536000
request-id                    : 35fbaf99-24ab-4268-bae3-9d68f1ac4963
client-request-id             : 2244220f-10e1-4360-9f00-f6ff493b4e72
x-ms-ags-diagnostic           : {"ServerInfo":{"DataCenter":"Japan East","Slice":"E","Ring":"5","ScaleUnit":"002","RoleInstance":"TY2PEPF00005FC7"}}
Date                          : Fri, 11 Apr 2025 12:24:49 GMT


[2025-04-11 21:24:50] [WARNING] ユーザー forti-admin@mirai-const.co.jp のOneDriveクォータ情報を取得できませんでした: User's mysite not found.

Status: 404 (NotFound)
ErrorCode: ResourceNotFound
Date: 2025-04-11T12:24:49

Headers:
Vary                          : Accept-Encoding
Strict-Transport-Security     : max-age=31536000
request-id                    : 7a66eb8a-db16-48f0-b925-16f02bfce662
client-request-id             : 9a1e56bd-8850-4ba3-bf1f-5ddef3055b1d
x-ms-ags-diagnostic           : {"ServerInfo":{"DataCenter":"Japan East","Slice":"E","Ring":"5","ScaleUnit":"002","RoleInstance":"TY2PEPF00005FC7"}}
Date                          : Fri, 11 Apr 2025 12:24:49 GMT


[2025-04-11 21:24:53] [WARNING] ユーザー chubu@miraiconst.onmicrosoft.com のOneDriveクォータ情報を取得できませんでした: User's mysite not found.

Status: 404 (NotFound)
ErrorCode: ResourceNotFound
Date: 2025-04-11T12:24:53

Headers:
Vary                          : Accept-Encoding
Strict-Transport-Security     : max-age=31536000
request-id                    : dbace09f-ea54-475a-9e84-c1f30594f657
client-request-id             : 229a2284-07fc-4723-bf9c-8b0220c1a5e4
x-ms-ags-diagnostic           : {"ServerInfo":{"DataCenter":"Japan East","Slice":"E","Ring":"5","ScaleUnit":"002","RoleInstance":"TY2PEPF00005FC7"}}
Date                          : Fri, 11 Apr 2025 12:24:52 GMT


[2025-04-11 21:24:55] [WARNING] ユーザー ys-yamamoto_apptec.co.jp#EXT#@miraiconst.onmicrosoft.com のOneDriveクォータ情報を取得できませんでした: User's mysite not found.

Status: 404 (NotFound)
ErrorCode: ResourceNotFound
Date: 2025-04-11T12:24:54

Headers:
Vary                          : Accept-Encoding
Strict-Transport-Security     : max-age=31536000
request-id                    : 58a52f5c-1085-454d-9b0c-d651e15df2c5
client-request-id             : 8786c4e3-5749-42a5-b933-b4962c82002c
x-ms-ags-diagnostic           : {"ServerInfo":{"DataCenter":"Japan East","Slice":"E","Ring":"5","ScaleUnit":"002","RoleInstance":"TY2PEPF00005FC7"}}
Date                          : Fri, 11 Apr 2025 12:24:54 GMT


[2025-04-11 21:24:56] [WARNING] ユーザー r-futenma@mirai-const.co.jp のOneDriveクォータ情報を取得できませんでした: User's mysite not found.

Status: 404 (NotFound)
ErrorCode: ResourceNotFound
Date: 2025-04-11T12:24:55

Headers:
Vary                          : Accept-Encoding
Strict-Transport-Security     : max-age=31536000
request-id                    : dc3e9f2b-c562-47bc-a137-00d46b5f4295
client-request-id             : 4c023d44-a0c8-4d1a-8ee3-a3d0c430fff6
x-ms-ags-diagnostic           : {"ServerInfo":{"DataCenter":"Japan East","Slice":"E","Ring":"5","ScaleUnit":"002","RoleInstance":"TY2PEPF00005FC7"}}
Date                          : Fri, 11 Apr 2025 12:24:55 GMT


[2025-04-11 21:24:57] [WARNING] ユーザー cim-master13@mirai-const.co.jp のOneDriveクォータ情報を取得できませんでした: User's mysite not found.

Status: 404 (NotFound)
ErrorCode: ResourceNotFound
Date: 2025-04-11T12:24:57

Headers:
Vary                          : Accept-Encoding
Strict-Transport-Security     : max-age=31536000
request-id                    : d7898a37-82ce-4698-8f4d-25902395b9e8
client-request-id             : b5d5286e-f692-4d0e-9d27-4246d9b4c80c
x-ms-ags-diagnostic           : {"ServerInfo":{"DataCenter":"Japan East","Slice":"E","Ring":"5","ScaleUnit":"002","RoleInstance":"TY2PEPF00005FC7"}}
Date                          : Fri, 11 Apr 2025 12:24:56 GMT


[2025-04-11 21:24:58] [WARNING] ユーザー na-kadokawa_apptec.co.jp#EXT#@miraiconst.onmicrosoft.com のOneDriveクォータ情報を取得できませんでした: User's mysite not found.

Status: 404 (NotFound)
ErrorCode: ResourceNotFound
Date: 2025-04-11T12:24:58

Headers:
Vary                          : Accept-Encoding
Strict-Transport-Security     : max-age=31536000
request-id                    : 3daa2304-fdd4-41d6-b29f-8f5189b1600c
client-request-id             : 29d0b583-9d2d-4243-ac60-a8707d919ffb
x-ms-ags-diagnostic           : {"ServerInfo":{"DataCenter":"Japan East","Slice":"E","Ring":"5","ScaleUnit":"002","RoleInstance":"TY2PEPF00005FC7"}}
Date                          : Fri, 11 Apr 2025 12:24:57 GMT


[2025-04-11 21:25:02] [WARNING] ユーザー mirai-sns@miraiconst.onmicrosoft.com のOneDriveクォータ情報を取得できませんでした: User's mysite not found.

Status: 404 (NotFound)
ErrorCode: ResourceNotFound
Date: 2025-04-11T12:25:02

Headers:
Vary                          : Accept-Encoding
Strict-Transport-Security     : max-age=31536000
request-id                    : f9f80879-d164-4fd8-9878-21ae942550d3
client-request-id             : c3ea9321-9e12-4af7-a9d9-b21d507ec53b
x-ms-ags-diagnostic           : {"ServerInfo":{"DataCenter":"Japan East","Slice":"E","Ring":"5","ScaleUnit":"002","RoleInstance":"TY2PEPF00005FC7"}}
Date                          : Fri, 11 Apr 2025 12:25:01 GMT


[2025-04-11 21:25:05] [WARNING] ユーザー et-satoh@mirai-const.co.jp のOneDriveクォータ情報を取得できませんでした: User's mysite not found.

Status: 404 (NotFound)
ErrorCode: ResourceNotFound
Date: 2025-04-11T12:25:04

Headers:
Vary                          : Accept-Encoding
Strict-Transport-Security     : max-age=31536000
request-id                    : 8af30637-1ccf-4efd-95f8-c519acb4cd47
client-request-id             : 22992963-0406-42fe-aece-f306bc10fb54
x-ms-ags-diagnostic           : {"ServerInfo":{"DataCenter":"Japan East","Slice":"E","Ring":"5","ScaleUnit":"002","RoleInstance":"TY2PEPF00005FC7"}}
Date                          : Fri, 11 Apr 2025 12:25:04 GMT


[2025-04-11 21:25:07] [WARNING] ユーザー k-obara@mirai-const.co.jp のOneDriveクォータ情報を取得できませんでした: User's mysite not found.

Status: 404 (NotFound)
ErrorCode: ResourceNotFound
Date: 2025-04-11T12:25:06

Headers:
Vary                          : Accept-Encoding
Strict-Transport-Security     : max-age=31536000
request-id                    : 2e6b1297-2f9f-41c4-8c42-54b0ed3cdcb3
client-request-id             : da290171-7d2b-44e3-aaf3-611233dc7e2e
x-ms-ags-diagnostic           : {"ServerInfo":{"DataCenter":"Japan East","Slice":"E","Ring":"5","ScaleUnit":"002","RoleInstance":"TY2PEPF00005FC7"}}
Date                          : Fri, 11 Apr 2025 12:25:06 GMT


[2025-04-11 21:25:12] [WARNING] ユーザー kanri-oosaka@mirai-const.co.jp のOneDriveクォータ情報を取得できませんでした: User's mysite not found.

Status: 404 (NotFound)
ErrorCode: ResourceNotFound
Date: 2025-04-11T12:25:11

Headers:
Vary                          : Accept-Encoding
Strict-Transport-Security     : max-age=31536000
request-id                    : 879ddffd-ff28-4d92-ad62-73712f1370d3
client-request-id             : 3ae17375-161a-48f4-9e8f-f4f1b5389819
x-ms-ags-diagnostic           : {"ServerInfo":{"DataCenter":"Japan East","Slice":"E","Ring":"5","ScaleUnit":"002","RoleInstance":"TY2PEPF00005FC7"}}
Date                          : Fri, 11 Apr 2025 12:25:11 GMT


[2025-04-11 21:25:13] [WARNING] ユーザー haruka.ishigaki_aaconst.onmicrosoft.com#EXT#@miraiconst.onmicrosoft.com のOneDriveクォータ情報を取得できませんでした: User's mysite not found.

Status: 404 (NotFound)
ErrorCode: ResourceNotFound
Date: 2025-04-11T12:25:13

Headers:
Vary                          : Accept-Encoding
Strict-Transport-Security     : max-age=31536000
request-id                    : 486756c3-7ad2-46b9-aeae-5fffcc13e2f4
client-request-id             : d80a4459-0365-439c-9b46-15068fee4f36
x-ms-ags-diagnostic           : {"ServerInfo":{"DataCenter":"Japan East","Slice":"E","Ring":"5","ScaleUnit":"002","RoleInstance":"TY2PEPF00005FC7"}}
Date                          : Fri, 11 Apr 2025 12:25:12 GMT


[2025-04-11 21:25:16] [WARNING] ユーザー bid-info02m@mirai-const.co.jp のOneDriveクォータ情報を取得できませんでした: User's mysite not found.

Status: 404 (NotFound)
ErrorCode: ResourceNotFound
Date: 2025-04-11T12:25:15

Headers:
Vary                          : Accept-Encoding
Strict-Transport-Security     : max-age=31536000
request-id                    : 437ec569-5f68-4219-836b-e77ce8fa5803
client-request-id             : 8d8ef2a5-f8e3-4d97-b789-3ec6b49123c3
x-ms-ags-diagnostic           : {"ServerInfo":{"DataCenter":"Japan East","Slice":"E","Ring":"5","ScaleUnit":"000","RoleInstance":"TY1PEPF0000604C"}}
Date                          : Fri, 11 Apr 2025 12:25:14 GMT


[2025-04-11 21:25:16] [SUCCESS] OneDriveクォータ情報の取得が完了しました。取得件数: 524
[2025-04-11 21:25:16] [SUCCESS] CSVファイルを作成しました: C:\kitting\OneDriveforBusinessManagementSystem\OneDriveManagement.20250411\Basic_Data_Collection.20250411\OneDriveQuota.20250411212516.csv
[2025-04-11 21:25:16] [INFO] Excelでファイルを開いて列幅の調整とフィルターの適用を行います...
[2025-04-11 21:25:18] [SUCCESS] Excelでの処理が完了しました。
