[2025-04-11 20:25:10] [INFO] ストレージクォータ取得を開始します
[2025-04-11 20:25:10] [INFO] 出力ディレクトリ: C:\kitting\OneDriveforBusinessManagementSystem\OneDriveManagement.20250411\Basic_Data_Collection.20250411
[2025-04-11 20:25:10] [INFO] ログディレクトリ: C:\kitting\OneDriveforBusinessManagementSystem\OneDriveManagement.20250411\Log
[2025-04-11 20:25:10] [WARNING] Graph接続済みですが、ユーザー情報は取得できません。
[2025-04-11 20:25:10] [WARNING] Graph接続済みですが、ユーザー情報は取得できません。
[2025-04-11 20:25:10] [INFO] すべてのユーザーのOneDriveクォータ情報を取得しています...
[2025-04-11 20:25:12] [WARNING] ユーザー okinawa-rakuraku@mirai-const.co.jp のOneDriveクォータ情報を取得できませんでした: User's mysite not found.

Status: 404 (NotFound)
ErrorCode: ResourceNotFound
Date: 2025-04-11T11:25:11

Headers:
Vary                          : Accept-Encoding
Strict-Transport-Security     : max-age=31536000
request-id                    : c07efe96-d6b6-4cb5-b771-606ef7e4929c
client-request-id             : 6b0ef94c-b0bc-453d-a724-ad52ea5306dc
x-ms-ags-diagnostic           : {"ServerInfo":{"DataCenter":"Japan East","Slice":"E","Ring":"5","ScaleUnit":"000","RoleInstance":"TY1PEPF00006061"}}
Date                          : Fri, 11 Apr 2025 11:25:11 GMT


[2025-04-11 20:25:15] [WARNING] ユーザー admin@miraiconst.onmicrosoft.com のOneDriveクォータ情報を取得できませんでした: User's mysite not found.

Status: 404 (NotFound)
ErrorCode: ResourceNotFound
Date: 2025-04-11T11:25:15

Headers:
Vary                          : Accept-Encoding
Strict-Transport-Security     : max-age=31536000
request-id                    : 85886388-3fec-4245-b20a-c00ce0146941
client-request-id             : fd200ec4-f358-400b-a308-b97b6ec0b5e6
x-ms-ags-diagnostic           : {"ServerInfo":{"DataCenter":"Japan East","Slice":"E","Ring":"5","ScaleUnit":"000","RoleInstance":"TY1PEPF00006061"}}
Date                          : Fri, 11 Apr 2025 11:25:14 GMT


[2025-04-11 20:25:17] [WARNING] ユーザー admin1@miraiconst.onmicrosoft.com のOneDriveクォータ情報を取得できませんでした: User's mysite not found.

Status: 404 (NotFound)
ErrorCode: ResourceNotFound
Date: 2025-04-11T11:25:17

Headers:
Vary                          : Accept-Encoding
Strict-Transport-Security     : max-age=31536000
request-id                    : 28b7787c-1b23-44f3-a274-4ad61ed48b41
client-request-id             : 32364511-fee7-42bc-9098-df6c9a2f9618
x-ms-ags-diagnostic           : {"ServerInfo":{"DataCenter":"Japan East","Slice":"E","Ring":"5","ScaleUnit":"000","RoleInstance":"TY1PEPF00006061"}}
Date                          : Fri, 11 Apr 2025 11:25:16 GMT


[2025-04-11 20:25:18] [WARNING] ユーザー cim-master10@mirai-const.co.jp のOneDriveクォータ情報を取得できませんでした: User's mysite not found.

Status: 404 (NotFound)
ErrorCode: ResourceNotFound
Date: 2025-04-11T11:25:17

Headers:
Vary                          : Accept-Encoding
Strict-Transport-Security     : max-age=31536000
request-id                    : f2590271-9909-461c-a208-2835296486e7
client-request-id             : b0fceeb0-0455-412e-aa38-abde2ee537c2
x-ms-ags-diagnostic           : {"ServerInfo":{"DataCenter":"Japan East","Slice":"E","Ring":"5","ScaleUnit":"000","RoleInstance":"TY1PEPF00006061"}}
Date                          : Fri, 11 Apr 2025 11:25:17 GMT


[2025-04-11 20:25:21] [WARNING] ユーザー jinji-saiyou@mirai-const.co.jp のOneDriveクォータ情報を取得できませんでした: User's mysite not found.

Status: 404 (NotFound)
ErrorCode: ResourceNotFound
Date: 2025-04-11T11:25:20

Headers:
Vary                          : Accept-Encoding
Strict-Transport-Security     : max-age=31536000
request-id                    : 60dbf07c-d12f-4920-9369-1fbbcf376170
client-request-id             : 9d66796e-50d4-46a5-aac7-8e51d81fdacd
x-ms-ags-diagnostic           : {"ServerInfo":{"DataCenter":"Japan East","Slice":"E","Ring":"5","ScaleUnit":"000","RoleInstance":"TY1PEPF00006061"}}
Date                          : Fri, 11 Apr 2025 11:25:19 GMT


[2025-04-11 20:25:22] [WARNING] ユーザー soumu-payment@mirai-const.co.jp のOneDriveクォータ情報を取得できませんでした: User's mysite not found.

Status: 404 (NotFound)
ErrorCode: ResourceNotFound
Date: 2025-04-11T11:25:21

Headers:
Vary                          : Accept-Encoding
Strict-Transport-Security     : max-age=31536000
request-id                    : 21e1b147-b8f0-46f6-a1ed-a20c96435b01
client-request-id             : 18285332-beb8-4356-90b0-93cfb349e5d6
x-ms-ags-diagnostic           : {"ServerInfo":{"DataCenter":"Japan East","Slice":"E","Ring":"5","ScaleUnit":"000","RoleInstance":"TY1PEPF00006061"}}
Date                          : Fri, 11 Apr 2025 11:25:21 GMT


[2025-04-11 20:25:23] [WARNING] ユーザー mf-jigyoukikaku@miraiconst.onmicrosoft.com のOneDriveクォータ情報を取得できませんでした: User's mysite not found.

Status: 404 (NotFound)
ErrorCode: ResourceNotFound
Date: 2025-04-11T11:25:22

Headers:
Vary                          : Accept-Encoding
Strict-Transport-Security     : max-age=31536000
request-id                    : 5c2e4d97-3b5e-4687-80b3-7d46f3fdb9e4
client-request-id             : 41552aef-1f9b-4fe5-9689-c771ccc3e254
x-ms-ags-diagnostic           : {"ServerInfo":{"DataCenter":"Japan East","Slice":"E","Ring":"5","ScaleUnit":"000","RoleInstance":"TY1PEPF00006061"}}
Date                          : Fri, 11 Apr 2025 11:25:22 GMT


[2025-04-11 20:25:26] [WARNING] ユーザー henngetest@mirai-const.co.jp のOneDriveクォータ情報を取得できませんでした: User's mysite not found.

Status: 404 (NotFound)
ErrorCode: ResourceNotFound
Date: 2025-04-11T11:25:25

Headers:
Vary                          : Accept-Encoding
Strict-Transport-Security     : max-age=31536000
request-id                    : a96a8fdf-d014-437e-9a27-32f7c2c2c73c
client-request-id             : 2417583b-e143-40f6-8fad-941e627ab915
x-ms-ags-diagnostic           : {"ServerInfo":{"DataCenter":"Japan East","Slice":"E","Ring":"5","ScaleUnit":"000","RoleInstance":"TY1PEPF00006061"}}
Date                          : Fri, 11 Apr 2025 11:25:24 GMT


[2025-04-11 20:25:33] [WARNING] ユーザー ariake-rakuraku@mirai-const.co.jp のOneDriveクォータ情報を取得できませんでした: User's mysite not found.

Status: 404 (NotFound)
ErrorCode: ResourceNotFound
Date: 2025-04-11T11:25:32

Headers:
Vary                          : Accept-Encoding
Strict-Transport-Security     : max-age=31536000
request-id                    : d75575b8-bbeb-4e76-a52a-b580bde301a2
client-request-id             : de80953a-4806-4d82-be1d-84fd1f99ec1f
x-ms-ags-diagnostic           : {"ServerInfo":{"DataCenter":"Japan East","Slice":"E","Ring":"5","ScaleUnit":"000","RoleInstance":"TY1PEPF00006061"}}
Date                          : Fri, 11 Apr 2025 11:25:32 GMT


[2025-04-11 20:25:33] [WARNING] ユーザー system-info@mirai-const.co.jp のOneDriveクォータ情報を取得できませんでした: User's mysite not found.

Status: 404 (NotFound)
ErrorCode: ResourceNotFound
Date: 2025-04-11T11:25:33

Headers:
Vary                          : Accept-Encoding
Strict-Transport-Security     : max-age=31536000
request-id                    : da783bec-2dec-4306-bbe3-19c73568e4c2
client-request-id             : 65fef025-2296-479b-b229-e874f9410047
x-ms-ags-diagnostic           : {"ServerInfo":{"DataCenter":"Japan East","Slice":"E","Ring":"5","ScaleUnit":"000","RoleInstance":"TY1PEPF00006061"}}
Date                          : Fri, 11 Apr 2025 11:25:32 GMT


[2025-04-11 20:25:36] [WARNING] ユーザー hideyuki.nomura_halekulaniokinawa.com#EXT#@miraiconst.onmicrosoft.com のOneDriveクォータ情報を取得できませんでした: User's mysite not found.

Status: 404 (NotFound)
ErrorCode: ResourceNotFound
Date: 2025-04-11T11:25:35

Headers:
Vary                          : Accept-Encoding
Strict-Transport-Security     : max-age=31536000
request-id                    : 998db694-0dfd-45c6-84af-c163913c716a
client-request-id             : b0f0421b-9256-4b61-a76f-012f9715c557
x-ms-ags-diagnostic           : {"ServerInfo":{"DataCenter":"Japan East","Slice":"E","Ring":"5","ScaleUnit":"000","RoleInstance":"TY1PEPF00006061"}}
Date                          : Fri, 11 Apr 2025 11:25:35 GMT


[2025-04-11 20:25:37] [WARNING] ユーザー cim-master05@mirai-const.co.jp のOneDriveクォータ情報を取得できませんでした: User's mysite not found.

Status: 404 (NotFound)
ErrorCode: ResourceNotFound
Date: 2025-04-11T11:25:36

Headers:
Vary                          : Accept-Encoding
Strict-Transport-Security     : max-age=31536000
request-id                    : fd0692a1-123b-49e8-a68c-a547206227f7
client-request-id             : e588a697-d635-43a8-a88b-45a12651e4b5
x-ms-ags-diagnostic           : {"ServerInfo":{"DataCenter":"Japan East","Slice":"E","Ring":"5","ScaleUnit":"000","RoleInstance":"TY1PEPF00006061"}}
Date                          : Fri, 11 Apr 2025 11:25:36 GMT


[2025-04-11 20:25:38] [WARNING] ユーザー mk-engagement@miraiconst.onmicrosoft.com のOneDriveクォータ情報を取得できませんでした: User's mysite not found.

Status: 404 (NotFound)
ErrorCode: ResourceNotFound
Date: 2025-04-11T11:25:38

Headers:
Vary                          : Accept-Encoding
Strict-Transport-Security     : max-age=31536000
request-id                    : 4c8bb74f-082c-406d-a136-0a4ecb04d6b7
client-request-id             : 943b644b-e7f6-4ea6-bfa6-feffcd32288b
x-ms-ags-diagnostic           : {"ServerInfo":{"DataCenter":"Japan East","Slice":"E","Ring":"5","ScaleUnit":"000","RoleInstance":"TY1PEPF00006061"}}
Date                          : Fri, 11 Apr 2025 11:25:37 GMT


[2025-04-11 20:25:39] [WARNING] ユーザー bid-info10m@mirai-const.co.jp のOneDriveクォータ情報を取得できませんでした: User's mysite not found.

Status: 404 (NotFound)
ErrorCode: ResourceNotFound
Date: 2025-04-11T11:25:39

Headers:
Vary                          : Accept-Encoding
Strict-Transport-Security     : max-age=31536000
request-id                    : 3219a717-5b11-4186-b47b-0fae136f0b88
client-request-id             : abdbfbff-7b76-4110-8806-20293279b07f
x-ms-ags-diagnostic           : {"ServerInfo":{"DataCenter":"Japan East","Slice":"E","Ring":"5","ScaleUnit":"000","RoleInstance":"TY1PEPF00006061"}}
Date                          : Fri, 11 Apr 2025 11:25:38 GMT


[2025-04-11 20:25:40] [WARNING] ユーザー bid-info09m@mirai-const.co.jp のOneDriveクォータ情報を取得できませんでした: User's mysite not found.

Status: 404 (NotFound)
ErrorCode: ResourceNotFound
Date: 2025-04-11T11:25:39

Headers:
Vary                          : Accept-Encoding
Strict-Transport-Security     : max-age=31536000
request-id                    : 276c41cf-5a38-4c54-a7dd-61a46d0f6e13
client-request-id             : f5e1dd17-68e5-467f-9bb0-cee04f356b99
x-ms-ags-diagnostic           : {"ServerInfo":{"DataCenter":"Japan East","Slice":"E","Ring":"5","ScaleUnit":"000","RoleInstance":"TY1PEPF00006061"}}
Date                          : Fri, 11 Apr 2025 11:25:39 GMT


[2025-04-11 20:25:42] [WARNING] ユーザー hokuriku-rakuraku@mirai-const.co.jp のOneDriveクォータ情報を取得できませんでした: User's mysite not found.

Status: 404 (NotFound)
ErrorCode: ResourceNotFound
Date: 2025-04-11T11:25:41

Headers:
Vary                          : Accept-Encoding
Strict-Transport-Security     : max-age=31536000
request-id                    : 44ae23e3-f563-4d5b-84e1-392104942996
client-request-id             : c92408d2-b08e-4cd3-9ef5-0a2e8704fe35
x-ms-ags-diagnostic           : {"ServerInfo":{"DataCenter":"Japan East","Slice":"E","Ring":"5","ScaleUnit":"000","RoleInstance":"TY1PEPF00006061"}}
Date                          : Fri, 11 Apr 2025 11:25:41 GMT


[2025-04-11 20:25:45] [WARNING] ユーザー m-ariake@miraiconst.onmicrosoft.com のOneDriveクォータ情報を取得できませんでした: User's mysite not found.

Status: 404 (NotFound)
ErrorCode: ResourceNotFound
Date: 2025-04-11T11:25:43

Headers:
Vary                          : Accept-Encoding
Strict-Transport-Security     : max-age=31536000
request-id                    : 71418c7e-4191-4058-9e6f-126ba95342f7
client-request-id             : 77df4a48-7e08-4e1d-ae04-bfe6015c0599
x-ms-ags-diagnostic           : {"ServerInfo":{"DataCenter":"Japan East","Slice":"E","Ring":"5","ScaleUnit":"000","RoleInstance":"TY1PEPF00006061"}}
Date                          : Fri, 11 Apr 2025 11:25:43 GMT


[2025-04-11 20:25:46] [WARNING] ユーザー cim-master14@mirai-const.co.jp のOneDriveクォータ情報を取得できませんでした: User's mysite not found.

Status: 404 (NotFound)
ErrorCode: ResourceNotFound
Date: 2025-04-11T11:25:45

Headers:
Vary                          : Accept-Encoding
Strict-Transport-Security     : max-age=31536000
request-id                    : 409efb89-426b-4867-a237-5df026d6ba0a
client-request-id             : e8dd07a8-81ea-4f99-a135-805f47187757
x-ms-ags-diagnostic           : {"ServerInfo":{"DataCenter":"Japan East","Slice":"E","Ring":"5","ScaleUnit":"000","RoleInstance":"TY1PEPF00006061"}}
Date                          : Fri, 11 Apr 2025 11:25:45 GMT


[2025-04-11 20:25:51] [WARNING] ユーザー chubu-rakuraku@mirai-const.co.jp のOneDriveクォータ情報を取得できませんでした: User's mysite not found.

Status: 404 (NotFound)
ErrorCode: ResourceNotFound
Date: 2025-04-11T11:25:50

Headers:
Vary                          : Accept-Encoding
Strict-Transport-Security     : max-age=31536000
request-id                    : f7d434a2-b78e-4c4e-aaf1-0688cbf0d5e4
client-request-id             : 8760d4a8-ff56-4f90-b009-5222d546bf50
x-ms-ags-diagnostic           : {"ServerInfo":{"DataCenter":"Japan East","Slice":"E","Ring":"5","ScaleUnit":"000","RoleInstance":"TY1PEPF00006061"}}
Date                          : Fri, 11 Apr 2025 11:25:50 GMT


[2025-04-11 20:25:53] [WARNING] ユーザー i-komada@mirai-const.co.jp のOneDriveクォータ情報を取得できませんでした: User's mysite not found.

Status: 404 (NotFound)
ErrorCode: ResourceNotFound
Date: 2025-04-11T11:25:52

Headers:
Vary                          : Accept-Encoding
Strict-Transport-Security     : max-age=31536000
request-id                    : 51928bbb-acf6-40ac-a13b-628156a41f6d
client-request-id             : 802b872e-8f32-41d3-a54b-ff039d5b3d4b
x-ms-ags-diagnostic           : {"ServerInfo":{"DataCenter":"Japan East","Slice":"E","Ring":"5","ScaleUnit":"000","RoleInstance":"TY1PEPF00006061"}}
Date                          : Fri, 11 Apr 2025 11:25:51 GMT


[2025-04-11 20:25:54] [WARNING] ユーザー tsubokawa-y92y2_mlit.go.jp#EXT#@miraiconst.onmicrosoft.com のOneDriveクォータ情報を取得できませんでした: User's mysite not found.

Status: 404 (NotFound)
ErrorCode: ResourceNotFound
Date: 2025-04-11T11:25:54

Headers:
Vary                          : Accept-Encoding
Strict-Transport-Security     : max-age=31536000
request-id                    : 6f488b2f-c659-4a6f-8f20-279a36bdef7e
client-request-id             : 6392c383-8e79-4374-8035-3daa59363e01
x-ms-ags-diagnostic           : {"ServerInfo":{"DataCenter":"Japan East","Slice":"E","Ring":"5","ScaleUnit":"000","RoleInstance":"TY1PEPF00006061"}}
Date                          : Fri, 11 Apr 2025 11:25:53 GMT


[2025-04-11 20:25:55] [WARNING] ユーザー m-ushikubo@mirai-const.co.jp のOneDriveクォータ情報を取得できませんでした: User's mysite not found.

Status: 404 (NotFound)
ErrorCode: ResourceNotFound
Date: 2025-04-11T11:25:54

Headers:
Vary                          : Accept-Encoding
Strict-Transport-Security     : max-age=31536000
request-id                    : d4214ce2-0528-4c0b-be04-aa32c109e575
client-request-id             : 263287eb-65b1-450d-86e4-de94d4ad5c06
x-ms-ags-diagnostic           : {"ServerInfo":{"DataCenter":"Japan East","Slice":"E","Ring":"5","ScaleUnit":"000","RoleInstance":"TY1PEPF00006061"}}
Date                          : Fri, 11 Apr 2025 11:25:54 GMT


[2025-04-11 20:25:55] [WARNING] ユーザー kyushu-rakuraku@mirai-const.co.jp のOneDriveクォータ情報を取得できませんでした: User's mysite not found.

Status: 404 (NotFound)
ErrorCode: ResourceNotFound
Date: 2025-04-11T11:25:54

Headers:
Vary                          : Accept-Encoding
Strict-Transport-Security     : max-age=31536000
request-id                    : 1433a471-8a16-4862-8637-5411d26b061f
client-request-id             : ca0b1e26-b41a-4b33-bdec-2e851dc70347
x-ms-ags-diagnostic           : {"ServerInfo":{"DataCenter":"Japan East","Slice":"E","Ring":"5","ScaleUnit":"000","RoleInstance":"TY1PEPF00006061"}}
Date                          : Fri, 11 Apr 2025 11:25:54 GMT


[2025-04-11 20:25:56] [WARNING] ユーザー cim-master01@mirai-const.co.jp のOneDriveクォータ情報を取得できませんでした: User's mysite not found.

Status: 404 (NotFound)
ErrorCode: ResourceNotFound
Date: 2025-04-11T11:25:55

Headers:
Vary                          : Accept-Encoding
Strict-Transport-Security     : max-age=31536000
request-id                    : 7ab2c73a-cd9d-46f0-b4c3-504bc8b83582
client-request-id             : 39b56e36-d648-4696-bd53-c3f7cf719c50
x-ms-ags-diagnostic           : {"ServerInfo":{"DataCenter":"Japan East","Slice":"E","Ring":"5","ScaleUnit":"000","RoleInstance":"TY1PEPF00006061"}}
Date                          : Fri, 11 Apr 2025 11:25:55 GMT


[2025-04-11 20:25:57] [WARNING] ユーザー cim-master@mirai-const.co.jp のOneDriveクォータ情報を取得できませんでした: User's mysite not found.

Status: 404 (NotFound)
ErrorCode: ResourceNotFound
Date: 2025-04-11T11:25:56

Headers:
Vary                          : Accept-Encoding
Strict-Transport-Security     : max-age=31536000
request-id                    : 313e87d0-c7ee-4bcf-9e8a-2c330b91f299
client-request-id             : af18d5ec-e0bc-4433-bfb0-c8a91d546eed
x-ms-ags-diagnostic           : {"ServerInfo":{"DataCenter":"Japan East","Slice":"E","Ring":"5","ScaleUnit":"000","RoleInstance":"TY1PEPF00006061"}}
Date                          : Fri, 11 Apr 2025 11:25:55 GMT


[2025-04-11 20:25:57] [WARNING] ユーザー cim-master07@mirai-const.co.jp のOneDriveクォータ情報を取得できませんでした: User's mysite not found.

Status: 404 (NotFound)
ErrorCode: ResourceNotFound
Date: 2025-04-11T11:25:56

Headers:
Vary                          : Accept-Encoding
Strict-Transport-Security     : max-age=31536000
request-id                    : ae1bd72f-4d8e-4bf2-ab09-9b8a492a0ecb
client-request-id             : f78523f3-a34f-4637-b055-b9c316a4651a
x-ms-ags-diagnostic           : {"ServerInfo":{"DataCenter":"Japan East","Slice":"E","Ring":"5","ScaleUnit":"000","RoleInstance":"TY1PEPF00006061"}}
Date                          : Fri, 11 Apr 2025 11:25:56 GMT


[2025-04-11 20:26:01] [WARNING] ユーザー tohoku-rakuraku@mirai-const.co.jp のOneDriveクォータ情報を取得できませんでした: User's mysite not found.

Status: 404 (NotFound)
ErrorCode: ResourceNotFound
Date: 2025-04-11T11:26:00

Headers:
Vary                          : Accept-Encoding
Strict-Transport-Security     : max-age=31536000
request-id                    : 68af1829-31c3-4c2c-aa5f-d8c8eed17f95
client-request-id             : e30552f6-058a-4ebc-b74c-dbbf19f3fdae
x-ms-ags-diagnostic           : {"ServerInfo":{"DataCenter":"Japan East","Slice":"E","Ring":"5","ScaleUnit":"000","RoleInstance":"TY1PEPF00006061"}}
Date                          : Fri, 11 Apr 2025 11:25:59 GMT


[2025-04-11 20:26:01] [WARNING] ユーザー cim-master02@mirai-const.co.jp のOneDriveクォータ情報を取得できませんでした: User's mysite not found.

Status: 404 (NotFound)
ErrorCode: ResourceNotFound
Date: 2025-04-11T11:26:00

Headers:
Vary                          : Accept-Encoding
Strict-Transport-Security     : max-age=31536000
request-id                    : f5653e7e-af11-4934-9f96-3a416815b2e9
client-request-id             : 01660ff2-f41f-41fe-8f4a-c05224f9084b
x-ms-ags-diagnostic           : {"ServerInfo":{"DataCenter":"Japan East","Slice":"E","Ring":"5","ScaleUnit":"000","RoleInstance":"TY1PEPF00006061"}}
Date                          : Fri, 11 Apr 2025 11:26:00 GMT


[2025-04-11 20:26:01] [WARNING] ユーザー cim-master09@mirai-const.co.jp のOneDriveクォータ情報を取得できませんでした: User's mysite not found.

Status: 404 (NotFound)
ErrorCode: ResourceNotFound
Date: 2025-04-11T11:26:00

Headers:
Vary                          : Accept-Encoding
Strict-Transport-Security     : max-age=31536000
request-id                    : 8858ea69-44f9-4dd4-a7c8-7586ebe03d02
client-request-id             : 4ac7ed5c-4676-4c32-94fc-5feba9dfb0c9
x-ms-ags-diagnostic           : {"ServerInfo":{"DataCenter":"Japan East","Slice":"E","Ring":"5","ScaleUnit":"000","RoleInstance":"TY1PEPF00006061"}}
Date                          : Fri, 11 Apr 2025 11:26:00 GMT


[2025-04-11 20:26:02] [WARNING] ユーザー s-yoshie@mirai-const.co.jp のOneDriveクォータ情報を取得できませんでした: Method invocation failed because [System.Object[]] does not contain a method named 'op_Division'.
[2025-04-11 20:26:03] [WARNING] ユーザー ibaraki-rakuraku@mirai-const.co.jp のOneDriveクォータ情報を取得できませんでした: User's mysite not found.

Status: 404 (NotFound)
ErrorCode: ResourceNotFound
Date: 2025-04-11T11:26:02

Headers:
Vary                          : Accept-Encoding
Strict-Transport-Security     : max-age=31536000
request-id                    : 17575506-b3af-427a-86c4-bf5dd0ca8832
client-request-id             : a0817b8d-3fce-4647-b390-391e3b960485
x-ms-ags-diagnostic           : {"ServerInfo":{"DataCenter":"Japan East","Slice":"E","Ring":"5","ScaleUnit":"000","RoleInstance":"TY1PEPF00006061"}}
Date                          : Fri, 11 Apr 2025 11:26:02 GMT


[2025-04-11 20:26:03] [WARNING] ユーザー mksystem-alert@miraiconst.onmicrosoft.com のOneDriveクォータ情報を取得できませんでした: User's mysite not found.

Status: 404 (NotFound)
ErrorCode: ResourceNotFound
Date: 2025-04-11T11:26:02

Headers:
Vary                          : Accept-Encoding
Strict-Transport-Security     : max-age=31536000
request-id                    : ca3d366b-aba6-42af-b1f6-0764484a5284
client-request-id             : 66a36f06-1c20-4a47-adfd-a650060d567a
x-ms-ags-diagnostic           : {"ServerInfo":{"DataCenter":"Japan East","Slice":"E","Ring":"5","ScaleUnit":"000","RoleInstance":"TY1PEPF00006061"}}
Date                          : Fri, 11 Apr 2025 11:26:02 GMT


[2025-04-11 20:26:03] [WARNING] ユーザー honsya2-2@miraiconst.onmicrosoft.com のOneDriveクォータ情報を取得できませんでした: User's mysite not found.

Status: 404 (NotFound)
ErrorCode: ResourceNotFound
Date: 2025-04-11T11:26:03

Headers:
Vary                          : Accept-Encoding
Strict-Transport-Security     : max-age=31536000
request-id                    : 239ca774-7940-41e2-8699-15b1d439e12b
client-request-id             : 0501c6c9-f1f7-486c-bea9-4b04ac2098af
x-ms-ags-diagnostic           : {"ServerInfo":{"DataCenter":"Japan East","Slice":"E","Ring":"5","ScaleUnit":"000","RoleInstance":"TY1PEPF00006061"}}
Date                          : Fri, 11 Apr 2025 11:26:02 GMT


[2025-04-11 20:26:05] [WARNING] ユーザー m-maruta@mirai-const.co.jp のOneDriveクォータ情報を取得できませんでした: User's mysite not found.

Status: 404 (NotFound)
ErrorCode: ResourceNotFound
Date: 2025-04-11T11:26:04

Headers:
Vary                          : Accept-Encoding
Strict-Transport-Security     : max-age=31536000
request-id                    : 86c5d613-b098-44c3-9666-b83d0f7a2aa9
client-request-id             : 66f2bee8-6439-4872-b42c-f5d58f998106
x-ms-ags-diagnostic           : {"ServerInfo":{"DataCenter":"Japan East","Slice":"E","Ring":"5","ScaleUnit":"000","RoleInstance":"TY1PEPF00006061"}}
Date                          : Fri, 11 Apr 2025 11:26:04 GMT


[2025-04-11 20:26:06] [WARNING] ユーザー netis@miraiconst.onmicrosoft.com のOneDriveクォータ情報を取得できませんでした: User's mysite not found.

Status: 404 (NotFound)
ErrorCode: ResourceNotFound
Date: 2025-04-11T11:26:05

Headers:
Vary                          : Accept-Encoding
Strict-Transport-Security     : max-age=31536000
request-id                    : a00bcbfd-6daa-4631-9b25-433cac4c27ce
client-request-id             : 61814306-88e1-47e8-8405-acd16ab09789
x-ms-ags-diagnostic           : {"ServerInfo":{"DataCenter":"Japan East","Slice":"E","Ring":"5","ScaleUnit":"000","RoleInstance":"TY1PEPF00006061"}}
Date                          : Fri, 11 Apr 2025 11:26:04 GMT


[2025-04-11 20:26:06] [WARNING] ユーザー sh-ishihara-old@miraiconst.onmicrosoft.com のOneDriveクォータ情報を取得できませんでした: User's mysite not found.

Status: 404 (NotFound)
ErrorCode: ResourceNotFound
Date: 2025-04-11T11:26:06

Headers:
Vary                          : Accept-Encoding
Strict-Transport-Security     : max-age=31536000
request-id                    : e89c68ae-393c-4ed3-820d-b40391ab7c42
client-request-id             : 6e9e200d-2131-40ba-a95b-d4f11822b8af
x-ms-ags-diagnostic           : {"ServerInfo":{"DataCenter":"Japan East","Slice":"E","Ring":"5","ScaleUnit":"000","RoleInstance":"TY1PEPF00006061"}}
Date                          : Fri, 11 Apr 2025 11:26:05 GMT


[2025-04-11 20:26:07] [WARNING] ユーザー y-ueno@mirai-const.co.jp のOneDriveクォータ情報を取得できませんでした: User's mysite not found.

Status: 404 (NotFound)
ErrorCode: ResourceNotFound
Date: 2025-04-11T11:26:06

Headers:
Vary                          : Accept-Encoding
Strict-Transport-Security     : max-age=31536000
request-id                    : a3c021a6-8884-4802-82bd-d097d908df89
client-request-id             : db772e9b-c378-4690-a63b-4d9a6985e498
x-ms-ags-diagnostic           : {"ServerInfo":{"DataCenter":"Japan East","Slice":"E","Ring":"5","ScaleUnit":"000","RoleInstance":"TY1PEPF00006061"}}
Date                          : Fri, 11 Apr 2025 11:26:06 GMT


[2025-04-11 20:26:08] [WARNING] ユーザー osaka-rakuraku@mirai-const.co.jp のOneDriveクォータ情報を取得できませんでした: User's mysite not found.

Status: 404 (NotFound)
ErrorCode: ResourceNotFound
Date: 2025-04-11T11:26:07

Headers:
Vary                          : Accept-Encoding
Strict-Transport-Security     : max-age=31536000
request-id                    : d4ba0821-68bb-4e1e-acef-e405a16463e5
client-request-id             : 0a5d51bb-edcb-40eb-9171-ff2c4ec1649b
x-ms-ags-diagnostic           : {"ServerInfo":{"DataCenter":"Japan East","Slice":"E","Ring":"5","ScaleUnit":"000","RoleInstance":"TY1PEPF00006061"}}
Date                          : Fri, 11 Apr 2025 11:26:06 GMT


[2025-04-11 20:26:08] [WARNING] ユーザー apple-id@miraiconst.onmicrosoft.com のOneDriveクォータ情報を取得できませんでした: User's mysite not found.

Status: 404 (NotFound)
ErrorCode: ResourceNotFound
Date: 2025-04-11T11:26:07

Headers:
Vary                          : Accept-Encoding
Strict-Transport-Security     : max-age=31536000
request-id                    : 46525809-cc68-4dc1-b600-fa70dc0bc4a2
client-request-id             : 04f539a3-e444-41dc-baa2-24cd26318e04
x-ms-ags-diagnostic           : {"ServerInfo":{"DataCenter":"Japan East","Slice":"E","Ring":"5","ScaleUnit":"000","RoleInstance":"TY1PEPF00006061"}}
Date                          : Fri, 11 Apr 2025 11:26:06 GMT


[2025-04-11 20:26:08] [WARNING] ユーザー okinawa@miraiconst.onmicrosoft.com のOneDriveクォータ情報を取得できませんでした: User's mysite not found.

Status: 404 (NotFound)
ErrorCode: ResourceNotFound
Date: 2025-04-11T11:26:07

Headers:
Vary                          : Accept-Encoding
Strict-Transport-Security     : max-age=31536000
request-id                    : d0b09596-5659-4539-9fbf-5943aa64ce6b
client-request-id             : 2a851a4b-5254-40d6-abf3-ecc08463eebe
x-ms-ags-diagnostic           : {"ServerInfo":{"DataCenter":"Japan East","Slice":"E","Ring":"5","ScaleUnit":"000","RoleInstance":"TY1PEPF00006061"}}
Date                          : Fri, 11 Apr 2025 11:26:07 GMT


[2025-04-11 20:26:11] [WARNING] ユーザー ki-fujita_mitsuifudosan.co.jp#EXT#@miraiconst.onmicrosoft.com のOneDriveクォータ情報を取得できませんでした: User's mysite not found.

Status: 404 (NotFound)
ErrorCode: ResourceNotFound
Date: 2025-04-11T11:26:10

Headers:
Vary                          : Accept-Encoding
Strict-Transport-Security     : max-age=31536000
request-id                    : 744408a2-0b7f-47e2-a18a-eeb468cf5492
client-request-id             : 276adff2-fb2e-4483-85c7-43dfff6b49cf
x-ms-ags-diagnostic           : {"ServerInfo":{"DataCenter":"Japan East","Slice":"E","Ring":"5","ScaleUnit":"000","RoleInstance":"TY1PEPF0000604F"}}
Date                          : Fri, 11 Apr 2025 11:26:09 GMT


[2025-04-11 20:26:11] [WARNING] ユーザー shikoku-rakuraku@mirai-const.co.jp のOneDriveクォータ情報を取得できませんでした: User's mysite not found.

Status: 404 (NotFound)
ErrorCode: ResourceNotFound
Date: 2025-04-11T11:26:10

Headers:
Vary                          : Accept-Encoding
Strict-Transport-Security     : max-age=31536000
request-id                    : c02fbda3-1e8b-4109-abdf-1e2911c1ce22
client-request-id             : df10c020-f463-4792-ab7a-65bd08befd1a
x-ms-ags-diagnostic           : {"ServerInfo":{"DataCenter":"Japan East","Slice":"E","Ring":"5","ScaleUnit":"000","RoleInstance":"TY1PEPF0000604F"}}
Date                          : Fri, 11 Apr 2025 11:26:10 GMT


[2025-04-11 20:26:12] [WARNING] ユーザー kanri-tokyo@mirai-const.co.jp のOneDriveクォータ情報を取得できませんでした: User's mysite not found.

Status: 404 (NotFound)
ErrorCode: ResourceNotFound
Date: 2025-04-11T11:26:12

Headers:
Vary                          : Accept-Encoding
Strict-Transport-Security     : max-age=31536000
request-id                    : bac7f7eb-bb10-4c5a-a984-b61969462234
client-request-id             : 2ba238a9-dfab-4478-a3dc-e762b927ee9b
x-ms-ags-diagnostic           : {"ServerInfo":{"DataCenter":"Japan East","Slice":"E","Ring":"5","ScaleUnit":"000","RoleInstance":"TY1PEPF0000604F"}}
Date                          : Fri, 11 Apr 2025 11:26:11 GMT


[2025-04-11 20:26:15] [WARNING] ユーザー bid-info05m@mirai-const.co.jp のOneDriveクォータ情報を取得できませんでした: User's mysite not found.

Status: 404 (NotFound)
ErrorCode: ResourceNotFound
Date: 2025-04-11T11:26:14

Headers:
Vary                          : Accept-Encoding
Strict-Transport-Security     : max-age=31536000
request-id                    : e6e1cde4-e1b1-4229-927a-aacc9b3fb3a2
client-request-id             : d1080d04-6272-4c27-9091-a903434c2d1d
x-ms-ags-diagnostic           : {"ServerInfo":{"DataCenter":"Japan East","Slice":"E","Ring":"5","ScaleUnit":"000","RoleInstance":"TY1PEPF0000604F"}}
Date                          : Fri, 11 Apr 2025 11:26:14 GMT


[2025-04-11 20:26:16] [WARNING] ユーザー cim-master12@mirai-const.co.jp のOneDriveクォータ情報を取得できませんでした: User's mysite not found.

Status: 404 (NotFound)
ErrorCode: ResourceNotFound
Date: 2025-04-11T11:26:15

Headers:
Vary                          : Accept-Encoding
Strict-Transport-Security     : max-age=31536000
request-id                    : bbe7161c-5d5a-441e-9760-2c7951bf97ce
client-request-id             : e353c355-a7a3-4849-a26e-12f6ccce0188
x-ms-ags-diagnostic           : {"ServerInfo":{"DataCenter":"Japan East","Slice":"E","Ring":"5","ScaleUnit":"000","RoleInstance":"TY1PEPF0000604F"}}
Date                          : Fri, 11 Apr 2025 11:26:15 GMT


[2025-04-11 20:26:17] [WARNING] ユーザー m-chugoku@miraiconst.onmicrosoft.com のOneDriveクォータ情報を取得できませんでした: User's mysite not found.

Status: 404 (NotFound)
ErrorCode: ResourceNotFound
Date: 2025-04-11T11:26:16

Headers:
Vary                          : Accept-Encoding
Strict-Transport-Security     : max-age=31536000
request-id                    : 47e0d0b9-e3db-4778-b296-72f6308f5d2e
client-request-id             : 9fe3f87e-e1c8-474f-930d-26e79bade6bf
x-ms-ags-diagnostic           : {"ServerInfo":{"DataCenter":"Japan East","Slice":"E","Ring":"5","ScaleUnit":"000","RoleInstance":"TY1PEPF0000604F"}}
Date                          : Fri, 11 Apr 2025 11:26:16 GMT


[2025-04-11 20:26:18] [WARNING] ユーザー mirai-zoom@miraiconst.onmicrosoft.com のOneDriveクォータ情報を取得できませんでした: User's mysite not found.

Status: 404 (NotFound)
ErrorCode: ResourceNotFound
Date: 2025-04-11T11:26:17

Headers:
Vary                          : Accept-Encoding
Strict-Transport-Security     : max-age=31536000
request-id                    : 700cad99-2349-4e65-898e-4a317dd194a1
client-request-id             : d250e193-47ca-4b2e-b712-b2c841535e25
x-ms-ags-diagnostic           : {"ServerInfo":{"DataCenter":"Japan East","Slice":"E","Ring":"5","ScaleUnit":"000","RoleInstance":"TY1PEPF0000604F"}}
Date                          : Fri, 11 Apr 2025 11:26:17 GMT


[2025-04-11 20:26:19] [WARNING] ユーザー cim-master11@mirai-const.co.jp のOneDriveクォータ情報を取得できませんでした: User's mysite not found.

Status: 404 (NotFound)
ErrorCode: ResourceNotFound
Date: 2025-04-11T11:26:18

Headers:
Vary                          : Accept-Encoding
Strict-Transport-Security     : max-age=31536000
request-id                    : ec0a6d90-3fbf-45d7-b0a8-cb4484b7e40b
client-request-id             : 4efdf1ce-bd25-443a-ba26-ab477851973d
x-ms-ags-diagnostic           : {"ServerInfo":{"DataCenter":"Japan East","Slice":"E","Ring":"5","ScaleUnit":"000","RoleInstance":"TY1PEPF0000604F"}}
Date                          : Fri, 11 Apr 2025 11:26:18 GMT


[2025-04-11 20:26:22] [WARNING] ユーザー compliance-hotline@miraiconst.onmicrosoft.com のOneDriveクォータ情報を取得できませんでした: User's mysite not found.

Status: 404 (NotFound)
ErrorCode: ResourceNotFound
Date: 2025-04-11T11:26:21

Headers:
Vary                          : Accept-Encoding
Strict-Transport-Security     : max-age=31536000
request-id                    : 3f3a7671-d696-4179-b21c-53e0478de5e1
client-request-id             : e688a385-9f44-47f0-814a-1e5f6aad1599
x-ms-ags-diagnostic           : {"ServerInfo":{"DataCenter":"Japan East","Slice":"E","Ring":"5","ScaleUnit":"000","RoleInstance":"TY1PEPF0000604F"}}
Date                          : Fri, 11 Apr 2025 11:26:21 GMT


[2025-04-11 20:26:22] [WARNING] ユーザー takuro.kumada_aaconst.co.jp#EXT#@miraiconst.onmicrosoft.com のOneDriveクォータ情報を取得できませんでした: User's mysite not found.

Status: 404 (NotFound)
ErrorCode: ResourceNotFound
Date: 2025-04-11T11:26:21

Headers:
Vary                          : Accept-Encoding
Strict-Transport-Security     : max-age=31536000
request-id                    : 2d4704f4-d5c0-48eb-b4f0-4bcf4c4ea211
client-request-id             : 1f70a5c0-b33e-4eae-918d-3235f9b4aee3
x-ms-ags-diagnostic           : {"ServerInfo":{"DataCenter":"Japan East","Slice":"E","Ring":"5","ScaleUnit":"000","RoleInstance":"TY1PEPF0000604F"}}
Date                          : Fri, 11 Apr 2025 11:26:21 GMT


[2025-04-11 20:26:23] [WARNING] ユーザー chiba-rakuraku@mirai-const.co.jp のOneDriveクォータ情報を取得できませんでした: User's mysite not found.

Status: 404 (NotFound)
ErrorCode: ResourceNotFound
Date: 2025-04-11T11:26:23

Headers:
Vary                          : Accept-Encoding
Strict-Transport-Security     : max-age=31536000
request-id                    : 8be869ab-9266-45af-b67c-97e1aabb49ff
client-request-id             : 5f22d29a-9213-4c89-8a6d-319870f5c5b5
x-ms-ags-diagnostic           : {"ServerInfo":{"DataCenter":"Japan East","Slice":"E","Ring":"5","ScaleUnit":"000","RoleInstance":"TY1PEPF0000604F"}}
Date                          : Fri, 11 Apr 2025 11:26:22 GMT


[2025-04-11 20:26:24] [WARNING] ユーザー h_kawamura_cdit.or.jp#EXT#@miraiconst.onmicrosoft.com のOneDriveクォータ情報を取得できませんでした: User's mysite not found.

Status: 404 (NotFound)
ErrorCode: ResourceNotFound
Date: 2025-04-11T11:26:23

Headers:
Vary                          : Accept-Encoding
Strict-Transport-Security     : max-age=31536000
request-id                    : 308ce410-f678-4ef5-af7c-18cdc9c8c51b
client-request-id             : 21f68538-2d6c-4a1a-beae-cd0fef4f69b4
x-ms-ags-diagnostic           : {"ServerInfo":{"DataCenter":"Japan East","Slice":"E","Ring":"5","ScaleUnit":"000","RoleInstance":"TY1PEPF0000604F"}}
Date                          : Fri, 11 Apr 2025 11:26:23 GMT


[2025-04-11 20:26:25] [WARNING] ユーザー y-kamei@mirai-const.co.jp のOneDriveクォータ情報を取得できませんでした: Method invocation failed because [System.Object[]] does not contain a method named 'op_Division'.
[2025-04-11 20:26:25] [WARNING] ユーザー bid-info03m@mirai-const.co.jp のOneDriveクォータ情報を取得できませんでした: User's mysite not found.

Status: 404 (NotFound)
ErrorCode: ResourceNotFound
Date: 2025-04-11T11:26:24

Headers:
Vary                          : Accept-Encoding
Strict-Transport-Security     : max-age=31536000
request-id                    : 86e71fda-8786-4bc5-a421-4d61b70b7b7e
client-request-id             : 9e8f3dbc-940c-4b03-bc63-4c0b238f58bd
x-ms-ags-diagnostic           : {"ServerInfo":{"DataCenter":"Japan East","Slice":"E","Ring":"5","ScaleUnit":"000","RoleInstance":"TY1PEPF0000604F"}}
Date                          : Fri, 11 Apr 2025 11:26:24 GMT


[2025-04-11 20:26:26] [WARNING] ユーザー hokkaido-rakuraku@mirai-const.co.jp のOneDriveクォータ情報を取得できませんでした: User's mysite not found.

Status: 404 (NotFound)
ErrorCode: ResourceNotFound
Date: 2025-04-11T11:26:25

Headers:
Vary                          : Accept-Encoding
Strict-Transport-Security     : max-age=31536000
request-id                    : c6094024-92a3-4737-94e9-46394024295a
client-request-id             : 37624ba8-0945-45b2-ac2e-a608c981c85b
x-ms-ags-diagnostic           : {"ServerInfo":{"DataCenter":"Japan East","Slice":"E","Ring":"5","ScaleUnit":"000","RoleInstance":"TY1PEPF0000604F"}}
Date                          : Fri, 11 Apr 2025 11:26:25 GMT


[2025-04-11 20:26:27] [WARNING] ユーザー hp-kanri@miraiconst.onmicrosoft.com のOneDriveクォータ情報を取得できませんでした: User's mysite not found.

Status: 404 (NotFound)
ErrorCode: ResourceNotFound
Date: 2025-04-11T11:26:26

Headers:
Vary                          : Accept-Encoding
Strict-Transport-Security     : max-age=31536000
request-id                    : d7e144be-46db-41be-b379-96f773aa7420
client-request-id             : 67ada8f8-bd75-4c87-b44d-87cbea8dccd0
x-ms-ags-diagnostic           : {"ServerInfo":{"DataCenter":"Japan East","Slice":"E","Ring":"5","ScaleUnit":"000","RoleInstance":"TY1PEPF0000604F"}}
Date                          : Fri, 11 Apr 2025 11:26:26 GMT


[2025-04-11 20:26:30] [WARNING] ユーザー e-watanabe@miraiconst.onmicrosoft.com のOneDriveクォータ情報を取得できませんでした: User's mysite not found.

Status: 404 (NotFound)
ErrorCode: ResourceNotFound
Date: 2025-04-11T11:26:29

Headers:
Vary                          : Accept-Encoding
Strict-Transport-Security     : max-age=31536000
request-id                    : 5832823a-dd16-4df1-8cc5-69a7ef812131
client-request-id             : b4d55d96-b7eb-4bf9-a5a6-efae6df9f208
x-ms-ags-diagnostic           : {"ServerInfo":{"DataCenter":"Japan East","Slice":"E","Ring":"5","ScaleUnit":"000","RoleInstance":"TY1PEPF0000604F"}}
Date                          : Fri, 11 Apr 2025 11:26:29 GMT


[2025-04-11 20:26:30] [WARNING] ユーザー n-sunako@mirai-const.co.jp のOneDriveクォータ情報を取得できませんでした: Method invocation failed because [System.Object[]] does not contain a method named 'op_Division'.
[2025-04-11 20:26:31] [WARNING] ユーザー yamasaki-s89fa_mlit.go.jp#EXT#@miraiconst.onmicrosoft.com のOneDriveクォータ情報を取得できませんでした: User's mysite not found.

Status: 404 (NotFound)
ErrorCode: ResourceNotFound
Date: 2025-04-11T11:26:30

Headers:
Vary                          : Accept-Encoding
Strict-Transport-Security     : max-age=31536000
request-id                    : 8b2bf2a8-9c36-4c4c-bf7c-d32b7039f30e
client-request-id             : f9c135d3-09bc-4aa6-9c47-97d73a47027d
x-ms-ags-diagnostic           : {"ServerInfo":{"DataCenter":"Japan East","Slice":"E","Ring":"5","ScaleUnit":"000","RoleInstance":"TY1PEPF0000604F"}}
Date                          : Fri, 11 Apr 2025 11:26:30 GMT


[2025-04-11 20:26:32] [WARNING] ユーザー mail-info@miraiconst.onmicrosoft.com のOneDriveクォータ情報を取得できませんでした: User's mysite not found.

Status: 404 (NotFound)
ErrorCode: ResourceNotFound
Date: 2025-04-11T11:26:31

Headers:
Vary                          : Accept-Encoding
Strict-Transport-Security     : max-age=31536000
request-id                    : 52234128-6d7a-40be-94d1-fba512c2ca4a
client-request-id             : 8b894258-c1a2-4847-92ea-b92256a6d45c
x-ms-ags-diagnostic           : {"ServerInfo":{"DataCenter":"Japan East","Slice":"E","Ring":"5","ScaleUnit":"000","RoleInstance":"TY1PEPF0000604F"}}
Date                          : Fri, 11 Apr 2025 11:26:31 GMT


[2025-04-11 20:26:34] [WARNING] ユーザー bid-info07m@mirai-const.co.jp のOneDriveクォータ情報を取得できませんでした: User's mysite not found.

Status: 404 (NotFound)
ErrorCode: ResourceNotFound
Date: 2025-04-11T11:26:34

Headers:
Vary                          : Accept-Encoding
Strict-Transport-Security     : max-age=31536000
request-id                    : ffd020d9-cfd5-4d2d-a3cc-3867ccf4f516
client-request-id             : fc8e5368-e9e9-4325-85d8-1d1e7e5e32ef
x-ms-ags-diagnostic           : {"ServerInfo":{"DataCenter":"Japan East","Slice":"E","Ring":"5","ScaleUnit":"000","RoleInstance":"TY1PEPF0000604F"}}
Date                          : Fri, 11 Apr 2025 11:26:33 GMT


[2025-04-11 20:26:36] [WARNING] ユーザー cim-master08@mirai-const.co.jp のOneDriveクォータ情報を取得できませんでした: User's mysite not found.

Status: 404 (NotFound)
ErrorCode: ResourceNotFound
Date: 2025-04-11T11:26:36

Headers:
Vary                          : Accept-Encoding
Strict-Transport-Security     : max-age=31536000
request-id                    : e691eb35-bed8-4664-9f7d-41e16f2d0ed2
client-request-id             : 492813a1-904a-40e4-b545-4be501441f1f
x-ms-ags-diagnostic           : {"ServerInfo":{"DataCenter":"Japan East","Slice":"E","Ring":"5","ScaleUnit":"000","RoleInstance":"TY1PEPF0000604F"}}
Date                          : Fri, 11 Apr 2025 11:26:35 GMT


[2025-04-11 20:26:37] [WARNING] ユーザー y-tsuzuki@mirai-const.co.jp のOneDriveクォータ情報を取得できませんでした: User's mysite not found.

Status: 404 (NotFound)
ErrorCode: ResourceNotFound
Date: 2025-04-11T11:26:36

Headers:
Vary                          : Accept-Encoding
Strict-Transport-Security     : max-age=31536000
request-id                    : 90aa17f2-04f4-43e2-b270-2ddaa476363a
client-request-id             : 33c41250-c61a-4b9a-8503-1b82a2edca38
x-ms-ags-diagnostic           : {"ServerInfo":{"DataCenter":"Japan East","Slice":"E","Ring":"5","ScaleUnit":"000","RoleInstance":"TY1PEPF0000604F"}}
Date                          : Fri, 11 Apr 2025 11:26:36 GMT


[2025-04-11 20:26:38] [WARNING] ユーザー m-info@miraiconst.onmicrosoft.com のOneDriveクォータ情報を取得できませんでした: User's mysite not found.

Status: 404 (NotFound)
ErrorCode: ResourceNotFound
Date: 2025-04-11T11:26:37

Headers:
Vary                          : Accept-Encoding
Strict-Transport-Security     : max-age=31536000
request-id                    : f63bfc5f-a8dd-4087-b7b7-54e00fc1bbdd
client-request-id             : 07573fe8-67e9-46c1-a6cc-8f61d32053d0
x-ms-ags-diagnostic           : {"ServerInfo":{"DataCenter":"Japan East","Slice":"E","Ring":"5","ScaleUnit":"000","RoleInstance":"TY1PEPF0000604F"}}
Date                          : Fri, 11 Apr 2025 11:26:37 GMT


[2025-04-11 20:26:40] [WARNING] ユーザー hokkaido@miraiconst.onmicrosoft.com のOneDriveクォータ情報を取得できませんでした: User's mysite not found.

Status: 404 (NotFound)
ErrorCode: ResourceNotFound
Date: 2025-04-11T11:26:39

Headers:
Vary                          : Accept-Encoding
Strict-Transport-Security     : max-age=31536000
request-id                    : c1643bdd-b738-4291-b440-13782589a6d4
client-request-id             : 131e2349-d6b5-42cc-8d37-a5a3ee3afc23
x-ms-ags-diagnostic           : {"ServerInfo":{"DataCenter":"Japan East","Slice":"E","Ring":"5","ScaleUnit":"000","RoleInstance":"TY1PEPF0000604F"}}
Date                          : Fri, 11 Apr 2025 11:26:39 GMT


[2025-04-11 20:26:40] [WARNING] ユーザー yokohama-rakuraku@mirai-const.co.jp のOneDriveクォータ情報を取得できませんでした: User's mysite not found.

Status: 404 (NotFound)
ErrorCode: ResourceNotFound
Date: 2025-04-11T11:26:40

Headers:
Vary                          : Accept-Encoding
Strict-Transport-Security     : max-age=31536000
request-id                    : 4cae9c4b-fe55-46fb-9779-32bcbff70b45
client-request-id             : 464505cd-fbaf-478d-866a-34e604978095
x-ms-ags-diagnostic           : {"ServerInfo":{"DataCenter":"Japan East","Slice":"E","Ring":"5","ScaleUnit":"000","RoleInstance":"TY1PEPF0000604F"}}
Date                          : Fri, 11 Apr 2025 11:26:39 GMT


[2025-04-11 20:26:42] [WARNING] ユーザー keieikikaku@miraiconst.onmicrosoft.com のOneDriveクォータ情報を取得できませんでした: User's mysite not found.

Status: 404 (NotFound)
ErrorCode: ResourceNotFound
Date: 2025-04-11T11:26:41

Headers:
Vary                          : Accept-Encoding
Strict-Transport-Security     : max-age=31536000
request-id                    : 0ebdcbbb-6f10-4b84-9dca-0284c06ef83e
client-request-id             : 7a6a35af-3e75-42cb-b09f-91237652e63d
x-ms-ags-diagnostic           : {"ServerInfo":{"DataCenter":"Japan East","Slice":"E","Ring":"5","ScaleUnit":"000","RoleInstance":"TY1PEPF0000604F"}}
Date                          : Fri, 11 Apr 2025 11:26:40 GMT


[2025-04-11 20:26:43] [WARNING] ユーザー bid-info11m@mirai-const.co.jp のOneDriveクォータ情報を取得できませんでした: User's mysite not found.

Status: 404 (NotFound)
ErrorCode: ResourceNotFound
Date: 2025-04-11T11:26:42

Headers:
Vary                          : Accept-Encoding
Strict-Transport-Security     : max-age=31536000
request-id                    : 1d9e529a-41db-453c-a00f-f370bbb0ad4b
client-request-id             : 18aa8dcf-9f4a-402b-9f10-7c694026e7ca
x-ms-ags-diagnostic           : {"ServerInfo":{"DataCenter":"Japan East","Slice":"E","Ring":"5","ScaleUnit":"000","RoleInstance":"TY1PEPF0000604F"}}
Date                          : Fri, 11 Apr 2025 11:26:42 GMT


[2025-04-11 20:26:44] [WARNING] ユーザー bid-info08m@mirai-const.co.jp のOneDriveクォータ情報を取得できませんでした: User's mysite not found.

Status: 404 (NotFound)
ErrorCode: ResourceNotFound
Date: 2025-04-11T11:26:43

Headers:
Vary                          : Accept-Encoding
Strict-Transport-Security     : max-age=31536000
request-id                    : 9bde2bb3-3a15-49b2-b31d-d185d0718251
client-request-id             : b77c3448-18a6-4df2-bb15-d06d947f542f
x-ms-ags-diagnostic           : {"ServerInfo":{"DataCenter":"Japan East","Slice":"E","Ring":"5","ScaleUnit":"000","RoleInstance":"TY1PEPF0000604F"}}
Date                          : Fri, 11 Apr 2025 11:26:43 GMT


[2025-04-11 20:26:45] [WARNING] ユーザー cim-master16@mirai-const.co.jp のOneDriveクォータ情報を取得できませんでした: User's mysite not found.

Status: 404 (NotFound)
ErrorCode: ResourceNotFound
Date: 2025-04-11T11:26:45

Headers:
Vary                          : Accept-Encoding
Strict-Transport-Security     : max-age=31536000
request-id                    : 01a736f1-fea5-48ab-aa22-f37d170deb53
client-request-id             : 393f8120-5954-4c59-acee-e832a145fb9b
x-ms-ags-diagnostic           : {"ServerInfo":{"DataCenter":"Japan East","Slice":"E","Ring":"5","ScaleUnit":"000","RoleInstance":"TY1PEPF0000604F"}}
Date                          : Fri, 11 Apr 2025 11:26:44 GMT


[2025-04-11 20:26:46] [WARNING] ユーザー cim-master06@mirai-const.co.jp のOneDriveクォータ情報を取得できませんでした: User's mysite not found.

Status: 404 (NotFound)
ErrorCode: ResourceNotFound
Date: 2025-04-11T11:26:45

Headers:
Vary                          : Accept-Encoding
Strict-Transport-Security     : max-age=31536000
request-id                    : c7993bdf-d1eb-4240-aa40-c9a0a7f92e5c
client-request-id             : 01fea817-1b65-415c-8c04-581ddd37a264
x-ms-ags-diagnostic           : {"ServerInfo":{"DataCenter":"Japan East","Slice":"E","Ring":"5","ScaleUnit":"000","RoleInstance":"TY1PEPF0000604F"}}
Date                          : Fri, 11 Apr 2025 11:26:45 GMT


[2025-04-11 20:26:48] [WARNING] ユーザー S.Nagano_otsuka-shokai.co.jp#EXT#@miraiconst.onmicrosoft.com のOneDriveクォータ情報を取得できませんでした: User's mysite not found.

Status: 404 (NotFound)
ErrorCode: ResourceNotFound
Date: 2025-04-11T11:26:47

Headers:
Vary                          : Accept-Encoding
Strict-Transport-Security     : max-age=31536000
request-id                    : a6267b6e-af75-481b-9132-83af8dc9063b
client-request-id             : 96c470de-f50a-4231-bc46-d070ea7d6f3e
x-ms-ags-diagnostic           : {"ServerInfo":{"DataCenter":"Japan East","Slice":"E","Ring":"5","ScaleUnit":"000","RoleInstance":"TY1PEPF0000604F"}}
Date                          : Fri, 11 Apr 2025 11:26:47 GMT


[2025-04-11 20:26:49] [WARNING] ユーザー k-sugimoto@miraiconst.onmicrosoft.com のOneDriveクォータ情報を取得できませんでした: User's mysite not found.

Status: 404 (NotFound)
ErrorCode: ResourceNotFound
Date: 2025-04-11T11:26:48

Headers:
Vary                          : Accept-Encoding
Strict-Transport-Security     : max-age=31536000
request-id                    : a739a497-9091-4b3a-b902-749d954d3ca8
client-request-id             : 7e837925-fbe9-4605-ae47-c6a277053d7e
x-ms-ags-diagnostic           : {"ServerInfo":{"DataCenter":"Japan East","Slice":"E","Ring":"5","ScaleUnit":"000","RoleInstance":"TY1PEPF0000604F"}}
Date                          : Fri, 11 Apr 2025 11:26:47 GMT


[2025-04-11 20:26:50] [WARNING] ユーザー kita-kyushu@miraiconst.onmicrosoft.com のOneDriveクォータ情報を取得できませんでした: User's mysite not found.

Status: 404 (NotFound)
ErrorCode: ResourceNotFound
Date: 2025-04-11T11:26:49

Headers:
Vary                          : Accept-Encoding
Strict-Transport-Security     : max-age=31536000
request-id                    : da0a6beb-3fbb-4c07-8fd8-cffbb51021ba
client-request-id             : d1c6d0d1-e875-42cf-8328-20b3d2b52407
x-ms-ags-diagnostic           : {"ServerInfo":{"DataCenter":"Japan East","Slice":"E","Ring":"5","ScaleUnit":"000","RoleInstance":"TY1PEPF0000604F"}}
Date                          : Fri, 11 Apr 2025 11:26:48 GMT


[2025-04-11 20:26:51] [WARNING] ユーザー bid-info@mirai-const.co.jp のOneDriveクォータ情報を取得できませんでした: User's mysite not found.

Status: 404 (NotFound)
ErrorCode: ResourceNotFound
Date: 2025-04-11T11:26:50

Headers:
Vary                          : Accept-Encoding
Strict-Transport-Security     : max-age=31536000
request-id                    : 9ad3bab5-968c-46bc-9aa8-f8fecef11749
client-request-id             : 5707a805-2297-481d-9138-e3241336fee5
x-ms-ags-diagnostic           : {"ServerInfo":{"DataCenter":"Japan East","Slice":"E","Ring":"5","ScaleUnit":"000","RoleInstance":"TY1PEPF0000604F"}}
Date                          : Fri, 11 Apr 2025 11:26:50 GMT


[2025-04-11 20:26:52] [WARNING] ユーザー bid-info01m@mirai-const.co.jp のOneDriveクォータ情報を取得できませんでした: User's mysite not found.

Status: 404 (NotFound)
ErrorCode: ResourceNotFound
Date: 2025-04-11T11:26:51

Headers:
Vary                          : Accept-Encoding
Strict-Transport-Security     : max-age=31536000
request-id                    : 39363fb8-7413-48c8-b888-2e20d90e3b45
client-request-id             : 29e7a613-ebc4-4c4a-b351-f2ef7a04f3b4
x-ms-ags-diagnostic           : {"ServerInfo":{"DataCenter":"Japan East","Slice":"E","Ring":"5","ScaleUnit":"000","RoleInstance":"TY1PEPF0000604F"}}
Date                          : Fri, 11 Apr 2025 11:26:51 GMT


[2025-04-11 20:26:53] [WARNING] ユーザー zaimu@mirai-const.co.jp のOneDriveクォータ情報を取得できませんでした: User's mysite not found.

Status: 404 (NotFound)
ErrorCode: ResourceNotFound
Date: 2025-04-11T11:26:53

Headers:
Vary                          : Accept-Encoding
Strict-Transport-Security     : max-age=31536000
request-id                    : 2d020694-da81-4908-91d1-2533954821a1
client-request-id             : b5f6b675-7ddd-47de-bccf-3d9a2728db99
x-ms-ags-diagnostic           : {"ServerInfo":{"DataCenter":"Japan East","Slice":"E","Ring":"5","ScaleUnit":"000","RoleInstance":"TY1PEPF0000604F"}}
Date                          : Fri, 11 Apr 2025 11:26:52 GMT


[2025-04-11 20:26:54] [WARNING] ユーザー cim-master15@mirai-const.co.jp のOneDriveクォータ情報を取得できませんでした: User's mysite not found.

Status: 404 (NotFound)
ErrorCode: ResourceNotFound
Date: 2025-04-11T11:26:54

Headers:
Vary                          : Accept-Encoding
Strict-Transport-Security     : max-age=31536000
request-id                    : 8990c5a9-c5f7-487a-a691-fa91c812a88f
client-request-id             : 220d68af-c507-4033-a702-73add93e2800
x-ms-ags-diagnostic           : {"ServerInfo":{"DataCenter":"Japan East","Slice":"E","Ring":"5","ScaleUnit":"000","RoleInstance":"TY1PEPF0000604F"}}
Date                          : Fri, 11 Apr 2025 11:26:53 GMT


[2025-04-11 20:26:55] [WARNING] ユーザー ats-watanabe_mitsuifudosan.co.jp#EXT#@miraiconst.onmicrosoft.com のOneDriveクォータ情報を取得できませんでした: User's mysite not found.

Status: 404 (NotFound)
ErrorCode: ResourceNotFound
Date: 2025-04-11T11:26:55

Headers:
Vary                          : Accept-Encoding
Strict-Transport-Security     : max-age=31536000
request-id                    : 252e79c1-e826-4859-8135-d1980cc1ef36
client-request-id             : 23594ef9-fc06-4394-82fc-cde209fb3552
x-ms-ags-diagnostic           : {"ServerInfo":{"DataCenter":"Japan East","Slice":"E","Ring":"5","ScaleUnit":"000","RoleInstance":"TY1PEPF0000604F"}}
Date                          : Fri, 11 Apr 2025 11:26:54 GMT


[2025-04-11 20:26:57] [WARNING] ユーザー t-kumai@miraiconst.onmicrosoft.com のOneDriveクォータ情報を取得できませんでした: User's mysite not found.

Status: 404 (NotFound)
ErrorCode: ResourceNotFound
Date: 2025-04-11T11:26:56

Headers:
Vary                          : Accept-Encoding
Strict-Transport-Security     : max-age=31536000
request-id                    : 587a2ac1-f029-40c8-9ae2-2652dabab3ce
client-request-id             : 0399dab7-1476-44e3-9e03-df82074f48f7
x-ms-ags-diagnostic           : {"ServerInfo":{"DataCenter":"Japan East","Slice":"E","Ring":"5","ScaleUnit":"000","RoleInstance":"TY1PEPF0000604F"}}
Date                          : Fri, 11 Apr 2025 11:26:55 GMT


[2025-04-11 20:26:58] [WARNING] ユーザー bid-info12m@mirai-const.co.jp のOneDriveクォータ情報を取得できませんでした: User's mysite not found.

Status: 404 (NotFound)
ErrorCode: ResourceNotFound
Date: 2025-04-11T11:26:58

Headers:
Vary                          : Accept-Encoding
Strict-Transport-Security     : max-age=31536000
request-id                    : 6fe3610c-a1f4-4d17-ba40-903db72c753c
client-request-id             : ff3a8b55-12ae-4011-9f75-7d504dfe553a
x-ms-ags-diagnostic           : {"ServerInfo":{"DataCenter":"Japan East","Slice":"E","Ring":"5","ScaleUnit":"000","RoleInstance":"TY1PEPF0000604F"}}
Date                          : Fri, 11 Apr 2025 11:26:57 GMT


[2025-04-11 20:26:59] [WARNING] ユーザー cim-master03@mirai-const.co.jp のOneDriveクォータ情報を取得できませんでした: User's mysite not found.

Status: 404 (NotFound)
ErrorCode: ResourceNotFound
Date: 2025-04-11T11:26:58

Headers:
Vary                          : Accept-Encoding
Strict-Transport-Security     : max-age=31536000
request-id                    : 562a6fb6-735c-40a7-811a-d5a3a04e747e
client-request-id             : 6bfde4f1-4d55-43c4-8397-48a6e83d6f6c
x-ms-ags-diagnostic           : {"ServerInfo":{"DataCenter":"Japan East","Slice":"E","Ring":"5","ScaleUnit":"000","RoleInstance":"TY1PEPF0000604F"}}
Date                          : Fri, 11 Apr 2025 11:26:58 GMT


[2025-04-11 20:27:02] [WARNING] ユーザー tech@miraiconst.onmicrosoft.com のOneDriveクォータ情報を取得できませんでした: User's mysite not found.

Status: 404 (NotFound)
ErrorCode: ResourceNotFound
Date: 2025-04-11T11:27:02

Headers:
Vary                          : Accept-Encoding
Strict-Transport-Security     : max-age=31536000
request-id                    : 282ebdc5-e5bd-4945-85ea-da51483eb836
client-request-id             : 1786ed52-9e4f-414b-a329-853dd9d3e8f7
x-ms-ags-diagnostic           : {"ServerInfo":{"DataCenter":"Japan East","Slice":"E","Ring":"5","ScaleUnit":"000","RoleInstance":"TY1PEPF0000604F"}}
Date                          : Fri, 11 Apr 2025 11:27:01 GMT


[2025-04-11 20:27:04] [WARNING] ユーザー sketchup@miraiconst.onmicrosoft.com のOneDriveクォータ情報を取得できませんでした: User's mysite not found.

Status: 404 (NotFound)
ErrorCode: ResourceNotFound
Date: 2025-04-11T11:27:03

Headers:
Vary                          : Accept-Encoding
Strict-Transport-Security     : max-age=31536000
request-id                    : b9451333-1b3d-499d-abaf-67d7708014c8
client-request-id             : 5f3b2aa5-7193-4fb9-af6e-a4746114da6b
x-ms-ags-diagnostic           : {"ServerInfo":{"DataCenter":"Japan East","Slice":"E","Ring":"5","ScaleUnit":"000","RoleInstance":"TY1PEPF0000604F"}}
Date                          : Fri, 11 Apr 2025 11:27:02 GMT


[2025-04-11 20:27:05] [WARNING] ユーザー y-tajima@mirai-const.co.jp のOneDriveクォータ情報を取得できませんでした: User's mysite not found.

Status: 404 (NotFound)
ErrorCode: ResourceNotFound
Date: 2025-04-11T11:27:04

Headers:
Vary                          : Accept-Encoding
Strict-Transport-Security     : max-age=31536000
request-id                    : f46c532b-4e1a-4499-afb7-12ae4da423d1
client-request-id             : 7261fd39-7cfe-4dc1-a082-2def74e06dbf
x-ms-ags-diagnostic           : {"ServerInfo":{"DataCenter":"Japan East","Slice":"E","Ring":"5","ScaleUnit":"000","RoleInstance":"TY1PEPF0000604F"}}
Date                          : Fri, 11 Apr 2025 11:27:04 GMT


[2025-04-11 20:27:06] [WARNING] ユーザー kaikei-support@mirai-const.co.jp のOneDriveクォータ情報を取得できませんでした: User's mysite not found.

Status: 404 (NotFound)
ErrorCode: ResourceNotFound
Date: 2025-04-11T11:27:05

Headers:
Vary                          : Accept-Encoding
Strict-Transport-Security     : max-age=31536000
request-id                    : e1cf5744-4854-45ef-892d-bc967f3cd03e
client-request-id             : 2202473a-39ad-4f3a-93f8-06eae0335e02
x-ms-ags-diagnostic           : {"ServerInfo":{"DataCenter":"Japan East","Slice":"E","Ring":"5","ScaleUnit":"000","RoleInstance":"TY1PEPF0000604F"}}
Date                          : Fri, 11 Apr 2025 11:27:04 GMT


[2025-04-11 20:27:08] [WARNING] ユーザー m-suzuki@mirai-const.co.jp のOneDriveクォータ情報を取得できませんでした: User's mysite not found.

Status: 404 (NotFound)
ErrorCode: ResourceNotFound
Date: 2025-04-11T11:27:07

Headers:
Vary                          : Accept-Encoding
Strict-Transport-Security     : max-age=31536000
request-id                    : 13caaa79-5e29-4a1d-854b-f58847d51eba
client-request-id             : ca5d6bcf-a050-44b2-8751-cb95d87b1cd8
x-ms-ags-diagnostic           : {"ServerInfo":{"DataCenter":"Japan East","Slice":"E","Ring":"5","ScaleUnit":"000","RoleInstance":"TY1PEPF0000604F"}}
Date                          : Fri, 11 Apr 2025 11:27:07 GMT


[2025-04-11 20:27:09] [WARNING] ユーザー Sync_AZSV0001_b63ec191406d@miraiconst.onmicrosoft.com のOneDriveクォータ情報を取得できませんでした: User's mysite not found.

Status: 404 (NotFound)
ErrorCode: ResourceNotFound
Date: 2025-04-11T11:27:08

Headers:
Vary                          : Accept-Encoding
Strict-Transport-Security     : max-age=31536000
request-id                    : aa9eb831-b8bc-4815-a7bb-f927b1ca0879
client-request-id             : 9be6b81e-93ff-478c-90b6-06ed4430e882
x-ms-ags-diagnostic           : {"ServerInfo":{"DataCenter":"Japan East","Slice":"E","Ring":"5","ScaleUnit":"000","RoleInstance":"TY1PEPF0000604F"}}
Date                          : Fri, 11 Apr 2025 11:27:07 GMT


[2025-04-11 20:27:10] [WARNING] ユーザー kanri-kyushu@mirai-const.co.jp のOneDriveクォータ情報を取得できませんでした: User's mysite not found.

Status: 404 (NotFound)
ErrorCode: ResourceNotFound
Date: 2025-04-11T11:27:09

Headers:
Vary                          : Accept-Encoding
Strict-Transport-Security     : max-age=31536000
request-id                    : cc787f16-49d0-4632-9680-a37b71940125
client-request-id             : 3009c6be-491d-42eb-8e25-c7cf99965d5d
x-ms-ags-diagnostic           : {"ServerInfo":{"DataCenter":"Japan East","Slice":"E","Ring":"5","ScaleUnit":"000","RoleInstance":"TY1PEPF0000604F"}}
Date                          : Fri, 11 Apr 2025 11:27:09 GMT


[2025-04-11 20:27:13] [WARNING] ユーザー bid-info04m@mirai-const.co.jp のOneDriveクォータ情報を取得できませんでした: User's mysite not found.

Status: 404 (NotFound)
ErrorCode: ResourceNotFound
Date: 2025-04-11T11:27:12

Headers:
Vary                          : Accept-Encoding
Strict-Transport-Security     : max-age=31536000
request-id                    : 5c3f5a82-65cb-4006-9a46-a75a3608d180
client-request-id             : 5026a03c-3e7b-4cf5-b081-694cdd49ed25
x-ms-ags-diagnostic           : {"ServerInfo":{"DataCenter":"Japan East","Slice":"E","Ring":"5","ScaleUnit":"000","RoleInstance":"TY1PEPF0000A380"}}
Date                          : Fri, 11 Apr 2025 11:27:11 GMT


[2025-04-11 20:27:13] [WARNING] ユーザー cim-master04@mirai-const.co.jp のOneDriveクォータ情報を取得できませんでした: User's mysite not found.

Status: 404 (NotFound)
ErrorCode: ResourceNotFound
Date: 2025-04-11T11:27:12

Headers:
Vary                          : Accept-Encoding
Strict-Transport-Security     : max-age=31536000
request-id                    : 8c233a69-51fb-4781-a9b6-920ba98f14e1
client-request-id             : 12867ea0-c34e-405b-84a8-c647b28853df
x-ms-ags-diagnostic           : {"ServerInfo":{"DataCenter":"Japan East","Slice":"E","Ring":"5","ScaleUnit":"000","RoleInstance":"TY1PEPF0000A380"}}
Date                          : Fri, 11 Apr 2025 11:27:12 GMT


[2025-04-11 20:27:14] [WARNING] ユーザー share@mirai-const.co.jp のOneDriveクォータ情報を取得できませんでした: User's mysite not found.

Status: 404 (NotFound)
ErrorCode: ResourceNotFound
Date: 2025-04-11T11:27:13

Headers:
Vary                          : Accept-Encoding
Strict-Transport-Security     : max-age=31536000
request-id                    : edc5aca0-005e-407e-a732-1703d9afe029
client-request-id             : 2cea6212-1826-4b31-8937-2627d95d5823
x-ms-ags-diagnostic           : {"ServerInfo":{"DataCenter":"Japan East","Slice":"E","Ring":"5","ScaleUnit":"000","RoleInstance":"TY1PEPF0000A380"}}
Date                          : Fri, 11 Apr 2025 11:27:12 GMT


[2025-04-11 20:27:15] [WARNING] ユーザー kitakyushu-rakuraku@mirai-const.co.jp のOneDriveクォータ情報を取得できませんでした: User's mysite not found.

Status: 404 (NotFound)
ErrorCode: ResourceNotFound
Date: 2025-04-11T11:27:14

Headers:
Vary                          : Accept-Encoding
Strict-Transport-Security     : max-age=31536000
request-id                    : c3868639-f2fb-4ef1-a9b5-6e441c9f186a
client-request-id             : 03cb51b0-4fa0-417d-a0d5-5630daf81d3c
x-ms-ags-diagnostic           : {"ServerInfo":{"DataCenter":"Japan East","Slice":"E","Ring":"5","ScaleUnit":"000","RoleInstance":"TY1PEPF0000A380"}}
Date                          : Fri, 11 Apr 2025 11:27:14 GMT


[2025-04-11 20:27:16] [WARNING] ユーザー amazon-biz@mirai-const.co.jp のOneDriveクォータ情報を取得できませんでした: User's mysite not found.

Status: 404 (NotFound)
ErrorCode: ResourceNotFound
Date: 2025-04-11T11:27:15

Headers:
Vary                          : Accept-Encoding
Strict-Transport-Security     : max-age=31536000
request-id                    : ac85f2d8-00f7-4d06-9aa3-4ed0924af58c
client-request-id             : 347b2cdd-d199-4c37-bc60-092e3eb118a1
x-ms-ags-diagnostic           : {"ServerInfo":{"DataCenter":"Japan East","Slice":"E","Ring":"5","ScaleUnit":"000","RoleInstance":"TY1PEPF0000A380"}}
Date                          : Fri, 11 Apr 2025 11:27:15 GMT


[2025-04-11 20:27:18] [WARNING] ユーザー k-hirabayashi@mirai-const.co.jp のOneDriveクォータ情報を取得できませんでした: User's mysite not found.

Status: 404 (NotFound)
ErrorCode: ResourceNotFound
Date: 2025-04-11T11:27:17

Headers:
Vary                          : Accept-Encoding
Strict-Transport-Security     : max-age=31536000
request-id                    : 51fc2775-1c06-4ddb-92a0-5dd1ffdba51c
client-request-id             : 7c2f7983-12e8-4d42-9977-b1ae6e5c1cbf
x-ms-ags-diagnostic           : {"ServerInfo":{"DataCenter":"Japan East","Slice":"E","Ring":"5","ScaleUnit":"000","RoleInstance":"TY1PEPF0000A380"}}
Date                          : Fri, 11 Apr 2025 11:27:16 GMT


[2025-04-11 20:27:19] [WARNING] ユーザー shizuoka-rakuraku@mirai-const.co.jp のOneDriveクォータ情報を取得できませんでした: User's mysite not found.

Status: 404 (NotFound)
ErrorCode: ResourceNotFound
Date: 2025-04-11T11:27:18

Headers:
Vary                          : Accept-Encoding
Strict-Transport-Security     : max-age=31536000
request-id                    : 62ce63b3-b28e-4207-a45f-995ca25268a2
client-request-id             : 066f21d4-ae6b-4058-96d6-b3ed0440c5b1
x-ms-ags-diagnostic           : {"ServerInfo":{"DataCenter":"Japan East","Slice":"E","Ring":"5","ScaleUnit":"000","RoleInstance":"TY1PEPF0000A380"}}
Date                          : Fri, 11 Apr 2025 11:27:18 GMT


[2025-04-11 20:27:20] [WARNING] ユーザー tokyokouji-rakuraku@mirai-const.co.jp のOneDriveクォータ情報を取得できませんでした: User's mysite not found.

Status: 404 (NotFound)
ErrorCode: ResourceNotFound
Date: 2025-04-11T11:27:19

Headers:
Vary                          : Accept-Encoding
Strict-Transport-Security     : max-age=31536000
request-id                    : 89de21fc-0f34-403e-ba32-08e0a45f1b33
client-request-id             : 8212c764-08e0-49c9-8fc9-44f03185b98a
x-ms-ags-diagnostic           : {"ServerInfo":{"DataCenter":"Japan East","Slice":"E","Ring":"5","ScaleUnit":"000","RoleInstance":"TY1PEPF0000A380"}}
Date                          : Fri, 11 Apr 2025 11:27:19 GMT


[2025-04-11 20:27:22] [WARNING] ユーザー honsya2-1@miraiconst.onmicrosoft.com のOneDriveクォータ情報を取得できませんでした: User's mysite not found.

Status: 404 (NotFound)
ErrorCode: ResourceNotFound
Date: 2025-04-11T11:27:22

Headers:
Vary                          : Accept-Encoding
Strict-Transport-Security     : max-age=31536000
request-id                    : 09a4a071-33dd-4094-85ed-91be28678da2
client-request-id             : b2196390-eefc-4350-8725-031ccf24f54f
x-ms-ags-diagnostic           : {"ServerInfo":{"DataCenter":"Japan East","Slice":"E","Ring":"5","ScaleUnit":"000","RoleInstance":"TY1PEPF0000A380"}}
Date                          : Fri, 11 Apr 2025 11:27:21 GMT


[2025-04-11 20:27:24] [WARNING] ユーザー ito_mainmark.co.jp#EXT#@miraiconst.onmicrosoft.com のOneDriveクォータ情報を取得できませんでした: User's mysite not found.

Status: 404 (NotFound)
ErrorCode: ResourceNotFound
Date: 2025-04-11T11:27:23

Headers:
Vary                          : Accept-Encoding
Strict-Transport-Security     : max-age=31536000
request-id                    : 59372825-0c4a-444a-a6be-a4c954c3481c
client-request-id             : 36d29ed7-ab63-4c64-8971-2fd8337aa66a
x-ms-ags-diagnostic           : {"ServerInfo":{"DataCenter":"Japan East","Slice":"E","Ring":"5","ScaleUnit":"000","RoleInstance":"TY1PEPF0000A380"}}
Date                          : Fri, 11 Apr 2025 11:27:23 GMT


[2025-04-11 20:27:26] [WARNING] ユーザー yk-takahashi_mitsuifudosan.co.jp#EXT#@miraiconst.onmicrosoft.com のOneDriveクォータ情報を取得できませんでした: User's mysite not found.

Status: 404 (NotFound)
ErrorCode: ResourceNotFound
Date: 2025-04-11T11:27:25

Headers:
Vary                          : Accept-Encoding
Strict-Transport-Security     : max-age=31536000
request-id                    : 910438fa-aa5e-4585-9c42-4add80cf1b09
client-request-id             : 03dbe57d-152f-483c-bc05-3499df67df8e
x-ms-ags-diagnostic           : {"ServerInfo":{"DataCenter":"Japan East","Slice":"E","Ring":"5","ScaleUnit":"000","RoleInstance":"TY1PEPF0000A380"}}
Date                          : Fri, 11 Apr 2025 11:27:24 GMT


[2025-04-11 20:27:27] [WARNING] ユーザー chugoku-rakuraku@mirai-const.co.jp のOneDriveクォータ情報を取得できませんでした: User's mysite not found.

Status: 404 (NotFound)
ErrorCode: ResourceNotFound
Date: 2025-04-11T11:27:26

Headers:
Vary                          : Accept-Encoding
Strict-Transport-Security     : max-age=31536000
request-id                    : 34454868-e4bd-4621-acd8-868acd311797
client-request-id             : 6e057840-6678-4b20-8470-1ff5efc165a0
x-ms-ags-diagnostic           : {"ServerInfo":{"DataCenter":"Japan East","Slice":"E","Ring":"5","ScaleUnit":"000","RoleInstance":"TY1PEPF0000A380"}}
Date                          : Fri, 11 Apr 2025 11:27:25 GMT


[2025-04-11 20:27:29] [WARNING] ユーザー webadmin@miraiconst.onmicrosoft.com のOneDriveクォータ情報を取得できませんでした: User's mysite not found.

Status: 404 (NotFound)
ErrorCode: ResourceNotFound
Date: 2025-04-11T11:27:28

Headers:
Vary                          : Accept-Encoding
Strict-Transport-Security     : max-age=31536000
request-id                    : ec6a5d9f-64f0-470f-a3d0-47a7e810b615
client-request-id             : 15be2e48-1744-4e71-ae0c-d8691f6f9b85
x-ms-ags-diagnostic           : {"ServerInfo":{"DataCenter":"Japan East","Slice":"E","Ring":"5","ScaleUnit":"000","RoleInstance":"TY1PEPF0000A380"}}
Date                          : Fri, 11 Apr 2025 11:27:27 GMT


[2025-04-11 20:27:29] [WARNING] ユーザー tokyokoji@miraiconst.onmicrosoft.com のOneDriveクォータ情報を取得できませんでした: User's mysite not found.

Status: 404 (NotFound)
ErrorCode: ResourceNotFound
Date: 2025-04-11T11:27:28

Headers:
Vary                          : Accept-Encoding
Strict-Transport-Security     : max-age=31536000
request-id                    : ab1bf789-1750-498b-ad1b-63260eb83d09
client-request-id             : 3ee67e48-d9df-42b9-b943-524f85977726
x-ms-ags-diagnostic           : {"ServerInfo":{"DataCenter":"Japan East","Slice":"E","Ring":"5","ScaleUnit":"000","RoleInstance":"TY1PEPF0000A380"}}
Date                          : Fri, 11 Apr 2025 11:27:28 GMT


[2025-04-11 20:27:30] [WARNING] ユーザー tokyo-rakuraku@mirai-const.co.jp のOneDriveクォータ情報を取得できませんでした: User's mysite not found.

Status: 404 (NotFound)
ErrorCode: ResourceNotFound
Date: 2025-04-11T11:27:30

Headers:
Vary                          : Accept-Encoding
Strict-Transport-Security     : max-age=31536000
request-id                    : 27f38bd9-360c-4652-b8a1-faf6f1b5a5e3
client-request-id             : 6942b494-c1cd-4c67-b140-4f31463dec14
x-ms-ags-diagnostic           : {"ServerInfo":{"DataCenter":"Japan East","Slice":"E","Ring":"5","ScaleUnit":"000","RoleInstance":"TY1PEPF0000A380"}}
Date                          : Fri, 11 Apr 2025 11:27:29 GMT


[2025-04-11 20:27:31] [WARNING] ユーザー mirai-edr@miraiconst.onmicrosoft.com のOneDriveクォータ情報を取得できませんでした: User's mysite not found.

Status: 404 (NotFound)
ErrorCode: ResourceNotFound
Date: 2025-04-11T11:27:30

Headers:
Vary                          : Accept-Encoding
Strict-Transport-Security     : max-age=31536000
request-id                    : 9dde8b98-3e3c-44a6-8baf-c371367adfee
client-request-id             : 1b1c9a69-99e4-4ebb-9bb6-54a7e1b2ecd8
x-ms-ags-diagnostic           : {"ServerInfo":{"DataCenter":"Japan East","Slice":"E","Ring":"5","ScaleUnit":"000","RoleInstance":"TY1PEPF0000A380"}}
Date                          : Fri, 11 Apr 2025 11:27:30 GMT


[2025-04-11 20:27:33] [WARNING] ユーザー bid-info06m@mirai-const.co.jp のOneDriveクォータ情報を取得できませんでした: User's mysite not found.

Status: 404 (NotFound)
ErrorCode: ResourceNotFound
Date: 2025-04-11T11:27:32

Headers:
Vary                          : Accept-Encoding
Strict-Transport-Security     : max-age=31536000
request-id                    : 0eb071d9-8142-4e47-aaf2-b386ffb4d7ac
client-request-id             : 60b15a60-3269-4cde-a398-15d761e5163d
x-ms-ags-diagnostic           : {"ServerInfo":{"DataCenter":"Japan East","Slice":"E","Ring":"5","ScaleUnit":"000","RoleInstance":"TY1PEPF0000A380"}}
Date                          : Fri, 11 Apr 2025 11:27:32 GMT


[2025-04-11 20:27:33] [WARNING] ユーザー noto-rakuraku@mirai-const.co.jp のOneDriveクォータ情報を取得できませんでした: User's mysite not found.

Status: 404 (NotFound)
ErrorCode: ResourceNotFound
Date: 2025-04-11T11:27:33

Headers:
Vary                          : Accept-Encoding
Strict-Transport-Security     : max-age=31536000
request-id                    : 3a6506cc-9be6-4b34-af6b-0b4fc38ad193
client-request-id             : f082f74b-102f-4f84-bc96-f201049baa2c
x-ms-ags-diagnostic           : {"ServerInfo":{"DataCenter":"Japan East","Slice":"E","Ring":"5","ScaleUnit":"000","RoleInstance":"TY1PEPF0000A380"}}
Date                          : Fri, 11 Apr 2025 11:27:32 GMT


[2025-04-11 20:27:34] [WARNING] ユーザー aomori-rakuraku@mirai-const.co.jp のOneDriveクォータ情報を取得できませんでした: User's mysite not found.

Status: 404 (NotFound)
ErrorCode: ResourceNotFound
Date: 2025-04-11T11:27:33

Headers:
Vary                          : Accept-Encoding
Strict-Transport-Security     : max-age=31536000
request-id                    : 538c574d-e1b3-4141-85bf-c75a11377fb3
client-request-id             : 7bc2e31b-0d65-47fb-b586-a5c001dce069
x-ms-ags-diagnostic           : {"ServerInfo":{"DataCenter":"Japan East","Slice":"E","Ring":"5","ScaleUnit":"000","RoleInstance":"TY1PEPF0000A380"}}
Date                          : Fri, 11 Apr 2025 11:27:33 GMT


[2025-04-11 20:27:36] [WARNING] ユーザー cad-master@miraiconst.onmicrosoft.com のOneDriveクォータ情報を取得できませんでした: User's mysite not found.

Status: 404 (NotFound)
ErrorCode: ResourceNotFound
Date: 2025-04-11T11:27:35

Headers:
Vary                          : Accept-Encoding
Strict-Transport-Security     : max-age=31536000
request-id                    : 7e5c3136-8d1f-4b06-8236-917b634e098e
client-request-id             : 4a6a5478-36f7-408d-9187-32b6a4b583b9
x-ms-ags-diagnostic           : {"ServerInfo":{"DataCenter":"Japan East","Slice":"E","Ring":"5","ScaleUnit":"000","RoleInstance":"TY1PEPF0000A380"}}
Date                          : Fri, 11 Apr 2025 11:27:35 GMT


[2025-04-11 20:27:40] [WARNING] ユーザー direct@mirai-const.co.jp のOneDriveクォータ情報を取得できませんでした: User's mysite not found.

Status: 404 (NotFound)
ErrorCode: ResourceNotFound
Date: 2025-04-11T11:27:39

Headers:
Vary                          : Accept-Encoding
Strict-Transport-Security     : max-age=31536000
request-id                    : dcc4c5f9-61c5-4395-9a4c-78b470c05ebf
client-request-id             : 4f32e942-14d2-421e-abe1-b8612f21c607
x-ms-ags-diagnostic           : {"ServerInfo":{"DataCenter":"Japan East","Slice":"E","Ring":"5","ScaleUnit":"000","RoleInstance":"TY1PEPF0000A380"}}
Date                          : Fri, 11 Apr 2025 11:27:38 GMT


[2025-04-11 20:27:40] [WARNING] ユーザー forti-admin@mirai-const.co.jp のOneDriveクォータ情報を取得できませんでした: User's mysite not found.

Status: 404 (NotFound)
ErrorCode: ResourceNotFound
Date: 2025-04-11T11:27:39

Headers:
Vary                          : Accept-Encoding
Strict-Transport-Security     : max-age=31536000
request-id                    : 942faa08-a630-44ea-b03e-1950045b7764
client-request-id             : 8a5d4382-6104-4c9f-9a90-07086ea9119d
x-ms-ags-diagnostic           : {"ServerInfo":{"DataCenter":"Japan East","Slice":"E","Ring":"5","ScaleUnit":"000","RoleInstance":"TY1PEPF0000A380"}}
Date                          : Fri, 11 Apr 2025 11:27:38 GMT


[2025-04-11 20:27:42] [WARNING] ユーザー chubu@miraiconst.onmicrosoft.com のOneDriveクォータ情報を取得できませんでした: User's mysite not found.

Status: 404 (NotFound)
ErrorCode: ResourceNotFound
Date: 2025-04-11T11:27:41

Headers:
Vary                          : Accept-Encoding
Strict-Transport-Security     : max-age=31536000
request-id                    : 07aac35b-71e6-492b-adf9-2a8af0d77dd2
client-request-id             : f218e9c3-7384-4c89-a5ec-5b8ba4510b25
x-ms-ags-diagnostic           : {"ServerInfo":{"DataCenter":"Japan East","Slice":"E","Ring":"5","ScaleUnit":"000","RoleInstance":"TY1PEPF0000A380"}}
Date                          : Fri, 11 Apr 2025 11:27:40 GMT


[2025-04-11 20:27:44] [WARNING] ユーザー ys-yamamoto_apptec.co.jp#EXT#@miraiconst.onmicrosoft.com のOneDriveクォータ情報を取得できませんでした: User's mysite not found.

Status: 404 (NotFound)
ErrorCode: ResourceNotFound
Date: 2025-04-11T11:27:43

Headers:
Vary                          : Accept-Encoding
Strict-Transport-Security     : max-age=31536000
request-id                    : bf69561a-6c5f-441e-be13-30ddf059e202
client-request-id             : c1523dff-0267-4518-8604-0567614fc42d
x-ms-ags-diagnostic           : {"ServerInfo":{"DataCenter":"Japan East","Slice":"E","Ring":"5","ScaleUnit":"000","RoleInstance":"TY1PEPF0000A380"}}
Date                          : Fri, 11 Apr 2025 11:27:42 GMT


[2025-04-11 20:27:45] [WARNING] ユーザー r-futenma@mirai-const.co.jp のOneDriveクォータ情報を取得できませんでした: User's mysite not found.

Status: 404 (NotFound)
ErrorCode: ResourceNotFound
Date: 2025-04-11T11:27:44

Headers:
Vary                          : Accept-Encoding
Strict-Transport-Security     : max-age=31536000
request-id                    : ed6f38bf-0f97-4865-8c7e-d5644f296382
client-request-id             : a3f3355b-7c55-4807-b142-113f3b6acf77
x-ms-ags-diagnostic           : {"ServerInfo":{"DataCenter":"Japan East","Slice":"E","Ring":"5","ScaleUnit":"000","RoleInstance":"TY1PEPF0000A380"}}
Date                          : Fri, 11 Apr 2025 11:27:43 GMT


[2025-04-11 20:27:45] [WARNING] ユーザー cim-master13@mirai-const.co.jp のOneDriveクォータ情報を取得できませんでした: User's mysite not found.

Status: 404 (NotFound)
ErrorCode: ResourceNotFound
Date: 2025-04-11T11:27:45

Headers:
Vary                          : Accept-Encoding
Strict-Transport-Security     : max-age=31536000
request-id                    : 69cd97bd-0acd-420e-9d5a-e5e9910c80fc
client-request-id             : 78900ab5-4b2a-412e-aca7-533128912f05
x-ms-ags-diagnostic           : {"ServerInfo":{"DataCenter":"Japan East","Slice":"E","Ring":"5","ScaleUnit":"000","RoleInstance":"TY1PEPF0000A380"}}
Date                          : Fri, 11 Apr 2025 11:27:44 GMT


[2025-04-11 20:27:46] [WARNING] ユーザー na-kadokawa_apptec.co.jp#EXT#@miraiconst.onmicrosoft.com のOneDriveクォータ情報を取得できませんでした: User's mysite not found.

Status: 404 (NotFound)
ErrorCode: ResourceNotFound
Date: 2025-04-11T11:27:46

Headers:
Vary                          : Accept-Encoding
Strict-Transport-Security     : max-age=31536000
request-id                    : e8588a19-d091-4760-bdc1-b48fabd102df
client-request-id             : 3bdddb70-829b-4bcf-aa33-dda750cdc38d
x-ms-ags-diagnostic           : {"ServerInfo":{"DataCenter":"Japan East","Slice":"E","Ring":"5","ScaleUnit":"000","RoleInstance":"TY1PEPF0000A380"}}
Date                          : Fri, 11 Apr 2025 11:27:45 GMT


[2025-04-11 20:27:50] [WARNING] ユーザー mirai-sns@miraiconst.onmicrosoft.com のOneDriveクォータ情報を取得できませんでした: User's mysite not found.

Status: 404 (NotFound)
ErrorCode: ResourceNotFound
Date: 2025-04-11T11:27:49

Headers:
Vary                          : Accept-Encoding
Strict-Transport-Security     : max-age=31536000
request-id                    : 278e0019-0e74-4568-85af-de4bd12d6e10
client-request-id             : df2d6539-44cd-4826-9ae3-2b62fbe3c550
x-ms-ags-diagnostic           : {"ServerInfo":{"DataCenter":"Japan East","Slice":"E","Ring":"5","ScaleUnit":"000","RoleInstance":"TY1PEPF0000A380"}}
Date                          : Fri, 11 Apr 2025 11:27:48 GMT


[2025-04-11 20:27:51] [WARNING] ユーザー et-satoh@mirai-const.co.jp のOneDriveクォータ情報を取得できませんでした: User's mysite not found.

Status: 404 (NotFound)
ErrorCode: ResourceNotFound
Date: 2025-04-11T11:27:51

Headers:
Vary                          : Accept-Encoding
Strict-Transport-Security     : max-age=31536000
request-id                    : 285f4b86-bca7-44a6-bcbb-eea5fd81e91a
client-request-id             : cf9c8f06-65a1-4e23-a993-6f932b9b036b
x-ms-ags-diagnostic           : {"ServerInfo":{"DataCenter":"Japan East","Slice":"E","Ring":"5","ScaleUnit":"000","RoleInstance":"TY1PEPF0000A380"}}
Date                          : Fri, 11 Apr 2025 11:27:50 GMT


[2025-04-11 20:27:53] [WARNING] ユーザー k-obara@mirai-const.co.jp のOneDriveクォータ情報を取得できませんでした: User's mysite not found.

Status: 404 (NotFound)
ErrorCode: ResourceNotFound
Date: 2025-04-11T11:27:52

Headers:
Vary                          : Accept-Encoding
Strict-Transport-Security     : max-age=31536000
request-id                    : 7044b94e-9d7f-4b57-a436-db539b22ad03
client-request-id             : 5625f2d2-e4fb-4476-870e-37134230c084
x-ms-ags-diagnostic           : {"ServerInfo":{"DataCenter":"Japan East","Slice":"E","Ring":"5","ScaleUnit":"000","RoleInstance":"TY1PEPF0000A380"}}
Date                          : Fri, 11 Apr 2025 11:27:52 GMT


[2025-04-11 20:27:55] [WARNING] ユーザー kanri-oosaka@mirai-const.co.jp のOneDriveクォータ情報を取得できませんでした: User's mysite not found.

Status: 404 (NotFound)
ErrorCode: ResourceNotFound
Date: 2025-04-11T11:27:55

Headers:
Vary                          : Accept-Encoding
Strict-Transport-Security     : max-age=31536000
request-id                    : 70d7d484-c27e-4cfb-8d57-8d104790cd1f
client-request-id             : cea61559-29ab-4269-b344-f65897f18455
x-ms-ags-diagnostic           : {"ServerInfo":{"DataCenter":"Japan East","Slice":"E","Ring":"5","ScaleUnit":"000","RoleInstance":"TY1PEPF0000A380"}}
Date                          : Fri, 11 Apr 2025 11:27:54 GMT


[2025-04-11 20:27:58] [WARNING] ユーザー haruka.ishigaki_aaconst.onmicrosoft.com#EXT#@miraiconst.onmicrosoft.com のOneDriveクォータ情報を取得できませんでした: User's mysite not found.

Status: 404 (NotFound)
ErrorCode: ResourceNotFound
Date: 2025-04-11T11:27:57

Headers:
Vary                          : Accept-Encoding
Strict-Transport-Security     : max-age=31536000
request-id                    : 18fa11f1-25d0-4f60-94a3-cc548beaf285
client-request-id             : c9b40aef-fbcb-4a40-9737-b35b257bc7ae
x-ms-ags-diagnostic           : {"ServerInfo":{"DataCenter":"Japan East","Slice":"E","Ring":"5","ScaleUnit":"000","RoleInstance":"TY1PEPF0000A380"}}
Date                          : Fri, 11 Apr 2025 11:27:56 GMT


[2025-04-11 20:27:58] [WARNING] ユーザー bid-info02m@mirai-const.co.jp のOneDriveクォータ情報を取得できませんでした: User's mysite not found.

Status: 404 (NotFound)
ErrorCode: ResourceNotFound
Date: 2025-04-11T11:27:57

Headers:
Vary                          : Accept-Encoding
Strict-Transport-Security     : max-age=31536000
request-id                    : b0551bc7-8191-4e48-b1fa-6de6b95c12a0
client-request-id             : 029531f7-e971-433a-9bc5-a08a30a63c71
x-ms-ags-diagnostic           : {"ServerInfo":{"DataCenter":"Japan East","Slice":"E","Ring":"5","ScaleUnit":"000","RoleInstance":"TY1PEPF0000A380"}}
Date                          : Fri, 11 Apr 2025 11:27:57 GMT


[2025-04-11 20:27:58] [SUCCESS] OneDriveクォータ情報の取得が完了しました。取得件数: 524
[2025-04-11 20:27:58] [SUCCESS] CSVファイルを作成しました: C:\kitting\OneDriveforBusinessManagementSystem\OneDriveManagement.20250411\Basic_Data_Collection.20250411\OneDriveQuota.20250411202758.csv
[2025-04-11 20:27:58] [INFO] Excelでファイルを開いて列幅の調整とフィルターの適用を行います...
[2025-04-11 20:28:01] [SUCCESS] Excelでの処理が完了しました。
