[2025-04-15 17:35:16] [ERROR] スクリプト実行中にエラーが発生しました: C:\kitting\OneDriveforBusinessManagementSystem\Incident_Management\SyncErrorCheck.ps1
例外タイプ: System.Management.Automation.ParseException
例外メッセージ: At C:\kitting\OneDriveforBusinessManagementSystem\Incident_Management\SyncErrorCheck.ps1:1305 char:1
+ }
+ ~
Unexpected token '}' in expression or statement.

At C:\kitting\OneDriveforBusinessManagementSystem\Incident_Management\SyncErrorCheck.ps1:2147 char:1
+ }
+ ~
Unexpected token '}' in expression or statement.

At C:\kitting\OneDriveforBusinessManagementSystem\Incident_Management\SyncErrorCheck.ps1:3367 char:1
+ }
+ ~
Unexpected token '}' in expression or statement.
位置: At C:\kitting\OneDriveforBusinessManagementSystem\Incident_Management\SyncErrorCheck.ps1:1305 char:1
+ }
+ ~
スタックトレース:
at Invoke-SelectedScript, C:\kitting\OneDriveforBusinessManagementSystem\Main.ps1: line 343
at <ScriptBlock>, C:\kitting\OneDriveforBusinessManagementSystem\Main.ps1: line 393

[2025-04-15 17:35:50] [ERROR] スクリプト実行中にエラーが発生しました: C:\kitting\OneDriveforBusinessManagementSystem\Incident_Management\SyncErrorCheck.ps1
例外タイプ: System.Management.Automation.ParseException
例外メッセージ: At C:\kitting\OneDriveforBusinessManagementSystem\Incident_Management\SyncErrorCheck.ps1:1305 char:1
+ }
+ ~
Unexpected token '}' in expression or statement.

At C:\kitting\OneDriveforBusinessManagementSystem\Incident_Management\SyncErrorCheck.ps1:2147 char:1
+ }
+ ~
Unexpected token '}' in expression or statement.

At C:\kitting\OneDriveforBusinessManagementSystem\Incident_Management\SyncErrorCheck.ps1:3367 char:1
+ }
+ ~
Unexpected token '}' in expression or statement.
位置: At C:\kitting\OneDriveforBusinessManagementSystem\Incident_Management\SyncErrorCheck.ps1:1305 char:1
+ }
+ ~
スタックトレース:
at Invoke-SelectedScript, C:\kitting\OneDriveforBusinessManagementSystem\Main.ps1: line 343
at <ScriptBlock>, C:\kitting\OneDriveforBusinessManagementSystem\Main.ps1: line 393

