[2025-04-15 05:41:40] [ERROR] スクリプト実行中にエラーが発生しました: C:\kitting\OneDriveforBusinessManagementSystem\Incident_Management\SyncErrorCheck.ps1
例外タイプ: System.Management.Automation.ParseException
例外メッセージ: At C:\kitting\OneDriveforBusinessManagementSystem\Incident_Management\SyncErrorCheck.ps1:286 char:2
+ }
+  ~
The Try statement is missing its Catch or Finally block.
位置: At C:\kitting\OneDriveforBusinessManagementSystem\Incident_Management\SyncErrorCheck.ps1:286 char:2
+ }
+  ~
スタックトレース:
at Invoke-SelectedScript, C:\kitting\OneDriveforBusinessManagementSystem\Main.ps1: line 343
at <ScriptBlock>, C:\kitting\OneDriveforBusinessManagementSystem\Main.ps1: line 393
at <ScriptBlock>, <No file>: line 1

[2025-04-15 06:58:10] [ERROR] スクリプト実行中にエラーが発生しました: C:\kitting\OneDriveforBusinessManagementSystem\Incident_Management\SyncErrorCheck.ps1
例外タイプ: System.Management.Automation.RuntimeException
例外メッセージ: You cannot call a method on a null-valued expression.
位置: At C:\kitting\OneDriveforBusinessManagementSystem\Incident_Management\SyncErrorCheck.ps1:1080 char:93
+ … ect class='column-filter' data-column='$($columns.IndexOf($col))'>`n"
+                                            ~~~~~~~~~~~~~~~~~~~~~~
スタックトレース:
at <ScriptBlock>, C:\kitting\OneDriveforBusinessManagementSystem\Incident_Management\SyncErrorCheck.ps1: line 1080
at Invoke-SelectedScript, C:\kitting\OneDriveforBusinessManagementSystem\Main.ps1: line 343
at <ScriptBlock>, C:\kitting\OneDriveforBusinessManagementSystem\Main.ps1: line 393
at <ScriptBlock>, <No file>: line 1

[2025-04-15 07:04:51] [ERROR] スクリプト実行中にエラーが発生しました: C:\kitting\OneDriveforBusinessManagementSystem\Incident_Management\SyncErrorCheck.ps1
例外タイプ: System.Management.Automation.RuntimeException
例外メッセージ: You cannot call a method on a null-valued expression.
位置: At C:\kitting\OneDriveforBusinessManagementSystem\Incident_Management\SyncErrorCheck.ps1:1080 char:93
+ … ect class='column-filter' data-column='$($columns.IndexOf($col))'>`n"
+                                            ~~~~~~~~~~~~~~~~~~~~~~
スタックトレース:
at <ScriptBlock>, C:\kitting\OneDriveforBusinessManagementSystem\Incident_Management\SyncErrorCheck.ps1: line 1080
at Invoke-SelectedScript, C:\kitting\OneDriveforBusinessManagementSystem\Main.ps1: line 343
at <ScriptBlock>, C:\kitting\OneDriveforBusinessManagementSystem\Main.ps1: line 393
at <ScriptBlock>, <No file>: line 1

[2025-04-15 08:35:00] [ERROR] スクリプト実行中にエラーが発生しました: C:\kitting\OneDriveforBusinessManagementSystem\Incident_Management\SyncErrorCheck.ps1
例外タイプ: System.Management.Automation.ParseException
例外メッセージ: At C:\kitting\OneDriveforBusinessManagementSystem\Incident_Management\SyncErrorCheck.ps1:322 char:6
+     } else {
+      ~
The Try statement is missing its Catch or Finally block.

At C:\kitting\OneDriveforBusinessManagementSystem\Incident_Management\SyncErrorCheck.ps1:347 char:15
+             } catch {
+               ~~~~~
Unexpected token 'catch' in expression or statement.

At C:\kitting\OneDriveforBusinessManagementSystem\Incident_Management\SyncErrorCheck.ps1:351 char:13
+             } catch {
+             ~
Unexpected token '}' in expression or statement.

At C:\kitting\OneDriveforBusinessManagementSystem\Incident_Management\SyncErrorCheck.ps1:388 char:9
+         } catch {
+         ~
Unexpected token '}' in expression or statement.

At C:\kitting\OneDriveforBusinessManagementSystem\Incident_Management\SyncErrorCheck.ps1:408 char:1
+ } catch {
+ ~
Unexpected token '}' in expression or statement.

At C:\kitting\OneDriveforBusinessManagementSystem\Incident_Management\SyncErrorCheck.ps1:481 char:6
+     }
+      ~
The Try statement is missing its Catch or Finally block.

At C:\kitting\OneDriveforBusinessManagementSystem\Incident_Management\SyncErrorCheck.ps1:482 char:9
+ } catch {
+         ~
Missing closing '}' in statement block or type definition.

At C:\kitting\OneDriveforBusinessManagementSystem\Incident_Management\SyncErrorCheck.ps1:5 char:26
+     [string]$OutputDir = "$(Get-Location)",
+                          ~~~~~~~~~~~~~~~~~
The assignment expression is not valid. The input to an assignment operator must be an object that is able to accept assignments, such as a variable or a property.
位置: At C:\kitting\OneDriveforBusinessManagementSystem\Incident_Management\SyncErrorCheck.ps1:322 char:6
+     } else {
+      ~
スタックトレース:
at Invoke-SelectedScript, C:\kitting\OneDriveforBusinessManagementSystem\Main.ps1: line 343
at <ScriptBlock>, C:\kitting\OneDriveforBusinessManagementSystem\Main.ps1: line 393
at <ScriptBlock>, <No file>: line 1

[2025-04-15 08:57:19] [ERROR] スクリプト実行中にエラーが発生しました: C:\kitting\OneDriveforBusinessManagementSystem\Incident_Management\SyncErrorCheck.ps1
例外タイプ: System.Management.Automation.RuntimeException
例外メッセージ: You cannot call a method on a null-valued expression.
位置: At C:\kitting\OneDriveforBusinessManagementSystem\Incident_Management\SyncErrorCheck.ps1:1080 char:93
+ … ect class='column-filter' data-column='$($columns.IndexOf($col))'>`n"
+                                            ~~~~~~~~~~~~~~~~~~~~~~
スタックトレース:
at <ScriptBlock>, C:\kitting\OneDriveforBusinessManagementSystem\Incident_Management\SyncErrorCheck.ps1: line 1080
at Invoke-SelectedScript, C:\kitting\OneDriveforBusinessManagementSystem\Main.ps1: line 343
at <ScriptBlock>, C:\kitting\OneDriveforBusinessManagementSystem\Main.ps1: line 393
at <ScriptBlock>, <No file>: line 1

