[2025-04-15 05:41:11] [INFO] OneDrive for Business 運用ツール - ITSM準拠 を開始しました
[2025-04-15 05:41:11] [INFO] 出力フォルダ: C:\kitting\OneDriveforBusinessManagementSystem\OneDriveManagement.20250415
[2025-04-15 05:41:11] [INFO] ログフォルダ: C:\kitting\OneDriveforBusinessManagementSystem\OneDriveManagement.20250415\Log
[2025-04-15 05:41:11] [INFO] レポートフォルダ: C:\kitting\OneDriveforBusinessManagementSystem\OneDriveManagement.20250415\Report
[2025-04-15 05:41:12] [INFO] Microsoft.Graph モジュールは既にインストールされています
[2025-04-15 05:41:12] [INFO] config.jsonから認証情報を読み込みます...
[2025-04-15 05:41:12] [INFO] Microsoft Graph用アクセストークンを取得します...
[2025-04-15 05:41:13] [SUCCESS] Microsoft Graphにクライアントシークレット認証で接続しました
[2025-04-15 05:41:40] [INFO] カテゴリフォルダを作成しました: C:\kitting\OneDriveforBusinessManagementSystem\OneDriveManagement.20250415\Incident_Management.20250415
[2025-04-15 05:41:40] [INFO] スクリプト実行開始: C:\kitting\OneDriveforBusinessManagementSystem\Incident_Management\SyncErrorCheck.ps1 (Incident_Management)
[2025-04-15 05:41:40] [ERROR] スクリプト実行中にエラーが発生しました: C:\kitting\OneDriveforBusinessManagementSystem\Incident_Management\SyncErrorCheck.ps1
[2025-04-15 05:48:03] [INFO] スクリプト実行開始: C:\kitting\OneDriveforBusinessManagementSystem\Incident_Management\SyncErrorCheck.ps1 (Incident_Management)
[2025-04-15 05:53:31] [SUCCESS] スクリプト実行完了: C:\kitting\OneDriveforBusinessManagementSystem\Incident_Management\SyncErrorCheck.ps1
[2025-04-15 06:03:22] [INFO] スクリプト実行開始: C:\kitting\OneDriveforBusinessManagementSystem\Incident_Management\SyncErrorCheck.ps1 (Incident_Management)
[2025-04-15 06:07:23] [SUCCESS] スクリプト実行完了: C:\kitting\OneDriveforBusinessManagementSystem\Incident_Management\SyncErrorCheck.ps1
[2025-04-15 06:15:22] [INFO] スクリプト実行開始: C:\kitting\OneDriveforBusinessManagementSystem\Incident_Management\SyncErrorCheck.ps1 (Incident_Management)
[2025-04-15 06:19:31] [SUCCESS] スクリプト実行完了: C:\kitting\OneDriveforBusinessManagementSystem\Incident_Management\SyncErrorCheck.ps1
[2025-04-15 06:28:17] [INFO] スクリプト実行開始: C:\kitting\OneDriveforBusinessManagementSystem\Incident_Management\SyncErrorCheck.ps1 (Incident_Management)
[2025-04-15 06:32:48] [SUCCESS] スクリプト実行完了: C:\kitting\OneDriveforBusinessManagementSystem\Incident_Management\SyncErrorCheck.ps1
[2025-04-15 06:35:50] [INFO] スクリプト実行開始: C:\kitting\OneDriveforBusinessManagementSystem\Incident_Management\SyncErrorCheck.ps1 (Incident_Management)
[2025-04-15 06:40:09] [SUCCESS] スクリプト実行完了: C:\kitting\OneDriveforBusinessManagementSystem\Incident_Management\SyncErrorCheck.ps1
[2025-04-15 06:58:03] [INFO] スクリプト実行開始: C:\kitting\OneDriveforBusinessManagementSystem\Incident_Management\SyncErrorCheck.ps1 (Incident_Management)
[2025-04-15 06:58:10] [ERROR] スクリプト実行中にエラーが発生しました: C:\kitting\OneDriveforBusinessManagementSystem\Incident_Management\SyncErrorCheck.ps1
[2025-04-15 07:00:00] [INFO] config.jsonから認証情報を読み込みます...
[2025-04-15 07:00:00] [INFO] Microsoft Graph用アクセストークンを取得します...
[2025-04-15 07:00:00] [SUCCESS] Microsoft Graphにクライアントシークレット認証で接続しました
[2025-04-15 07:00:10] [INFO] スクリプト実行開始: C:\kitting\OneDriveforBusinessManagementSystem\Incident_Management\SyncErrorCheck.ps1 (Incident_Management)
[2025-04-15 07:04:51] [ERROR] スクリプト実行中にエラーが発生しました: C:\kitting\OneDriveforBusinessManagementSystem\Incident_Management\SyncErrorCheck.ps1
[2025-04-15 07:16:56] [INFO] スクリプト実行開始: C:\kitting\OneDriveforBusinessManagementSystem\Incident_Management\SyncErrorCheck.ps1 (Incident_Management)
[2025-04-15 07:21:24] [SUCCESS] スクリプト実行完了: C:\kitting\OneDriveforBusinessManagementSystem\Incident_Management\SyncErrorCheck.ps1
[2025-04-15 07:57:27] [INFO] スクリプト実行開始: C:\kitting\OneDriveforBusinessManagementSystem\Incident_Management\SyncErrorCheck.ps1 (Incident_Management)
[2025-04-15 08:02:29] [SUCCESS] スクリプト実行完了: C:\kitting\OneDriveforBusinessManagementSystem\Incident_Management\SyncErrorCheck.ps1
[2025-04-15 08:09:02] [INFO] スクリプト実行開始: C:\kitting\OneDriveforBusinessManagementSystem\Incident_Management\SyncErrorCheck.ps1 (Incident_Management)
[2025-04-15 08:09:05] [SUCCESS] スクリプト実行完了: C:\kitting\OneDriveforBusinessManagementSystem\Incident_Management\SyncErrorCheck.ps1
[2025-04-15 08:35:00] [INFO] スクリプト実行開始: C:\kitting\OneDriveforBusinessManagementSystem\Incident_Management\SyncErrorCheck.ps1 (Incident_Management)
[2025-04-15 08:35:00] [ERROR] スクリプト実行中にエラーが発生しました: C:\kitting\OneDriveforBusinessManagementSystem\Incident_Management\SyncErrorCheck.ps1
[2025-04-15 08:57:16] [INFO] スクリプト実行開始: C:\kitting\OneDriveforBusinessManagementSystem\Incident_Management\SyncErrorCheck.ps1 (Incident_Management)
[2025-04-15 08:57:19] [ERROR] スクリプト実行中にエラーが発生しました: C:\kitting\OneDriveforBusinessManagementSystem\Incident_Management\SyncErrorCheck.ps1
[2025-04-15 08:57:43] [INFO] プログラムを終了します。
