[2025-04-17 19:20:01] [INFO] OneDrive for Business 運用ツール - ITSM準拠 を開始しました
[2025-04-17 19:20:01] [INFO] 出力フォルダ: C:\kitting\OneDriveforBusinessManagementSystem\OneDriveManagement.20250417
[2025-04-17 19:20:01] [INFO] ログフォルダ: C:\kitting\OneDriveforBusinessManagementSystem\OneDriveManagement.20250417\Log
[2025-04-17 19:20:01] [INFO] レポートフォルダ: C:\kitting\OneDriveforBusinessManagementSystem\OneDriveManagement.20250417\Report
[2025-04-17 19:20:01] [INFO] Microsoft.Graph モジュールは既にインストールされています
[2025-04-17 19:20:01] [INFO] config.jsonから認証情報を読み込みます...
[2025-04-17 19:20:01] [INFO] Microsoft Graph用アクセストークンを取得します...
[2025-04-17 19:20:03] [SUCCESS] Microsoft Graphにクライアントシークレット認証で接続しました
[2025-04-17 19:20:21] [INFO] config.jsonから認証情報を読み込みます...
[2025-04-17 19:20:21] [INFO] Microsoft Graph用アクセストークンを取得します...
[2025-04-17 19:20:21] [SUCCESS] Microsoft Graphにクライアントシークレット認証で接続しました
[2025-04-17 19:20:21] [INFO] カテゴリフォルダを作成しました: C:\kitting\OneDriveforBusinessManagementSystem\OneDriveManagement.20250417\Basic_Data_Collection.20250417
[2025-04-17 19:20:21] [INFO] スクリプト実行開始: C:\kitting\OneDriveforBusinessManagementSystem\Basic_Data_Collection\GetUserInfo.ps1 (Basic_Data_Collection)
[2025-04-17 19:21:55] [SUCCESS] スクリプト実行完了: C:\kitting\OneDriveforBusinessManagementSystem\Basic_Data_Collection\GetUserInfo.ps1
[2025-04-17 19:22:34] [INFO] config.jsonから認証情報を読み込みます...
[2025-04-17 19:22:34] [INFO] Microsoft Graph用アクセストークンを取得します...
[2025-04-17 19:22:35] [SUCCESS] Microsoft Graphにクライアントシークレット認証で接続しました
[2025-04-17 19:22:35] [INFO] スクリプト実行開始: C:\kitting\OneDriveforBusinessManagementSystem\Basic_Data_Collection\GetOneDriveQuota.ps1 (Basic_Data_Collection)
[2025-04-17 19:27:24] [SUCCESS] スクリプト実行完了: C:\kitting\OneDriveforBusinessManagementSystem\Basic_Data_Collection\GetOneDriveQuota.ps1
[2025-04-17 19:49:51] [INFO] プログラムを終了します。
