[2025-04-17 19:50:31] [INFO] ストレージクォータ取得を開始します
[2025-04-17 19:50:31] [INFO] 出力ディレクトリ: C:\kitting\OneDriveforBusinessManagementSystem\OneDriveManagement.20250417\Basic_Data_Collection.20250417
[2025-04-17 19:50:31] [INFO] ログディレクトリ: C:\kitting\OneDriveforBusinessManagementSystem\OneDriveManagement.20250417\Log
[2025-04-17 19:50:31] [WARNING] Graph接続済みですが、ユーザー情報は取得できません。
[2025-04-17 19:50:31] [WARNING] Graph接続済みですが、ユーザー情報は取得できません。
[2025-04-17 19:50:31] [INFO] すべてのユーザーのOneDriveクォータ情報を取得しています...
[2025-04-17 19:50:34] [WARNING] ユーザー okinawa-rakuraku@mirai-const.co.jp のOneDriveクォータ情報を取得できませんでした: User's mysite not found.

Status: 404 (NotFound)
ErrorCode: ResourceNotFound
Date: 2025-04-17T10:50:34

Headers:
Vary                          : Accept-Encoding
Strict-Transport-Security     : max-age=31536000
request-id                    : 4ded1a37-8364-4a83-bcd0-f8175667368a
client-request-id             : 61287a89-7848-4399-9362-60dd2a1fedd2
x-ms-ags-diagnostic           : {"ServerInfo":{"DataCenter":"Japan West","Slice":"E","Ring":"3","ScaleUnit":"001","RoleInstance":"OS1PEPF0000AE2D"}}
Date                          : Thu, 17 Apr 2025 10:50:33 GMT


[2025-04-17 19:50:39] [WARNING] ユーザー admin@miraiconst.onmicrosoft.com のOneDriveクォータ情報を取得できませんでした: User's mysite not found.

Status: 404 (NotFound)
ErrorCode: ResourceNotFound
Date: 2025-04-17T10:50:40

Headers:
Vary                          : Accept-Encoding
Strict-Transport-Security     : max-age=31536000
request-id                    : f14793e0-75ca-4d76-a054-309dd6168fb7
client-request-id             : bd4e3a14-aea4-4300-8490-bfe14a1d0712
x-ms-ags-diagnostic           : {"ServerInfo":{"DataCenter":"Japan West","Slice":"E","Ring":"3","ScaleUnit":"001","RoleInstance":"OS1PEPF0000AE2D"}}
Date                          : Thu, 17 Apr 2025 10:50:39 GMT


[2025-04-17 19:50:40] [INFO] ユーザー admin@miraiconst.onmicrosoft.com のroleTemplateId: 62e90394-69f5-4237-9190-012177145e10
[2025-04-17 19:50:40] [INFO] ユーザー admin@miraiconst.onmicrosoft.com は管理者ロール: 62e90394-69f5-4237-9190-012177145e10
[2025-04-17 19:50:44] [WARNING] ユーザー admin1@miraiconst.onmicrosoft.com のOneDriveクォータ情報を取得できませんでした: User's mysite not found.

Status: 404 (NotFound)
ErrorCode: ResourceNotFound
Date: 2025-04-17T10:50:44

Headers:
Vary                          : Accept-Encoding
Strict-Transport-Security     : max-age=31536000
request-id                    : 569ab93c-a37b-4e1f-a52b-cc89ba986e3c
client-request-id             : 67d44bca-9226-4816-9b27-e6bb87c87f30
x-ms-ags-diagnostic           : {"ServerInfo":{"DataCenter":"Japan West","Slice":"E","Ring":"3","ScaleUnit":"001","RoleInstance":"OS1PEPF0000AE2D"}}
Date                          : Thu, 17 Apr 2025 10:50:43 GMT


[2025-04-17 19:50:45] [WARNING] ユーザー cim-master10@mirai-const.co.jp のOneDriveクォータ情報を取得できませんでした: User's mysite not found.

Status: 404 (NotFound)
ErrorCode: ResourceNotFound
Date: 2025-04-17T10:50:45

Headers:
Vary                          : Accept-Encoding
Strict-Transport-Security     : max-age=31536000
request-id                    : 532b5b4e-8e05-4b3d-a826-b1817a54b9d9
client-request-id             : 29c6b787-f4bd-4fbb-ad5c-ba6b3018e965
x-ms-ags-diagnostic           : {"ServerInfo":{"DataCenter":"Japan West","Slice":"E","Ring":"3","ScaleUnit":"001","RoleInstance":"OS1PEPF0000AE2D"}}
Date                          : Thu, 17 Apr 2025 10:50:45 GMT


[2025-04-17 19:50:48] [WARNING] ユーザー jinji-saiyou@mirai-const.co.jp のOneDriveクォータ情報を取得できませんでした: User's mysite not found.

Status: 404 (NotFound)
ErrorCode: ResourceNotFound
Date: 2025-04-17T10:50:48

Headers:
Vary                          : Accept-Encoding
Strict-Transport-Security     : max-age=31536000
request-id                    : f848842e-e980-41e8-a9e4-515c6512369a
client-request-id             : 4e51cdc5-ba20-4317-977e-4ab8436818cb
x-ms-ags-diagnostic           : {"ServerInfo":{"DataCenter":"Japan West","Slice":"E","Ring":"3","ScaleUnit":"001","RoleInstance":"OS1PEPF0000AE2D"}}
Date                          : Thu, 17 Apr 2025 10:50:47 GMT


[2025-04-17 19:50:51] [WARNING] ユーザー soumu-payment@mirai-const.co.jp のOneDriveクォータ情報を取得できませんでした: User's mysite not found.

Status: 404 (NotFound)
ErrorCode: ResourceNotFound
Date: 2025-04-17T10:50:51

Headers:
Vary                          : Accept-Encoding
Strict-Transport-Security     : max-age=31536000
request-id                    : a6141298-ca54-4c29-973b-f542dac74f1d
client-request-id             : 603ec9f1-2e9a-4620-a4ad-92d186dc1ccc
x-ms-ags-diagnostic           : {"ServerInfo":{"DataCenter":"Japan West","Slice":"E","Ring":"3","ScaleUnit":"001","RoleInstance":"OS1PEPF0000AE2D"}}
Date                          : Thu, 17 Apr 2025 10:50:51 GMT


[2025-04-17 19:50:54] [WARNING] ユーザー mf-jigyoukikaku@miraiconst.onmicrosoft.com のOneDriveクォータ情報を取得できませんでした: User's mysite not found.

Status: 404 (NotFound)
ErrorCode: ResourceNotFound
Date: 2025-04-17T10:50:54

Headers:
Vary                          : Accept-Encoding
Strict-Transport-Security     : max-age=31536000
request-id                    : d7af6846-77a4-47c9-8b28-efa0595c746c
client-request-id             : b72f28eb-0c83-4b40-bff2-12ab12f43259
x-ms-ags-diagnostic           : {"ServerInfo":{"DataCenter":"Japan West","Slice":"E","Ring":"3","ScaleUnit":"001","RoleInstance":"OS1PEPF0000AE2D"}}
Date                          : Thu, 17 Apr 2025 10:50:53 GMT


[2025-04-17 19:50:57] [WARNING] ユーザー henngetest@mirai-const.co.jp のOneDriveクォータ情報を取得できませんでした: User's mysite not found.

Status: 404 (NotFound)
ErrorCode: ResourceNotFound
Date: 2025-04-17T10:50:57

Headers:
Vary                          : Accept-Encoding
Strict-Transport-Security     : max-age=31536000
request-id                    : 5dd7d22a-aeb7-4185-966c-a499614c3c6a
client-request-id             : 0fc317e6-bb15-47bd-8b07-73a0780ee159
x-ms-ags-diagnostic           : {"ServerInfo":{"DataCenter":"Japan West","Slice":"E","Ring":"3","ScaleUnit":"001","RoleInstance":"OS1PEPF0000AE2D"}}
Date                          : Thu, 17 Apr 2025 10:50:56 GMT


[2025-04-17 19:51:07] [WARNING] ユーザー ariake-rakuraku@mirai-const.co.jp のOneDriveクォータ情報を取得できませんでした: User's mysite not found.

Status: 404 (NotFound)
ErrorCode: ResourceNotFound
Date: 2025-04-17T10:51:07

Headers:
Vary                          : Accept-Encoding
Strict-Transport-Security     : max-age=31536000
request-id                    : b00e10ae-02d8-470f-a96e-11ca0ce75fc9
client-request-id             : e29b4c00-5113-40a0-bc94-fba8ea50796f
x-ms-ags-diagnostic           : {"ServerInfo":{"DataCenter":"Japan West","Slice":"E","Ring":"3","ScaleUnit":"001","RoleInstance":"OS1PEPF0000AE2D"}}
Date                          : Thu, 17 Apr 2025 10:51:06 GMT


[2025-04-17 19:51:07] [WARNING] ユーザー system-info@mirai-const.co.jp のOneDriveクォータ情報を取得できませんでした: User's mysite not found.

Status: 404 (NotFound)
ErrorCode: ResourceNotFound
Date: 2025-04-17T10:51:07

Headers:
Vary                          : Accept-Encoding
Strict-Transport-Security     : max-age=31536000
request-id                    : 0f68ec46-a11d-4dbe-b038-1601430d6d3a
client-request-id             : 2723aa04-3d5a-4b5c-88da-90bb7c8de348
x-ms-ags-diagnostic           : {"ServerInfo":{"DataCenter":"Japan West","Slice":"E","Ring":"3","ScaleUnit":"001","RoleInstance":"OS1PEPF0000AE2D"}}
Date                          : Thu, 17 Apr 2025 10:51:06 GMT


[2025-04-17 19:51:12] [WARNING] ユーザー hideyuki.nomura_halekulaniokinawa.com#EXT#@miraiconst.onmicrosoft.com のOneDriveクォータ情報を取得できませんでした: User's mysite not found.

Status: 404 (NotFound)
ErrorCode: ResourceNotFound
Date: 2025-04-17T10:51:13

Headers:
Vary                          : Accept-Encoding
Strict-Transport-Security     : max-age=31536000
request-id                    : 660003b7-cdd5-4989-be95-923dae38410b
client-request-id             : e0607b81-0987-448a-932e-cd8758e6bfbb
x-ms-ags-diagnostic           : {"ServerInfo":{"DataCenter":"Japan West","Slice":"E","Ring":"3","ScaleUnit":"001","RoleInstance":"OS1PEPF0000AE2D"}}
Date                          : Thu, 17 Apr 2025 10:51:12 GMT


[2025-04-17 19:51:13] [WARNING] ユーザー cim-master05@mirai-const.co.jp のOneDriveクォータ情報を取得できませんでした: User's mysite not found.

Status: 404 (NotFound)
ErrorCode: ResourceNotFound
Date: 2025-04-17T10:51:13

Headers:
Vary                          : Accept-Encoding
Strict-Transport-Security     : max-age=31536000
request-id                    : 80f1c6f0-710f-47e4-a5d5-78cf5d16fd60
client-request-id             : 18373aa6-254c-4a98-946a-c922b4285c7e
x-ms-ags-diagnostic           : {"ServerInfo":{"DataCenter":"Japan West","Slice":"E","Ring":"3","ScaleUnit":"001","RoleInstance":"OS1PEPF0000AE2D"}}
Date                          : Thu, 17 Apr 2025 10:51:12 GMT


[2025-04-17 19:51:14] [WARNING] ユーザー mk-engagement@miraiconst.onmicrosoft.com のOneDriveクォータ情報を取得できませんでした: User's mysite not found.

Status: 404 (NotFound)
ErrorCode: ResourceNotFound
Date: 2025-04-17T10:51:14

Headers:
Vary                          : Accept-Encoding
Strict-Transport-Security     : max-age=31536000
request-id                    : 3a9e5d4e-c946-4838-9df5-59218001d64a
client-request-id             : e38888b9-1ffd-486a-ab6c-4dfe77891526
x-ms-ags-diagnostic           : {"ServerInfo":{"DataCenter":"Japan West","Slice":"E","Ring":"3","ScaleUnit":"001","RoleInstance":"OS1PEPF0000AE2D"}}
Date                          : Thu, 17 Apr 2025 10:51:13 GMT


[2025-04-17 19:51:16] [WARNING] ユーザー bid-info10m@mirai-const.co.jp のOneDriveクォータ情報を取得できませんでした: User's mysite not found.

Status: 404 (NotFound)
ErrorCode: ResourceNotFound
Date: 2025-04-17T10:51:16

Headers:
Vary                          : Accept-Encoding
Strict-Transport-Security     : max-age=31536000
request-id                    : 668904b6-329c-4e85-9e0a-f14579f3e037
client-request-id             : 32651f54-bdb3-45c9-8899-9bed682a6ce6
x-ms-ags-diagnostic           : {"ServerInfo":{"DataCenter":"Japan West","Slice":"E","Ring":"3","ScaleUnit":"001","RoleInstance":"OS1PEPF0000AE2D"}}
Date                          : Thu, 17 Apr 2025 10:51:15 GMT


[2025-04-17 19:51:16] [WARNING] ユーザー bid-info09m@mirai-const.co.jp のOneDriveクォータ情報を取得できませんでした: User's mysite not found.

Status: 404 (NotFound)
ErrorCode: ResourceNotFound
Date: 2025-04-17T10:51:16

Headers:
Vary                          : Accept-Encoding
Strict-Transport-Security     : max-age=31536000
request-id                    : 07dab7ee-a541-48e1-84d3-e87a2034b9ea
client-request-id             : f273990c-f57e-49e3-b218-922fcbe4bbda
x-ms-ags-diagnostic           : {"ServerInfo":{"DataCenter":"Japan West","Slice":"E","Ring":"3","ScaleUnit":"001","RoleInstance":"OS1PEPF0000AE2D"}}
Date                          : Thu, 17 Apr 2025 10:51:16 GMT


[2025-04-17 19:51:20] [WARNING] ユーザー hokuriku-rakuraku@mirai-const.co.jp のOneDriveクォータ情報を取得できませんでした: User's mysite not found.

Status: 404 (NotFound)
ErrorCode: ResourceNotFound
Date: 2025-04-17T10:51:20

Headers:
Vary                          : Accept-Encoding
Strict-Transport-Security     : max-age=31536000
request-id                    : 41552a98-dd92-4399-bfa1-bdf97b7c5280
client-request-id             : 7ceaab71-6b28-436a-b236-9f6644feb0ee
x-ms-ags-diagnostic           : {"ServerInfo":{"DataCenter":"Japan West","Slice":"E","Ring":"3","ScaleUnit":"001","RoleInstance":"OS1PEPF0000AE2D"}}
Date                          : Thu, 17 Apr 2025 10:51:19 GMT


[2025-04-17 19:51:22] [WARNING] ユーザー m-ariake@miraiconst.onmicrosoft.com のOneDriveクォータ情報を取得できませんでした: User's mysite not found.

Status: 404 (NotFound)
ErrorCode: ResourceNotFound
Date: 2025-04-17T10:51:22

Headers:
Vary                          : Accept-Encoding
Strict-Transport-Security     : max-age=31536000
request-id                    : e4b93a07-eed5-41fc-970a-749d627939d9
client-request-id             : 6c388d6b-1b6c-47e1-8223-6ade44da29ca
x-ms-ags-diagnostic           : {"ServerInfo":{"DataCenter":"Japan West","Slice":"E","Ring":"3","ScaleUnit":"001","RoleInstance":"OS1PEPF0000AE2D"}}
Date                          : Thu, 17 Apr 2025 10:51:21 GMT


[2025-04-17 19:51:23] [WARNING] ユーザー cim-master14@mirai-const.co.jp のOneDriveクォータ情報を取得できませんでした: User's mysite not found.

Status: 404 (NotFound)
ErrorCode: ResourceNotFound
Date: 2025-04-17T10:51:24

Headers:
Vary                          : Accept-Encoding
Strict-Transport-Security     : max-age=31536000
request-id                    : 4a5b613f-b17c-408b-b9c8-0facdada8beb
client-request-id             : 0f08f521-ec80-412a-86c3-49d7f242eac1
x-ms-ags-diagnostic           : {"ServerInfo":{"DataCenter":"Japan West","Slice":"E","Ring":"3","ScaleUnit":"001","RoleInstance":"OS1PEPF0000AE2D"}}
Date                          : Thu, 17 Apr 2025 10:51:23 GMT


[2025-04-17 19:51:30] [WARNING] ユーザー chubu-rakuraku@mirai-const.co.jp のOneDriveクォータ情報を取得できませんでした: User's mysite not found.

Status: 404 (NotFound)
ErrorCode: ResourceNotFound
Date: 2025-04-17T10:51:30

Headers:
Vary                          : Accept-Encoding
Strict-Transport-Security     : max-age=31536000
request-id                    : 9c5e3f42-c208-4bf7-83c0-93915a37f363
client-request-id             : e93eb8c1-412a-4881-b75e-c57acfa0cecc
x-ms-ags-diagnostic           : {"ServerInfo":{"DataCenter":"Japan West","Slice":"E","Ring":"3","ScaleUnit":"001","RoleInstance":"OS1PEPF0000AE2D"}}
Date                          : Thu, 17 Apr 2025 10:51:29 GMT


[2025-04-17 19:51:35] [WARNING] ユーザー tsubokawa-y92y2_mlit.go.jp#EXT#@miraiconst.onmicrosoft.com のOneDriveクォータ情報を取得できませんでした: User's mysite not found.

Status: 404 (NotFound)
ErrorCode: ResourceNotFound
Date: 2025-04-17T10:51:35

Headers:
Vary                          : Accept-Encoding
Strict-Transport-Security     : max-age=31536000
request-id                    : 72468b93-1a2a-4feb-acf6-0bcb8b477a36
client-request-id             : bf317db1-3f67-4e33-96c3-728334519ad0
x-ms-ags-diagnostic           : {"ServerInfo":{"DataCenter":"Japan West","Slice":"E","Ring":"3","ScaleUnit":"001","RoleInstance":"OS1PEPF000116A6"}}
Date                          : Thu, 17 Apr 2025 10:51:34 GMT


[2025-04-17 19:51:36] [WARNING] ユーザー kyushu-rakuraku@mirai-const.co.jp のOneDriveクォータ情報を取得できませんでした: User's mysite not found.

Status: 404 (NotFound)
ErrorCode: ResourceNotFound
Date: 2025-04-17T10:51:36

Headers:
Vary                          : Accept-Encoding
Strict-Transport-Security     : max-age=31536000
request-id                    : 84cebabf-e80e-449a-9823-ca1c3e847626
client-request-id             : a8ee55ba-4fad-4c91-bee5-ba90e457e89c
x-ms-ags-diagnostic           : {"ServerInfo":{"DataCenter":"Japan West","Slice":"E","Ring":"3","ScaleUnit":"001","RoleInstance":"OS1PEPF000116A6"}}
Date                          : Thu, 17 Apr 2025 10:51:36 GMT


[2025-04-17 19:51:38] [WARNING] ユーザー cim-master01@mirai-const.co.jp のOneDriveクォータ情報を取得できませんでした: User's mysite not found.

Status: 404 (NotFound)
ErrorCode: ResourceNotFound
Date: 2025-04-17T10:51:38

Headers:
Vary                          : Accept-Encoding
Strict-Transport-Security     : max-age=31536000
request-id                    : 9e217e2f-caac-4afc-9519-79b651f1db24
client-request-id             : 9b870c89-de27-4db5-82b1-819b7232a29c
x-ms-ags-diagnostic           : {"ServerInfo":{"DataCenter":"Japan West","Slice":"E","Ring":"3","ScaleUnit":"001","RoleInstance":"OS1PEPF000116A6"}}
Date                          : Thu, 17 Apr 2025 10:51:38 GMT


[2025-04-17 19:51:40] [WARNING] ユーザー cim-master@mirai-const.co.jp のOneDriveクォータ情報を取得できませんでした: User's mysite not found.

Status: 404 (NotFound)
ErrorCode: ResourceNotFound
Date: 2025-04-17T10:51:40

Headers:
Vary                          : Accept-Encoding
Strict-Transport-Security     : max-age=31536000
request-id                    : ee60092e-63f8-4bc5-b353-e6a19ec6d133
client-request-id             : 55c82bf7-bfbe-4f5f-b3e8-817421734f08
x-ms-ags-diagnostic           : {"ServerInfo":{"DataCenter":"Japan West","Slice":"E","Ring":"3","ScaleUnit":"001","RoleInstance":"OS1PEPF000116A6"}}
Date                          : Thu, 17 Apr 2025 10:51:40 GMT


[2025-04-17 19:51:42] [WARNING] ユーザー cim-master07@mirai-const.co.jp のOneDriveクォータ情報を取得できませんでした: User's mysite not found.

Status: 404 (NotFound)
ErrorCode: ResourceNotFound
Date: 2025-04-17T10:51:42

Headers:
Vary                          : Accept-Encoding
Strict-Transport-Security     : max-age=31536000
request-id                    : fdb27c43-1eb5-4978-87cd-04686360cf43
client-request-id             : ab90c690-cbfd-491c-8223-bb7e5b238f2f
x-ms-ags-diagnostic           : {"ServerInfo":{"DataCenter":"Japan West","Slice":"E","Ring":"3","ScaleUnit":"001","RoleInstance":"OS1PEPF000116A6"}}
Date                          : Thu, 17 Apr 2025 10:51:42 GMT


[2025-04-17 19:51:47] [WARNING] ユーザー tohoku-rakuraku@mirai-const.co.jp のOneDriveクォータ情報を取得できませんでした: User's mysite not found.

Status: 404 (NotFound)
ErrorCode: ResourceNotFound
Date: 2025-04-17T10:51:47

Headers:
Vary                          : Accept-Encoding
Strict-Transport-Security     : max-age=31536000
request-id                    : 98b570a2-d461-4235-bfc9-d1a0c1e1a787
client-request-id             : d8b1e45a-2fc5-49ea-b350-ce6c761f4eaf
x-ms-ags-diagnostic           : {"ServerInfo":{"DataCenter":"Japan West","Slice":"E","Ring":"3","ScaleUnit":"001","RoleInstance":"OS1PEPF000116A6"}}
Date                          : Thu, 17 Apr 2025 10:51:47 GMT


[2025-04-17 19:51:48] [WARNING] ユーザー cim-master02@mirai-const.co.jp のOneDriveクォータ情報を取得できませんでした: User's mysite not found.

Status: 404 (NotFound)
ErrorCode: ResourceNotFound
Date: 2025-04-17T10:51:49

Headers:
Vary                          : Accept-Encoding
Strict-Transport-Security     : max-age=31536000
request-id                    : 433f2f0a-ae8a-4552-98ca-484e60f3e1c4
client-request-id             : 1e07a137-24cf-4140-8657-5524819e959c
x-ms-ags-diagnostic           : {"ServerInfo":{"DataCenter":"Japan West","Slice":"E","Ring":"3","ScaleUnit":"001","RoleInstance":"OS1PEPF000116A6"}}
Date                          : Thu, 17 Apr 2025 10:51:48 GMT


[2025-04-17 19:51:49] [WARNING] ユーザー cim-master09@mirai-const.co.jp のOneDriveクォータ情報を取得できませんでした: User's mysite not found.

Status: 404 (NotFound)
ErrorCode: ResourceNotFound
Date: 2025-04-17T10:51:50

Headers:
Vary                          : Accept-Encoding
Strict-Transport-Security     : max-age=31536000
request-id                    : 6b802242-77a6-4fdf-b215-84f79d75b325
client-request-id             : 4c606b14-64fc-4c4f-8f5e-d6f09e291115
x-ms-ags-diagnostic           : {"ServerInfo":{"DataCenter":"Japan West","Slice":"E","Ring":"3","ScaleUnit":"001","RoleInstance":"OS1PEPF000116A6"}}
Date                          : Thu, 17 Apr 2025 10:51:49 GMT


[2025-04-17 19:51:51] [WARNING] ユーザー s-yoshie@mirai-const.co.jp のOneDriveクォータ情報を取得できませんでした: Method invocation failed because [System.Object[]] does not contain a method named 'op_Division'.
[2025-04-17 19:51:53] [WARNING] ユーザー ibaraki-rakuraku@mirai-const.co.jp のOneDriveクォータ情報を取得できませんでした: User's mysite not found.

Status: 404 (NotFound)
ErrorCode: ResourceNotFound
Date: 2025-04-17T10:51:53

Headers:
Vary                          : Accept-Encoding
Strict-Transport-Security     : max-age=31536000
request-id                    : 7e9d2114-18d5-42c7-bba3-80e46abe39d5
client-request-id             : 9b4ab53b-c605-4979-9856-263eda3dae56
x-ms-ags-diagnostic           : {"ServerInfo":{"DataCenter":"Japan West","Slice":"E","Ring":"3","ScaleUnit":"001","RoleInstance":"OS1PEPF000116A6"}}
Date                          : Thu, 17 Apr 2025 10:51:53 GMT


[2025-04-17 19:51:53] [WARNING] ユーザー mksystem-alert@miraiconst.onmicrosoft.com のOneDriveクォータ情報を取得できませんでした: User's mysite not found.

Status: 404 (NotFound)
ErrorCode: ResourceNotFound
Date: 2025-04-17T10:51:54

Headers:
Vary                          : Accept-Encoding
Strict-Transport-Security     : max-age=31536000
request-id                    : 2f65350a-5077-421f-8da9-d651fe6af265
client-request-id             : a3c73206-d740-4ee5-a709-f18eb3b6efbc
x-ms-ags-diagnostic           : {"ServerInfo":{"DataCenter":"Japan West","Slice":"E","Ring":"3","ScaleUnit":"001","RoleInstance":"OS1PEPF000116A6"}}
Date                          : Thu, 17 Apr 2025 10:51:53 GMT


[2025-04-17 19:51:55] [WARNING] ユーザー honsya2-2@miraiconst.onmicrosoft.com のOneDriveクォータ情報を取得できませんでした: User's mysite not found.

Status: 404 (NotFound)
ErrorCode: ResourceNotFound
Date: 2025-04-17T10:51:55

Headers:
Vary                          : Accept-Encoding
Strict-Transport-Security     : max-age=31536000
request-id                    : 6a2e2211-b7b0-4ef9-ad9f-813b7bf4c84e
client-request-id             : bdbebc41-84f0-4975-8cd2-e13baf79bc5b
x-ms-ags-diagnostic           : {"ServerInfo":{"DataCenter":"Japan West","Slice":"E","Ring":"3","ScaleUnit":"001","RoleInstance":"OS1PEPF000116A6"}}
Date                          : Thu, 17 Apr 2025 10:51:55 GMT


[2025-04-17 19:51:59] [WARNING] ユーザー m-maruta@mirai-const.co.jp のOneDriveクォータ情報を取得できませんでした: User's mysite not found.

Status: 404 (NotFound)
ErrorCode: ResourceNotFound
Date: 2025-04-17T10:51:59

Headers:
Vary                          : Accept-Encoding
Strict-Transport-Security     : max-age=31536000
request-id                    : 02aa8384-d7b3-49c8-b2c6-2d97bb34ee63
client-request-id             : 8edd5f86-9164-4673-ad0f-d963da5266de
x-ms-ags-diagnostic           : {"ServerInfo":{"DataCenter":"Japan West","Slice":"E","Ring":"3","ScaleUnit":"001","RoleInstance":"OS1PEPF000116A6"}}
Date                          : Thu, 17 Apr 2025 10:51:58 GMT


[2025-04-17 19:52:01] [WARNING] ユーザー netis@miraiconst.onmicrosoft.com のOneDriveクォータ情報を取得できませんでした: User's mysite not found.

Status: 404 (NotFound)
ErrorCode: ResourceNotFound
Date: 2025-04-17T10:52:01

Headers:
Vary                          : Accept-Encoding
Strict-Transport-Security     : max-age=31536000
request-id                    : a62237f7-2f38-44d1-9e83-2fac3d4834eb
client-request-id             : ba4e393a-712c-40b9-8f9c-c10f0d292fdf
x-ms-ags-diagnostic           : {"ServerInfo":{"DataCenter":"Japan West","Slice":"E","Ring":"3","ScaleUnit":"001","RoleInstance":"OS1PEPF000116A6"}}
Date                          : Thu, 17 Apr 2025 10:52:00 GMT


[2025-04-17 19:52:02] [WARNING] ユーザー sh-ishihara-old@miraiconst.onmicrosoft.com のOneDriveクォータ情報を取得できませんでした: User's mysite not found.

Status: 404 (NotFound)
ErrorCode: ResourceNotFound
Date: 2025-04-17T10:52:03

Headers:
Vary                          : Accept-Encoding
Strict-Transport-Security     : max-age=31536000
request-id                    : 3e0fab18-ee48-45cf-bfc2-8baac8652a6a
client-request-id             : 511e83de-bbfb-4b87-a088-e59df2281010
x-ms-ags-diagnostic           : {"ServerInfo":{"DataCenter":"Japan West","Slice":"E","Ring":"3","ScaleUnit":"001","RoleInstance":"OS1PEPF000116A6"}}
Date                          : Thu, 17 Apr 2025 10:52:02 GMT


[2025-04-17 19:52:04] [WARNING] ユーザー y-ueno@mirai-const.co.jp のOneDriveクォータ情報を取得できませんでした: User's mysite not found.

Status: 404 (NotFound)
ErrorCode: ResourceNotFound
Date: 2025-04-17T10:52:04

Headers:
Vary                          : Accept-Encoding
Strict-Transport-Security     : max-age=31536000
request-id                    : c9252209-1269-4651-841d-8d9b52d6c032
client-request-id             : e604fe7d-01b9-446e-8d1f-b290ecfcbf36
x-ms-ags-diagnostic           : {"ServerInfo":{"DataCenter":"Japan West","Slice":"E","Ring":"3","ScaleUnit":"001","RoleInstance":"OS1PEPF000116A6"}}
Date                          : Thu, 17 Apr 2025 10:52:03 GMT


[2025-04-17 19:52:05] [WARNING] ユーザー osaka-rakuraku@mirai-const.co.jp のOneDriveクォータ情報を取得できませんでした: User's mysite not found.

Status: 404 (NotFound)
ErrorCode: ResourceNotFound
Date: 2025-04-17T10:52:05

Headers:
Vary                          : Accept-Encoding
Strict-Transport-Security     : max-age=31536000
request-id                    : b8b79e10-484d-4ea6-8f8a-d9d4c385faf2
client-request-id             : 9dd8e9ec-1b1c-4b77-9cc4-2a40007b0e89
x-ms-ags-diagnostic           : {"ServerInfo":{"DataCenter":"Japan West","Slice":"E","Ring":"3","ScaleUnit":"001","RoleInstance":"OS1PEPF000116A6"}}
Date                          : Thu, 17 Apr 2025 10:52:04 GMT


[2025-04-17 19:52:05] [WARNING] ユーザー apple-id@miraiconst.onmicrosoft.com のOneDriveクォータ情報を取得できませんでした: User's mysite not found.

Status: 404 (NotFound)
ErrorCode: ResourceNotFound
Date: 2025-04-17T10:52:05

Headers:
Vary                          : Accept-Encoding
Strict-Transport-Security     : max-age=31536000
request-id                    : 33a14955-3012-4339-8e5f-09abb27e750d
client-request-id             : 8ae86767-8717-4cba-906b-e80bb5851504
x-ms-ags-diagnostic           : {"ServerInfo":{"DataCenter":"Japan West","Slice":"E","Ring":"3","ScaleUnit":"001","RoleInstance":"OS1PEPF000116A6"}}
Date                          : Thu, 17 Apr 2025 10:52:04 GMT


[2025-04-17 19:52:05] [WARNING] ユーザー okinawa@miraiconst.onmicrosoft.com のOneDriveクォータ情報を取得できませんでした: User's mysite not found.

Status: 404 (NotFound)
ErrorCode: ResourceNotFound
Date: 2025-04-17T10:52:05

Headers:
Vary                          : Accept-Encoding
Strict-Transport-Security     : max-age=31536000
request-id                    : cd2b823f-217a-401f-a3c3-32defece441c
client-request-id             : f8d28dc8-7eec-4614-a525-5260126a3b5e
x-ms-ags-diagnostic           : {"ServerInfo":{"DataCenter":"Japan West","Slice":"E","Ring":"3","ScaleUnit":"001","RoleInstance":"OS1PEPF000116A6"}}
Date                          : Thu, 17 Apr 2025 10:52:05 GMT


[2025-04-17 19:52:10] [WARNING] ユーザー ki-fujita_mitsuifudosan.co.jp#EXT#@miraiconst.onmicrosoft.com のOneDriveクォータ情報を取得できませんでした: User's mysite not found.

Status: 404 (NotFound)
ErrorCode: ResourceNotFound
Date: 2025-04-17T10:52:11

Headers:
Vary                          : Accept-Encoding
Strict-Transport-Security     : max-age=31536000
request-id                    : c5928294-a15d-4c54-a46f-e5cfa6e51839
client-request-id             : 4d9fe3a3-5e39-44e2-bd51-6941ba708812
x-ms-ags-diagnostic           : {"ServerInfo":{"DataCenter":"Japan West","Slice":"E","Ring":"3","ScaleUnit":"001","RoleInstance":"OS1PEPF000116A6"}}
Date                          : Thu, 17 Apr 2025 10:52:10 GMT


[2025-04-17 19:52:12] [WARNING] ユーザー shikoku-rakuraku@mirai-const.co.jp のOneDriveクォータ情報を取得できませんでした: User's mysite not found.

Status: 404 (NotFound)
ErrorCode: ResourceNotFound
Date: 2025-04-17T10:52:12

Headers:
Vary                          : Accept-Encoding
Strict-Transport-Security     : max-age=31536000
request-id                    : e2885875-1588-4ab1-b6c8-b773fabbd3e9
client-request-id             : 787c3923-86aa-44f0-85e4-fe5754964cef
x-ms-ags-diagnostic           : {"ServerInfo":{"DataCenter":"Japan West","Slice":"E","Ring":"3","ScaleUnit":"001","RoleInstance":"OS1PEPF000116A6"}}
Date                          : Thu, 17 Apr 2025 10:52:11 GMT


[2025-04-17 19:52:12] [WARNING] ユーザー kanri-tokyo@mirai-const.co.jp のOneDriveクォータ情報を取得できませんでした: User's mysite not found.

Status: 404 (NotFound)
ErrorCode: ResourceNotFound
Date: 2025-04-17T10:52:13

Headers:
Vary                          : Accept-Encoding
Strict-Transport-Security     : max-age=31536000
request-id                    : 31e653d6-64e9-4390-b740-63146fc5df86
client-request-id             : 04d5c775-b67d-46dc-97ee-2e5f5ced36d9
x-ms-ags-diagnostic           : {"ServerInfo":{"DataCenter":"Japan West","Slice":"E","Ring":"3","ScaleUnit":"001","RoleInstance":"OS1PEPF000116A6"}}
Date                          : Thu, 17 Apr 2025 10:52:12 GMT


[2025-04-17 19:52:15] [WARNING] ユーザー bid-info05m@mirai-const.co.jp のOneDriveクォータ情報を取得できませんでした: User's mysite not found.

Status: 404 (NotFound)
ErrorCode: ResourceNotFound
Date: 2025-04-17T10:52:15

Headers:
Vary                          : Accept-Encoding
Strict-Transport-Security     : max-age=31536000
request-id                    : a47cc1a8-2d4b-44b3-8130-0abe7280736c
client-request-id             : de47247a-a76b-4621-911a-c31bcca53f5e
x-ms-ags-diagnostic           : {"ServerInfo":{"DataCenter":"Japan West","Slice":"E","Ring":"3","ScaleUnit":"001","RoleInstance":"OS1PEPF000116A6"}}
Date                          : Thu, 17 Apr 2025 10:52:14 GMT


[2025-04-17 19:52:16] [WARNING] ユーザー cim-master12@mirai-const.co.jp のOneDriveクォータ情報を取得できませんでした: User's mysite not found.

Status: 404 (NotFound)
ErrorCode: ResourceNotFound
Date: 2025-04-17T10:52:16

Headers:
Vary                          : Accept-Encoding
Strict-Transport-Security     : max-age=31536000
request-id                    : fc6ad687-b260-49e1-9722-84121b930826
client-request-id             : 79e88fe9-42fb-4aed-9fbe-96f0fee5057e
x-ms-ags-diagnostic           : {"ServerInfo":{"DataCenter":"Japan West","Slice":"E","Ring":"3","ScaleUnit":"001","RoleInstance":"OS1PEPF000116A6"}}
Date                          : Thu, 17 Apr 2025 10:52:15 GMT


[2025-04-17 19:52:18] [WARNING] ユーザー m-chugoku@miraiconst.onmicrosoft.com のOneDriveクォータ情報を取得できませんでした: User's mysite not found.

Status: 404 (NotFound)
ErrorCode: ResourceNotFound
Date: 2025-04-17T10:52:17

Headers:
Vary                          : Accept-Encoding
Strict-Transport-Security     : max-age=31536000
request-id                    : a869cff8-52ef-401e-931e-89901543984a
client-request-id             : 9d3e15b8-8de2-4ccc-802e-94c8931144cd
x-ms-ags-diagnostic           : {"ServerInfo":{"DataCenter":"Japan West","Slice":"E","Ring":"3","ScaleUnit":"001","RoleInstance":"OS1PEPF000116A6"}}
Date                          : Thu, 17 Apr 2025 10:52:16 GMT


[2025-04-17 19:52:18] [WARNING] ユーザー mirai-zoom@miraiconst.onmicrosoft.com のOneDriveクォータ情報を取得できませんでした: User's mysite not found.

Status: 404 (NotFound)
ErrorCode: ResourceNotFound
Date: 2025-04-17T10:52:18

Headers:
Vary                          : Accept-Encoding
Strict-Transport-Security     : max-age=31536000
request-id                    : 46fb1e57-a1c4-4b8f-8170-5f64fc7f7260
client-request-id             : 79e287ad-1a9b-47c0-b8a5-f89774d7c5cb
x-ms-ags-diagnostic           : {"ServerInfo":{"DataCenter":"Japan West","Slice":"E","Ring":"3","ScaleUnit":"001","RoleInstance":"OS1PEPF000116A6"}}
Date                          : Thu, 17 Apr 2025 10:52:17 GMT


[2025-04-17 19:52:20] [WARNING] ユーザー cim-master11@mirai-const.co.jp のOneDriveクォータ情報を取得できませんでした: User's mysite not found.

Status: 404 (NotFound)
ErrorCode: ResourceNotFound
Date: 2025-04-17T10:52:20

Headers:
Vary                          : Accept-Encoding
Strict-Transport-Security     : max-age=31536000
request-id                    : 3008851c-c40a-4cd0-a68e-234009893b07
client-request-id             : a7bb020b-395d-4d2e-bb5a-36f505c8355f
x-ms-ags-diagnostic           : {"ServerInfo":{"DataCenter":"Japan West","Slice":"E","Ring":"3","ScaleUnit":"001","RoleInstance":"OS1PEPF000116A6"}}
Date                          : Thu, 17 Apr 2025 10:52:20 GMT


[2025-04-17 19:52:24] [WARNING] ユーザー compliance-hotline@miraiconst.onmicrosoft.com のOneDriveクォータ情報を取得できませんでした: User's mysite not found.

Status: 404 (NotFound)
ErrorCode: ResourceNotFound
Date: 2025-04-17T10:52:24

Headers:
Vary                          : Accept-Encoding
Strict-Transport-Security     : max-age=31536000
request-id                    : 6144c704-d034-4c51-b9f6-7067e68f5928
client-request-id             : 975da198-5e96-47d6-b10a-03f4fb8ba057
x-ms-ags-diagnostic           : {"ServerInfo":{"DataCenter":"Japan West","Slice":"E","Ring":"3","ScaleUnit":"001","RoleInstance":"OS1PEPF000116A6"}}
Date                          : Thu, 17 Apr 2025 10:52:23 GMT


[2025-04-17 19:52:24] [WARNING] ユーザー takuro.kumada_aaconst.co.jp#EXT#@miraiconst.onmicrosoft.com のOneDriveクォータ情報を取得できませんでした: User's mysite not found.

Status: 404 (NotFound)
ErrorCode: ResourceNotFound
Date: 2025-04-17T10:52:24

Headers:
Vary                          : Accept-Encoding
Strict-Transport-Security     : max-age=31536000
request-id                    : 2d72a6b6-23b2-4811-84a4-9756f64a5571
client-request-id             : a28d55d8-197a-4c3b-b3b9-7373feab1261
x-ms-ags-diagnostic           : {"ServerInfo":{"DataCenter":"Japan West","Slice":"E","Ring":"3","ScaleUnit":"001","RoleInstance":"OS1PEPF000116A6"}}
Date                          : Thu, 17 Apr 2025 10:52:23 GMT


[2025-04-17 19:52:27] [WARNING] ユーザー chiba-rakuraku@mirai-const.co.jp のOneDriveクォータ情報を取得できませんでした: User's mysite not found.

Status: 404 (NotFound)
ErrorCode: ResourceNotFound
Date: 2025-04-17T10:52:27

Headers:
Vary                          : Accept-Encoding
Strict-Transport-Security     : max-age=31536000
request-id                    : 9ba064db-400f-4b04-bc3e-45bfec00322e
client-request-id             : 861928f1-7fb4-4886-a63c-2303c87ab9cd
x-ms-ags-diagnostic           : {"ServerInfo":{"DataCenter":"Japan West","Slice":"E","Ring":"3","ScaleUnit":"001","RoleInstance":"OS1PEPF000116A6"}}
Date                          : Thu, 17 Apr 2025 10:52:26 GMT


[2025-04-17 19:52:28] [WARNING] ユーザー h_kawamura_cdit.or.jp#EXT#@miraiconst.onmicrosoft.com のOneDriveクォータ情報を取得できませんでした: User's mysite not found.

Status: 404 (NotFound)
ErrorCode: ResourceNotFound
Date: 2025-04-17T10:52:28

Headers:
Vary                          : Accept-Encoding
Strict-Transport-Security     : max-age=31536000
request-id                    : 204555af-9464-4368-8c76-9ca9379fde90
client-request-id             : 061a1f47-d97a-42b9-88b9-3d81d72d8a14
x-ms-ags-diagnostic           : {"ServerInfo":{"DataCenter":"Japan West","Slice":"E","Ring":"3","ScaleUnit":"001","RoleInstance":"OS1PEPF000116A6"}}
Date                          : Thu, 17 Apr 2025 10:52:27 GMT


[2025-04-17 19:52:29] [WARNING] ユーザー y-kamei@mirai-const.co.jp のOneDriveクォータ情報を取得できませんでした: Method invocation failed because [System.Object[]] does not contain a method named 'op_Division'.
[2025-04-17 19:52:29] [WARNING] ユーザー bid-info03m@mirai-const.co.jp のOneDriveクォータ情報を取得できませんでした: User's mysite not found.

Status: 404 (NotFound)
ErrorCode: ResourceNotFound
Date: 2025-04-17T10:52:29

Headers:
Vary                          : Accept-Encoding
Strict-Transport-Security     : max-age=31536000
request-id                    : 53d97007-a43c-4bf9-8a67-4e415202a61e
client-request-id             : dac4568c-6ba2-4684-8190-58e7de60a1f1
x-ms-ags-diagnostic           : {"ServerInfo":{"DataCenter":"Japan West","Slice":"E","Ring":"3","ScaleUnit":"001","RoleInstance":"OS1PEPF000116A6"}}
Date                          : Thu, 17 Apr 2025 10:52:28 GMT


[2025-04-17 19:52:31] [WARNING] ユーザー hokkaido-rakuraku@mirai-const.co.jp のOneDriveクォータ情報を取得できませんでした: User's mysite not found.

Status: 404 (NotFound)
ErrorCode: ResourceNotFound
Date: 2025-04-17T10:52:31

Headers:
Vary                          : Accept-Encoding
Strict-Transport-Security     : max-age=31536000
request-id                    : 8857e7a2-8c5b-4708-b718-d1b635d156c3
client-request-id             : b4770054-23ad-448c-9c93-0e4d014a8e11
x-ms-ags-diagnostic           : {"ServerInfo":{"DataCenter":"Japan West","Slice":"E","Ring":"3","ScaleUnit":"001","RoleInstance":"OS1PEPF000116A6"}}
Date                          : Thu, 17 Apr 2025 10:52:30 GMT


[2025-04-17 19:52:31] [WARNING] ユーザー hp-kanri@miraiconst.onmicrosoft.com のOneDriveクォータ情報を取得できませんでした: User's mysite not found.

Status: 404 (NotFound)
ErrorCode: ResourceNotFound
Date: 2025-04-17T10:52:31

Headers:
Vary                          : Accept-Encoding
Strict-Transport-Security     : max-age=31536000
request-id                    : f6126aec-8890-47e4-89a3-56ab3476ee22
client-request-id             : 5202a666-419f-4f43-8197-b2b57af1a2cd
x-ms-ags-diagnostic           : {"ServerInfo":{"DataCenter":"Japan West","Slice":"E","Ring":"3","ScaleUnit":"001","RoleInstance":"OS1PEPF000116A6"}}
Date                          : Thu, 17 Apr 2025 10:52:30 GMT


[2025-04-17 19:52:35] [WARNING] ユーザー e-watanabe@miraiconst.onmicrosoft.com のOneDriveクォータ情報を取得できませんでした: User's mysite not found.

Status: 404 (NotFound)
ErrorCode: ResourceNotFound
Date: 2025-04-17T10:52:36

Headers:
Vary                          : Accept-Encoding
Strict-Transport-Security     : max-age=31536000
request-id                    : 4e9050a2-9255-411f-aa33-aa47ea142743
client-request-id             : 400471c1-7f0e-454b-960f-966b427d99e9
x-ms-ags-diagnostic           : {"ServerInfo":{"DataCenter":"Japan West","Slice":"E","Ring":"3","ScaleUnit":"001","RoleInstance":"OS1PEPF00006C3D"}}
Date                          : Thu, 17 Apr 2025 10:52:35 GMT


[2025-04-17 19:52:37] [WARNING] ユーザー n-sunako@mirai-const.co.jp のOneDriveクォータ情報を取得できませんでした: Method invocation failed because [System.Object[]] does not contain a method named 'op_Division'.
[2025-04-17 19:52:38] [INFO] ユーザー n-sunako@mirai-const.co.jp のroleTemplateId: 69091246-20e8-4a56-aa4d-066075b2a7a8
[2025-04-17 19:52:38] [INFO] ユーザー n-sunako@mirai-const.co.jp は管理者ロール: 69091246-20e8-4a56-aa4d-066075b2a7a8
[2025-04-17 19:52:38] [WARNING] ユーザー yamasaki-s89fa_mlit.go.jp#EXT#@miraiconst.onmicrosoft.com のOneDriveクォータ情報を取得できませんでした: User's mysite not found.

Status: 404 (NotFound)
ErrorCode: ResourceNotFound
Date: 2025-04-17T10:52:39

Headers:
Vary                          : Accept-Encoding
Strict-Transport-Security     : max-age=31536000
request-id                    : 891b38dd-68fb-45fb-8616-f40532280886
client-request-id             : bee28d88-95d9-45eb-8546-2c8241d3783e
x-ms-ags-diagnostic           : {"ServerInfo":{"DataCenter":"Japan West","Slice":"E","Ring":"3","ScaleUnit":"001","RoleInstance":"OS1PEPF00006C3D"}}
Date                          : Thu, 17 Apr 2025 10:52:38 GMT


[2025-04-17 19:52:40] [WARNING] ユーザー mail-info@miraiconst.onmicrosoft.com のOneDriveクォータ情報を取得できませんでした: User's mysite not found.

Status: 404 (NotFound)
ErrorCode: ResourceNotFound
Date: 2025-04-17T10:52:40

Headers:
Vary                          : Accept-Encoding
Strict-Transport-Security     : max-age=31536000
request-id                    : b5e0e226-974e-4607-a77d-c4b517ca16e5
client-request-id             : e4cc0313-c198-4999-9986-b24a16a906cc
x-ms-ags-diagnostic           : {"ServerInfo":{"DataCenter":"Japan West","Slice":"E","Ring":"3","ScaleUnit":"001","RoleInstance":"OS1PEPF00006C3D"}}
Date                          : Thu, 17 Apr 2025 10:52:40 GMT


[2025-04-17 19:52:41] [WARNING] ユーザー k-tomioka@mirai-const.co.jp のOneDriveクォータ情報を取得できませんでした: Method invocation failed because [System.Object[]] does not contain a method named 'op_Division'.
[2025-04-17 19:52:43] [WARNING] ユーザー bid-info07m@mirai-const.co.jp のOneDriveクォータ情報を取得できませんでした: User's mysite not found.

Status: 404 (NotFound)
ErrorCode: ResourceNotFound
Date: 2025-04-17T10:52:43

Headers:
Vary                          : Accept-Encoding
Strict-Transport-Security     : max-age=31536000
request-id                    : 5765bac9-13a0-48b0-ac91-01488bf07b18
client-request-id             : d2663bfb-d177-4da0-92e7-751073f5e633
x-ms-ags-diagnostic           : {"ServerInfo":{"DataCenter":"Japan West","Slice":"E","Ring":"3","ScaleUnit":"001","RoleInstance":"OS1PEPF00006C3D"}}
Date                          : Thu, 17 Apr 2025 10:52:42 GMT


[2025-04-17 19:52:45] [WARNING] ユーザー cim-master08@mirai-const.co.jp のOneDriveクォータ情報を取得できませんでした: User's mysite not found.

Status: 404 (NotFound)
ErrorCode: ResourceNotFound
Date: 2025-04-17T10:52:46

Headers:
Vary                          : Accept-Encoding
Strict-Transport-Security     : max-age=31536000
request-id                    : 8f8a86ed-3793-4914-b4e9-497e01e9d6d1
client-request-id             : b6190978-48bf-4da7-b420-c4f84cbd50b8
x-ms-ags-diagnostic           : {"ServerInfo":{"DataCenter":"Japan West","Slice":"E","Ring":"3","ScaleUnit":"001","RoleInstance":"OS1PEPF00006C3D"}}
Date                          : Thu, 17 Apr 2025 10:52:45 GMT


[2025-04-17 19:52:47] [WARNING] ユーザー y-tsuzuki@mirai-const.co.jp のOneDriveクォータ情報を取得できませんでした: User's mysite not found.

Status: 404 (NotFound)
ErrorCode: ResourceNotFound
Date: 2025-04-17T10:52:47

Headers:
Vary                          : Accept-Encoding
Strict-Transport-Security     : max-age=31536000
request-id                    : 67beb0fe-cfd6-495b-b363-fc129769c7b6
client-request-id             : c4919a74-8604-4a3e-b9c5-eff022890dfc
x-ms-ags-diagnostic           : {"ServerInfo":{"DataCenter":"Japan West","Slice":"E","Ring":"3","ScaleUnit":"001","RoleInstance":"OS1PEPF00006C3D"}}
Date                          : Thu, 17 Apr 2025 10:52:46 GMT


[2025-04-17 19:52:47] [WARNING] ユーザー m-info@miraiconst.onmicrosoft.com のOneDriveクォータ情報を取得できませんでした: User's mysite not found.

Status: 404 (NotFound)
ErrorCode: ResourceNotFound
Date: 2025-04-17T10:52:47

Headers:
Vary                          : Accept-Encoding
Strict-Transport-Security     : max-age=31536000
request-id                    : 60315786-3908-4eae-bc19-6bf8136d60cd
client-request-id             : 85ce6e6a-c0d8-43ad-a85e-da11439df658
x-ms-ags-diagnostic           : {"ServerInfo":{"DataCenter":"Japan West","Slice":"E","Ring":"3","ScaleUnit":"001","RoleInstance":"OS1PEPF00006C3D"}}
Date                          : Thu, 17 Apr 2025 10:52:47 GMT


[2025-04-17 19:52:48] [WARNING] ユーザー hokkaido@miraiconst.onmicrosoft.com のOneDriveクォータ情報を取得できませんでした: User's mysite not found.

Status: 404 (NotFound)
ErrorCode: ResourceNotFound
Date: 2025-04-17T10:52:49

Headers:
Vary                          : Accept-Encoding
Strict-Transport-Security     : max-age=31536000
request-id                    : 8198c50a-815f-48b8-8675-5bcb50b43a88
client-request-id             : 2cbf4064-a5d2-42a3-9994-2179f6b33709
x-ms-ags-diagnostic           : {"ServerInfo":{"DataCenter":"Japan West","Slice":"E","Ring":"3","ScaleUnit":"001","RoleInstance":"OS1PEPF00006C3D"}}
Date                          : Thu, 17 Apr 2025 10:52:48 GMT


[2025-04-17 19:52:49] [WARNING] ユーザー yokohama-rakuraku@mirai-const.co.jp のOneDriveクォータ情報を取得できませんでした: User's mysite not found.

Status: 404 (NotFound)
ErrorCode: ResourceNotFound
Date: 2025-04-17T10:52:49

Headers:
Vary                          : Accept-Encoding
Strict-Transport-Security     : max-age=31536000
request-id                    : 037bc412-2b42-4b16-900a-bd4d937df6d5
client-request-id             : 53898f02-c026-450c-bd15-926276e25313
x-ms-ags-diagnostic           : {"ServerInfo":{"DataCenter":"Japan West","Slice":"E","Ring":"3","ScaleUnit":"001","RoleInstance":"OS1PEPF00006C3D"}}
Date                          : Thu, 17 Apr 2025 10:52:48 GMT


[2025-04-17 19:52:50] [WARNING] ユーザー keieikikaku@miraiconst.onmicrosoft.com のOneDriveクォータ情報を取得できませんでした: User's mysite not found.

Status: 404 (NotFound)
ErrorCode: ResourceNotFound
Date: 2025-04-17T10:52:50

Headers:
Vary                          : Accept-Encoding
Strict-Transport-Security     : max-age=31536000
request-id                    : a6f8e6c8-1e3e-4326-b3e5-ed780a38f622
client-request-id             : 423e70e6-e19f-44e9-bda9-8ba1bae0cd46
x-ms-ags-diagnostic           : {"ServerInfo":{"DataCenter":"Japan West","Slice":"E","Ring":"3","ScaleUnit":"001","RoleInstance":"OS1PEPF00006C3D"}}
Date                          : Thu, 17 Apr 2025 10:52:49 GMT


[2025-04-17 19:52:51] [WARNING] ユーザー bid-info11m@mirai-const.co.jp のOneDriveクォータ情報を取得できませんでした: User's mysite not found.

Status: 404 (NotFound)
ErrorCode: ResourceNotFound
Date: 2025-04-17T10:52:51

Headers:
Vary                          : Accept-Encoding
Strict-Transport-Security     : max-age=31536000
request-id                    : beaaafa8-5269-4313-a062-8f436b5ba07a
client-request-id             : 4b882d04-518c-4283-88a3-b199eea8c8f4
x-ms-ags-diagnostic           : {"ServerInfo":{"DataCenter":"Japan West","Slice":"E","Ring":"3","ScaleUnit":"001","RoleInstance":"OS1PEPF00006C3D"}}
Date                          : Thu, 17 Apr 2025 10:52:51 GMT


[2025-04-17 19:52:52] [WARNING] ユーザー bid-info08m@mirai-const.co.jp のOneDriveクォータ情報を取得できませんでした: User's mysite not found.

Status: 404 (NotFound)
ErrorCode: ResourceNotFound
Date: 2025-04-17T10:52:52

Headers:
Vary                          : Accept-Encoding
Strict-Transport-Security     : max-age=31536000
request-id                    : d3f4b455-525d-4048-8253-3b644dcf2def
client-request-id             : 3bede61b-be2f-49e3-9eef-18f04630b8a6
x-ms-ags-diagnostic           : {"ServerInfo":{"DataCenter":"Japan West","Slice":"E","Ring":"3","ScaleUnit":"001","RoleInstance":"OS1PEPF00006C3D"}}
Date                          : Thu, 17 Apr 2025 10:52:51 GMT


[2025-04-17 19:52:53] [WARNING] ユーザー cim-master16@mirai-const.co.jp のOneDriveクォータ情報を取得できませんでした: User's mysite not found.

Status: 404 (NotFound)
ErrorCode: ResourceNotFound
Date: 2025-04-17T10:52:53

Headers:
Vary                          : Accept-Encoding
Strict-Transport-Security     : max-age=31536000
request-id                    : 712c9e9f-19fb-4f93-8294-fb35f8de76db
client-request-id             : 7985857c-5b3f-4288-9dae-fc779a136946
x-ms-ags-diagnostic           : {"ServerInfo":{"DataCenter":"Japan West","Slice":"E","Ring":"3","ScaleUnit":"001","RoleInstance":"OS1PEPF00006C3D"}}
Date                          : Thu, 17 Apr 2025 10:52:52 GMT


[2025-04-17 19:52:54] [WARNING] ユーザー cim-master06@mirai-const.co.jp のOneDriveクォータ情報を取得できませんでした: User's mysite not found.

Status: 404 (NotFound)
ErrorCode: ResourceNotFound
Date: 2025-04-17T10:52:54

Headers:
Vary                          : Accept-Encoding
Strict-Transport-Security     : max-age=31536000
request-id                    : 13585b60-d419-4610-aaf2-62b98d2d406d
client-request-id             : 35796c42-3f47-4d24-8d94-763f2aaf3f30
x-ms-ags-diagnostic           : {"ServerInfo":{"DataCenter":"Japan West","Slice":"E","Ring":"3","ScaleUnit":"001","RoleInstance":"OS1PEPF00006C3D"}}
Date                          : Thu, 17 Apr 2025 10:52:53 GMT


[2025-04-17 19:52:55] [WARNING] ユーザー S.Nagano_otsuka-shokai.co.jp#EXT#@miraiconst.onmicrosoft.com のOneDriveクォータ情報を取得できませんでした: User's mysite not found.

Status: 404 (NotFound)
ErrorCode: ResourceNotFound
Date: 2025-04-17T10:52:56

Headers:
Vary                          : Accept-Encoding
Strict-Transport-Security     : max-age=31536000
request-id                    : 2dc54b1e-91cd-4906-820b-4152fad6b38c
client-request-id             : 635e5fd8-7bae-4ff9-b3c6-a1b90b00ee5b
x-ms-ags-diagnostic           : {"ServerInfo":{"DataCenter":"Japan West","Slice":"E","Ring":"3","ScaleUnit":"001","RoleInstance":"OS1PEPF00006C3D"}}
Date                          : Thu, 17 Apr 2025 10:52:55 GMT


[2025-04-17 19:52:56] [WARNING] ユーザー k-sugimoto@miraiconst.onmicrosoft.com のOneDriveクォータ情報を取得できませんでした: User's mysite not found.

Status: 404 (NotFound)
ErrorCode: ResourceNotFound
Date: 2025-04-17T10:52:56

Headers:
Vary                          : Accept-Encoding
Strict-Transport-Security     : max-age=31536000
request-id                    : 99db5ff6-3cf2-4411-beac-729ec2db441e
client-request-id             : 47df465f-7bf1-4514-82e3-d2454094eb33
x-ms-ags-diagnostic           : {"ServerInfo":{"DataCenter":"Japan West","Slice":"E","Ring":"3","ScaleUnit":"001","RoleInstance":"OS1PEPF00006C3D"}}
Date                          : Thu, 17 Apr 2025 10:52:56 GMT


[2025-04-17 19:52:56] [WARNING] ユーザー kita-kyushu@miraiconst.onmicrosoft.com のOneDriveクォータ情報を取得できませんでした: User's mysite not found.

Status: 404 (NotFound)
ErrorCode: ResourceNotFound
Date: 2025-04-17T10:52:57

Headers:
Vary                          : Accept-Encoding
Strict-Transport-Security     : max-age=31536000
request-id                    : 186aa996-17a4-4433-93c2-57541cccba54
client-request-id             : 7dc44760-6ec3-4765-8989-b267dc899860
x-ms-ags-diagnostic           : {"ServerInfo":{"DataCenter":"Japan West","Slice":"E","Ring":"3","ScaleUnit":"001","RoleInstance":"OS1PEPF00006C3D"}}
Date                          : Thu, 17 Apr 2025 10:52:56 GMT


[2025-04-17 19:52:58] [WARNING] ユーザー bid-info@mirai-const.co.jp のOneDriveクォータ情報を取得できませんでした: User's mysite not found.

Status: 404 (NotFound)
ErrorCode: ResourceNotFound
Date: 2025-04-17T10:52:58

Headers:
Vary                          : Accept-Encoding
Strict-Transport-Security     : max-age=31536000
request-id                    : cc9abbce-31f0-46b4-ac42-cdcf88d97637
client-request-id             : ad670217-714d-4697-9dea-bf7b5e11d618
x-ms-ags-diagnostic           : {"ServerInfo":{"DataCenter":"Japan West","Slice":"E","Ring":"3","ScaleUnit":"001","RoleInstance":"OS1PEPF00006C3D"}}
Date                          : Thu, 17 Apr 2025 10:52:57 GMT


[2025-04-17 19:52:58] [WARNING] ユーザー bid-info01m@mirai-const.co.jp のOneDriveクォータ情報を取得できませんでした: User's mysite not found.

Status: 404 (NotFound)
ErrorCode: ResourceNotFound
Date: 2025-04-17T10:52:58

Headers:
Vary                          : Accept-Encoding
Strict-Transport-Security     : max-age=31536000
request-id                    : 570aeca3-5b37-4c9a-9df3-fdafdf095198
client-request-id             : ccb50a40-860e-41ea-945a-d434f4176ff1
x-ms-ags-diagnostic           : {"ServerInfo":{"DataCenter":"Japan West","Slice":"E","Ring":"3","ScaleUnit":"001","RoleInstance":"OS1PEPF00006C3D"}}
Date                          : Thu, 17 Apr 2025 10:52:58 GMT


[2025-04-17 19:52:59] [INFO] ユーザー r-niikura@mirai-const.co.jp のroleTemplateId: 62e90394-69f5-4237-9190-012177145e10
[2025-04-17 19:52:59] [INFO] ユーザー r-niikura@mirai-const.co.jp は管理者ロール: 62e90394-69f5-4237-9190-012177145e10
[2025-04-17 19:52:59] [WARNING] ユーザー zaimu@mirai-const.co.jp のOneDriveクォータ情報を取得できませんでした: User's mysite not found.

Status: 404 (NotFound)
ErrorCode: ResourceNotFound
Date: 2025-04-17T10:52:59

Headers:
Vary                          : Accept-Encoding
Strict-Transport-Security     : max-age=31536000
request-id                    : 5b37382c-0ba6-46c9-a493-4cb12837bdf7
client-request-id             : 5084c9bd-6690-412c-8978-4ad91710fd26
x-ms-ags-diagnostic           : {"ServerInfo":{"DataCenter":"Japan West","Slice":"E","Ring":"3","ScaleUnit":"001","RoleInstance":"OS1PEPF00006C3D"}}
Date                          : Thu, 17 Apr 2025 10:52:59 GMT


[2025-04-17 19:53:00] [INFO] ユーザー k-okada@mirai-const.co.jp のroleTemplateId: 69091246-20e8-4a56-aa4d-066075b2a7a8
[2025-04-17 19:53:00] [INFO] ユーザー k-okada@mirai-const.co.jp は管理者ロール: 69091246-20e8-4a56-aa4d-066075b2a7a8
[2025-04-17 19:53:00] [WARNING] ユーザー cim-master15@mirai-const.co.jp のOneDriveクォータ情報を取得できませんでした: User's mysite not found.

Status: 404 (NotFound)
ErrorCode: ResourceNotFound
Date: 2025-04-17T10:53:01

Headers:
Vary                          : Accept-Encoding
Strict-Transport-Security     : max-age=31536000
request-id                    : 1dd5d352-49f7-4c59-ae5f-84c00f7c9824
client-request-id             : c0b7a4d5-94b2-4892-9062-5c5bbf106ab0
x-ms-ags-diagnostic           : {"ServerInfo":{"DataCenter":"Japan West","Slice":"E","Ring":"3","ScaleUnit":"001","RoleInstance":"OS1PEPF00006C3D"}}
Date                          : Thu, 17 Apr 2025 10:53:00 GMT


[2025-04-17 19:53:01] [WARNING] ユーザー ats-watanabe_mitsuifudosan.co.jp#EXT#@miraiconst.onmicrosoft.com のOneDriveクォータ情報を取得できませんでした: User's mysite not found.

Status: 404 (NotFound)
ErrorCode: ResourceNotFound
Date: 2025-04-17T10:53:02

Headers:
Vary                          : Accept-Encoding
Strict-Transport-Security     : max-age=31536000
request-id                    : 77c4f3e1-8b04-4883-81e4-72e08479476e
client-request-id             : 180fae92-00d7-422f-a921-14532cf431d7
x-ms-ags-diagnostic           : {"ServerInfo":{"DataCenter":"Japan West","Slice":"E","Ring":"3","ScaleUnit":"001","RoleInstance":"OS1PEPF00006C3D"}}
Date                          : Thu, 17 Apr 2025 10:53:01 GMT


[2025-04-17 19:53:04] [WARNING] ユーザー t-kumai@miraiconst.onmicrosoft.com のOneDriveクォータ情報を取得できませんでした: User's mysite not found.

Status: 404 (NotFound)
ErrorCode: ResourceNotFound
Date: 2025-04-17T10:53:04

Headers:
Vary                          : Accept-Encoding
Strict-Transport-Security     : max-age=31536000
request-id                    : aadd2517-b1a9-45c2-b6b5-8bd90316bf55
client-request-id             : 2902063b-07e0-425c-afdd-8f204ff8cfde
x-ms-ags-diagnostic           : {"ServerInfo":{"DataCenter":"Japan West","Slice":"E","Ring":"3","ScaleUnit":"001","RoleInstance":"OS1PEPF00006C3D"}}
Date                          : Thu, 17 Apr 2025 10:53:04 GMT


[2025-04-17 19:53:06] [WARNING] ユーザー bid-info12m@mirai-const.co.jp のOneDriveクォータ情報を取得できませんでした: User's mysite not found.

Status: 404 (NotFound)
ErrorCode: ResourceNotFound
Date: 2025-04-17T10:53:06

Headers:
Vary                          : Accept-Encoding
Strict-Transport-Security     : max-age=31536000
request-id                    : b6bb09b5-7b0c-4aab-ac89-caa717af1d7a
client-request-id             : bd9cab1e-fe07-429d-9087-736383a62209
x-ms-ags-diagnostic           : {"ServerInfo":{"DataCenter":"Japan West","Slice":"E","Ring":"3","ScaleUnit":"001","RoleInstance":"OS1PEPF00006C3D"}}
Date                          : Thu, 17 Apr 2025 10:53:06 GMT


[2025-04-17 19:53:07] [WARNING] ユーザー cim-master03@mirai-const.co.jp のOneDriveクォータ情報を取得できませんでした: User's mysite not found.

Status: 404 (NotFound)
ErrorCode: ResourceNotFound
Date: 2025-04-17T10:53:07

Headers:
Vary                          : Accept-Encoding
Strict-Transport-Security     : max-age=31536000
request-id                    : 7baed47c-869c-4b67-8e56-5a724c2c39d6
client-request-id             : 985f3ee5-7884-4545-970c-290748b1c8e3
x-ms-ags-diagnostic           : {"ServerInfo":{"DataCenter":"Japan West","Slice":"E","Ring":"3","ScaleUnit":"001","RoleInstance":"OS1PEPF00006C3D"}}
Date                          : Thu, 17 Apr 2025 10:53:06 GMT


[2025-04-17 19:53:12] [WARNING] ユーザー tech@miraiconst.onmicrosoft.com のOneDriveクォータ情報を取得できませんでした: User's mysite not found.

Status: 404 (NotFound)
ErrorCode: ResourceNotFound
Date: 2025-04-17T10:53:12

Headers:
Vary                          : Accept-Encoding
Strict-Transport-Security     : max-age=31536000
request-id                    : edc78af2-03fa-420e-9c39-6713c4cbabcc
client-request-id             : 5a80af69-e016-41d2-9a47-fb4415242da9
x-ms-ags-diagnostic           : {"ServerInfo":{"DataCenter":"Japan West","Slice":"E","Ring":"3","ScaleUnit":"001","RoleInstance":"OS1PEPF00006C3D"}}
Date                          : Thu, 17 Apr 2025 10:53:12 GMT


[2025-04-17 19:53:14] [WARNING] ユーザー sketchup@miraiconst.onmicrosoft.com のOneDriveクォータ情報を取得できませんでした: User's mysite not found.

Status: 404 (NotFound)
ErrorCode: ResourceNotFound
Date: 2025-04-17T10:53:14

Headers:
Vary                          : Accept-Encoding
Strict-Transport-Security     : max-age=31536000
request-id                    : e0aa9e7d-ec22-4b89-ae32-b5ff7b8022a3
client-request-id             : a8978c0c-4b67-4810-bd7e-e42f0a6424c9
x-ms-ags-diagnostic           : {"ServerInfo":{"DataCenter":"Japan West","Slice":"E","Ring":"3","ScaleUnit":"001","RoleInstance":"OS1PEPF00006C3D"}}
Date                          : Thu, 17 Apr 2025 10:53:14 GMT


[2025-04-17 19:53:15] [WARNING] ユーザー y-tajima@mirai-const.co.jp のOneDriveクォータ情報を取得できませんでした: User's mysite not found.

Status: 404 (NotFound)
ErrorCode: ResourceNotFound
Date: 2025-04-17T10:53:15

Headers:
Vary                          : Accept-Encoding
Strict-Transport-Security     : max-age=31536000
request-id                    : fc7f5bc6-ccdd-447e-9b9e-623b80bc06cb
client-request-id             : 11c7e9d0-f075-4d23-a7e3-c0ec8bd4f7ab
x-ms-ags-diagnostic           : {"ServerInfo":{"DataCenter":"Japan West","Slice":"E","Ring":"3","ScaleUnit":"001","RoleInstance":"OS1PEPF00006C3D"}}
Date                          : Thu, 17 Apr 2025 10:53:15 GMT


[2025-04-17 19:53:16] [WARNING] ユーザー kaikei-support@mirai-const.co.jp のOneDriveクォータ情報を取得できませんでした: User's mysite not found.

Status: 404 (NotFound)
ErrorCode: ResourceNotFound
Date: 2025-04-17T10:53:16

Headers:
Vary                          : Accept-Encoding
Strict-Transport-Security     : max-age=31536000
request-id                    : ec7bfb29-15ae-4e4e-9f5c-ad9ad3950a86
client-request-id             : 7ca05ddf-9be1-4135-98c2-96a0e24299ed
x-ms-ags-diagnostic           : {"ServerInfo":{"DataCenter":"Japan West","Slice":"E","Ring":"3","ScaleUnit":"001","RoleInstance":"OS1PEPF00006C3D"}}
Date                          : Thu, 17 Apr 2025 10:53:16 GMT


[2025-04-17 19:53:19] [WARNING] ユーザー gijyutsu@mirai-const.co.jp のOneDriveクォータ情報を取得できませんでした: User's mysite not found.

Status: 404 (NotFound)
ErrorCode: ResourceNotFound
Date: 2025-04-17T10:53:19

Headers:
Vary                          : Accept-Encoding
Strict-Transport-Security     : max-age=31536000
request-id                    : c566118a-f1e5-40e7-bdd7-028a04fb176f
client-request-id             : bb14b00d-e8e5-4ff1-bff3-8f620da73b15
x-ms-ags-diagnostic           : {"ServerInfo":{"DataCenter":"Japan West","Slice":"E","Ring":"3","ScaleUnit":"001","RoleInstance":"OS1PEPF00006C3D"}}
Date                          : Thu, 17 Apr 2025 10:53:18 GMT


[2025-04-17 19:53:19] [WARNING] ユーザー m-suzuki@mirai-const.co.jp のOneDriveクォータ情報を取得できませんでした: User's mysite not found.

Status: 404 (NotFound)
ErrorCode: ResourceNotFound
Date: 2025-04-17T10:53:19

Headers:
Vary                          : Accept-Encoding
Strict-Transport-Security     : max-age=31536000
request-id                    : 0ea9fb35-9f84-4981-b9a2-fab9643b09bd
client-request-id             : affe972e-5407-4247-a0c6-99f04e0d3bc3
x-ms-ags-diagnostic           : {"ServerInfo":{"DataCenter":"Japan West","Slice":"E","Ring":"3","ScaleUnit":"001","RoleInstance":"OS1PEPF00006C3D"}}
Date                          : Thu, 17 Apr 2025 10:53:19 GMT


[2025-04-17 19:53:22] [WARNING] ユーザー Sync_AZSV0001_b63ec191406d@miraiconst.onmicrosoft.com のOneDriveクォータ情報を取得できませんでした: User's mysite not found.

Status: 404 (NotFound)
ErrorCode: ResourceNotFound
Date: 2025-04-17T10:53:22

Headers:
Vary                          : Accept-Encoding
Strict-Transport-Security     : max-age=31536000
request-id                    : 4107749a-3fef-4a80-85da-80f0b92b3b1d
client-request-id             : cc8a7877-12b2-4923-9695-1d846c3fb76d
x-ms-ags-diagnostic           : {"ServerInfo":{"DataCenter":"Japan West","Slice":"E","Ring":"3","ScaleUnit":"001","RoleInstance":"OS1PEPF00006C3D"}}
Date                          : Thu, 17 Apr 2025 10:53:21 GMT


[2025-04-17 19:53:22] [INFO] ユーザー Sync_AZSV0001_b63ec191406d@miraiconst.onmicrosoft.com のroleTemplateId: d29b2b05-8046-44ba-8758-1e26182fcf32
[2025-04-17 19:53:23] [WARNING] ユーザー kanri-kyushu@mirai-const.co.jp のOneDriveクォータ情報を取得できませんでした: User's mysite not found.

Status: 404 (NotFound)
ErrorCode: ResourceNotFound
Date: 2025-04-17T10:53:23

Headers:
Vary                          : Accept-Encoding
Strict-Transport-Security     : max-age=31536000
request-id                    : 009d6493-9026-4633-8e08-cc1469bf1e3c
client-request-id             : a12dda98-8394-49cc-a51f-91eda636327f
x-ms-ags-diagnostic           : {"ServerInfo":{"DataCenter":"Japan West","Slice":"E","Ring":"3","ScaleUnit":"001","RoleInstance":"OS1PEPF00006C3D"}}
Date                          : Thu, 17 Apr 2025 10:53:23 GMT


[2025-04-17 19:53:26] [WARNING] ユーザー bid-info04m@mirai-const.co.jp のOneDriveクォータ情報を取得できませんでした: User's mysite not found.

Status: 404 (NotFound)
ErrorCode: ResourceNotFound
Date: 2025-04-17T10:53:26

Headers:
Vary                          : Accept-Encoding
Strict-Transport-Security     : max-age=31536000
request-id                    : 6b1d7cf9-855a-4a91-a0af-1fb57569cd7f
client-request-id             : 4f80a212-3c8d-4b97-994d-b45604638707
x-ms-ags-diagnostic           : {"ServerInfo":{"DataCenter":"Japan West","Slice":"E","Ring":"3","ScaleUnit":"001","RoleInstance":"OS1PEPF00006C3D"}}
Date                          : Thu, 17 Apr 2025 10:53:25 GMT


[2025-04-17 19:53:27] [WARNING] ユーザー cim-master04@mirai-const.co.jp のOneDriveクォータ情報を取得できませんでした: User's mysite not found.

Status: 404 (NotFound)
ErrorCode: ResourceNotFound
Date: 2025-04-17T10:53:28

Headers:
Vary                          : Accept-Encoding
Strict-Transport-Security     : max-age=31536000
request-id                    : 0934de96-6b67-4459-82a3-34f456581d8e
client-request-id             : 2f5bf059-ae8c-41b3-b74c-337cf6134502
x-ms-ags-diagnostic           : {"ServerInfo":{"DataCenter":"Japan West","Slice":"E","Ring":"3","ScaleUnit":"001","RoleInstance":"OS1PEPF00006C3D"}}
Date                          : Thu, 17 Apr 2025 10:53:27 GMT


[2025-04-17 19:53:28] [WARNING] ユーザー share@mirai-const.co.jp のOneDriveクォータ情報を取得できませんでした: User's mysite not found.

Status: 404 (NotFound)
ErrorCode: ResourceNotFound
Date: 2025-04-17T10:53:28

Headers:
Vary                          : Accept-Encoding
Strict-Transport-Security     : max-age=31536000
request-id                    : 6acfbeb0-e134-4172-9c4a-45dfebfbf8ac
client-request-id             : 844b4407-5970-4944-90b3-eaa47f4971e9
x-ms-ags-diagnostic           : {"ServerInfo":{"DataCenter":"Japan West","Slice":"E","Ring":"3","ScaleUnit":"001","RoleInstance":"OS1PEPF00006C3D"}}
Date                          : Thu, 17 Apr 2025 10:53:27 GMT


[2025-04-17 19:53:30] [WARNING] ユーザー kitakyushu-rakuraku@mirai-const.co.jp のOneDriveクォータ情報を取得できませんでした: User's mysite not found.

Status: 404 (NotFound)
ErrorCode: ResourceNotFound
Date: 2025-04-17T10:53:30

Headers:
Vary                          : Accept-Encoding
Strict-Transport-Security     : max-age=31536000
request-id                    : 8bf67856-8eff-412d-8dae-bcae1f543a60
client-request-id             : ed5466c7-5c72-4b2c-b69e-1e91cdf08e9f
x-ms-ags-diagnostic           : {"ServerInfo":{"DataCenter":"Japan West","Slice":"E","Ring":"3","ScaleUnit":"001","RoleInstance":"OS1PEPF00006C3D"}}
Date                          : Thu, 17 Apr 2025 10:53:29 GMT


[2025-04-17 19:53:30] [WARNING] ユーザー amazon-biz@mirai-const.co.jp のOneDriveクォータ情報を取得できませんでした: User's mysite not found.

Status: 404 (NotFound)
ErrorCode: ResourceNotFound
Date: 2025-04-17T10:53:30

Headers:
Vary                          : Accept-Encoding
Strict-Transport-Security     : max-age=31536000
request-id                    : 7f191454-6e60-4d86-9c3f-d2757749eef6
client-request-id             : 5d2db5bf-5cdd-484c-9ffd-1bba5a44e42f
x-ms-ags-diagnostic           : {"ServerInfo":{"DataCenter":"Japan West","Slice":"E","Ring":"3","ScaleUnit":"001","RoleInstance":"OS1PEPF00006C3D"}}
Date                          : Thu, 17 Apr 2025 10:53:29 GMT


[2025-04-17 19:53:33] [WARNING] ユーザー shizuoka-rakuraku@mirai-const.co.jp のOneDriveクォータ情報を取得できませんでした: User's mysite not found.

Status: 404 (NotFound)
ErrorCode: ResourceNotFound
Date: 2025-04-17T10:53:33

Headers:
Vary                          : Accept-Encoding
Strict-Transport-Security     : max-age=31536000
request-id                    : e23de1e3-6031-4882-ad3b-029ebbbf6d0f
client-request-id             : 10f24208-e801-4be8-83db-e59dd44fea48
x-ms-ags-diagnostic           : {"ServerInfo":{"DataCenter":"Japan West","Slice":"E","Ring":"3","ScaleUnit":"001","RoleInstance":"OS1PEPF00014541"}}
Date                          : Thu, 17 Apr 2025 10:53:33 GMT


[2025-04-17 19:53:33] [WARNING] ユーザー tokyokouji-rakuraku@mirai-const.co.jp のOneDriveクォータ情報を取得できませんでした: User's mysite not found.

Status: 404 (NotFound)
ErrorCode: ResourceNotFound
Date: 2025-04-17T10:53:33

Headers:
Vary                          : Accept-Encoding
Strict-Transport-Security     : max-age=31536000
request-id                    : 8ac1b9d6-68b2-4c96-baa7-710ad6b39d1d
client-request-id             : 737e97f8-7a5a-48a0-930d-f3f3aa46d7c9
x-ms-ags-diagnostic           : {"ServerInfo":{"DataCenter":"Japan West","Slice":"E","Ring":"3","ScaleUnit":"001","RoleInstance":"OS1PEPF00014541"}}
Date                          : Thu, 17 Apr 2025 10:53:33 GMT


[2025-04-17 19:53:35] [WARNING] ユーザー honsya2-1@miraiconst.onmicrosoft.com のOneDriveクォータ情報を取得できませんでした: User's mysite not found.

Status: 404 (NotFound)
ErrorCode: ResourceNotFound
Date: 2025-04-17T10:53:35

Headers:
Vary                          : Accept-Encoding
Strict-Transport-Security     : max-age=31536000
request-id                    : a66ac796-2271-446a-84a3-d60a518288cb
client-request-id             : e5734b27-77e8-4786-9b58-752d67c68ee9
x-ms-ags-diagnostic           : {"ServerInfo":{"DataCenter":"Japan West","Slice":"E","Ring":"3","ScaleUnit":"001","RoleInstance":"OS1PEPF00014541"}}
Date                          : Thu, 17 Apr 2025 10:53:35 GMT


[2025-04-17 19:53:37] [WARNING] ユーザー ito_mainmark.co.jp#EXT#@miraiconst.onmicrosoft.com のOneDriveクォータ情報を取得できませんでした: User's mysite not found.

Status: 404 (NotFound)
ErrorCode: ResourceNotFound
Date: 2025-04-17T10:53:37

Headers:
Vary                          : Accept-Encoding
Strict-Transport-Security     : max-age=31536000
request-id                    : 8b31b202-50c0-4a33-b7f8-5d1fa6351ead
client-request-id             : 7438fcc8-daf0-43dc-ba1f-c7832e5c1159
x-ms-ags-diagnostic           : {"ServerInfo":{"DataCenter":"Japan West","Slice":"E","Ring":"3","ScaleUnit":"001","RoleInstance":"OS1PEPF00014541"}}
Date                          : Thu, 17 Apr 2025 10:53:37 GMT


[2025-04-17 19:53:38] [WARNING] ユーザー yk-takahashi_mitsuifudosan.co.jp#EXT#@miraiconst.onmicrosoft.com のOneDriveクォータ情報を取得できませんでした: User's mysite not found.

Status: 404 (NotFound)
ErrorCode: ResourceNotFound
Date: 2025-04-17T10:53:38

Headers:
Vary                          : Accept-Encoding
Strict-Transport-Security     : max-age=31536000
request-id                    : d39a2862-89af-47ee-84d4-3a43a4602a3c
client-request-id             : 91490e08-337e-429b-a68c-6f446427ce19
x-ms-ags-diagnostic           : {"ServerInfo":{"DataCenter":"Japan West","Slice":"E","Ring":"3","ScaleUnit":"001","RoleInstance":"OS1PEPF00014541"}}
Date                          : Thu, 17 Apr 2025 10:53:38 GMT


[2025-04-17 19:53:38] [WARNING] ユーザー chugoku-rakuraku@mirai-const.co.jp のOneDriveクォータ情報を取得できませんでした: User's mysite not found.

Status: 404 (NotFound)
ErrorCode: ResourceNotFound
Date: 2025-04-17T10:53:38

Headers:
Vary                          : Accept-Encoding
Strict-Transport-Security     : max-age=31536000
request-id                    : 32ec46f1-5195-44a3-bacc-db481d467d4f
client-request-id             : bee35094-238d-4749-895e-d7b2e0399a9e
x-ms-ags-diagnostic           : {"ServerInfo":{"DataCenter":"Japan West","Slice":"E","Ring":"3","ScaleUnit":"001","RoleInstance":"OS1PEPF00014541"}}
Date                          : Thu, 17 Apr 2025 10:53:38 GMT


[2025-04-17 19:53:39] [WARNING] ユーザー webadmin@miraiconst.onmicrosoft.com のOneDriveクォータ情報を取得できませんでした: User's mysite not found.

Status: 404 (NotFound)
ErrorCode: ResourceNotFound
Date: 2025-04-17T10:53:39

Headers:
Vary                          : Accept-Encoding
Strict-Transport-Security     : max-age=31536000
request-id                    : 90e5601d-92d5-45fb-8d16-630cab93cce4
client-request-id             : 65bfe5d7-b2d9-41f1-81fa-ea66b91fc153
x-ms-ags-diagnostic           : {"ServerInfo":{"DataCenter":"Japan West","Slice":"E","Ring":"3","ScaleUnit":"001","RoleInstance":"OS1PEPF00014541"}}
Date                          : Thu, 17 Apr 2025 10:53:38 GMT


[2025-04-17 19:53:40] [WARNING] ユーザー tokyokoji@miraiconst.onmicrosoft.com のOneDriveクォータ情報を取得できませんでした: User's mysite not found.

Status: 404 (NotFound)
ErrorCode: ResourceNotFound
Date: 2025-04-17T10:53:40

Headers:
Vary                          : Accept-Encoding
Strict-Transport-Security     : max-age=31536000
request-id                    : 9047fa90-4c39-4219-93f1-152a1e4ceb44
client-request-id             : 557bd911-07ae-4dd0-aaf7-dad1b6ea086a
x-ms-ags-diagnostic           : {"ServerInfo":{"DataCenter":"Japan West","Slice":"E","Ring":"3","ScaleUnit":"001","RoleInstance":"OS1PEPF00014541"}}
Date                          : Thu, 17 Apr 2025 10:53:39 GMT


[2025-04-17 19:53:41] [WARNING] ユーザー tokyo-rakuraku@mirai-const.co.jp のOneDriveクォータ情報を取得できませんでした: User's mysite not found.

Status: 404 (NotFound)
ErrorCode: ResourceNotFound
Date: 2025-04-17T10:53:41

Headers:
Vary                          : Accept-Encoding
Strict-Transport-Security     : max-age=31536000
request-id                    : d6d988f6-0ab2-45dd-8b38-a69390d7deaf
client-request-id             : fb160ceb-40cf-4084-b43e-14b9fbd9d598
x-ms-ags-diagnostic           : {"ServerInfo":{"DataCenter":"Japan West","Slice":"E","Ring":"3","ScaleUnit":"001","RoleInstance":"OS1PEPF00014541"}}
Date                          : Thu, 17 Apr 2025 10:53:40 GMT


[2025-04-17 19:53:41] [WARNING] ユーザー mirai-edr@miraiconst.onmicrosoft.com のOneDriveクォータ情報を取得できませんでした: User's mysite not found.

Status: 404 (NotFound)
ErrorCode: ResourceNotFound
Date: 2025-04-17T10:53:41

Headers:
Vary                          : Accept-Encoding
Strict-Transport-Security     : max-age=31536000
request-id                    : 7d931129-fe66-41c4-aac0-0e2bc27191b1
client-request-id             : a097a76e-81a6-4138-9c49-c389083bf52a
x-ms-ags-diagnostic           : {"ServerInfo":{"DataCenter":"Japan West","Slice":"E","Ring":"3","ScaleUnit":"001","RoleInstance":"OS1PEPF00014541"}}
Date                          : Thu, 17 Apr 2025 10:53:40 GMT


[2025-04-17 19:53:41] [WARNING] ユーザー bid-info06m@mirai-const.co.jp のOneDriveクォータ情報を取得できませんでした: User's mysite not found.

Status: 404 (NotFound)
ErrorCode: ResourceNotFound
Date: 2025-04-17T10:53:42

Headers:
Vary                          : Accept-Encoding
Strict-Transport-Security     : max-age=31536000
request-id                    : f7cadca3-b2f7-4c4a-ab67-6268169d9410
client-request-id             : 5cf7ad3d-e6d4-43ba-982b-397382164ba0
x-ms-ags-diagnostic           : {"ServerInfo":{"DataCenter":"Japan West","Slice":"E","Ring":"3","ScaleUnit":"001","RoleInstance":"OS1PEPF00014541"}}
Date                          : Thu, 17 Apr 2025 10:53:41 GMT


[2025-04-17 19:53:42] [WARNING] ユーザー noto-rakuraku@mirai-const.co.jp のOneDriveクォータ情報を取得できませんでした: User's mysite not found.

Status: 404 (NotFound)
ErrorCode: ResourceNotFound
Date: 2025-04-17T10:53:42

Headers:
Vary                          : Accept-Encoding
Strict-Transport-Security     : max-age=31536000
request-id                    : 368ccb48-8105-455b-8777-74b6cffacc8b
client-request-id             : 0dd60c91-ea19-4481-8354-ada548b74d2c
x-ms-ags-diagnostic           : {"ServerInfo":{"DataCenter":"Japan West","Slice":"E","Ring":"3","ScaleUnit":"001","RoleInstance":"OS1PEPF00014541"}}
Date                          : Thu, 17 Apr 2025 10:53:42 GMT


[2025-04-17 19:53:42] [WARNING] ユーザー aomori-rakuraku@mirai-const.co.jp のOneDriveクォータ情報を取得できませんでした: User's mysite not found.

Status: 404 (NotFound)
ErrorCode: ResourceNotFound
Date: 2025-04-17T10:53:42

Headers:
Vary                          : Accept-Encoding
Strict-Transport-Security     : max-age=31536000
request-id                    : 39d90a80-f836-4134-a47d-9bfd136b8c1f
client-request-id             : fa06c161-5f09-46d4-858b-79edeba88196
x-ms-ags-diagnostic           : {"ServerInfo":{"DataCenter":"Japan West","Slice":"E","Ring":"3","ScaleUnit":"001","RoleInstance":"OS1PEPF00014541"}}
Date                          : Thu, 17 Apr 2025 10:53:42 GMT


[2025-04-17 19:53:44] [WARNING] ユーザー cad-master@miraiconst.onmicrosoft.com のOneDriveクォータ情報を取得できませんでした: User's mysite not found.

Status: 404 (NotFound)
ErrorCode: ResourceNotFound
Date: 2025-04-17T10:53:44

Headers:
Vary                          : Accept-Encoding
Strict-Transport-Security     : max-age=31536000
request-id                    : ac229be8-bbfc-4574-8652-32737294a78c
client-request-id             : 72fdf372-cce9-4a76-8f9e-22ef775f4d70
x-ms-ags-diagnostic           : {"ServerInfo":{"DataCenter":"Japan West","Slice":"E","Ring":"3","ScaleUnit":"001","RoleInstance":"OS1PEPF00014541"}}
Date                          : Thu, 17 Apr 2025 10:53:43 GMT


[2025-04-17 19:53:47] [WARNING] ユーザー direct@mirai-const.co.jp のOneDriveクォータ情報を取得できませんでした: User's mysite not found.

Status: 404 (NotFound)
ErrorCode: ResourceNotFound
Date: 2025-04-17T10:53:47

Headers:
Vary                          : Accept-Encoding
Strict-Transport-Security     : max-age=31536000
request-id                    : 300b262a-e9a9-452a-8784-26e2ff04878a
client-request-id             : f9878083-35e2-421e-9981-a21d87dcc9b2
x-ms-ags-diagnostic           : {"ServerInfo":{"DataCenter":"Japan West","Slice":"E","Ring":"3","ScaleUnit":"001","RoleInstance":"OS1PEPF00014541"}}
Date                          : Thu, 17 Apr 2025 10:53:47 GMT


[2025-04-17 19:53:47] [WARNING] ユーザー forti-admin@mirai-const.co.jp のOneDriveクォータ情報を取得できませんでした: User's mysite not found.

Status: 404 (NotFound)
ErrorCode: ResourceNotFound
Date: 2025-04-17T10:53:47

Headers:
Vary                          : Accept-Encoding
Strict-Transport-Security     : max-age=31536000
request-id                    : e16745ab-38a9-41f7-821d-322d0f541c94
client-request-id             : cd80083a-85d3-4704-be83-dbc3bc8d5490
x-ms-ags-diagnostic           : {"ServerInfo":{"DataCenter":"Japan West","Slice":"E","Ring":"3","ScaleUnit":"001","RoleInstance":"OS1PEPF00014541"}}
Date                          : Thu, 17 Apr 2025 10:53:47 GMT


[2025-04-17 19:53:49] [WARNING] ユーザー chubu@miraiconst.onmicrosoft.com のOneDriveクォータ情報を取得できませんでした: User's mysite not found.

Status: 404 (NotFound)
ErrorCode: ResourceNotFound
Date: 2025-04-17T10:53:49

Headers:
Vary                          : Accept-Encoding
Strict-Transport-Security     : max-age=31536000
request-id                    : 23f24998-2cdc-4cea-b882-b3a54a6bdf24
client-request-id             : f01ffc77-f542-4d7b-a0e7-e941c5954736
x-ms-ags-diagnostic           : {"ServerInfo":{"DataCenter":"Japan West","Slice":"E","Ring":"3","ScaleUnit":"001","RoleInstance":"OS1PEPF00014541"}}
Date                          : Thu, 17 Apr 2025 10:53:48 GMT


[2025-04-17 19:53:50] [WARNING] ユーザー ys-yamamoto_apptec.co.jp#EXT#@miraiconst.onmicrosoft.com のOneDriveクォータ情報を取得できませんでした: User's mysite not found.

Status: 404 (NotFound)
ErrorCode: ResourceNotFound
Date: 2025-04-17T10:53:50

Headers:
Vary                          : Accept-Encoding
Strict-Transport-Security     : max-age=31536000
request-id                    : ee3b02dd-6ccf-4e65-b9be-7e55edf5229f
client-request-id             : c8c16014-a52d-48bf-b8b5-608c02ed75a6
x-ms-ags-diagnostic           : {"ServerInfo":{"DataCenter":"Japan West","Slice":"E","Ring":"3","ScaleUnit":"001","RoleInstance":"OS1PEPF00014541"}}
Date                          : Thu, 17 Apr 2025 10:53:50 GMT


[2025-04-17 19:53:51] [WARNING] ユーザー r-futenma@mirai-const.co.jp のOneDriveクォータ情報を取得できませんでした: User's mysite not found.

Status: 404 (NotFound)
ErrorCode: ResourceNotFound
Date: 2025-04-17T10:53:51

Headers:
Vary                          : Accept-Encoding
Strict-Transport-Security     : max-age=31536000
request-id                    : 95dc9810-2609-41a5-9194-dac44a6e483d
client-request-id             : 5e4720fc-0411-43dd-9803-85943ec48b00
x-ms-ags-diagnostic           : {"ServerInfo":{"DataCenter":"Japan West","Slice":"E","Ring":"3","ScaleUnit":"001","RoleInstance":"OS1PEPF00014541"}}
Date                          : Thu, 17 Apr 2025 10:53:50 GMT


[2025-04-17 19:53:51] [WARNING] ユーザー cim-master13@mirai-const.co.jp のOneDriveクォータ情報を取得できませんでした: User's mysite not found.

Status: 404 (NotFound)
ErrorCode: ResourceNotFound
Date: 2025-04-17T10:53:51

Headers:
Vary                          : Accept-Encoding
Strict-Transport-Security     : max-age=31536000
request-id                    : 9e9f3307-d25b-44bc-9700-b96a2cbc9798
client-request-id             : 825faf02-9d61-40db-a469-3f6439886c88
x-ms-ags-diagnostic           : {"ServerInfo":{"DataCenter":"Japan West","Slice":"E","Ring":"3","ScaleUnit":"001","RoleInstance":"OS1PEPF00014541"}}
Date                          : Thu, 17 Apr 2025 10:53:51 GMT


[2025-04-17 19:53:51] [WARNING] ユーザー na-kadokawa_apptec.co.jp#EXT#@miraiconst.onmicrosoft.com のOneDriveクォータ情報を取得できませんでした: User's mysite not found.

Status: 404 (NotFound)
ErrorCode: ResourceNotFound
Date: 2025-04-17T10:53:51

Headers:
Vary                          : Accept-Encoding
Strict-Transport-Security     : max-age=31536000
request-id                    : 20d9bd48-eb1f-46d7-b3ba-e330a7cde0fd
client-request-id             : 061a5d7d-4701-4a30-915d-1f2fa7ece10f
x-ms-ags-diagnostic           : {"ServerInfo":{"DataCenter":"Japan West","Slice":"E","Ring":"3","ScaleUnit":"001","RoleInstance":"OS1PEPF00014541"}}
Date                          : Thu, 17 Apr 2025 10:53:51 GMT


[2025-04-17 19:53:55] [WARNING] ユーザー mirai-sns@miraiconst.onmicrosoft.com のOneDriveクォータ情報を取得できませんでした: User's mysite not found.

Status: 404 (NotFound)
ErrorCode: ResourceNotFound
Date: 2025-04-17T10:53:56

Headers:
Vary                          : Accept-Encoding
Strict-Transport-Security     : max-age=31536000
request-id                    : dfa04deb-930f-47dd-bdcd-d2366d92b945
client-request-id             : 417f32c2-b47b-42ad-983a-5026c6d11ffc
x-ms-ags-diagnostic           : {"ServerInfo":{"DataCenter":"Japan West","Slice":"E","Ring":"3","ScaleUnit":"001","RoleInstance":"OS1PEPF00014541"}}
Date                          : Thu, 17 Apr 2025 10:53:55 GMT


[2025-04-17 19:54:00] [WARNING] ユーザー k-obara@mirai-const.co.jp のOneDriveクォータ情報を取得できませんでした: User's mysite not found.

Status: 404 (NotFound)
ErrorCode: ResourceNotFound
Date: 2025-04-17T10:54:00

Headers:
Vary                          : Accept-Encoding
Strict-Transport-Security     : max-age=31536000
request-id                    : cc009bcf-28de-47e3-8bca-2d39405a2c13
client-request-id             : 224b2d6f-fe1b-49d5-9c30-d1a65e8e9a9a
x-ms-ags-diagnostic           : {"ServerInfo":{"DataCenter":"Japan West","Slice":"E","Ring":"3","ScaleUnit":"001","RoleInstance":"OS1PEPF00014541"}}
Date                          : Thu, 17 Apr 2025 10:53:59 GMT


[2025-04-17 19:54:03] [WARNING] ユーザー kanri-oosaka@mirai-const.co.jp のOneDriveクォータ情報を取得できませんでした: User's mysite not found.

Status: 404 (NotFound)
ErrorCode: ResourceNotFound
Date: 2025-04-17T10:54:03

Headers:
Vary                          : Accept-Encoding
Strict-Transport-Security     : max-age=31536000
request-id                    : 6cbf8252-7d8d-492f-a459-dd0848ec6b64
client-request-id             : 390e4faf-cc06-4c3e-892c-69ca2a8947b8
x-ms-ags-diagnostic           : {"ServerInfo":{"DataCenter":"Japan West","Slice":"E","Ring":"3","ScaleUnit":"001","RoleInstance":"OS1PEPF00014541"}}
Date                          : Thu, 17 Apr 2025 10:54:03 GMT


[2025-04-17 19:54:05] [WARNING] ユーザー haruka.ishigaki_aaconst.onmicrosoft.com#EXT#@miraiconst.onmicrosoft.com のOneDriveクォータ情報を取得できませんでした: User's mysite not found.

Status: 404 (NotFound)
ErrorCode: ResourceNotFound
Date: 2025-04-17T10:54:05

Headers:
Vary                          : Accept-Encoding
Strict-Transport-Security     : max-age=31536000
request-id                    : 807ef7a5-a1e4-4b6f-bb0d-b46148337fb8
client-request-id             : eafcd23c-965e-4017-ad0e-1a0d2f7be997
x-ms-ags-diagnostic           : {"ServerInfo":{"DataCenter":"Japan West","Slice":"E","Ring":"3","ScaleUnit":"001","RoleInstance":"OS1PEPF00014541"}}
Date                          : Thu, 17 Apr 2025 10:54:05 GMT


[2025-04-17 19:54:06] [WARNING] ユーザー bid-info02m@mirai-const.co.jp のOneDriveクォータ情報を取得できませんでした: User's mysite not found.

Status: 404 (NotFound)
ErrorCode: ResourceNotFound
Date: 2025-04-17T10:54:06

Headers:
Vary                          : Accept-Encoding
Strict-Transport-Security     : max-age=31536000
request-id                    : d91c09c8-0a22-4f67-8913-b86d0f821b8a
client-request-id             : 06d3cdf1-c785-4224-8a36-ed364ae4ea9a
x-ms-ags-diagnostic           : {"ServerInfo":{"DataCenter":"Japan West","Slice":"E","Ring":"3","ScaleUnit":"001","RoleInstance":"OS1PEPF00014541"}}
Date                          : Thu, 17 Apr 2025 10:54:05 GMT


[2025-04-17 19:54:07] [SUCCESS] OneDriveクォータ情報の取得が完了しました。取得件数: 525
[2025-04-17 19:54:07] [SUCCESS] CSVファイルを作成しました: C:\kitting\OneDriveforBusinessManagementSystem\OneDriveManagement.20250417\Basic_Data_Collection.20250417\OneDriveQuota.20250417195407.csv
[2025-04-17 19:54:07] [INFO] HTMLファイルを作成します: C:\kitting\OneDriveforBusinessManagementSystem\OneDriveManagement.20250417\Basic_Data_Collection.20250417\OneDriveQuota.20250417195407.html
[2025-04-17 19:54:12] [SUCCESS] HTMLファイルの作成が完了しました: C:\kitting\OneDriveforBusinessManagementSystem\OneDriveManagement.20250417\Basic_Data_Collection.20250417\OneDriveQuota.20250417195407.html
[2025-04-17 19:54:12] [INFO] Excelでファイルを開いて列幅の調整とフィルターの適用を行います...
[2025-04-17 19:54:14] [SUCCESS] Excelでの処理が完了しました。
[2025-04-17 19:54:14] [INFO] HTMLファイルを生成しています...
[2025-04-17 19:54:14] [SUCCESS] HTMLファイルの生成が完了しました: C:\kitting\OneDriveforBusinessManagementSystem\OneDriveManagement.20250417\Basic_Data_Collection.20250417\OneDriveQuota.20250417195407.html
