[2025-04-17 19:22:35] [INFO] ストレージクォータ取得を開始します
[2025-04-17 19:22:35] [INFO] 出力ディレクトリ: C:\kitting\OneDriveforBusinessManagementSystem\OneDriveManagement.20250417\Basic_Data_Collection.20250417
[2025-04-17 19:22:35] [INFO] ログディレクトリ: C:\kitting\OneDriveforBusinessManagementSystem\OneDriveManagement.20250417\Log
[2025-04-17 19:22:38] [WARNING] Graph接続済みですが、ユーザー情報は取得できません。
[2025-04-17 19:22:38] [WARNING] Graph接続済みですが、ユーザー情報は取得できません。
[2025-04-17 19:22:38] [INFO] すべてのユーザーのOneDriveクォータ情報を取得しています...
[2025-04-17 19:23:06] [WARNING] ユーザー okinawa-rakuraku@mirai-const.co.jp のOneDriveクォータ情報を取得できませんでした: User's mysite not found.

Status: 404 (NotFound)
ErrorCode: ResourceNotFound
Date: 2025-04-17T10:23:06

Headers:
Vary                          : Accept-Encoding
Strict-Transport-Security     : max-age=31536000
request-id                    : 375c1350-62a8-4980-bdab-4622d34ea3ea
client-request-id             : 6fe32e92-d684-4534-8ddc-cd26e6bc1223
x-ms-ags-diagnostic           : {"ServerInfo":{"DataCenter":"Japan West","Slice":"E","Ring":"3","ScaleUnit":"000","RoleInstance":"OS1PEPF00006C35"}}
Date                          : Thu, 17 Apr 2025 10:23:05 GMT


[2025-04-17 19:23:12] [WARNING] ユーザー admin@miraiconst.onmicrosoft.com のOneDriveクォータ情報を取得できませんでした: User's mysite not found.

Status: 404 (NotFound)
ErrorCode: ResourceNotFound
Date: 2025-04-17T10:23:12

Headers:
Vary                          : Accept-Encoding
Strict-Transport-Security     : max-age=31536000
request-id                    : d631d544-32e1-4314-9432-0edb9453ffa6
client-request-id             : db74ea4f-876c-4cb3-8b49-86228dfb6b76
x-ms-ags-diagnostic           : {"ServerInfo":{"DataCenter":"Japan West","Slice":"E","Ring":"3","ScaleUnit":"000","RoleInstance":"OS1PEPF00006C35"}}
Date                          : Thu, 17 Apr 2025 10:23:11 GMT


[2025-04-17 19:23:12] [INFO] ユーザー admin@miraiconst.onmicrosoft.com のroleTemplateId: 62e90394-69f5-4237-9190-012177145e10
[2025-04-17 19:23:12] [INFO] ユーザー admin@miraiconst.onmicrosoft.com は管理者ロール: 62e90394-69f5-4237-9190-012177145e10
[2025-04-17 19:23:16] [WARNING] ユーザー admin1@miraiconst.onmicrosoft.com のOneDriveクォータ情報を取得できませんでした: User's mysite not found.

Status: 404 (NotFound)
ErrorCode: ResourceNotFound
Date: 2025-04-17T10:23:16

Headers:
Vary                          : Accept-Encoding
Strict-Transport-Security     : max-age=31536000
request-id                    : 9a4604e3-0da4-4095-8d5f-62a528536afd
client-request-id             : fe726ead-d4aa-408a-9774-50672b2235f2
x-ms-ags-diagnostic           : {"ServerInfo":{"DataCenter":"Japan West","Slice":"E","Ring":"3","ScaleUnit":"000","RoleInstance":"OS1PEPF00006C35"}}
Date                          : Thu, 17 Apr 2025 10:23:16 GMT


[2025-04-17 19:23:17] [WARNING] ユーザー cim-master10@mirai-const.co.jp のOneDriveクォータ情報を取得できませんでした: User's mysite not found.

Status: 404 (NotFound)
ErrorCode: ResourceNotFound
Date: 2025-04-17T10:23:17

Headers:
Vary                          : Accept-Encoding
Strict-Transport-Security     : max-age=31536000
request-id                    : aa88349c-1cf1-40c8-b1ec-3fd6e92772c4
client-request-id             : 5e7c9cea-1a40-4442-ae3c-3ae4bdf98bf2
x-ms-ags-diagnostic           : {"ServerInfo":{"DataCenter":"Japan West","Slice":"E","Ring":"3","ScaleUnit":"000","RoleInstance":"OS1PEPF00006C35"}}
Date                          : Thu, 17 Apr 2025 10:23:16 GMT


[2025-04-17 19:23:20] [WARNING] ユーザー jinji-saiyou@mirai-const.co.jp のOneDriveクォータ情報を取得できませんでした: User's mysite not found.

Status: 404 (NotFound)
ErrorCode: ResourceNotFound
Date: 2025-04-17T10:23:20

Headers:
Vary                          : Accept-Encoding
Strict-Transport-Security     : max-age=31536000
request-id                    : 9c99c883-dc43-4e98-8f8d-eb6a401798b5
client-request-id             : a0078ef1-3785-4c83-b8a4-4e1d53404e71
x-ms-ags-diagnostic           : {"ServerInfo":{"DataCenter":"Japan West","Slice":"E","Ring":"3","ScaleUnit":"000","RoleInstance":"OS1PEPF00006C35"}}
Date                          : Thu, 17 Apr 2025 10:23:19 GMT


[2025-04-17 19:23:23] [WARNING] ユーザー soumu-payment@mirai-const.co.jp のOneDriveクォータ情報を取得できませんでした: User's mysite not found.

Status: 404 (NotFound)
ErrorCode: ResourceNotFound
Date: 2025-04-17T10:23:23

Headers:
Vary                          : Accept-Encoding
Strict-Transport-Security     : max-age=31536000
request-id                    : 9a47afa4-8245-4dde-b0f2-c79997fd71d7
client-request-id             : 18edd526-9769-454b-af22-bb9f95eff741
x-ms-ags-diagnostic           : {"ServerInfo":{"DataCenter":"Japan West","Slice":"E","Ring":"3","ScaleUnit":"000","RoleInstance":"OS1PEPF00006C35"}}
Date                          : Thu, 17 Apr 2025 10:23:22 GMT


[2025-04-17 19:23:24] [WARNING] ユーザー mf-jigyoukikaku@miraiconst.onmicrosoft.com のOneDriveクォータ情報を取得できませんでした: User's mysite not found.

Status: 404 (NotFound)
ErrorCode: ResourceNotFound
Date: 2025-04-17T10:23:24

Headers:
Vary                          : Accept-Encoding
Strict-Transport-Security     : max-age=31536000
request-id                    : fec8552d-678c-47c3-8976-2e03f28107bc
client-request-id             : 068f1eb6-346d-4ba3-bed8-e327565de63c
x-ms-ags-diagnostic           : {"ServerInfo":{"DataCenter":"Japan West","Slice":"E","Ring":"3","ScaleUnit":"000","RoleInstance":"OS1PEPF00006C35"}}
Date                          : Thu, 17 Apr 2025 10:23:23 GMT


[2025-04-17 19:23:26] [WARNING] ユーザー henngetest@mirai-const.co.jp のOneDriveクォータ情報を取得できませんでした: User's mysite not found.

Status: 404 (NotFound)
ErrorCode: ResourceNotFound
Date: 2025-04-17T10:23:26

Headers:
Vary                          : Accept-Encoding
Strict-Transport-Security     : max-age=31536000
request-id                    : 78d82851-262b-4ce3-8b1b-b4b2b70323b3
client-request-id             : ac7d4e2a-100d-4abf-a029-b8689d950e00
x-ms-ags-diagnostic           : {"ServerInfo":{"DataCenter":"Japan West","Slice":"E","Ring":"3","ScaleUnit":"000","RoleInstance":"OS1PEPF00006C35"}}
Date                          : Thu, 17 Apr 2025 10:23:26 GMT


[2025-04-17 19:23:39] [WARNING] ユーザー ariake-rakuraku@mirai-const.co.jp のOneDriveクォータ情報を取得できませんでした: User's mysite not found.

Status: 404 (NotFound)
ErrorCode: ResourceNotFound
Date: 2025-04-17T10:23:39

Headers:
Vary                          : Accept-Encoding
Strict-Transport-Security     : max-age=31536000
request-id                    : 36a7141e-6de2-42b9-96e3-d1236f6457e1
client-request-id             : 4c52b94e-4de1-4f40-ab0b-97253b326b3b
x-ms-ags-diagnostic           : {"ServerInfo":{"DataCenter":"Japan West","Slice":"E","Ring":"3","ScaleUnit":"000","RoleInstance":"OS1PEPF00013CFC"}}
Date                          : Thu, 17 Apr 2025 10:23:39 GMT


[2025-04-17 19:23:40] [WARNING] ユーザー system-info@mirai-const.co.jp のOneDriveクォータ情報を取得できませんでした: User's mysite not found.

Status: 404 (NotFound)
ErrorCode: ResourceNotFound
Date: 2025-04-17T10:23:40

Headers:
Vary                          : Accept-Encoding
Strict-Transport-Security     : max-age=31536000
request-id                    : 94ef471b-8e6a-4e01-9196-85965cfeb7dc
client-request-id             : 9b9243ab-fe83-4a64-b4f9-b223832452f9
x-ms-ags-diagnostic           : {"ServerInfo":{"DataCenter":"Japan West","Slice":"E","Ring":"3","ScaleUnit":"000","RoleInstance":"OS1PEPF00013CFC"}}
Date                          : Thu, 17 Apr 2025 10:23:39 GMT


[2025-04-17 19:23:46] [WARNING] ユーザー hideyuki.nomura_halekulaniokinawa.com#EXT#@miraiconst.onmicrosoft.com のOneDriveクォータ情報を取得できませんでした: User's mysite not found.

Status: 404 (NotFound)
ErrorCode: ResourceNotFound
Date: 2025-04-17T10:23:46

Headers:
Vary                          : Accept-Encoding
Strict-Transport-Security     : max-age=31536000
request-id                    : 6211dd2d-f8a3-4c5d-b8f6-b09275308d4a
client-request-id             : ef7021bf-dd54-4e53-8e8b-3b97f4587744
x-ms-ags-diagnostic           : {"ServerInfo":{"DataCenter":"Japan West","Slice":"E","Ring":"3","ScaleUnit":"000","RoleInstance":"OS1PEPF00013CFC"}}
Date                          : Thu, 17 Apr 2025 10:23:46 GMT


[2025-04-17 19:23:46] [WARNING] ユーザー cim-master05@mirai-const.co.jp のOneDriveクォータ情報を取得できませんでした: User's mysite not found.

Status: 404 (NotFound)
ErrorCode: ResourceNotFound
Date: 2025-04-17T10:23:46

Headers:
Vary                          : Accept-Encoding
Strict-Transport-Security     : max-age=31536000
request-id                    : 2dd91da9-285e-4275-add1-3b318ebfa168
client-request-id             : 9c40ddb5-c6ec-49ab-98af-09ce6c368a80
x-ms-ags-diagnostic           : {"ServerInfo":{"DataCenter":"Japan West","Slice":"E","Ring":"3","ScaleUnit":"000","RoleInstance":"OS1PEPF00013CFC"}}
Date                          : Thu, 17 Apr 2025 10:23:46 GMT


[2025-04-17 19:23:47] [WARNING] ユーザー mk-engagement@miraiconst.onmicrosoft.com のOneDriveクォータ情報を取得できませんでした: User's mysite not found.

Status: 404 (NotFound)
ErrorCode: ResourceNotFound
Date: 2025-04-17T10:23:47

Headers:
Vary                          : Accept-Encoding
Strict-Transport-Security     : max-age=31536000
request-id                    : db22eccc-184a-452a-8df5-108fb340c29b
client-request-id             : 3554f8f9-8d46-49ed-a541-8c8a22f38df0
x-ms-ags-diagnostic           : {"ServerInfo":{"DataCenter":"Japan West","Slice":"E","Ring":"3","ScaleUnit":"000","RoleInstance":"OS1PEPF00013CFC"}}
Date                          : Thu, 17 Apr 2025 10:23:47 GMT


[2025-04-17 19:23:47] [WARNING] ユーザー bid-info10m@mirai-const.co.jp のOneDriveクォータ情報を取得できませんでした: User's mysite not found.

Status: 404 (NotFound)
ErrorCode: ResourceNotFound
Date: 2025-04-17T10:23:48

Headers:
Vary                          : Accept-Encoding
Strict-Transport-Security     : max-age=31536000
request-id                    : 19792dff-ecc1-4bed-9d6e-fbce006a0f45
client-request-id             : 827aded2-1f25-414e-8d0e-c75353923e53
x-ms-ags-diagnostic           : {"ServerInfo":{"DataCenter":"Japan West","Slice":"E","Ring":"3","ScaleUnit":"000","RoleInstance":"OS1PEPF00013CFC"}}
Date                          : Thu, 17 Apr 2025 10:23:47 GMT


[2025-04-17 19:23:48] [WARNING] ユーザー bid-info09m@mirai-const.co.jp のOneDriveクォータ情報を取得できませんでした: User's mysite not found.

Status: 404 (NotFound)
ErrorCode: ResourceNotFound
Date: 2025-04-17T10:23:48

Headers:
Vary                          : Accept-Encoding
Strict-Transport-Security     : max-age=31536000
request-id                    : 4755d7a7-8a40-4901-a15f-bca65355baa9
client-request-id             : 3d75fb19-a031-413e-b396-498f6a7f5a12
x-ms-ags-diagnostic           : {"ServerInfo":{"DataCenter":"Japan West","Slice":"E","Ring":"3","ScaleUnit":"000","RoleInstance":"OS1PEPF00013CFC"}}
Date                          : Thu, 17 Apr 2025 10:23:48 GMT


[2025-04-17 19:23:52] [WARNING] ユーザー hokuriku-rakuraku@mirai-const.co.jp のOneDriveクォータ情報を取得できませんでした: User's mysite not found.

Status: 404 (NotFound)
ErrorCode: ResourceNotFound
Date: 2025-04-17T10:23:52

Headers:
Vary                          : Accept-Encoding
Strict-Transport-Security     : max-age=31536000
request-id                    : 9f53b9fb-9655-4cb2-a08f-ca8a89991061
client-request-id             : c76ef6a5-f1a3-4484-9303-70295b4a9ae8
x-ms-ags-diagnostic           : {"ServerInfo":{"DataCenter":"Japan West","Slice":"E","Ring":"3","ScaleUnit":"000","RoleInstance":"OS1PEPF00013CFC"}}
Date                          : Thu, 17 Apr 2025 10:23:51 GMT


[2025-04-17 19:23:54] [WARNING] ユーザー m-ariake@miraiconst.onmicrosoft.com のOneDriveクォータ情報を取得できませんでした: User's mysite not found.

Status: 404 (NotFound)
ErrorCode: ResourceNotFound
Date: 2025-04-17T10:23:54

Headers:
Vary                          : Accept-Encoding
Strict-Transport-Security     : max-age=31536000
request-id                    : f43218d8-7404-49a0-acb0-d1f7592e2da0
client-request-id             : a30666f3-52e9-4e23-81cc-00184d5d9e64
x-ms-ags-diagnostic           : {"ServerInfo":{"DataCenter":"Japan West","Slice":"E","Ring":"3","ScaleUnit":"000","RoleInstance":"OS1PEPF00013CFC"}}
Date                          : Thu, 17 Apr 2025 10:23:54 GMT


[2025-04-17 19:23:55] [WARNING] ユーザー cim-master14@mirai-const.co.jp のOneDriveクォータ情報を取得できませんでした: User's mysite not found.

Status: 404 (NotFound)
ErrorCode: ResourceNotFound
Date: 2025-04-17T10:23:55

Headers:
Vary                          : Accept-Encoding
Strict-Transport-Security     : max-age=31536000
request-id                    : 7600a2a1-899f-4485-9b09-c03da914e6c2
client-request-id             : 7540f263-bac3-4946-bbc7-a12f2b9a2ac2
x-ms-ags-diagnostic           : {"ServerInfo":{"DataCenter":"Japan West","Slice":"E","Ring":"3","ScaleUnit":"000","RoleInstance":"OS1PEPF00013CFC"}}
Date                          : Thu, 17 Apr 2025 10:23:55 GMT


[2025-04-17 19:24:05] [WARNING] ユーザー chubu-rakuraku@mirai-const.co.jp のOneDriveクォータ情報を取得できませんでした: User's mysite not found.

Status: 404 (NotFound)
ErrorCode: ResourceNotFound
Date: 2025-04-17T10:24:05

Headers:
Vary                          : Accept-Encoding
Strict-Transport-Security     : max-age=31536000
request-id                    : 0c01b4ff-1c2f-44c6-b72a-f7ff8bbc6200
client-request-id             : 969ac1ec-e1b0-471e-8905-a0ed80623070
x-ms-ags-diagnostic           : {"ServerInfo":{"DataCenter":"Japan West","Slice":"E","Ring":"3","ScaleUnit":"000","RoleInstance":"OS1PEPF00013CFC"}}
Date                          : Thu, 17 Apr 2025 10:24:05 GMT


[2025-04-17 19:24:10] [WARNING] ユーザー tsubokawa-y92y2_mlit.go.jp#EXT#@miraiconst.onmicrosoft.com のOneDriveクォータ情報を取得できませんでした: User's mysite not found.

Status: 404 (NotFound)
ErrorCode: ResourceNotFound
Date: 2025-04-17T10:24:10

Headers:
Vary                          : Accept-Encoding
Strict-Transport-Security     : max-age=31536000
request-id                    : bbf9143b-e0c0-4d06-a126-1c0ff215a3e7
client-request-id             : 39645d4f-3c5c-4e9a-9baa-9522a711337b
x-ms-ags-diagnostic           : {"ServerInfo":{"DataCenter":"Japan West","Slice":"E","Ring":"3","ScaleUnit":"000","RoleInstance":"OS1PEPF00013CFC"}}
Date                          : Thu, 17 Apr 2025 10:24:10 GMT


[2025-04-17 19:24:12] [WARNING] ユーザー kyushu-rakuraku@mirai-const.co.jp のOneDriveクォータ情報を取得できませんでした: User's mysite not found.

Status: 404 (NotFound)
ErrorCode: ResourceNotFound
Date: 2025-04-17T10:24:12

Headers:
Vary                          : Accept-Encoding
Strict-Transport-Security     : max-age=31536000
request-id                    : 6a4911ca-ca2e-4837-8252-f999599ceefe
client-request-id             : 9bd17069-6164-4740-97dd-e461457e88ac
x-ms-ags-diagnostic           : {"ServerInfo":{"DataCenter":"Japan West","Slice":"E","Ring":"3","ScaleUnit":"000","RoleInstance":"OS1PEPF00013CFC"}}
Date                          : Thu, 17 Apr 2025 10:24:12 GMT


[2025-04-17 19:24:15] [WARNING] ユーザー cim-master01@mirai-const.co.jp のOneDriveクォータ情報を取得できませんでした: User's mysite not found.

Status: 404 (NotFound)
ErrorCode: ResourceNotFound
Date: 2025-04-17T10:24:15

Headers:
Vary                          : Accept-Encoding
Strict-Transport-Security     : max-age=31536000
request-id                    : 7af68367-3a79-44b1-949a-91d20e9c1e46
client-request-id             : dc4d9d8b-7164-45d4-b4bc-6b68af7bb0f0
x-ms-ags-diagnostic           : {"ServerInfo":{"DataCenter":"Japan West","Slice":"E","Ring":"3","ScaleUnit":"000","RoleInstance":"OS1PEPF00013CFC"}}
Date                          : Thu, 17 Apr 2025 10:24:15 GMT


[2025-04-17 19:24:16] [WARNING] ユーザー cim-master@mirai-const.co.jp のOneDriveクォータ情報を取得できませんでした: User's mysite not found.

Status: 404 (NotFound)
ErrorCode: ResourceNotFound
Date: 2025-04-17T10:24:16

Headers:
Vary                          : Accept-Encoding
Strict-Transport-Security     : max-age=31536000
request-id                    : 335c335e-ee9c-4b5b-b80d-4577f3e168c1
client-request-id             : b4731143-87a4-4dda-a54a-98d2feab79b4
x-ms-ags-diagnostic           : {"ServerInfo":{"DataCenter":"Japan West","Slice":"E","Ring":"3","ScaleUnit":"000","RoleInstance":"OS1PEPF00013CFC"}}
Date                          : Thu, 17 Apr 2025 10:24:16 GMT


[2025-04-17 19:24:17] [WARNING] ユーザー cim-master07@mirai-const.co.jp のOneDriveクォータ情報を取得できませんでした: User's mysite not found.

Status: 404 (NotFound)
ErrorCode: ResourceNotFound
Date: 2025-04-17T10:24:17

Headers:
Vary                          : Accept-Encoding
Strict-Transport-Security     : max-age=31536000
request-id                    : 58ab2eea-1507-43ef-9fc1-f12e273b2abd
client-request-id             : bd02e3ab-2628-4b4f-af11-5bc7ca6aeaea
x-ms-ags-diagnostic           : {"ServerInfo":{"DataCenter":"Japan West","Slice":"E","Ring":"3","ScaleUnit":"000","RoleInstance":"OS1PEPF00013CFC"}}
Date                          : Thu, 17 Apr 2025 10:24:16 GMT


[2025-04-17 19:24:22] [WARNING] ユーザー tohoku-rakuraku@mirai-const.co.jp のOneDriveクォータ情報を取得できませんでした: User's mysite not found.

Status: 404 (NotFound)
ErrorCode: ResourceNotFound
Date: 2025-04-17T10:24:22

Headers:
Vary                          : Accept-Encoding
Strict-Transport-Security     : max-age=31536000
request-id                    : fa589d2c-9be3-412b-a4df-7b6c8778997f
client-request-id             : 112d74fe-af9b-47de-8edf-6e5fd22a0e49
x-ms-ags-diagnostic           : {"ServerInfo":{"DataCenter":"Japan West","Slice":"E","Ring":"3","ScaleUnit":"000","RoleInstance":"OS1PEPF00013CFC"}}
Date                          : Thu, 17 Apr 2025 10:24:22 GMT


[2025-04-17 19:24:23] [WARNING] ユーザー cim-master02@mirai-const.co.jp のOneDriveクォータ情報を取得できませんでした: User's mysite not found.

Status: 404 (NotFound)
ErrorCode: ResourceNotFound
Date: 2025-04-17T10:24:23

Headers:
Vary                          : Accept-Encoding
Strict-Transport-Security     : max-age=31536000
request-id                    : 2941662e-a86b-4565-9505-27da3f34a6c8
client-request-id             : e1edf6a6-708e-40da-b03e-90b9607d203d
x-ms-ags-diagnostic           : {"ServerInfo":{"DataCenter":"Japan West","Slice":"E","Ring":"3","ScaleUnit":"000","RoleInstance":"OS1PEPF00013CFC"}}
Date                          : Thu, 17 Apr 2025 10:24:23 GMT


[2025-04-17 19:24:23] [WARNING] ユーザー cim-master09@mirai-const.co.jp のOneDriveクォータ情報を取得できませんでした: User's mysite not found.

Status: 404 (NotFound)
ErrorCode: ResourceNotFound
Date: 2025-04-17T10:24:24

Headers:
Vary                          : Accept-Encoding
Strict-Transport-Security     : max-age=31536000
request-id                    : aa365b94-7204-4421-84f6-8a95313a54fa
client-request-id             : f8a5f739-13f9-4d00-84f3-f8b3eb4fefd1
x-ms-ags-diagnostic           : {"ServerInfo":{"DataCenter":"Japan West","Slice":"E","Ring":"3","ScaleUnit":"000","RoleInstance":"OS1PEPF00013CFC"}}
Date                          : Thu, 17 Apr 2025 10:24:23 GMT


[2025-04-17 19:24:25] [WARNING] ユーザー s-yoshie@mirai-const.co.jp のOneDriveクォータ情報を取得できませんでした: Method invocation failed because [System.Object[]] does not contain a method named 'op_Division'.
[2025-04-17 19:24:28] [WARNING] ユーザー ibaraki-rakuraku@mirai-const.co.jp のOneDriveクォータ情報を取得できませんでした: User's mysite not found.

Status: 404 (NotFound)
ErrorCode: ResourceNotFound
Date: 2025-04-17T10:24:28

Headers:
Vary                          : Accept-Encoding
Strict-Transport-Security     : max-age=31536000
request-id                    : 49e5ac9c-03bf-4f55-a1d6-d01c434fc903
client-request-id             : 03c4cc09-aa09-480c-91b4-a7df4807387c
x-ms-ags-diagnostic           : {"ServerInfo":{"DataCenter":"Japan West","Slice":"E","Ring":"3","ScaleUnit":"000","RoleInstance":"OS1PEPF00013CFC"}}
Date                          : Thu, 17 Apr 2025 10:24:28 GMT


[2025-04-17 19:24:29] [WARNING] ユーザー mksystem-alert@miraiconst.onmicrosoft.com のOneDriveクォータ情報を取得できませんでした: User's mysite not found.

Status: 404 (NotFound)
ErrorCode: ResourceNotFound
Date: 2025-04-17T10:24:30

Headers:
Vary                          : Accept-Encoding
Strict-Transport-Security     : max-age=31536000
request-id                    : dec9c13a-a05b-4320-9e4c-0b05d1dacc80
client-request-id             : 0b5fdd27-0b50-4006-a48e-8ac38a60535c
x-ms-ags-diagnostic           : {"ServerInfo":{"DataCenter":"Japan West","Slice":"E","Ring":"3","ScaleUnit":"000","RoleInstance":"OS1PEPF00013CFC"}}
Date                          : Thu, 17 Apr 2025 10:24:29 GMT


[2025-04-17 19:24:30] [WARNING] ユーザー honsya2-2@miraiconst.onmicrosoft.com のOneDriveクォータ情報を取得できませんでした: User's mysite not found.

Status: 404 (NotFound)
ErrorCode: ResourceNotFound
Date: 2025-04-17T10:24:30

Headers:
Vary                          : Accept-Encoding
Strict-Transport-Security     : max-age=31536000
request-id                    : b39cdddb-953b-4b7a-b252-887701188e5b
client-request-id             : 46294ec3-67ce-447c-8899-f2c730f54252
x-ms-ags-diagnostic           : {"ServerInfo":{"DataCenter":"Japan West","Slice":"E","Ring":"3","ScaleUnit":"000","RoleInstance":"OS1PEPF00013CFC"}}
Date                          : Thu, 17 Apr 2025 10:24:30 GMT


[2025-04-17 19:24:34] [WARNING] ユーザー m-maruta@mirai-const.co.jp のOneDriveクォータ情報を取得できませんでした: User's mysite not found.

Status: 404 (NotFound)
ErrorCode: ResourceNotFound
Date: 2025-04-17T10:24:34

Headers:
Vary                          : Accept-Encoding
Strict-Transport-Security     : max-age=31536000
request-id                    : 3cd812a4-63a6-48b7-a339-cef6408706fc
client-request-id             : 1ebe8aa8-0479-417c-900d-95c0295e6d29
x-ms-ags-diagnostic           : {"ServerInfo":{"DataCenter":"Japan West","Slice":"E","Ring":"3","ScaleUnit":"000","RoleInstance":"OS1PEPF00013CFC"}}
Date                          : Thu, 17 Apr 2025 10:24:33 GMT


[2025-04-17 19:24:35] [WARNING] ユーザー netis@miraiconst.onmicrosoft.com のOneDriveクォータ情報を取得できませんでした: User's mysite not found.

Status: 404 (NotFound)
ErrorCode: ResourceNotFound
Date: 2025-04-17T10:24:36

Headers:
Vary                          : Accept-Encoding
Strict-Transport-Security     : max-age=31536000
request-id                    : f9f9cef9-2c58-4771-9fda-f16f2f478a56
client-request-id             : ae977de6-7410-4e49-8b72-8c2014962838
x-ms-ags-diagnostic           : {"ServerInfo":{"DataCenter":"Japan West","Slice":"E","Ring":"3","ScaleUnit":"000","RoleInstance":"OS1PEPF00013CFC"}}
Date                          : Thu, 17 Apr 2025 10:24:35 GMT


[2025-04-17 19:24:38] [WARNING] ユーザー sh-ishihara-old@miraiconst.onmicrosoft.com のOneDriveクォータ情報を取得できませんでした: User's mysite not found.

Status: 404 (NotFound)
ErrorCode: ResourceNotFound
Date: 2025-04-17T10:24:39

Headers:
Vary                          : Accept-Encoding
Strict-Transport-Security     : max-age=31536000
request-id                    : 1f5bb322-ea9f-407b-bbb6-3494bd24d16c
client-request-id             : 5a43d0da-c3bd-46cf-85ff-8be32461bce8
x-ms-ags-diagnostic           : {"ServerInfo":{"DataCenter":"Japan West","Slice":"E","Ring":"3","ScaleUnit":"000","RoleInstance":"OS1PEPF00013CFC"}}
Date                          : Thu, 17 Apr 2025 10:24:38 GMT


[2025-04-17 19:24:41] [WARNING] ユーザー y-ueno@mirai-const.co.jp のOneDriveクォータ情報を取得できませんでした: User's mysite not found.

Status: 404 (NotFound)
ErrorCode: ResourceNotFound
Date: 2025-04-17T10:24:41

Headers:
Vary                          : Accept-Encoding
Strict-Transport-Security     : max-age=31536000
request-id                    : 15a5c005-aa92-42b7-ba89-98068eeade2d
client-request-id             : 9fbb536a-1f20-47b9-b27f-257e082c3b00
x-ms-ags-diagnostic           : {"ServerInfo":{"DataCenter":"Japan West","Slice":"E","Ring":"3","ScaleUnit":"002","RoleInstance":"OS1PEPF0001454F"}}
Date                          : Thu, 17 Apr 2025 10:24:40 GMT


[2025-04-17 19:24:43] [WARNING] ユーザー osaka-rakuraku@mirai-const.co.jp のOneDriveクォータ情報を取得できませんでした: User's mysite not found.

Status: 404 (NotFound)
ErrorCode: ResourceNotFound
Date: 2025-04-17T10:24:43

Headers:
Vary                          : Accept-Encoding
Strict-Transport-Security     : max-age=31536000
request-id                    : 029ed404-5f97-4678-8eb7-dc451db04c6c
client-request-id             : b6aa233a-a789-4121-8e5c-62e4ca7db4a7
x-ms-ags-diagnostic           : {"ServerInfo":{"DataCenter":"Japan West","Slice":"E","Ring":"3","ScaleUnit":"002","RoleInstance":"OS1PEPF0001454F"}}
Date                          : Thu, 17 Apr 2025 10:24:42 GMT


[2025-04-17 19:24:43] [WARNING] ユーザー apple-id@miraiconst.onmicrosoft.com のOneDriveクォータ情報を取得できませんでした: User's mysite not found.

Status: 404 (NotFound)
ErrorCode: ResourceNotFound
Date: 2025-04-17T10:24:43

Headers:
Vary                          : Accept-Encoding
Strict-Transport-Security     : max-age=31536000
request-id                    : 3996322c-7747-495d-b845-7f0697dc99de
client-request-id             : 09487d7b-2b3d-4b77-929d-d11568369ac9
x-ms-ags-diagnostic           : {"ServerInfo":{"DataCenter":"Japan West","Slice":"E","Ring":"3","ScaleUnit":"002","RoleInstance":"OS1PEPF0001454F"}}
Date                          : Thu, 17 Apr 2025 10:24:42 GMT


[2025-04-17 19:24:44] [WARNING] ユーザー okinawa@miraiconst.onmicrosoft.com のOneDriveクォータ情報を取得できませんでした: User's mysite not found.

Status: 404 (NotFound)
ErrorCode: ResourceNotFound
Date: 2025-04-17T10:24:44

Headers:
Vary                          : Accept-Encoding
Strict-Transport-Security     : max-age=31536000
request-id                    : 6c3fe502-14bf-4122-8abc-dc67e64eb4d2
client-request-id             : 46d2ca28-72ce-4667-8894-922bf8284d74
x-ms-ags-diagnostic           : {"ServerInfo":{"DataCenter":"Japan West","Slice":"E","Ring":"3","ScaleUnit":"002","RoleInstance":"OS1PEPF0001454F"}}
Date                          : Thu, 17 Apr 2025 10:24:43 GMT


[2025-04-17 19:24:51] [WARNING] ユーザー ki-fujita_mitsuifudosan.co.jp#EXT#@miraiconst.onmicrosoft.com のOneDriveクォータ情報を取得できませんでした: User's mysite not found.

Status: 404 (NotFound)
ErrorCode: ResourceNotFound
Date: 2025-04-17T10:24:51

Headers:
Vary                          : Accept-Encoding
Strict-Transport-Security     : max-age=31536000
request-id                    : 27f2ab70-9ba0-46e7-b3b4-553652c394b3
client-request-id             : 94cd6e2d-efb1-4389-a00c-83593bbbfacf
x-ms-ags-diagnostic           : {"ServerInfo":{"DataCenter":"Japan West","Slice":"E","Ring":"3","ScaleUnit":"002","RoleInstance":"OS1PEPF0001454F"}}
Date                          : Thu, 17 Apr 2025 10:24:50 GMT


[2025-04-17 19:24:53] [WARNING] ユーザー shikoku-rakuraku@mirai-const.co.jp のOneDriveクォータ情報を取得できませんでした: User's mysite not found.

Status: 404 (NotFound)
ErrorCode: ResourceNotFound
Date: 2025-04-17T10:24:53

Headers:
Vary                          : Accept-Encoding
Strict-Transport-Security     : max-age=31536000
request-id                    : fabc0bde-ed94-4649-94f5-e4f266c78590
client-request-id             : 98fb20a9-5d09-4081-a905-9e8570e728e1
x-ms-ags-diagnostic           : {"ServerInfo":{"DataCenter":"Japan West","Slice":"E","Ring":"3","ScaleUnit":"002","RoleInstance":"OS1PEPF0001454F"}}
Date                          : Thu, 17 Apr 2025 10:24:52 GMT


[2025-04-17 19:24:55] [WARNING] ユーザー kanri-tokyo@mirai-const.co.jp のOneDriveクォータ情報を取得できませんでした: User's mysite not found.

Status: 404 (NotFound)
ErrorCode: ResourceNotFound
Date: 2025-04-17T10:24:54

Headers:
Vary                          : Accept-Encoding
Strict-Transport-Security     : max-age=31536000
request-id                    : 16fcac9a-e193-4543-9fce-3801dbc09d61
client-request-id             : f71d747b-1bed-4e9c-b659-e55ba1d8b6b0
x-ms-ags-diagnostic           : {"ServerInfo":{"DataCenter":"Japan West","Slice":"E","Ring":"3","ScaleUnit":"002","RoleInstance":"OS1PEPF0001454F"}}
Date                          : Thu, 17 Apr 2025 10:24:53 GMT


[2025-04-17 19:25:00] [WARNING] ユーザー bid-info05m@mirai-const.co.jp のOneDriveクォータ情報を取得できませんでした: User's mysite not found.

Status: 404 (NotFound)
ErrorCode: ResourceNotFound
Date: 2025-04-17T10:25:00

Headers:
Vary                          : Accept-Encoding
Strict-Transport-Security     : max-age=31536000
request-id                    : 4c1030da-5d20-4d84-82e0-d3908d7e5f28
client-request-id             : 412eb04a-b6df-4ebc-a88d-b390c4504c90
x-ms-ags-diagnostic           : {"ServerInfo":{"DataCenter":"Japan West","Slice":"E","Ring":"3","ScaleUnit":"002","RoleInstance":"OS1PEPF0001454F"}}
Date                          : Thu, 17 Apr 2025 10:24:59 GMT


[2025-04-17 19:25:01] [WARNING] ユーザー cim-master12@mirai-const.co.jp のOneDriveクォータ情報を取得できませんでした: User's mysite not found.

Status: 404 (NotFound)
ErrorCode: ResourceNotFound
Date: 2025-04-17T10:25:01

Headers:
Vary                          : Accept-Encoding
Strict-Transport-Security     : max-age=31536000
request-id                    : 76341016-2936-4d4a-85fa-007863ed63a9
client-request-id             : e4f55d5e-864a-4ce5-82fa-57a270f275ea
x-ms-ags-diagnostic           : {"ServerInfo":{"DataCenter":"Japan West","Slice":"E","Ring":"3","ScaleUnit":"002","RoleInstance":"OS1PEPF0001454F"}}
Date                          : Thu, 17 Apr 2025 10:25:00 GMT


[2025-04-17 19:25:01] [WARNING] ユーザー m-chugoku@miraiconst.onmicrosoft.com のOneDriveクォータ情報を取得できませんでした: User's mysite not found.

Status: 404 (NotFound)
ErrorCode: ResourceNotFound
Date: 2025-04-17T10:25:02

Headers:
Vary                          : Accept-Encoding
Strict-Transport-Security     : max-age=31536000
request-id                    : 7c9053ff-ce4c-4d1e-9e94-5b5ce1b11eeb
client-request-id             : 790b5f4b-7c50-45ee-962e-721bd62093db
x-ms-ags-diagnostic           : {"ServerInfo":{"DataCenter":"Japan West","Slice":"E","Ring":"3","ScaleUnit":"002","RoleInstance":"OS1PEPF0001454F"}}
Date                          : Thu, 17 Apr 2025 10:25:01 GMT


[2025-04-17 19:25:02] [WARNING] ユーザー mirai-zoom@miraiconst.onmicrosoft.com のOneDriveクォータ情報を取得できませんでした: User's mysite not found.

Status: 404 (NotFound)
ErrorCode: ResourceNotFound
Date: 2025-04-17T10:25:02

Headers:
Vary                          : Accept-Encoding
Strict-Transport-Security     : max-age=31536000
request-id                    : a4fe953d-012c-4d93-a1b0-a6fa88bf08bd
client-request-id             : 7f5faf0d-4b3d-4829-afb2-8d2fe9ba35e0
x-ms-ags-diagnostic           : {"ServerInfo":{"DataCenter":"Japan West","Slice":"E","Ring":"3","ScaleUnit":"002","RoleInstance":"OS1PEPF0001454F"}}
Date                          : Thu, 17 Apr 2025 10:25:01 GMT


[2025-04-17 19:25:02] [WARNING] ユーザー cim-master11@mirai-const.co.jp のOneDriveクォータ情報を取得できませんでした: User's mysite not found.

Status: 404 (NotFound)
ErrorCode: ResourceNotFound
Date: 2025-04-17T10:25:03

Headers:
Vary                          : Accept-Encoding
Strict-Transport-Security     : max-age=31536000
request-id                    : 08307617-8922-4e57-bf2b-17d1914dad44
client-request-id             : b9be1c20-4302-4aeb-8f3f-e06eefca8884
x-ms-ags-diagnostic           : {"ServerInfo":{"DataCenter":"Japan West","Slice":"E","Ring":"3","ScaleUnit":"002","RoleInstance":"OS1PEPF0001454F"}}
Date                          : Thu, 17 Apr 2025 10:25:02 GMT


[2025-04-17 19:25:06] [WARNING] ユーザー compliance-hotline@miraiconst.onmicrosoft.com のOneDriveクォータ情報を取得できませんでした: User's mysite not found.

Status: 404 (NotFound)
ErrorCode: ResourceNotFound
Date: 2025-04-17T10:25:07

Headers:
Vary                          : Accept-Encoding
Strict-Transport-Security     : max-age=31536000
request-id                    : 7e8eaaf4-aedc-4c41-a1fb-e0594dadc142
client-request-id             : 28e8947c-01a6-4060-9cd9-00f1f493f697
x-ms-ags-diagnostic           : {"ServerInfo":{"DataCenter":"Japan West","Slice":"E","Ring":"3","ScaleUnit":"002","RoleInstance":"OS1PEPF0001454F"}}
Date                          : Thu, 17 Apr 2025 10:25:06 GMT


[2025-04-17 19:25:08] [WARNING] ユーザー takuro.kumada_aaconst.co.jp#EXT#@miraiconst.onmicrosoft.com のOneDriveクォータ情報を取得できませんでした: User's mysite not found.

Status: 404 (NotFound)
ErrorCode: ResourceNotFound
Date: 2025-04-17T10:25:08

Headers:
Vary                          : Accept-Encoding
Strict-Transport-Security     : max-age=31536000
request-id                    : e03cc463-0e4b-4f03-9d28-fb0cbe26a8ae
client-request-id             : f4412bec-83c5-484d-b018-f597fa044d02
x-ms-ags-diagnostic           : {"ServerInfo":{"DataCenter":"Japan West","Slice":"E","Ring":"3","ScaleUnit":"002","RoleInstance":"OS1PEPF0001454F"}}
Date                          : Thu, 17 Apr 2025 10:25:07 GMT


[2025-04-17 19:25:09] [WARNING] ユーザー chiba-rakuraku@mirai-const.co.jp のOneDriveクォータ情報を取得できませんでした: User's mysite not found.

Status: 404 (NotFound)
ErrorCode: ResourceNotFound
Date: 2025-04-17T10:25:10

Headers:
Vary                          : Accept-Encoding
Strict-Transport-Security     : max-age=31536000
request-id                    : 940de03f-b17e-4ca7-b369-8f8d5b41f8cb
client-request-id             : b179f53a-e99c-4f60-b2a6-4fc6c4ce89fb
x-ms-ags-diagnostic           : {"ServerInfo":{"DataCenter":"Japan West","Slice":"E","Ring":"3","ScaleUnit":"002","RoleInstance":"OS1PEPF0001454F"}}
Date                          : Thu, 17 Apr 2025 10:25:09 GMT


[2025-04-17 19:25:10] [WARNING] ユーザー h_kawamura_cdit.or.jp#EXT#@miraiconst.onmicrosoft.com のOneDriveクォータ情報を取得できませんでした: User's mysite not found.

Status: 404 (NotFound)
ErrorCode: ResourceNotFound
Date: 2025-04-17T10:25:10

Headers:
Vary                          : Accept-Encoding
Strict-Transport-Security     : max-age=31536000
request-id                    : ef39d374-9596-4803-b188-6a5e3423f86a
client-request-id             : afaad1f9-4eba-4790-ad59-1142b213b753
x-ms-ags-diagnostic           : {"ServerInfo":{"DataCenter":"Japan West","Slice":"E","Ring":"3","ScaleUnit":"002","RoleInstance":"OS1PEPF0001454F"}}
Date                          : Thu, 17 Apr 2025 10:25:09 GMT


[2025-04-17 19:25:11] [WARNING] ユーザー y-kamei@mirai-const.co.jp のOneDriveクォータ情報を取得できませんでした: Method invocation failed because [System.Object[]] does not contain a method named 'op_Division'.
[2025-04-17 19:25:12] [WARNING] ユーザー bid-info03m@mirai-const.co.jp のOneDriveクォータ情報を取得できませんでした: User's mysite not found.

Status: 404 (NotFound)
ErrorCode: ResourceNotFound
Date: 2025-04-17T10:25:11

Headers:
Vary                          : Accept-Encoding
Strict-Transport-Security     : max-age=31536000
request-id                    : ef92a8f8-5c38-4ac1-9d88-616d22acbe8a
client-request-id             : 35578f14-3ca7-484b-83e0-b7eded55c8f3
x-ms-ags-diagnostic           : {"ServerInfo":{"DataCenter":"Japan West","Slice":"E","Ring":"3","ScaleUnit":"002","RoleInstance":"OS1PEPF0001454F"}}
Date                          : Thu, 17 Apr 2025 10:25:10 GMT


[2025-04-17 19:25:13] [WARNING] ユーザー hokkaido-rakuraku@mirai-const.co.jp のOneDriveクォータ情報を取得できませんでした: User's mysite not found.

Status: 404 (NotFound)
ErrorCode: ResourceNotFound
Date: 2025-04-17T10:25:13

Headers:
Vary                          : Accept-Encoding
Strict-Transport-Security     : max-age=31536000
request-id                    : 70bf1694-8f1e-489f-8c0d-817c49b3acac
client-request-id             : 415ff204-2f12-43a0-abf4-4a22e21de787
x-ms-ags-diagnostic           : {"ServerInfo":{"DataCenter":"Japan West","Slice":"E","Ring":"3","ScaleUnit":"002","RoleInstance":"OS1PEPF0001454F"}}
Date                          : Thu, 17 Apr 2025 10:25:13 GMT


[2025-04-17 19:25:14] [WARNING] ユーザー hp-kanri@miraiconst.onmicrosoft.com のOneDriveクォータ情報を取得できませんでした: User's mysite not found.

Status: 404 (NotFound)
ErrorCode: ResourceNotFound
Date: 2025-04-17T10:25:14

Headers:
Vary                          : Accept-Encoding
Strict-Transport-Security     : max-age=31536000
request-id                    : cc9d7f46-d1b7-4c68-96d2-aebbf355a867
client-request-id             : 8fae0291-2e22-4ed7-97b3-ea16a85cca7e
x-ms-ags-diagnostic           : {"ServerInfo":{"DataCenter":"Japan West","Slice":"E","Ring":"3","ScaleUnit":"002","RoleInstance":"OS1PEPF0001454F"}}
Date                          : Thu, 17 Apr 2025 10:25:14 GMT


[2025-04-17 19:25:16] [WARNING] ユーザー e-watanabe@miraiconst.onmicrosoft.com のOneDriveクォータ情報を取得できませんでした: User's mysite not found.

Status: 404 (NotFound)
ErrorCode: ResourceNotFound
Date: 2025-04-17T10:25:17

Headers:
Vary                          : Accept-Encoding
Strict-Transport-Security     : max-age=31536000
request-id                    : 0177a73c-ddfa-4de4-9189-e789dc097d63
client-request-id             : aee2b77a-72bf-43e6-bfe8-10687ad4bfbe
x-ms-ags-diagnostic           : {"ServerInfo":{"DataCenter":"Japan West","Slice":"E","Ring":"3","ScaleUnit":"002","RoleInstance":"OS1PEPF0001454F"}}
Date                          : Thu, 17 Apr 2025 10:25:17 GMT


[2025-04-17 19:25:17] [WARNING] ユーザー n-sunako@mirai-const.co.jp のOneDriveクォータ情報を取得できませんでした: Method invocation failed because [System.Object[]] does not contain a method named 'op_Division'.
[2025-04-17 19:25:17] [INFO] ユーザー n-sunako@mirai-const.co.jp のroleTemplateId: 69091246-20e8-4a56-aa4d-066075b2a7a8
[2025-04-17 19:25:17] [INFO] ユーザー n-sunako@mirai-const.co.jp は管理者ロール: 69091246-20e8-4a56-aa4d-066075b2a7a8
[2025-04-17 19:25:19] [WARNING] ユーザー yamasaki-s89fa_mlit.go.jp#EXT#@miraiconst.onmicrosoft.com のOneDriveクォータ情報を取得できませんでした: User's mysite not found.

Status: 404 (NotFound)
ErrorCode: ResourceNotFound
Date: 2025-04-17T10:25:19

Headers:
Vary                          : Accept-Encoding
Strict-Transport-Security     : max-age=31536000
request-id                    : af4dfd0f-177f-40b7-9799-07a323bbf9f9
client-request-id             : 86ee15f2-a9c4-4028-a868-16147b2bb0c6
x-ms-ags-diagnostic           : {"ServerInfo":{"DataCenter":"Japan West","Slice":"E","Ring":"3","ScaleUnit":"002","RoleInstance":"OS1PEPF0001454F"}}
Date                          : Thu, 17 Apr 2025 10:25:19 GMT


[2025-04-17 19:25:20] [WARNING] ユーザー mail-info@miraiconst.onmicrosoft.com のOneDriveクォータ情報を取得できませんでした: User's mysite not found.

Status: 404 (NotFound)
ErrorCode: ResourceNotFound
Date: 2025-04-17T10:25:20

Headers:
Vary                          : Accept-Encoding
Strict-Transport-Security     : max-age=31536000
request-id                    : 88e5cbfd-893b-46bf-a76e-70aec7feae7d
client-request-id             : fb70e7d5-433b-4687-b023-6424b2194bb8
x-ms-ags-diagnostic           : {"ServerInfo":{"DataCenter":"Japan West","Slice":"E","Ring":"3","ScaleUnit":"002","RoleInstance":"OS1PEPF0001454F"}}
Date                          : Thu, 17 Apr 2025 10:25:20 GMT


[2025-04-17 19:25:21] [WARNING] ユーザー k-tomioka@mirai-const.co.jp のOneDriveクォータ情報を取得できませんでした: Method invocation failed because [System.Object[]] does not contain a method named 'op_Division'.
[2025-04-17 19:25:24] [WARNING] ユーザー bid-info07m@mirai-const.co.jp のOneDriveクォータ情報を取得できませんでした: User's mysite not found.

Status: 404 (NotFound)
ErrorCode: ResourceNotFound
Date: 2025-04-17T10:25:24

Headers:
Vary                          : Accept-Encoding
Strict-Transport-Security     : max-age=31536000
request-id                    : d93a08eb-0443-4c03-89f6-d5259b2b38a9
client-request-id             : 4b864c49-135c-49b6-a732-8aa5a89931f7
x-ms-ags-diagnostic           : {"ServerInfo":{"DataCenter":"Japan West","Slice":"E","Ring":"3","ScaleUnit":"002","RoleInstance":"OS1PEPF0001454F"}}
Date                          : Thu, 17 Apr 2025 10:25:24 GMT


[2025-04-17 19:25:27] [WARNING] ユーザー cim-master08@mirai-const.co.jp のOneDriveクォータ情報を取得できませんでした: User's mysite not found.

Status: 404 (NotFound)
ErrorCode: ResourceNotFound
Date: 2025-04-17T10:25:27

Headers:
Vary                          : Accept-Encoding
Strict-Transport-Security     : max-age=31536000
request-id                    : f666f9cd-bcf2-47ff-b3c6-9ab03f75f724
client-request-id             : 9ca05dd4-d2b3-45e3-bba8-0b89450ac14c
x-ms-ags-diagnostic           : {"ServerInfo":{"DataCenter":"Japan West","Slice":"E","Ring":"3","ScaleUnit":"002","RoleInstance":"OS1PEPF0001454F"}}
Date                          : Thu, 17 Apr 2025 10:25:27 GMT


[2025-04-17 19:25:28] [WARNING] ユーザー y-tsuzuki@mirai-const.co.jp のOneDriveクォータ情報を取得できませんでした: User's mysite not found.

Status: 404 (NotFound)
ErrorCode: ResourceNotFound
Date: 2025-04-17T10:25:29

Headers:
Vary                          : Accept-Encoding
Strict-Transport-Security     : max-age=31536000
request-id                    : 93072ae6-7f68-4b82-bd29-14cd8e021ed9
client-request-id             : 95517012-3468-4eab-8532-7294386196e8
x-ms-ags-diagnostic           : {"ServerInfo":{"DataCenter":"Japan West","Slice":"E","Ring":"3","ScaleUnit":"002","RoleInstance":"OS1PEPF0001454F"}}
Date                          : Thu, 17 Apr 2025 10:25:28 GMT


[2025-04-17 19:25:29] [WARNING] ユーザー m-info@miraiconst.onmicrosoft.com のOneDriveクォータ情報を取得できませんでした: User's mysite not found.

Status: 404 (NotFound)
ErrorCode: ResourceNotFound
Date: 2025-04-17T10:25:29

Headers:
Vary                          : Accept-Encoding
Strict-Transport-Security     : max-age=31536000
request-id                    : 9bceb13a-85a8-4b2d-8cf3-6dfda251be6b
client-request-id             : 8edb61ff-7ab7-4e5b-97de-551e72e26fee
x-ms-ags-diagnostic           : {"ServerInfo":{"DataCenter":"Japan West","Slice":"E","Ring":"3","ScaleUnit":"002","RoleInstance":"OS1PEPF0001454F"}}
Date                          : Thu, 17 Apr 2025 10:25:29 GMT


[2025-04-17 19:25:32] [WARNING] ユーザー hokkaido@miraiconst.onmicrosoft.com のOneDriveクォータ情報を取得できませんでした: User's mysite not found.

Status: 404 (NotFound)
ErrorCode: ResourceNotFound
Date: 2025-04-17T10:25:32

Headers:
Vary                          : Accept-Encoding
Strict-Transport-Security     : max-age=31536000
request-id                    : 268cccb2-7a07-4b2f-bd52-f0a8238da17f
client-request-id             : 9a33efa2-77aa-4d6c-bee7-0c869d122b0b
x-ms-ags-diagnostic           : {"ServerInfo":{"DataCenter":"Japan West","Slice":"E","Ring":"3","ScaleUnit":"002","RoleInstance":"OS1PEPF0001454F"}}
Date                          : Thu, 17 Apr 2025 10:25:32 GMT


[2025-04-17 19:25:32] [WARNING] ユーザー yokohama-rakuraku@mirai-const.co.jp のOneDriveクォータ情報を取得できませんでした: User's mysite not found.

Status: 404 (NotFound)
ErrorCode: ResourceNotFound
Date: 2025-04-17T10:25:32

Headers:
Vary                          : Accept-Encoding
Strict-Transport-Security     : max-age=31536000
request-id                    : ca2aef3b-eea4-474a-bc2d-fd4c6abc285d
client-request-id             : b94523b5-5c35-4381-a12b-a7e916dfc4e1
x-ms-ags-diagnostic           : {"ServerInfo":{"DataCenter":"Japan West","Slice":"E","Ring":"3","ScaleUnit":"002","RoleInstance":"OS1PEPF0001454F"}}
Date                          : Thu, 17 Apr 2025 10:25:32 GMT


[2025-04-17 19:25:34] [WARNING] ユーザー keieikikaku@miraiconst.onmicrosoft.com のOneDriveクォータ情報を取得できませんでした: User's mysite not found.

Status: 404 (NotFound)
ErrorCode: ResourceNotFound
Date: 2025-04-17T10:25:34

Headers:
Vary                          : Accept-Encoding
Strict-Transport-Security     : max-age=31536000
request-id                    : 83027cb9-5e66-49f5-a327-79798c76d0b5
client-request-id             : 81240483-2849-4fd0-8228-38a2f6a6178f
x-ms-ags-diagnostic           : {"ServerInfo":{"DataCenter":"Japan West","Slice":"E","Ring":"3","ScaleUnit":"002","RoleInstance":"OS1PEPF0001454F"}}
Date                          : Thu, 17 Apr 2025 10:25:34 GMT


[2025-04-17 19:25:35] [WARNING] ユーザー bid-info11m@mirai-const.co.jp のOneDriveクォータ情報を取得できませんでした: User's mysite not found.

Status: 404 (NotFound)
ErrorCode: ResourceNotFound
Date: 2025-04-17T10:25:35

Headers:
Vary                          : Accept-Encoding
Strict-Transport-Security     : max-age=31536000
request-id                    : de6192c2-7b01-44e6-953f-ea2bc91470e9
client-request-id             : d49245f8-31b6-4435-9017-5547aeaa01c7
x-ms-ags-diagnostic           : {"ServerInfo":{"DataCenter":"Japan West","Slice":"E","Ring":"3","ScaleUnit":"002","RoleInstance":"OS1PEPF0001454F"}}
Date                          : Thu, 17 Apr 2025 10:25:35 GMT


[2025-04-17 19:25:36] [WARNING] ユーザー bid-info08m@mirai-const.co.jp のOneDriveクォータ情報を取得できませんでした: User's mysite not found.

Status: 404 (NotFound)
ErrorCode: ResourceNotFound
Date: 2025-04-17T10:25:36

Headers:
Vary                          : Accept-Encoding
Strict-Transport-Security     : max-age=31536000
request-id                    : 5639ab78-d90a-4e3e-bee0-c0b16af45d0a
client-request-id             : 28bbed72-3312-4e93-812e-cd82c813a28f
x-ms-ags-diagnostic           : {"ServerInfo":{"DataCenter":"Japan West","Slice":"E","Ring":"3","ScaleUnit":"002","RoleInstance":"OS1PEPF0001454F"}}
Date                          : Thu, 17 Apr 2025 10:25:36 GMT


[2025-04-17 19:25:38] [WARNING] ユーザー cim-master16@mirai-const.co.jp のOneDriveクォータ情報を取得できませんでした: User's mysite not found.

Status: 404 (NotFound)
ErrorCode: ResourceNotFound
Date: 2025-04-17T10:25:38

Headers:
Vary                          : Accept-Encoding
Strict-Transport-Security     : max-age=31536000
request-id                    : 21f3fed1-ea6e-4abf-b2e8-01d9d613b297
client-request-id             : a9f56152-b0ff-43a9-be18-48c977f6a0cd
x-ms-ags-diagnostic           : {"ServerInfo":{"DataCenter":"Japan West","Slice":"E","Ring":"3","ScaleUnit":"002","RoleInstance":"OS1PEPF0001454F"}}
Date                          : Thu, 17 Apr 2025 10:25:38 GMT


[2025-04-17 19:25:39] [WARNING] ユーザー cim-master06@mirai-const.co.jp のOneDriveクォータ情報を取得できませんでした: User's mysite not found.

Status: 404 (NotFound)
ErrorCode: ResourceNotFound
Date: 2025-04-17T10:25:39

Headers:
Vary                          : Accept-Encoding
Strict-Transport-Security     : max-age=31536000
request-id                    : 7e589fe8-903d-4e14-80d8-daa45cd7cf8a
client-request-id             : a140b09b-d80f-4ff4-96dd-8039cbf985bb
x-ms-ags-diagnostic           : {"ServerInfo":{"DataCenter":"Japan West","Slice":"E","Ring":"3","ScaleUnit":"002","RoleInstance":"OS1PEPF0001454F"}}
Date                          : Thu, 17 Apr 2025 10:25:39 GMT


[2025-04-17 19:25:42] [WARNING] ユーザー S.Nagano_otsuka-shokai.co.jp#EXT#@miraiconst.onmicrosoft.com のOneDriveクォータ情報を取得できませんでした: User's mysite not found.

Status: 404 (NotFound)
ErrorCode: ResourceNotFound
Date: 2025-04-17T10:25:42

Headers:
Vary                          : Accept-Encoding
Strict-Transport-Security     : max-age=31536000
request-id                    : 6af5be3b-541b-4fd8-8f93-216b41b88983
client-request-id             : d0556c96-c1e7-4b21-a57b-0dd8ca5c089d
x-ms-ags-diagnostic           : {"ServerInfo":{"DataCenter":"Japan West","Slice":"E","Ring":"3","ScaleUnit":"002","RoleInstance":"OS1PEPF00008911"}}
Date                          : Thu, 17 Apr 2025 10:25:42 GMT


[2025-04-17 19:25:44] [WARNING] ユーザー k-sugimoto@miraiconst.onmicrosoft.com のOneDriveクォータ情報を取得できませんでした: User's mysite not found.

Status: 404 (NotFound)
ErrorCode: ResourceNotFound
Date: 2025-04-17T10:25:45

Headers:
Vary                          : Accept-Encoding
Strict-Transport-Security     : max-age=31536000
request-id                    : ef9f0394-e12e-4343-b6ff-dd6f8102524f
client-request-id             : c4720c6b-fb1a-4e3d-ba11-d8ecaaa862b3
x-ms-ags-diagnostic           : {"ServerInfo":{"DataCenter":"Japan West","Slice":"E","Ring":"3","ScaleUnit":"002","RoleInstance":"OS1PEPF00008911"}}
Date                          : Thu, 17 Apr 2025 10:25:44 GMT


[2025-04-17 19:25:46] [WARNING] ユーザー kita-kyushu@miraiconst.onmicrosoft.com のOneDriveクォータ情報を取得できませんでした: User's mysite not found.

Status: 404 (NotFound)
ErrorCode: ResourceNotFound
Date: 2025-04-17T10:25:46

Headers:
Vary                          : Accept-Encoding
Strict-Transport-Security     : max-age=31536000
request-id                    : aabc7a8b-1f2f-4b5c-84f1-ae88a2dfc2b1
client-request-id             : 936df639-ef91-4acf-8d38-6ded2ffbf01d
x-ms-ags-diagnostic           : {"ServerInfo":{"DataCenter":"Japan West","Slice":"E","Ring":"3","ScaleUnit":"002","RoleInstance":"OS1PEPF00008911"}}
Date                          : Thu, 17 Apr 2025 10:25:45 GMT


[2025-04-17 19:25:49] [WARNING] ユーザー bid-info@mirai-const.co.jp のOneDriveクォータ情報を取得できませんでした: User's mysite not found.

Status: 404 (NotFound)
ErrorCode: ResourceNotFound
Date: 2025-04-17T10:25:48

Headers:
Vary                          : Accept-Encoding
Strict-Transport-Security     : max-age=31536000
request-id                    : 926f5bf1-a4e0-441b-a925-eac45e911c8c
client-request-id             : db015349-ddbb-498d-bba5-efab73554eff
x-ms-ags-diagnostic           : {"ServerInfo":{"DataCenter":"Japan West","Slice":"E","Ring":"3","ScaleUnit":"002","RoleInstance":"OS1PEPF00008911"}}
Date                          : Thu, 17 Apr 2025 10:25:48 GMT


[2025-04-17 19:25:50] [WARNING] ユーザー bid-info01m@mirai-const.co.jp のOneDriveクォータ情報を取得できませんでした: User's mysite not found.

Status: 404 (NotFound)
ErrorCode: ResourceNotFound
Date: 2025-04-17T10:25:50

Headers:
Vary                          : Accept-Encoding
Strict-Transport-Security     : max-age=31536000
request-id                    : 8cc98b75-3bdd-4959-b140-32b7fa73fd2a
client-request-id             : e25b8971-4113-4660-bbc9-6da5c1cd3836
x-ms-ags-diagnostic           : {"ServerInfo":{"DataCenter":"Japan West","Slice":"E","Ring":"3","ScaleUnit":"002","RoleInstance":"OS1PEPF00008911"}}
Date                          : Thu, 17 Apr 2025 10:25:50 GMT


[2025-04-17 19:25:51] [INFO] ユーザー r-niikura@mirai-const.co.jp のroleTemplateId: 62e90394-69f5-4237-9190-012177145e10
[2025-04-17 19:25:51] [INFO] ユーザー r-niikura@mirai-const.co.jp は管理者ロール: 62e90394-69f5-4237-9190-012177145e10
[2025-04-17 19:25:51] [WARNING] ユーザー zaimu@mirai-const.co.jp のOneDriveクォータ情報を取得できませんでした: User's mysite not found.

Status: 404 (NotFound)
ErrorCode: ResourceNotFound
Date: 2025-04-17T10:25:52

Headers:
Vary                          : Accept-Encoding
Strict-Transport-Security     : max-age=31536000
request-id                    : ff6953ff-547c-41f2-b7e9-4ccab3a9e2f1
client-request-id             : 07824823-d51a-40ef-b554-a4e42c9adae1
x-ms-ags-diagnostic           : {"ServerInfo":{"DataCenter":"Japan West","Slice":"E","Ring":"3","ScaleUnit":"002","RoleInstance":"OS1PEPF00008911"}}
Date                          : Thu, 17 Apr 2025 10:25:51 GMT


[2025-04-17 19:25:53] [INFO] ユーザー k-okada@mirai-const.co.jp のroleTemplateId: 69091246-20e8-4a56-aa4d-066075b2a7a8
[2025-04-17 19:25:53] [INFO] ユーザー k-okada@mirai-const.co.jp は管理者ロール: 69091246-20e8-4a56-aa4d-066075b2a7a8
[2025-04-17 19:25:53] [WARNING] ユーザー cim-master15@mirai-const.co.jp のOneDriveクォータ情報を取得できませんでした: User's mysite not found.

Status: 404 (NotFound)
ErrorCode: ResourceNotFound
Date: 2025-04-17T10:25:53

Headers:
Vary                          : Accept-Encoding
Strict-Transport-Security     : max-age=31536000
request-id                    : 95fd33d8-062e-47b2-903f-de083f0b6964
client-request-id             : c1fc4bc3-9302-4576-b1e4-b59a07aacf25
x-ms-ags-diagnostic           : {"ServerInfo":{"DataCenter":"Japan West","Slice":"E","Ring":"3","ScaleUnit":"002","RoleInstance":"OS1PEPF00008911"}}
Date                          : Thu, 17 Apr 2025 10:25:53 GMT


[2025-04-17 19:25:56] [WARNING] ユーザー ats-watanabe_mitsuifudosan.co.jp#EXT#@miraiconst.onmicrosoft.com のOneDriveクォータ情報を取得できませんでした: User's mysite not found.

Status: 404 (NotFound)
ErrorCode: ResourceNotFound
Date: 2025-04-17T10:25:56

Headers:
Vary                          : Accept-Encoding
Strict-Transport-Security     : max-age=31536000
request-id                    : dff30a92-e524-4af9-a694-2f0b6655158d
client-request-id             : 7f8e0b30-ea05-4c8a-a9a0-3f77254d889a
x-ms-ags-diagnostic           : {"ServerInfo":{"DataCenter":"Japan West","Slice":"E","Ring":"3","ScaleUnit":"002","RoleInstance":"OS1PEPF00008911"}}
Date                          : Thu, 17 Apr 2025 10:25:56 GMT


[2025-04-17 19:25:57] [WARNING] ユーザー t-kumai@miraiconst.onmicrosoft.com のOneDriveクォータ情報を取得できませんでした: User's mysite not found.

Status: 404 (NotFound)
ErrorCode: ResourceNotFound
Date: 2025-04-17T10:25:58

Headers:
Vary                          : Accept-Encoding
Strict-Transport-Security     : max-age=31536000
request-id                    : f6330dde-a5ec-4b72-b99c-c6e9dd8e6322
client-request-id             : a7ce9480-f9f0-4061-8300-6bde715f514b
x-ms-ags-diagnostic           : {"ServerInfo":{"DataCenter":"Japan West","Slice":"E","Ring":"3","ScaleUnit":"002","RoleInstance":"OS1PEPF00008911"}}
Date                          : Thu, 17 Apr 2025 10:25:57 GMT


[2025-04-17 19:26:00] [WARNING] ユーザー bid-info12m@mirai-const.co.jp のOneDriveクォータ情報を取得できませんでした: User's mysite not found.

Status: 404 (NotFound)
ErrorCode: ResourceNotFound
Date: 2025-04-17T10:26:00

Headers:
Vary                          : Accept-Encoding
Strict-Transport-Security     : max-age=31536000
request-id                    : 1dfc8d76-0903-43ea-99f0-58b4d9726aba
client-request-id             : 5cc56c98-1470-4b93-839f-eb1aacaf148a
x-ms-ags-diagnostic           : {"ServerInfo":{"DataCenter":"Japan West","Slice":"E","Ring":"3","ScaleUnit":"002","RoleInstance":"OS1PEPF00008911"}}
Date                          : Thu, 17 Apr 2025 10:25:59 GMT


[2025-04-17 19:26:00] [WARNING] ユーザー cim-master03@mirai-const.co.jp のOneDriveクォータ情報を取得できませんでした: User's mysite not found.

Status: 404 (NotFound)
ErrorCode: ResourceNotFound
Date: 2025-04-17T10:26:00

Headers:
Vary                          : Accept-Encoding
Strict-Transport-Security     : max-age=31536000
request-id                    : be2d4f9a-a4b6-46cd-a10a-c5c99b7e77dd
client-request-id             : 8919bd7a-cf11-4629-9d62-5cd04c686e47
x-ms-ags-diagnostic           : {"ServerInfo":{"DataCenter":"Japan West","Slice":"E","Ring":"3","ScaleUnit":"002","RoleInstance":"OS1PEPF00008911"}}
Date                          : Thu, 17 Apr 2025 10:26:00 GMT


[2025-04-17 19:26:05] [WARNING] ユーザー tech@miraiconst.onmicrosoft.com のOneDriveクォータ情報を取得できませんでした: User's mysite not found.

Status: 404 (NotFound)
ErrorCode: ResourceNotFound
Date: 2025-04-17T10:26:05

Headers:
Vary                          : Accept-Encoding
Strict-Transport-Security     : max-age=31536000
request-id                    : ad926a98-b55a-4420-ac25-f139d855c502
client-request-id             : 3b894456-6e8f-435e-9b7e-c58a7ea59a40
x-ms-ags-diagnostic           : {"ServerInfo":{"DataCenter":"Japan West","Slice":"E","Ring":"3","ScaleUnit":"002","RoleInstance":"OS1PEPF00008911"}}
Date                          : Thu, 17 Apr 2025 10:26:05 GMT


[2025-04-17 19:26:07] [WARNING] ユーザー sketchup@miraiconst.onmicrosoft.com のOneDriveクォータ情報を取得できませんでした: User's mysite not found.

Status: 404 (NotFound)
ErrorCode: ResourceNotFound
Date: 2025-04-17T10:26:08

Headers:
Vary                          : Accept-Encoding
Strict-Transport-Security     : max-age=31536000
request-id                    : ac3864d3-0c3a-4ea9-860f-81cba38790e8
client-request-id             : c569f69f-498b-43ed-a9ca-3cc12d59671e
x-ms-ags-diagnostic           : {"ServerInfo":{"DataCenter":"Japan West","Slice":"E","Ring":"3","ScaleUnit":"002","RoleInstance":"OS1PEPF00008911"}}
Date                          : Thu, 17 Apr 2025 10:26:07 GMT


[2025-04-17 19:26:09] [WARNING] ユーザー y-tajima@mirai-const.co.jp のOneDriveクォータ情報を取得できませんでした: User's mysite not found.

Status: 404 (NotFound)
ErrorCode: ResourceNotFound
Date: 2025-04-17T10:26:08

Headers:
Vary                          : Accept-Encoding
Strict-Transport-Security     : max-age=31536000
request-id                    : c3c45138-be33-40e0-a028-87491acb9a82
client-request-id             : 32208ac2-eea9-4b3c-a4b0-ece6a479b07f
x-ms-ags-diagnostic           : {"ServerInfo":{"DataCenter":"Japan West","Slice":"E","Ring":"3","ScaleUnit":"002","RoleInstance":"OS1PEPF00008911"}}
Date                          : Thu, 17 Apr 2025 10:26:07 GMT


[2025-04-17 19:26:09] [WARNING] ユーザー kaikei-support@mirai-const.co.jp のOneDriveクォータ情報を取得できませんでした: User's mysite not found.

Status: 404 (NotFound)
ErrorCode: ResourceNotFound
Date: 2025-04-17T10:26:09

Headers:
Vary                          : Accept-Encoding
Strict-Transport-Security     : max-age=31536000
request-id                    : b6dba2d1-d22f-4e2e-bb02-ef62bbc29a47
client-request-id             : 354b7128-bf0f-4f9c-9ac9-9fe34c0f7c52
x-ms-ags-diagnostic           : {"ServerInfo":{"DataCenter":"Japan West","Slice":"E","Ring":"3","ScaleUnit":"002","RoleInstance":"OS1PEPF00008911"}}
Date                          : Thu, 17 Apr 2025 10:26:08 GMT


[2025-04-17 19:26:13] [WARNING] ユーザー gijyutsu@mirai-const.co.jp のOneDriveクォータ情報を取得できませんでした: User's mysite not found.

Status: 404 (NotFound)
ErrorCode: ResourceNotFound
Date: 2025-04-17T10:26:13

Headers:
Vary                          : Accept-Encoding
Strict-Transport-Security     : max-age=31536000
request-id                    : 7002e324-2b7b-4422-993c-956f7a9fd02e
client-request-id             : 7ac7a78d-4ace-4a36-ac90-ab5692032ca4
x-ms-ags-diagnostic           : {"ServerInfo":{"DataCenter":"Japan West","Slice":"E","Ring":"3","ScaleUnit":"002","RoleInstance":"OS1PEPF00008911"}}
Date                          : Thu, 17 Apr 2025 10:26:12 GMT


[2025-04-17 19:26:13] [WARNING] ユーザー m-suzuki@mirai-const.co.jp のOneDriveクォータ情報を取得できませんでした: User's mysite not found.

Status: 404 (NotFound)
ErrorCode: ResourceNotFound
Date: 2025-04-17T10:26:13

Headers:
Vary                          : Accept-Encoding
Strict-Transport-Security     : max-age=31536000
request-id                    : c7a9cb90-0707-4231-987b-5184d5295ade
client-request-id             : 1eac5e3f-ffdc-4e81-a42b-441e77fb5976
x-ms-ags-diagnostic           : {"ServerInfo":{"DataCenter":"Japan West","Slice":"E","Ring":"3","ScaleUnit":"002","RoleInstance":"OS1PEPF00008911"}}
Date                          : Thu, 17 Apr 2025 10:26:12 GMT


[2025-04-17 19:26:15] [WARNING] ユーザー Sync_AZSV0001_b63ec191406d@miraiconst.onmicrosoft.com のOneDriveクォータ情報を取得できませんでした: User's mysite not found.

Status: 404 (NotFound)
ErrorCode: ResourceNotFound
Date: 2025-04-17T10:26:16

Headers:
Vary                          : Accept-Encoding
Strict-Transport-Security     : max-age=31536000
request-id                    : 18da4960-287e-4f1d-bfa5-92ccaccd58da
client-request-id             : 30165846-b7bc-430b-a443-2d52079c45af
x-ms-ags-diagnostic           : {"ServerInfo":{"DataCenter":"Japan West","Slice":"E","Ring":"3","ScaleUnit":"002","RoleInstance":"OS1PEPF00008911"}}
Date                          : Thu, 17 Apr 2025 10:26:15 GMT


[2025-04-17 19:26:16] [INFO] ユーザー Sync_AZSV0001_b63ec191406d@miraiconst.onmicrosoft.com のroleTemplateId: d29b2b05-8046-44ba-8758-1e26182fcf32
[2025-04-17 19:26:16] [WARNING] ユーザー kanri-kyushu@mirai-const.co.jp のOneDriveクォータ情報を取得できませんでした: User's mysite not found.

Status: 404 (NotFound)
ErrorCode: ResourceNotFound
Date: 2025-04-17T10:26:17

Headers:
Vary                          : Accept-Encoding
Strict-Transport-Security     : max-age=31536000
request-id                    : 59fb4ca1-dc5e-4f53-8ace-d69af9f3771d
client-request-id             : b7f33e37-fba5-49a8-a614-8fd75e444f37
x-ms-ags-diagnostic           : {"ServerInfo":{"DataCenter":"Japan West","Slice":"E","Ring":"3","ScaleUnit":"002","RoleInstance":"OS1PEPF00008911"}}
Date                          : Thu, 17 Apr 2025 10:26:16 GMT


[2025-04-17 19:26:19] [WARNING] ユーザー bid-info04m@mirai-const.co.jp のOneDriveクォータ情報を取得できませんでした: User's mysite not found.

Status: 404 (NotFound)
ErrorCode: ResourceNotFound
Date: 2025-04-17T10:26:19

Headers:
Vary                          : Accept-Encoding
Strict-Transport-Security     : max-age=31536000
request-id                    : 0e887285-9db8-4bab-8648-7bc3c4faa4fc
client-request-id             : 796d9709-e85d-4665-8f35-4426c7ed572c
x-ms-ags-diagnostic           : {"ServerInfo":{"DataCenter":"Japan West","Slice":"E","Ring":"3","ScaleUnit":"002","RoleInstance":"OS1PEPF00008911"}}
Date                          : Thu, 17 Apr 2025 10:26:18 GMT


[2025-04-17 19:26:19] [WARNING] ユーザー cim-master04@mirai-const.co.jp のOneDriveクォータ情報を取得できませんでした: User's mysite not found.

Status: 404 (NotFound)
ErrorCode: ResourceNotFound
Date: 2025-04-17T10:26:20

Headers:
Vary                          : Accept-Encoding
Strict-Transport-Security     : max-age=31536000
request-id                    : 65a2bb3d-5319-4749-910f-986df6b06e75
client-request-id             : c91dd0d5-7bef-4e5a-a715-c17d1e2f4637
x-ms-ags-diagnostic           : {"ServerInfo":{"DataCenter":"Japan West","Slice":"E","Ring":"3","ScaleUnit":"002","RoleInstance":"OS1PEPF00008911"}}
Date                          : Thu, 17 Apr 2025 10:26:19 GMT


[2025-04-17 19:26:20] [WARNING] ユーザー share@mirai-const.co.jp のOneDriveクォータ情報を取得できませんでした: User's mysite not found.

Status: 404 (NotFound)
ErrorCode: ResourceNotFound
Date: 2025-04-17T10:26:20

Headers:
Vary                          : Accept-Encoding
Strict-Transport-Security     : max-age=31536000
request-id                    : c1302533-0bb1-4fb2-b8ba-34a93f22d138
client-request-id             : 0d335830-63dc-4140-b48b-41ee4ca74785
x-ms-ags-diagnostic           : {"ServerInfo":{"DataCenter":"Japan West","Slice":"E","Ring":"3","ScaleUnit":"002","RoleInstance":"OS1PEPF00008911"}}
Date                          : Thu, 17 Apr 2025 10:26:19 GMT


[2025-04-17 19:26:20] [WARNING] ユーザー kitakyushu-rakuraku@mirai-const.co.jp のOneDriveクォータ情報を取得できませんでした: User's mysite not found.

Status: 404 (NotFound)
ErrorCode: ResourceNotFound
Date: 2025-04-17T10:26:20

Headers:
Vary                          : Accept-Encoding
Strict-Transport-Security     : max-age=31536000
request-id                    : 5e1af819-61aa-4504-bd59-49c35ecd136c
client-request-id             : 5d1b64b4-220a-4ff5-8875-b4e17fab7569
x-ms-ags-diagnostic           : {"ServerInfo":{"DataCenter":"Japan West","Slice":"E","Ring":"3","ScaleUnit":"002","RoleInstance":"OS1PEPF00008911"}}
Date                          : Thu, 17 Apr 2025 10:26:19 GMT


[2025-04-17 19:26:20] [WARNING] ユーザー amazon-biz@mirai-const.co.jp のOneDriveクォータ情報を取得できませんでした: User's mysite not found.

Status: 404 (NotFound)
ErrorCode: ResourceNotFound
Date: 2025-04-17T10:26:21

Headers:
Vary                          : Accept-Encoding
Strict-Transport-Security     : max-age=31536000
request-id                    : 30b318ff-bc09-4e4c-b9f9-3b1e96fe0100
client-request-id             : 7e04e81b-1617-41f1-ae14-96c3e964b97c
x-ms-ags-diagnostic           : {"ServerInfo":{"DataCenter":"Japan West","Slice":"E","Ring":"3","ScaleUnit":"002","RoleInstance":"OS1PEPF00008911"}}
Date                          : Thu, 17 Apr 2025 10:26:20 GMT


[2025-04-17 19:26:23] [WARNING] ユーザー shizuoka-rakuraku@mirai-const.co.jp のOneDriveクォータ情報を取得できませんでした: User's mysite not found.

Status: 404 (NotFound)
ErrorCode: ResourceNotFound
Date: 2025-04-17T10:26:23

Headers:
Vary                          : Accept-Encoding
Strict-Transport-Security     : max-age=31536000
request-id                    : 57bca266-e579-40ce-be08-16fec825cb0a
client-request-id             : 1ec6d2ae-6196-47b2-8cfc-1593833cd98a
x-ms-ags-diagnostic           : {"ServerInfo":{"DataCenter":"Japan West","Slice":"E","Ring":"3","ScaleUnit":"002","RoleInstance":"OS1PEPF00008911"}}
Date                          : Thu, 17 Apr 2025 10:26:23 GMT


[2025-04-17 19:26:24] [WARNING] ユーザー tokyokouji-rakuraku@mirai-const.co.jp のOneDriveクォータ情報を取得できませんでした: User's mysite not found.

Status: 404 (NotFound)
ErrorCode: ResourceNotFound
Date: 2025-04-17T10:26:24

Headers:
Vary                          : Accept-Encoding
Strict-Transport-Security     : max-age=31536000
request-id                    : 2f949363-b16b-4c78-9d44-58941651e1f1
client-request-id             : 5b7c325a-1936-44ee-8775-642181c1689e
x-ms-ags-diagnostic           : {"ServerInfo":{"DataCenter":"Japan West","Slice":"E","Ring":"3","ScaleUnit":"002","RoleInstance":"OS1PEPF00008911"}}
Date                          : Thu, 17 Apr 2025 10:26:23 GMT


[2025-04-17 19:26:26] [WARNING] ユーザー honsya2-1@miraiconst.onmicrosoft.com のOneDriveクォータ情報を取得できませんでした: User's mysite not found.

Status: 404 (NotFound)
ErrorCode: ResourceNotFound
Date: 2025-04-17T10:26:26

Headers:
Vary                          : Accept-Encoding
Strict-Transport-Security     : max-age=31536000
request-id                    : d0ad88d5-88a4-47e0-87a9-e431824e6149
client-request-id             : 71ea47b5-19f7-4177-90f5-764c40fcf40a
x-ms-ags-diagnostic           : {"ServerInfo":{"DataCenter":"Japan West","Slice":"E","Ring":"3","ScaleUnit":"002","RoleInstance":"OS1PEPF00008911"}}
Date                          : Thu, 17 Apr 2025 10:26:25 GMT


[2025-04-17 19:26:28] [WARNING] ユーザー ito_mainmark.co.jp#EXT#@miraiconst.onmicrosoft.com のOneDriveクォータ情報を取得できませんでした: User's mysite not found.

Status: 404 (NotFound)
ErrorCode: ResourceNotFound
Date: 2025-04-17T10:26:28

Headers:
Vary                          : Accept-Encoding
Strict-Transport-Security     : max-age=31536000
request-id                    : a19b77d2-0dd4-4428-ba67-927935549e2e
client-request-id             : 5845f7e8-3473-445a-b7e0-8eb5fa11543e
x-ms-ags-diagnostic           : {"ServerInfo":{"DataCenter":"Japan West","Slice":"E","Ring":"3","ScaleUnit":"002","RoleInstance":"OS1PEPF00008911"}}
Date                          : Thu, 17 Apr 2025 10:26:28 GMT


[2025-04-17 19:26:30] [WARNING] ユーザー yk-takahashi_mitsuifudosan.co.jp#EXT#@miraiconst.onmicrosoft.com のOneDriveクォータ情報を取得できませんでした: User's mysite not found.

Status: 404 (NotFound)
ErrorCode: ResourceNotFound
Date: 2025-04-17T10:26:30

Headers:
Vary                          : Accept-Encoding
Strict-Transport-Security     : max-age=31536000
request-id                    : de337812-6d89-405e-9af4-9a989497d029
client-request-id             : fe7e391a-e227-4d8c-8e57-25e131f57f5a
x-ms-ags-diagnostic           : {"ServerInfo":{"DataCenter":"Japan West","Slice":"E","Ring":"3","ScaleUnit":"002","RoleInstance":"OS1PEPF00008911"}}
Date                          : Thu, 17 Apr 2025 10:26:29 GMT


[2025-04-17 19:26:31] [WARNING] ユーザー chugoku-rakuraku@mirai-const.co.jp のOneDriveクォータ情報を取得できませんでした: User's mysite not found.

Status: 404 (NotFound)
ErrorCode: ResourceNotFound
Date: 2025-04-17T10:26:31

Headers:
Vary                          : Accept-Encoding
Strict-Transport-Security     : max-age=31536000
request-id                    : de6b1c50-92a0-4712-adc7-ee906510a10d
client-request-id             : fede96e3-6d16-4fea-ab46-0d4063a08363
x-ms-ags-diagnostic           : {"ServerInfo":{"DataCenter":"Japan West","Slice":"E","Ring":"3","ScaleUnit":"002","RoleInstance":"OS1PEPF00008911"}}
Date                          : Thu, 17 Apr 2025 10:26:31 GMT


[2025-04-17 19:26:34] [WARNING] ユーザー webadmin@miraiconst.onmicrosoft.com のOneDriveクォータ情報を取得できませんでした: User's mysite not found.

Status: 404 (NotFound)
ErrorCode: ResourceNotFound
Date: 2025-04-17T10:26:34

Headers:
Vary                          : Accept-Encoding
Strict-Transport-Security     : max-age=31536000
request-id                    : 0eee5ee9-3ebd-4d50-aefd-7658f14a42a2
client-request-id             : 544f2d70-065c-49e2-b659-6f5a9dff6858
x-ms-ags-diagnostic           : {"ServerInfo":{"DataCenter":"Japan West","Slice":"E","Ring":"3","ScaleUnit":"002","RoleInstance":"OS1PEPF00008911"}}
Date                          : Thu, 17 Apr 2025 10:26:33 GMT


[2025-04-17 19:26:36] [WARNING] ユーザー tokyokoji@miraiconst.onmicrosoft.com のOneDriveクォータ情報を取得できませんでした: User's mysite not found.

Status: 404 (NotFound)
ErrorCode: ResourceNotFound
Date: 2025-04-17T10:26:35

Headers:
Vary                          : Accept-Encoding
Strict-Transport-Security     : max-age=31536000
request-id                    : 67912bab-757d-4e7f-8ff3-83170f696456
client-request-id             : 597b2d5f-eb1b-4f62-846c-86c441016e34
x-ms-ags-diagnostic           : {"ServerInfo":{"DataCenter":"Japan West","Slice":"E","Ring":"3","ScaleUnit":"002","RoleInstance":"OS1PEPF00008911"}}
Date                          : Thu, 17 Apr 2025 10:26:34 GMT


[2025-04-17 19:26:38] [WARNING] ユーザー tokyo-rakuraku@mirai-const.co.jp のOneDriveクォータ情報を取得できませんでした: User's mysite not found.

Status: 404 (NotFound)
ErrorCode: ResourceNotFound
Date: 2025-04-17T10:26:38

Headers:
Vary                          : Accept-Encoding
Strict-Transport-Security     : max-age=31536000
request-id                    : 73eee85d-1e6d-4683-bacc-6246a3111d20
client-request-id             : 4b624356-d17e-488f-bb10-d68cc8b083f0
x-ms-ags-diagnostic           : {"ServerInfo":{"DataCenter":"Japan West","Slice":"E","Ring":"3","ScaleUnit":"002","RoleInstance":"OS1PEPF00008911"}}
Date                          : Thu, 17 Apr 2025 10:26:37 GMT


[2025-04-17 19:26:38] [WARNING] ユーザー mirai-edr@miraiconst.onmicrosoft.com のOneDriveクォータ情報を取得できませんでした: User's mysite not found.

Status: 404 (NotFound)
ErrorCode: ResourceNotFound
Date: 2025-04-17T10:26:38

Headers:
Vary                          : Accept-Encoding
Strict-Transport-Security     : max-age=31536000
request-id                    : 6919c96b-4340-4e1c-9d12-e392504b20dd
client-request-id             : 25b70125-03b8-4459-a0be-d1fe1bea86c0
x-ms-ags-diagnostic           : {"ServerInfo":{"DataCenter":"Japan West","Slice":"E","Ring":"3","ScaleUnit":"002","RoleInstance":"OS1PEPF00008911"}}
Date                          : Thu, 17 Apr 2025 10:26:37 GMT


[2025-04-17 19:26:40] [WARNING] ユーザー bid-info06m@mirai-const.co.jp のOneDriveクォータ情報を取得できませんでした: User's mysite not found.

Status: 404 (NotFound)
ErrorCode: ResourceNotFound
Date: 2025-04-17T10:26:40

Headers:
Vary                          : Accept-Encoding
Strict-Transport-Security     : max-age=31536000
request-id                    : cc59275e-a38d-4f93-86ac-14aec7571112
client-request-id             : 91ad4298-cfb6-4f5c-bb25-2da7ad11314f
x-ms-ags-diagnostic           : {"ServerInfo":{"DataCenter":"Japan West","Slice":"E","Ring":"3","ScaleUnit":"002","RoleInstance":"OS1PEPF0000470A"}}
Date                          : Thu, 17 Apr 2025 10:26:40 GMT


[2025-04-17 19:26:42] [WARNING] ユーザー noto-rakuraku@mirai-const.co.jp のOneDriveクォータ情報を取得できませんでした: User's mysite not found.

Status: 404 (NotFound)
ErrorCode: ResourceNotFound
Date: 2025-04-17T10:26:42

Headers:
Vary                          : Accept-Encoding
Strict-Transport-Security     : max-age=31536000
request-id                    : 1e67fc6f-2829-4886-bdd2-dc359f7adeb9
client-request-id             : ab52aafa-82a9-438b-90ad-02d0aa0ee81a
x-ms-ags-diagnostic           : {"ServerInfo":{"DataCenter":"Japan West","Slice":"E","Ring":"3","ScaleUnit":"002","RoleInstance":"OS1PEPF0000470A"}}
Date                          : Thu, 17 Apr 2025 10:26:42 GMT


[2025-04-17 19:26:42] [WARNING] ユーザー aomori-rakuraku@mirai-const.co.jp のOneDriveクォータ情報を取得できませんでした: User's mysite not found.

Status: 404 (NotFound)
ErrorCode: ResourceNotFound
Date: 2025-04-17T10:26:42

Headers:
Vary                          : Accept-Encoding
Strict-Transport-Security     : max-age=31536000
request-id                    : 6c613c5e-a014-4f5b-abb4-532f887d891f
client-request-id             : 95d959d0-d911-4f67-97ad-a06973c83b85
x-ms-ags-diagnostic           : {"ServerInfo":{"DataCenter":"Japan West","Slice":"E","Ring":"3","ScaleUnit":"002","RoleInstance":"OS1PEPF0000470A"}}
Date                          : Thu, 17 Apr 2025 10:26:42 GMT


[2025-04-17 19:26:45] [WARNING] ユーザー cad-master@miraiconst.onmicrosoft.com のOneDriveクォータ情報を取得できませんでした: User's mysite not found.

Status: 404 (NotFound)
ErrorCode: ResourceNotFound
Date: 2025-04-17T10:26:45

Headers:
Vary                          : Accept-Encoding
Strict-Transport-Security     : max-age=31536000
request-id                    : 038e784a-3299-43b3-a725-d56031bc1657
client-request-id             : 45300e11-4549-4d97-99cb-b9aa9d5d9b62
x-ms-ags-diagnostic           : {"ServerInfo":{"DataCenter":"Japan West","Slice":"E","Ring":"3","ScaleUnit":"002","RoleInstance":"OS1PEPF0000470A"}}
Date                          : Thu, 17 Apr 2025 10:26:45 GMT


[2025-04-17 19:26:51] [WARNING] ユーザー direct@mirai-const.co.jp のOneDriveクォータ情報を取得できませんでした: User's mysite not found.

Status: 404 (NotFound)
ErrorCode: ResourceNotFound
Date: 2025-04-17T10:26:51

Headers:
Vary                          : Accept-Encoding
Strict-Transport-Security     : max-age=31536000
request-id                    : dcb354c6-5ae6-4e57-94ad-d0f9dae4ecc9
client-request-id             : 159cb1b1-a8b3-411f-883e-9ee8cdfdc94b
x-ms-ags-diagnostic           : {"ServerInfo":{"DataCenter":"Japan West","Slice":"E","Ring":"3","ScaleUnit":"002","RoleInstance":"OS1PEPF0000470A"}}
Date                          : Thu, 17 Apr 2025 10:26:50 GMT


[2025-04-17 19:26:51] [WARNING] ユーザー forti-admin@mirai-const.co.jp のOneDriveクォータ情報を取得できませんでした: User's mysite not found.

Status: 404 (NotFound)
ErrorCode: ResourceNotFound
Date: 2025-04-17T10:26:51

Headers:
Vary                          : Accept-Encoding
Strict-Transport-Security     : max-age=31536000
request-id                    : ca0ba6dd-9d90-4b8c-a1d1-b1266609535c
client-request-id             : 022b6127-5687-473e-a084-0fcb955dab3d
x-ms-ags-diagnostic           : {"ServerInfo":{"DataCenter":"Japan West","Slice":"E","Ring":"3","ScaleUnit":"002","RoleInstance":"OS1PEPF0000470A"}}
Date                          : Thu, 17 Apr 2025 10:26:51 GMT


[2025-04-17 19:26:53] [WARNING] ユーザー chubu@miraiconst.onmicrosoft.com のOneDriveクォータ情報を取得できませんでした: User's mysite not found.

Status: 404 (NotFound)
ErrorCode: ResourceNotFound
Date: 2025-04-17T10:26:53

Headers:
Vary                          : Accept-Encoding
Strict-Transport-Security     : max-age=31536000
request-id                    : aecbc4ff-e856-45fb-9452-afca94acae4d
client-request-id             : 6ec43d90-132c-4c41-a97c-2e4c73a80320
x-ms-ags-diagnostic           : {"ServerInfo":{"DataCenter":"Japan West","Slice":"E","Ring":"3","ScaleUnit":"002","RoleInstance":"OS1PEPF0000470A"}}
Date                          : Thu, 17 Apr 2025 10:26:52 GMT


[2025-04-17 19:26:55] [WARNING] ユーザー ys-yamamoto_apptec.co.jp#EXT#@miraiconst.onmicrosoft.com のOneDriveクォータ情報を取得できませんでした: User's mysite not found.

Status: 404 (NotFound)
ErrorCode: ResourceNotFound
Date: 2025-04-17T10:26:55

Headers:
Vary                          : Accept-Encoding
Strict-Transport-Security     : max-age=31536000
request-id                    : 81931fcf-aabe-46a5-a089-2d718fce5c7b
client-request-id             : b1bb0fa0-9c26-47ae-9ae4-67daf51cbc8c
x-ms-ags-diagnostic           : {"ServerInfo":{"DataCenter":"Japan West","Slice":"E","Ring":"3","ScaleUnit":"002","RoleInstance":"OS1PEPF0000470A"}}
Date                          : Thu, 17 Apr 2025 10:26:55 GMT


[2025-04-17 19:26:56] [WARNING] ユーザー r-futenma@mirai-const.co.jp のOneDriveクォータ情報を取得できませんでした: User's mysite not found.

Status: 404 (NotFound)
ErrorCode: ResourceNotFound
Date: 2025-04-17T10:26:56

Headers:
Vary                          : Accept-Encoding
Strict-Transport-Security     : max-age=31536000
request-id                    : c0bce329-ab66-4bf7-98e5-3d1611bb292c
client-request-id             : 18d3b2ec-7bb0-4b06-99e6-2d938c67c17e
x-ms-ags-diagnostic           : {"ServerInfo":{"DataCenter":"Japan West","Slice":"E","Ring":"3","ScaleUnit":"002","RoleInstance":"OS1PEPF0000470A"}}
Date                          : Thu, 17 Apr 2025 10:26:55 GMT


[2025-04-17 19:26:56] [WARNING] ユーザー cim-master13@mirai-const.co.jp のOneDriveクォータ情報を取得できませんでした: User's mysite not found.

Status: 404 (NotFound)
ErrorCode: ResourceNotFound
Date: 2025-04-17T10:26:56

Headers:
Vary                          : Accept-Encoding
Strict-Transport-Security     : max-age=31536000
request-id                    : 48e4c9fb-b53e-451b-90ee-94f8d2c8fd3f
client-request-id             : 8a62a511-3d63-4698-a9f4-e726765dcbb8
x-ms-ags-diagnostic           : {"ServerInfo":{"DataCenter":"Japan West","Slice":"E","Ring":"3","ScaleUnit":"002","RoleInstance":"OS1PEPF0000470A"}}
Date                          : Thu, 17 Apr 2025 10:26:56 GMT


[2025-04-17 19:26:56] [WARNING] ユーザー na-kadokawa_apptec.co.jp#EXT#@miraiconst.onmicrosoft.com のOneDriveクォータ情報を取得できませんでした: User's mysite not found.

Status: 404 (NotFound)
ErrorCode: ResourceNotFound
Date: 2025-04-17T10:26:56

Headers:
Vary                          : Accept-Encoding
Strict-Transport-Security     : max-age=31536000
request-id                    : dd741a13-983a-4cc6-a9c6-dd0535428098
client-request-id             : b5735415-4f86-4d7b-84e9-d3d0037ec9c0
x-ms-ags-diagnostic           : {"ServerInfo":{"DataCenter":"Japan West","Slice":"E","Ring":"3","ScaleUnit":"002","RoleInstance":"OS1PEPF0000470A"}}
Date                          : Thu, 17 Apr 2025 10:26:56 GMT


[2025-04-17 19:27:00] [WARNING] ユーザー mirai-sns@miraiconst.onmicrosoft.com のOneDriveクォータ情報を取得できませんでした: User's mysite not found.

Status: 404 (NotFound)
ErrorCode: ResourceNotFound
Date: 2025-04-17T10:27:00

Headers:
Vary                          : Accept-Encoding
Strict-Transport-Security     : max-age=31536000
request-id                    : 76b032ab-b22a-42d9-a520-58c9a9804505
client-request-id             : 954a16ce-2a71-47c2-8ddd-abb87cafafcf
x-ms-ags-diagnostic           : {"ServerInfo":{"DataCenter":"Japan West","Slice":"E","Ring":"3","ScaleUnit":"002","RoleInstance":"OS1PEPF0000470A"}}
Date                          : Thu, 17 Apr 2025 10:26:59 GMT


[2025-04-17 19:27:04] [WARNING] ユーザー k-obara@mirai-const.co.jp のOneDriveクォータ情報を取得できませんでした: User's mysite not found.

Status: 404 (NotFound)
ErrorCode: ResourceNotFound
Date: 2025-04-17T10:27:05

Headers:
Vary                          : Accept-Encoding
Strict-Transport-Security     : max-age=31536000
request-id                    : adf89560-70fc-4ac6-813b-44549f50090e
client-request-id             : 72fe829e-2bbe-412a-b1bf-cfc7cdec962b
x-ms-ags-diagnostic           : {"ServerInfo":{"DataCenter":"Japan West","Slice":"E","Ring":"3","ScaleUnit":"002","RoleInstance":"OS1PEPF0000470A"}}
Date                          : Thu, 17 Apr 2025 10:27:04 GMT


[2025-04-17 19:27:07] [WARNING] ユーザー kanri-oosaka@mirai-const.co.jp のOneDriveクォータ情報を取得できませんでした: User's mysite not found.

Status: 404 (NotFound)
ErrorCode: ResourceNotFound
Date: 2025-04-17T10:27:08

Headers:
Vary                          : Accept-Encoding
Strict-Transport-Security     : max-age=31536000
request-id                    : adb73f40-b22f-408d-90ba-a2487f3931ad
client-request-id             : d8f93347-c129-4c87-9a1c-78f8078881c4
x-ms-ags-diagnostic           : {"ServerInfo":{"DataCenter":"Japan West","Slice":"E","Ring":"3","ScaleUnit":"002","RoleInstance":"OS1PEPF0000470A"}}
Date                          : Thu, 17 Apr 2025 10:27:07 GMT


[2025-04-17 19:27:09] [WARNING] ユーザー haruka.ishigaki_aaconst.onmicrosoft.com#EXT#@miraiconst.onmicrosoft.com のOneDriveクォータ情報を取得できませんでした: User's mysite not found.

Status: 404 (NotFound)
ErrorCode: ResourceNotFound
Date: 2025-04-17T10:27:10

Headers:
Vary                          : Accept-Encoding
Strict-Transport-Security     : max-age=31536000
request-id                    : db25873f-e539-492a-b4a4-fd8c83cee211
client-request-id             : 5e0ded6d-423e-4c5a-83aa-3d16338cb2a4
x-ms-ags-diagnostic           : {"ServerInfo":{"DataCenter":"Japan West","Slice":"E","Ring":"3","ScaleUnit":"002","RoleInstance":"OS1PEPF0000470A"}}
Date                          : Thu, 17 Apr 2025 10:27:09 GMT


[2025-04-17 19:27:11] [WARNING] ユーザー bid-info02m@mirai-const.co.jp のOneDriveクォータ情報を取得できませんでした: User's mysite not found.

Status: 404 (NotFound)
ErrorCode: ResourceNotFound
Date: 2025-04-17T10:27:12

Headers:
Vary                          : Accept-Encoding
Strict-Transport-Security     : max-age=31536000
request-id                    : 5ce0a8e2-6480-494c-94ea-0dea954e0096
client-request-id             : 7637d4e2-81d2-403f-b1d4-534789454773
x-ms-ags-diagnostic           : {"ServerInfo":{"DataCenter":"Japan West","Slice":"E","Ring":"3","ScaleUnit":"002","RoleInstance":"OS1PEPF0000470A"}}
Date                          : Thu, 17 Apr 2025 10:27:11 GMT


[2025-04-17 19:27:12] [SUCCESS] OneDriveクォータ情報の取得が完了しました。取得件数: 525
[2025-04-17 19:27:12] [SUCCESS] CSVファイルを作成しました: C:\kitting\OneDriveforBusinessManagementSystem\OneDriveManagement.20250417\Basic_Data_Collection.20250417\OneDriveQuota.20250417192712.csv
[2025-04-17 19:27:12] [INFO] HTMLファイルを作成します: C:\kitting\OneDriveforBusinessManagementSystem\OneDriveManagement.20250417\Basic_Data_Collection.20250417\OneDriveQuota.20250417192712.html
[2025-04-17 19:27:20] [SUCCESS] HTMLファイルの作成が完了しました: C:\kitting\OneDriveforBusinessManagementSystem\OneDriveManagement.20250417\Basic_Data_Collection.20250417\OneDriveQuota.20250417192712.html
[2025-04-17 19:27:20] [INFO] Excelでファイルを開いて列幅の調整とフィルターの適用を行います...
[2025-04-17 19:27:24] [SUCCESS] Excelでの処理が完了しました。
[2025-04-17 19:27:24] [INFO] HTMLファイルを生成しています...
[2025-04-17 19:27:24] [SUCCESS] HTMLファイルの生成が完了しました: C:\kitting\OneDriveforBusinessManagementSystem\OneDriveManagement.20250417\Basic_Data_Collection.20250417\OneDriveQuota.20250417192712.html
