[2025-04-17 20:24:35] [INFO] ストレージクォータ取得を開始します
[2025-04-17 20:24:35] [INFO] 出力ディレクトリ: C:\kitting\OneDriveforBusinessManagementSystem\OneDriveManagement.20250417\Basic_Data_Collection.20250417
[2025-04-17 20:24:35] [INFO] ログディレクトリ: C:\kitting\OneDriveforBusinessManagementSystem\OneDriveManagement.20250417\Log
[2025-04-17 20:24:35] [WARNING] Graph接続済みですが、ユーザー情報は取得できません。
[2025-04-17 20:24:35] [WARNING] Graph接続済みですが、ユーザー情報は取得できません。
[2025-04-17 20:24:35] [INFO] すべてのユーザーのOneDriveクォータ情報を取得しています...
[2025-04-17 20:24:37] [WARNING] ユーザー okinawa-rakuraku@mirai-const.co.jp のOneDriveクォータ情報を取得できませんでした: User's mysite not found.

Status: 404 (NotFound)
ErrorCode: ResourceNotFound
Date: 2025-04-17T11:24:37

Headers:
Vary                          : Accept-Encoding
Strict-Transport-Security     : max-age=31536000
request-id                    : c2933082-d03c-4c99-9b3a-12e19fd49fca
client-request-id             : 688ba346-de97-4e34-a766-11abe8bba88d
x-ms-ags-diagnostic           : {"ServerInfo":{"DataCenter":"Japan West","Slice":"E","Ring":"3","ScaleUnit":"000","RoleInstance":"OS1PEPF00011942"}}
Date                          : Thu, 17 Apr 2025 11:24:37 GMT


[2025-04-17 20:24:42] [WARNING] ユーザー admin@miraiconst.onmicrosoft.com のOneDriveクォータ情報を取得できませんでした: User's mysite not found.

Status: 404 (NotFound)
ErrorCode: ResourceNotFound
Date: 2025-04-17T11:24:43

Headers:
Vary                          : Accept-Encoding
Strict-Transport-Security     : max-age=31536000
request-id                    : b5b0c5bd-eba9-47be-b3ec-0cbfe651d61e
client-request-id             : ed2e4ce7-524d-4e8a-8c2d-1396ad664e52
x-ms-ags-diagnostic           : {"ServerInfo":{"DataCenter":"Japan West","Slice":"E","Ring":"3","ScaleUnit":"000","RoleInstance":"OS1PEPF00011942"}}
Date                          : Thu, 17 Apr 2025 11:24:42 GMT


[2025-04-17 20:24:43] [INFO] ユーザー admin@miraiconst.onmicrosoft.com のroleTemplateId: 62e90394-69f5-4237-9190-012177145e10
[2025-04-17 20:24:43] [INFO] ユーザー admin@miraiconst.onmicrosoft.com は管理者ロール: 62e90394-69f5-4237-9190-012177145e10
[2025-04-17 20:24:47] [WARNING] ユーザー admin1@miraiconst.onmicrosoft.com のOneDriveクォータ情報を取得できませんでした: User's mysite not found.

Status: 404 (NotFound)
ErrorCode: ResourceNotFound
Date: 2025-04-17T11:24:47

Headers:
Vary                          : Accept-Encoding
Strict-Transport-Security     : max-age=31536000
request-id                    : c4955e03-e469-4610-bead-95ec196a3100
client-request-id             : e37af02c-af35-43d6-a38b-bdde8789ee0d
x-ms-ags-diagnostic           : {"ServerInfo":{"DataCenter":"Japan West","Slice":"E","Ring":"3","ScaleUnit":"000","RoleInstance":"OS1PEPF00011942"}}
Date                          : Thu, 17 Apr 2025 11:24:47 GMT


[2025-04-17 20:24:48] [WARNING] ユーザー cim-master10@mirai-const.co.jp のOneDriveクォータ情報を取得できませんでした: User's mysite not found.

Status: 404 (NotFound)
ErrorCode: ResourceNotFound
Date: 2025-04-17T11:24:48

Headers:
Vary                          : Accept-Encoding
Strict-Transport-Security     : max-age=31536000
request-id                    : 8e20704a-398c-4c59-8a62-35c6f5949f1d
client-request-id             : 85af5863-1a57-451e-812f-db5c770348b1
x-ms-ags-diagnostic           : {"ServerInfo":{"DataCenter":"Japan West","Slice":"E","Ring":"3","ScaleUnit":"000","RoleInstance":"OS1PEPF00011942"}}
Date                          : Thu, 17 Apr 2025 11:24:48 GMT


[2025-04-17 20:24:51] [WARNING] ユーザー jinji-saiyou@mirai-const.co.jp のOneDriveクォータ情報を取得できませんでした: User's mysite not found.

Status: 404 (NotFound)
ErrorCode: ResourceNotFound
Date: 2025-04-17T11:24:52

Headers:
Vary                          : Accept-Encoding
Strict-Transport-Security     : max-age=31536000
request-id                    : 5b36fc4e-7037-4d33-8d94-dd7568fbeb72
client-request-id             : fa003028-6eef-4ad7-9c57-e9d7a5a6a613
x-ms-ags-diagnostic           : {"ServerInfo":{"DataCenter":"Japan West","Slice":"E","Ring":"3","ScaleUnit":"000","RoleInstance":"OS1PEPF00011942"}}
Date                          : Thu, 17 Apr 2025 11:24:51 GMT


[2025-04-17 20:24:55] [WARNING] ユーザー soumu-payment@mirai-const.co.jp のOneDriveクォータ情報を取得できませんでした: User's mysite not found.

Status: 404 (NotFound)
ErrorCode: ResourceNotFound
Date: 2025-04-17T11:24:55

Headers:
Vary                          : Accept-Encoding
Strict-Transport-Security     : max-age=31536000
request-id                    : 5e919422-41ad-4708-b1ac-76070a03e782
client-request-id             : 79b989ab-0fa3-4c7c-8fea-74de97ee4ccf
x-ms-ags-diagnostic           : {"ServerInfo":{"DataCenter":"Japan West","Slice":"E","Ring":"3","ScaleUnit":"000","RoleInstance":"OS1PEPF00011942"}}
Date                          : Thu, 17 Apr 2025 11:24:55 GMT


[2025-04-17 20:24:56] [WARNING] ユーザー mf-jigyoukikaku@miraiconst.onmicrosoft.com のOneDriveクォータ情報を取得できませんでした: User's mysite not found.

Status: 404 (NotFound)
ErrorCode: ResourceNotFound
Date: 2025-04-17T11:24:56

Headers:
Vary                          : Accept-Encoding
Strict-Transport-Security     : max-age=31536000
request-id                    : e56d988b-d9de-4f6d-94bc-565f09fc42a4
client-request-id             : ab5b83ae-c190-4a18-a4f9-f738e681a6d0
x-ms-ags-diagnostic           : {"ServerInfo":{"DataCenter":"Japan West","Slice":"E","Ring":"3","ScaleUnit":"000","RoleInstance":"OS1PEPF00011942"}}
Date                          : Thu, 17 Apr 2025 11:24:56 GMT


[2025-04-17 20:24:58] [WARNING] ユーザー henngetest@mirai-const.co.jp のOneDriveクォータ情報を取得できませんでした: User's mysite not found.

Status: 404 (NotFound)
ErrorCode: ResourceNotFound
Date: 2025-04-17T11:24:58

Headers:
Vary                          : Accept-Encoding
Strict-Transport-Security     : max-age=31536000
request-id                    : 1263ce60-5233-4e5f-a269-27149e90afa6
client-request-id             : e5cd76d1-e2ad-4eeb-ad74-01d1091ee06d
x-ms-ags-diagnostic           : {"ServerInfo":{"DataCenter":"Japan West","Slice":"E","Ring":"3","ScaleUnit":"000","RoleInstance":"OS1PEPF00011942"}}
Date                          : Thu, 17 Apr 2025 11:24:58 GMT


[2025-04-17 20:25:11] [WARNING] ユーザー ariake-rakuraku@mirai-const.co.jp のOneDriveクォータ情報を取得できませんでした: User's mysite not found.

Status: 404 (NotFound)
ErrorCode: ResourceNotFound
Date: 2025-04-17T11:25:11

Headers:
Vary                          : Accept-Encoding
Strict-Transport-Security     : max-age=31536000
request-id                    : 1a1baeb7-a828-4786-bd8f-59d5ea277e1f
client-request-id             : 8044cdeb-60f4-4fb5-a495-16bd7b63a3df
x-ms-ags-diagnostic           : {"ServerInfo":{"DataCenter":"Japan West","Slice":"E","Ring":"3","ScaleUnit":"000","RoleInstance":"OS1PEPF00011942"}}
Date                          : Thu, 17 Apr 2025 11:25:11 GMT


[2025-04-17 20:25:11] [WARNING] ユーザー system-info@mirai-const.co.jp のOneDriveクォータ情報を取得できませんでした: User's mysite not found.

Status: 404 (NotFound)
ErrorCode: ResourceNotFound
Date: 2025-04-17T11:25:11

Headers:
Vary                          : Accept-Encoding
Strict-Transport-Security     : max-age=31536000
request-id                    : a93d036f-866e-47bc-adba-995e114b50b6
client-request-id             : 2e655e24-81b3-499b-93eb-0459f64b526c
x-ms-ags-diagnostic           : {"ServerInfo":{"DataCenter":"Japan West","Slice":"E","Ring":"3","ScaleUnit":"000","RoleInstance":"OS1PEPF00011942"}}
Date                          : Thu, 17 Apr 2025 11:25:11 GMT


[2025-04-17 20:25:16] [WARNING] ユーザー hideyuki.nomura_halekulaniokinawa.com#EXT#@miraiconst.onmicrosoft.com のOneDriveクォータ情報を取得できませんでした: User's mysite not found.

Status: 404 (NotFound)
ErrorCode: ResourceNotFound
Date: 2025-04-17T11:25:17

Headers:
Vary                          : Accept-Encoding
Strict-Transport-Security     : max-age=31536000
request-id                    : ee256314-f6f2-4b19-be41-9096cd3735c2
client-request-id             : 2cef63bd-915f-49df-af46-7d1470612b86
x-ms-ags-diagnostic           : {"ServerInfo":{"DataCenter":"Japan West","Slice":"E","Ring":"3","ScaleUnit":"000","RoleInstance":"OS1PEPF00011942"}}
Date                          : Thu, 17 Apr 2025 11:25:16 GMT


[2025-04-17 20:25:17] [WARNING] ユーザー cim-master05@mirai-const.co.jp のOneDriveクォータ情報を取得できませんでした: User's mysite not found.

Status: 404 (NotFound)
ErrorCode: ResourceNotFound
Date: 2025-04-17T11:25:17

Headers:
Vary                          : Accept-Encoding
Strict-Transport-Security     : max-age=31536000
request-id                    : dfddee78-19b7-4de2-9dcb-57c900641390
client-request-id             : 26b0ec0f-c9c3-406c-840a-3d4483f6c432
x-ms-ags-diagnostic           : {"ServerInfo":{"DataCenter":"Japan West","Slice":"E","Ring":"3","ScaleUnit":"000","RoleInstance":"OS1PEPF00011942"}}
Date                          : Thu, 17 Apr 2025 11:25:17 GMT


[2025-04-17 20:25:19] [WARNING] ユーザー mk-engagement@miraiconst.onmicrosoft.com のOneDriveクォータ情報を取得できませんでした: User's mysite not found.

Status: 404 (NotFound)
ErrorCode: ResourceNotFound
Date: 2025-04-17T11:25:19

Headers:
Vary                          : Accept-Encoding
Strict-Transport-Security     : max-age=31536000
request-id                    : 3b21b847-1ba2-4d3b-b739-dda47b695e1a
client-request-id             : 11f946d4-b805-4651-b632-d8f4efc8fda6
x-ms-ags-diagnostic           : {"ServerInfo":{"DataCenter":"Japan West","Slice":"E","Ring":"3","ScaleUnit":"000","RoleInstance":"OS1PEPF00011942"}}
Date                          : Thu, 17 Apr 2025 11:25:19 GMT


[2025-04-17 20:25:19] [WARNING] ユーザー bid-info10m@mirai-const.co.jp のOneDriveクォータ情報を取得できませんでした: User's mysite not found.

Status: 404 (NotFound)
ErrorCode: ResourceNotFound
Date: 2025-04-17T11:25:19

Headers:
Vary                          : Accept-Encoding
Strict-Transport-Security     : max-age=31536000
request-id                    : 3cef038a-c737-4da3-8e43-6713915bb382
client-request-id             : 3f973ba9-bca5-4935-891c-2950c232604e
x-ms-ags-diagnostic           : {"ServerInfo":{"DataCenter":"Japan West","Slice":"E","Ring":"3","ScaleUnit":"000","RoleInstance":"OS1PEPF00011942"}}
Date                          : Thu, 17 Apr 2025 11:25:19 GMT


[2025-04-17 20:25:20] [WARNING] ユーザー bid-info09m@mirai-const.co.jp のOneDriveクォータ情報を取得できませんでした: User's mysite not found.

Status: 404 (NotFound)
ErrorCode: ResourceNotFound
Date: 2025-04-17T11:25:20

Headers:
Vary                          : Accept-Encoding
Strict-Transport-Security     : max-age=31536000
request-id                    : 47d63b8a-66ef-4205-85bf-c4af9e4df93c
client-request-id             : 7864b04c-6e01-4e4b-81f3-fed80b88c7f0
x-ms-ags-diagnostic           : {"ServerInfo":{"DataCenter":"Japan West","Slice":"E","Ring":"3","ScaleUnit":"000","RoleInstance":"OS1PEPF00011942"}}
Date                          : Thu, 17 Apr 2025 11:25:20 GMT


[2025-04-17 20:25:24] [WARNING] ユーザー hokuriku-rakuraku@mirai-const.co.jp のOneDriveクォータ情報を取得できませんでした: User's mysite not found.

Status: 404 (NotFound)
ErrorCode: ResourceNotFound
Date: 2025-04-17T11:25:24

Headers:
Vary                          : Accept-Encoding
Strict-Transport-Security     : max-age=31536000
request-id                    : 850ae023-81cc-4685-ba8f-192a116f4ee3
client-request-id             : 71f9d974-c933-4464-9145-446a5084e2d2
x-ms-ags-diagnostic           : {"ServerInfo":{"DataCenter":"Japan West","Slice":"E","Ring":"3","ScaleUnit":"000","RoleInstance":"OS1PEPF00011942"}}
Date                          : Thu, 17 Apr 2025 11:25:23 GMT


[2025-04-17 20:25:26] [WARNING] ユーザー m-ariake@miraiconst.onmicrosoft.com のOneDriveクォータ情報を取得できませんでした: User's mysite not found.

Status: 404 (NotFound)
ErrorCode: ResourceNotFound
Date: 2025-04-17T11:25:26

Headers:
Vary                          : Accept-Encoding
Strict-Transport-Security     : max-age=31536000
request-id                    : b951703e-dc22-4855-87ce-04f3ab1e3515
client-request-id             : d5fb3e2d-e42e-434e-867d-d05a5e62737c
x-ms-ags-diagnostic           : {"ServerInfo":{"DataCenter":"Japan West","Slice":"E","Ring":"3","ScaleUnit":"000","RoleInstance":"OS1PEPF00011942"}}
Date                          : Thu, 17 Apr 2025 11:25:26 GMT


[2025-04-17 20:25:27] [WARNING] ユーザー cim-master14@mirai-const.co.jp のOneDriveクォータ情報を取得できませんでした: User's mysite not found.

Status: 404 (NotFound)
ErrorCode: ResourceNotFound
Date: 2025-04-17T11:25:27

Headers:
Vary                          : Accept-Encoding
Strict-Transport-Security     : max-age=31536000
request-id                    : 7ff83971-a371-4c92-9d48-7daf170848e3
client-request-id             : 30413fe6-5a04-4f35-99ae-fdfc2c614ced
x-ms-ags-diagnostic           : {"ServerInfo":{"DataCenter":"Japan West","Slice":"E","Ring":"3","ScaleUnit":"000","RoleInstance":"OS1PEPF00011942"}}
Date                          : Thu, 17 Apr 2025 11:25:27 GMT


[2025-04-17 20:25:33] [WARNING] ユーザー chubu-rakuraku@mirai-const.co.jp のOneDriveクォータ情報を取得できませんでした: User's mysite not found.

Status: 404 (NotFound)
ErrorCode: ResourceNotFound
Date: 2025-04-17T11:25:33

Headers:
Vary                          : Accept-Encoding
Strict-Transport-Security     : max-age=31536000
request-id                    : e4e62486-0462-4dbe-a7e3-3d7ef97ef726
client-request-id             : 7a84a18b-1119-49af-b325-0b3ebfaadce9
x-ms-ags-diagnostic           : {"ServerInfo":{"DataCenter":"Japan West","Slice":"E","Ring":"3","ScaleUnit":"000","RoleInstance":"OS1PEPF00011942"}}
Date                          : Thu, 17 Apr 2025 11:25:33 GMT


[2025-04-17 20:25:38] [WARNING] ユーザー tsubokawa-y92y2_mlit.go.jp#EXT#@miraiconst.onmicrosoft.com のOneDriveクォータ情報を取得できませんでした: User's mysite not found.

Status: 404 (NotFound)
ErrorCode: ResourceNotFound
Date: 2025-04-17T11:25:38

Headers:
Vary                          : Accept-Encoding
Strict-Transport-Security     : max-age=31536000
request-id                    : 197948a1-106b-419d-a549-6bb3a5b94084
client-request-id             : 59f4976f-9462-477d-b827-9db0752fb4ed
x-ms-ags-diagnostic           : {"ServerInfo":{"DataCenter":"Japan West","Slice":"E","Ring":"3","ScaleUnit":"000","RoleInstance":"OS1PEPF0000566B"}}
Date                          : Thu, 17 Apr 2025 11:25:37 GMT


[2025-04-17 20:25:39] [WARNING] ユーザー kyushu-rakuraku@mirai-const.co.jp のOneDriveクォータ情報を取得できませんでした: User's mysite not found.

Status: 404 (NotFound)
ErrorCode: ResourceNotFound
Date: 2025-04-17T11:25:39

Headers:
Vary                          : Accept-Encoding
Strict-Transport-Security     : max-age=31536000
request-id                    : 9e63982e-8b9f-4243-8e5a-a87c444506ef
client-request-id             : e6e70cbe-3072-4fe8-bc47-845a95aa8bd5
x-ms-ags-diagnostic           : {"ServerInfo":{"DataCenter":"Japan West","Slice":"E","Ring":"3","ScaleUnit":"000","RoleInstance":"OS1PEPF0000566B"}}
Date                          : Thu, 17 Apr 2025 11:25:39 GMT


[2025-04-17 20:25:41] [WARNING] ユーザー cim-master01@mirai-const.co.jp のOneDriveクォータ情報を取得できませんでした: User's mysite not found.

Status: 404 (NotFound)
ErrorCode: ResourceNotFound
Date: 2025-04-17T11:25:42

Headers:
Vary                          : Accept-Encoding
Strict-Transport-Security     : max-age=31536000
request-id                    : 223002c3-2e8c-4e27-a71f-01a112a76158
client-request-id             : 75d6d391-dfd6-4709-b36d-70958ae4aa2d
x-ms-ags-diagnostic           : {"ServerInfo":{"DataCenter":"Japan West","Slice":"E","Ring":"3","ScaleUnit":"000","RoleInstance":"OS1PEPF0000566B"}}
Date                          : Thu, 17 Apr 2025 11:25:41 GMT


[2025-04-17 20:25:42] [WARNING] ユーザー cim-master@mirai-const.co.jp のOneDriveクォータ情報を取得できませんでした: User's mysite not found.

Status: 404 (NotFound)
ErrorCode: ResourceNotFound
Date: 2025-04-17T11:25:42

Headers:
Vary                          : Accept-Encoding
Strict-Transport-Security     : max-age=31536000
request-id                    : 382ec408-9606-4d2e-ade8-fae63cde9aa8
client-request-id             : 84182d9c-d5ed-431d-83b3-75556b50565c
x-ms-ags-diagnostic           : {"ServerInfo":{"DataCenter":"Japan West","Slice":"E","Ring":"3","ScaleUnit":"000","RoleInstance":"OS1PEPF0000566B"}}
Date                          : Thu, 17 Apr 2025 11:25:42 GMT


[2025-04-17 20:25:43] [WARNING] ユーザー cim-master07@mirai-const.co.jp のOneDriveクォータ情報を取得できませんでした: User's mysite not found.

Status: 404 (NotFound)
ErrorCode: ResourceNotFound
Date: 2025-04-17T11:25:43

Headers:
Vary                          : Accept-Encoding
Strict-Transport-Security     : max-age=31536000
request-id                    : 6b7d51ac-5022-4c93-9906-c3d165b9f373
client-request-id             : 52c4959e-5f8a-4e65-ba03-3cafcabd2998
x-ms-ags-diagnostic           : {"ServerInfo":{"DataCenter":"Japan West","Slice":"E","Ring":"3","ScaleUnit":"000","RoleInstance":"OS1PEPF0000566B"}}
Date                          : Thu, 17 Apr 2025 11:25:42 GMT


[2025-04-17 20:25:47] [WARNING] ユーザー tohoku-rakuraku@mirai-const.co.jp のOneDriveクォータ情報を取得できませんでした: User's mysite not found.

Status: 404 (NotFound)
ErrorCode: ResourceNotFound
Date: 2025-04-17T11:25:47

Headers:
Vary                          : Accept-Encoding
Strict-Transport-Security     : max-age=31536000
request-id                    : 46e8b90f-29a2-46b0-9de5-330527ae7fb6
client-request-id             : a2e39f06-1a8f-4ad4-b8a2-fd128edefc7a
x-ms-ags-diagnostic           : {"ServerInfo":{"DataCenter":"Japan West","Slice":"E","Ring":"3","ScaleUnit":"000","RoleInstance":"OS1PEPF0000566B"}}
Date                          : Thu, 17 Apr 2025 11:25:46 GMT


[2025-04-17 20:25:47] [WARNING] ユーザー cim-master02@mirai-const.co.jp のOneDriveクォータ情報を取得できませんでした: User's mysite not found.

Status: 404 (NotFound)
ErrorCode: ResourceNotFound
Date: 2025-04-17T11:25:48

Headers:
Vary                          : Accept-Encoding
Strict-Transport-Security     : max-age=31536000
request-id                    : 950db942-d605-4a6d-9759-571c5d038c96
client-request-id             : a2c97e73-ff15-4db4-83e7-0e52b2165515
x-ms-ags-diagnostic           : {"ServerInfo":{"DataCenter":"Japan West","Slice":"E","Ring":"3","ScaleUnit":"000","RoleInstance":"OS1PEPF0000566B"}}
Date                          : Thu, 17 Apr 2025 11:25:47 GMT


[2025-04-17 20:25:48] [WARNING] ユーザー cim-master09@mirai-const.co.jp のOneDriveクォータ情報を取得できませんでした: User's mysite not found.

Status: 404 (NotFound)
ErrorCode: ResourceNotFound
Date: 2025-04-17T11:25:48

Headers:
Vary                          : Accept-Encoding
Strict-Transport-Security     : max-age=31536000
request-id                    : a8d52477-f1f4-4993-bfa4-99da70ba1fbd
client-request-id             : 793ad55f-36ad-4e11-8818-430371021cd1
x-ms-ags-diagnostic           : {"ServerInfo":{"DataCenter":"Japan West","Slice":"E","Ring":"3","ScaleUnit":"000","RoleInstance":"OS1PEPF0000566B"}}
Date                          : Thu, 17 Apr 2025 11:25:47 GMT


[2025-04-17 20:25:49] [WARNING] ユーザー s-yoshie@mirai-const.co.jp のOneDriveクォータ情報を取得できませんでした: Method invocation failed because [System.Object[]] does not contain a method named 'op_Division'.
[2025-04-17 20:25:50] [WARNING] ユーザー ibaraki-rakuraku@mirai-const.co.jp のOneDriveクォータ情報を取得できませんでした: User's mysite not found.

Status: 404 (NotFound)
ErrorCode: ResourceNotFound
Date: 2025-04-17T11:25:51

Headers:
Vary                          : Accept-Encoding
Strict-Transport-Security     : max-age=31536000
request-id                    : f6bf9f4d-23eb-4a84-9efb-2994ec7b5c15
client-request-id             : 6cd0cfa0-cf2f-4dd2-8aa3-40b0e5546e2a
x-ms-ags-diagnostic           : {"ServerInfo":{"DataCenter":"Japan West","Slice":"E","Ring":"3","ScaleUnit":"000","RoleInstance":"OS1PEPF0000566B"}}
Date                          : Thu, 17 Apr 2025 11:25:50 GMT


[2025-04-17 20:25:51] [WARNING] ユーザー mksystem-alert@miraiconst.onmicrosoft.com のOneDriveクォータ情報を取得できませんでした: User's mysite not found.

Status: 404 (NotFound)
ErrorCode: ResourceNotFound
Date: 2025-04-17T11:25:51

Headers:
Vary                          : Accept-Encoding
Strict-Transport-Security     : max-age=31536000
request-id                    : 1e5731ad-751c-46cc-a583-8446944f5097
client-request-id             : cd1299b2-75c2-413f-bdfd-7a0947a9a85a
x-ms-ags-diagnostic           : {"ServerInfo":{"DataCenter":"Japan West","Slice":"E","Ring":"3","ScaleUnit":"000","RoleInstance":"OS1PEPF0000566B"}}
Date                          : Thu, 17 Apr 2025 11:25:50 GMT


[2025-04-17 20:25:52] [WARNING] ユーザー honsya2-2@miraiconst.onmicrosoft.com のOneDriveクォータ情報を取得できませんでした: User's mysite not found.

Status: 404 (NotFound)
ErrorCode: ResourceNotFound
Date: 2025-04-17T11:25:52

Headers:
Vary                          : Accept-Encoding
Strict-Transport-Security     : max-age=31536000
request-id                    : a6f1b047-4057-46bb-94f0-ffddae4614d9
client-request-id             : 1f47bf35-b95a-4991-9133-bd7a7d33d31e
x-ms-ags-diagnostic           : {"ServerInfo":{"DataCenter":"Japan West","Slice":"E","Ring":"3","ScaleUnit":"000","RoleInstance":"OS1PEPF0000566B"}}
Date                          : Thu, 17 Apr 2025 11:25:51 GMT


[2025-04-17 20:25:54] [WARNING] ユーザー m-maruta@mirai-const.co.jp のOneDriveクォータ情報を取得できませんでした: User's mysite not found.

Status: 404 (NotFound)
ErrorCode: ResourceNotFound
Date: 2025-04-17T11:25:54

Headers:
Vary                          : Accept-Encoding
Strict-Transport-Security     : max-age=31536000
request-id                    : 7adfd0b8-9f4e-46f9-baee-0fba3fb559a8
client-request-id             : fc081084-3391-4267-8952-057b0c1a3704
x-ms-ags-diagnostic           : {"ServerInfo":{"DataCenter":"Japan West","Slice":"E","Ring":"3","ScaleUnit":"000","RoleInstance":"OS1PEPF0000566B"}}
Date                          : Thu, 17 Apr 2025 11:25:53 GMT


[2025-04-17 20:25:56] [WARNING] ユーザー netis@miraiconst.onmicrosoft.com のOneDriveクォータ情報を取得できませんでした: User's mysite not found.

Status: 404 (NotFound)
ErrorCode: ResourceNotFound
Date: 2025-04-17T11:25:56

Headers:
Vary                          : Accept-Encoding
Strict-Transport-Security     : max-age=31536000
request-id                    : 76cd1799-26b8-4043-ba9c-c98fe3fcab22
client-request-id             : 5d5548c0-c198-46e0-8611-0c40fe1aebbf
x-ms-ags-diagnostic           : {"ServerInfo":{"DataCenter":"Japan West","Slice":"E","Ring":"3","ScaleUnit":"000","RoleInstance":"OS1PEPF0000566B"}}
Date                          : Thu, 17 Apr 2025 11:25:55 GMT


[2025-04-17 20:25:57] [WARNING] ユーザー sh-ishihara-old@miraiconst.onmicrosoft.com のOneDriveクォータ情報を取得できませんでした: User's mysite not found.

Status: 404 (NotFound)
ErrorCode: ResourceNotFound
Date: 2025-04-17T11:25:57

Headers:
Vary                          : Accept-Encoding
Strict-Transport-Security     : max-age=31536000
request-id                    : fb1781d6-8056-498f-b709-1d7118251b18
client-request-id             : b4c580a3-d3c8-4d16-819b-3660dc5a5cb6
x-ms-ags-diagnostic           : {"ServerInfo":{"DataCenter":"Japan West","Slice":"E","Ring":"3","ScaleUnit":"000","RoleInstance":"OS1PEPF0000566B"}}
Date                          : Thu, 17 Apr 2025 11:25:56 GMT


[2025-04-17 20:25:59] [WARNING] ユーザー y-ueno@mirai-const.co.jp のOneDriveクォータ情報を取得できませんでした: User's mysite not found.

Status: 404 (NotFound)
ErrorCode: ResourceNotFound
Date: 2025-04-17T11:25:59

Headers:
Vary                          : Accept-Encoding
Strict-Transport-Security     : max-age=31536000
request-id                    : 8eec16d7-93b4-493f-88da-d29de09e37fe
client-request-id             : bef470bd-0423-4f0d-ab76-020afb2764d8
x-ms-ags-diagnostic           : {"ServerInfo":{"DataCenter":"Japan West","Slice":"E","Ring":"3","ScaleUnit":"000","RoleInstance":"OS1PEPF0000566B"}}
Date                          : Thu, 17 Apr 2025 11:25:58 GMT


[2025-04-17 20:26:01] [WARNING] ユーザー osaka-rakuraku@mirai-const.co.jp のOneDriveクォータ情報を取得できませんでした: User's mysite not found.

Status: 404 (NotFound)
ErrorCode: ResourceNotFound
Date: 2025-04-17T11:26:01

Headers:
Vary                          : Accept-Encoding
Strict-Transport-Security     : max-age=31536000
request-id                    : d4d05561-64cc-495a-b257-6cfba3a2a129
client-request-id             : 5fad2967-4d53-4cbf-8b8a-f4d743582eed
x-ms-ags-diagnostic           : {"ServerInfo":{"DataCenter":"Japan West","Slice":"E","Ring":"3","ScaleUnit":"000","RoleInstance":"OS1PEPF0000566B"}}
Date                          : Thu, 17 Apr 2025 11:26:00 GMT


[2025-04-17 20:26:02] [WARNING] ユーザー apple-id@miraiconst.onmicrosoft.com のOneDriveクォータ情報を取得できませんでした: User's mysite not found.

Status: 404 (NotFound)
ErrorCode: ResourceNotFound
Date: 2025-04-17T11:26:02

Headers:
Vary                          : Accept-Encoding
Strict-Transport-Security     : max-age=31536000
request-id                    : 501a8ed7-ae77-4679-86a3-300fa1351707
client-request-id             : 015a8b7c-aa33-48ac-a107-50441e818a60
x-ms-ags-diagnostic           : {"ServerInfo":{"DataCenter":"Japan West","Slice":"E","Ring":"3","ScaleUnit":"000","RoleInstance":"OS1PEPF0000566B"}}
Date                          : Thu, 17 Apr 2025 11:26:01 GMT


[2025-04-17 20:26:03] [WARNING] ユーザー okinawa@miraiconst.onmicrosoft.com のOneDriveクォータ情報を取得できませんでした: User's mysite not found.

Status: 404 (NotFound)
ErrorCode: ResourceNotFound
Date: 2025-04-17T11:26:03

Headers:
Vary                          : Accept-Encoding
Strict-Transport-Security     : max-age=31536000
request-id                    : 566cb864-fe72-4648-8730-0182552c7175
client-request-id             : 1787a392-0059-41f2-896a-0014d8951611
x-ms-ags-diagnostic           : {"ServerInfo":{"DataCenter":"Japan West","Slice":"E","Ring":"3","ScaleUnit":"000","RoleInstance":"OS1PEPF0000566B"}}
Date                          : Thu, 17 Apr 2025 11:26:02 GMT


[2025-04-17 20:26:09] [WARNING] ユーザー ki-fujita_mitsuifudosan.co.jp#EXT#@miraiconst.onmicrosoft.com のOneDriveクォータ情報を取得できませんでした: User's mysite not found.

Status: 404 (NotFound)
ErrorCode: ResourceNotFound
Date: 2025-04-17T11:26:09

Headers:
Vary                          : Accept-Encoding
Strict-Transport-Security     : max-age=31536000
request-id                    : 4315ea6b-f87e-4c5c-ac52-c87c84179078
client-request-id             : 7bd39c2a-bfdd-4682-96df-583be64eb708
x-ms-ags-diagnostic           : {"ServerInfo":{"DataCenter":"Japan West","Slice":"E","Ring":"3","ScaleUnit":"000","RoleInstance":"OS1PEPF0000566B"}}
Date                          : Thu, 17 Apr 2025 11:26:08 GMT


[2025-04-17 20:26:11] [WARNING] ユーザー shikoku-rakuraku@mirai-const.co.jp のOneDriveクォータ情報を取得できませんでした: User's mysite not found.

Status: 404 (NotFound)
ErrorCode: ResourceNotFound
Date: 2025-04-17T11:26:11

Headers:
Vary                          : Accept-Encoding
Strict-Transport-Security     : max-age=31536000
request-id                    : 96a16797-1143-4607-8f04-59e517d10b43
client-request-id             : f9b53ecc-4af5-4e59-92d8-ff66f456ad98
x-ms-ags-diagnostic           : {"ServerInfo":{"DataCenter":"Japan West","Slice":"E","Ring":"3","ScaleUnit":"000","RoleInstance":"OS1PEPF0000566B"}}
Date                          : Thu, 17 Apr 2025 11:26:10 GMT


[2025-04-17 20:26:13] [WARNING] ユーザー kanri-tokyo@mirai-const.co.jp のOneDriveクォータ情報を取得できませんでした: User's mysite not found.

Status: 404 (NotFound)
ErrorCode: ResourceNotFound
Date: 2025-04-17T11:26:13

Headers:
Vary                          : Accept-Encoding
Strict-Transport-Security     : max-age=31536000
request-id                    : fba5295e-c7ca-4e42-a4d5-97886e307e43
client-request-id             : b43cf4f8-24af-4b50-a30d-9418d024dd56
x-ms-ags-diagnostic           : {"ServerInfo":{"DataCenter":"Japan West","Slice":"E","Ring":"3","ScaleUnit":"000","RoleInstance":"OS1PEPF0000566B"}}
Date                          : Thu, 17 Apr 2025 11:26:12 GMT


[2025-04-17 20:26:17] [WARNING] ユーザー bid-info05m@mirai-const.co.jp のOneDriveクォータ情報を取得できませんでした: User's mysite not found.

Status: 404 (NotFound)
ErrorCode: ResourceNotFound
Date: 2025-04-17T11:26:17

Headers:
Vary                          : Accept-Encoding
Strict-Transport-Security     : max-age=31536000
request-id                    : 1b3635d9-c369-477b-8598-fcaffc700663
client-request-id             : 0ab86c81-57ac-45e0-b4d3-80c9e4fbe37c
x-ms-ags-diagnostic           : {"ServerInfo":{"DataCenter":"Japan West","Slice":"E","Ring":"3","ScaleUnit":"000","RoleInstance":"OS1PEPF0000566B"}}
Date                          : Thu, 17 Apr 2025 11:26:16 GMT


[2025-04-17 20:26:21] [WARNING] ユーザー cim-master12@mirai-const.co.jp のOneDriveクォータ情報を取得できませんでした: User's mysite not found.

Status: 404 (NotFound)
ErrorCode: ResourceNotFound
Date: 2025-04-17T11:26:21

Headers:
Vary                          : Accept-Encoding
Strict-Transport-Security     : max-age=31536000
request-id                    : 9359f829-14e7-4baa-8c29-b9023e96a41e
client-request-id             : d03933d9-fd26-4920-a984-18b1d1b57915
x-ms-ags-diagnostic           : {"ServerInfo":{"DataCenter":"Japan West","Slice":"E","Ring":"3","ScaleUnit":"000","RoleInstance":"OS1PEPF0000566B"}}
Date                          : Thu, 17 Apr 2025 11:26:21 GMT


[2025-04-17 20:26:21] [WARNING] ユーザー m-chugoku@miraiconst.onmicrosoft.com のOneDriveクォータ情報を取得できませんでした: User's mysite not found.

Status: 404 (NotFound)
ErrorCode: ResourceNotFound
Date: 2025-04-17T11:26:22

Headers:
Vary                          : Accept-Encoding
Strict-Transport-Security     : max-age=31536000
request-id                    : 6a33adc7-746d-4719-a27d-cb4140fb90d4
client-request-id             : bfe763e3-2887-473b-9325-37b68fb56735
x-ms-ags-diagnostic           : {"ServerInfo":{"DataCenter":"Japan West","Slice":"E","Ring":"3","ScaleUnit":"000","RoleInstance":"OS1PEPF0000566B"}}
Date                          : Thu, 17 Apr 2025 11:26:22 GMT


[2025-04-17 20:26:22] [WARNING] ユーザー mirai-zoom@miraiconst.onmicrosoft.com のOneDriveクォータ情報を取得できませんでした: User's mysite not found.

Status: 404 (NotFound)
ErrorCode: ResourceNotFound
Date: 2025-04-17T11:26:23

Headers:
Vary                          : Accept-Encoding
Strict-Transport-Security     : max-age=31536000
request-id                    : bf101c99-913d-4fc6-b20b-232cf7ec7fd6
client-request-id             : 4351cc01-4bad-4c26-9e0b-856a7c94e471
x-ms-ags-diagnostic           : {"ServerInfo":{"DataCenter":"Japan West","Slice":"E","Ring":"3","ScaleUnit":"000","RoleInstance":"OS1PEPF0000566B"}}
Date                          : Thu, 17 Apr 2025 11:26:23 GMT


[2025-04-17 20:26:25] [WARNING] ユーザー cim-master11@mirai-const.co.jp のOneDriveクォータ情報を取得できませんでした: User's mysite not found.

Status: 404 (NotFound)
ErrorCode: ResourceNotFound
Date: 2025-04-17T11:26:25

Headers:
Vary                          : Accept-Encoding
Strict-Transport-Security     : max-age=31536000
request-id                    : 55b83ef1-387c-4f6a-bff7-4b9fdcf3ce50
client-request-id             : fc8f8aba-0d3b-438f-9a54-3354ef3ebb04
x-ms-ags-diagnostic           : {"ServerInfo":{"DataCenter":"Japan West","Slice":"E","Ring":"3","ScaleUnit":"000","RoleInstance":"OS1PEPF0000566B"}}
Date                          : Thu, 17 Apr 2025 11:26:25 GMT


[2025-04-17 20:26:28] [WARNING] ユーザー compliance-hotline@miraiconst.onmicrosoft.com のOneDriveクォータ情報を取得できませんでした: User's mysite not found.

Status: 404 (NotFound)
ErrorCode: ResourceNotFound
Date: 2025-04-17T11:26:28

Headers:
Vary                          : Accept-Encoding
Strict-Transport-Security     : max-age=31536000
request-id                    : 78e14600-ec56-49dd-921c-2bac6fcf0512
client-request-id             : b41e1b2a-92a0-475e-827a-64cdc18a35eb
x-ms-ags-diagnostic           : {"ServerInfo":{"DataCenter":"Japan West","Slice":"E","Ring":"3","ScaleUnit":"000","RoleInstance":"OS1PEPF0000566B"}}
Date                          : Thu, 17 Apr 2025 11:26:28 GMT


[2025-04-17 20:26:29] [WARNING] ユーザー takuro.kumada_aaconst.co.jp#EXT#@miraiconst.onmicrosoft.com のOneDriveクォータ情報を取得できませんでした: User's mysite not found.

Status: 404 (NotFound)
ErrorCode: ResourceNotFound
Date: 2025-04-17T11:26:29

Headers:
Vary                          : Accept-Encoding
Strict-Transport-Security     : max-age=31536000
request-id                    : e3d50fc1-e36b-40bb-af78-658e7753d8b7
client-request-id             : 18894822-6e8d-43a3-8302-3f22bf5b0000
x-ms-ags-diagnostic           : {"ServerInfo":{"DataCenter":"Japan West","Slice":"E","Ring":"3","ScaleUnit":"000","RoleInstance":"OS1PEPF0000566B"}}
Date                          : Thu, 17 Apr 2025 11:26:29 GMT


[2025-04-17 20:26:31] [WARNING] ユーザー chiba-rakuraku@mirai-const.co.jp のOneDriveクォータ情報を取得できませんでした: User's mysite not found.

Status: 404 (NotFound)
ErrorCode: ResourceNotFound
Date: 2025-04-17T11:26:31

Headers:
Vary                          : Accept-Encoding
Strict-Transport-Security     : max-age=31536000
request-id                    : e164764a-a97e-4d28-a348-b2abd0f30257
client-request-id             : b51ffc16-ce0f-44ae-b082-31802f4eeeaf
x-ms-ags-diagnostic           : {"ServerInfo":{"DataCenter":"Japan West","Slice":"E","Ring":"3","ScaleUnit":"000","RoleInstance":"OS1PEPF0000566B"}}
Date                          : Thu, 17 Apr 2025 11:26:31 GMT


[2025-04-17 20:26:31] [WARNING] ユーザー h_kawamura_cdit.or.jp#EXT#@miraiconst.onmicrosoft.com のOneDriveクォータ情報を取得できませんでした: User's mysite not found.

Status: 404 (NotFound)
ErrorCode: ResourceNotFound
Date: 2025-04-17T11:26:31

Headers:
Vary                          : Accept-Encoding
Strict-Transport-Security     : max-age=31536000
request-id                    : 9ba0c55b-4bc8-4120-8a02-1362033a370f
client-request-id             : c839c396-a42b-49a6-a760-f81ff30da92b
x-ms-ags-diagnostic           : {"ServerInfo":{"DataCenter":"Japan West","Slice":"E","Ring":"3","ScaleUnit":"000","RoleInstance":"OS1PEPF0000566B"}}
Date                          : Thu, 17 Apr 2025 11:26:31 GMT


[2025-04-17 20:26:32] [WARNING] ユーザー y-kamei@mirai-const.co.jp のOneDriveクォータ情報を取得できませんでした: Method invocation failed because [System.Object[]] does not contain a method named 'op_Division'.
[2025-04-17 20:26:33] [WARNING] ユーザー bid-info03m@mirai-const.co.jp のOneDriveクォータ情報を取得できませんでした: User's mysite not found.

Status: 404 (NotFound)
ErrorCode: ResourceNotFound
Date: 2025-04-17T11:26:33

Headers:
Vary                          : Accept-Encoding
Strict-Transport-Security     : max-age=31536000
request-id                    : 83ce87f0-7f62-463b-88e8-da5e53f0cd36
client-request-id             : bffe17e2-9739-457f-94e8-7b4bd24aaae2
x-ms-ags-diagnostic           : {"ServerInfo":{"DataCenter":"Japan West","Slice":"E","Ring":"3","ScaleUnit":"000","RoleInstance":"OS1PEPF0000566B"}}
Date                          : Thu, 17 Apr 2025 11:26:33 GMT


[2025-04-17 20:26:34] [WARNING] ユーザー hokkaido-rakuraku@mirai-const.co.jp のOneDriveクォータ情報を取得できませんでした: User's mysite not found.

Status: 404 (NotFound)
ErrorCode: ResourceNotFound
Date: 2025-04-17T11:26:34

Headers:
Vary                          : Accept-Encoding
Strict-Transport-Security     : max-age=31536000
request-id                    : 0f92f56d-9be5-4993-831a-dcfcd29ff1db
client-request-id             : 13e944aa-f319-46bf-bce1-a7bf29d50857
x-ms-ags-diagnostic           : {"ServerInfo":{"DataCenter":"Japan West","Slice":"E","Ring":"3","ScaleUnit":"000","RoleInstance":"OS1PEPF0000566B"}}
Date                          : Thu, 17 Apr 2025 11:26:34 GMT


[2025-04-17 20:26:34] [WARNING] ユーザー hp-kanri@miraiconst.onmicrosoft.com のOneDriveクォータ情報を取得できませんでした: User's mysite not found.

Status: 404 (NotFound)
ErrorCode: ResourceNotFound
Date: 2025-04-17T11:26:34

Headers:
Vary                          : Accept-Encoding
Strict-Transport-Security     : max-age=31536000
request-id                    : 4e49a023-fd0b-4916-829c-29aaba531988
client-request-id             : 49ed2992-dbae-4306-ac16-634d665f1c05
x-ms-ags-diagnostic           : {"ServerInfo":{"DataCenter":"Japan West","Slice":"E","Ring":"3","ScaleUnit":"000","RoleInstance":"OS1PEPF0000566B"}}
Date                          : Thu, 17 Apr 2025 11:26:34 GMT


[2025-04-17 20:26:38] [WARNING] ユーザー e-watanabe@miraiconst.onmicrosoft.com のOneDriveクォータ情報を取得できませんでした: User's mysite not found.

Status: 404 (NotFound)
ErrorCode: ResourceNotFound
Date: 2025-04-17T11:26:38

Headers:
Vary                          : Accept-Encoding
Strict-Transport-Security     : max-age=31536000
request-id                    : 6f3e9890-7209-4695-a9f7-116633276d74
client-request-id             : b61d1d33-b8bd-41eb-81ba-525b0f957d64
x-ms-ags-diagnostic           : {"ServerInfo":{"DataCenter":"Japan West","Slice":"E","Ring":"3","ScaleUnit":"002","RoleInstance":"OS1PEPF00008915"}}
Date                          : Thu, 17 Apr 2025 11:26:38 GMT


[2025-04-17 20:26:40] [WARNING] ユーザー n-sunako@mirai-const.co.jp のOneDriveクォータ情報を取得できませんでした: Method invocation failed because [System.Object[]] does not contain a method named 'op_Division'.
[2025-04-17 20:26:40] [INFO] ユーザー n-sunako@mirai-const.co.jp のroleTemplateId: 69091246-20e8-4a56-aa4d-066075b2a7a8
[2025-04-17 20:26:40] [INFO] ユーザー n-sunako@mirai-const.co.jp は管理者ロール: 69091246-20e8-4a56-aa4d-066075b2a7a8
[2025-04-17 20:26:41] [WARNING] ユーザー yamasaki-s89fa_mlit.go.jp#EXT#@miraiconst.onmicrosoft.com のOneDriveクォータ情報を取得できませんでした: User's mysite not found.

Status: 404 (NotFound)
ErrorCode: ResourceNotFound
Date: 2025-04-17T11:26:41

Headers:
Vary                          : Accept-Encoding
Strict-Transport-Security     : max-age=31536000
request-id                    : 9ed84341-0245-4168-b558-a01cdbc87ab8
client-request-id             : 0a5d75ab-4c21-4920-9d46-c6c6b027502e
x-ms-ags-diagnostic           : {"ServerInfo":{"DataCenter":"Japan West","Slice":"E","Ring":"3","ScaleUnit":"002","RoleInstance":"OS1PEPF00008915"}}
Date                          : Thu, 17 Apr 2025 11:26:41 GMT


[2025-04-17 20:26:43] [WARNING] ユーザー mail-info@miraiconst.onmicrosoft.com のOneDriveクォータ情報を取得できませんでした: User's mysite not found.

Status: 404 (NotFound)
ErrorCode: ResourceNotFound
Date: 2025-04-17T11:26:43

Headers:
Vary                          : Accept-Encoding
Strict-Transport-Security     : max-age=31536000
request-id                    : 09df907f-753a-4d4f-b110-6168599f0cba
client-request-id             : cf38df57-d6be-4aed-be78-338d13c9c948
x-ms-ags-diagnostic           : {"ServerInfo":{"DataCenter":"Japan West","Slice":"E","Ring":"3","ScaleUnit":"002","RoleInstance":"OS1PEPF00008915"}}
Date                          : Thu, 17 Apr 2025 11:26:43 GMT


[2025-04-17 20:26:44] [WARNING] ユーザー k-tomioka@mirai-const.co.jp のOneDriveクォータ情報を取得できませんでした: Method invocation failed because [System.Object[]] does not contain a method named 'op_Division'.
[2025-04-17 20:26:46] [WARNING] ユーザー bid-info07m@mirai-const.co.jp のOneDriveクォータ情報を取得できませんでした: User's mysite not found.

Status: 404 (NotFound)
ErrorCode: ResourceNotFound
Date: 2025-04-17T11:26:46

Headers:
Vary                          : Accept-Encoding
Strict-Transport-Security     : max-age=31536000
request-id                    : 6b5d8c2b-0183-4bf9-b573-c9d7ea11f413
client-request-id             : e9a01b2c-6167-4dc4-b5c2-ae1a5849ebf0
x-ms-ags-diagnostic           : {"ServerInfo":{"DataCenter":"Japan West","Slice":"E","Ring":"3","ScaleUnit":"002","RoleInstance":"OS1PEPF00008915"}}
Date                          : Thu, 17 Apr 2025 11:26:46 GMT


[2025-04-17 20:26:49] [WARNING] ユーザー cim-master08@mirai-const.co.jp のOneDriveクォータ情報を取得できませんでした: User's mysite not found.

Status: 404 (NotFound)
ErrorCode: ResourceNotFound
Date: 2025-04-17T11:26:49

Headers:
Vary                          : Accept-Encoding
Strict-Transport-Security     : max-age=31536000
request-id                    : 014c8050-51dd-4c97-904f-e050a390e747
client-request-id             : a7985f83-fce1-4f49-804c-6d3f80342452
x-ms-ags-diagnostic           : {"ServerInfo":{"DataCenter":"Japan West","Slice":"E","Ring":"3","ScaleUnit":"002","RoleInstance":"OS1PEPF00008915"}}
Date                          : Thu, 17 Apr 2025 11:26:49 GMT


[2025-04-17 20:26:51] [WARNING] ユーザー y-tsuzuki@mirai-const.co.jp のOneDriveクォータ情報を取得できませんでした: User's mysite not found.

Status: 404 (NotFound)
ErrorCode: ResourceNotFound
Date: 2025-04-17T11:26:51

Headers:
Vary                          : Accept-Encoding
Strict-Transport-Security     : max-age=31536000
request-id                    : c4ee52c5-2202-4147-89f3-22cf2a3bbd5e
client-request-id             : 3838fd58-dd02-4994-a17a-ad18ab7247fa
x-ms-ags-diagnostic           : {"ServerInfo":{"DataCenter":"Japan West","Slice":"E","Ring":"3","ScaleUnit":"002","RoleInstance":"OS1PEPF00008915"}}
Date                          : Thu, 17 Apr 2025 11:26:51 GMT


[2025-04-17 20:26:51] [WARNING] ユーザー m-info@miraiconst.onmicrosoft.com のOneDriveクォータ情報を取得できませんでした: User's mysite not found.

Status: 404 (NotFound)
ErrorCode: ResourceNotFound
Date: 2025-04-17T11:26:52

Headers:
Vary                          : Accept-Encoding
Strict-Transport-Security     : max-age=31536000
request-id                    : a3686610-6158-4173-adca-34a7f0c91697
client-request-id             : 511f3c3d-c047-4d9d-876f-de33b50a56a9
x-ms-ags-diagnostic           : {"ServerInfo":{"DataCenter":"Japan West","Slice":"E","Ring":"3","ScaleUnit":"002","RoleInstance":"OS1PEPF00008915"}}
Date                          : Thu, 17 Apr 2025 11:26:51 GMT


[2025-04-17 20:26:55] [WARNING] ユーザー hokkaido@miraiconst.onmicrosoft.com のOneDriveクォータ情報を取得できませんでした: User's mysite not found.

Status: 404 (NotFound)
ErrorCode: ResourceNotFound
Date: 2025-04-17T11:26:55

Headers:
Vary                          : Accept-Encoding
Strict-Transport-Security     : max-age=31536000
request-id                    : 68bb3efc-6eab-412f-a26d-4ec074377b8a
client-request-id             : 01daa55d-680c-4ebd-a592-97d688713fd9
x-ms-ags-diagnostic           : {"ServerInfo":{"DataCenter":"Japan West","Slice":"E","Ring":"3","ScaleUnit":"002","RoleInstance":"OS1PEPF00008915"}}
Date                          : Thu, 17 Apr 2025 11:26:54 GMT


[2025-04-17 20:26:55] [WARNING] ユーザー yokohama-rakuraku@mirai-const.co.jp のOneDriveクォータ情報を取得できませんでした: User's mysite not found.

Status: 404 (NotFound)
ErrorCode: ResourceNotFound
Date: 2025-04-17T11:26:55

Headers:
Vary                          : Accept-Encoding
Strict-Transport-Security     : max-age=31536000
request-id                    : eb2b5134-1888-4822-a9b7-8d49deb958b2
client-request-id             : 39638f79-64ca-44ba-9a54-b6124c73de39
x-ms-ags-diagnostic           : {"ServerInfo":{"DataCenter":"Japan West","Slice":"E","Ring":"3","ScaleUnit":"002","RoleInstance":"OS1PEPF00008915"}}
Date                          : Thu, 17 Apr 2025 11:26:55 GMT


[2025-04-17 20:26:57] [WARNING] ユーザー keieikikaku@miraiconst.onmicrosoft.com のOneDriveクォータ情報を取得できませんでした: User's mysite not found.

Status: 404 (NotFound)
ErrorCode: ResourceNotFound
Date: 2025-04-17T11:26:57

Headers:
Vary                          : Accept-Encoding
Strict-Transport-Security     : max-age=31536000
request-id                    : 3a3e2c0d-b2cb-490a-b3b4-d6edaf70abd3
client-request-id             : e4afa978-8615-40bb-8c35-54e64e3e6b70
x-ms-ags-diagnostic           : {"ServerInfo":{"DataCenter":"Japan West","Slice":"E","Ring":"3","ScaleUnit":"002","RoleInstance":"OS1PEPF00008915"}}
Date                          : Thu, 17 Apr 2025 11:26:57 GMT


[2025-04-17 20:26:59] [WARNING] ユーザー bid-info11m@mirai-const.co.jp のOneDriveクォータ情報を取得できませんでした: User's mysite not found.

Status: 404 (NotFound)
ErrorCode: ResourceNotFound
Date: 2025-04-17T11:26:59

Headers:
Vary                          : Accept-Encoding
Strict-Transport-Security     : max-age=31536000
request-id                    : 54262c49-25e4-428a-8f82-3ba595ed33b4
client-request-id             : cad7a458-d18c-4955-a485-3ec23b7b6e0f
x-ms-ags-diagnostic           : {"ServerInfo":{"DataCenter":"Japan West","Slice":"E","Ring":"3","ScaleUnit":"002","RoleInstance":"OS1PEPF00008915"}}
Date                          : Thu, 17 Apr 2025 11:26:59 GMT


[2025-04-17 20:26:59] [WARNING] ユーザー bid-info08m@mirai-const.co.jp のOneDriveクォータ情報を取得できませんでした: User's mysite not found.

Status: 404 (NotFound)
ErrorCode: ResourceNotFound
Date: 2025-04-17T11:27:00

Headers:
Vary                          : Accept-Encoding
Strict-Transport-Security     : max-age=31536000
request-id                    : 471a94c8-822f-4e2c-84ff-327d3a9a46e7
client-request-id             : 20a30cb5-73eb-4ac9-993d-72259dff0686
x-ms-ags-diagnostic           : {"ServerInfo":{"DataCenter":"Japan West","Slice":"E","Ring":"3","ScaleUnit":"002","RoleInstance":"OS1PEPF00008915"}}
Date                          : Thu, 17 Apr 2025 11:26:59 GMT


[2025-04-17 20:27:03] [WARNING] ユーザー cim-master16@mirai-const.co.jp のOneDriveクォータ情報を取得できませんでした: User's mysite not found.

Status: 404 (NotFound)
ErrorCode: ResourceNotFound
Date: 2025-04-17T11:27:03

Headers:
Vary                          : Accept-Encoding
Strict-Transport-Security     : max-age=31536000
request-id                    : 52d4b194-6b57-4e29-a4e1-4f8a926a51f6
client-request-id             : f3ae1ed6-bc43-49f6-9e5a-aefcd7aa1c94
x-ms-ags-diagnostic           : {"ServerInfo":{"DataCenter":"Japan West","Slice":"E","Ring":"3","ScaleUnit":"002","RoleInstance":"OS1PEPF00008915"}}
Date                          : Thu, 17 Apr 2025 11:27:02 GMT


[2025-04-17 20:27:03] [WARNING] ユーザー cim-master06@mirai-const.co.jp のOneDriveクォータ情報を取得できませんでした: User's mysite not found.

Status: 404 (NotFound)
ErrorCode: ResourceNotFound
Date: 2025-04-17T11:27:04

Headers:
Vary                          : Accept-Encoding
Strict-Transport-Security     : max-age=31536000
request-id                    : 9d6c6505-8342-46af-8b84-a19a238a2e96
client-request-id             : 2f322429-fb9b-452c-818d-78753597e6a4
x-ms-ags-diagnostic           : {"ServerInfo":{"DataCenter":"Japan West","Slice":"E","Ring":"3","ScaleUnit":"002","RoleInstance":"OS1PEPF00008915"}}
Date                          : Thu, 17 Apr 2025 11:27:03 GMT


[2025-04-17 20:27:06] [WARNING] ユーザー S.Nagano_otsuka-shokai.co.jp#EXT#@miraiconst.onmicrosoft.com のOneDriveクォータ情報を取得できませんでした: User's mysite not found.

Status: 404 (NotFound)
ErrorCode: ResourceNotFound
Date: 2025-04-17T11:27:06

Headers:
Vary                          : Accept-Encoding
Strict-Transport-Security     : max-age=31536000
request-id                    : 4cd7b3db-bfa4-4813-acc3-23799af3a917
client-request-id             : 02600c1a-9076-42a0-8166-0f33a7b3e4fe
x-ms-ags-diagnostic           : {"ServerInfo":{"DataCenter":"Japan West","Slice":"E","Ring":"3","ScaleUnit":"002","RoleInstance":"OS1PEPF00008915"}}
Date                          : Thu, 17 Apr 2025 11:27:05 GMT


[2025-04-17 20:27:06] [WARNING] ユーザー k-sugimoto@miraiconst.onmicrosoft.com のOneDriveクォータ情報を取得できませんでした: User's mysite not found.

Status: 404 (NotFound)
ErrorCode: ResourceNotFound
Date: 2025-04-17T11:27:07

Headers:
Vary                          : Accept-Encoding
Strict-Transport-Security     : max-age=31536000
request-id                    : 683b859c-b583-4c6a-afef-e218b4a17af9
client-request-id             : 01ea5034-ce10-4c07-85ad-fe959c6822a2
x-ms-ags-diagnostic           : {"ServerInfo":{"DataCenter":"Japan West","Slice":"E","Ring":"3","ScaleUnit":"002","RoleInstance":"OS1PEPF00008915"}}
Date                          : Thu, 17 Apr 2025 11:27:06 GMT


[2025-04-17 20:27:07] [WARNING] ユーザー kita-kyushu@miraiconst.onmicrosoft.com のOneDriveクォータ情報を取得できませんでした: User's mysite not found.

Status: 404 (NotFound)
ErrorCode: ResourceNotFound
Date: 2025-04-17T11:27:07

Headers:
Vary                          : Accept-Encoding
Strict-Transport-Security     : max-age=31536000
request-id                    : aae0e9bb-240e-47b2-887e-13f3c5463ad5
client-request-id             : 250a2107-0a6d-40ef-a234-6889b45f6cfd
x-ms-ags-diagnostic           : {"ServerInfo":{"DataCenter":"Japan West","Slice":"E","Ring":"3","ScaleUnit":"002","RoleInstance":"OS1PEPF00008915"}}
Date                          : Thu, 17 Apr 2025 11:27:07 GMT


[2025-04-17 20:27:08] [WARNING] ユーザー bid-info@mirai-const.co.jp のOneDriveクォータ情報を取得できませんでした: User's mysite not found.

Status: 404 (NotFound)
ErrorCode: ResourceNotFound
Date: 2025-04-17T11:27:08

Headers:
Vary                          : Accept-Encoding
Strict-Transport-Security     : max-age=31536000
request-id                    : a7272046-1391-4286-a047-ad82c2b010ba
client-request-id             : 4b1c980d-a15e-4cb3-96da-5b319c663d96
x-ms-ags-diagnostic           : {"ServerInfo":{"DataCenter":"Japan West","Slice":"E","Ring":"3","ScaleUnit":"002","RoleInstance":"OS1PEPF00008915"}}
Date                          : Thu, 17 Apr 2025 11:27:08 GMT


[2025-04-17 20:27:09] [WARNING] ユーザー bid-info01m@mirai-const.co.jp のOneDriveクォータ情報を取得できませんでした: User's mysite not found.

Status: 404 (NotFound)
ErrorCode: ResourceNotFound
Date: 2025-04-17T11:27:09

Headers:
Vary                          : Accept-Encoding
Strict-Transport-Security     : max-age=31536000
request-id                    : c553f521-de64-4c63-9b3d-690fb5faeb54
client-request-id             : b157de87-bdd4-4e32-a900-d13794dfddb5
x-ms-ags-diagnostic           : {"ServerInfo":{"DataCenter":"Japan West","Slice":"E","Ring":"3","ScaleUnit":"002","RoleInstance":"OS1PEPF00008915"}}
Date                          : Thu, 17 Apr 2025 11:27:09 GMT


[2025-04-17 20:27:10] [INFO] ユーザー r-niikura@mirai-const.co.jp のroleTemplateId: 62e90394-69f5-4237-9190-012177145e10
[2025-04-17 20:27:10] [INFO] ユーザー r-niikura@mirai-const.co.jp は管理者ロール: 62e90394-69f5-4237-9190-012177145e10
[2025-04-17 20:27:10] [WARNING] ユーザー zaimu@mirai-const.co.jp のOneDriveクォータ情報を取得できませんでした: User's mysite not found.

Status: 404 (NotFound)
ErrorCode: ResourceNotFound
Date: 2025-04-17T11:27:10

Headers:
Vary                          : Accept-Encoding
Strict-Transport-Security     : max-age=31536000
request-id                    : b86f4afb-8d26-45dc-a59a-3842819efb64
client-request-id             : 55819dbb-8f0e-4d61-9896-0b9e52b4f011
x-ms-ags-diagnostic           : {"ServerInfo":{"DataCenter":"Japan West","Slice":"E","Ring":"3","ScaleUnit":"002","RoleInstance":"OS1PEPF00008915"}}
Date                          : Thu, 17 Apr 2025 11:27:10 GMT


[2025-04-17 20:27:11] [INFO] ユーザー k-okada@mirai-const.co.jp のroleTemplateId: 69091246-20e8-4a56-aa4d-066075b2a7a8
[2025-04-17 20:27:11] [INFO] ユーザー k-okada@mirai-const.co.jp は管理者ロール: 69091246-20e8-4a56-aa4d-066075b2a7a8
[2025-04-17 20:27:11] [WARNING] ユーザー cim-master15@mirai-const.co.jp のOneDriveクォータ情報を取得できませんでした: User's mysite not found.

Status: 404 (NotFound)
ErrorCode: ResourceNotFound
Date: 2025-04-17T11:27:11

Headers:
Vary                          : Accept-Encoding
Strict-Transport-Security     : max-age=31536000
request-id                    : be945bcc-e8e9-4fbe-b5ae-752edb20d9cc
client-request-id             : 22cd31e6-e5d2-44fe-b0ee-3cb77487bc69
x-ms-ags-diagnostic           : {"ServerInfo":{"DataCenter":"Japan West","Slice":"E","Ring":"3","ScaleUnit":"002","RoleInstance":"OS1PEPF00008915"}}
Date                          : Thu, 17 Apr 2025 11:27:11 GMT


[2025-04-17 20:27:12] [WARNING] ユーザー ats-watanabe_mitsuifudosan.co.jp#EXT#@miraiconst.onmicrosoft.com のOneDriveクォータ情報を取得できませんでした: User's mysite not found.

Status: 404 (NotFound)
ErrorCode: ResourceNotFound
Date: 2025-04-17T11:27:12

Headers:
Vary                          : Accept-Encoding
Strict-Transport-Security     : max-age=31536000
request-id                    : f7b3b4b4-2682-49b0-9028-2be33021548f
client-request-id             : 8073208a-7113-4f93-bdd0-d61be3a77969
x-ms-ags-diagnostic           : {"ServerInfo":{"DataCenter":"Japan West","Slice":"E","Ring":"3","ScaleUnit":"002","RoleInstance":"OS1PEPF00008915"}}
Date                          : Thu, 17 Apr 2025 11:27:12 GMT


[2025-04-17 20:27:13] [WARNING] ユーザー t-kumai@miraiconst.onmicrosoft.com のOneDriveクォータ情報を取得できませんでした: User's mysite not found.

Status: 404 (NotFound)
ErrorCode: ResourceNotFound
Date: 2025-04-17T11:27:13

Headers:
Vary                          : Accept-Encoding
Strict-Transport-Security     : max-age=31536000
request-id                    : b40e8b8f-5086-4956-887d-df3a4bec1654
client-request-id             : 37bc2227-0388-47c1-8d98-d912c34185bc
x-ms-ags-diagnostic           : {"ServerInfo":{"DataCenter":"Japan West","Slice":"E","Ring":"3","ScaleUnit":"002","RoleInstance":"OS1PEPF00008915"}}
Date                          : Thu, 17 Apr 2025 11:27:13 GMT


[2025-04-17 20:27:15] [WARNING] ユーザー bid-info12m@mirai-const.co.jp のOneDriveクォータ情報を取得できませんでした: User's mysite not found.

Status: 404 (NotFound)
ErrorCode: ResourceNotFound
Date: 2025-04-17T11:27:15

Headers:
Vary                          : Accept-Encoding
Strict-Transport-Security     : max-age=31536000
request-id                    : 09b987d0-e805-4f46-98da-8b86f8217120
client-request-id             : 81098aec-e4cb-4304-8ad7-0531bad72bdb
x-ms-ags-diagnostic           : {"ServerInfo":{"DataCenter":"Japan West","Slice":"E","Ring":"3","ScaleUnit":"002","RoleInstance":"OS1PEPF00008915"}}
Date                          : Thu, 17 Apr 2025 11:27:15 GMT


[2025-04-17 20:27:15] [WARNING] ユーザー cim-master03@mirai-const.co.jp のOneDriveクォータ情報を取得できませんでした: User's mysite not found.

Status: 404 (NotFound)
ErrorCode: ResourceNotFound
Date: 2025-04-17T11:27:16

Headers:
Vary                          : Accept-Encoding
Strict-Transport-Security     : max-age=31536000
request-id                    : 538acaad-77bc-4b00-bcdb-71d46f4d84d3
client-request-id             : 08393ff2-ae85-4aa2-ba0c-22e2c53040bd
x-ms-ags-diagnostic           : {"ServerInfo":{"DataCenter":"Japan West","Slice":"E","Ring":"3","ScaleUnit":"002","RoleInstance":"OS1PEPF00008915"}}
Date                          : Thu, 17 Apr 2025 11:27:15 GMT


[2025-04-17 20:27:20] [WARNING] ユーザー tech@miraiconst.onmicrosoft.com のOneDriveクォータ情報を取得できませんでした: User's mysite not found.

Status: 404 (NotFound)
ErrorCode: ResourceNotFound
Date: 2025-04-17T11:27:20

Headers:
Vary                          : Accept-Encoding
Strict-Transport-Security     : max-age=31536000
request-id                    : 57ca21ac-9ebc-4315-993c-c018f3d95ec2
client-request-id             : dc00a9b9-9846-48a0-8796-bf22e800bc05
x-ms-ags-diagnostic           : {"ServerInfo":{"DataCenter":"Japan West","Slice":"E","Ring":"3","ScaleUnit":"002","RoleInstance":"OS1PEPF00008915"}}
Date                          : Thu, 17 Apr 2025 11:27:19 GMT


[2025-04-17 20:27:23] [WARNING] ユーザー sketchup@miraiconst.onmicrosoft.com のOneDriveクォータ情報を取得できませんでした: User's mysite not found.

Status: 404 (NotFound)
ErrorCode: ResourceNotFound
Date: 2025-04-17T11:27:23

Headers:
Vary                          : Accept-Encoding
Strict-Transport-Security     : max-age=31536000
request-id                    : cfe71812-f890-4867-8d59-cdec2d046924
client-request-id             : 764f5d42-aafc-4305-819d-0906d1454f95
x-ms-ags-diagnostic           : {"ServerInfo":{"DataCenter":"Japan West","Slice":"E","Ring":"3","ScaleUnit":"002","RoleInstance":"OS1PEPF00008915"}}
Date                          : Thu, 17 Apr 2025 11:27:22 GMT


[2025-04-17 20:27:23] [WARNING] ユーザー y-tajima@mirai-const.co.jp のOneDriveクォータ情報を取得できませんでした: User's mysite not found.

Status: 404 (NotFound)
ErrorCode: ResourceNotFound
Date: 2025-04-17T11:27:23

Headers:
Vary                          : Accept-Encoding
Strict-Transport-Security     : max-age=31536000
request-id                    : 82501008-db40-4913-b586-66c0e7bf5cfb
client-request-id             : 008c5f31-69b4-4082-9c91-3e9c8270515d
x-ms-ags-diagnostic           : {"ServerInfo":{"DataCenter":"Japan West","Slice":"E","Ring":"3","ScaleUnit":"002","RoleInstance":"OS1PEPF00008915"}}
Date                          : Thu, 17 Apr 2025 11:27:23 GMT


[2025-04-17 20:27:23] [WARNING] ユーザー kaikei-support@mirai-const.co.jp のOneDriveクォータ情報を取得できませんでした: User's mysite not found.

Status: 404 (NotFound)
ErrorCode: ResourceNotFound
Date: 2025-04-17T11:27:23

Headers:
Vary                          : Accept-Encoding
Strict-Transport-Security     : max-age=31536000
request-id                    : cbce198a-c580-48f4-97d4-1832b94dd07c
client-request-id             : 74715e72-0c33-4b8e-b5b0-5c959abcb14b
x-ms-ags-diagnostic           : {"ServerInfo":{"DataCenter":"Japan West","Slice":"E","Ring":"3","ScaleUnit":"002","RoleInstance":"OS1PEPF00008915"}}
Date                          : Thu, 17 Apr 2025 11:27:23 GMT


[2025-04-17 20:27:25] [WARNING] ユーザー gijyutsu@mirai-const.co.jp のOneDriveクォータ情報を取得できませんでした: User's mysite not found.

Status: 404 (NotFound)
ErrorCode: ResourceNotFound
Date: 2025-04-17T11:27:25

Headers:
Vary                          : Accept-Encoding
Strict-Transport-Security     : max-age=31536000
request-id                    : 8eae5202-ad02-4ccf-b0a2-ef06af590af9
client-request-id             : 5159e6d8-ad74-485e-b6f5-f5416f15ebf0
x-ms-ags-diagnostic           : {"ServerInfo":{"DataCenter":"Japan West","Slice":"E","Ring":"3","ScaleUnit":"002","RoleInstance":"OS1PEPF00008915"}}
Date                          : Thu, 17 Apr 2025 11:27:25 GMT


[2025-04-17 20:27:25] [WARNING] ユーザー m-suzuki@mirai-const.co.jp のOneDriveクォータ情報を取得できませんでした: User's mysite not found.

Status: 404 (NotFound)
ErrorCode: ResourceNotFound
Date: 2025-04-17T11:27:25

Headers:
Vary                          : Accept-Encoding
Strict-Transport-Security     : max-age=31536000
request-id                    : 275e1ab6-8998-4163-bdb8-908e7a5e9d77
client-request-id             : 4f66c480-0a72-4e7c-b2fd-df99e6dfc69b
x-ms-ags-diagnostic           : {"ServerInfo":{"DataCenter":"Japan West","Slice":"E","Ring":"3","ScaleUnit":"002","RoleInstance":"OS1PEPF00008915"}}
Date                          : Thu, 17 Apr 2025 11:27:25 GMT


[2025-04-17 20:27:27] [WARNING] ユーザー Sync_AZSV0001_b63ec191406d@miraiconst.onmicrosoft.com のOneDriveクォータ情報を取得できませんでした: User's mysite not found.

Status: 404 (NotFound)
ErrorCode: ResourceNotFound
Date: 2025-04-17T11:27:27

Headers:
Vary                          : Accept-Encoding
Strict-Transport-Security     : max-age=31536000
request-id                    : 1463bb52-521b-4e5a-b2b2-596b25b74cc1
client-request-id             : 1b8695f3-53c5-4e9f-bcf3-deb263920c8a
x-ms-ags-diagnostic           : {"ServerInfo":{"DataCenter":"Japan West","Slice":"E","Ring":"3","ScaleUnit":"002","RoleInstance":"OS1PEPF00008915"}}
Date                          : Thu, 17 Apr 2025 11:27:26 GMT


[2025-04-17 20:27:28] [INFO] ユーザー Sync_AZSV0001_b63ec191406d@miraiconst.onmicrosoft.com のroleTemplateId: d29b2b05-8046-44ba-8758-1e26182fcf32
[2025-04-17 20:27:28] [WARNING] ユーザー kanri-kyushu@mirai-const.co.jp のOneDriveクォータ情報を取得できませんでした: User's mysite not found.

Status: 404 (NotFound)
ErrorCode: ResourceNotFound
Date: 2025-04-17T11:27:28

Headers:
Vary                          : Accept-Encoding
Strict-Transport-Security     : max-age=31536000
request-id                    : 66d2c20d-cd2e-4ed7-b59f-157b33ed278f
client-request-id             : 3fdfa069-97e6-4cc8-bf0f-6a7dabceb30c
x-ms-ags-diagnostic           : {"ServerInfo":{"DataCenter":"Japan West","Slice":"E","Ring":"3","ScaleUnit":"002","RoleInstance":"OS1PEPF00008915"}}
Date                          : Thu, 17 Apr 2025 11:27:28 GMT


[2025-04-17 20:27:31] [WARNING] ユーザー bid-info04m@mirai-const.co.jp のOneDriveクォータ情報を取得できませんでした: User's mysite not found.

Status: 404 (NotFound)
ErrorCode: ResourceNotFound
Date: 2025-04-17T11:27:31

Headers:
Vary                          : Accept-Encoding
Strict-Transport-Security     : max-age=31536000
request-id                    : f965d662-a45d-48f0-bf06-fb7e64db1c81
client-request-id             : 5690d0a8-aefa-45a3-98ba-47ad1bd68ca6
x-ms-ags-diagnostic           : {"ServerInfo":{"DataCenter":"Japan West","Slice":"E","Ring":"3","ScaleUnit":"002","RoleInstance":"OS1PEPF00008915"}}
Date                          : Thu, 17 Apr 2025 11:27:31 GMT


[2025-04-17 20:27:32] [WARNING] ユーザー cim-master04@mirai-const.co.jp のOneDriveクォータ情報を取得できませんでした: User's mysite not found.

Status: 404 (NotFound)
ErrorCode: ResourceNotFound
Date: 2025-04-17T11:27:32

Headers:
Vary                          : Accept-Encoding
Strict-Transport-Security     : max-age=31536000
request-id                    : a51d3b41-2bc2-4672-b57c-0d7a675dd4f6
client-request-id             : 35e8a674-5c9e-4027-92ca-d1ce1571761b
x-ms-ags-diagnostic           : {"ServerInfo":{"DataCenter":"Japan West","Slice":"E","Ring":"3","ScaleUnit":"002","RoleInstance":"OS1PEPF00008915"}}
Date                          : Thu, 17 Apr 2025 11:27:31 GMT


[2025-04-17 20:27:32] [WARNING] ユーザー share@mirai-const.co.jp のOneDriveクォータ情報を取得できませんでした: User's mysite not found.

Status: 404 (NotFound)
ErrorCode: ResourceNotFound
Date: 2025-04-17T11:27:33

Headers:
Vary                          : Accept-Encoding
Strict-Transport-Security     : max-age=31536000
request-id                    : bcc80b06-c896-41c1-abec-e608f1ced3e9
client-request-id             : 044169a4-bd46-4740-87a7-eb66f6d5513c
x-ms-ags-diagnostic           : {"ServerInfo":{"DataCenter":"Japan West","Slice":"E","Ring":"3","ScaleUnit":"002","RoleInstance":"OS1PEPF00008915"}}
Date                          : Thu, 17 Apr 2025 11:27:32 GMT


[2025-04-17 20:27:34] [WARNING] ユーザー kitakyushu-rakuraku@mirai-const.co.jp のOneDriveクォータ情報を取得できませんでした: User's mysite not found.

Status: 404 (NotFound)
ErrorCode: ResourceNotFound
Date: 2025-04-17T11:27:34

Headers:
Vary                          : Accept-Encoding
Strict-Transport-Security     : max-age=31536000
request-id                    : bdc62b81-9d34-4acd-aead-0ea34a3a6a2c
client-request-id             : ff8c7a91-7711-4b75-baef-6885b73f1b18
x-ms-ags-diagnostic           : {"ServerInfo":{"DataCenter":"Japan West","Slice":"E","Ring":"3","ScaleUnit":"002","RoleInstance":"OS1PEPF00008915"}}
Date                          : Thu, 17 Apr 2025 11:27:33 GMT


[2025-04-17 20:27:35] [WARNING] ユーザー amazon-biz@mirai-const.co.jp のOneDriveクォータ情報を取得できませんでした: User's mysite not found.

Status: 404 (NotFound)
ErrorCode: ResourceNotFound
Date: 2025-04-17T11:27:35

Headers:
Vary                          : Accept-Encoding
Strict-Transport-Security     : max-age=31536000
request-id                    : 6be7683d-d7c8-40d1-aafb-bda315e1bfa1
client-request-id             : 205da59f-df4f-43ad-84b0-ce964a75ee2b
x-ms-ags-diagnostic           : {"ServerInfo":{"DataCenter":"Japan West","Slice":"E","Ring":"3","ScaleUnit":"002","RoleInstance":"OS1PEPF00008915"}}
Date                          : Thu, 17 Apr 2025 11:27:35 GMT


[2025-04-17 20:27:38] [WARNING] ユーザー shizuoka-rakuraku@mirai-const.co.jp のOneDriveクォータ情報を取得できませんでした: User's mysite not found.

Status: 404 (NotFound)
ErrorCode: ResourceNotFound
Date: 2025-04-17T11:27:38

Headers:
Vary                          : Accept-Encoding
Strict-Transport-Security     : max-age=31536000
request-id                    : 045e0c3f-440b-4ffb-a0af-3dcf0d506fb1
client-request-id             : 58bf464f-aa9f-441d-bf80-9b4297071327
x-ms-ags-diagnostic           : {"ServerInfo":{"DataCenter":"Japan West","Slice":"E","Ring":"3","ScaleUnit":"002","RoleInstance":"OS1PEPF00005643"}}
Date                          : Thu, 17 Apr 2025 11:27:38 GMT


[2025-04-17 20:27:38] [WARNING] ユーザー tokyokouji-rakuraku@mirai-const.co.jp のOneDriveクォータ情報を取得できませんでした: User's mysite not found.

Status: 404 (NotFound)
ErrorCode: ResourceNotFound
Date: 2025-04-17T11:27:39

Headers:
Vary                          : Accept-Encoding
Strict-Transport-Security     : max-age=31536000
request-id                    : 92b00e2c-7afa-47d0-9d87-0989e7db39a6
client-request-id             : 027c561d-2a80-48c2-ae9d-3b25640dab29
x-ms-ags-diagnostic           : {"ServerInfo":{"DataCenter":"Japan West","Slice":"E","Ring":"3","ScaleUnit":"002","RoleInstance":"OS1PEPF00005643"}}
Date                          : Thu, 17 Apr 2025 11:27:38 GMT


[2025-04-17 20:27:42] [WARNING] ユーザー honsya2-1@miraiconst.onmicrosoft.com のOneDriveクォータ情報を取得できませんでした: User's mysite not found.

Status: 404 (NotFound)
ErrorCode: ResourceNotFound
Date: 2025-04-17T11:27:42

Headers:
Vary                          : Accept-Encoding
Strict-Transport-Security     : max-age=31536000
request-id                    : b910ca59-9519-43b8-9843-bb23df2968de
client-request-id             : 7fafb7a9-ef1e-4221-ba60-f97392ffeacd
x-ms-ags-diagnostic           : {"ServerInfo":{"DataCenter":"Japan West","Slice":"E","Ring":"3","ScaleUnit":"002","RoleInstance":"OS1PEPF00005643"}}
Date                          : Thu, 17 Apr 2025 11:27:42 GMT


[2025-04-17 20:27:45] [WARNING] ユーザー ito_mainmark.co.jp#EXT#@miraiconst.onmicrosoft.com のOneDriveクォータ情報を取得できませんでした: User's mysite not found.

Status: 404 (NotFound)
ErrorCode: ResourceNotFound
Date: 2025-04-17T11:27:45

Headers:
Vary                          : Accept-Encoding
Strict-Transport-Security     : max-age=31536000
request-id                    : b4f85829-8df3-48e7-b3aa-2c0502fbdc48
client-request-id             : 58617421-be63-424b-ad82-022bbc62d436
x-ms-ags-diagnostic           : {"ServerInfo":{"DataCenter":"Japan West","Slice":"E","Ring":"3","ScaleUnit":"002","RoleInstance":"OS1PEPF00005643"}}
Date                          : Thu, 17 Apr 2025 11:27:45 GMT


[2025-04-17 20:27:47] [WARNING] ユーザー yk-takahashi_mitsuifudosan.co.jp#EXT#@miraiconst.onmicrosoft.com のOneDriveクォータ情報を取得できませんでした: User's mysite not found.

Status: 404 (NotFound)
ErrorCode: ResourceNotFound
Date: 2025-04-17T11:27:48

Headers:
Vary                          : Accept-Encoding
Strict-Transport-Security     : max-age=31536000
request-id                    : 60fab5c5-dbf0-440d-97fd-961d1f6d7951
client-request-id             : 9c6dfb9a-5e17-499b-b0eb-d77d8657cf76
x-ms-ags-diagnostic           : {"ServerInfo":{"DataCenter":"Japan West","Slice":"E","Ring":"3","ScaleUnit":"002","RoleInstance":"OS1PEPF00005643"}}
Date                          : Thu, 17 Apr 2025 11:27:47 GMT


[2025-04-17 20:27:48] [WARNING] ユーザー chugoku-rakuraku@mirai-const.co.jp のOneDriveクォータ情報を取得できませんでした: User's mysite not found.

Status: 404 (NotFound)
ErrorCode: ResourceNotFound
Date: 2025-04-17T11:27:48

Headers:
Vary                          : Accept-Encoding
Strict-Transport-Security     : max-age=31536000
request-id                    : cbb4cf37-5fe8-4101-9734-654460544947
client-request-id             : 1e464e5a-a0ee-4f37-bac1-8ce05efd022e
x-ms-ags-diagnostic           : {"ServerInfo":{"DataCenter":"Japan West","Slice":"E","Ring":"3","ScaleUnit":"002","RoleInstance":"OS1PEPF00005643"}}
Date                          : Thu, 17 Apr 2025 11:27:48 GMT


[2025-04-17 20:27:50] [WARNING] ユーザー webadmin@miraiconst.onmicrosoft.com のOneDriveクォータ情報を取得できませんでした: User's mysite not found.

Status: 404 (NotFound)
ErrorCode: ResourceNotFound
Date: 2025-04-17T11:27:50

Headers:
Vary                          : Accept-Encoding
Strict-Transport-Security     : max-age=31536000
request-id                    : a59b4677-2cb3-4b07-938f-e664b5fb7306
client-request-id             : f3298bca-f39f-4e96-bf88-d9d194f7b677
x-ms-ags-diagnostic           : {"ServerInfo":{"DataCenter":"Japan West","Slice":"E","Ring":"3","ScaleUnit":"002","RoleInstance":"OS1PEPF00005643"}}
Date                          : Thu, 17 Apr 2025 11:27:50 GMT


[2025-04-17 20:27:52] [WARNING] ユーザー tokyokoji@miraiconst.onmicrosoft.com のOneDriveクォータ情報を取得できませんでした: User's mysite not found.

Status: 404 (NotFound)
ErrorCode: ResourceNotFound
Date: 2025-04-17T11:27:52

Headers:
Vary                          : Accept-Encoding
Strict-Transport-Security     : max-age=31536000
request-id                    : 28cd0e76-1e2a-44d5-9052-3fbee894320b
client-request-id             : b7d50c50-54d9-4982-8b0b-ad0f1c9de6f0
x-ms-ags-diagnostic           : {"ServerInfo":{"DataCenter":"Japan West","Slice":"E","Ring":"3","ScaleUnit":"002","RoleInstance":"OS1PEPF00005643"}}
Date                          : Thu, 17 Apr 2025 11:27:52 GMT


[2025-04-17 20:27:53] [WARNING] ユーザー tokyo-rakuraku@mirai-const.co.jp のOneDriveクォータ情報を取得できませんでした: User's mysite not found.

Status: 404 (NotFound)
ErrorCode: ResourceNotFound
Date: 2025-04-17T11:27:53

Headers:
Vary                          : Accept-Encoding
Strict-Transport-Security     : max-age=31536000
request-id                    : 8ddd0dc7-d394-4c7f-9611-5d3d35c545d9
client-request-id             : e547c7c4-a149-4714-aeae-ffd2d12f172c
x-ms-ags-diagnostic           : {"ServerInfo":{"DataCenter":"Japan West","Slice":"E","Ring":"3","ScaleUnit":"002","RoleInstance":"OS1PEPF00005643"}}
Date                          : Thu, 17 Apr 2025 11:27:53 GMT


[2025-04-17 20:27:53] [WARNING] ユーザー mirai-edr@miraiconst.onmicrosoft.com のOneDriveクォータ情報を取得できませんでした: User's mysite not found.

Status: 404 (NotFound)
ErrorCode: ResourceNotFound
Date: 2025-04-17T11:27:54

Headers:
Vary                          : Accept-Encoding
Strict-Transport-Security     : max-age=31536000
request-id                    : 0bf180c1-e630-499a-b9e2-4d10fe8a0172
client-request-id             : 5b430fbb-a2e3-4022-8757-0166daf4cf24
x-ms-ags-diagnostic           : {"ServerInfo":{"DataCenter":"Japan West","Slice":"E","Ring":"3","ScaleUnit":"002","RoleInstance":"OS1PEPF00005643"}}
Date                          : Thu, 17 Apr 2025 11:27:53 GMT


[2025-04-17 20:27:54] [WARNING] ユーザー bid-info06m@mirai-const.co.jp のOneDriveクォータ情報を取得できませんでした: User's mysite not found.

Status: 404 (NotFound)
ErrorCode: ResourceNotFound
Date: 2025-04-17T11:27:55

Headers:
Vary                          : Accept-Encoding
Strict-Transport-Security     : max-age=31536000
request-id                    : 7d4e0818-ffcf-49fb-bd57-c1303ce1ba4a
client-request-id             : cf338377-548e-4fe1-8510-797435615989
x-ms-ags-diagnostic           : {"ServerInfo":{"DataCenter":"Japan West","Slice":"E","Ring":"3","ScaleUnit":"002","RoleInstance":"OS1PEPF00005643"}}
Date                          : Thu, 17 Apr 2025 11:27:54 GMT


[2025-04-17 20:27:56] [WARNING] ユーザー noto-rakuraku@mirai-const.co.jp のOneDriveクォータ情報を取得できませんでした: User's mysite not found.

Status: 404 (NotFound)
ErrorCode: ResourceNotFound
Date: 2025-04-17T11:27:56

Headers:
Vary                          : Accept-Encoding
Strict-Transport-Security     : max-age=31536000
request-id                    : 790b2db1-f706-4512-9d6d-41bef46c4002
client-request-id             : a865bd6c-18e4-4c53-9daa-b3ac7418aca1
x-ms-ags-diagnostic           : {"ServerInfo":{"DataCenter":"Japan West","Slice":"E","Ring":"3","ScaleUnit":"002","RoleInstance":"OS1PEPF00005643"}}
Date                          : Thu, 17 Apr 2025 11:27:56 GMT


[2025-04-17 20:27:58] [WARNING] ユーザー aomori-rakuraku@mirai-const.co.jp のOneDriveクォータ情報を取得できませんでした: User's mysite not found.

Status: 404 (NotFound)
ErrorCode: ResourceNotFound
Date: 2025-04-17T11:27:58

Headers:
Vary                          : Accept-Encoding
Strict-Transport-Security     : max-age=31536000
request-id                    : 954c7ac1-825c-4053-a99e-c54d972159ec
client-request-id             : b00ad34c-7bda-42a4-9a15-cd45c367da69
x-ms-ags-diagnostic           : {"ServerInfo":{"DataCenter":"Japan West","Slice":"E","Ring":"3","ScaleUnit":"002","RoleInstance":"OS1PEPF00005643"}}
Date                          : Thu, 17 Apr 2025 11:27:58 GMT


[2025-04-17 20:28:02] [WARNING] ユーザー cad-master@miraiconst.onmicrosoft.com のOneDriveクォータ情報を取得できませんでした: User's mysite not found.

Status: 404 (NotFound)
ErrorCode: ResourceNotFound
Date: 2025-04-17T11:28:02

Headers:
Vary                          : Accept-Encoding
Strict-Transport-Security     : max-age=31536000
request-id                    : bb9a117f-0cd3-44ab-ab37-b5b61267a99f
client-request-id             : f9312383-08fd-44c4-ba0a-9c78b7fa7fa0
x-ms-ags-diagnostic           : {"ServerInfo":{"DataCenter":"Japan West","Slice":"E","Ring":"3","ScaleUnit":"002","RoleInstance":"OS1PEPF00005643"}}
Date                          : Thu, 17 Apr 2025 11:28:01 GMT


[2025-04-17 20:28:06] [WARNING] ユーザー direct@mirai-const.co.jp のOneDriveクォータ情報を取得できませんでした: User's mysite not found.

Status: 404 (NotFound)
ErrorCode: ResourceNotFound
Date: 2025-04-17T11:28:06

Headers:
Vary                          : Accept-Encoding
Strict-Transport-Security     : max-age=31536000
request-id                    : 29e9d8c0-9fef-4a59-a98f-d1213f9aff20
client-request-id             : 6dc1a13a-6506-4867-a57b-41783bd98d5b
x-ms-ags-diagnostic           : {"ServerInfo":{"DataCenter":"Japan West","Slice":"E","Ring":"3","ScaleUnit":"002","RoleInstance":"OS1PEPF00005643"}}
Date                          : Thu, 17 Apr 2025 11:28:06 GMT


[2025-04-17 20:28:06] [WARNING] ユーザー forti-admin@mirai-const.co.jp のOneDriveクォータ情報を取得できませんでした: User's mysite not found.

Status: 404 (NotFound)
ErrorCode: ResourceNotFound
Date: 2025-04-17T11:28:06

Headers:
Vary                          : Accept-Encoding
Strict-Transport-Security     : max-age=31536000
request-id                    : 5378a4a1-1cac-46b2-85a0-00882c544648
client-request-id             : f38f0514-5c9a-4484-b5b1-62d69ace6436
x-ms-ags-diagnostic           : {"ServerInfo":{"DataCenter":"Japan West","Slice":"E","Ring":"3","ScaleUnit":"002","RoleInstance":"OS1PEPF00005643"}}
Date                          : Thu, 17 Apr 2025 11:28:06 GMT


[2025-04-17 20:28:09] [WARNING] ユーザー chubu@miraiconst.onmicrosoft.com のOneDriveクォータ情報を取得できませんでした: User's mysite not found.

Status: 404 (NotFound)
ErrorCode: ResourceNotFound
Date: 2025-04-17T11:28:09

Headers:
Vary                          : Accept-Encoding
Strict-Transport-Security     : max-age=31536000
request-id                    : cb6aa06b-115d-4887-a42b-5834192fffce
client-request-id             : cc7545ff-82b4-4c81-8d75-ac0ea09d3ed3
x-ms-ags-diagnostic           : {"ServerInfo":{"DataCenter":"Japan West","Slice":"E","Ring":"3","ScaleUnit":"002","RoleInstance":"OS1PEPF00005643"}}
Date                          : Thu, 17 Apr 2025 11:28:09 GMT


[2025-04-17 20:28:12] [WARNING] ユーザー ys-yamamoto_apptec.co.jp#EXT#@miraiconst.onmicrosoft.com のOneDriveクォータ情報を取得できませんでした: User's mysite not found.

Status: 404 (NotFound)
ErrorCode: ResourceNotFound
Date: 2025-04-17T11:28:12

Headers:
Vary                          : Accept-Encoding
Strict-Transport-Security     : max-age=31536000
request-id                    : a4669364-e2de-4c91-b94d-74db9bb5a28b
client-request-id             : 6d705c8d-9f4c-477d-bd80-6a5b2790e0c6
x-ms-ags-diagnostic           : {"ServerInfo":{"DataCenter":"Japan West","Slice":"E","Ring":"3","ScaleUnit":"002","RoleInstance":"OS1PEPF00005643"}}
Date                          : Thu, 17 Apr 2025 11:28:12 GMT


[2025-04-17 20:28:12] [WARNING] ユーザー r-futenma@mirai-const.co.jp のOneDriveクォータ情報を取得できませんでした: User's mysite not found.

Status: 404 (NotFound)
ErrorCode: ResourceNotFound
Date: 2025-04-17T11:28:13

Headers:
Vary                          : Accept-Encoding
Strict-Transport-Security     : max-age=31536000
request-id                    : 1575fa16-e420-4dae-9340-1f5abb5fd51d
client-request-id             : 1d2748e4-1162-44a5-bd7a-69aff08b0e19
x-ms-ags-diagnostic           : {"ServerInfo":{"DataCenter":"Japan West","Slice":"E","Ring":"3","ScaleUnit":"002","RoleInstance":"OS1PEPF00005643"}}
Date                          : Thu, 17 Apr 2025 11:28:12 GMT


[2025-04-17 20:28:13] [WARNING] ユーザー cim-master13@mirai-const.co.jp のOneDriveクォータ情報を取得できませんでした: User's mysite not found.

Status: 404 (NotFound)
ErrorCode: ResourceNotFound
Date: 2025-04-17T11:28:14

Headers:
Vary                          : Accept-Encoding
Strict-Transport-Security     : max-age=31536000
request-id                    : 05bedcca-6369-4efc-ad0a-fd10709e89ec
client-request-id             : a5f98241-3fc6-4ee7-b84a-93d70fbfe1fb
x-ms-ags-diagnostic           : {"ServerInfo":{"DataCenter":"Japan West","Slice":"E","Ring":"3","ScaleUnit":"002","RoleInstance":"OS1PEPF00005643"}}
Date                          : Thu, 17 Apr 2025 11:28:13 GMT


[2025-04-17 20:28:14] [WARNING] ユーザー na-kadokawa_apptec.co.jp#EXT#@miraiconst.onmicrosoft.com のOneDriveクォータ情報を取得できませんでした: User's mysite not found.

Status: 404 (NotFound)
ErrorCode: ResourceNotFound
Date: 2025-04-17T11:28:15

Headers:
Vary                          : Accept-Encoding
Strict-Transport-Security     : max-age=31536000
request-id                    : 101e2037-6e86-4612-a7a1-fee5c7408351
client-request-id             : 7aaadc15-35f3-455d-a4fb-11bed6fb5371
x-ms-ags-diagnostic           : {"ServerInfo":{"DataCenter":"Japan West","Slice":"E","Ring":"3","ScaleUnit":"002","RoleInstance":"OS1PEPF00005643"}}
Date                          : Thu, 17 Apr 2025 11:28:14 GMT


[2025-04-17 20:28:19] [WARNING] ユーザー mirai-sns@miraiconst.onmicrosoft.com のOneDriveクォータ情報を取得できませんでした: User's mysite not found.

Status: 404 (NotFound)
ErrorCode: ResourceNotFound
Date: 2025-04-17T11:28:19

Headers:
Vary                          : Accept-Encoding
Strict-Transport-Security     : max-age=31536000
request-id                    : 5417c5b8-6fa1-4592-9c8f-125e75305be5
client-request-id             : 5ed99c1c-8129-4f20-a561-9a165276490d
x-ms-ags-diagnostic           : {"ServerInfo":{"DataCenter":"Japan West","Slice":"E","Ring":"3","ScaleUnit":"002","RoleInstance":"OS1PEPF00005643"}}
Date                          : Thu, 17 Apr 2025 11:28:19 GMT


[2025-04-17 20:28:23] [WARNING] ユーザー k-obara@mirai-const.co.jp のOneDriveクォータ情報を取得できませんでした: User's mysite not found.

Status: 404 (NotFound)
ErrorCode: ResourceNotFound
Date: 2025-04-17T11:28:24

Headers:
Vary                          : Accept-Encoding
Strict-Transport-Security     : max-age=31536000
request-id                    : 03643251-224e-4d05-ac68-6b533f6aa287
client-request-id             : 6e6054a4-0357-44fe-a367-9a6c5fc02830
x-ms-ags-diagnostic           : {"ServerInfo":{"DataCenter":"Japan West","Slice":"E","Ring":"3","ScaleUnit":"002","RoleInstance":"OS1PEPF00005643"}}
Date                          : Thu, 17 Apr 2025 11:28:23 GMT


[2025-04-17 20:28:27] [WARNING] ユーザー kanri-oosaka@mirai-const.co.jp のOneDriveクォータ情報を取得できませんでした: User's mysite not found.

Status: 404 (NotFound)
ErrorCode: ResourceNotFound
Date: 2025-04-17T11:28:27

Headers:
Vary                          : Accept-Encoding
Strict-Transport-Security     : max-age=31536000
request-id                    : 5c2696e8-a707-4ce4-8fc1-bd648b2055b7
client-request-id             : 7e3ce1cf-a1ee-4ed5-9bbb-d3e921215a3e
x-ms-ags-diagnostic           : {"ServerInfo":{"DataCenter":"Japan West","Slice":"E","Ring":"3","ScaleUnit":"002","RoleInstance":"OS1PEPF00005643"}}
Date                          : Thu, 17 Apr 2025 11:28:27 GMT


[2025-04-17 20:28:28] [WARNING] ユーザー haruka.ishigaki_aaconst.onmicrosoft.com#EXT#@miraiconst.onmicrosoft.com のOneDriveクォータ情報を取得できませんでした: User's mysite not found.

Status: 404 (NotFound)
ErrorCode: ResourceNotFound
Date: 2025-04-17T11:28:28

Headers:
Vary                          : Accept-Encoding
Strict-Transport-Security     : max-age=31536000
request-id                    : f2de6707-fc70-40a9-9170-27ce1deba26c
client-request-id             : 3c671c6f-2003-4b85-a006-1d1edb889985
x-ms-ags-diagnostic           : {"ServerInfo":{"DataCenter":"Japan West","Slice":"E","Ring":"3","ScaleUnit":"002","RoleInstance":"OS1PEPF00005643"}}
Date                          : Thu, 17 Apr 2025 11:28:28 GMT


[2025-04-17 20:28:30] [WARNING] ユーザー bid-info02m@mirai-const.co.jp のOneDriveクォータ情報を取得できませんでした: User's mysite not found.

Status: 404 (NotFound)
ErrorCode: ResourceNotFound
Date: 2025-04-17T11:28:31

Headers:
Vary                          : Accept-Encoding
Strict-Transport-Security     : max-age=31536000
request-id                    : 7b5e8569-bbc0-4a11-b074-89b8119277ec
client-request-id             : d3b6faad-db3e-4bf5-8562-4a2343fb141f
x-ms-ags-diagnostic           : {"ServerInfo":{"DataCenter":"Japan West","Slice":"E","Ring":"3","ScaleUnit":"002","RoleInstance":"OS1PEPF00005643"}}
Date                          : Thu, 17 Apr 2025 11:28:30 GMT


[2025-04-17 20:28:31] [SUCCESS] OneDriveクォータ情報の取得が完了しました。取得件数: 525
[2025-04-17 20:28:31] [SUCCESS] CSVファイルを作成しました: C:\kitting\OneDriveforBusinessManagementSystem\OneDriveManagement.20250417\Basic_Data_Collection.20250417\OneDriveQuota.20250417202831.csv
[2025-04-17 20:28:31] [INFO] HTMLファイルを作成します: C:\kitting\OneDriveforBusinessManagementSystem\OneDriveManagement.20250417\Basic_Data_Collection.20250417\OneDriveQuota.20250417202831.html
[2025-04-17 20:28:36] [SUCCESS] HTMLファイルの作成が完了しました: C:\kitting\OneDriveforBusinessManagementSystem\OneDriveManagement.20250417\Basic_Data_Collection.20250417\OneDriveQuota.20250417202831.html
[2025-04-17 20:28:36] [INFO] Excelでファイルを開いて列幅の調整とフィルターの適用を行います...
[2025-04-17 20:28:38] [SUCCESS] Excelでの処理が完了しました。
[2025-04-17 20:28:38] [INFO] HTMLファイルを生成しています...
[2025-04-17 20:28:38] [SUCCESS] HTMLファイルの生成が完了しました: C:\kitting\OneDriveforBusinessManagementSystem\OneDriveManagement.20250417\Basic_Data_Collection.20250417\OneDriveQuota.20250417202831.html
