[2025-04-09 13:29:39] [ERROR] スクリプト実行中にエラーが発生しました: C:\kitting\OneDriveforBusinessManagementSystem\Basic_Data_Collection\GetOneDriveQuota.ps1
例外タイプ: System.Management.Automation.ParseException
例外メッセージ: At C:\kitting\OneDriveforBusinessManagementSystem\Basic_Data_Collection\GetOneDriveQuota.ps1:174 char:9
+         }
+         ~
Unexpected token '}' in expression or statement.

At C:\kitting\OneDriveforBusinessManagementSystem\Basic_Data_Collection\GetOneDriveQuota.ps1:213 char:11
+         th, td {
+           ~
Missing argument in parameter list.

At C:\kitting\OneDriveforBusinessManagementSystem\Basic_Data_Collection\GetOneDriveQuota.ps1:257 char:9
+         }
+         ~
Unexpected token '}' in expression or statement.

At C:\kitting\OneDriveforBusinessManagementSystem\Basic_Data_Collection\GetOneDriveQuota.ps1:270 char:16
+         @media print {
+                ~~~~~
Unexpected token 'print' in expression or statement.

At C:\kitting\OneDriveforBusinessManagementSystem\Basic_Data_Collection\GetOneDriveQuota.ps1:271 char:21
+             .toolbar, button, #pagination, .filter-row {
+                     ~
Missing argument in parameter list.

At C:\kitting\OneDriveforBusinessManagementSystem\Basic_Data_Collection\GetOneDriveQuota.ps1:313 char:9
+         }
+         ~
Unexpected token '}' in expression or statement.

At C:\kitting\OneDriveforBusinessManagementSystem\Basic_Data_Collection\GetOneDriveQuota.ps1:327 char:95
+ … nfo-label">実行モード:</span> $(if($isAdmin){"管理者モード"}else{"ユーザーモード"})</p>
+                                                                    ~
The '<' operator is reserved for future use.

At C:\kitting\OneDriveforBusinessManagementSystem\Basic_Data_Collection\GetOneDriveQuota.ps1:349 char:32
+                     <th>総容量(GB)</th>
+                                ~
The '<' operator is reserved for future use.

At C:\kitting\OneDriveforBusinessManagementSystem\Basic_Data_Collection\GetOneDriveQuota.ps1:350 char:33
+                     <th>使用容量(GB)</th>
+                                 ~
The '<' operator is reserved for future use.

At C:\kitting\OneDriveforBusinessManagementSystem\Basic_Data_Collection\GetOneDriveQuota.ps1:351 char:33
+                     <th>残り容量(GB)</th>
+                                 ~
The '<' operator is reserved for future use.

Not all parse errors were reported.  Correct the reported errors and try again.
位置: At C:\kitting\OneDriveforBusinessManagementSystem\Basic_Data_Collection\GetOneDriveQuota.ps1:174 char:9
+         }
+         ~
スタックトレース:
at Invoke-SelectedScript, C:\kitting\OneDriveforBusinessManagementSystem\Main.ps1: line 337
at <ScriptBlock>, C:\kitting\OneDriveforBusinessManagementSystem\Main.ps1: line 380
at <ScriptBlock>, <No file>: line 1

[2025-04-09 13:33:49] [ERROR] スクリプト実行中にエラーが発生しました: C:\kitting\OneDriveforBusinessManagementSystem\Basic_Data_Collection\GetOneDriveQuota.ps1
例外タイプ: System.Management.Automation.CommandNotFoundException
例外メッセージ: The term 'else' is not recognized as a name of a cmdlet, function, script file, or executable program.
Check the spelling of the name, or if a path was included, verify that the path is correct and try again.
位置: At C:\kitting\OneDriveforBusinessManagementSystem\Basic_Data_Collection\GetOneDriveQuota.ps1:103 char:3
+ } else {
+   ~~~~
スタックトレース:
at <ScriptBlock>, C:\kitting\OneDriveforBusinessManagementSystem\Basic_Data_Collection\GetOneDriveQuota.ps1: line 103
at Invoke-SelectedScript, C:\kitting\OneDriveforBusinessManagementSystem\Main.ps1: line 337
at <ScriptBlock>, C:\kitting\OneDriveforBusinessManagementSystem\Main.ps1: line 380
at <ScriptBlock>, <No file>: line 1

