[2025-04-09 07:40:06] [INFO] OneDrive for Business 運用ツール - ITSM準拠 を開始しました
[2025-04-09 07:40:06] [INFO] 出力フォルダ: C:\kitting\OneDriveforBusinessManagementSystem\OneDriveManagement.20250409
[2025-04-09 07:40:06] [INFO] ログフォルダ: C:\kitting\OneDriveforBusinessManagementSystem\OneDriveManagement.20250409\Log
[2025-04-09 07:40:06] [INFO] レポートフォルダ: C:\kitting\OneDriveforBusinessManagementSystem\OneDriveManagement.20250409\Report
[2025-04-09 07:40:08] [INFO] Microsoft.Graph モジュールは既にインストールされています
[2025-04-09 07:40:08] [INFO] config.jsonから認証情報を読み込みます...
[2025-04-09 07:40:08] [INFO] Microsoft Graph用アクセストークンを取得します...
[2025-04-09 07:40:17] [SUCCESS] Microsoft Graphにクライアントシークレット認証で接続しました
[2025-04-09 07:40:27] [INFO] config.jsonから認証情報を読み込みます...
[2025-04-09 07:40:27] [INFO] Microsoft Graph用アクセストークンを取得します...
[2025-04-09 07:40:27] [SUCCESS] Microsoft Graphにクライアントシークレット認証で接続しました
[2025-04-09 07:40:27] [INFO] カテゴリフォルダを作成しました: C:\kitting\OneDriveforBusinessManagementSystem\OneDriveManagement.20250409\Basic_Data_Collection.20250409
[2025-04-09 07:40:27] [INFO] スクリプト実行開始: C:\kitting\OneDriveforBusinessManagementSystem\Basic_Data_Collection\GetOneDriveQuota.ps1 (Basic_Data_Collection)
[2025-04-09 07:51:01] [SUCCESS] スクリプト実行完了: C:\kitting\OneDriveforBusinessManagementSystem\Basic_Data_Collection\GetOneDriveQuota.ps1
[2025-04-09 07:57:41] [INFO] config.jsonから認証情報を読み込みます...
[2025-04-09 07:57:41] [INFO] Microsoft Graph用アクセストークンを取得します...
[2025-04-09 07:57:41] [SUCCESS] Microsoft Graphにクライアントシークレット認証で接続しました
[2025-04-09 07:57:41] [INFO] スクリプト実行開始: C:\kitting\OneDriveforBusinessManagementSystem\Basic_Data_Collection\GetOneDriveQuota.ps1 (Basic_Data_Collection)
[2025-04-09 08:02:07] [SUCCESS] スクリプト実行完了: C:\kitting\OneDriveforBusinessManagementSystem\Basic_Data_Collection\GetOneDriveQuota.ps1
[2025-04-09 08:08:47] [INFO] config.jsonから認証情報を読み込みます...
[2025-04-09 08:08:47] [INFO] Microsoft Graph用アクセストークンを取得します...
[2025-04-09 08:08:48] [SUCCESS] Microsoft Graphにクライアントシークレット認証で接続しました
[2025-04-09 08:08:48] [INFO] スクリプト実行開始: C:\kitting\OneDriveforBusinessManagementSystem\Basic_Data_Collection\GetOneDriveQuota.ps1 (Basic_Data_Collection)
[2025-04-09 08:19:00] [SUCCESS] スクリプト実行完了: C:\kitting\OneDriveforBusinessManagementSystem\Basic_Data_Collection\GetOneDriveQuota.ps1
[2025-04-09 08:19:34] [INFO] config.jsonから認証情報を読み込みます...
[2025-04-09 08:19:34] [INFO] Microsoft Graph用アクセストークンを取得します...
[2025-04-09 08:19:34] [SUCCESS] Microsoft Graphにクライアントシークレット認証で接続しました
[2025-04-09 08:19:34] [INFO] スクリプト実行開始: C:\kitting\OneDriveforBusinessManagementSystem\Basic_Data_Collection\GetOneDriveQuota.ps1 (Basic_Data_Collection)
[2025-04-09 08:19:45] [SUCCESS] スクリプト実行完了: C:\kitting\OneDriveforBusinessManagementSystem\Basic_Data_Collection\GetOneDriveQuota.ps1
[2025-04-09 08:33:24] [INFO] config.jsonから認証情報を読み込みます...
[2025-04-09 08:33:24] [INFO] Microsoft Graph用アクセストークンを取得します...
[2025-04-09 08:33:24] [SUCCESS] Microsoft Graphにクライアントシークレット認証で接続しました
[2025-04-09 08:33:24] [INFO] スクリプト実行開始: C:\kitting\OneDriveforBusinessManagementSystem\Basic_Data_Collection\GetOneDriveQuota.ps1 (Basic_Data_Collection)
[2025-04-09 08:33:25] [ERROR] スクリプト実行中にエラーが発生しました: C:\kitting\OneDriveforBusinessManagementSystem\Basic_Data_Collection\GetOneDriveQuota.ps1
[2025-04-09 08:42:00] [INFO] config.jsonから認証情報を読み込みます...
[2025-04-09 08:42:00] [INFO] Microsoft Graph用アクセストークンを取得します...
[2025-04-09 08:42:00] [SUCCESS] Microsoft Graphにクライアントシークレット認証で接続しました
[2025-04-09 08:42:00] [INFO] スクリプト実行開始: C:\kitting\OneDriveforBusinessManagementSystem\Basic_Data_Collection\GetOneDriveQuota.ps1 (Basic_Data_Collection)
[2025-04-09 08:44:15] [SUCCESS] スクリプト実行完了: C:\kitting\OneDriveforBusinessManagementSystem\Basic_Data_Collection\GetOneDriveQuota.ps1
[2025-04-09 08:50:53] [INFO] プログラムを終了します。
