[2025-04-09 19:53:36] [INFO] OneDrive for Business 運用ツール - ITSM準拠 を開始しました
[2025-04-09 19:53:36] [INFO] 出力フォルダ: C:\kitting\OneDriveforBusinessManagementSystem\OneDriveManagement.20250409
[2025-04-09 19:53:36] [INFO] ログフォルダ: C:\kitting\OneDriveforBusinessManagementSystem\OneDriveManagement.20250409\Log
[2025-04-09 19:53:36] [INFO] レポートフォルダ: C:\kitting\OneDriveforBusinessManagementSystem\OneDriveManagement.20250409\Report
[2025-04-09 19:53:36] [INFO] Microsoft.Graph モジュールは既にインストールされています
[2025-04-09 19:53:36] [INFO] config.jsonから認証情報を読み込みます...
[2025-04-09 19:53:36] [INFO] Microsoft Graph用アクセストークンを取得します...
[2025-04-09 19:53:37] [SUCCESS] Microsoft Graphにクライアントシークレット認証で接続しました
[2025-04-09 19:53:41] [INFO] config.jsonから認証情報を読み込みます...
[2025-04-09 19:53:41] [INFO] Microsoft Graph用アクセストークンを取得します...
[2025-04-09 19:53:42] [SUCCESS] Microsoft Graphにクライアントシークレット認証で接続しました
[2025-04-09 19:53:42] [INFO] スクリプト実行開始: C:\kitting\OneDriveforBusinessManagementSystem\Basic_Data_Collection\GetOneDriveQuota.ps1 (Basic_Data_Collection)
[2025-04-09 19:57:04] [SUCCESS] スクリプト実行完了: C:\kitting\OneDriveforBusinessManagementSystem\Basic_Data_Collection\GetOneDriveQuota.ps1
[2025-04-09 20:03:23] [INFO] config.jsonから認証情報を読み込みます...
[2025-04-09 20:03:23] [INFO] Microsoft Graph用アクセストークンを取得します...
[2025-04-09 20:03:23] [SUCCESS] Microsoft Graphにクライアントシークレット認証で接続しました
[2025-04-09 20:03:23] [INFO] スクリプト実行開始: C:\kitting\OneDriveforBusinessManagementSystem\Basic_Data_Collection\GetOneDriveQuota.ps1 (Basic_Data_Collection)
[2025-04-09 20:06:27] [SUCCESS] スクリプト実行完了: C:\kitting\OneDriveforBusinessManagementSystem\Basic_Data_Collection\GetOneDriveQuota.ps1
[2025-04-09 20:09:48] [INFO] config.jsonから認証情報を読み込みます...
[2025-04-09 20:09:48] [INFO] Microsoft Graph用アクセストークンを取得します...
[2025-04-09 20:09:48] [SUCCESS] Microsoft Graphにクライアントシークレット認証で接続しました
[2025-04-09 20:09:48] [INFO] スクリプト実行開始: C:\kitting\OneDriveforBusinessManagementSystem\Basic_Data_Collection\GetOneDriveQuota.ps1 (Basic_Data_Collection)
[2025-04-09 20:12:58] [SUCCESS] スクリプト実行完了: C:\kitting\OneDriveforBusinessManagementSystem\Basic_Data_Collection\GetOneDriveQuota.ps1
[2025-04-09 20:20:50] [INFO] プログラムを終了します。
