[2025-04-09 21:33:57] [INFO] OneDrive for Business 運用ツール - ITSM準拠 を開始しました
[2025-04-09 21:33:57] [INFO] 出力フォルダ: C:\kitting\OneDriveforBusinessManagementSystem\OneDriveManagement.20250409
[2025-04-09 21:33:57] [INFO] ログフォルダ: C:\kitting\OneDriveforBusinessManagementSystem\OneDriveManagement.20250409\Log
[2025-04-09 21:33:57] [INFO] レポートフォルダ: C:\kitting\OneDriveforBusinessManagementSystem\OneDriveManagement.20250409\Report
[2025-04-09 21:33:57] [INFO] Microsoft.Graph モジュールは既にインストールされています
[2025-04-09 21:33:57] [INFO] config.jsonから認証情報を読み込みます...
[2025-04-09 21:33:57] [INFO] Microsoft Graph用アクセストークンを取得します...
[2025-04-09 21:33:57] [SUCCESS] Microsoft Graphにクライアントシークレット認証で接続しました
[2025-04-09 21:34:00] [INFO] config.jsonから認証情報を読み込みます...
[2025-04-09 21:34:00] [INFO] Microsoft Graph用アクセストークンを取得します...
[2025-04-09 21:34:00] [SUCCESS] Microsoft Graphにクライアントシークレット認証で接続しました
[2025-04-09 21:34:00] [INFO] スクリプト実行開始: C:\kitting\OneDriveforBusinessManagementSystem\Basic_Data_Collection\GetOneDriveQuota.ps1 (Basic_Data_Collection)
[2025-04-09 21:34:02] [SUCCESS] スクリプト実行完了: C:\kitting\OneDriveforBusinessManagementSystem\Basic_Data_Collection\GetOneDriveQuota.ps1
[2025-04-09 21:51:39] [INFO] config.jsonから認証情報を読み込みます...
[2025-04-09 21:51:39] [INFO] Microsoft Graph用アクセストークンを取得します...
[2025-04-09 21:51:40] [SUCCESS] Microsoft Graphにクライアントシークレット認証で接続しました
[2025-04-09 21:51:40] [INFO] スクリプト実行開始: C:\kitting\OneDriveforBusinessManagementSystem\Basic_Data_Collection\GetOneDriveQuota.ps1 (Basic_Data_Collection)
[2025-04-09 21:51:41] [SUCCESS] スクリプト実行完了: C:\kitting\OneDriveforBusinessManagementSystem\Basic_Data_Collection\GetOneDriveQuota.ps1
[2025-04-09 22:01:21] [INFO] config.jsonから認証情報を読み込みます...
[2025-04-09 22:01:21] [INFO] Microsoft Graph用アクセストークンを取得します...
[2025-04-09 22:01:22] [SUCCESS] Microsoft Graphにクライアントシークレット認証で接続しました
[2025-04-09 22:01:22] [INFO] スクリプト実行開始: C:\kitting\OneDriveforBusinessManagementSystem\Basic_Data_Collection\GetOneDriveQuota.ps1 (Basic_Data_Collection)
[2025-04-09 22:03:56] [SUCCESS] スクリプト実行完了: C:\kitting\OneDriveforBusinessManagementSystem\Basic_Data_Collection\GetOneDriveQuota.ps1
