[2025-04-09 13:29:32] [INFO] OneDrive for Business 運用ツール - ITSM準拠 を開始しました
[2025-04-09 13:29:32] [INFO] 出力フォルダ: C:\kitting\OneDriveforBusinessManagementSystem\OneDriveManagement.20250409
[2025-04-09 13:29:32] [INFO] ログフォルダ: C:\kitting\OneDriveforBusinessManagementSystem\OneDriveManagement.20250409\Log
[2025-04-09 13:29:32] [INFO] レポートフォルダ: C:\kitting\OneDriveforBusinessManagementSystem\OneDriveManagement.20250409\Report
[2025-04-09 13:29:33] [INFO] Microsoft.Graph モジュールは既にインストールされています
[2025-04-09 13:29:33] [INFO] config.jsonから認証情報を読み込みます...
[2025-04-09 13:29:33] [INFO] Microsoft Graph用アクセストークンを取得します...
[2025-04-09 13:29:33] [SUCCESS] Microsoft Graphにクライアントシークレット認証で接続しました
[2025-04-09 13:29:39] [INFO] config.jsonから認証情報を読み込みます...
[2025-04-09 13:29:39] [INFO] Microsoft Graph用アクセストークンを取得します...
[2025-04-09 13:29:39] [SUCCESS] Microsoft Graphにクライアントシークレット認証で接続しました
[2025-04-09 13:29:39] [INFO] スクリプト実行開始: C:\kitting\OneDriveforBusinessManagementSystem\Basic_Data_Collection\GetOneDriveQuota.ps1 (Basic_Data_Collection)
[2025-04-09 13:29:39] [ERROR] スクリプト実行中にエラーが発生しました: C:\kitting\OneDriveforBusinessManagementSystem\Basic_Data_Collection\GetOneDriveQuota.ps1
[2025-04-09 13:33:44] [INFO] config.jsonから認証情報を読み込みます...
[2025-04-09 13:33:44] [INFO] Microsoft Graph用アクセストークンを取得します...
[2025-04-09 13:33:45] [SUCCESS] Microsoft Graphにクライアントシークレット認証で接続しました
[2025-04-09 13:33:45] [INFO] スクリプト実行開始: C:\kitting\OneDriveforBusinessManagementSystem\Basic_Data_Collection\GetOneDriveQuota.ps1 (Basic_Data_Collection)
[2025-04-09 13:33:49] [ERROR] スクリプト実行中にエラーが発生しました: C:\kitting\OneDriveforBusinessManagementSystem\Basic_Data_Collection\GetOneDriveQuota.ps1
[2025-04-09 14:29:12] [INFO] config.jsonから認証情報を読み込みます...
[2025-04-09 14:29:12] [INFO] Microsoft Graph用アクセストークンを取得します...
[2025-04-09 14:29:13] [SUCCESS] Microsoft Graphにクライアントシークレット認証で接続しました
[2025-04-09 14:29:13] [INFO] スクリプト実行開始: C:\kitting\OneDriveforBusinessManagementSystem\Basic_Data_Collection\GetOneDriveQuota.ps1 (Basic_Data_Collection)
[2025-04-09 14:32:02] [SUCCESS] スクリプト実行完了: C:\kitting\OneDriveforBusinessManagementSystem\Basic_Data_Collection\GetOneDriveQuota.ps1
[2025-04-09 14:43:40] [INFO] config.jsonから認証情報を読み込みます...
[2025-04-09 14:43:40] [INFO] Microsoft Graph用アクセストークンを取得します...
[2025-04-09 14:43:40] [SUCCESS] Microsoft Graphにクライアントシークレット認証で接続しました
[2025-04-09 14:43:40] [INFO] スクリプト実行開始: C:\kitting\OneDriveforBusinessManagementSystem\Basic_Data_Collection\GetOneDriveQuota.ps1 (Basic_Data_Collection)
[2025-04-09 14:46:06] [SUCCESS] スクリプト実行完了: C:\kitting\OneDriveforBusinessManagementSystem\Basic_Data_Collection\GetOneDriveQuota.ps1
[2025-04-09 15:15:16] [INFO] config.jsonから認証情報を読み込みます...
[2025-04-09 15:15:16] [INFO] Microsoft Graph用アクセストークンを取得します...
[2025-04-09 15:15:16] [SUCCESS] Microsoft Graphにクライアントシークレット認証で接続しました
[2025-04-09 15:15:16] [INFO] スクリプト実行開始: C:\kitting\OneDriveforBusinessManagementSystem\Basic_Data_Collection\GetOneDriveQuota.ps1 (Basic_Data_Collection)
[2025-04-09 15:18:09] [SUCCESS] スクリプト実行完了: C:\kitting\OneDriveforBusinessManagementSystem\Basic_Data_Collection\GetOneDriveQuota.ps1
