[2025-04-09 20:20:55] [INFO] OneDrive for Business 運用ツール - ITSM準拠 を開始しました
[2025-04-09 20:20:55] [INFO] 出力フォルダ: C:\kitting\OneDriveforBusinessManagementSystem\OneDriveManagement.20250409
[2025-04-09 20:20:55] [INFO] ログフォルダ: C:\kitting\OneDriveforBusinessManagementSystem\OneDriveManagement.20250409\Log
[2025-04-09 20:20:55] [INFO] レポートフォルダ: C:\kitting\OneDriveforBusinessManagementSystem\OneDriveManagement.20250409\Report
[2025-04-09 20:20:55] [INFO] Microsoft.Graph モジュールは既にインストールされています
[2025-04-09 20:20:55] [INFO] config.jsonから認証情報を読み込みます...
[2025-04-09 20:20:55] [INFO] Microsoft Graph用アクセストークンを取得します...
[2025-04-09 20:20:55] [SUCCESS] Microsoft Graphにクライアントシークレット認証で接続しました
[2025-04-09 20:21:01] [INFO] config.jsonから認証情報を読み込みます...
[2025-04-09 20:21:01] [INFO] Microsoft Graph用アクセストークンを取得します...
[2025-04-09 20:21:01] [SUCCESS] Microsoft Graphにクライアントシークレット認証で接続しました
[2025-04-09 20:21:01] [INFO] スクリプト実行開始: C:\kitting\OneDriveforBusinessManagementSystem\Basic_Data_Collection\GetOneDriveQuota.ps1 (Basic_Data_Collection)
[2025-04-09 20:24:06] [SUCCESS] スクリプト実行完了: C:\kitting\OneDriveforBusinessManagementSystem\Basic_Data_Collection\GetOneDriveQuota.ps1
[2025-04-09 20:29:20] [INFO] config.jsonから認証情報を読み込みます...
[2025-04-09 20:29:20] [INFO] Microsoft Graph用アクセストークンを取得します...
[2025-04-09 20:29:20] [SUCCESS] Microsoft Graphにクライアントシークレット認証で接続しました
[2025-04-09 20:29:20] [INFO] スクリプト実行開始: C:\kitting\OneDriveforBusinessManagementSystem\Basic_Data_Collection\GetOneDriveQuota.ps1 (Basic_Data_Collection)
[2025-04-09 20:33:29] [SUCCESS] スクリプト実行完了: C:\kitting\OneDriveforBusinessManagementSystem\Basic_Data_Collection\GetOneDriveQuota.ps1
[2025-04-09 20:40:54] [INFO] config.jsonから認証情報を読み込みます...
[2025-04-09 20:40:54] [INFO] Microsoft Graph用アクセストークンを取得します...
[2025-04-09 20:40:54] [SUCCESS] Microsoft Graphにクライアントシークレット認証で接続しました
[2025-04-09 20:40:54] [INFO] スクリプト実行開始: C:\kitting\OneDriveforBusinessManagementSystem\Basic_Data_Collection\GetOneDriveQuota.ps1 (Basic_Data_Collection)
[2025-04-09 20:44:02] [SUCCESS] スクリプト実行完了: C:\kitting\OneDriveforBusinessManagementSystem\Basic_Data_Collection\GetOneDriveQuota.ps1
[2025-04-09 20:50:00] [INFO] config.jsonから認証情報を読み込みます...
[2025-04-09 20:50:00] [INFO] Microsoft Graph用アクセストークンを取得します...
[2025-04-09 20:50:00] [SUCCESS] Microsoft Graphにクライアントシークレット認証で接続しました
[2025-04-09 20:50:00] [INFO] スクリプト実行開始: C:\kitting\OneDriveforBusinessManagementSystem\Basic_Data_Collection\GetOneDriveQuota.ps1 (Basic_Data_Collection)
[2025-04-09 20:50:00] [SUCCESS] スクリプト実行完了: C:\kitting\OneDriveforBusinessManagementSystem\Basic_Data_Collection\GetOneDriveQuota.ps1
[2025-04-09 21:02:05] [INFO] config.jsonから認証情報を読み込みます...
[2025-04-09 21:02:05] [INFO] Microsoft Graph用アクセストークンを取得します...
[2025-04-09 21:02:05] [SUCCESS] Microsoft Graphにクライアントシークレット認証で接続しました
[2025-04-09 21:02:05] [INFO] スクリプト実行開始: C:\kitting\OneDriveforBusinessManagementSystem\Basic_Data_Collection\GetOneDriveQuota.ps1 (Basic_Data_Collection)
[2025-04-09 21:02:05] [SUCCESS] スクリプト実行完了: C:\kitting\OneDriveforBusinessManagementSystem\Basic_Data_Collection\GetOneDriveQuota.ps1
[2025-04-09 21:04:47] [INFO] config.jsonから認証情報を読み込みます...
[2025-04-09 21:04:47] [INFO] Microsoft Graph用アクセストークンを取得します...
[2025-04-09 21:04:48] [SUCCESS] Microsoft Graphにクライアントシークレット認証で接続しました
[2025-04-09 21:04:48] [INFO] スクリプト実行開始: C:\kitting\OneDriveforBusinessManagementSystem\Basic_Data_Collection\GetOneDriveQuota.ps1 (Basic_Data_Collection)
[2025-04-09 21:04:48] [SUCCESS] スクリプト実行完了: C:\kitting\OneDriveforBusinessManagementSystem\Basic_Data_Collection\GetOneDriveQuota.ps1
[2025-04-09 21:07:16] [INFO] config.jsonから認証情報を読み込みます...
[2025-04-09 21:07:16] [INFO] Microsoft Graph用アクセストークンを取得します...
[2025-04-09 21:07:17] [SUCCESS] Microsoft Graphにクライアントシークレット認証で接続しました
[2025-04-09 21:07:17] [INFO] スクリプト実行開始: C:\kitting\OneDriveforBusinessManagementSystem\Basic_Data_Collection\GetOneDriveQuota.ps1 (Basic_Data_Collection)
[2025-04-09 21:07:18] [SUCCESS] スクリプト実行完了: C:\kitting\OneDriveforBusinessManagementSystem\Basic_Data_Collection\GetOneDriveQuota.ps1
[2025-04-09 21:19:57] [INFO] プログラムを終了します。
