[2025-04-09 08:51:03] [INFO] ストレージクォータ取得を開始します
[2025-04-09 08:51:03] [INFO] 出力ディレクトリ: C:\kitting\OneDriveforBusinessManagementSystem\OneDriveManagement.20250409\Basic_Data_Collection.20250409
[2025-04-09 08:51:03] [INFO] ログディレクトリ: C:\kitting\OneDriveforBusinessManagementSystem\OneDriveManagement.20250409\Log
[2025-04-09 08:51:03] [INFO] トークンファイルからアクセストークンを読み込みました
[2025-04-09 08:51:03] [WARNING] Graph接続済みですが、ユーザー情報は取得できません。
[2025-04-09 08:51:03] [WARNING] Graph接続済みですが、ユーザー情報は取得できません。
[2025-04-09 08:51:03] [INFO] Microsoft Graph REST APIで全ユーザー情報を取得します...
[2025-04-09 08:51:03] [INFO] トークンにBearerプレフィックスを追加しました
[2025-04-09 08:51:12] [WARNING] ユーザー admin@miraiconst.onmicrosoft.com のOneDriveクォータ情報を取得できませんでした: 
{
  "error": {
    "code": "ResourceNotFound",
    "message": "User\u0027s mysite not found.",
    "innerError": {
      "date": "2025-04-08T23:51:12",
      "request-id": "5c02139c-8e03-4225-9ae3-04ab3f16d4d3",
      "client-request-id": "5c02139c-8e03-4225-9ae3-04ab3f16d4d3"
    }
  }
}
[2025-04-09 08:51:12] [WARNING] ユーザー admin1@miraiconst.onmicrosoft.com のOneDriveクォータ情報を取得できませんでした: 
{
  "error": {
    "code": "ResourceNotFound",
    "message": "User\u0027s mysite not found.",
    "innerError": {
      "date": "2025-04-08T23:51:12",
      "request-id": "f7411d29-140f-4aa7-a3a5-e3b0f5fb72fb",
      "client-request-id": "f7411d29-140f-4aa7-a3a5-e3b0f5fb72fb"
    }
  }
}
[2025-04-09 08:51:13] [WARNING] ユーザー amazon-biz@mirai-const.co.jp のOneDriveクォータ情報を取得できませんでした: 
{
  "error": {
    "code": "ResourceNotFound",
    "message": "User\u0027s mysite not found.",
    "innerError": {
      "date": "2025-04-08T23:51:13",
      "request-id": "361d0778-aaa0-4899-99a7-2dbb51d145e5",
      "client-request-id": "361d0778-aaa0-4899-99a7-2dbb51d145e5"
    }
  }
}
[2025-04-09 08:51:13] [WARNING] ユーザー aomori-rakuraku@mirai-const.co.jp のOneDriveクォータ情報を取得できませんでした: 
{
  "error": {
    "code": "ResourceNotFound",
    "message": "User\u0027s mysite not found.",
    "innerError": {
      "date": "2025-04-08T23:51:13",
      "request-id": "fadb0244-d5aa-4262-870a-61282c7a151f",
      "client-request-id": "fadb0244-d5aa-4262-870a-61282c7a151f"
    }
  }
}
[2025-04-09 08:51:13] [WARNING] ユーザー apple-id@miraiconst.onmicrosoft.com のOneDriveクォータ情報を取得できませんでした: 
{
  "error": {
    "code": "ResourceNotFound",
    "message": "User\u0027s mysite not found.",
    "innerError": {
      "date": "2025-04-08T23:51:13",
      "request-id": "73bff1a0-b172-42f2-b48f-f3e1d273893a",
      "client-request-id": "73bff1a0-b172-42f2-b48f-f3e1d273893a"
    }
  }
}
[2025-04-09 08:51:13] [WARNING] ユーザー ariake-rakuraku@mirai-const.co.jp のOneDriveクォータ情報を取得できませんでした: 
{
  "error": {
    "code": "ResourceNotFound",
    "message": "User\u0027s mysite not found.",
    "innerError": {
      "date": "2025-04-08T23:51:13",
      "request-id": "fbf2ad6b-68da-4a96-8a1d-a00e12eeeb68",
      "client-request-id": "fbf2ad6b-68da-4a96-8a1d-a00e12eeeb68"
    }
  }
}
[2025-04-09 08:51:14] [WARNING] ユーザー ats-watanabe_mitsuifudosan.co.jp#EXT#@miraiconst.onmicrosoft.com のOneDriveクォータ情報を取得できませんでした: 
{
  "error": {
    "code": "ResourceNotFound",
    "message": "User\u0027s mysite not found.",
    "innerError": {
      "date": "2025-04-08T23:51:14",
      "request-id": "fd692258-1406-49b0-9883-38887523fee0",
      "client-request-id": "fd692258-1406-49b0-9883-38887523fee0"
    }
  }
}
[2025-04-09 08:51:14] [WARNING] ユーザー bid-info@mirai-const.co.jp のOneDriveクォータ情報を取得できませんでした: 
{
  "error": {
    "code": "ResourceNotFound",
    "message": "User\u0027s mysite not found.",
    "innerError": {
      "date": "2025-04-08T23:51:14",
      "request-id": "c4e5b672-b88e-4a95-b918-ce2879518699",
      "client-request-id": "c4e5b672-b88e-4a95-b918-ce2879518699"
    }
  }
}
[2025-04-09 08:51:14] [WARNING] ユーザー bid-info01m@mirai-const.co.jp のOneDriveクォータ情報を取得できませんでした: 
{
  "error": {
    "code": "ResourceNotFound",
    "message": "User\u0027s mysite not found.",
    "innerError": {
      "date": "2025-04-08T23:51:14",
      "request-id": "b2cbe3e9-72c2-4440-8298-1ff5ea810697",
      "client-request-id": "b2cbe3e9-72c2-4440-8298-1ff5ea810697"
    }
  }
}
[2025-04-09 08:51:14] [WARNING] ユーザー bid-info02m@mirai-const.co.jp のOneDriveクォータ情報を取得できませんでした: 
{
  "error": {
    "code": "ResourceNotFound",
    "message": "User\u0027s mysite not found.",
    "innerError": {
      "date": "2025-04-08T23:51:14",
      "request-id": "16df6e8b-7f41-4718-8497-f317b7bca708",
      "client-request-id": "16df6e8b-7f41-4718-8497-f317b7bca708"
    }
  }
}
[2025-04-09 08:51:14] [WARNING] ユーザー bid-info03m@mirai-const.co.jp のOneDriveクォータ情報を取得できませんでした: 
{
  "error": {
    "code": "ResourceNotFound",
    "message": "User\u0027s mysite not found.",
    "innerError": {
      "date": "2025-04-08T23:51:14",
      "request-id": "0cde52bb-3198-48c6-8f8e-3a5b293ba63d",
      "client-request-id": "0cde52bb-3198-48c6-8f8e-3a5b293ba63d"
    }
  }
}
[2025-04-09 08:51:15] [WARNING] ユーザー bid-info04m@mirai-const.co.jp のOneDriveクォータ情報を取得できませんでした: 
{
  "error": {
    "code": "ResourceNotFound",
    "message": "User\u0027s mysite not found.",
    "innerError": {
      "date": "2025-04-08T23:51:15",
      "request-id": "d8196950-0a8e-424d-b6e0-a43bd5ec2ac4",
      "client-request-id": "d8196950-0a8e-424d-b6e0-a43bd5ec2ac4"
    }
  }
}
[2025-04-09 08:51:15] [WARNING] ユーザー bid-info05m@mirai-const.co.jp のOneDriveクォータ情報を取得できませんでした: 
{
  "error": {
    "code": "ResourceNotFound",
    "message": "User\u0027s mysite not found.",
    "innerError": {
      "date": "2025-04-08T23:51:15",
      "request-id": "eec1afae-fad5-4259-8125-86a11b37aa04",
      "client-request-id": "eec1afae-fad5-4259-8125-86a11b37aa04"
    }
  }
}
[2025-04-09 08:51:15] [WARNING] ユーザー bid-info06m@mirai-const.co.jp のOneDriveクォータ情報を取得できませんでした: 
{
  "error": {
    "code": "ResourceNotFound",
    "message": "User\u0027s mysite not found.",
    "innerError": {
      "date": "2025-04-08T23:51:15",
      "request-id": "ce6a1cad-b8fe-40f7-a062-8e12a020fcf7",
      "client-request-id": "ce6a1cad-b8fe-40f7-a062-8e12a020fcf7"
    }
  }
}
[2025-04-09 08:51:15] [WARNING] ユーザー bid-info07m@mirai-const.co.jp のOneDriveクォータ情報を取得できませんでした: 
{
  "error": {
    "code": "ResourceNotFound",
    "message": "User\u0027s mysite not found.",
    "innerError": {
      "date": "2025-04-08T23:51:15",
      "request-id": "6e81cd6d-2916-4240-a301-f214452f8055",
      "client-request-id": "6e81cd6d-2916-4240-a301-f214452f8055"
    }
  }
}
[2025-04-09 08:51:16] [WARNING] ユーザー bid-info08m@mirai-const.co.jp のOneDriveクォータ情報を取得できませんでした: 
{
  "error": {
    "code": "ResourceNotFound",
    "message": "User\u0027s mysite not found.",
    "innerError": {
      "date": "2025-04-08T23:51:15",
      "request-id": "ce3e670a-1cdb-4a85-bd26-7f163618850a",
      "client-request-id": "ce3e670a-1cdb-4a85-bd26-7f163618850a"
    }
  }
}
[2025-04-09 08:51:16] [WARNING] ユーザー bid-info09m@mirai-const.co.jp のOneDriveクォータ情報を取得できませんでした: 
{
  "error": {
    "code": "ResourceNotFound",
    "message": "User\u0027s mysite not found.",
    "innerError": {
      "date": "2025-04-08T23:51:16",
      "request-id": "022beb41-d099-4a22-b472-55f5bd83496c",
      "client-request-id": "022beb41-d099-4a22-b472-55f5bd83496c"
    }
  }
}
[2025-04-09 08:51:16] [WARNING] ユーザー bid-info10m@mirai-const.co.jp のOneDriveクォータ情報を取得できませんでした: 
{
  "error": {
    "code": "ResourceNotFound",
    "message": "User\u0027s mysite not found.",
    "innerError": {
      "date": "2025-04-08T23:51:16",
      "request-id": "ba522790-0389-4226-8d77-f18b28dfba8d",
      "client-request-id": "ba522790-0389-4226-8d77-f18b28dfba8d"
    }
  }
}
[2025-04-09 08:51:17] [WARNING] ユーザー bid-info11m@mirai-const.co.jp のOneDriveクォータ情報を取得できませんでした: 
{
  "error": {
    "code": "ResourceNotFound",
    "message": "User\u0027s mysite not found.",
    "innerError": {
      "date": "2025-04-08T23:51:17",
      "request-id": "3b7b86ff-cd74-491b-8197-852d7f372cff",
      "client-request-id": "3b7b86ff-cd74-491b-8197-852d7f372cff"
    }
  }
}
[2025-04-09 08:51:17] [WARNING] ユーザー bid-info12m@mirai-const.co.jp のOneDriveクォータ情報を取得できませんでした: 
{
  "error": {
    "code": "ResourceNotFound",
    "message": "User\u0027s mysite not found.",
    "innerError": {
      "date": "2025-04-08T23:51:17",
      "request-id": "b0e5a5ac-0a64-434d-b388-fd52bdf2a605",
      "client-request-id": "b0e5a5ac-0a64-434d-b388-fd52bdf2a605"
    }
  }
}
[2025-04-09 08:51:19] [WARNING] ユーザー cad-master@miraiconst.onmicrosoft.com のOneDriveクォータ情報を取得できませんでした: 
{
  "error": {
    "code": "ResourceNotFound",
    "message": "User\u0027s mysite not found.",
    "innerError": {
      "date": "2025-04-08T23:51:19",
      "request-id": "e99daac8-f20b-4212-9de3-5c884a80586e",
      "client-request-id": "e99daac8-f20b-4212-9de3-5c884a80586e"
    }
  }
}
[2025-04-09 08:51:19] [WARNING] ユーザー chiba-rakuraku@mirai-const.co.jp のOneDriveクォータ情報を取得できませんでした: 
{
  "error": {
    "code": "ResourceNotFound",
    "message": "User\u0027s mysite not found.",
    "innerError": {
      "date": "2025-04-08T23:51:19",
      "request-id": "72154908-d1ac-4a35-9df6-402c7c16c2aa",
      "client-request-id": "72154908-d1ac-4a35-9df6-402c7c16c2aa"
    }
  }
}
[2025-04-09 08:51:20] [WARNING] ユーザー chubu-rakuraku@mirai-const.co.jp のOneDriveクォータ情報を取得できませんでした: 
{
  "error": {
    "code": "ResourceNotFound",
    "message": "User\u0027s mysite not found.",
    "innerError": {
      "date": "2025-04-08T23:51:20",
      "request-id": "6b07f94e-5055-4eac-a678-46cfd77c6116",
      "client-request-id": "6b07f94e-5055-4eac-a678-46cfd77c6116"
    }
  }
}
[2025-04-09 08:51:20] [WARNING] ユーザー chubu@miraiconst.onmicrosoft.com のOneDriveクォータ情報を取得できませんでした: 
{
  "error": {
    "code": "ResourceNotFound",
    "message": "User\u0027s mysite not found.",
    "innerError": {
      "date": "2025-04-08T23:51:20",
      "request-id": "394689b9-831c-4802-a497-035483f1892b",
      "client-request-id": "394689b9-831c-4802-a497-035483f1892b"
    }
  }
}
[2025-04-09 08:51:20] [WARNING] ユーザー chugoku-rakuraku@mirai-const.co.jp のOneDriveクォータ情報を取得できませんでした: 
{
  "error": {
    "code": "ResourceNotFound",
    "message": "User\u0027s mysite not found.",
    "innerError": {
      "date": "2025-04-08T23:51:20",
      "request-id": "d6c3773f-9c7d-43ce-b5ef-ec2b65921b90",
      "client-request-id": "d6c3773f-9c7d-43ce-b5ef-ec2b65921b90"
    }
  }
}
[2025-04-09 08:51:20] [WARNING] ユーザー cim-master@mirai-const.co.jp のOneDriveクォータ情報を取得できませんでした: 
{
  "error": {
    "code": "ResourceNotFound",
    "message": "User\u0027s mysite not found.",
    "innerError": {
      "date": "2025-04-08T23:51:20",
      "request-id": "5e2593ec-97a4-448b-b1ca-4b29760c8e14",
      "client-request-id": "5e2593ec-97a4-448b-b1ca-4b29760c8e14"
    }
  }
}
[2025-04-09 08:51:21] [WARNING] ユーザー cim-master01@mirai-const.co.jp のOneDriveクォータ情報を取得できませんでした: 
{
  "error": {
    "code": "ResourceNotFound",
    "message": "User\u0027s mysite not found.",
    "innerError": {
      "date": "2025-04-08T23:51:21",
      "request-id": "fa357453-e2ed-443b-974e-c83f1b7ca46f",
      "client-request-id": "fa357453-e2ed-443b-974e-c83f1b7ca46f"
    }
  }
}
[2025-04-09 08:51:21] [WARNING] ユーザー cim-master02@mirai-const.co.jp のOneDriveクォータ情報を取得できませんでした: 
{
  "error": {
    "code": "ResourceNotFound",
    "message": "User\u0027s mysite not found.",
    "innerError": {
      "date": "2025-04-08T23:51:21",
      "request-id": "0e52ec50-3dd3-4c12-8d17-49fe33dd1cf5",
      "client-request-id": "0e52ec50-3dd3-4c12-8d17-49fe33dd1cf5"
    }
  }
}
[2025-04-09 08:51:22] [WARNING] ユーザー cim-master03@mirai-const.co.jp のOneDriveクォータ情報を取得できませんでした: 
{
  "error": {
    "code": "ResourceNotFound",
    "message": "User\u0027s mysite not found.",
    "innerError": {
      "date": "2025-04-08T23:51:22",
      "request-id": "e4f8e8d6-b471-4029-857a-38389458dd54",
      "client-request-id": "e4f8e8d6-b471-4029-857a-38389458dd54"
    }
  }
}
[2025-04-09 08:51:22] [WARNING] ユーザー cim-master04@mirai-const.co.jp のOneDriveクォータ情報を取得できませんでした: 
{
  "error": {
    "code": "ResourceNotFound",
    "message": "User\u0027s mysite not found.",
    "innerError": {
      "date": "2025-04-08T23:51:22",
      "request-id": "1134f202-314b-4cd6-860a-08fd3b9dda87",
      "client-request-id": "1134f202-314b-4cd6-860a-08fd3b9dda87"
    }
  }
}
[2025-04-09 08:51:22] [WARNING] ユーザー cim-master05@mirai-const.co.jp のOneDriveクォータ情報を取得できませんでした: 
{
  "error": {
    "code": "ResourceNotFound",
    "message": "User\u0027s mysite not found.",
    "innerError": {
      "date": "2025-04-08T23:51:22",
      "request-id": "3c40fcfd-8f85-430e-bb52-1b7dba230f43",
      "client-request-id": "3c40fcfd-8f85-430e-bb52-1b7dba230f43"
    }
  }
}
[2025-04-09 08:51:23] [WARNING] ユーザー cim-master06@mirai-const.co.jp のOneDriveクォータ情報を取得できませんでした: 
{
  "error": {
    "code": "ResourceNotFound",
    "message": "User\u0027s mysite not found.",
    "innerError": {
      "date": "2025-04-08T23:51:23",
      "request-id": "5990b5f9-eb04-4e36-9773-5841fee58739",
      "client-request-id": "5990b5f9-eb04-4e36-9773-5841fee58739"
    }
  }
}
[2025-04-09 08:51:23] [WARNING] ユーザー cim-master07@mirai-const.co.jp のOneDriveクォータ情報を取得できませんでした: 
{
  "error": {
    "code": "ResourceNotFound",
    "message": "User\u0027s mysite not found.",
    "innerError": {
      "date": "2025-04-08T23:51:23",
      "request-id": "8e801144-732b-4d26-b8c9-81ff09bed247",
      "client-request-id": "8e801144-732b-4d26-b8c9-81ff09bed247"
    }
  }
}
[2025-04-09 08:51:23] [WARNING] ユーザー cim-master08@mirai-const.co.jp のOneDriveクォータ情報を取得できませんでした: 
{
  "error": {
    "code": "ResourceNotFound",
    "message": "User\u0027s mysite not found.",
    "innerError": {
      "date": "2025-04-08T23:51:23",
      "request-id": "88431b11-459c-4704-80f9-56ac628b5bcc",
      "client-request-id": "88431b11-459c-4704-80f9-56ac628b5bcc"
    }
  }
}
[2025-04-09 08:51:24] [WARNING] ユーザー cim-master09@mirai-const.co.jp のOneDriveクォータ情報を取得できませんでした: 
{
  "error": {
    "code": "ResourceNotFound",
    "message": "User\u0027s mysite not found.",
    "innerError": {
      "date": "2025-04-08T23:51:24",
      "request-id": "b4469f01-7ec1-4b7d-848b-d970a97fb13f",
      "client-request-id": "b4469f01-7ec1-4b7d-848b-d970a97fb13f"
    }
  }
}
[2025-04-09 08:51:24] [WARNING] ユーザー cim-master10@mirai-const.co.jp のOneDriveクォータ情報を取得できませんでした: 
{
  "error": {
    "code": "ResourceNotFound",
    "message": "User\u0027s mysite not found.",
    "innerError": {
      "date": "2025-04-08T23:51:24",
      "request-id": "2db76c50-f615-4779-bcb7-a3a189cfa671",
      "client-request-id": "2db76c50-f615-4779-bcb7-a3a189cfa671"
    }
  }
}
[2025-04-09 08:51:24] [WARNING] ユーザー cim-master11@mirai-const.co.jp のOneDriveクォータ情報を取得できませんでした: 
{
  "error": {
    "code": "ResourceNotFound",
    "message": "User\u0027s mysite not found.",
    "innerError": {
      "date": "2025-04-08T23:51:24",
      "request-id": "973116a1-e9b6-433b-963f-fb28bdc48e8b",
      "client-request-id": "973116a1-e9b6-433b-963f-fb28bdc48e8b"
    }
  }
}
[2025-04-09 08:51:25] [WARNING] ユーザー cim-master12@mirai-const.co.jp のOneDriveクォータ情報を取得できませんでした: 
{
  "error": {
    "code": "ResourceNotFound",
    "message": "User\u0027s mysite not found.",
    "innerError": {
      "date": "2025-04-08T23:51:25",
      "request-id": "69a078d3-9357-4269-a46f-abda2f35841d",
      "client-request-id": "69a078d3-9357-4269-a46f-abda2f35841d"
    }
  }
}
[2025-04-09 08:51:25] [WARNING] ユーザー cim-master13@mirai-const.co.jp のOneDriveクォータ情報を取得できませんでした: 
{
  "error": {
    "code": "ResourceNotFound",
    "message": "User\u0027s mysite not found.",
    "innerError": {
      "date": "2025-04-08T23:51:25",
      "request-id": "24d9f54f-94c9-452b-91d0-dc3bbf695b34",
      "client-request-id": "24d9f54f-94c9-452b-91d0-dc3bbf695b34"
    }
  }
}
[2025-04-09 08:51:25] [WARNING] ユーザー cim-master14@mirai-const.co.jp のOneDriveクォータ情報を取得できませんでした: 
{
  "error": {
    "code": "ResourceNotFound",
    "message": "User\u0027s mysite not found.",
    "innerError": {
      "date": "2025-04-08T23:51:25",
      "request-id": "00a9c28c-78e9-4284-be6d-6c06617881ba",
      "client-request-id": "00a9c28c-78e9-4284-be6d-6c06617881ba"
    }
  }
}
[2025-04-09 08:51:25] [WARNING] ユーザー cim-master15@mirai-const.co.jp のOneDriveクォータ情報を取得できませんでした: 
{
  "error": {
    "code": "ResourceNotFound",
    "message": "User\u0027s mysite not found.",
    "innerError": {
      "date": "2025-04-08T23:51:25",
      "request-id": "6f117c5f-c25b-4eb7-b765-2f226cbc911c",
      "client-request-id": "6f117c5f-c25b-4eb7-b765-2f226cbc911c"
    }
  }
}
[2025-04-09 08:51:26] [WARNING] ユーザー cim-master16@mirai-const.co.jp のOneDriveクォータ情報を取得できませんでした: 
{
  "error": {
    "code": "ResourceNotFound",
    "message": "User\u0027s mysite not found.",
    "innerError": {
      "date": "2025-04-08T23:51:26",
      "request-id": "792113b7-4ded-4309-ab89-cdecfd882564",
      "client-request-id": "792113b7-4ded-4309-ab89-cdecfd882564"
    }
  }
}
[2025-04-09 08:51:26] [WARNING] ユーザー compliance-hotline@miraiconst.onmicrosoft.com のOneDriveクォータ情報を取得できませんでした: 
{
  "error": {
    "code": "ResourceNotFound",
    "message": "User\u0027s mysite not found.",
    "innerError": {
      "date": "2025-04-08T23:51:26",
      "request-id": "bbc126d1-b7c0-492a-a72a-25b2819c16f5",
      "client-request-id": "bbc126d1-b7c0-492a-a72a-25b2819c16f5"
    }
  }
}
[2025-04-09 08:51:26] [WARNING] ユーザー direct@mirai-const.co.jp のOneDriveクォータ情報を取得できませんでした: 
{
  "error": {
    "code": "ResourceNotFound",
    "message": "User\u0027s mysite not found.",
    "innerError": {
      "date": "2025-04-08T23:51:26",
      "request-id": "c28bfe53-dbc6-42b2-a001-8903774fcf89",
      "client-request-id": "c28bfe53-dbc6-42b2-a001-8903774fcf89"
    }
  }
}
[2025-04-09 08:51:27] [WARNING] ユーザー e-watanabe@miraiconst.onmicrosoft.com のOneDriveクォータ情報を取得できませんでした: 
{
  "error": {
    "code": "ResourceNotFound",
    "message": "User\u0027s mysite not found.",
    "innerError": {
      "date": "2025-04-08T23:51:27",
      "request-id": "515a2b1b-b7cf-4c07-b5f8-064255f8c576",
      "client-request-id": "515a2b1b-b7cf-4c07-b5f8-064255f8c576"
    }
  }
}
[2025-04-09 08:51:27] [WARNING] ユーザー et-satoh@mirai-const.co.jp のOneDriveクォータ情報を取得できませんでした: 
{
  "error": {
    "code": "ResourceNotFound",
    "message": "User\u0027s mysite not found.",
    "innerError": {
      "date": "2025-04-08T23:51:27",
      "request-id": "e65be12a-a978-4a13-91ce-4b299b84e8c6",
      "client-request-id": "e65be12a-a978-4a13-91ce-4b299b84e8c6"
    }
  }
}
[2025-04-09 08:51:28] [WARNING] ユーザー forti-admin@mirai-const.co.jp のOneDriveクォータ情報を取得できませんでした: 
{
  "error": {
    "code": "ResourceNotFound",
    "message": "User\u0027s mysite not found.",
    "innerError": {
      "date": "2025-04-08T23:51:28",
      "request-id": "c371e4a0-cd31-45c2-bf9e-0d531e3cea21",
      "client-request-id": "c371e4a0-cd31-45c2-bf9e-0d531e3cea21"
    }
  }
}
[2025-04-09 08:51:34] [WARNING] ユーザー h-satake@mirai-const.co.jp のOneDriveクォータ情報を取得できませんでした: 
{
  "error": {
    "code": "ResourceNotFound",
    "message": "User\u0027s mysite not found.",
    "innerError": {
      "date": "2025-04-08T23:51:34",
      "request-id": "cdcd8a90-d705-4005-905e-390b44953ee3",
      "client-request-id": "cdcd8a90-d705-4005-905e-390b44953ee3"
    }
  }
}
[2025-04-09 08:51:38] [WARNING] ユーザー h_kawamura_cdit.or.jp#EXT#@miraiconst.onmicrosoft.com のOneDriveクォータ情報を取得できませんでした: 
{
  "error": {
    "code": "ResourceNotFound",
    "message": "User\u0027s mysite not found.",
    "innerError": {
      "date": "2025-04-08T23:51:38",
      "request-id": "a02526b1-7c5f-4e5e-8922-8548ab4a5c4d",
      "client-request-id": "a02526b1-7c5f-4e5e-8922-8548ab4a5c4d"
    }
  }
}
[2025-04-09 08:51:38] [WARNING] ユーザー haruka.ishigaki_aaconst.onmicrosoft.com#EXT#@miraiconst.onmicrosoft.com のOneDriveクォータ情報を取得できませんでした: 
{
  "error": {
    "code": "ResourceNotFound",
    "message": "User\u0027s mysite not found.",
    "innerError": {
      "date": "2025-04-08T23:51:38",
      "request-id": "974dcd59-dd27-43cd-a402-e2d6ae585542",
      "client-request-id": "974dcd59-dd27-43cd-a402-e2d6ae585542"
    }
  }
}
[2025-04-09 08:51:38] [WARNING] ユーザー henngetest@mirai-const.co.jp のOneDriveクォータ情報を取得できませんでした: 
{
  "error": {
    "code": "ResourceNotFound",
    "message": "User\u0027s mysite not found.",
    "innerError": {
      "date": "2025-04-08T23:51:38",
      "request-id": "1484ceae-fbc6-4c62-8835-f28b986839cf",
      "client-request-id": "1484ceae-fbc6-4c62-8835-f28b986839cf"
    }
  }
}
[2025-04-09 08:51:41] [WARNING] ユーザー hideyuki.nomura_halekulaniokinawa.com#EXT#@miraiconst.onmicrosoft.com のOneDriveクォータ情報を取得できませんでした: 
{
  "error": {
    "code": "ResourceNotFound",
    "message": "User\u0027s mysite not found.",
    "innerError": {
      "date": "2025-04-08T23:51:41",
      "request-id": "ce437f80-dde4-4b03-b7ae-1d4ecfff12ea",
      "client-request-id": "ce437f80-dde4-4b03-b7ae-1d4ecfff12ea"
    }
  }
}
[2025-04-09 08:51:41] [WARNING] ユーザー hokkaido-rakuraku@mirai-const.co.jp のOneDriveクォータ情報を取得できませんでした: 
{
  "error": {
    "code": "ResourceNotFound",
    "message": "User\u0027s mysite not found.",
    "innerError": {
      "date": "2025-04-08T23:51:41",
      "request-id": "dc68a894-474e-437f-b80b-be185fa08713",
      "client-request-id": "dc68a894-474e-437f-b80b-be185fa08713"
    }
  }
}
[2025-04-09 08:51:41] [WARNING] ユーザー hokkaido@miraiconst.onmicrosoft.com のOneDriveクォータ情報を取得できませんでした: 
{
  "error": {
    "code": "ResourceNotFound",
    "message": "User\u0027s mysite not found.",
    "innerError": {
      "date": "2025-04-08T23:51:41",
      "request-id": "ab8525e5-0714-4eec-9a9d-4f8439101977",
      "client-request-id": "ab8525e5-0714-4eec-9a9d-4f8439101977"
    }
  }
}
[2025-04-09 08:51:41] [WARNING] ユーザー hokuriku-rakuraku@mirai-const.co.jp のOneDriveクォータ情報を取得できませんでした: 
{
  "error": {
    "code": "ResourceNotFound",
    "message": "User\u0027s mysite not found.",
    "innerError": {
      "date": "2025-04-08T23:51:41",
      "request-id": "e5bacfa0-635c-460a-b74c-32018a9aefdc",
      "client-request-id": "e5bacfa0-635c-460a-b74c-32018a9aefdc"
    }
  }
}
[2025-04-09 08:51:41] [WARNING] ユーザー honsya2-1@miraiconst.onmicrosoft.com のOneDriveクォータ情報を取得できませんでした: 
{
  "error": {
    "code": "ResourceNotFound",
    "message": "User\u0027s mysite not found.",
    "innerError": {
      "date": "2025-04-08T23:51:41",
      "request-id": "ed5bedd4-7048-4191-b2b5-f4be42b7cf84",
      "client-request-id": "ed5bedd4-7048-4191-b2b5-f4be42b7cf84"
    }
  }
}
[2025-04-09 08:51:42] [WARNING] ユーザー honsya2-2@miraiconst.onmicrosoft.com のOneDriveクォータ情報を取得できませんでした: 
{
  "error": {
    "code": "ResourceNotFound",
    "message": "User\u0027s mysite not found.",
    "innerError": {
      "date": "2025-04-08T23:51:42",
      "request-id": "267ed686-82a8-4090-b3c8-3b3e90fad129",
      "client-request-id": "267ed686-82a8-4090-b3c8-3b3e90fad129"
    }
  }
}
[2025-04-09 08:51:42] [WARNING] ユーザー hp-kanri@miraiconst.onmicrosoft.com のOneDriveクォータ情報を取得できませんでした: 
{
  "error": {
    "code": "ResourceNotFound",
    "message": "User\u0027s mysite not found.",
    "innerError": {
      "date": "2025-04-08T23:51:42",
      "request-id": "2c57380c-4108-45fe-9a98-a2147ba42cb2",
      "client-request-id": "2c57380c-4108-45fe-9a98-a2147ba42cb2"
    }
  }
}
[2025-04-09 08:51:42] [WARNING] ユーザー i-komada@mirai-const.co.jp のOneDriveクォータ情報を取得できませんでした: 
{
  "error": {
    "code": "ResourceNotFound",
    "message": "User\u0027s mysite not found.",
    "innerError": {
      "date": "2025-04-08T23:51:42",
      "request-id": "4d62f8f0-bddf-4e7a-9e23-c49770e9568a",
      "client-request-id": "4d62f8f0-bddf-4e7a-9e23-c49770e9568a"
    }
  }
}
[2025-04-09 08:51:42] [WARNING] ユーザー ibaraki-rakuraku@mirai-const.co.jp のOneDriveクォータ情報を取得できませんでした: 
{
  "error": {
    "code": "ResourceNotFound",
    "message": "User\u0027s mysite not found.",
    "innerError": {
      "date": "2025-04-08T23:51:42",
      "request-id": "fea28a81-1610-4baf-bf4f-9c0e2a2a49bf",
      "client-request-id": "fea28a81-1610-4baf-bf4f-9c0e2a2a49bf"
    }
  }
}
[2025-04-09 08:51:42] [WARNING] ユーザー ito_mainmark.co.jp#EXT#@miraiconst.onmicrosoft.com のOneDriveクォータ情報を取得できませんでした: 
{
  "error": {
    "code": "ResourceNotFound",
    "message": "User\u0027s mysite not found.",
    "innerError": {
      "date": "2025-04-08T23:51:42",
      "request-id": "9c163781-9299-4845-8a55-1e98baf5d46f",
      "client-request-id": "9c163781-9299-4845-8a55-1e98baf5d46f"
    }
  }
}
[2025-04-09 08:51:43] [WARNING] ユーザー jinji-saiyou@mirai-const.co.jp のOneDriveクォータ情報を取得できませんでした: 
{
  "error": {
    "code": "ResourceNotFound",
    "message": "User\u0027s mysite not found.",
    "innerError": {
      "date": "2025-04-08T23:51:43",
      "request-id": "fc7c4332-29ca-4dcb-acd3-70c7b9b01dc4",
      "client-request-id": "fc7c4332-29ca-4dcb-acd3-70c7b9b01dc4"
    }
  }
}
[2025-04-09 08:51:45] [WARNING] ユーザー k-hirabayashi@mirai-const.co.jp のOneDriveクォータ情報を取得できませんでした: 
{
  "error": {
    "code": "ResourceNotFound",
    "message": "User\u0027s mysite not found.",
    "innerError": {
      "date": "2025-04-08T23:51:45",
      "request-id": "056272c0-0243-4d20-b650-c62aa1de8093",
      "client-request-id": "056272c0-0243-4d20-b650-c62aa1de8093"
    }
  }
}
[2025-04-09 08:51:51] [WARNING] ユーザー k-obara@mirai-const.co.jp のOneDriveクォータ情報を取得できませんでした: 
{
  "error": {
    "code": "ResourceNotFound",
    "message": "User\u0027s mysite not found.",
    "innerError": {
      "date": "2025-04-08T23:51:51",
      "request-id": "3cc233cd-7b3d-4881-8545-79afcc52ad41",
      "client-request-id": "3cc233cd-7b3d-4881-8545-79afcc52ad41"
    }
  }
}
[2025-04-09 08:51:52] [WARNING] ユーザー k-sugimoto@miraiconst.onmicrosoft.com のOneDriveクォータ情報を取得できませんでした: 
{
  "error": {
    "code": "ResourceNotFound",
    "message": "User\u0027s mysite not found.",
    "innerError": {
      "date": "2025-04-08T23:51:52",
      "request-id": "46077775-6985-43a0-b41e-2fddb0bb8b61",
      "client-request-id": "46077775-6985-43a0-b41e-2fddb0bb8b61"
    }
  }
}
[2025-04-09 08:51:57] [WARNING] ユーザー kaikei-support@mirai-const.co.jp のOneDriveクォータ情報を取得できませんでした: 
{
  "error": {
    "code": "ResourceNotFound",
    "message": "User\u0027s mysite not found.",
    "innerError": {
      "date": "2025-04-08T23:51:57",
      "request-id": "3ff407ff-0988-4815-8873-957eb88d820d",
      "client-request-id": "3ff407ff-0988-4815-8873-957eb88d820d"
    }
  }
}
[2025-04-09 08:51:57] [WARNING] ユーザー kanri-kyushu@mirai-const.co.jp のOneDriveクォータ情報を取得できませんでした: 
{
  "error": {
    "code": "ResourceNotFound",
    "message": "User\u0027s mysite not found.",
    "innerError": {
      "date": "2025-04-08T23:51:57",
      "request-id": "ed03f740-848f-4dab-8e1f-cd942cca375d",
      "client-request-id": "ed03f740-848f-4dab-8e1f-cd942cca375d"
    }
  }
}
[2025-04-09 08:51:58] [WARNING] ユーザー kanri-oosaka@mirai-const.co.jp のOneDriveクォータ情報を取得できませんでした: 
{
  "error": {
    "code": "ResourceNotFound",
    "message": "User\u0027s mysite not found.",
    "innerError": {
      "date": "2025-04-08T23:51:58",
      "request-id": "961d8f70-ab1b-4a82-a6dd-997b6f033432",
      "client-request-id": "961d8f70-ab1b-4a82-a6dd-997b6f033432"
    }
  }
}
[2025-04-09 08:51:58] [WARNING] ユーザー kanri-tokyo@mirai-const.co.jp のOneDriveクォータ情報を取得できませんでした: 
{
  "error": {
    "code": "ResourceNotFound",
    "message": "User\u0027s mysite not found.",
    "innerError": {
      "date": "2025-04-08T23:51:58",
      "request-id": "c194037e-2735-4d30-a41d-25e061c695f5",
      "client-request-id": "c194037e-2735-4d30-a41d-25e061c695f5"
    }
  }
}
[2025-04-09 08:51:58] [WARNING] ユーザー keieikikaku@miraiconst.onmicrosoft.com のOneDriveクォータ情報を取得できませんでした: 
{
  "error": {
    "code": "ResourceNotFound",
    "message": "User\u0027s mysite not found.",
    "innerError": {
      "date": "2025-04-08T23:51:58",
      "request-id": "d573e8a4-0473-4f60-8206-dd8bd1b6ea2e",
      "client-request-id": "d573e8a4-0473-4f60-8206-dd8bd1b6ea2e"
    }
  }
}
[2025-04-09 08:51:58] [WARNING] ユーザー ki-fujita_mitsuifudosan.co.jp#EXT#@miraiconst.onmicrosoft.com のOneDriveクォータ情報を取得できませんでした: 
{
  "error": {
    "code": "ResourceNotFound",
    "message": "User\u0027s mysite not found.",
    "innerError": {
      "date": "2025-04-08T23:51:58",
      "request-id": "9f351ee4-a68e-4072-bad3-9a78231ea531",
      "client-request-id": "9f351ee4-a68e-4072-bad3-9a78231ea531"
    }
  }
}
[2025-04-09 08:51:58] [WARNING] ユーザー kita-kyushu@miraiconst.onmicrosoft.com のOneDriveクォータ情報を取得できませんでした: 
{
  "error": {
    "code": "ResourceNotFound",
    "message": "User\u0027s mysite not found.",
    "innerError": {
      "date": "2025-04-08T23:51:58",
      "request-id": "c0ae05a8-2490-4f45-a366-7f8414a1e541",
      "client-request-id": "c0ae05a8-2490-4f45-a366-7f8414a1e541"
    }
  }
}
[2025-04-09 08:51:58] [WARNING] ユーザー kitakyushu-rakuraku@mirai-const.co.jp のOneDriveクォータ情報を取得できませんでした: 
{
  "error": {
    "code": "ResourceNotFound",
    "message": "User\u0027s mysite not found.",
    "innerError": {
      "date": "2025-04-08T23:51:58",
      "request-id": "1e36502f-1029-411c-9b31-8e219be15235",
      "client-request-id": "1e36502f-1029-411c-9b31-8e219be15235"
    }
  }
}
[2025-04-09 08:51:59] [WARNING] ユーザー kyushu-rakuraku@mirai-const.co.jp のOneDriveクォータ情報を取得できませんでした: 
{
  "error": {
    "code": "ResourceNotFound",
    "message": "User\u0027s mysite not found.",
    "innerError": {
      "date": "2025-04-08T23:51:59",
      "request-id": "13f7d3c4-9a1e-4c0e-a8b1-ad40ea5916c6",
      "client-request-id": "13f7d3c4-9a1e-4c0e-a8b1-ad40ea5916c6"
    }
  }
}
[2025-04-09 08:51:59] [WARNING] ユーザー m-ariake@miraiconst.onmicrosoft.com のOneDriveクォータ情報を取得できませんでした: 
{
  "error": {
    "code": "ResourceNotFound",
    "message": "User\u0027s mysite not found.",
    "innerError": {
      "date": "2025-04-08T23:51:59",
      "request-id": "a95f139f-f731-4915-a2b6-eb47c1a7ce10",
      "client-request-id": "a95f139f-f731-4915-a2b6-eb47c1a7ce10"
    }
  }
}
[2025-04-09 08:51:59] [WARNING] ユーザー m-chugoku@miraiconst.onmicrosoft.com のOneDriveクォータ情報を取得できませんでした: 
{
  "error": {
    "code": "ResourceNotFound",
    "message": "User\u0027s mysite not found.",
    "innerError": {
      "date": "2025-04-08T23:51:59",
      "request-id": "0f7cd02d-c08e-41d5-8825-d8656ac14e91",
      "client-request-id": "0f7cd02d-c08e-41d5-8825-d8656ac14e91"
    }
  }
}
[2025-04-09 08:52:01] [WARNING] ユーザー m-info@miraiconst.onmicrosoft.com のOneDriveクォータ情報を取得できませんでした: 
{
  "error": {
    "code": "ResourceNotFound",
    "message": "User\u0027s mysite not found.",
    "innerError": {
      "date": "2025-04-08T23:52:01",
      "request-id": "7e35b84c-45f1-4980-8090-af5856d6aa71",
      "client-request-id": "7e35b84c-45f1-4980-8090-af5856d6aa71"
    }
  }
}
[2025-04-09 08:52:03] [WARNING] ユーザー m-maruta@mirai-const.co.jp のOneDriveクォータ情報を取得できませんでした: 
{
  "error": {
    "code": "ResourceNotFound",
    "message": "User\u0027s mysite not found.",
    "innerError": {
      "date": "2025-04-08T23:52:03",
      "request-id": "68a8769d-30d1-4b53-8623-34e0d56bda05",
      "client-request-id": "68a8769d-30d1-4b53-8623-34e0d56bda05"
    }
  }
}
[2025-04-09 08:52:07] [WARNING] ユーザー m-suzuki@mirai-const.co.jp のOneDriveクォータ情報を取得できませんでした: 
{
  "error": {
    "code": "ResourceNotFound",
    "message": "User\u0027s mysite not found.",
    "innerError": {
      "date": "2025-04-08T23:52:07",
      "request-id": "0c77d14c-1461-4503-b2a6-2c3907295034",
      "client-request-id": "0c77d14c-1461-4503-b2a6-2c3907295034"
    }
  }
}
[2025-04-09 08:52:08] [WARNING] ユーザー m-ushikubo@mirai-const.co.jp のOneDriveクォータ情報を取得できませんでした: 
{
  "error": {
    "code": "ResourceNotFound",
    "message": "User\u0027s mysite not found.",
    "innerError": {
      "date": "2025-04-08T23:52:08",
      "request-id": "dd5b7b45-461b-41e4-899c-7c08caa61875",
      "client-request-id": "dd5b7b45-461b-41e4-899c-7c08caa61875"
    }
  }
}
[2025-04-09 08:52:11] [WARNING] ユーザー mail-info@miraiconst.onmicrosoft.com のOneDriveクォータ情報を取得できませんでした: 
{
  "error": {
    "code": "ResourceNotFound",
    "message": "User\u0027s mysite not found.",
    "innerError": {
      "date": "2025-04-08T23:52:11",
      "request-id": "91401539-040e-4e8f-89b3-1733be1e0e17",
      "client-request-id": "91401539-040e-4e8f-89b3-1733be1e0e17"
    }
  }
}
[2025-04-09 08:52:11] [WARNING] ユーザー mf-jigyoukikaku@miraiconst.onmicrosoft.com のOneDriveクォータ情報を取得できませんでした: 
{
  "error": {
    "code": "ResourceNotFound",
    "message": "User\u0027s mysite not found.",
    "innerError": {
      "date": "2025-04-08T23:52:11",
      "request-id": "35f05fba-d179-4da0-a3e2-6804a7b0337f",
      "client-request-id": "35f05fba-d179-4da0-a3e2-6804a7b0337f"
    }
  }
}
[2025-04-09 08:52:11] [WARNING] ユーザー mirai-edr@miraiconst.onmicrosoft.com のOneDriveクォータ情報を取得できませんでした: 
{
  "error": {
    "code": "ResourceNotFound",
    "message": "User\u0027s mysite not found.",
    "innerError": {
      "date": "2025-04-08T23:52:11",
      "request-id": "644b8191-1180-4271-94e1-5e466cedfba3",
      "client-request-id": "644b8191-1180-4271-94e1-5e466cedfba3"
    }
  }
}
[2025-04-09 08:52:12] [WARNING] ユーザー mirai-sns@miraiconst.onmicrosoft.com のOneDriveクォータ情報を取得できませんでした: 
{
  "error": {
    "code": "ResourceNotFound",
    "message": "User\u0027s mysite not found.",
    "innerError": {
      "date": "2025-04-08T23:52:12",
      "request-id": "77ef82c6-2d48-46db-b79a-7ed3854af50a",
      "client-request-id": "77ef82c6-2d48-46db-b79a-7ed3854af50a"
    }
  }
}
[2025-04-09 08:52:12] [WARNING] ユーザー mirai-zoom@miraiconst.onmicrosoft.com のOneDriveクォータ情報を取得できませんでした: 
{
  "error": {
    "code": "ResourceNotFound",
    "message": "User\u0027s mysite not found.",
    "innerError": {
      "date": "2025-04-08T23:52:12",
      "request-id": "ca977f2f-9430-4a57-80b2-de35deb50dff",
      "client-request-id": "ca977f2f-9430-4a57-80b2-de35deb50dff"
    }
  }
}
[2025-04-09 08:52:12] [WARNING] ユーザー mk-engagement@miraiconst.onmicrosoft.com のOneDriveクォータ情報を取得できませんでした: 
{
  "error": {
    "code": "ResourceNotFound",
    "message": "User\u0027s mysite not found.",
    "innerError": {
      "date": "2025-04-08T23:52:12",
      "request-id": "89758992-4919-43c2-b552-395bb96d68a5",
      "client-request-id": "89758992-4919-43c2-b552-395bb96d68a5"
    }
  }
}
[2025-04-09 08:52:12] [WARNING] ユーザー mksystem-alert@miraiconst.onmicrosoft.com のOneDriveクォータ情報を取得できませんでした: 
{
  "error": {
    "code": "ResourceNotFound",
    "message": "User\u0027s mysite not found.",
    "innerError": {
      "date": "2025-04-08T23:52:12",
      "request-id": "9896372e-8b4c-4eaf-bc32-f020128f622f",
      "client-request-id": "9896372e-8b4c-4eaf-bc32-f020128f622f"
    }
  }
}
[2025-04-09 08:52:17] [WARNING] ユーザー na-kadokawa_apptec.co.jp#EXT#@miraiconst.onmicrosoft.com のOneDriveクォータ情報を取得できませんでした: 
{
  "error": {
    "code": "ResourceNotFound",
    "message": "User\u0027s mysite not found.",
    "innerError": {
      "date": "2025-04-08T23:52:17",
      "request-id": "b16c8920-1cbb-472e-aa71-1f4cde5f1257",
      "client-request-id": "b16c8920-1cbb-472e-aa71-1f4cde5f1257"
    }
  }
}
[2025-04-09 08:52:17] [WARNING] ユーザー netis@miraiconst.onmicrosoft.com のOneDriveクォータ情報を取得できませんでした: 
{
  "error": {
    "code": "ResourceNotFound",
    "message": "User\u0027s mysite not found.",
    "innerError": {
      "date": "2025-04-08T23:52:17",
      "request-id": "2c57f202-ed9e-4093-82e6-ea84b3314e55",
      "client-request-id": "2c57f202-ed9e-4093-82e6-ea84b3314e55"
    }
  }
}
[2025-04-09 08:52:17] [WARNING] ユーザー noto-rakuraku@mirai-const.co.jp のOneDriveクォータ情報を取得できませんでした: 
{
  "error": {
    "code": "ResourceNotFound",
    "message": "User\u0027s mysite not found.",
    "innerError": {
      "date": "2025-04-08T23:52:17",
      "request-id": "3c1a0a42-0815-471d-a363-d63e66f09be9",
      "client-request-id": "3c1a0a42-0815-471d-a363-d63e66f09be9"
    }
  }
}
[2025-04-09 08:52:19] [WARNING] ユーザー okinawa-rakuraku@mirai-const.co.jp のOneDriveクォータ情報を取得できませんでした: 
{
  "error": {
    "code": "ResourceNotFound",
    "message": "User\u0027s mysite not found.",
    "innerError": {
      "date": "2025-04-08T23:52:19",
      "request-id": "d5bcf551-fe34-49ca-b459-3ed5b69f84b3",
      "client-request-id": "d5bcf551-fe34-49ca-b459-3ed5b69f84b3"
    }
  }
}
[2025-04-09 08:52:19] [WARNING] ユーザー okinawa@miraiconst.onmicrosoft.com のOneDriveクォータ情報を取得できませんでした: 
{
  "error": {
    "code": "ResourceNotFound",
    "message": "User\u0027s mysite not found.",
    "innerError": {
      "date": "2025-04-08T23:52:19",
      "request-id": "3f68f357-5c50-4f2f-a701-8074dcdbe711",
      "client-request-id": "3f68f357-5c50-4f2f-a701-8074dcdbe711"
    }
  }
}
[2025-04-09 08:52:19] [WARNING] ユーザー osaka-rakuraku@mirai-const.co.jp のOneDriveクォータ情報を取得できませんでした: 
{
  "error": {
    "code": "ResourceNotFound",
    "message": "User\u0027s mysite not found.",
    "innerError": {
      "date": "2025-04-08T23:52:19",
      "request-id": "9b558bb6-82b6-4db7-882a-80184d0e17cc",
      "client-request-id": "9b558bb6-82b6-4db7-882a-80184d0e17cc"
    }
  }
}
[2025-04-09 08:52:19] [WARNING] ユーザー r-futenma@mirai-const.co.jp のOneDriveクォータ情報を取得できませんでした: 
{
  "error": {
    "code": "ResourceNotFound",
    "message": "User\u0027s mysite not found.",
    "innerError": {
      "date": "2025-04-08T23:52:19",
      "request-id": "92f00d8d-c52a-4caa-a7da-a45225173e76",
      "client-request-id": "92f00d8d-c52a-4caa-a7da-a45225173e76"
    }
  }
}
[2025-04-09 08:52:32] [WARNING] ユーザー S.Nagano_otsuka-shokai.co.jp#EXT#@miraiconst.onmicrosoft.com のOneDriveクォータ情報を取得できませんでした: 
{
  "error": {
    "code": "ResourceNotFound",
    "message": "User\u0027s mysite not found.",
    "innerError": {
      "date": "2025-04-08T23:52:32",
      "request-id": "eca725ec-27bd-4a11-bc80-51466cd6241e",
      "client-request-id": "eca725ec-27bd-4a11-bc80-51466cd6241e"
    }
  }
}
[2025-04-09 08:52:33] [WARNING] ユーザー sh-ishihara-old@miraiconst.onmicrosoft.com のOneDriveクォータ情報を取得できませんでした: 
{
  "error": {
    "code": "ResourceNotFound",
    "message": "User\u0027s mysite not found.",
    "innerError": {
      "date": "2025-04-08T23:52:33",
      "request-id": "fc3f4d9a-535b-4809-9024-8c483fc38acd",
      "client-request-id": "fc3f4d9a-535b-4809-9024-8c483fc38acd"
    }
  }
}
[2025-04-09 08:52:34] [WARNING] ユーザー share@mirai-const.co.jp のOneDriveクォータ情報を取得できませんでした: 
{
  "error": {
    "code": "ResourceNotFound",
    "message": "User\u0027s mysite not found.",
    "innerError": {
      "date": "2025-04-08T23:52:34",
      "request-id": "b91fb3b3-1940-4849-ae69-0f427bbc87f4",
      "client-request-id": "b91fb3b3-1940-4849-ae69-0f427bbc87f4"
    }
  }
}
[2025-04-09 08:52:34] [WARNING] ユーザー shikoku-rakuraku@mirai-const.co.jp のOneDriveクォータ情報を取得できませんでした: 
{
  "error": {
    "code": "ResourceNotFound",
    "message": "User\u0027s mysite not found.",
    "innerError": {
      "date": "2025-04-08T23:52:34",
      "request-id": "5eb2c6d7-77d3-43ec-935d-2acf6b841dac",
      "client-request-id": "5eb2c6d7-77d3-43ec-935d-2acf6b841dac"
    }
  }
}
[2025-04-09 08:52:34] [WARNING] ユーザー shizuoka-rakuraku@mirai-const.co.jp のOneDriveクォータ情報を取得できませんでした: 
{
  "error": {
    "code": "ResourceNotFound",
    "message": "User\u0027s mysite not found.",
    "innerError": {
      "date": "2025-04-08T23:52:34",
      "request-id": "baefb73e-c24b-4403-99b2-ec2009c6f02f",
      "client-request-id": "baefb73e-c24b-4403-99b2-ec2009c6f02f"
    }
  }
}
[2025-04-09 08:52:34] [WARNING] ユーザー sketchup@miraiconst.onmicrosoft.com のOneDriveクォータ情報を取得できませんでした: 
{
  "error": {
    "code": "ResourceNotFound",
    "message": "User\u0027s mysite not found.",
    "innerError": {
      "date": "2025-04-08T23:52:34",
      "request-id": "fb3b3f3f-9a46-4227-a2d2-a20ac9ea33d4",
      "client-request-id": "fb3b3f3f-9a46-4227-a2d2-a20ac9ea33d4"
    }
  }
}
[2025-04-09 08:52:34] [WARNING] ユーザー soumu-payment@mirai-const.co.jp のOneDriveクォータ情報を取得できませんでした: 
{
  "error": {
    "code": "ResourceNotFound",
    "message": "User\u0027s mysite not found.",
    "innerError": {
      "date": "2025-04-08T23:52:34",
      "request-id": "51b5d6b6-1779-4d0c-817b-c423ed10b3d4",
      "client-request-id": "51b5d6b6-1779-4d0c-817b-c423ed10b3d4"
    }
  }
}
[2025-04-09 08:52:35] [WARNING] ユーザー Sync_AZSV0001_b63ec191406d@miraiconst.onmicrosoft.com のOneDriveクォータ情報を取得できませんでした: 
{
  "error": {
    "code": "ResourceNotFound",
    "message": "User\u0027s mysite not found.",
    "innerError": {
      "date": "2025-04-08T23:52:35",
      "request-id": "a4d25ced-6884-4ec8-a3ae-a330ce6965c2",
      "client-request-id": "a4d25ced-6884-4ec8-a3ae-a330ce6965c2"
    }
  }
}
[2025-04-09 08:52:35] [WARNING] ユーザー system-info@mirai-const.co.jp のOneDriveクォータ情報を取得できませんでした: 
{
  "error": {
    "code": "ResourceNotFound",
    "message": "User\u0027s mysite not found.",
    "innerError": {
      "date": "2025-04-08T23:52:35",
      "request-id": "94759a0c-a635-449b-9650-dac01ae616b2",
      "client-request-id": "94759a0c-a635-449b-9650-dac01ae616b2"
    }
  }
}
[2025-04-09 08:52:40] [WARNING] ユーザー t-kumai@miraiconst.onmicrosoft.com のOneDriveクォータ情報を取得できませんでした: 
{
  "error": {
    "code": "ResourceNotFound",
    "message": "User\u0027s mysite not found.",
    "innerError": {
      "date": "2025-04-08T23:52:40",
      "request-id": "7f90a139-0d0e-4df2-9c79-90af8b4820be",
      "client-request-id": "7f90a139-0d0e-4df2-9c79-90af8b4820be"
    }
  }
}
[2025-04-09 08:52:50] [WARNING] ユーザー takuro.kumada_aaconst.co.jp#EXT#@miraiconst.onmicrosoft.com のOneDriveクォータ情報を取得できませんでした: 
{
  "error": {
    "code": "ResourceNotFound",
    "message": "User\u0027s mysite not found.",
    "innerError": {
      "date": "2025-04-08T23:52:50",
      "request-id": "1328aa22-2c44-4a5a-a956-84b780a5b695",
      "client-request-id": "1328aa22-2c44-4a5a-a956-84b780a5b695"
    }
  }
}
[2025-04-09 08:52:51] [WARNING] ユーザー tech@miraiconst.onmicrosoft.com のOneDriveクォータ情報を取得できませんでした: 
{
  "error": {
    "code": "ResourceNotFound",
    "message": "User\u0027s mysite not found.",
    "innerError": {
      "date": "2025-04-08T23:52:51",
      "request-id": "82b96877-3b8d-4b30-a8ef-56f6a8860dd1",
      "client-request-id": "82b96877-3b8d-4b30-a8ef-56f6a8860dd1"
    }
  }
}
[2025-04-09 08:52:52] [WARNING] ユーザー tohoku-rakuraku@mirai-const.co.jp のOneDriveクォータ情報を取得できませんでした: 
{
  "error": {
    "code": "ResourceNotFound",
    "message": "User\u0027s mysite not found.",
    "innerError": {
      "date": "2025-04-08T23:52:52",
      "request-id": "894d7497-e74a-4367-806a-0ebbf7fffb36",
      "client-request-id": "894d7497-e74a-4367-806a-0ebbf7fffb36"
    }
  }
}
[2025-04-09 08:52:52] [WARNING] ユーザー tokyo-rakuraku@mirai-const.co.jp のOneDriveクォータ情報を取得できませんでした: 
{
  "error": {
    "code": "ResourceNotFound",
    "message": "User\u0027s mysite not found.",
    "innerError": {
      "date": "2025-04-08T23:52:52",
      "request-id": "e8fe0f96-1da9-495f-ae8b-41589f9a0add",
      "client-request-id": "e8fe0f96-1da9-495f-ae8b-41589f9a0add"
    }
  }
}
[2025-04-09 08:52:53] [WARNING] ユーザー tokyokoji@miraiconst.onmicrosoft.com のOneDriveクォータ情報を取得できませんでした: 
{
  "error": {
    "code": "ResourceNotFound",
    "message": "User\u0027s mysite not found.",
    "innerError": {
      "date": "2025-04-08T23:52:52",
      "request-id": "1edfb03b-9854-4f3f-95dc-c8b17f68aa88",
      "client-request-id": "1edfb03b-9854-4f3f-95dc-c8b17f68aa88"
    }
  }
}
[2025-04-09 08:52:54] [WARNING] ユーザー tokyokouji-rakuraku@mirai-const.co.jp のOneDriveクォータ情報を取得できませんでした: 
{
  "error": {
    "code": "ResourceNotFound",
    "message": "User\u0027s mysite not found.",
    "innerError": {
      "date": "2025-04-08T23:52:54",
      "request-id": "30d5c8d0-366b-45fa-a740-263de9e6323d",
      "client-request-id": "30d5c8d0-366b-45fa-a740-263de9e6323d"
    }
  }
}
[2025-04-09 08:52:55] [WARNING] ユーザー tsubokawa-y92y2_mlit.go.jp#EXT#@miraiconst.onmicrosoft.com のOneDriveクォータ情報を取得できませんでした: 
{
  "error": {
    "code": "ResourceNotFound",
    "message": "User\u0027s mysite not found.",
    "innerError": {
      "date": "2025-04-08T23:52:55",
      "request-id": "0217dcb6-72a2-4c97-97f4-35a1f982798f",
      "client-request-id": "0217dcb6-72a2-4c97-97f4-35a1f982798f"
    }
  }
}
[2025-04-09 08:52:56] [WARNING] ユーザー webadmin@miraiconst.onmicrosoft.com のOneDriveクォータ情報を取得できませんでした: 
{
  "error": {
    "code": "ResourceNotFound",
    "message": "User\u0027s mysite not found.",
    "innerError": {
      "date": "2025-04-08T23:52:56",
      "request-id": "c5c5378c-f7b3-4b73-8219-a894d76050ec",
      "client-request-id": "c5c5378c-f7b3-4b73-8219-a894d76050ec"
    }
  }
}
[2025-04-09 08:53:07] [WARNING] ユーザー y-tajima@mirai-const.co.jp のOneDriveクォータ情報を取得できませんでした: 
{
  "error": {
    "code": "ResourceNotFound",
    "message": "User\u0027s mysite not found.",
    "innerError": {
      "date": "2025-04-08T23:53:07",
      "request-id": "a6992be8-79ed-4165-9faa-bb6c393b6e32",
      "client-request-id": "a6992be8-79ed-4165-9faa-bb6c393b6e32"
    }
  }
}
[2025-04-09 08:53:08] [WARNING] ユーザー y-tsuzuki@mirai-const.co.jp のOneDriveクォータ情報を取得できませんでした: 
{
  "error": {
    "code": "ResourceNotFound",
    "message": "User\u0027s mysite not found.",
    "innerError": {
      "date": "2025-04-08T23:53:08",
      "request-id": "cd6e4342-382c-4799-95e5-1d8548b36260",
      "client-request-id": "cd6e4342-382c-4799-95e5-1d8548b36260"
    }
  }
}
[2025-04-09 08:53:09] [WARNING] ユーザー y-ueno@mirai-const.co.jp のOneDriveクォータ情報を取得できませんでした: 
{
  "error": {
    "code": "ResourceNotFound",
    "message": "User\u0027s mysite not found.",
    "innerError": {
      "date": "2025-04-08T23:53:09",
      "request-id": "52186d44-9a3a-4e74-a310-3690b63f148a",
      "client-request-id": "52186d44-9a3a-4e74-a310-3690b63f148a"
    }
  }
}
[2025-04-09 08:53:09] [WARNING] ユーザー yamasaki-s89fa_mlit.go.jp#EXT#@miraiconst.onmicrosoft.com のOneDriveクォータ情報を取得できませんでした: 
{
  "error": {
    "code": "ResourceNotFound",
    "message": "User\u0027s mysite not found.",
    "innerError": {
      "date": "2025-04-08T23:53:09",
      "request-id": "30ec56d9-e044-499b-9491-ec5e663256aa",
      "client-request-id": "30ec56d9-e044-499b-9491-ec5e663256aa"
    }
  }
}
[2025-04-09 08:53:09] [WARNING] ユーザー yk-takahashi_mitsuifudosan.co.jp#EXT#@miraiconst.onmicrosoft.com のOneDriveクォータ情報を取得できませんでした: 
{
  "error": {
    "code": "ResourceNotFound",
    "message": "User\u0027s mysite not found.",
    "innerError": {
      "date": "2025-04-08T23:53:09",
      "request-id": "1d6aae90-7dd8-42b6-9936-1e3f17f5a737",
      "client-request-id": "1d6aae90-7dd8-42b6-9936-1e3f17f5a737"
    }
  }
}
[2025-04-09 08:53:10] [WARNING] ユーザー yokohama-rakuraku@mirai-const.co.jp のOneDriveクォータ情報を取得できませんでした: 
{
  "error": {
    "code": "ResourceNotFound",
    "message": "User\u0027s mysite not found.",
    "innerError": {
      "date": "2025-04-08T23:53:10",
      "request-id": "b223bfc3-6535-490a-ba7b-c93eff6585a4",
      "client-request-id": "b223bfc3-6535-490a-ba7b-c93eff6585a4"
    }
  }
}
[2025-04-09 08:53:11] [WARNING] ユーザー ys-yamamoto_apptec.co.jp#EXT#@miraiconst.onmicrosoft.com のOneDriveクォータ情報を取得できませんでした: 
{
  "error": {
    "code": "ResourceNotFound",
    "message": "User\u0027s mysite not found.",
    "innerError": {
      "date": "2025-04-08T23:53:11",
      "request-id": "65e66620-15a6-4e11-86cb-b25aeba0eacb",
      "client-request-id": "65e66620-15a6-4e11-86cb-b25aeba0eacb"
    }
  }
}
[2025-04-09 08:53:12] [WARNING] ユーザー zaimu@mirai-const.co.jp のOneDriveクォータ情報を取得できませんでした: 
{
  "error": {
    "code": "ResourceNotFound",
    "message": "User\u0027s mysite not found.",
    "innerError": {
      "date": "2025-04-08T23:53:12",
      "request-id": "cd0bf38a-8fc1-4e50-b58d-73353ecad941",
      "client-request-id": "cd0bf38a-8fc1-4e50-b58d-73353ecad941"
    }
  }
}
[2025-04-09 08:53:12] [SUCCESS] OneDriveクォータ情報の取得が完了しました。取得件数: 524
[2025-04-09 08:53:12] [SUCCESS] CSVファイルを作成しました: C:\kitting\OneDriveforBusinessManagementSystem\OneDriveManagement.20250409\Basic_Data_Collection.20250409\OneDriveQuota.20250409085312.csv
[2025-04-09 08:53:12] [INFO] Excelでファイルを開いて列幅の調整とフィルターの適用を行います...
[2025-04-09 08:53:24] [SUCCESS] Excelでの処理が完了しました。
