[2025-04-09 08:57:05] [INFO] ストレージクォータ取得を開始します
[2025-04-09 08:57:05] [INFO] 出力ディレクトリ: C:\kitting\OneDriveforBusinessManagementSystem\OneDriveManagement.20250409\Basic_Data_Collection.20250409
[2025-04-09 08:57:05] [INFO] ログディレクトリ: C:\kitting\OneDriveforBusinessManagementSystem\OneDriveManagement.20250409\Log
[2025-04-09 08:57:05] [INFO] トークンファイルからアクセストークンを読み込みました
[2025-04-09 08:57:05] [WARNING] Graph接続済みですが、ユーザー情報は取得できません。
[2025-04-09 08:57:05] [WARNING] Graph接続済みですが、ユーザー情報は取得できません。
[2025-04-09 08:57:05] [INFO] Microsoft Graph REST APIで全ユーザー情報を取得します...
[2025-04-09 08:57:05] [INFO] トークンにBearerプレフィックスを追加しました
[2025-04-09 08:57:13] [WARNING] ユーザー admin@miraiconst.onmicrosoft.com のOneDriveクォータ情報を取得できませんでした: 
{
  "error": {
    "code": "ResourceNotFound",
    "message": "User\u0027s mysite not found.",
    "innerError": {
      "date": "2025-04-08T23:57:13",
      "request-id": "4e31698f-972d-4a9e-be5a-186c83a45907",
      "client-request-id": "4e31698f-972d-4a9e-be5a-186c83a45907"
    }
  }
}
[2025-04-09 08:57:13] [WARNING] ユーザー admin1@miraiconst.onmicrosoft.com のOneDriveクォータ情報を取得できませんでした: 
{
  "error": {
    "code": "ResourceNotFound",
    "message": "User\u0027s mysite not found.",
    "innerError": {
      "date": "2025-04-08T23:57:13",
      "request-id": "d6eec1f3-d173-4783-869a-869877f2ffa6",
      "client-request-id": "d6eec1f3-d173-4783-869a-869877f2ffa6"
    }
  }
}
[2025-04-09 08:57:13] [WARNING] ユーザー amazon-biz@mirai-const.co.jp のOneDriveクォータ情報を取得できませんでした: 
{
  "error": {
    "code": "ResourceNotFound",
    "message": "User\u0027s mysite not found.",
    "innerError": {
      "date": "2025-04-08T23:57:13",
      "request-id": "f43a409a-77fd-40b6-930f-b6db54979f6f",
      "client-request-id": "f43a409a-77fd-40b6-930f-b6db54979f6f"
    }
  }
}
[2025-04-09 08:57:13] [WARNING] ユーザー aomori-rakuraku@mirai-const.co.jp のOneDriveクォータ情報を取得できませんでした: 
{
  "error": {
    "code": "ResourceNotFound",
    "message": "User\u0027s mysite not found.",
    "innerError": {
      "date": "2025-04-08T23:57:13",
      "request-id": "aef83878-0f63-46cb-9585-3233a22004a0",
      "client-request-id": "aef83878-0f63-46cb-9585-3233a22004a0"
    }
  }
}
[2025-04-09 08:57:13] [WARNING] ユーザー apple-id@miraiconst.onmicrosoft.com のOneDriveクォータ情報を取得できませんでした: 
{
  "error": {
    "code": "ResourceNotFound",
    "message": "User\u0027s mysite not found.",
    "innerError": {
      "date": "2025-04-08T23:57:13",
      "request-id": "9ba3f830-cdc2-4be0-b75b-3c9c3b3bff46",
      "client-request-id": "9ba3f830-cdc2-4be0-b75b-3c9c3b3bff46"
    }
  }
}
[2025-04-09 08:57:13] [WARNING] ユーザー ariake-rakuraku@mirai-const.co.jp のOneDriveクォータ情報を取得できませんでした: 
{
  "error": {
    "code": "ResourceNotFound",
    "message": "User\u0027s mysite not found.",
    "innerError": {
      "date": "2025-04-08T23:57:13",
      "request-id": "6f91a95b-97ab-4512-89bd-fa34299f4a40",
      "client-request-id": "6f91a95b-97ab-4512-89bd-fa34299f4a40"
    }
  }
}
[2025-04-09 08:57:14] [WARNING] ユーザー ats-watanabe_mitsuifudosan.co.jp#EXT#@miraiconst.onmicrosoft.com のOneDriveクォータ情報を取得できませんでした: 
{
  "error": {
    "code": "ResourceNotFound",
    "message": "User\u0027s mysite not found.",
    "innerError": {
      "date": "2025-04-08T23:57:14",
      "request-id": "c231c2af-2b30-478e-86e7-bef9b5094117",
      "client-request-id": "c231c2af-2b30-478e-86e7-bef9b5094117"
    }
  }
}
[2025-04-09 08:57:14] [WARNING] ユーザー bid-info@mirai-const.co.jp のOneDriveクォータ情報を取得できませんでした: 
{
  "error": {
    "code": "ResourceNotFound",
    "message": "User\u0027s mysite not found.",
    "innerError": {
      "date": "2025-04-08T23:57:14",
      "request-id": "7debf5b9-7243-4d24-96fc-c12af9e1b024",
      "client-request-id": "7debf5b9-7243-4d24-96fc-c12af9e1b024"
    }
  }
}
[2025-04-09 08:57:14] [WARNING] ユーザー bid-info01m@mirai-const.co.jp のOneDriveクォータ情報を取得できませんでした: 
{
  "error": {
    "code": "ResourceNotFound",
    "message": "User\u0027s mysite not found.",
    "innerError": {
      "date": "2025-04-08T23:57:14",
      "request-id": "b937b1b2-2b5b-48ae-96eb-0eccb4be7323",
      "client-request-id": "b937b1b2-2b5b-48ae-96eb-0eccb4be7323"
    }
  }
}
[2025-04-09 08:57:15] [WARNING] ユーザー bid-info02m@mirai-const.co.jp のOneDriveクォータ情報を取得できませんでした: 
{
  "error": {
    "code": "ResourceNotFound",
    "message": "User\u0027s mysite not found.",
    "innerError": {
      "date": "2025-04-08T23:57:15",
      "request-id": "099ee2f4-ab13-4809-8f4e-f93e4cd04930",
      "client-request-id": "099ee2f4-ab13-4809-8f4e-f93e4cd04930"
    }
  }
}
[2025-04-09 08:57:15] [WARNING] ユーザー bid-info03m@mirai-const.co.jp のOneDriveクォータ情報を取得できませんでした: 
{
  "error": {
    "code": "ResourceNotFound",
    "message": "User\u0027s mysite not found.",
    "innerError": {
      "date": "2025-04-08T23:57:15",
      "request-id": "24f0dfa8-f90a-455c-bcb8-f9f434e06ec4",
      "client-request-id": "24f0dfa8-f90a-455c-bcb8-f9f434e06ec4"
    }
  }
}
[2025-04-09 08:57:15] [WARNING] ユーザー bid-info04m@mirai-const.co.jp のOneDriveクォータ情報を取得できませんでした: 
{
  "error": {
    "code": "ResourceNotFound",
    "message": "User\u0027s mysite not found.",
    "innerError": {
      "date": "2025-04-08T23:57:15",
      "request-id": "336ae52e-ff1f-4141-90b9-4819fc9cbd55",
      "client-request-id": "336ae52e-ff1f-4141-90b9-4819fc9cbd55"
    }
  }
}
[2025-04-09 08:57:15] [WARNING] ユーザー bid-info05m@mirai-const.co.jp のOneDriveクォータ情報を取得できませんでした: 
{
  "error": {
    "code": "ResourceNotFound",
    "message": "User\u0027s mysite not found.",
    "innerError": {
      "date": "2025-04-08T23:57:15",
      "request-id": "9dcbe0a3-b3e6-45a7-9751-7c65e1ad8988",
      "client-request-id": "9dcbe0a3-b3e6-45a7-9751-7c65e1ad8988"
    }
  }
}
[2025-04-09 08:57:15] [WARNING] ユーザー bid-info06m@mirai-const.co.jp のOneDriveクォータ情報を取得できませんでした: 
{
  "error": {
    "code": "ResourceNotFound",
    "message": "User\u0027s mysite not found.",
    "innerError": {
      "date": "2025-04-08T23:57:15",
      "request-id": "6f8b665f-9ebc-4452-8cb5-a0e253202fdf",
      "client-request-id": "6f8b665f-9ebc-4452-8cb5-a0e253202fdf"
    }
  }
}
[2025-04-09 08:57:15] [WARNING] ユーザー bid-info07m@mirai-const.co.jp のOneDriveクォータ情報を取得できませんでした: 
{
  "error": {
    "code": "ResourceNotFound",
    "message": "User\u0027s mysite not found.",
    "innerError": {
      "date": "2025-04-08T23:57:15",
      "request-id": "225e981e-1787-4e27-93e5-ea9304e7f4bf",
      "client-request-id": "225e981e-1787-4e27-93e5-ea9304e7f4bf"
    }
  }
}
[2025-04-09 08:57:16] [WARNING] ユーザー bid-info08m@mirai-const.co.jp のOneDriveクォータ情報を取得できませんでした: 
{
  "error": {
    "code": "ResourceNotFound",
    "message": "User\u0027s mysite not found.",
    "innerError": {
      "date": "2025-04-08T23:57:16",
      "request-id": "b8e68128-c5c2-4f1f-8801-7f1690a46bbf",
      "client-request-id": "b8e68128-c5c2-4f1f-8801-7f1690a46bbf"
    }
  }
}
[2025-04-09 08:57:16] [WARNING] ユーザー bid-info09m@mirai-const.co.jp のOneDriveクォータ情報を取得できませんでした: 
{
  "error": {
    "code": "ResourceNotFound",
    "message": "User\u0027s mysite not found.",
    "innerError": {
      "date": "2025-04-08T23:57:16",
      "request-id": "cc05a769-f8b9-4e92-b3c1-0650bc23c6e8",
      "client-request-id": "cc05a769-f8b9-4e92-b3c1-0650bc23c6e8"
    }
  }
}
[2025-04-09 08:57:16] [WARNING] ユーザー bid-info10m@mirai-const.co.jp のOneDriveクォータ情報を取得できませんでした: 
{
  "error": {
    "code": "ResourceNotFound",
    "message": "User\u0027s mysite not found.",
    "innerError": {
      "date": "2025-04-08T23:57:16",
      "request-id": "d4127a3d-2f75-4af7-b491-d8d11f62f6a9",
      "client-request-id": "d4127a3d-2f75-4af7-b491-d8d11f62f6a9"
    }
  }
}
[2025-04-09 08:57:16] [WARNING] ユーザー bid-info11m@mirai-const.co.jp のOneDriveクォータ情報を取得できませんでした: 
{
  "error": {
    "code": "ResourceNotFound",
    "message": "User\u0027s mysite not found.",
    "innerError": {
      "date": "2025-04-08T23:57:16",
      "request-id": "fda2abd0-c712-4de9-a176-cee3bc44ad88",
      "client-request-id": "fda2abd0-c712-4de9-a176-cee3bc44ad88"
    }
  }
}
[2025-04-09 08:57:16] [WARNING] ユーザー bid-info12m@mirai-const.co.jp のOneDriveクォータ情報を取得できませんでした: 
{
  "error": {
    "code": "ResourceNotFound",
    "message": "User\u0027s mysite not found.",
    "innerError": {
      "date": "2025-04-08T23:57:16",
      "request-id": "ede401c9-0287-4fac-aab0-ca31b140eec8",
      "client-request-id": "ede401c9-0287-4fac-aab0-ca31b140eec8"
    }
  }
}
[2025-04-09 08:57:17] [WARNING] ユーザー cad-master@miraiconst.onmicrosoft.com のOneDriveクォータ情報を取得できませんでした: 
{
  "error": {
    "code": "ResourceNotFound",
    "message": "User\u0027s mysite not found.",
    "innerError": {
      "date": "2025-04-08T23:57:17",
      "request-id": "861e4ae7-b356-4603-bc8e-9f4fc1f23646",
      "client-request-id": "861e4ae7-b356-4603-bc8e-9f4fc1f23646"
    }
  }
}
[2025-04-09 08:57:17] [WARNING] ユーザー chiba-rakuraku@mirai-const.co.jp のOneDriveクォータ情報を取得できませんでした: 
{
  "error": {
    "code": "ResourceNotFound",
    "message": "User\u0027s mysite not found.",
    "innerError": {
      "date": "2025-04-08T23:57:17",
      "request-id": "8cd8b7bf-5e77-4f3e-a487-f8493fb89e9b",
      "client-request-id": "8cd8b7bf-5e77-4f3e-a487-f8493fb89e9b"
    }
  }
}
[2025-04-09 08:57:17] [WARNING] ユーザー chubu-rakuraku@mirai-const.co.jp のOneDriveクォータ情報を取得できませんでした: 
{
  "error": {
    "code": "ResourceNotFound",
    "message": "User\u0027s mysite not found.",
    "innerError": {
      "date": "2025-04-08T23:57:17",
      "request-id": "9c875ffc-0055-4932-af25-70eda2ee1316",
      "client-request-id": "9c875ffc-0055-4932-af25-70eda2ee1316"
    }
  }
}
[2025-04-09 08:57:18] [WARNING] ユーザー chubu@miraiconst.onmicrosoft.com のOneDriveクォータ情報を取得できませんでした: 
{
  "error": {
    "code": "ResourceNotFound",
    "message": "User\u0027s mysite not found.",
    "innerError": {
      "date": "2025-04-08T23:57:18",
      "request-id": "219c267f-8550-4514-bd58-a82db039f410",
      "client-request-id": "219c267f-8550-4514-bd58-a82db039f410"
    }
  }
}
[2025-04-09 08:57:18] [WARNING] ユーザー chugoku-rakuraku@mirai-const.co.jp のOneDriveクォータ情報を取得できませんでした: 
{
  "error": {
    "code": "ResourceNotFound",
    "message": "User\u0027s mysite not found.",
    "innerError": {
      "date": "2025-04-08T23:57:18",
      "request-id": "9df5a833-6bab-420e-b9b2-918493056081",
      "client-request-id": "9df5a833-6bab-420e-b9b2-918493056081"
    }
  }
}
[2025-04-09 08:57:18] [WARNING] ユーザー cim-master@mirai-const.co.jp のOneDriveクォータ情報を取得できませんでした: 
{
  "error": {
    "code": "ResourceNotFound",
    "message": "User\u0027s mysite not found.",
    "innerError": {
      "date": "2025-04-08T23:57:18",
      "request-id": "83cdcf83-c47b-425c-a26e-89f043ae4bbb",
      "client-request-id": "83cdcf83-c47b-425c-a26e-89f043ae4bbb"
    }
  }
}
[2025-04-09 08:57:18] [WARNING] ユーザー cim-master01@mirai-const.co.jp のOneDriveクォータ情報を取得できませんでした: 
{
  "error": {
    "code": "ResourceNotFound",
    "message": "User\u0027s mysite not found.",
    "innerError": {
      "date": "2025-04-08T23:57:18",
      "request-id": "4271bf8b-ec54-4efb-ad6a-8368c51721f1",
      "client-request-id": "4271bf8b-ec54-4efb-ad6a-8368c51721f1"
    }
  }
}
[2025-04-09 08:57:18] [WARNING] ユーザー cim-master02@mirai-const.co.jp のOneDriveクォータ情報を取得できませんでした: 
{
  "error": {
    "code": "ResourceNotFound",
    "message": "User\u0027s mysite not found.",
    "innerError": {
      "date": "2025-04-08T23:57:18",
      "request-id": "05479331-e5fb-42bc-bb33-12493cacf45b",
      "client-request-id": "05479331-e5fb-42bc-bb33-12493cacf45b"
    }
  }
}
[2025-04-09 08:57:18] [WARNING] ユーザー cim-master03@mirai-const.co.jp のOneDriveクォータ情報を取得できませんでした: 
{
  "error": {
    "code": "ResourceNotFound",
    "message": "User\u0027s mysite not found.",
    "innerError": {
      "date": "2025-04-08T23:57:18",
      "request-id": "3df8f463-f0ed-49e1-afa2-1220020b7936",
      "client-request-id": "3df8f463-f0ed-49e1-afa2-1220020b7936"
    }
  }
}
[2025-04-09 08:57:19] [WARNING] ユーザー cim-master04@mirai-const.co.jp のOneDriveクォータ情報を取得できませんでした: 
{
  "error": {
    "code": "ResourceNotFound",
    "message": "User\u0027s mysite not found.",
    "innerError": {
      "date": "2025-04-08T23:57:19",
      "request-id": "faab7fde-2c47-44c2-b4bd-5b0d313afe7c",
      "client-request-id": "faab7fde-2c47-44c2-b4bd-5b0d313afe7c"
    }
  }
}
[2025-04-09 08:57:19] [WARNING] ユーザー cim-master05@mirai-const.co.jp のOneDriveクォータ情報を取得できませんでした: 
{
  "error": {
    "code": "ResourceNotFound",
    "message": "User\u0027s mysite not found.",
    "innerError": {
      "date": "2025-04-08T23:57:19",
      "request-id": "40bca8cb-5f1a-4876-86f4-dfca4761acbe",
      "client-request-id": "40bca8cb-5f1a-4876-86f4-dfca4761acbe"
    }
  }
}
[2025-04-09 08:57:19] [WARNING] ユーザー cim-master06@mirai-const.co.jp のOneDriveクォータ情報を取得できませんでした: 
{
  "error": {
    "code": "ResourceNotFound",
    "message": "User\u0027s mysite not found.",
    "innerError": {
      "date": "2025-04-08T23:57:19",
      "request-id": "02243be1-c1a3-486c-92df-cb0ac2f2a3ed",
      "client-request-id": "02243be1-c1a3-486c-92df-cb0ac2f2a3ed"
    }
  }
}
[2025-04-09 08:57:19] [WARNING] ユーザー cim-master07@mirai-const.co.jp のOneDriveクォータ情報を取得できませんでした: 
{
  "error": {
    "code": "ResourceNotFound",
    "message": "User\u0027s mysite not found.",
    "innerError": {
      "date": "2025-04-08T23:57:19",
      "request-id": "67e16f8b-93c2-43f3-ab6b-fcdfb79b49a4",
      "client-request-id": "67e16f8b-93c2-43f3-ab6b-fcdfb79b49a4"
    }
  }
}
[2025-04-09 08:57:19] [WARNING] ユーザー cim-master08@mirai-const.co.jp のOneDriveクォータ情報を取得できませんでした: 
{
  "error": {
    "code": "ResourceNotFound",
    "message": "User\u0027s mysite not found.",
    "innerError": {
      "date": "2025-04-08T23:57:19",
      "request-id": "3f2478ed-2cb9-4d2c-9e59-d4c1c644ce05",
      "client-request-id": "3f2478ed-2cb9-4d2c-9e59-d4c1c644ce05"
    }
  }
}
[2025-04-09 08:57:19] [WARNING] ユーザー cim-master09@mirai-const.co.jp のOneDriveクォータ情報を取得できませんでした: 
{
  "error": {
    "code": "ResourceNotFound",
    "message": "User\u0027s mysite not found.",
    "innerError": {
      "date": "2025-04-08T23:57:19",
      "request-id": "a994dd83-e2ef-4f41-aac7-7c33fa36bed2",
      "client-request-id": "a994dd83-e2ef-4f41-aac7-7c33fa36bed2"
    }
  }
}
[2025-04-09 08:57:20] [WARNING] ユーザー cim-master10@mirai-const.co.jp のOneDriveクォータ情報を取得できませんでした: 
{
  "error": {
    "code": "ResourceNotFound",
    "message": "User\u0027s mysite not found.",
    "innerError": {
      "date": "2025-04-08T23:57:20",
      "request-id": "50af4b02-cd26-4db4-87d6-c6a0e5f590b9",
      "client-request-id": "50af4b02-cd26-4db4-87d6-c6a0e5f590b9"
    }
  }
}
[2025-04-09 08:57:20] [WARNING] ユーザー cim-master11@mirai-const.co.jp のOneDriveクォータ情報を取得できませんでした: 
{
  "error": {
    "code": "ResourceNotFound",
    "message": "User\u0027s mysite not found.",
    "innerError": {
      "date": "2025-04-08T23:57:20",
      "request-id": "d9a7da98-560d-4588-97c6-d7c974e57304",
      "client-request-id": "d9a7da98-560d-4588-97c6-d7c974e57304"
    }
  }
}
[2025-04-09 08:57:20] [WARNING] ユーザー cim-master12@mirai-const.co.jp のOneDriveクォータ情報を取得できませんでした: 
{
  "error": {
    "code": "ResourceNotFound",
    "message": "User\u0027s mysite not found.",
    "innerError": {
      "date": "2025-04-08T23:57:20",
      "request-id": "b0bf7f72-fb1f-4673-af09-476227f254cc",
      "client-request-id": "b0bf7f72-fb1f-4673-af09-476227f254cc"
    }
  }
}
[2025-04-09 08:57:20] [WARNING] ユーザー cim-master13@mirai-const.co.jp のOneDriveクォータ情報を取得できませんでした: 
{
  "error": {
    "code": "ResourceNotFound",
    "message": "User\u0027s mysite not found.",
    "innerError": {
      "date": "2025-04-08T23:57:20",
      "request-id": "4e72a086-ba7c-4077-bbe5-48af59e1a64d",
      "client-request-id": "4e72a086-ba7c-4077-bbe5-48af59e1a64d"
    }
  }
}
[2025-04-09 08:57:20] [WARNING] ユーザー cim-master14@mirai-const.co.jp のOneDriveクォータ情報を取得できませんでした: 
{
  "error": {
    "code": "ResourceNotFound",
    "message": "User\u0027s mysite not found.",
    "innerError": {
      "date": "2025-04-08T23:57:20",
      "request-id": "d424689c-bc89-4cdf-a76e-d28c059b7690",
      "client-request-id": "d424689c-bc89-4cdf-a76e-d28c059b7690"
    }
  }
}
[2025-04-09 08:57:21] [WARNING] ユーザー cim-master15@mirai-const.co.jp のOneDriveクォータ情報を取得できませんでした: 
{
  "error": {
    "code": "ResourceNotFound",
    "message": "User\u0027s mysite not found.",
    "innerError": {
      "date": "2025-04-08T23:57:21",
      "request-id": "79cdc206-2a1c-4ae7-837e-6fcba98f93ab",
      "client-request-id": "79cdc206-2a1c-4ae7-837e-6fcba98f93ab"
    }
  }
}
[2025-04-09 08:57:21] [WARNING] ユーザー cim-master16@mirai-const.co.jp のOneDriveクォータ情報を取得できませんでした: 
{
  "error": {
    "code": "ResourceNotFound",
    "message": "User\u0027s mysite not found.",
    "innerError": {
      "date": "2025-04-08T23:57:21",
      "request-id": "cc4da97f-ceff-4fff-a835-75d157759225",
      "client-request-id": "cc4da97f-ceff-4fff-a835-75d157759225"
    }
  }
}
[2025-04-09 08:57:21] [WARNING] ユーザー compliance-hotline@miraiconst.onmicrosoft.com のOneDriveクォータ情報を取得できませんでした: 
{
  "error": {
    "code": "ResourceNotFound",
    "message": "User\u0027s mysite not found.",
    "innerError": {
      "date": "2025-04-08T23:57:21",
      "request-id": "f5a4b3a0-9aad-403b-93c0-82ec1f391905",
      "client-request-id": "f5a4b3a0-9aad-403b-93c0-82ec1f391905"
    }
  }
}
[2025-04-09 08:57:21] [WARNING] ユーザー direct@mirai-const.co.jp のOneDriveクォータ情報を取得できませんでした: 
{
  "error": {
    "code": "ResourceNotFound",
    "message": "User\u0027s mysite not found.",
    "innerError": {
      "date": "2025-04-08T23:57:21",
      "request-id": "8680fe0c-3f79-4431-951b-07b18dc12e37",
      "client-request-id": "8680fe0c-3f79-4431-951b-07b18dc12e37"
    }
  }
}
[2025-04-09 08:57:21] [WARNING] ユーザー e-watanabe@miraiconst.onmicrosoft.com のOneDriveクォータ情報を取得できませんでした: 
{
  "error": {
    "code": "ResourceNotFound",
    "message": "User\u0027s mysite not found.",
    "innerError": {
      "date": "2025-04-08T23:57:21",
      "request-id": "d3f833f5-19c2-4443-a317-475b59bb89bc",
      "client-request-id": "d3f833f5-19c2-4443-a317-475b59bb89bc"
    }
  }
}
[2025-04-09 08:57:22] [WARNING] ユーザー et-satoh@mirai-const.co.jp のOneDriveクォータ情報を取得できませんでした: 
{
  "error": {
    "code": "ResourceNotFound",
    "message": "User\u0027s mysite not found.",
    "innerError": {
      "date": "2025-04-08T23:57:22",
      "request-id": "0150f23f-be2e-4f72-ab18-5356c9e96a80",
      "client-request-id": "0150f23f-be2e-4f72-ab18-5356c9e96a80"
    }
  }
}
[2025-04-09 08:57:23] [WARNING] ユーザー forti-admin@mirai-const.co.jp のOneDriveクォータ情報を取得できませんでした: 
{
  "error": {
    "code": "ResourceNotFound",
    "message": "User\u0027s mysite not found.",
    "innerError": {
      "date": "2025-04-08T23:57:23",
      "request-id": "16c0066a-eb02-47d8-9943-bfea86703675",
      "client-request-id": "16c0066a-eb02-47d8-9943-bfea86703675"
    }
  }
}
[2025-04-09 08:57:30] [WARNING] ユーザー h-satake@mirai-const.co.jp のOneDriveクォータ情報を取得できませんでした: 
{
  "error": {
    "code": "ResourceNotFound",
    "message": "User\u0027s mysite not found.",
    "innerError": {
      "date": "2025-04-08T23:57:30",
      "request-id": "34072138-7444-413a-af52-090abf985591",
      "client-request-id": "34072138-7444-413a-af52-090abf985591"
    }
  }
}
[2025-04-09 08:57:33] [WARNING] ユーザー h_kawamura_cdit.or.jp#EXT#@miraiconst.onmicrosoft.com のOneDriveクォータ情報を取得できませんでした: 
{
  "error": {
    "code": "ResourceNotFound",
    "message": "User\u0027s mysite not found.",
    "innerError": {
      "date": "2025-04-08T23:57:33",
      "request-id": "c0931f73-2e31-456c-96bf-a394d1b2d9fb",
      "client-request-id": "c0931f73-2e31-456c-96bf-a394d1b2d9fb"
    }
  }
}
[2025-04-09 08:57:33] [WARNING] ユーザー haruka.ishigaki_aaconst.onmicrosoft.com#EXT#@miraiconst.onmicrosoft.com のOneDriveクォータ情報を取得できませんでした: 
{
  "error": {
    "code": "ResourceNotFound",
    "message": "User\u0027s mysite not found.",
    "innerError": {
      "date": "2025-04-08T23:57:33",
      "request-id": "1db06d18-619a-4c55-9473-8ebf32561f17",
      "client-request-id": "1db06d18-619a-4c55-9473-8ebf32561f17"
    }
  }
}
[2025-04-09 08:57:33] [WARNING] ユーザー henngetest@mirai-const.co.jp のOneDriveクォータ情報を取得できませんでした: 
{
  "error": {
    "code": "ResourceNotFound",
    "message": "User\u0027s mysite not found.",
    "innerError": {
      "date": "2025-04-08T23:57:33",
      "request-id": "04fb4708-f007-4c57-b9a0-83063c4f5bfc",
      "client-request-id": "04fb4708-f007-4c57-b9a0-83063c4f5bfc"
    }
  }
}
[2025-04-09 08:57:36] [WARNING] ユーザー hideyuki.nomura_halekulaniokinawa.com#EXT#@miraiconst.onmicrosoft.com のOneDriveクォータ情報を取得できませんでした: 
{
  "error": {
    "code": "ResourceNotFound",
    "message": "User\u0027s mysite not found.",
    "innerError": {
      "date": "2025-04-08T23:57:36",
      "request-id": "d2af2ed0-6947-43e5-9406-d7ed8a89211b",
      "client-request-id": "d2af2ed0-6947-43e5-9406-d7ed8a89211b"
    }
  }
}
[2025-04-09 08:57:37] [WARNING] ユーザー hokkaido-rakuraku@mirai-const.co.jp のOneDriveクォータ情報を取得できませんでした: 
{
  "error": {
    "code": "ResourceNotFound",
    "message": "User\u0027s mysite not found.",
    "innerError": {
      "date": "2025-04-08T23:57:37",
      "request-id": "952c8fd5-6350-4981-934f-74d40f7767e4",
      "client-request-id": "952c8fd5-6350-4981-934f-74d40f7767e4"
    }
  }
}
[2025-04-09 08:57:37] [WARNING] ユーザー hokkaido@miraiconst.onmicrosoft.com のOneDriveクォータ情報を取得できませんでした: 
{
  "error": {
    "code": "ResourceNotFound",
    "message": "User\u0027s mysite not found.",
    "innerError": {
      "date": "2025-04-08T23:57:37",
      "request-id": "18caca4d-2876-45e3-a76f-2a5b16982731",
      "client-request-id": "18caca4d-2876-45e3-a76f-2a5b16982731"
    }
  }
}
[2025-04-09 08:57:37] [WARNING] ユーザー hokuriku-rakuraku@mirai-const.co.jp のOneDriveクォータ情報を取得できませんでした: 
{
  "error": {
    "code": "ResourceNotFound",
    "message": "User\u0027s mysite not found.",
    "innerError": {
      "date": "2025-04-08T23:57:37",
      "request-id": "7d591e31-8252-4a7b-9111-6234908d4a95",
      "client-request-id": "7d591e31-8252-4a7b-9111-6234908d4a95"
    }
  }
}
[2025-04-09 08:57:37] [WARNING] ユーザー honsya2-1@miraiconst.onmicrosoft.com のOneDriveクォータ情報を取得できませんでした: 
{
  "error": {
    "code": "ResourceNotFound",
    "message": "User\u0027s mysite not found.",
    "innerError": {
      "date": "2025-04-08T23:57:37",
      "request-id": "f7ce129b-8f6d-4ad6-85fd-f990770c1dec",
      "client-request-id": "f7ce129b-8f6d-4ad6-85fd-f990770c1dec"
    }
  }
}
[2025-04-09 08:57:38] [WARNING] ユーザー honsya2-2@miraiconst.onmicrosoft.com のOneDriveクォータ情報を取得できませんでした: 
{
  "error": {
    "code": "ResourceNotFound",
    "message": "User\u0027s mysite not found.",
    "innerError": {
      "date": "2025-04-08T23:57:38",
      "request-id": "d97649f0-54a8-4c77-bb9f-87fada34428b",
      "client-request-id": "d97649f0-54a8-4c77-bb9f-87fada34428b"
    }
  }
}
[2025-04-09 08:57:38] [WARNING] ユーザー hp-kanri@miraiconst.onmicrosoft.com のOneDriveクォータ情報を取得できませんでした: 
{
  "error": {
    "code": "ResourceNotFound",
    "message": "User\u0027s mysite not found.",
    "innerError": {
      "date": "2025-04-08T23:57:38",
      "request-id": "41bb5f1a-f9c4-4fe4-8c3d-8aec3be7b528",
      "client-request-id": "41bb5f1a-f9c4-4fe4-8c3d-8aec3be7b528"
    }
  }
}
[2025-04-09 08:57:38] [WARNING] ユーザー i-komada@mirai-const.co.jp のOneDriveクォータ情報を取得できませんでした: 
{
  "error": {
    "code": "ResourceNotFound",
    "message": "User\u0027s mysite not found.",
    "innerError": {
      "date": "2025-04-08T23:57:38",
      "request-id": "aeb99f75-5d92-43df-889b-0717ab24cbe7",
      "client-request-id": "aeb99f75-5d92-43df-889b-0717ab24cbe7"
    }
  }
}
[2025-04-09 08:57:38] [WARNING] ユーザー ibaraki-rakuraku@mirai-const.co.jp のOneDriveクォータ情報を取得できませんでした: 
{
  "error": {
    "code": "ResourceNotFound",
    "message": "User\u0027s mysite not found.",
    "innerError": {
      "date": "2025-04-08T23:57:38",
      "request-id": "29e4bcb9-a454-4d62-91e5-9ca0e7569e63",
      "client-request-id": "29e4bcb9-a454-4d62-91e5-9ca0e7569e63"
    }
  }
}
[2025-04-09 08:57:39] [WARNING] ユーザー ito_mainmark.co.jp#EXT#@miraiconst.onmicrosoft.com のOneDriveクォータ情報を取得できませんでした: 
{
  "error": {
    "code": "ResourceNotFound",
    "message": "User\u0027s mysite not found.",
    "innerError": {
      "date": "2025-04-08T23:57:39",
      "request-id": "ff6b215d-618a-49e0-9bba-ad448e87a032",
      "client-request-id": "ff6b215d-618a-49e0-9bba-ad448e87a032"
    }
  }
}
[2025-04-09 08:57:40] [WARNING] ユーザー jinji-saiyou@mirai-const.co.jp のOneDriveクォータ情報を取得できませんでした: 
{
  "error": {
    "code": "ResourceNotFound",
    "message": "User\u0027s mysite not found.",
    "innerError": {
      "date": "2025-04-08T23:57:40",
      "request-id": "e853b613-ffd7-47f4-8154-7d77ce80d637",
      "client-request-id": "e853b613-ffd7-47f4-8154-7d77ce80d637"
    }
  }
}
[2025-04-09 08:57:41] [WARNING] ユーザー k-hirabayashi@mirai-const.co.jp のOneDriveクォータ情報を取得できませんでした: 
{
  "error": {
    "code": "ResourceNotFound",
    "message": "User\u0027s mysite not found.",
    "innerError": {
      "date": "2025-04-08T23:57:41",
      "request-id": "9907d6d3-07cf-4802-8900-8f8c4f03b66c",
      "client-request-id": "9907d6d3-07cf-4802-8900-8f8c4f03b66c"
    }
  }
}
[2025-04-09 08:57:48] [WARNING] ユーザー k-obara@mirai-const.co.jp のOneDriveクォータ情報を取得できませんでした: 
{
  "error": {
    "code": "ResourceNotFound",
    "message": "User\u0027s mysite not found.",
    "innerError": {
      "date": "2025-04-08T23:57:48",
      "request-id": "3f3d5620-8e80-47cf-8d09-efbb0cfd8c11",
      "client-request-id": "3f3d5620-8e80-47cf-8d09-efbb0cfd8c11"
    }
  }
}
[2025-04-09 08:57:50] [WARNING] ユーザー k-sugimoto@miraiconst.onmicrosoft.com のOneDriveクォータ情報を取得できませんでした: 
{
  "error": {
    "code": "ResourceNotFound",
    "message": "User\u0027s mysite not found.",
    "innerError": {
      "date": "2025-04-08T23:57:50",
      "request-id": "c9d8e28b-4628-4390-a9e0-d18b77961451",
      "client-request-id": "c9d8e28b-4628-4390-a9e0-d18b77961451"
    }
  }
}
[2025-04-09 08:57:55] [WARNING] ユーザー kaikei-support@mirai-const.co.jp のOneDriveクォータ情報を取得できませんでした: 
{
  "error": {
    "code": "ResourceNotFound",
    "message": "User\u0027s mysite not found.",
    "innerError": {
      "date": "2025-04-08T23:57:55",
      "request-id": "3d13c7f1-cc3d-4481-86e6-7a14adf919d1",
      "client-request-id": "3d13c7f1-cc3d-4481-86e6-7a14adf919d1"
    }
  }
}
[2025-04-09 08:57:55] [WARNING] ユーザー kanri-kyushu@mirai-const.co.jp のOneDriveクォータ情報を取得できませんでした: 
{
  "error": {
    "code": "ResourceNotFound",
    "message": "User\u0027s mysite not found.",
    "innerError": {
      "date": "2025-04-08T23:57:55",
      "request-id": "ef1de141-f68e-406e-a3ab-089d8b20ac88",
      "client-request-id": "ef1de141-f68e-406e-a3ab-089d8b20ac88"
    }
  }
}
[2025-04-09 08:57:55] [WARNING] ユーザー kanri-oosaka@mirai-const.co.jp のOneDriveクォータ情報を取得できませんでした: 
{
  "error": {
    "code": "ResourceNotFound",
    "message": "User\u0027s mysite not found.",
    "innerError": {
      "date": "2025-04-08T23:57:55",
      "request-id": "6e083c52-e0bd-4e9a-b585-e7baec5d2085",
      "client-request-id": "6e083c52-e0bd-4e9a-b585-e7baec5d2085"
    }
  }
}
[2025-04-09 08:57:55] [WARNING] ユーザー kanri-tokyo@mirai-const.co.jp のOneDriveクォータ情報を取得できませんでした: 
{
  "error": {
    "code": "ResourceNotFound",
    "message": "User\u0027s mysite not found.",
    "innerError": {
      "date": "2025-04-08T23:57:55",
      "request-id": "e3e612d7-9161-49e0-9c3d-6eaa4b686a18",
      "client-request-id": "e3e612d7-9161-49e0-9c3d-6eaa4b686a18"
    }
  }
}
[2025-04-09 08:57:55] [WARNING] ユーザー keieikikaku@miraiconst.onmicrosoft.com のOneDriveクォータ情報を取得できませんでした: 
{
  "error": {
    "code": "ResourceNotFound",
    "message": "User\u0027s mysite not found.",
    "innerError": {
      "date": "2025-04-08T23:57:55",
      "request-id": "ecc13875-b5d4-405a-bff9-fc48fb55506d",
      "client-request-id": "ecc13875-b5d4-405a-bff9-fc48fb55506d"
    }
  }
}
[2025-04-09 08:57:55] [WARNING] ユーザー ki-fujita_mitsuifudosan.co.jp#EXT#@miraiconst.onmicrosoft.com のOneDriveクォータ情報を取得できませんでした: 
{
  "error": {
    "code": "ResourceNotFound",
    "message": "User\u0027s mysite not found.",
    "innerError": {
      "date": "2025-04-08T23:57:55",
      "request-id": "2d2cd466-8504-4125-9108-75123e75ce19",
      "client-request-id": "2d2cd466-8504-4125-9108-75123e75ce19"
    }
  }
}
[2025-04-09 08:57:56] [WARNING] ユーザー kita-kyushu@miraiconst.onmicrosoft.com のOneDriveクォータ情報を取得できませんでした: 
{
  "error": {
    "code": "ResourceNotFound",
    "message": "User\u0027s mysite not found.",
    "innerError": {
      "date": "2025-04-08T23:57:56",
      "request-id": "e295c9be-b41d-45d9-ab5a-fa11ba4b903b",
      "client-request-id": "e295c9be-b41d-45d9-ab5a-fa11ba4b903b"
    }
  }
}
[2025-04-09 08:57:56] [WARNING] ユーザー kitakyushu-rakuraku@mirai-const.co.jp のOneDriveクォータ情報を取得できませんでした: 
{
  "error": {
    "code": "ResourceNotFound",
    "message": "User\u0027s mysite not found.",
    "innerError": {
      "date": "2025-04-08T23:57:56",
      "request-id": "b494395c-aac5-407f-ab28-895ef914468c",
      "client-request-id": "b494395c-aac5-407f-ab28-895ef914468c"
    }
  }
}
[2025-04-09 08:57:56] [WARNING] ユーザー kyushu-rakuraku@mirai-const.co.jp のOneDriveクォータ情報を取得できませんでした: 
{
  "error": {
    "code": "ResourceNotFound",
    "message": "User\u0027s mysite not found.",
    "innerError": {
      "date": "2025-04-08T23:57:56",
      "request-id": "1fef90b8-3d3c-4a8a-8fc6-add705377390",
      "client-request-id": "1fef90b8-3d3c-4a8a-8fc6-add705377390"
    }
  }
}
[2025-04-09 08:57:56] [WARNING] ユーザー m-ariake@miraiconst.onmicrosoft.com のOneDriveクォータ情報を取得できませんでした: 
{
  "error": {
    "code": "ResourceNotFound",
    "message": "User\u0027s mysite not found.",
    "innerError": {
      "date": "2025-04-08T23:57:56",
      "request-id": "90c4627c-558c-4e38-ad69-89df053d2118",
      "client-request-id": "90c4627c-558c-4e38-ad69-89df053d2118"
    }
  }
}
[2025-04-09 08:57:57] [WARNING] ユーザー m-chugoku@miraiconst.onmicrosoft.com のOneDriveクォータ情報を取得できませんでした: 
{
  "error": {
    "code": "ResourceNotFound",
    "message": "User\u0027s mysite not found.",
    "innerError": {
      "date": "2025-04-08T23:57:57",
      "request-id": "ef937d79-2147-4985-9198-4d4b0b8db535",
      "client-request-id": "ef937d79-2147-4985-9198-4d4b0b8db535"
    }
  }
}
[2025-04-09 08:57:59] [WARNING] ユーザー m-info@miraiconst.onmicrosoft.com のOneDriveクォータ情報を取得できませんでした: 
{
  "error": {
    "code": "ResourceNotFound",
    "message": "User\u0027s mysite not found.",
    "innerError": {
      "date": "2025-04-08T23:57:59",
      "request-id": "66098328-660e-4bae-a24b-b640ad862680",
      "client-request-id": "66098328-660e-4bae-a24b-b640ad862680"
    }
  }
}
[2025-04-09 08:58:01] [WARNING] ユーザー m-maruta@mirai-const.co.jp のOneDriveクォータ情報を取得できませんでした: 
{
  "error": {
    "code": "ResourceNotFound",
    "message": "User\u0027s mysite not found.",
    "innerError": {
      "date": "2025-04-08T23:58:01",
      "request-id": "1e9d1955-cfbe-4d7b-a3ff-e1b1523dc78b",
      "client-request-id": "1e9d1955-cfbe-4d7b-a3ff-e1b1523dc78b"
    }
  }
}
[2025-04-09 08:58:05] [WARNING] ユーザー m-suzuki@mirai-const.co.jp のOneDriveクォータ情報を取得できませんでした: 
{
  "error": {
    "code": "ResourceNotFound",
    "message": "User\u0027s mysite not found.",
    "innerError": {
      "date": "2025-04-08T23:58:05",
      "request-id": "4c83eb0b-2e26-4c7a-8230-0b9febdf23f3",
      "client-request-id": "4c83eb0b-2e26-4c7a-8230-0b9febdf23f3"
    }
  }
}
[2025-04-09 08:58:06] [WARNING] ユーザー m-ushikubo@mirai-const.co.jp のOneDriveクォータ情報を取得できませんでした: 
{
  "error": {
    "code": "ResourceNotFound",
    "message": "User\u0027s mysite not found.",
    "innerError": {
      "date": "2025-04-08T23:58:06",
      "request-id": "3a7add96-735a-4aaf-a9aa-d3ea52bfaad9",
      "client-request-id": "3a7add96-735a-4aaf-a9aa-d3ea52bfaad9"
    }
  }
}
[2025-04-09 08:58:09] [WARNING] ユーザー mail-info@miraiconst.onmicrosoft.com のOneDriveクォータ情報を取得できませんでした: 
{
  "error": {
    "code": "ResourceNotFound",
    "message": "User\u0027s mysite not found.",
    "innerError": {
      "date": "2025-04-08T23:58:09",
      "request-id": "06fcc89a-4dd8-4db2-be47-da1fb3330cbb",
      "client-request-id": "06fcc89a-4dd8-4db2-be47-da1fb3330cbb"
    }
  }
}
[2025-04-09 08:58:09] [WARNING] ユーザー mf-jigyoukikaku@miraiconst.onmicrosoft.com のOneDriveクォータ情報を取得できませんでした: 
{
  "error": {
    "code": "ResourceNotFound",
    "message": "User\u0027s mysite not found.",
    "innerError": {
      "date": "2025-04-08T23:58:09",
      "request-id": "08195a28-2e74-4a01-8309-3532b7707fce",
      "client-request-id": "08195a28-2e74-4a01-8309-3532b7707fce"
    }
  }
}
[2025-04-09 08:58:10] [WARNING] ユーザー mirai-edr@miraiconst.onmicrosoft.com のOneDriveクォータ情報を取得できませんでした: 
{
  "error": {
    "code": "ResourceNotFound",
    "message": "User\u0027s mysite not found.",
    "innerError": {
      "date": "2025-04-08T23:58:10",
      "request-id": "54cac219-2122-440c-919c-d243a0e5744a",
      "client-request-id": "54cac219-2122-440c-919c-d243a0e5744a"
    }
  }
}
[2025-04-09 08:58:10] [WARNING] ユーザー mirai-sns@miraiconst.onmicrosoft.com のOneDriveクォータ情報を取得できませんでした: 
{
  "error": {
    "code": "ResourceNotFound",
    "message": "User\u0027s mysite not found.",
    "innerError": {
      "date": "2025-04-08T23:58:10",
      "request-id": "3f35f59d-f519-4cdd-9d4c-c69b7dd90cf2",
      "client-request-id": "3f35f59d-f519-4cdd-9d4c-c69b7dd90cf2"
    }
  }
}
[2025-04-09 08:58:10] [WARNING] ユーザー mirai-zoom@miraiconst.onmicrosoft.com のOneDriveクォータ情報を取得できませんでした: 
{
  "error": {
    "code": "ResourceNotFound",
    "message": "User\u0027s mysite not found.",
    "innerError": {
      "date": "2025-04-08T23:58:10",
      "request-id": "4cb978dd-c762-48da-b830-2758e6e4c089",
      "client-request-id": "4cb978dd-c762-48da-b830-2758e6e4c089"
    }
  }
}
[2025-04-09 08:58:10] [WARNING] ユーザー mk-engagement@miraiconst.onmicrosoft.com のOneDriveクォータ情報を取得できませんでした: 
{
  "error": {
    "code": "ResourceNotFound",
    "message": "User\u0027s mysite not found.",
    "innerError": {
      "date": "2025-04-08T23:58:10",
      "request-id": "c142eaa3-184a-4ce1-bbcc-ae60f747c7f5",
      "client-request-id": "c142eaa3-184a-4ce1-bbcc-ae60f747c7f5"
    }
  }
}
[2025-04-09 08:58:11] [WARNING] ユーザー mksystem-alert@miraiconst.onmicrosoft.com のOneDriveクォータ情報を取得できませんでした: 
{
  "error": {
    "code": "ResourceNotFound",
    "message": "User\u0027s mysite not found.",
    "innerError": {
      "date": "2025-04-08T23:58:11",
      "request-id": "ec3a0fdb-6bd5-4800-85de-7146d72d8af6",
      "client-request-id": "ec3a0fdb-6bd5-4800-85de-7146d72d8af6"
    }
  }
}
[2025-04-09 08:58:15] [WARNING] ユーザー na-kadokawa_apptec.co.jp#EXT#@miraiconst.onmicrosoft.com のOneDriveクォータ情報を取得できませんでした: 
{
  "error": {
    "code": "ResourceNotFound",
    "message": "User\u0027s mysite not found.",
    "innerError": {
      "date": "2025-04-08T23:58:15",
      "request-id": "d7261b60-a564-481b-b5ce-93fcee42bb6a",
      "client-request-id": "d7261b60-a564-481b-b5ce-93fcee42bb6a"
    }
  }
}
[2025-04-09 08:58:15] [WARNING] ユーザー netis@miraiconst.onmicrosoft.com のOneDriveクォータ情報を取得できませんでした: 
{
  "error": {
    "code": "ResourceNotFound",
    "message": "User\u0027s mysite not found.",
    "innerError": {
      "date": "2025-04-08T23:58:15",
      "request-id": "60828d9b-4cc8-4d2f-abff-e9afb1ae9cbc",
      "client-request-id": "60828d9b-4cc8-4d2f-abff-e9afb1ae9cbc"
    }
  }
}
[2025-04-09 08:58:16] [WARNING] ユーザー noto-rakuraku@mirai-const.co.jp のOneDriveクォータ情報を取得できませんでした: 
{
  "error": {
    "code": "ResourceNotFound",
    "message": "User\u0027s mysite not found.",
    "innerError": {
      "date": "2025-04-08T23:58:16",
      "request-id": "20d31130-47ab-4151-8a40-4caecdfe9f91",
      "client-request-id": "20d31130-47ab-4151-8a40-4caecdfe9f91"
    }
  }
}
[2025-04-09 08:58:17] [WARNING] ユーザー okinawa-rakuraku@mirai-const.co.jp のOneDriveクォータ情報を取得できませんでした: 
{
  "error": {
    "code": "ResourceNotFound",
    "message": "User\u0027s mysite not found.",
    "innerError": {
      "date": "2025-04-08T23:58:17",
      "request-id": "6dbd5a4e-d319-499b-b7b4-9217878ee626",
      "client-request-id": "6dbd5a4e-d319-499b-b7b4-9217878ee626"
    }
  }
}
[2025-04-09 08:58:17] [WARNING] ユーザー okinawa@miraiconst.onmicrosoft.com のOneDriveクォータ情報を取得できませんでした: 
{
  "error": {
    "code": "ResourceNotFound",
    "message": "User\u0027s mysite not found.",
    "innerError": {
      "date": "2025-04-08T23:58:17",
      "request-id": "d9828519-32d3-46cc-a00d-ac5ccccf3e36",
      "client-request-id": "d9828519-32d3-46cc-a00d-ac5ccccf3e36"
    }
  }
}
[2025-04-09 08:58:17] [WARNING] ユーザー osaka-rakuraku@mirai-const.co.jp のOneDriveクォータ情報を取得できませんでした: 
{
  "error": {
    "code": "ResourceNotFound",
    "message": "User\u0027s mysite not found.",
    "innerError": {
      "date": "2025-04-08T23:58:17",
      "request-id": "20d52c50-efc2-4cf8-bd9d-5f47664c636b",
      "client-request-id": "20d52c50-efc2-4cf8-bd9d-5f47664c636b"
    }
  }
}
[2025-04-09 08:58:18] [WARNING] ユーザー r-futenma@mirai-const.co.jp のOneDriveクォータ情報を取得できませんでした: 
{
  "error": {
    "code": "ResourceNotFound",
    "message": "User\u0027s mysite not found.",
    "innerError": {
      "date": "2025-04-08T23:58:18",
      "request-id": "dd09a6e3-511b-45ff-b2fc-479ccd3cdc5c",
      "client-request-id": "dd09a6e3-511b-45ff-b2fc-479ccd3cdc5c"
    }
  }
}
[2025-04-09 08:58:33] [WARNING] ユーザー S.Nagano_otsuka-shokai.co.jp#EXT#@miraiconst.onmicrosoft.com のOneDriveクォータ情報を取得できませんでした: 
{
  "error": {
    "code": "ResourceNotFound",
    "message": "User\u0027s mysite not found.",
    "innerError": {
      "date": "2025-04-08T23:58:33",
      "request-id": "5e8e1d01-b0e1-4823-9532-7b0f9e474496",
      "client-request-id": "5e8e1d01-b0e1-4823-9532-7b0f9e474496"
    }
  }
}
[2025-04-09 08:58:34] [WARNING] ユーザー sh-ishihara-old@miraiconst.onmicrosoft.com のOneDriveクォータ情報を取得できませんでした: 
{
  "error": {
    "code": "ResourceNotFound",
    "message": "User\u0027s mysite not found.",
    "innerError": {
      "date": "2025-04-08T23:58:34",
      "request-id": "b9bf8823-e2b2-43f7-93a4-b3b11f5a5d48",
      "client-request-id": "b9bf8823-e2b2-43f7-93a4-b3b11f5a5d48"
    }
  }
}
[2025-04-09 08:58:35] [WARNING] ユーザー share@mirai-const.co.jp のOneDriveクォータ情報を取得できませんでした: 
{
  "error": {
    "code": "ResourceNotFound",
    "message": "User\u0027s mysite not found.",
    "innerError": {
      "date": "2025-04-08T23:58:35",
      "request-id": "61183aa9-182a-40d8-8693-c24544cb2807",
      "client-request-id": "61183aa9-182a-40d8-8693-c24544cb2807"
    }
  }
}
[2025-04-09 08:58:36] [WARNING] ユーザー shikoku-rakuraku@mirai-const.co.jp のOneDriveクォータ情報を取得できませんでした: 
{
  "error": {
    "code": "ResourceNotFound",
    "message": "User\u0027s mysite not found.",
    "innerError": {
      "date": "2025-04-08T23:58:36",
      "request-id": "b4f92ce7-1d95-41ea-ae63-ebca11128f0d",
      "client-request-id": "b4f92ce7-1d95-41ea-ae63-ebca11128f0d"
    }
  }
}
[2025-04-09 08:58:36] [WARNING] ユーザー shizuoka-rakuraku@mirai-const.co.jp のOneDriveクォータ情報を取得できませんでした: 
{
  "error": {
    "code": "ResourceNotFound",
    "message": "User\u0027s mysite not found.",
    "innerError": {
      "date": "2025-04-08T23:58:36",
      "request-id": "21e28040-9534-4523-a400-ddcd087b55ba",
      "client-request-id": "21e28040-9534-4523-a400-ddcd087b55ba"
    }
  }
}
[2025-04-09 08:58:36] [WARNING] ユーザー sketchup@miraiconst.onmicrosoft.com のOneDriveクォータ情報を取得できませんでした: 
{
  "error": {
    "code": "ResourceNotFound",
    "message": "User\u0027s mysite not found.",
    "innerError": {
      "date": "2025-04-08T23:58:36",
      "request-id": "51bac2be-6658-4d71-9271-3fa8c7a824e6",
      "client-request-id": "51bac2be-6658-4d71-9271-3fa8c7a824e6"
    }
  }
}
[2025-04-09 08:58:36] [WARNING] ユーザー soumu-payment@mirai-const.co.jp のOneDriveクォータ情報を取得できませんでした: 
{
  "error": {
    "code": "ResourceNotFound",
    "message": "User\u0027s mysite not found.",
    "innerError": {
      "date": "2025-04-08T23:58:36",
      "request-id": "40046b37-bc03-4bb1-a0bd-f994dbd1b563",
      "client-request-id": "40046b37-bc03-4bb1-a0bd-f994dbd1b563"
    }
  }
}
[2025-04-09 08:58:36] [WARNING] ユーザー Sync_AZSV0001_b63ec191406d@miraiconst.onmicrosoft.com のOneDriveクォータ情報を取得できませんでした: 
{
  "error": {
    "code": "ResourceNotFound",
    "message": "User\u0027s mysite not found.",
    "innerError": {
      "date": "2025-04-08T23:58:36",
      "request-id": "e0326fc4-8e1f-40db-9cae-0be91f06cfa1",
      "client-request-id": "e0326fc4-8e1f-40db-9cae-0be91f06cfa1"
    }
  }
}
[2025-04-09 08:58:37] [WARNING] ユーザー system-info@mirai-const.co.jp のOneDriveクォータ情報を取得できませんでした: 
{
  "error": {
    "code": "ResourceNotFound",
    "message": "User\u0027s mysite not found.",
    "innerError": {
      "date": "2025-04-08T23:58:37",
      "request-id": "ebae3477-0027-401c-93e2-f34f06d3e877",
      "client-request-id": "ebae3477-0027-401c-93e2-f34f06d3e877"
    }
  }
}
[2025-04-09 08:58:42] [WARNING] ユーザー t-kumai@miraiconst.onmicrosoft.com のOneDriveクォータ情報を取得できませんでした: 
{
  "error": {
    "code": "ResourceNotFound",
    "message": "User\u0027s mysite not found.",
    "innerError": {
      "date": "2025-04-08T23:58:42",
      "request-id": "3ce61ebc-7465-4d1b-ba0e-021008db9ae9",
      "client-request-id": "3ce61ebc-7465-4d1b-ba0e-021008db9ae9"
    }
  }
}
[2025-04-09 08:58:54] [WARNING] ユーザー takuro.kumada_aaconst.co.jp#EXT#@miraiconst.onmicrosoft.com のOneDriveクォータ情報を取得できませんでした: 
{
  "error": {
    "code": "ResourceNotFound",
    "message": "User\u0027s mysite not found.",
    "innerError": {
      "date": "2025-04-08T23:58:54",
      "request-id": "bd204a3f-f895-483b-8898-b9d1dda825a7",
      "client-request-id": "bd204a3f-f895-483b-8898-b9d1dda825a7"
    }
  }
}
[2025-04-09 08:58:55] [WARNING] ユーザー tech@miraiconst.onmicrosoft.com のOneDriveクォータ情報を取得できませんでした: 
{
  "error": {
    "code": "ResourceNotFound",
    "message": "User\u0027s mysite not found.",
    "innerError": {
      "date": "2025-04-08T23:58:55",
      "request-id": "0b73d8bd-3e7d-42ee-8828-745038838723",
      "client-request-id": "0b73d8bd-3e7d-42ee-8828-745038838723"
    }
  }
}
[2025-04-09 08:58:55] [WARNING] ユーザー tohoku-rakuraku@mirai-const.co.jp のOneDriveクォータ情報を取得できませんでした: 
{
  "error": {
    "code": "ResourceNotFound",
    "message": "User\u0027s mysite not found.",
    "innerError": {
      "date": "2025-04-08T23:58:55",
      "request-id": "8cce2f93-852e-4530-a113-be776cbfad3a",
      "client-request-id": "8cce2f93-852e-4530-a113-be776cbfad3a"
    }
  }
}
[2025-04-09 08:58:55] [WARNING] ユーザー tokyo-rakuraku@mirai-const.co.jp のOneDriveクォータ情報を取得できませんでした: 
{
  "error": {
    "code": "ResourceNotFound",
    "message": "User\u0027s mysite not found.",
    "innerError": {
      "date": "2025-04-08T23:58:55",
      "request-id": "c0b5977b-0101-4d3b-b3f9-3249602d0409",
      "client-request-id": "c0b5977b-0101-4d3b-b3f9-3249602d0409"
    }
  }
}
[2025-04-09 08:58:55] [WARNING] ユーザー tokyokoji@miraiconst.onmicrosoft.com のOneDriveクォータ情報を取得できませんでした: 
{
  "error": {
    "code": "ResourceNotFound",
    "message": "User\u0027s mysite not found.",
    "innerError": {
      "date": "2025-04-08T23:58:55",
      "request-id": "7740b497-64ce-4a86-81c4-eaf806982a9e",
      "client-request-id": "7740b497-64ce-4a86-81c4-eaf806982a9e"
    }
  }
}
[2025-04-09 08:58:55] [WARNING] ユーザー tokyokouji-rakuraku@mirai-const.co.jp のOneDriveクォータ情報を取得できませんでした: 
{
  "error": {
    "code": "ResourceNotFound",
    "message": "User\u0027s mysite not found.",
    "innerError": {
      "date": "2025-04-08T23:58:55",
      "request-id": "473bdb83-b29e-4fa0-984e-5927321e040f",
      "client-request-id": "473bdb83-b29e-4fa0-984e-5927321e040f"
    }
  }
}
[2025-04-09 08:58:56] [WARNING] ユーザー tsubokawa-y92y2_mlit.go.jp#EXT#@miraiconst.onmicrosoft.com のOneDriveクォータ情報を取得できませんでした: 
{
  "error": {
    "code": "ResourceNotFound",
    "message": "User\u0027s mysite not found.",
    "innerError": {
      "date": "2025-04-08T23:58:56",
      "request-id": "10d65363-3ebb-422f-914a-31991d271be0",
      "client-request-id": "10d65363-3ebb-422f-914a-31991d271be0"
    }
  }
}
[2025-04-09 08:58:56] [WARNING] ユーザー webadmin@miraiconst.onmicrosoft.com のOneDriveクォータ情報を取得できませんでした: 
{
  "error": {
    "code": "ResourceNotFound",
    "message": "User\u0027s mysite not found.",
    "innerError": {
      "date": "2025-04-08T23:58:56",
      "request-id": "0835dda3-3bdd-473b-81bc-5cc73ea07976",
      "client-request-id": "0835dda3-3bdd-473b-81bc-5cc73ea07976"
    }
  }
}
[2025-04-09 08:59:06] [WARNING] ユーザー y-tajima@mirai-const.co.jp のOneDriveクォータ情報を取得できませんでした: 
{
  "error": {
    "code": "ResourceNotFound",
    "message": "User\u0027s mysite not found.",
    "innerError": {
      "date": "2025-04-08T23:59:06",
      "request-id": "1449a383-a3d9-4752-98de-116d20856e95",
      "client-request-id": "1449a383-a3d9-4752-98de-116d20856e95"
    }
  }
}
[2025-04-09 08:59:07] [WARNING] ユーザー y-tsuzuki@mirai-const.co.jp のOneDriveクォータ情報を取得できませんでした: 
{
  "error": {
    "code": "ResourceNotFound",
    "message": "User\u0027s mysite not found.",
    "innerError": {
      "date": "2025-04-08T23:59:07",
      "request-id": "73a1d0c8-8b40-4224-abd7-85767ffc38ec",
      "client-request-id": "73a1d0c8-8b40-4224-abd7-85767ffc38ec"
    }
  }
}
[2025-04-09 08:59:07] [WARNING] ユーザー y-ueno@mirai-const.co.jp のOneDriveクォータ情報を取得できませんでした: 
{
  "error": {
    "code": "ResourceNotFound",
    "message": "User\u0027s mysite not found.",
    "innerError": {
      "date": "2025-04-08T23:59:07",
      "request-id": "4e521416-c154-4165-8d60-e3a42a355040",
      "client-request-id": "4e521416-c154-4165-8d60-e3a42a355040"
    }
  }
}
[2025-04-09 08:59:08] [WARNING] ユーザー yamasaki-s89fa_mlit.go.jp#EXT#@miraiconst.onmicrosoft.com のOneDriveクォータ情報を取得できませんでした: 
{
  "error": {
    "code": "ResourceNotFound",
    "message": "User\u0027s mysite not found.",
    "innerError": {
      "date": "2025-04-08T23:59:08",
      "request-id": "b31f0fb5-0043-4143-b98e-5abef05848bc",
      "client-request-id": "b31f0fb5-0043-4143-b98e-5abef05848bc"
    }
  }
}
[2025-04-09 08:59:08] [WARNING] ユーザー yk-takahashi_mitsuifudosan.co.jp#EXT#@miraiconst.onmicrosoft.com のOneDriveクォータ情報を取得できませんでした: 
{
  "error": {
    "code": "ResourceNotFound",
    "message": "User\u0027s mysite not found.",
    "innerError": {
      "date": "2025-04-08T23:59:08",
      "request-id": "e7afb8b2-9d8d-429e-b943-9d8beccc763a",
      "client-request-id": "e7afb8b2-9d8d-429e-b943-9d8beccc763a"
    }
  }
}
[2025-04-09 08:59:09] [WARNING] ユーザー yokohama-rakuraku@mirai-const.co.jp のOneDriveクォータ情報を取得できませんでした: 
{
  "error": {
    "code": "ResourceNotFound",
    "message": "User\u0027s mysite not found.",
    "innerError": {
      "date": "2025-04-08T23:59:09",
      "request-id": "fac2bc90-96ca-48a0-93c9-9973772c67aa",
      "client-request-id": "fac2bc90-96ca-48a0-93c9-9973772c67aa"
    }
  }
}
[2025-04-09 08:59:10] [WARNING] ユーザー ys-yamamoto_apptec.co.jp#EXT#@miraiconst.onmicrosoft.com のOneDriveクォータ情報を取得できませんでした: 
{
  "error": {
    "code": "ResourceNotFound",
    "message": "User\u0027s mysite not found.",
    "innerError": {
      "date": "2025-04-08T23:59:10",
      "request-id": "4d0ef23f-a2b1-4f38-9d54-3a0d5ecc1fff",
      "client-request-id": "4d0ef23f-a2b1-4f38-9d54-3a0d5ecc1fff"
    }
  }
}
[2025-04-09 08:59:12] [WARNING] ユーザー zaimu@mirai-const.co.jp のOneDriveクォータ情報を取得できませんでした: 
{
  "error": {
    "code": "ResourceNotFound",
    "message": "User\u0027s mysite not found.",
    "innerError": {
      "date": "2025-04-08T23:59:12",
      "request-id": "720489cf-bbae-4935-b8a3-58df12f7707c",
      "client-request-id": "720489cf-bbae-4935-b8a3-58df12f7707c"
    }
  }
}
[2025-04-09 08:59:12] [SUCCESS] OneDriveクォータ情報の取得が完了しました。取得件数: 524
[2025-04-09 08:59:12] [SUCCESS] CSVファイルを作成しました: C:\kitting\OneDriveforBusinessManagementSystem\OneDriveManagement.20250409\Basic_Data_Collection.20250409\OneDriveQuota.20250409085912.csv
[2025-04-09 08:59:12] [INFO] Excelでファイルを開いて列幅の調整とフィルターの適用を行います...
[2025-04-09 08:59:21] [SUCCESS] Excelでの処理が完了しました。
