[2025-04-09 14:43:41] [INFO] ストレージクォータ取得を開始します
[2025-04-09 14:43:41] [INFO] 出力ディレクトリ: C:\kitting\OneDriveforBusinessManagementSystem\OneDriveManagement.20250409\Basic_Data_Collection.20250409
[2025-04-09 14:43:41] [INFO] ログディレクトリ: C:\kitting\OneDriveforBusinessManagementSystem\OneDriveManagement.20250409\Log
[2025-04-09 14:43:41] [INFO] トークンファイルからアクセストークンを読み込みました
[2025-04-09 14:43:41] [WARNING] Graph接続済みですが、ユーザー情報は取得できません。
[2025-04-09 14:43:41] [WARNING] Graph接続済みですが、ユーザー情報は取得できません。
[2025-04-09 14:43:41] [INFO] Microsoft Graph REST APIで全ユーザー情報を取得します...
[2025-04-09 14:43:41] [INFO] トークンにBearerプレフィックスを追加しました
[2025-04-09 14:43:42] [INFO] ユーザー a-araki@mirai-const.co.jp のOneDriveクォータ情報を正常に取得しました (使用率: 0%)
[2025-04-09 14:43:42] [INFO] ユーザー a-fukazawa@mirai-const.co.jp のOneDriveクォータ情報を正常に取得しました (使用率: 0%)
[2025-04-09 14:43:43] [INFO] ユーザー a-hirukawa@mirai-const.co.jp のOneDriveクォータ情報を正常に取得しました (使用率: 0.01%)
[2025-04-09 14:43:43] [INFO] ユーザー a-ikeda@mirai-const.co.jp のOneDriveクォータ情報を正常に取得しました (使用率: 0%)
[2025-04-09 14:43:43] [INFO] ユーザー a-kajiya@mirai-const.co.jp のOneDriveクォータ情報を正常に取得しました (使用率: 0%)
[2025-04-09 14:43:43] [INFO] ユーザー a-kobayashi@mirai-const.co.jp のOneDriveクォータ情報を正常に取得しました (使用率: 0%)
[2025-04-09 14:43:48] [INFO] ユーザー a-konoshima@mirai-const.co.jp のOneDriveクォータ情報を正常に取得しました (使用率: 0%)
[2025-04-09 14:43:48] [INFO] ユーザー a-kukita@mirai-const.co.jp のOneDriveクォータ情報を正常に取得しました (使用率: 0%)
[2025-04-09 14:43:48] [INFO] ユーザー a-matsumoto@mirai-const.co.jp のOneDriveクォータ情報を正常に取得しました (使用率: 0%)
[2025-04-09 14:43:49] [INFO] ユーザー a-miyamoto@mirai-const.co.jp のOneDriveクォータ情報を正常に取得しました (使用率: 0%)
[2025-04-09 14:43:49] [INFO] ユーザー a-myoshu@mirai-const.co.jp のOneDriveクォータ情報を正常に取得しました (使用率: 0%)
[2025-04-09 14:43:49] [INFO] ユーザー a-nishimura@mirai-const.co.jp のOneDriveクォータ情報を正常に取得しました (使用率: 0%)
[2025-04-09 14:43:49] [INFO] ユーザー a-oouchi@mirai-const.co.jp のOneDriveクォータ情報を正常に取得しました (使用率: 0.02%)
[2025-04-09 14:43:50] [INFO] ユーザー a-saitoh@mirai-const.co.jp のOneDriveクォータ情報を正常に取得しました (使用率: 0.04%)
[2025-04-09 14:43:50] [INFO] ユーザー a-shigenaga@mirai-const.co.jp のOneDriveクォータ情報を正常に取得しました (使用率: 0%)
[2025-04-09 14:43:50] [INFO] ユーザー a-sugiura@mirai-const.co.jp のOneDriveクォータ情報を正常に取得しました (使用率: 0%)
[2025-04-09 14:43:51] [INFO] ユーザー a-suwabe@mirai-const.co.jp のOneDriveクォータ情報を正常に取得しました (使用率: 0%)
[2025-04-09 14:43:51] [INFO] ユーザー a-tamaru@mirai-const.co.jp のOneDriveクォータ情報を正常に取得しました (使用率: 0%)
[2025-04-09 14:43:51] [INFO] ユーザー a-teshiba@mirai-const.co.jp のOneDriveクォータ情報を正常に取得しました (使用率: 0%)
[2025-04-09 14:43:52] [INFO] ユーザー a-yamada@mirai-const.co.jp のOneDriveクォータ情報を正常に取得しました (使用率: 0%)
[2025-04-09 14:43:52] [INFO] ユーザー a-yano@mirai-const.co.jp のOneDriveクォータ情報を正常に取得しました (使用率: 0%)
[2025-04-09 14:43:52] [INFO] ユーザー a-yokozuka@mirai-const.co.jp のOneDriveクォータ情報を正常に取得しました (使用率: 0%)
[2025-04-09 14:43:53] [INFO] ユーザー admin@miraiconst.onmicrosoft.com はOneDrive非対応のためスキップされました (種別: Administrator, 状態: 有効)
[2025-04-09 14:43:53] [INFO] ユーザー admin1@miraiconst.onmicrosoft.com はOneDrive非対応のためスキップされました (種別: Member, 状態: 有効)
[2025-04-09 14:43:53] [INFO] ユーザー ak-kimura@mirai-const.co.jp のOneDriveクォータ情報を正常に取得しました (使用率: 0%)
[2025-04-09 14:43:53] [WARNING] ユーザー amazon-biz@mirai-const.co.jp のOneDriveクォータ情報取得に失敗: 404 ()
[2025-04-09 14:43:54] [WARNING] ユーザー aomori-rakuraku@mirai-const.co.jp のOneDriveクォータ情報取得に失敗: 404 ()
[2025-04-09 14:43:54] [WARNING] ユーザー apple-id@miraiconst.onmicrosoft.com のOneDriveクォータ情報取得に失敗: 404 ()
[2025-04-09 14:43:55] [WARNING] ユーザー ariake-rakuraku@mirai-const.co.jp のOneDriveクォータ情報取得に失敗: 404 ()
[2025-04-09 14:43:55] [INFO] ユーザー at-kondou@mirai-const.co.jp のOneDriveクォータ情報を正常に取得しました (使用率: 1.57%)
[2025-04-09 14:43:55] [INFO] ユーザー ats-watanabe_mitsuifudosan.co.jp#EXT#@miraiconst.onmicrosoft.com はOneDrive非対応のためスキップされました (種別: Guest, 状態: 有効)
[2025-04-09 14:43:56] [INFO] ユーザー b-tei@mirai-const.co.jp のOneDriveクォータ情報を正常に取得しました (使用率: 0.03%)
[2025-04-09 14:43:56] [INFO] ユーザー bid-info@mirai-const.co.jp はOneDrive非対応のためスキップされました (種別: Member, 状態: 有効)
[2025-04-09 14:43:56] [INFO] ユーザー bid-info01m@mirai-const.co.jp はOneDrive非対応のためスキップされました (種別: Member, 状態: 有効)
[2025-04-09 14:43:56] [INFO] ユーザー bid-info02m@mirai-const.co.jp はOneDrive非対応のためスキップされました (種別: Member, 状態: 有効)
[2025-04-09 14:43:56] [INFO] ユーザー bid-info03m@mirai-const.co.jp はOneDrive非対応のためスキップされました (種別: Member, 状態: 有効)
[2025-04-09 14:43:57] [INFO] ユーザー bid-info04m@mirai-const.co.jp はOneDrive非対応のためスキップされました (種別: Member, 状態: 有効)
[2025-04-09 14:43:57] [INFO] ユーザー bid-info05m@mirai-const.co.jp はOneDrive非対応のためスキップされました (種別: Member, 状態: 有効)
[2025-04-09 14:43:57] [INFO] ユーザー bid-info06m@mirai-const.co.jp はOneDrive非対応のためスキップされました (種別: Member, 状態: 有効)
[2025-04-09 14:43:57] [INFO] ユーザー bid-info07m@mirai-const.co.jp はOneDrive非対応のためスキップされました (種別: Member, 状態: 有効)
[2025-04-09 14:43:58] [INFO] ユーザー bid-info08m@mirai-const.co.jp はOneDrive非対応のためスキップされました (種別: Member, 状態: 有効)
[2025-04-09 14:43:58] [INFO] ユーザー bid-info09m@mirai-const.co.jp はOneDrive非対応のためスキップされました (種別: Member, 状態: 有効)
[2025-04-09 14:43:58] [INFO] ユーザー bid-info10m@mirai-const.co.jp はOneDrive非対応のためスキップされました (種別: Member, 状態: 有効)
[2025-04-09 14:43:58] [INFO] ユーザー bid-info11m@mirai-const.co.jp はOneDrive非対応のためスキップされました (種別: Member, 状態: 有効)
[2025-04-09 14:43:58] [INFO] ユーザー bid-info12m@mirai-const.co.jp はOneDrive非対応のためスキップされました (種別: Member, 状態: 有効)
[2025-04-09 14:43:58] [INFO] ユーザー bid-info13m@mirai-const.co.jp はOneDrive非対応のためスキップされました (種別: Member, 状態: 有効)
[2025-04-09 14:43:58] [INFO] ユーザー bid-info14m@mirai-const.co.jp はOneDrive非対応のためスキップされました (種別: Member, 状態: 有効)
[2025-04-09 14:43:59] [INFO] ユーザー bid-info15m@mirai-const.co.jp はOneDrive非対応のためスキップされました (種別: Member, 状態: 有効)
[2025-04-09 14:43:59] [INFO] ユーザー c-takeda@mirai-const.co.jp のOneDriveクォータ情報を正常に取得しました (使用率: 0.7%)
[2025-04-09 14:43:59] [WARNING] ユーザー cad-master@miraiconst.onmicrosoft.com のOneDriveクォータ情報取得に失敗: 404 ()
[2025-04-09 14:43:59] [WARNING] ユーザー chiba-rakuraku@mirai-const.co.jp のOneDriveクォータ情報取得に失敗: 404 ()
[2025-04-09 14:43:59] [WARNING] ユーザー chubu-rakuraku@mirai-const.co.jp のOneDriveクォータ情報取得に失敗: 404 ()
[2025-04-09 14:43:59] [WARNING] ユーザー chubu@miraiconst.onmicrosoft.com のOneDriveクォータ情報取得に失敗: 404 ()
[2025-04-09 14:44:00] [WARNING] ユーザー chugoku-rakuraku@mirai-const.co.jp のOneDriveクォータ情報取得に失敗: 404 ()
[2025-04-09 14:44:00] [INFO] ユーザー cim-master@mirai-const.co.jp はOneDrive非対応のためスキップされました (種別: Member, 状態: 有効)
[2025-04-09 14:44:00] [INFO] ユーザー cim-master01@mirai-const.co.jp はOneDrive非対応のためスキップされました (種別: Member, 状態: 有効)
[2025-04-09 14:44:00] [INFO] ユーザー cim-master02@mirai-const.co.jp はOneDrive非対応のためスキップされました (種別: Member, 状態: 有効)
[2025-04-09 14:44:00] [INFO] ユーザー cim-master03@mirai-const.co.jp はOneDrive非対応のためスキップされました (種別: Member, 状態: 有効)
[2025-04-09 14:44:01] [INFO] ユーザー cim-master04@mirai-const.co.jp はOneDrive非対応のためスキップされました (種別: Member, 状態: 有効)
[2025-04-09 14:44:01] [INFO] ユーザー cim-master05@mirai-const.co.jp はOneDrive非対応のためスキップされました (種別: Member, 状態: 有効)
[2025-04-09 14:44:01] [INFO] ユーザー cim-master06@mirai-const.co.jp はOneDrive非対応のためスキップされました (種別: Member, 状態: 有効)
[2025-04-09 14:44:01] [INFO] ユーザー cim-master07@mirai-const.co.jp はOneDrive非対応のためスキップされました (種別: Member, 状態: 有効)
[2025-04-09 14:44:01] [INFO] ユーザー cim-master08@mirai-const.co.jp はOneDrive非対応のためスキップされました (種別: Member, 状態: 有効)
[2025-04-09 14:44:01] [INFO] ユーザー cim-master09@mirai-const.co.jp はOneDrive非対応のためスキップされました (種別: Member, 状態: 有効)
[2025-04-09 14:44:02] [INFO] ユーザー cim-master10@mirai-const.co.jp はOneDrive非対応のためスキップされました (種別: Member, 状態: 有効)
[2025-04-09 14:44:02] [INFO] ユーザー cim-master11@mirai-const.co.jp はOneDrive非対応のためスキップされました (種別: Member, 状態: 有効)
[2025-04-09 14:44:02] [INFO] ユーザー cim-master12@mirai-const.co.jp はOneDrive非対応のためスキップされました (種別: Member, 状態: 有効)
[2025-04-09 14:44:02] [INFO] ユーザー cim-master13@mirai-const.co.jp はOneDrive非対応のためスキップされました (種別: Member, 状態: 有効)
[2025-04-09 14:44:02] [INFO] ユーザー cim-master14@mirai-const.co.jp はOneDrive非対応のためスキップされました (種別: Member, 状態: 有効)
[2025-04-09 14:44:02] [INFO] ユーザー cim-master15@mirai-const.co.jp はOneDrive非対応のためスキップされました (種別: Member, 状態: 有効)
[2025-04-09 14:44:02] [INFO] ユーザー cim-master16@mirai-const.co.jp はOneDrive非対応のためスキップされました (種別: Member, 状態: 有効)
[2025-04-09 14:44:02] [WARNING] ユーザー compliance-hotline@miraiconst.onmicrosoft.com のOneDriveクォータ情報取得に失敗: 404 ()
[2025-04-09 14:44:03] [WARNING] ユーザー direct@mirai-const.co.jp のOneDriveクォータ情報取得に失敗: 404 ()
[2025-04-09 14:44:03] [INFO] ユーザー e-masuzawa@mirai-const.co.jp のOneDriveクォータ情報を正常に取得しました (使用率: 0%)
[2025-04-09 14:44:03] [WARNING] ユーザー e-watanabe@miraiconst.onmicrosoft.com のOneDriveクォータ情報取得に失敗: 404 ()
[2025-04-09 14:44:03] [WARNING] ユーザー et-satoh@mirai-const.co.jp のOneDriveクォータ情報取得に失敗: 404 ()
[2025-04-09 14:44:03] [INFO] ユーザー f-higaki@mirai-const.co.jp のOneDriveクォータ情報を正常に取得しました (使用率: 0%)
[2025-04-09 14:44:04] [INFO] ユーザー f-kiyama@mirai-const.co.jp のOneDriveクォータ情報を正常に取得しました (使用率: 0%)
[2025-04-09 14:44:04] [INFO] ユーザー f-nishiyama@mirai-const.co.jp のOneDriveクォータ情報を正常に取得しました (使用率: 0%)
[2025-04-09 14:44:04] [INFO] ユーザー f-takahashi@mirai-const.co.jp のOneDriveクォータ情報を正常に取得しました (使用率: 0%)
[2025-04-09 14:44:04] [INFO] ユーザー f-yukihira@mirai-const.co.jp のOneDriveクォータ情報を正常に取得しました (使用率: 0.01%)
[2025-04-09 14:44:05] [INFO] ユーザー forti-admin@mirai-const.co.jp はOneDrive非対応のためスキップされました (種別: Member, 状態: 有効)
[2025-04-09 14:44:05] [INFO] ユーザー g-saitoh@mirai-const.co.jp のOneDriveクォータ情報を正常に取得しました (使用率: 2.98%)
[2025-04-09 14:44:05] [INFO] ユーザー h-abe@mirai-const.co.jp のOneDriveクォータ情報を正常に取得しました (使用率: 0%)
[2025-04-09 14:44:05] [INFO] ユーザー h-aso@mirai-const.co.jp のOneDriveクォータ情報を正常に取得しました (使用率: 3.85%)
[2025-04-09 14:44:06] [INFO] ユーザー h-fujioka@mirai-const.co.jp のOneDriveクォータ情報を正常に取得しました (使用率: 2.61%)
[2025-04-09 14:44:06] [INFO] ユーザー h-hirata@mirai-const.co.jp のOneDriveクォータ情報を正常に取得しました (使用率: 0.22%)
[2025-04-09 14:44:06] [INFO] ユーザー h-hosoya@mirai-const.co.jp のOneDriveクォータ情報を正常に取得しました (使用率: 0%)
[2025-04-09 14:44:07] [INFO] ユーザー h-ide@mirai-const.co.jp のOneDriveクォータ情報を正常に取得しました (使用率: 0%)
[2025-04-09 14:44:07] [INFO] ユーザー h-katoh@mirai-const.co.jp のOneDriveクォータ情報を正常に取得しました (使用率: 0%)
[2025-04-09 14:44:08] [INFO] ユーザー h-kawabata@mirai-const.co.jp のOneDriveクォータ情報を正常に取得しました (使用率: 0%)
[2025-04-09 14:44:08] [INFO] ユーザー h-koizumi@mirai-const.co.jp のOneDriveクォータ情報を正常に取得しました (使用率: 0%)
[2025-04-09 14:44:08] [INFO] ユーザー h-kuge@mirai-const.co.jp のOneDriveクォータ情報を正常に取得しました (使用率: 0%)
[2025-04-09 14:44:08] [INFO] ユーザー h-lynn@mirai-const.co.jp のOneDriveクォータ情報を正常に取得しました (使用率: 0%)
[2025-04-09 14:44:08] [INFO] ユーザー h-madono@mirai-const.co.jp のOneDriveクォータ情報を正常に取得しました (使用率: 0%)
[2025-04-09 14:44:09] [INFO] ユーザー h-matsunaga@mirai-const.co.jp のOneDriveクォータ情報を正常に取得しました (使用率: 0%)
[2025-04-09 14:44:09] [INFO] ユーザー h-mimura@mirai-const.co.jp のOneDriveクォータ情報を正常に取得しました (使用率: 0%)
[2025-04-09 14:44:09] [INFO] ユーザー h-miura@mirai-const.co.jp のOneDriveクォータ情報を正常に取得しました (使用率: 0%)
[2025-04-09 14:44:10] [INFO] ユーザー h-nakagawa@mirai-const.co.jp のOneDriveクォータ情報を正常に取得しました (使用率: 0%)
[2025-04-09 14:44:10] [INFO] ユーザー h-nakamichi@mirai-const.co.jp のOneDriveクォータ情報を正常に取得しました (使用率: 0.03%)
[2025-04-09 14:44:10] [INFO] ユーザー h-nakayama@mirai-const.co.jp のOneDriveクォータ情報を正常に取得しました (使用率: 0.08%)
[2025-04-09 14:44:11] [INFO] ユーザー h-nasu@mirai-const.co.jp のOneDriveクォータ情報を正常に取得しました (使用率: 0%)
[2025-04-09 14:44:11] [INFO] ユーザー h-okuyama@mirai-const.co.jp のOneDriveクォータ情報を正常に取得しました (使用率: 0%)
[2025-04-09 14:44:11] [INFO] ユーザー h-onitsuka@mirai-const.co.jp のOneDriveクォータ情報を正常に取得しました (使用率: 3.87%)
[2025-04-09 14:44:11] [INFO] ユーザー h-sakaguchi@mirai-const.co.jp のOneDriveクォータ情報を正常に取得しました (使用率: 0%)
[2025-04-09 14:44:12] [INFO] ユーザー h-sakurai@mirai-const.co.jp のOneDriveクォータ情報を正常に取得しました (使用率: 0%)
[2025-04-09 14:44:12] [INFO] ユーザー h-sasaki@mirai-const.co.jp のOneDriveクォータ情報を正常に取得しました (使用率: 0%)
[2025-04-09 14:44:12] [WARNING] ユーザー h-satake@mirai-const.co.jp のOneDriveクォータ情報取得に失敗: 404 ()
[2025-04-09 14:44:12] [INFO] ユーザー h-satoh@mirai-const.co.jp のOneDriveクォータ情報を正常に取得しました (使用率: 0%)
[2025-04-09 14:44:13] [INFO] ユーザー h-seo@mirai-const.co.jp のOneDriveクォータ情報を正常に取得しました (使用率: 0%)
[2025-04-09 14:44:13] [INFO] ユーザー h-sugihara@mirai-const.co.jp のOneDriveクォータ情報を正常に取得しました (使用率: 0.01%)
[2025-04-09 14:44:13] [INFO] ユーザー h-sugimura@mirai-const.co.jp のOneDriveクォータ情報を正常に取得しました (使用率: 0%)
[2025-04-09 14:44:14] [INFO] ユーザー h-suzuki@mirai-const.co.jp のOneDriveクォータ情報を正常に取得しました (使用率: 3.31%)
[2025-04-09 14:44:14] [INFO] ユーザー h-tadachi@mirai-const.co.jp のOneDriveクォータ情報を正常に取得しました (使用率: 0%)
[2025-04-09 14:44:14] [INFO] ユーザー h-takane@mirai-const.co.jp のOneDriveクォータ情報を正常に取得しました (使用率: 0%)
[2025-04-09 14:44:15] [INFO] ユーザー h-umezu@mirai-const.co.jp のOneDriveクォータ情報を正常に取得しました (使用率: 0.29%)
[2025-04-09 14:44:15] [INFO] ユーザー h-yagi@mirai-const.co.jp のOneDriveクォータ情報を正常に取得しました (使用率: 0%)
[2025-04-09 14:44:15] [INFO] ユーザー h-yamada@mirai-const.co.jp のOneDriveクォータ情報を正常に取得しました (使用率: 0%)
[2025-04-09 14:44:15] [INFO] ユーザー h-yamaguchi@mirai-const.co.jp のOneDriveクォータ情報を正常に取得しました (使用率: 0%)
[2025-04-09 14:44:16] [INFO] ユーザー h-yamashita@mirai-const.co.jp のOneDriveクォータ情報を正常に取得しました (使用率: 0%)
[2025-04-09 14:44:16] [INFO] ユーザー h-yokoyama@mirai-const.co.jp のOneDriveクォータ情報を正常に取得しました (使用率: 0%)
[2025-04-09 14:44:16] [INFO] ユーザー h-yoshimitsu@mirai-const.co.jp のOneDriveクォータ情報を正常に取得しました (使用率: 0%)
[2025-04-09 14:44:16] [INFO] ユーザー h-yoshioka@mirai-const.co.jp のOneDriveクォータ情報を正常に取得しました (使用率: 0%)
[2025-04-09 14:44:16] [INFO] ユーザー h_kawamura_cdit.or.jp#EXT#@miraiconst.onmicrosoft.com はOneDrive非対応のためスキップされました (種別: Guest, 状態: 有効)
[2025-04-09 14:44:16] [INFO] ユーザー haruka.ishigaki_aaconst.onmicrosoft.com#EXT#@miraiconst.onmicrosoft.com はOneDrive非対応のためスキップされました (種別: Guest, 状態: 有効)
[2025-04-09 14:44:17] [WARNING] ユーザー henngetest@mirai-const.co.jp のOneDriveクォータ情報取得に失敗: 404 ()
[2025-04-09 14:44:17] [INFO] ユーザー hi-abe@mirai-const.co.jp のOneDriveクォータ情報を正常に取得しました (使用率: 0.01%)
[2025-04-09 14:44:17] [INFO] ユーザー hi-hashi@mirai-const.co.jp のOneDriveクォータ情報を正常に取得しました (使用率: 0%)
[2025-04-09 14:44:17] [INFO] ユーザー hi-horikoshi@mirai-const.co.jp のOneDriveクォータ情報を正常に取得しました (使用率: 0%)
[2025-04-09 14:44:17] [INFO] ユーザー hi-ishibashi@mirai-const.co.jp のOneDriveクォータ情報を正常に取得しました (使用率: 0%)
[2025-04-09 14:44:18] [INFO] ユーザー hi-morimiya@mirai-const.co.jp のOneDriveクォータ情報を正常に取得しました (使用率: 0%)
[2025-04-09 14:44:18] [INFO] ユーザー hi-okamoto@mirai-const.co.jp のOneDriveクォータ情報を正常に取得しました (使用率: 2.17%)
[2025-04-09 14:44:18] [INFO] ユーザー hi-sakurai@mirai-const.co.jp のOneDriveクォータ情報を正常に取得しました (使用率: 0%)
[2025-04-09 14:44:18] [INFO] ユーザー hi-sasaki@mirai-const.co.jp のOneDriveクォータ情報を正常に取得しました (使用率: 0%)
[2025-04-09 14:44:19] [INFO] ユーザー hi-watanabe@mirai-const.co.jp のOneDriveクォータ情報を正常に取得しました (使用率: 0%)
[2025-04-09 14:44:19] [INFO] ユーザー hi-yamaguchi@mirai-const.co.jp のOneDriveクォータ情報を正常に取得しました (使用率: 0%)
[2025-04-09 14:44:19] [INFO] ユーザー hi-yano@mirai-const.co.jp のOneDriveクォータ情報を正常に取得しました (使用率: 0%)
[2025-04-09 14:44:19] [INFO] ユーザー hideyuki.nomura_halekulaniokinawa.com#EXT#@miraiconst.onmicrosoft.com はOneDrive非対応のためスキップされました (種別: Guest, 状態: 有効)
[2025-04-09 14:44:19] [WARNING] ユーザー hokkaido-rakuraku@mirai-const.co.jp のOneDriveクォータ情報取得に失敗: 404 ()
[2025-04-09 14:44:19] [WARNING] ユーザー hokkaido@miraiconst.onmicrosoft.com のOneDriveクォータ情報取得に失敗: 404 ()
[2025-04-09 14:44:20] [WARNING] ユーザー hokuriku-rakuraku@mirai-const.co.jp のOneDriveクォータ情報取得に失敗: 404 ()
[2025-04-09 14:44:20] [WARNING] ユーザー honsya2-1@miraiconst.onmicrosoft.com のOneDriveクォータ情報取得に失敗: 404 ()
[2025-04-09 14:44:20] [WARNING] ユーザー honsya2-2@miraiconst.onmicrosoft.com のOneDriveクォータ情報取得に失敗: 404 ()
[2025-04-09 14:44:20] [WARNING] ユーザー hp-kanri@miraiconst.onmicrosoft.com のOneDriveクォータ情報取得に失敗: 404 ()
[2025-04-09 14:44:20] [INFO] ユーザー i-funakawa@mirai-const.co.jp のOneDriveクォータ情報を正常に取得しました (使用率: 0%)
[2025-04-09 14:44:20] [WARNING] ユーザー i-komada@mirai-const.co.jp のOneDriveクォータ情報取得に失敗: 404 ()
[2025-04-09 14:44:20] [INFO] ユーザー i-naitoh@mirai-const.co.jp のOneDriveクォータ情報を正常に取得しました (使用率: 0%)
[2025-04-09 14:44:21] [WARNING] ユーザー ibaraki-rakuraku@mirai-const.co.jp のOneDriveクォータ情報取得に失敗: 404 ()
[2025-04-09 14:44:21] [INFO] ユーザー ito_mainmark.co.jp#EXT#@miraiconst.onmicrosoft.com はOneDrive非対応のためスキップされました (種別: Guest, 状態: 有効)
[2025-04-09 14:44:21] [INFO] ユーザー j-abe@mirai-const.co.jp のOneDriveクォータ情報を正常に取得しました (使用率: 0%)
[2025-04-09 14:44:21] [INFO] ユーザー j-aotsuka@mirai-const.co.jp のOneDriveクォータ情報を正常に取得しました (使用率: 8.69%)
[2025-04-09 14:44:21] [INFO] ユーザー j-takeda@mirai-const.co.jp のOneDriveクォータ情報を正常に取得しました (使用率: 0%)
[2025-04-09 14:44:22] [INFO] ユーザー j-takinosawa@mirai-const.co.jp のOneDriveクォータ情報を正常に取得しました (使用率: 0%)
[2025-04-09 14:44:22] [WARNING] ユーザー jinji-saiyou@mirai-const.co.jp のOneDriveクォータ情報取得に失敗: 404 ()
[2025-04-09 14:44:22] [INFO] ユーザー k-andoh@mirai-const.co.jp のOneDriveクォータ情報を正常に取得しました (使用率: 0%)
[2025-04-09 14:44:22] [INFO] ユーザー k-aoki@mirai-const.co.jp のOneDriveクォータ情報を正常に取得しました (使用率: 0%)
[2025-04-09 14:44:23] [INFO] ユーザー k-aritoh@mirai-const.co.jp のOneDriveクォータ情報を正常に取得しました (使用率: 0.45%)
[2025-04-09 14:44:23] [INFO] ユーザー k-hayashida@mirai-const.co.jp のOneDriveクォータ情報を正常に取得しました (使用率: 2.09%)
[2025-04-09 14:44:23] [INFO] ユーザー k-higuma@mirai-const.co.jp のOneDriveクォータ情報を正常に取得しました (使用率: 2.49%)
[2025-04-09 14:44:23] [WARNING] ユーザー k-hirabayashi@mirai-const.co.jp のOneDriveクォータ情報取得に失敗: 404 ()
[2025-04-09 14:44:24] [INFO] ユーザー k-hoshino@mirai-const.co.jp のOneDriveクォータ情報を正常に取得しました (使用率: 0%)
[2025-04-09 14:44:24] [INFO] ユーザー k-ichimasa@mirai-const.co.jp のOneDriveクォータ情報を正常に取得しました (使用率: 0%)
[2025-04-09 14:44:24] [INFO] ユーザー k-ishikame@mirai-const.co.jp のOneDriveクォータ情報を正常に取得しました (使用率: 0%)
[2025-04-09 14:44:24] [INFO] ユーザー k-iwai@mirai-const.co.jp のOneDriveクォータ情報を正常に取得しました (使用率: 0.01%)
[2025-04-09 14:44:25] [INFO] ユーザー k-kamikawa@mirai-const.co.jp のOneDriveクォータ情報を正常に取得しました (使用率: 0%)
[2025-04-09 14:44:25] [INFO] ユーザー k-kasano@mirai-const.co.jp のOneDriveクォータ情報を正常に取得しました (使用率: 0%)
[2025-04-09 14:44:25] [INFO] ユーザー k-kawakita@mirai-const.co.jp のOneDriveクォータ情報を正常に取得しました (使用率: 0.01%)
[2025-04-09 14:44:25] [INFO] ユーザー k-kawamoto@mirai-const.co.jp のOneDriveクォータ情報を正常に取得しました (使用率: 0%)
[2025-04-09 14:44:25] [INFO] ユーザー k-kawana@mirai-const.co.jp のOneDriveクォータ情報を正常に取得しました (使用率: 0%)
[2025-04-09 14:44:26] [INFO] ユーザー k-kemmochi@mirai-const.co.jp のOneDriveクォータ情報を正常に取得しました (使用率: 0%)
[2025-04-09 14:44:26] [INFO] ユーザー k-kishikawa@mirai-const.co.jp のOneDriveクォータ情報を正常に取得しました (使用率: 0%)
[2025-04-09 14:44:26] [INFO] ユーザー k-kitazawa@mirai-const.co.jp のOneDriveクォータ情報を正常に取得しました (使用率: 0%)
[2025-04-09 14:44:27] [INFO] ユーザー k-kobayashi@mirai-const.co.jp のOneDriveクォータ情報を正常に取得しました (使用率: 0%)
[2025-04-09 14:44:27] [INFO] ユーザー k-kobira@mirai-const.co.jp のOneDriveクォータ情報を正常に取得しました (使用率: 0%)
[2025-04-09 14:44:27] [INFO] ユーザー k-koga@mirai-const.co.jp のOneDriveクォータ情報を正常に取得しました (使用率: 0%)
[2025-04-09 14:44:27] [INFO] ユーザー k-komatsu@mirai-const.co.jp のOneDriveクォータ情報を正常に取得しました (使用率: 0%)
[2025-04-09 14:44:27] [INFO] ユーザー k-kuroda@mirai-const.co.jp のOneDriveクォータ情報を正常に取得しました (使用率: 0%)
[2025-04-09 14:44:28] [INFO] ユーザー k-maeda@mirai-const.co.jp のOneDriveクォータ情報を正常に取得しました (使用率: 0%)
[2025-04-09 14:44:28] [INFO] ユーザー k-matsuura@mirai-const.co.jp のOneDriveクォータ情報を正常に取得しました (使用率: 0%)
[2025-04-09 14:44:28] [INFO] ユーザー k-miyajima@mirai-const.co.jp のOneDriveクォータ情報を正常に取得しました (使用率: 0%)
[2025-04-09 14:44:28] [INFO] ユーザー k-miyazaki@mirai-const.co.jp のOneDriveクォータ情報を正常に取得しました (使用率: 0%)
[2025-04-09 14:44:29] [INFO] ユーザー k-mutsu@mirai-const.co.jp のOneDriveクォータ情報を正常に取得しました (使用率: 0%)
[2025-04-09 14:44:29] [INFO] ユーザー k-nagano@mirai-const.co.jp のOneDriveクォータ情報を正常に取得しました (使用率: 0%)
[2025-04-09 14:44:29] [WARNING] ユーザー k-obara@mirai-const.co.jp のOneDriveクォータ情報取得に失敗: 404 ()
[2025-04-09 14:44:29] [INFO] ユーザー k-ogasa@mirai-const.co.jp のOneDriveクォータ情報を正常に取得しました (使用率: 0%)
[2025-04-09 14:44:29] [INFO] ユーザー k-ohyama@mirai-const.co.jp のOneDriveクォータ情報を正常に取得しました (使用率: 0%)
[2025-04-09 14:44:30] [INFO] ユーザー k-okada@mirai-const.co.jp のOneDriveクォータ情報を正常に取得しました (使用率: 16.92%)
[2025-04-09 14:44:30] [INFO] ユーザー k-okamoto@mirai-const.co.jp のOneDriveクォータ情報を正常に取得しました (使用率: 0%)
[2025-04-09 14:44:30] [INFO] ユーザー k-sagara@mirai-const.co.jp のOneDriveクォータ情報を正常に取得しました (使用率: 0%)
[2025-04-09 14:44:31] [INFO] ユーザー k-shibata@mirai-const.co.jp のOneDriveクォータ情報を正常に取得しました (使用率: 0%)
[2025-04-09 14:44:31] [INFO] ユーザー k-shida@mirai-const.co.jp のOneDriveクォータ情報を正常に取得しました (使用率: 0%)
[2025-04-09 14:44:31] [WARNING] ユーザー k-sugimoto@miraiconst.onmicrosoft.com のOneDriveクォータ情報取得に失敗: 404 ()
[2025-04-09 14:44:31] [INFO] ユーザー k-suguro@mirai-const.co.jp のOneDriveクォータ情報を正常に取得しました (使用率: 1.62%)
[2025-04-09 14:44:32] [INFO] ユーザー k-suhara@mirai-const.co.jp のOneDriveクォータ情報を正常に取得しました (使用率: 0%)
[2025-04-09 14:44:32] [INFO] ユーザー k-taguchi@mirai-const.co.jp のOneDriveクォータ情報を正常に取得しました (使用率: 0%)
[2025-04-09 14:44:32] [INFO] ユーザー k-takatani@mirai-const.co.jp のOneDriveクォータ情報を正常に取得しました (使用率: 0%)
[2025-04-09 14:44:33] [INFO] ユーザー k-takeuchi@mirai-const.co.jp のOneDriveクォータ情報を正常に取得しました (使用率: 0%)
[2025-04-09 14:44:33] [INFO] ユーザー k-tobe@mirai-const.co.jp のOneDriveクォータ情報を正常に取得しました (使用率: 0%)
[2025-04-09 14:44:33] [INFO] ユーザー k-tomioka@mirai-const.co.jp のOneDriveクォータ情報を正常に取得しました (使用率: 0%)
[2025-04-09 14:44:33] [INFO] ユーザー k-tsunawaki@mirai-const.co.jp のOneDriveクォータ情報を正常に取得しました (使用率: 0%)
[2025-04-09 14:44:33] [INFO] ユーザー k-ueda@mirai-const.co.jp のOneDriveクォータ情報を正常に取得しました (使用率: 0%)
[2025-04-09 14:44:34] [INFO] ユーザー k-wakihira@mirai-const.co.jp のOneDriveクォータ情報を正常に取得しました (使用率: 0%)
[2025-04-09 14:44:34] [INFO] ユーザー k-watari@mirai-const.co.jp のOneDriveクォータ情報を正常に取得しました (使用率: 0%)
[2025-04-09 14:44:34] [INFO] ユーザー k-yamada@mirai-const.co.jp のOneDriveクォータ情報を正常に取得しました (使用率: 0%)
[2025-04-09 14:44:35] [INFO] ユーザー k-yano@mirai-const.co.jp のOneDriveクォータ情報を正常に取得しました (使用率: 0.06%)
[2025-04-09 14:44:35] [INFO] ユーザー k-yasumoto@mirai-const.co.jp のOneDriveクォータ情報を正常に取得しました (使用率: 0%)
[2025-04-09 14:44:35] [INFO] ユーザー k-yoshida@mirai-const.co.jp のOneDriveクォータ情報を正常に取得しました (使用率: 0%)
[2025-04-09 14:44:35] [INFO] ユーザー k-yotsuzuka@mirai-const.co.jp のOneDriveクォータ情報を正常に取得しました (使用率: 0%)
[2025-04-09 14:44:36] [INFO] ユーザー ka-chikagawa@mirai-const.co.jp のOneDriveクォータ情報を正常に取得しました (使用率: 0%)
[2025-04-09 14:44:36] [INFO] ユーザー ka-komori@mirai-const.co.jp のOneDriveクォータ情報を正常に取得しました (使用率: 0%)
[2025-04-09 14:44:36] [INFO] ユーザー ka-nakamura@mirai-const.co.jp のOneDriveクォータ情報を正常に取得しました (使用率: 0.33%)
[2025-04-09 14:44:37] [INFO] ユーザー ka-nomura@mirai-const.co.jp のOneDriveクォータ情報を正常に取得しました (使用率: 0%)
[2025-04-09 14:44:37] [INFO] ユーザー ka-sasaki@mirai-const.co.jp のOneDriveクォータ情報を正常に取得しました (使用率: 0%)
[2025-04-09 14:44:37] [WARNING] ユーザー kaikei-support@mirai-const.co.jp のOneDriveクォータ情報取得に失敗: 404 ()
[2025-04-09 14:44:37] [WARNING] ユーザー kanri-kyushu@mirai-const.co.jp のOneDriveクォータ情報取得に失敗: 404 ()
[2025-04-09 14:44:37] [WARNING] ユーザー kanri-oosaka@mirai-const.co.jp のOneDriveクォータ情報取得に失敗: 404 ()
[2025-04-09 14:44:38] [WARNING] ユーザー kanri-tokyo@mirai-const.co.jp のOneDriveクォータ情報取得に失敗: 404 ()
[2025-04-09 14:44:38] [INFO] ユーザー ke-okada@mirai-const.co.jp のOneDriveクォータ情報を正常に取得しました (使用率: 0%)
[2025-04-09 14:44:38] [WARNING] ユーザー keieikikaku@miraiconst.onmicrosoft.com のOneDriveクォータ情報取得に失敗: 404 ()
[2025-04-09 14:44:38] [INFO] ユーザー ki-fujita_mitsuifudosan.co.jp#EXT#@miraiconst.onmicrosoft.com はOneDrive非対応のためスキップされました (種別: Guest, 状態: 有効)
[2025-04-09 14:44:38] [WARNING] ユーザー kita-kyushu@miraiconst.onmicrosoft.com のOneDriveクォータ情報取得に失敗: 404 ()
[2025-04-09 14:44:38] [WARNING] ユーザー kitakyushu-rakuraku@mirai-const.co.jp のOneDriveクォータ情報取得に失敗: 404 ()
[2025-04-09 14:44:38] [INFO] ユーザー ko-noro@mirai-const.co.jp のOneDriveクォータ情報を正常に取得しました (使用率: 0%)
[2025-04-09 14:44:38] [WARNING] ユーザー kyushu-rakuraku@mirai-const.co.jp のOneDriveクォータ情報取得に失敗: 404 ()
[2025-04-09 14:44:39] [WARNING] ユーザー m-ariake@miraiconst.onmicrosoft.com のOneDriveクォータ情報取得に失敗: 404 ()
[2025-04-09 14:44:39] [INFO] ユーザー m-asaga@mirai-const.co.jp のOneDriveクォータ情報を正常に取得しました (使用率: 0%)
[2025-04-09 14:44:39] [WARNING] ユーザー m-chugoku@miraiconst.onmicrosoft.com のOneDriveクォータ情報取得に失敗: 404 ()
[2025-04-09 14:44:39] [INFO] ユーザー m-esaki@mirai-const.co.jp のOneDriveクォータ情報を正常に取得しました (使用率: 0%)
[2025-04-09 14:44:40] [INFO] ユーザー m-fuke@mirai-const.co.jp のOneDriveクォータ情報を正常に取得しました (使用率: 0.18%)
[2025-04-09 14:44:40] [INFO] ユーザー m-hamashima@mirai-const.co.jp のOneDriveクォータ情報を正常に取得しました (使用率: 0%)
[2025-04-09 14:44:40] [INFO] ユーザー m-higashida@mirai-const.co.jp のOneDriveクォータ情報を正常に取得しました (使用率: 0%)
[2025-04-09 14:44:40] [INFO] ユーザー m-horii@mirai-const.co.jp のOneDriveクォータ情報を正常に取得しました (使用率: 0%)
[2025-04-09 14:44:41] [INFO] ユーザー m-hosoo@mirai-const.co.jp のOneDriveクォータ情報を正常に取得しました (使用率: 0%)
[2025-04-09 14:44:41] [INFO] ユーザー m-ibe@mirai-const.co.jp のOneDriveクォータ情報を正常に取得しました (使用率: 0.17%)
[2025-04-09 14:44:41] [INFO] ユーザー m-ichikawa@mirai-const.co.jp のOneDriveクォータ情報を正常に取得しました (使用率: 0%)
[2025-04-09 14:44:41] [WARNING] ユーザー m-info@miraiconst.onmicrosoft.com のOneDriveクォータ情報取得に失敗: 404 ()
[2025-04-09 14:44:42] [INFO] ユーザー m-ishida@mirai-const.co.jp のOneDriveクォータ情報を正常に取得しました (使用率: 0%)
[2025-04-09 14:44:42] [INFO] ユーザー m-itoh@mirai-const.co.jp のOneDriveクォータ情報を正常に取得しました (使用率: 0%)
[2025-04-09 14:44:42] [INFO] ユーザー m-kajiwara@mirai-const.co.jp のOneDriveクォータ情報を正常に取得しました (使用率: 0%)
[2025-04-09 14:44:43] [INFO] ユーザー m-kambara@mirai-const.co.jp のOneDriveクォータ情報を正常に取得しました (使用率: 0%)
[2025-04-09 14:44:43] [INFO] ユーザー m-kawahara@mirai-const.co.jp のOneDriveクォータ情報を正常に取得しました (使用率: 0%)
[2025-04-09 14:44:43] [INFO] ユーザー m-koji@mirai-const.co.jp のOneDriveクォータ情報を正常に取得しました (使用率: 0.01%)
[2025-04-09 14:44:43] [INFO] ユーザー m-kuwata@mirai-const.co.jp のOneDriveクォータ情報を正常に取得しました (使用率: 0%)
[2025-04-09 14:44:43] [WARNING] ユーザー m-maruta@mirai-const.co.jp のOneDriveクォータ情報取得に失敗: 404 ()
[2025-04-09 14:44:44] [INFO] ユーザー m-matsui@mirai-const.co.jp のOneDriveクォータ情報を正常に取得しました (使用率: 0%)
[2025-04-09 14:44:44] [INFO] ユーザー m-matsumoto@mirai-const.co.jp のOneDriveクォータ情報を正常に取得しました (使用率: 0%)
[2025-04-09 14:44:44] [INFO] ユーザー m-morita@miraiconst.onmicrosoft.com のOneDriveクォータ情報を正常に取得しました (使用率: 0%)
[2025-04-09 14:44:44] [INFO] ユーザー m-murai@mirai-const.co.jp のOneDriveクォータ情報を正常に取得しました (使用率: 0%)
[2025-04-09 14:44:45] [INFO] ユーザー m-naganami@mirai-const.co.jp のOneDriveクォータ情報を正常に取得しました (使用率: 0%)
[2025-04-09 14:44:45] [INFO] ユーザー m-nakatani@mirai-const.co.jp のOneDriveクォータ情報を正常に取得しました (使用率: 0.01%)
[2025-04-09 14:44:45] [INFO] ユーザー m-narita@mirai-const.co.jp のOneDriveクォータ情報を正常に取得しました (使用率: 0%)
[2025-04-09 14:44:45] [INFO] ユーザー m-nasuno@mirai-const.co.jp のOneDriveクォータ情報を正常に取得しました (使用率: 0%)
[2025-04-09 14:44:46] [INFO] ユーザー m-nishiyama@mirai-const.co.jp のOneDriveクォータ情報を正常に取得しました (使用率: 0%)
[2025-04-09 14:44:46] [INFO] ユーザー m-niwano@mirai-const.co.jp のOneDriveクォータ情報を正常に取得しました (使用率: 10.86%)
[2025-04-09 14:44:47] [INFO] ユーザー m-ohi@mirai-const.co.jp のOneDriveクォータ情報を正常に取得しました (使用率: 0.1%)
[2025-04-09 14:44:47] [INFO] ユーザー m-ohzeki@mirai-const.co.jp のOneDriveクォータ情報を正常に取得しました (使用率: 6.07%)
[2025-04-09 14:44:47] [INFO] ユーザー m-shibuya@mirai-const.co.jp のOneDriveクォータ情報を正常に取得しました (使用率: 0%)
[2025-04-09 14:44:47] [INFO] ユーザー m-shiga@mirai-const.co.jp のOneDriveクォータ情報を正常に取得しました (使用率: 0%)
[2025-04-09 14:44:48] [INFO] ユーザー m-shinoda@mirai-const.co.jp のOneDriveクォータ情報を正常に取得しました (使用率: 0%)
[2025-04-09 14:44:48] [WARNING] ユーザー m-suzuki@mirai-const.co.jp のOneDriveクォータ情報取得に失敗: 404 ()
[2025-04-09 14:44:48] [INFO] ユーザー m-taguchi@mirai-const.co.jp のOneDriveクォータ情報を正常に取得しました (使用率: 0.81%)
[2025-04-09 14:44:48] [INFO] ユーザー m-takemura@mirai-const.co.jp のOneDriveクォータ情報を正常に取得しました (使用率: 0%)
[2025-04-09 14:44:49] [INFO] ユーザー m-tamura@mirai-const.co.jp のOneDriveクォータ情報を正常に取得しました (使用率: 0%)
[2025-04-09 14:44:49] [INFO] ユーザー m-uchida@mirai-const.co.jp のOneDriveクォータ情報を正常に取得しました (使用率: 0.55%)
[2025-04-09 14:44:49] [WARNING] ユーザー m-ushikubo@mirai-const.co.jp のOneDriveクォータ情報取得に失敗: 404 ()
[2025-04-09 14:44:49] [INFO] ユーザー m-yamamoto@mirai-const.co.jp のOneDriveクォータ情報を正常に取得しました (使用率: 0%)
[2025-04-09 14:44:49] [INFO] ユーザー m-yanagisawa@mirai-const.co.jp のOneDriveクォータ情報を正常に取得しました (使用率: 0%)
[2025-04-09 14:44:50] [INFO] ユーザー m-yoshitomi@mirai-const.co.jp のOneDriveクォータ情報を正常に取得しました (使用率: 0%)
[2025-04-09 14:44:50] [INFO] ユーザー ma-adachi@mirai-const.co.jp のOneDriveクォータ情報を正常に取得しました (使用率: 0.06%)
[2025-04-09 14:44:50] [INFO] ユーザー ma-hasegawa@mirai-const.co.jp のOneDriveクォータ情報を正常に取得しました (使用率: 0%)
[2025-04-09 14:44:50] [INFO] ユーザー ma-itoh@mirai-const.co.jp のOneDriveクォータ情報を正常に取得しました (使用率: 0.02%)
[2025-04-09 14:44:51] [INFO] ユーザー ma-saitoh@mirai-const.co.jp のOneDriveクォータ情報を正常に取得しました (使用率: 0%)
[2025-04-09 14:44:51] [INFO] ユーザー ma-taguchi@mirai-const.co.jp のOneDriveクォータ情報を正常に取得しました (使用率: 0%)
[2025-04-09 14:44:51] [INFO] ユーザー ma-watanabe@mirai-const.co.jp のOneDriveクォータ情報を正常に取得しました (使用率: 0%)
[2025-04-09 14:44:52] [WARNING] ユーザー mail-info@miraiconst.onmicrosoft.com のOneDriveクォータ情報取得に失敗: 404 ()
[2025-04-09 14:44:52] [INFO] ユーザー mak-satoh@mirai-const.co.jp のOneDriveクォータ情報を正常に取得しました (使用率: 0%)
[2025-04-09 14:44:52] [WARNING] ユーザー mf-jigyoukikaku@miraiconst.onmicrosoft.com のOneDriveクォータ情報取得に失敗: 404 ()
[2025-04-09 14:44:52] [INFO] ユーザー mi-watanabe@mirai-const.co.jp のOneDriveクォータ情報を正常に取得しました (使用率: 0%)
[2025-04-09 14:44:52] [WARNING] ユーザー mirai-edr@miraiconst.onmicrosoft.com のOneDriveクォータ情報取得に失敗: 404 ()
[2025-04-09 14:44:53] [WARNING] ユーザー mirai-sns@miraiconst.onmicrosoft.com のOneDriveクォータ情報取得に失敗: 404 ()
[2025-04-09 14:44:53] [WARNING] ユーザー mirai-zoom@miraiconst.onmicrosoft.com のOneDriveクォータ情報取得に失敗: 404 ()
[2025-04-09 14:44:53] [WARNING] ユーザー mk-engagement@miraiconst.onmicrosoft.com のOneDriveクォータ情報取得に失敗: 404 ()
[2025-04-09 14:44:53] [WARNING] ユーザー mksystem-alert@miraiconst.onmicrosoft.com のOneDriveクォータ情報取得に失敗: 404 ()
[2025-04-09 14:44:53] [INFO] ユーザー mo-itoh@mirai-const.co.jp のOneDriveクォータ情報を正常に取得しました (使用率: 0%)
[2025-04-09 14:44:54] [INFO] ユーザー n-arita@mirai-const.co.jp のOneDriveクォータ情報を正常に取得しました (使用率: 0%)
[2025-04-09 14:44:54] [INFO] ユーザー n-hataoka@mirai-const.co.jp のOneDriveクォータ情報を正常に取得しました (使用率: 0%)
[2025-04-09 14:44:54] [INFO] ユーザー n-hattori@mirai-const.co.jp のOneDriveクォータ情報を正常に取得しました (使用率: 0%)
[2025-04-09 14:44:54] [INFO] ユーザー n-inoue@mirai-const.co.jp のOneDriveクォータ情報を正常に取得しました (使用率: 0.12%)
[2025-04-09 14:44:55] [INFO] ユーザー n-kishi@mirai-const.co.jp のOneDriveクォータ情報を正常に取得しました (使用率: 0%)
[2025-04-09 14:44:55] [INFO] ユーザー n-manami@mirai-const.co.jp のOneDriveクォータ情報を正常に取得しました (使用率: 0%)
[2025-04-09 14:44:55] [INFO] ユーザー n-okamoto@mirai-const.co.jp のOneDriveクォータ情報を正常に取得しました (使用率: 0%)
[2025-04-09 14:44:55] [INFO] ユーザー n-oosaki@mirai-const.co.jp のOneDriveクォータ情報を正常に取得しました (使用率: 0.03%)
[2025-04-09 14:44:56] [INFO] ユーザー n-suganami@mirai-const.co.jp のOneDriveクォータ情報を正常に取得しました (使用率: 0%)
[2025-04-09 14:44:56] [INFO] ユーザー n-sunako@mirai-const.co.jp のOneDriveクォータ情報を正常に取得しました (使用率: 3.49%)
[2025-04-09 14:44:57] [INFO] ユーザー n-takada@mirai-const.co.jp のOneDriveクォータ情報を正常に取得しました (使用率: 0%)
[2025-04-09 14:44:57] [INFO] ユーザー n-takemura@mirai-const.co.jp のOneDriveクォータ情報を正常に取得しました (使用率: 0%)
[2025-04-09 14:44:57] [INFO] ユーザー n-teramoto@mirai-const.co.jp のOneDriveクォータ情報を正常に取得しました (使用率: 0%)
[2025-04-09 14:44:57] [INFO] ユーザー n-tosaka@mirai-const.co.jp のOneDriveクォータ情報を正常に取得しました (使用率: 0%)
[2025-04-09 14:44:58] [INFO] ユーザー n-watanabe@mirai-const.co.jp のOneDriveクォータ情報を正常に取得しました (使用率: 0%)
[2025-04-09 14:44:58] [INFO] ユーザー n-yoshitani@mirai-const.co.jp のOneDriveクォータ情報を正常に取得しました (使用率: 0%)
[2025-04-09 14:44:58] [INFO] ユーザー na-kadokawa_apptec.co.jp#EXT#@miraiconst.onmicrosoft.com はOneDrive非対応のためスキップされました (種別: Guest, 状態: 有効)
[2025-04-09 14:44:58] [WARNING] ユーザー netis@miraiconst.onmicrosoft.com のOneDriveクォータ情報取得に失敗: 404 ()
[2025-04-09 14:44:58] [INFO] ユーザー nor-izumi@mirai-const.co.jp のOneDriveクォータ情報を正常に取得しました (使用率: 0.36%)
[2025-04-09 14:44:58] [WARNING] ユーザー noto-rakuraku@mirai-const.co.jp のOneDriveクォータ情報取得に失敗: 404 ()
[2025-04-09 14:44:59] [INFO] ユーザー o-hori@mirai-const.co.jp のOneDriveクォータ情報を正常に取得しました (使用率: 0%)
[2025-04-09 14:44:59] [INFO] ユーザー o-kamiunten@mirai-const.co.jp のOneDriveクォータ情報を正常に取得しました (使用率: 0%)
[2025-04-09 14:44:59] [INFO] ユーザー o-matsumoto@mirai-const.co.jp のOneDriveクォータ情報を正常に取得しました (使用率: 0%)
[2025-04-09 14:45:00] [INFO] ユーザー o-muramoto@mirai-const.co.jp のOneDriveクォータ情報を正常に取得しました (使用率: 0%)
[2025-04-09 14:45:00] [INFO] ユーザー o-shimozawa@mirai-const.co.jp のOneDriveクォータ情報を正常に取得しました (使用率: 0%)
[2025-04-09 14:45:00] [WARNING] ユーザー okinawa-rakuraku@mirai-const.co.jp のOneDriveクォータ情報取得に失敗: 404 ()
[2025-04-09 14:45:00] [WARNING] ユーザー okinawa@miraiconst.onmicrosoft.com のOneDriveクォータ情報取得に失敗: 404 ()
[2025-04-09 14:45:00] [WARNING] ユーザー osaka-rakuraku@mirai-const.co.jp のOneDriveクォータ情報取得に失敗: 404 ()
[2025-04-09 14:45:00] [INFO] ユーザー r-araki@mirai-const.co.jp のOneDriveクォータ情報を正常に取得しました (使用率: 0%)
[2025-04-09 14:45:01] [WARNING] ユーザー r-futenma@mirai-const.co.jp のOneDriveクォータ情報取得に失敗: 404 ()
[2025-04-09 14:45:01] [INFO] ユーザー r-hirao@mirai-const.co.jp のOneDriveクォータ情報を正常に取得しました (使用率: 0%)
[2025-04-09 14:45:01] [INFO] ユーザー r-honda@mirai-const.co.jp のOneDriveクォータ情報を正常に取得しました (使用率: 0%)
[2025-04-09 14:45:01] [INFO] ユーザー r-hosoya@mirai-const.co.jp のOneDriveクォータ情報を正常に取得しました (使用率: 0%)
[2025-04-09 14:45:02] [INFO] ユーザー r-ishimoto@mirai-const.co.jp のOneDriveクォータ情報を正常に取得しました (使用率: 0%)
[2025-04-09 14:45:02] [INFO] ユーザー r-karaiwa@mirai-const.co.jp のOneDriveクォータ情報を正常に取得しました (使用率: 1.06%)
[2025-04-09 14:45:02] [INFO] ユーザー r-kobori@mirai-const.co.jp のOneDriveクォータ情報を正常に取得しました (使用率: 0%)
[2025-04-09 14:45:02] [INFO] ユーザー r-kono@mirai-const.co.jp のOneDriveクォータ情報を正常に取得しました (使用率: 0%)
[2025-04-09 14:45:03] [INFO] ユーザー r-matsuo@mirai-const.co.jp のOneDriveクォータ情報を正常に取得しました (使用率: 0%)
[2025-04-09 14:45:03] [INFO] ユーザー r-nakahata@mirai-const.co.jp のOneDriveクォータ情報を正常に取得しました (使用率: 0%)
[2025-04-09 14:45:03] [INFO] ユーザー r-niikura@mirai-const.co.jp のOneDriveクォータ情報を正常に取得しました (使用率: 0.04%)
[2025-04-09 14:45:03] [INFO] ユーザー r-nishida@mirai-const.co.jp のOneDriveクォータ情報を正常に取得しました (使用率: 0%)
[2025-04-09 14:45:04] [INFO] ユーザー r-noguchi@mirai-const.co.jp のOneDriveクォータ情報を正常に取得しました (使用率: 0%)
[2025-04-09 14:45:04] [INFO] ユーザー r-obinata@mirai-const.co.jp のOneDriveクォータ情報を正常に取得しました (使用率: 0%)
[2025-04-09 14:45:04] [INFO] ユーザー r-ogasawara@mirai-const.co.jp のOneDriveクォータ情報を正常に取得しました (使用率: 0%)
[2025-04-09 14:45:04] [INFO] ユーザー r-ohkubo@mirai-const.co.jp のOneDriveクォータ情報を正常に取得しました (使用率: 0%)
[2025-04-09 14:45:05] [INFO] ユーザー r-shimoda@mirai-const.co.jp のOneDriveクォータ情報を正常に取得しました (使用率: 0%)
[2025-04-09 14:45:05] [INFO] ユーザー r-suzuki@mirai-const.co.jp のOneDriveクォータ情報を正常に取得しました (使用率: 1.67%)
[2025-04-09 14:45:05] [INFO] ユーザー r-tajima@mirai-const.co.jp のOneDriveクォータ情報を正常に取得しました (使用率: 0%)
[2025-04-09 14:45:05] [INFO] ユーザー r-yamasaki@mirai-const.co.jp のOneDriveクォータ情報を正常に取得しました (使用率: 0%)
[2025-04-09 14:45:06] [INFO] ユーザー ry-suzuki@mirai-const.co.jp のOneDriveクォータ情報を正常に取得しました (使用率: 0%)
[2025-04-09 14:45:06] [INFO] ユーザー s-fuh@mirai-const.co.jp のOneDriveクォータ情報を正常に取得しました (使用率: 0%)
[2025-04-09 14:45:06] [INFO] ユーザー s-fukuda@mirai-const.co.jp のOneDriveクォータ情報を正常に取得しました (使用率: 0.01%)
[2025-04-09 14:45:06] [INFO] ユーザー s-gono@mirai-const.co.jp のOneDriveクォータ情報を正常に取得しました (使用率: 0%)
[2025-04-09 14:45:07] [INFO] ユーザー s-hattori@mirai-const.co.jp のOneDriveクォータ情報を正常に取得しました (使用率: 0%)
[2025-04-09 14:45:07] [INFO] ユーザー s-higashi@mirai-const.co.jp のOneDriveクォータ情報を正常に取得しました (使用率: 0%)
[2025-04-09 14:45:07] [INFO] ユーザー s-hori@mirai-const.co.jp のOneDriveクォータ情報を正常に取得しました (使用率: 0%)
[2025-04-09 14:45:07] [INFO] ユーザー s-itoh@mirai-const.co.jp のOneDriveクォータ情報を正常に取得しました (使用率: 0%)
[2025-04-09 14:45:08] [INFO] ユーザー s-iwasaki@mirai-const.co.jp のOneDriveクォータ情報を正常に取得しました (使用率: 0%)
[2025-04-09 14:45:08] [INFO] ユーザー s-izumi@mirai-const.co.jp のOneDriveクォータ情報を正常に取得しました (使用率: 0%)
[2025-04-09 14:45:08] [INFO] ユーザー s-kamikawa@mirai-const.co.jp のOneDriveクォータ情報を正常に取得しました (使用率: 0.21%)
[2025-04-09 14:45:09] [INFO] ユーザー s-kamimura@mirai-const.co.jp のOneDriveクォータ情報を正常に取得しました (使用率: 0%)
[2025-04-09 14:45:09] [INFO] ユーザー s-kawamura@mirai-const.co.jp のOneDriveクォータ情報を正常に取得しました (使用率: 0%)
[2025-04-09 14:45:09] [INFO] ユーザー s-kojima@mirai-const.co.jp のOneDriveクォータ情報を正常に取得しました (使用率: 0%)
[2025-04-09 14:45:09] [INFO] ユーザー s-kon@mirai-const.co.jp のOneDriveクォータ情報を正常に取得しました (使用率: 0%)
[2025-04-09 14:45:09] [INFO] ユーザー s-nagae@mirai-const.co.jp のOneDriveクォータ情報を正常に取得しました (使用率: 0%)
[2025-04-09 14:45:10] [INFO] ユーザー s-nagaoka@mirai-const.co.jp のOneDriveクォータ情報を正常に取得しました (使用率: 0%)
[2025-04-09 14:45:10] [INFO] ユーザー s-nakano@mirai-const.co.jp のOneDriveクォータ情報を正常に取得しました (使用率: 0.08%)
[2025-04-09 14:45:10] [INFO] ユーザー s-nakayama@mirai-const.co.jp のOneDriveクォータ情報を正常に取得しました (使用率: 0%)
[2025-04-09 14:45:10] [INFO] ユーザー s-nomura@mirai-const.co.jp のOneDriveクォータ情報を正常に取得しました (使用率: 0%)
[2025-04-09 14:45:11] [INFO] ユーザー s-ogasawara@mirai-const.co.jp のOneDriveクォータ情報を正常に取得しました (使用率: 0%)
[2025-04-09 14:45:11] [INFO] ユーザー s-ohtani@mirai-const.co.jp のOneDriveクォータ情報を正常に取得しました (使用率: 0.02%)
[2025-04-09 14:45:11] [INFO] ユーザー s-okamoto@mirai-const.co.jp のOneDriveクォータ情報を正常に取得しました (使用率: 0%)
[2025-04-09 14:45:11] [INFO] ユーザー s-onimaru@mirai-const.co.jp のOneDriveクォータ情報を正常に取得しました (使用率: 0%)
[2025-04-09 14:45:12] [INFO] ユーザー s-ono@mirai-const.co.jp のOneDriveクォータ情報を正常に取得しました (使用率: 0%)
[2025-04-09 14:45:12] [INFO] ユーザー s-saitoh@mirai-const.co.jp のOneDriveクォータ情報を正常に取得しました (使用率: 0%)
[2025-04-09 14:45:12] [INFO] ユーザー s-satoh@mirai-const.co.jp のOneDriveクォータ情報を正常に取得しました (使用率: 0%)
[2025-04-09 14:45:12] [INFO] ユーザー s-shintoh@mirai-const.co.jp のOneDriveクォータ情報を正常に取得しました (使用率: 0.01%)
[2025-04-09 14:45:12] [INFO] ユーザー s-shionoya@mirai-const.co.jp のOneDriveクォータ情報を正常に取得しました (使用率: 0%)
[2025-04-09 14:45:13] [INFO] ユーザー s-taguchi@mirai-const.co.jp のOneDriveクォータ情報を正常に取得しました (使用率: 0%)
[2025-04-09 14:45:13] [INFO] ユーザー s-tamaki@mirai-const.co.jp のOneDriveクォータ情報を正常に取得しました (使用率: 0.02%)
[2025-04-09 14:45:13] [INFO] ユーザー s-tomokiyo@mirai-const.co.jp のOneDriveクォータ情報を正常に取得しました (使用率: 0%)
[2025-04-09 14:45:13] [INFO] ユーザー s-tsuboi@mirai-const.co.jp のOneDriveクォータ情報を正常に取得しました (使用率: 0.01%)
[2025-04-09 14:45:14] [INFO] ユーザー s-tsuda@mirai-const.co.jp のOneDriveクォータ情報を正常に取得しました (使用率: 3.09%)
[2025-04-09 14:45:14] [INFO] ユーザー s-yoshie@mirai-const.co.jp のOneDriveクォータ情報を正常に取得しました (使用率: 0.17%)
[2025-04-09 14:45:14] [INFO] ユーザー S.Nagano_otsuka-shokai.co.jp#EXT#@miraiconst.onmicrosoft.com はOneDrive非対応のためスキップされました (種別: Guest, 状態: 有効)
[2025-04-09 14:45:14] [INFO] ユーザー sa-itoh@mirai-const.co.jp のOneDriveクォータ情報を正常に取得しました (使用率: 0%)
[2025-04-09 14:45:15] [INFO] ユーザー sa-katoh@mirai-const.co.jp のOneDriveクォータ情報を正常に取得しました (使用率: 2.56%)
[2025-04-09 14:45:15] [INFO] ユーザー sh-fujiwara@mirai-const.co.jp のOneDriveクォータ情報を正常に取得しました (使用率: 0%)
[2025-04-09 14:45:15] [WARNING] ユーザー sh-ishihara-old@miraiconst.onmicrosoft.com のOneDriveクォータ情報取得に失敗: 404 ()
[2025-04-09 14:45:15] [INFO] ユーザー sh-ishihara@mirai-const.co.jp のOneDriveクォータ情報を正常に取得しました (使用率: 0.01%)
[2025-04-09 14:45:16] [INFO] ユーザー sh-kurihara@mirai-const.co.jp のOneDriveクォータ情報を正常に取得しました (使用率: 0.01%)
[2025-04-09 14:45:16] [INFO] ユーザー sh-tada@mirai-const.co.jp のOneDriveクォータ情報を正常に取得しました (使用率: 0%)
[2025-04-09 14:45:16] [WARNING] ユーザー share@mirai-const.co.jp のOneDriveクォータ情報取得に失敗: 404 ()
[2025-04-09 14:45:16] [WARNING] ユーザー shikoku-rakuraku@mirai-const.co.jp のOneDriveクォータ情報取得に失敗: 404 ()
[2025-04-09 14:45:16] [WARNING] ユーザー shizuoka-rakuraku@mirai-const.co.jp のOneDriveクォータ情報取得に失敗: 404 ()
[2025-04-09 14:45:17] [INFO] ユーザー shu-ogata@mirai-const.co.jp のOneDriveクォータ情報を正常に取得しました (使用率: 0%)
[2025-04-09 14:45:17] [WARNING] ユーザー sketchup@miraiconst.onmicrosoft.com のOneDriveクォータ情報取得に失敗: 404 ()
[2025-04-09 14:45:17] [WARNING] ユーザー soumu-payment@mirai-const.co.jp のOneDriveクォータ情報取得に失敗: 404 ()
[2025-04-09 14:45:17] [WARNING] ユーザー Sync_AZSV0001_b63ec191406d@miraiconst.onmicrosoft.com のOneDriveクォータ情報取得に失敗: 404 ()
[2025-04-09 14:45:17] [WARNING] ユーザー system-info@mirai-const.co.jp のOneDriveクォータ情報取得に失敗: 404 ()
[2025-04-09 14:45:17] [INFO] ユーザー t-achira@mirai-const.co.jp のOneDriveクォータ情報を正常に取得しました (使用率: 1.08%)
[2025-04-09 14:45:18] [INFO] ユーザー t-akasaka@mirai-const.co.jp のOneDriveクォータ情報を正常に取得しました (使用率: 0%)
[2025-04-09 14:45:18] [INFO] ユーザー t-bogaki@mirai-const.co.jp のOneDriveクォータ情報を正常に取得しました (使用率: 0%)
[2025-04-09 14:45:18] [INFO] ユーザー t-ehara@mirai-const.co.jp のOneDriveクォータ情報を正常に取得しました (使用率: 0%)
[2025-04-09 14:45:19] [INFO] ユーザー t-fujiwara@mirai-const.co.jp のOneDriveクォータ情報を正常に取得しました (使用率: 0%)
[2025-04-09 14:45:19] [INFO] ユーザー t-fukuda@mirai-const.co.jp のOneDriveクォータ情報を正常に取得しました (使用率: 0%)
[2025-04-09 14:45:19] [INFO] ユーザー t-hamada@mirai-const.co.jp のOneDriveクォータ情報を正常に取得しました (使用率: 0%)
[2025-04-09 14:45:19] [INFO] ユーザー t-hattori@mirai-const.co.jp のOneDriveクォータ情報を正常に取得しました (使用率: 0.04%)
[2025-04-09 14:45:20] [INFO] ユーザー t-hayasaki@mirai-const.co.jp のOneDriveクォータ情報を正常に取得しました (使用率: 0%)
[2025-04-09 14:45:20] [INFO] ユーザー t-ichioka@mirai-const.co.jp のOneDriveクォータ情報を正常に取得しました (使用率: 0.01%)
[2025-04-09 14:45:20] [INFO] ユーザー t-inage@mirai-const.co.jp のOneDriveクォータ情報を正常に取得しました (使用率: 0%)
[2025-04-09 14:45:21] [INFO] ユーザー t-ishihara@mirai-const.co.jp のOneDriveクォータ情報を正常に取得しました (使用率: 0%)
[2025-04-09 14:45:21] [INFO] ユーザー t-iwasaki@mirai-const.co.jp のOneDriveクォータ情報を正常に取得しました (使用率: 0%)
[2025-04-09 14:45:21] [INFO] ユーザー t-kadota@mirai-const.co.jp のOneDriveクォータ情報を正常に取得しました (使用率: 0%)
[2025-04-09 14:45:21] [INFO] ユーザー t-kanda@mirai-const.co.jp のOneDriveクォータ情報を正常に取得しました (使用率: 0%)
[2025-04-09 14:45:22] [INFO] ユーザー t-kashiwabara@mirai-const.co.jp のOneDriveクォータ情報を正常に取得しました (使用率: 0%)
[2025-04-09 14:45:22] [INFO] ユーザー t-kinoh@mirai-const.co.jp のOneDriveクォータ情報を正常に取得しました (使用率: 0.79%)
[2025-04-09 14:45:22] [INFO] ユーザー t-kitaoka@mirai-const.co.jp のOneDriveクォータ情報を正常に取得しました (使用率: 0%)
[2025-04-09 14:45:22] [INFO] ユーザー t-konishi@mirai-const.co.jp のOneDriveクォータ情報を正常に取得しました (使用率: 0%)
[2025-04-09 14:45:23] [INFO] ユーザー t-kudoh@mirai-const.co.jp のOneDriveクォータ情報を正常に取得しました (使用率: 0%)
[2025-04-09 14:45:23] [WARNING] ユーザー t-kumai@miraiconst.onmicrosoft.com のOneDriveクォータ情報取得に失敗: 404 ()
[2025-04-09 14:45:23] [INFO] ユーザー t-kunogi@mirai-const.co.jp のOneDriveクォータ情報を正常に取得しました (使用率: 0%)
[2025-04-09 14:45:23] [INFO] ユーザー t-kuronaga@mirai-const.co.jp のOneDriveクォータ情報を正常に取得しました (使用率: 0%)
[2025-04-09 14:45:23] [INFO] ユーザー t-maegata@mirai-const.co.jp のOneDriveクォータ情報を正常に取得しました (使用率: 0%)
[2025-04-09 14:45:24] [INFO] ユーザー t-marukawa@mirai-const.co.jp のOneDriveクォータ情報を正常に取得しました (使用率: 0%)
[2025-04-09 14:45:24] [INFO] ユーザー t-matoba@mirai-const.co.jp のOneDriveクォータ情報を正常に取得しました (使用率: 0.01%)
[2025-04-09 14:45:24] [INFO] ユーザー t-matsuda@mirai-const.co.jp のOneDriveクォータ情報を正常に取得しました (使用率: 0%)
[2025-04-09 14:45:24] [INFO] ユーザー t-minari@mirai-const.co.jp のOneDriveクォータ情報を正常に取得しました (使用率: 1.62%)
[2025-04-09 14:45:25] [INFO] ユーザー t-mino@mirai-const.co.jp のOneDriveクォータ情報を正常に取得しました (使用率: 0%)
[2025-04-09 14:45:25] [INFO] ユーザー t-miyoshi@mirai-const.co.jp のOneDriveクォータ情報を正常に取得しました (使用率: 0%)
[2025-04-09 14:45:25] [INFO] ユーザー t-mochizuki@mirai-const.co.jp のOneDriveクォータ情報を正常に取得しました (使用率: 0%)
[2025-04-09 14:45:25] [INFO] ユーザー t-mori@mirai-const.co.jp のOneDriveクォータ情報を正常に取得しました (使用率: 0.58%)
[2025-04-09 14:45:26] [INFO] ユーザー t-nagakawa@mirai-const.co.jp のOneDriveクォータ情報を正常に取得しました (使用率: 0%)
[2025-04-09 14:45:26] [INFO] ユーザー t-nakata@mirai-const.co.jp のOneDriveクォータ情報を正常に取得しました (使用率: 0%)
[2025-04-09 14:45:26] [INFO] ユーザー t-namasu@mirai-const.co.jp のOneDriveクォータ情報を正常に取得しました (使用率: 0%)
[2025-04-09 14:45:27] [INFO] ユーザー t-niioka@mirai-const.co.jp のOneDriveクォータ情報を正常に取得しました (使用率: 0%)
[2025-04-09 14:45:27] [INFO] ユーザー t-nishikawa@mirai-const.co.jp のOneDriveクォータ情報を正常に取得しました (使用率: 0%)
[2025-04-09 14:45:27] [INFO] ユーザー t-nishioka@mirai-const.co.jp のOneDriveクォータ情報を正常に取得しました (使用率: 0%)
[2025-04-09 14:45:28] [INFO] ユーザー t-ohkuma@mirai-const.co.jp のOneDriveクォータ情報を正常に取得しました (使用率: 0%)
[2025-04-09 14:45:28] [INFO] ユーザー t-ohno@mirai-const.co.jp のOneDriveクォータ情報を正常に取得しました (使用率: 0%)
[2025-04-09 14:45:28] [INFO] ユーザー t-oyama@mirai-const.co.jp のOneDriveクォータ情報を正常に取得しました (使用率: 0%)
[2025-04-09 14:45:28] [INFO] ユーザー t-rikitake@mirai-const.co.jp のOneDriveクォータ情報を正常に取得しました (使用率: 0%)
[2025-04-09 14:45:28] [INFO] ユーザー t-saeki@mirai-const.co.jp のOneDriveクォータ情報を正常に取得しました (使用率: 0%)
[2025-04-09 14:45:29] [INFO] ユーザー t-satake@mirai-const.co.jp のOneDriveクォータ情報を正常に取得しました (使用率: 0%)
[2025-04-09 14:45:29] [INFO] ユーザー t-satoh@mirai-const.co.jp のOneDriveクォータ情報を正常に取得しました (使用率: 0%)
[2025-04-09 14:45:30] [INFO] ユーザー t-sawada@mirai-const.co.jp のOneDriveクォータ情報を正常に取得しました (使用率: 0%)
[2025-04-09 14:45:30] [INFO] ユーザー t-shiba@mirai-const.co.jp のOneDriveクォータ情報を正常に取得しました (使用率: 0%)
[2025-04-09 14:45:30] [INFO] ユーザー t-shimabukuro@mirai-const.co.jp のOneDriveクォータ情報を正常に取得しました (使用率: 0%)
[2025-04-09 14:45:30] [INFO] ユーザー t-sugamoto@mirai-const.co.jp のOneDriveクォータ情報を正常に取得しました (使用率: 0.02%)
[2025-04-09 14:45:31] [INFO] ユーザー t-takayanagi@mirai-const.co.jp のOneDriveクォータ情報を正常に取得しました (使用率: 0%)
[2025-04-09 14:45:31] [INFO] ユーザー t-teruya@mirai-const.co.jp のOneDriveクォータ情報を正常に取得しました (使用率: 1.27%)
[2025-04-09 14:45:31] [INFO] ユーザー t-tsukushi@mirai-const.co.jp のOneDriveクォータ情報を正常に取得しました (使用率: 0%)
[2025-04-09 14:45:32] [INFO] ユーザー t-yaginuma@mirai-const.co.jp のOneDriveクォータ情報を正常に取得しました (使用率: 1.15%)
[2025-04-09 14:45:32] [INFO] ユーザー t-yahiro@mirai-const.co.jp のOneDriveクォータ情報を正常に取得しました (使用率: 0%)
[2025-04-09 14:45:32] [INFO] ユーザー t-yamada@mirai-const.co.jp のOneDriveクォータ情報を正常に取得しました (使用率: 0%)
[2025-04-09 14:45:32] [INFO] ユーザー t-yamaguchi@mirai-const.co.jp のOneDriveクォータ情報を正常に取得しました (使用率: 0%)
[2025-04-09 14:45:33] [INFO] ユーザー t-yoshida@mirai-const.co.jp のOneDriveクォータ情報を正常に取得しました (使用率: 0%)
[2025-04-09 14:45:33] [INFO] ユーザー t-yoshikawa@mirai-const.co.jp のOneDriveクォータ情報を正常に取得しました (使用率: 0%)
[2025-04-09 14:45:33] [INFO] ユーザー t-zaw@mirai-const.co.jp のOneDriveクォータ情報を正常に取得しました (使用率: 0%)
[2025-04-09 14:45:33] [INFO] ユーザー ta-fukazawa@mirai-const.co.jp のOneDriveクォータ情報を正常に取得しました (使用率: 0%)
[2025-04-09 14:45:34] [INFO] ユーザー ta-nakata@mirai-const.co.jp のOneDriveクォータ情報を正常に取得しました (使用率: 0.01%)
[2025-04-09 14:45:34] [INFO] ユーザー ta-saitoh@mirai-const.co.jp のOneDriveクォータ情報を正常に取得しました (使用率: 0%)
[2025-04-09 14:45:34] [INFO] ユーザー ta-suzuki@mirai-const.co.jp のOneDriveクォータ情報を正常に取得しました (使用率: 0%)
[2025-04-09 14:45:35] [INFO] ユーザー tak-kimura@mirai-const.co.jp のOneDriveクォータ情報を正常に取得しました (使用率: 0%)
[2025-04-09 14:45:35] [INFO] ユーザー tak-yamamoto@mirai-const.co.jp のOneDriveクォータ情報を正常に取得しました (使用率: 0%)
[2025-04-09 14:45:35] [INFO] ユーザー takuro.kumada_aaconst.co.jp#EXT#@miraiconst.onmicrosoft.com はOneDrive非対応のためスキップされました (種別: Guest, 状態: 有効)
[2025-04-09 14:45:35] [INFO] ユーザー te-abe@mirai-const.co.jp のOneDriveクォータ情報を正常に取得しました (使用率: 0.01%)
[2025-04-09 14:45:35] [INFO] ユーザー te-uemura@mirai-const.co.jp のOneDriveクォータ情報を正常に取得しました (使用率: 0%)
[2025-04-09 14:45:35] [WARNING] ユーザー tech@miraiconst.onmicrosoft.com のOneDriveクォータ情報取得に失敗: 404 ()
[2025-04-09 14:45:36] [INFO] ユーザー to-ueda@mirai-const.co.jp のOneDriveクォータ情報を正常に取得しました (使用率: 0%)
[2025-04-09 14:45:36] [WARNING] ユーザー tohoku-rakuraku@mirai-const.co.jp のOneDriveクォータ情報取得に失敗: 404 ()
[2025-04-09 14:45:36] [WARNING] ユーザー tokyo-rakuraku@mirai-const.co.jp のOneDriveクォータ情報取得に失敗: 404 ()
[2025-04-09 14:45:36] [WARNING] ユーザー tokyokoji@miraiconst.onmicrosoft.com のOneDriveクォータ情報取得に失敗: 404 ()
[2025-04-09 14:45:36] [WARNING] ユーザー tokyokouji-rakuraku@mirai-const.co.jp のOneDriveクォータ情報取得に失敗: 404 ()
[2025-04-09 14:45:37] [INFO] ユーザー tom-katoh@mirai-const.co.jp のOneDriveクォータ情報を正常に取得しました (使用率: 0%)
[2025-04-09 14:45:37] [INFO] ユーザー tsubokawa-y92y2_mlit.go.jp#EXT#@miraiconst.onmicrosoft.com はOneDrive非対応のためスキップされました (種別: Guest, 状態: 有効)
[2025-04-09 14:45:37] [INFO] ユーザー tu-yamada@mirai-const.co.jp のOneDriveクォータ情報を正常に取得しました (使用率: 0%)
[2025-04-09 14:45:37] [INFO] ユーザー webadmin@miraiconst.onmicrosoft.com はOneDrive非対応のためスキップされました (種別: Member, 状態: 有効)
[2025-04-09 14:45:37] [INFO] ユーザー y-aiba@mirai-const.co.jp のOneDriveクォータ情報を正常に取得しました (使用率: 0%)
[2025-04-09 14:45:38] [INFO] ユーザー y-fukuoka@mirai-const.co.jp のOneDriveクォータ情報を正常に取得しました (使用率: 0%)
[2025-04-09 14:45:38] [INFO] ユーザー y-hara@mirai-const.co.jp のOneDriveクォータ情報を正常に取得しました (使用率: 0%)
[2025-04-09 14:45:38] [INFO] ユーザー y-hashimoto@mirai-const.co.jp のOneDriveクォータ情報を正常に取得しました (使用率: 0.64%)
[2025-04-09 14:45:38] [INFO] ユーザー y-hayashi@mirai-const.co.jp のOneDriveクォータ情報を正常に取得しました (使用率: 0%)
[2025-04-09 14:45:39] [INFO] ユーザー y-hioki@mirai-const.co.jp のOneDriveクォータ情報を正常に取得しました (使用率: 0%)
[2025-04-09 14:45:39] [INFO] ユーザー y-hirakawa@mirai-const.co.jp のOneDriveクォータ情報を正常に取得しました (使用率: 0%)
[2025-04-09 14:45:39] [INFO] ユーザー y-ichikawa@mirai-const.co.jp のOneDriveクォータ情報を正常に取得しました (使用率: 0%)
[2025-04-09 14:45:39] [INFO] ユーザー y-ichiyama@mirai-const.co.jp のOneDriveクォータ情報を正常に取得しました (使用率: 0%)
[2025-04-09 14:45:40] [INFO] ユーザー y-iino@mirai-const.co.jp のOneDriveクォータ情報を正常に取得しました (使用率: 0%)
[2025-04-09 14:45:40] [INFO] ユーザー y-imasawa@mirai-const.co.jp のOneDriveクォータ情報を正常に取得しました (使用率: 0%)
[2025-04-09 14:45:40] [INFO] ユーザー y-iwakiri@mirai-const.co.jp のOneDriveクォータ情報を正常に取得しました (使用率: 0%)
[2025-04-09 14:45:41] [INFO] ユーザー y-kamei@mirai-const.co.jp のOneDriveクォータ情報を正常に取得しました (使用率: 0.1%)
[2025-04-09 14:45:41] [INFO] ユーザー y-katsuma@mirai-const.co.jp のOneDriveクォータ情報を正常に取得しました (使用率: 0%)
[2025-04-09 14:45:42] [INFO] ユーザー y-kawano@mirai-const.co.jp のOneDriveクォータ情報を正常に取得しました (使用率: 0%)
[2025-04-09 14:45:42] [INFO] ユーザー y-kuroda@mirai-const.co.jp のOneDriveクォータ情報を正常に取得しました (使用率: 0%)
[2025-04-09 14:45:42] [INFO] ユーザー y-kuroiwa@mirai-const.co.jp のOneDriveクォータ情報を正常に取得しました (使用率: 1.44%)
[2025-04-09 14:45:43] [INFO] ユーザー y-miyazaki@mirai-const.co.jp のOneDriveクォータ情報を正常に取得しました (使用率: 0%)
[2025-04-09 14:45:43] [INFO] ユーザー y-morikawa@mirai-const.co.jp のOneDriveクォータ情報を正常に取得しました (使用率: 0%)
[2025-04-09 14:45:43] [INFO] ユーザー y-morishima@mirai-const.co.jp のOneDriveクォータ情報を正常に取得しました (使用率: 1.8%)
[2025-04-09 14:45:44] [INFO] ユーザー y-naing@mirai-const.co.jp のOneDriveクォータ情報を正常に取得しました (使用率: 0%)
[2025-04-09 14:45:44] [INFO] ユーザー y-nakamura@mirai-const.co.jp のOneDriveクォータ情報を正常に取得しました (使用率: 0%)
[2025-04-09 14:45:44] [INFO] ユーザー y-nishida@mirai-const.co.jp のOneDriveクォータ情報を正常に取得しました (使用率: 0%)
[2025-04-09 14:45:44] [INFO] ユーザー y-ogawa@mirai-const.co.jp のOneDriveクォータ情報を正常に取得しました (使用率: 0%)
[2025-04-09 14:45:45] [INFO] ユーザー y-ohmoto@mirai-const.co.jp のOneDriveクォータ情報を正常に取得しました (使用率: 0%)
[2025-04-09 14:45:45] [INFO] ユーザー y-ohmura@mirai-const.co.jp のOneDriveクォータ情報を正常に取得しました (使用率: 0%)
[2025-04-09 14:45:45] [INFO] ユーザー y-ohnishi@mirai-const.co.jp のOneDriveクォータ情報を正常に取得しました (使用率: 0%)
[2025-04-09 14:45:45] [INFO] ユーザー y-ohno@mirai-const.co.jp のOneDriveクォータ情報を正常に取得しました (使用率: 0%)
[2025-04-09 14:45:46] [INFO] ユーザー y-ohzono@mirai-const.co.jp のOneDriveクォータ情報を正常に取得しました (使用率: 0%)
[2025-04-09 14:45:46] [INFO] ユーザー y-okabe@mirai-const.co.jp のOneDriveクォータ情報を正常に取得しました (使用率: 0%)
[2025-04-09 14:45:46] [INFO] ユーザー y-okai@mirai-const.co.jp のOneDriveクォータ情報を正常に取得しました (使用率: 0%)
[2025-04-09 14:45:46] [INFO] ユーザー y-okuhara@mirai-const.co.jp のOneDriveクォータ情報を正常に取得しました (使用率: 0.01%)
[2025-04-09 14:45:47] [INFO] ユーザー y-shigemura@mirai-const.co.jp のOneDriveクォータ情報を正常に取得しました (使用率: 0%)
[2025-04-09 14:45:47] [INFO] ユーザー y-shimizu@mirai-const.co.jp のOneDriveクォータ情報を正常に取得しました (使用率: 0%)
[2025-04-09 14:45:47] [INFO] ユーザー y-shiozawa@mirai-const.co.jp のOneDriveクォータ情報を正常に取得しました (使用率: 0%)
[2025-04-09 14:45:47] [INFO] ユーザー y-tachikawa@mirai-const.co.jp のOneDriveクォータ情報を正常に取得しました (使用率: 0%)
[2025-04-09 14:45:47] [WARNING] ユーザー y-tajima@mirai-const.co.jp のOneDriveクォータ情報取得に失敗: 404 ()
[2025-04-09 14:45:48] [INFO] ユーザー y-takaoka@mirai-const.co.jp のOneDriveクォータ情報を正常に取得しました (使用率: 0%)
[2025-04-09 14:45:48] [INFO] ユーザー y-tanaka@mirai-const.co.jp のOneDriveクォータ情報を正常に取得しました (使用率: 0%)
[2025-04-09 14:45:48] [INFO] ユーザー y-tohmoto@mirai-const.co.jp のOneDriveクォータ情報を正常に取得しました (使用率: 0%)
[2025-04-09 14:45:48] [INFO] ユーザー y-tomioka@mirai-const.co.jp のOneDriveクォータ情報を正常に取得しました (使用率: 0.03%)
[2025-04-09 14:45:49] [INFO] ユーザー y-tsuji@mirai-const.co.jp のOneDriveクォータ情報を正常に取得しました (使用率: 1.04%)
[2025-04-09 14:45:49] [WARNING] ユーザー y-tsuzuki@mirai-const.co.jp のOneDriveクォータ情報取得に失敗: 404 ()
[2025-04-09 14:45:49] [INFO] ユーザー y-ueda@mirai-const.co.jp のOneDriveクォータ情報を正常に取得しました (使用率: 0.31%)
[2025-04-09 14:45:49] [WARNING] ユーザー y-ueno@mirai-const.co.jp のOneDriveクォータ情報取得に失敗: 404 ()
[2025-04-09 14:45:49] [INFO] ユーザー y-wada@mirai-const.co.jp のOneDriveクォータ情報を正常に取得しました (使用率: 0.02%)
[2025-04-09 14:45:50] [INFO] ユーザー y-yamada@mirai-const.co.jp のOneDriveクォータ情報を正常に取得しました (使用率: 0%)
[2025-04-09 14:45:50] [INFO] ユーザー y-yoshimori@mirai-const.co.jp のOneDriveクォータ情報を正常に取得しました (使用率: 0%)
[2025-04-09 14:45:50] [INFO] ユーザー yamasaki-s89fa_mlit.go.jp#EXT#@miraiconst.onmicrosoft.com はOneDrive非対応のためスキップされました (種別: Guest, 状態: 有効)
[2025-04-09 14:45:50] [INFO] ユーザー yk-takahashi_mitsuifudosan.co.jp#EXT#@miraiconst.onmicrosoft.com はOneDrive非対応のためスキップされました (種別: Guest, 状態: 有効)
[2025-04-09 14:45:50] [INFO] ユーザー yo-nakajima@mirai-const.co.jp のOneDriveクォータ情報を正常に取得しました (使用率: 0%)
[2025-04-09 14:45:50] [WARNING] ユーザー yokohama-rakuraku@mirai-const.co.jp のOneDriveクォータ情報取得に失敗: 404 ()
[2025-04-09 14:45:51] [INFO] ユーザー yosh-ohno@mirai-const.co.jp のOneDriveクォータ情報を正常に取得しました (使用率: 0%)
[2025-04-09 14:45:51] [INFO] ユーザー ys-yamamoto_apptec.co.jp#EXT#@miraiconst.onmicrosoft.com はOneDrive非対応のためスキップされました (種別: Guest, 状態: 有効)
[2025-04-09 14:45:51] [INFO] ユーザー yu-kumagai@mirai-const.co.jp のOneDriveクォータ情報を正常に取得しました (使用率: 0%)
[2025-04-09 14:45:51] [INFO] ユーザー yu-ohnishi@mirai-const.co.jp のOneDriveクォータ情報を正常に取得しました (使用率: 0.06%)
[2025-04-09 14:45:52] [INFO] ユーザー yu-satoh@mirai-const.co.jp のOneDriveクォータ情報を正常に取得しました (使用率: 0%)
[2025-04-09 14:45:52] [INFO] ユーザー yu-tanaka@mirai-const.co.jp のOneDriveクォータ情報を正常に取得しました (使用率: 0%)
[2025-04-09 14:45:52] [INFO] ユーザー yu-ueno@mirai-const.co.jp のOneDriveクォータ情報を正常に取得しました (使用率: 0%)
[2025-04-09 14:45:53] [INFO] ユーザー yuuki-ogawa@mirai-const.co.jp のOneDriveクォータ情報を正常に取得しました (使用率: 0%)
[2025-04-09 14:45:53] [INFO] ユーザー z-htwe@mirai-const.co.jp のOneDriveクォータ情報を正常に取得しました (使用率: 0%)
[2025-04-09 14:45:53] [WARNING] ユーザー zaimu@mirai-const.co.jp のOneDriveクォータ情報取得に失敗: 404 ()
[2025-04-09 14:45:53] [SUCCESS] OneDriveクォータ情報の取得が完了しました。取得件数: 524
[2025-04-09 14:45:53] [SUCCESS] CSVファイルを作成しました: C:\kitting\OneDriveforBusinessManagementSystem\OneDriveManagement.20250409\Basic_Data_Collection.20250409\OneDriveQuota.20250409144553.csv
[2025-04-09 14:45:53] [INFO] Excelでファイルを開いて列幅の調整とフィルターの適用を行います...
[2025-04-09 14:46:05] [SUCCESS] Excelでの処理が完了しました。
[2025-04-09 14:46:06] [DEBUG] HTMLコンテンツの長さ: 4100
[2025-04-09 14:46:06] [DEBUG] JSコンテンツの長さ: 0
[2025-04-09 14:46:06] [SUCCESS] JavaScriptファイルを作成しました: C:\kitting\OneDriveforBusinessManagementSystem\OneDriveManagement.20250409\Basic_Data_Collection.20250409\OneDriveQuota.20250409144553.js (サイズ: 0バイト)
[2025-04-09 14:46:06] [SUCCESS] HTMLファイルを作成しました: C:\kitting\OneDriveforBusinessManagementSystem\OneDriveManagement.20250409\Basic_Data_Collection.20250409\OneDriveQuota.20250409144553.html (サイズ: 4438バイト)
