[2025-04-09 09:34:20] [INFO] ストレージクォータ取得を開始します
[2025-04-09 09:34:20] [INFO] 出力ディレクトリ: C:\kitting\OneDriveforBusinessManagementSystem\OneDriveManagement.20250409\Basic_Data_Collection.20250409
[2025-04-09 09:34:20] [INFO] ログディレクトリ: C:\kitting\OneDriveforBusinessManagementSystem\OneDriveManagement.20250409\Log
[2025-04-09 09:34:20] [INFO] トークンファイルからアクセストークンを読み込みました
[2025-04-09 09:34:20] [WARNING] Graph接続済みですが、ユーザー情報は取得できません。
[2025-04-09 09:34:20] [WARNING] Graph接続済みですが、ユーザー情報は取得できません。
[2025-04-09 09:34:20] [INFO] Microsoft Graph REST APIで全ユーザー情報を取得します...
[2025-04-09 09:34:20] [INFO] トークンにBearerプレフィックスを追加しました
[2025-04-09 09:34:28] [WARNING] ユーザー admin@miraiconst.onmicrosoft.com のOneDriveクォータ情報を取得できませんでした: 
{
  "error": {
    "code": "ResourceNotFound",
    "message": "User\u0027s mysite not found.",
    "innerError": {
      "date": "2025-04-09T00:34:28",
      "request-id": "7d8adc0f-fe5d-4860-8fd8-334a7b901c87",
      "client-request-id": "7d8adc0f-fe5d-4860-8fd8-334a7b901c87"
    }
  }
}
[2025-04-09 09:34:28] [WARNING] ユーザー admin1@miraiconst.onmicrosoft.com のOneDriveクォータ情報を取得できませんでした: 
{
  "error": {
    "code": "ResourceNotFound",
    "message": "User\u0027s mysite not found.",
    "innerError": {
      "date": "2025-04-09T00:34:28",
      "request-id": "c920c359-4ed5-4512-924c-997ae702d505",
      "client-request-id": "c920c359-4ed5-4512-924c-997ae702d505"
    }
  }
}
[2025-04-09 09:34:29] [WARNING] ユーザー amazon-biz@mirai-const.co.jp のOneDriveクォータ情報を取得できませんでした: 
{
  "error": {
    "code": "ResourceNotFound",
    "message": "User\u0027s mysite not found.",
    "innerError": {
      "date": "2025-04-09T00:34:29",
      "request-id": "86324db9-e864-4168-8a54-04e57badc0e5",
      "client-request-id": "86324db9-e864-4168-8a54-04e57badc0e5"
    }
  }
}
[2025-04-09 09:34:29] [WARNING] ユーザー aomori-rakuraku@mirai-const.co.jp のOneDriveクォータ情報を取得できませんでした: 
{
  "error": {
    "code": "ResourceNotFound",
    "message": "User\u0027s mysite not found.",
    "innerError": {
      "date": "2025-04-09T00:34:29",
      "request-id": "e803beb1-80cd-42a9-8b95-cb3d52ddbc95",
      "client-request-id": "e803beb1-80cd-42a9-8b95-cb3d52ddbc95"
    }
  }
}
[2025-04-09 09:34:29] [WARNING] ユーザー apple-id@miraiconst.onmicrosoft.com のOneDriveクォータ情報を取得できませんでした: 
{
  "error": {
    "code": "ResourceNotFound",
    "message": "User\u0027s mysite not found.",
    "innerError": {
      "date": "2025-04-09T00:34:29",
      "request-id": "ffa30138-727c-4e39-ab75-8278171a064b",
      "client-request-id": "ffa30138-727c-4e39-ab75-8278171a064b"
    }
  }
}
[2025-04-09 09:34:29] [WARNING] ユーザー ariake-rakuraku@mirai-const.co.jp のOneDriveクォータ情報を取得できませんでした: 
{
  "error": {
    "code": "ResourceNotFound",
    "message": "User\u0027s mysite not found.",
    "innerError": {
      "date": "2025-04-09T00:34:29",
      "request-id": "9a6cf410-54ae-4d0d-9ac9-046c799fcbff",
      "client-request-id": "9a6cf410-54ae-4d0d-9ac9-046c799fcbff"
    }
  }
}
[2025-04-09 09:34:29] [WARNING] ユーザー ats-watanabe_mitsuifudosan.co.jp#EXT#@miraiconst.onmicrosoft.com のOneDriveクォータ情報を取得できませんでした: 
{
  "error": {
    "code": "ResourceNotFound",
    "message": "User\u0027s mysite not found.",
    "innerError": {
      "date": "2025-04-09T00:34:29",
      "request-id": "e8c3134b-1d4a-49b4-a131-d8b487336e50",
      "client-request-id": "e8c3134b-1d4a-49b4-a131-d8b487336e50"
    }
  }
}
[2025-04-09 09:34:30] [WARNING] ユーザー bid-info@mirai-const.co.jp のOneDriveクォータ情報を取得できませんでした: 
{
  "error": {
    "code": "ResourceNotFound",
    "message": "User\u0027s mysite not found.",
    "innerError": {
      "date": "2025-04-09T00:34:30",
      "request-id": "c19e217c-87c9-4aa8-9151-01ac42a3ca2d",
      "client-request-id": "c19e217c-87c9-4aa8-9151-01ac42a3ca2d"
    }
  }
}
[2025-04-09 09:34:30] [WARNING] ユーザー bid-info01m@mirai-const.co.jp のOneDriveクォータ情報を取得できませんでした: 
{
  "error": {
    "code": "ResourceNotFound",
    "message": "User\u0027s mysite not found.",
    "innerError": {
      "date": "2025-04-09T00:34:30",
      "request-id": "219ed016-1412-4e40-8e15-a59c3c8a3ce0",
      "client-request-id": "219ed016-1412-4e40-8e15-a59c3c8a3ce0"
    }
  }
}
[2025-04-09 09:34:30] [WARNING] ユーザー bid-info02m@mirai-const.co.jp のOneDriveクォータ情報を取得できませんでした: 
{
  "error": {
    "code": "ResourceNotFound",
    "message": "User\u0027s mysite not found.",
    "innerError": {
      "date": "2025-04-09T00:34:30",
      "request-id": "377ccd28-52ce-4699-ab7a-4350ea9d5bd4",
      "client-request-id": "377ccd28-52ce-4699-ab7a-4350ea9d5bd4"
    }
  }
}
[2025-04-09 09:34:30] [WARNING] ユーザー bid-info03m@mirai-const.co.jp のOneDriveクォータ情報を取得できませんでした: 
{
  "error": {
    "code": "ResourceNotFound",
    "message": "User\u0027s mysite not found.",
    "innerError": {
      "date": "2025-04-09T00:34:30",
      "request-id": "ceb7f34d-91ff-47c9-b8da-4d63fe0fa884",
      "client-request-id": "ceb7f34d-91ff-47c9-b8da-4d63fe0fa884"
    }
  }
}
[2025-04-09 09:34:30] [WARNING] ユーザー bid-info04m@mirai-const.co.jp のOneDriveクォータ情報を取得できませんでした: 
{
  "error": {
    "code": "ResourceNotFound",
    "message": "User\u0027s mysite not found.",
    "innerError": {
      "date": "2025-04-09T00:34:30",
      "request-id": "1b7d244d-9d1a-4e4a-a16e-4b4f11af3a29",
      "client-request-id": "1b7d244d-9d1a-4e4a-a16e-4b4f11af3a29"
    }
  }
}
[2025-04-09 09:34:31] [WARNING] ユーザー bid-info05m@mirai-const.co.jp のOneDriveクォータ情報を取得できませんでした: 
{
  "error": {
    "code": "ResourceNotFound",
    "message": "User\u0027s mysite not found.",
    "innerError": {
      "date": "2025-04-09T00:34:31",
      "request-id": "063daa42-0f54-4527-8fc9-ce5f901224bd",
      "client-request-id": "063daa42-0f54-4527-8fc9-ce5f901224bd"
    }
  }
}
[2025-04-09 09:34:31] [WARNING] ユーザー bid-info06m@mirai-const.co.jp のOneDriveクォータ情報を取得できませんでした: 
{
  "error": {
    "code": "ResourceNotFound",
    "message": "User\u0027s mysite not found.",
    "innerError": {
      "date": "2025-04-09T00:34:31",
      "request-id": "656c0506-9cee-4e82-a6f6-ca6425447186",
      "client-request-id": "656c0506-9cee-4e82-a6f6-ca6425447186"
    }
  }
}
[2025-04-09 09:34:31] [WARNING] ユーザー bid-info07m@mirai-const.co.jp のOneDriveクォータ情報を取得できませんでした: 
{
  "error": {
    "code": "ResourceNotFound",
    "message": "User\u0027s mysite not found.",
    "innerError": {
      "date": "2025-04-09T00:34:31",
      "request-id": "dd8ae06c-9b79-4eff-bd40-2090ba005229",
      "client-request-id": "dd8ae06c-9b79-4eff-bd40-2090ba005229"
    }
  }
}
[2025-04-09 09:34:31] [WARNING] ユーザー bid-info08m@mirai-const.co.jp のOneDriveクォータ情報を取得できませんでした: 
{
  "error": {
    "code": "ResourceNotFound",
    "message": "User\u0027s mysite not found.",
    "innerError": {
      "date": "2025-04-09T00:34:31",
      "request-id": "631c08c9-40b9-434c-8709-993dfc8ed70f",
      "client-request-id": "631c08c9-40b9-434c-8709-993dfc8ed70f"
    }
  }
}
[2025-04-09 09:34:31] [WARNING] ユーザー bid-info09m@mirai-const.co.jp のOneDriveクォータ情報を取得できませんでした: 
{
  "error": {
    "code": "ResourceNotFound",
    "message": "User\u0027s mysite not found.",
    "innerError": {
      "date": "2025-04-09T00:34:31",
      "request-id": "88f12be6-b911-4577-96ca-27e32fe41962",
      "client-request-id": "88f12be6-b911-4577-96ca-27e32fe41962"
    }
  }
}
[2025-04-09 09:34:31] [WARNING] ユーザー bid-info10m@mirai-const.co.jp のOneDriveクォータ情報を取得できませんでした: 
{
  "error": {
    "code": "ResourceNotFound",
    "message": "User\u0027s mysite not found.",
    "innerError": {
      "date": "2025-04-09T00:34:31",
      "request-id": "f9c7d50a-e644-41b8-90d6-59791c927e04",
      "client-request-id": "f9c7d50a-e644-41b8-90d6-59791c927e04"
    }
  }
}
[2025-04-09 09:34:32] [WARNING] ユーザー bid-info11m@mirai-const.co.jp のOneDriveクォータ情報を取得できませんでした: 
{
  "error": {
    "code": "ResourceNotFound",
    "message": "User\u0027s mysite not found.",
    "innerError": {
      "date": "2025-04-09T00:34:32",
      "request-id": "edd6ffb1-d33d-4452-8573-9285c3f269b2",
      "client-request-id": "edd6ffb1-d33d-4452-8573-9285c3f269b2"
    }
  }
}
[2025-04-09 09:34:32] [WARNING] ユーザー bid-info12m@mirai-const.co.jp のOneDriveクォータ情報を取得できませんでした: 
{
  "error": {
    "code": "ResourceNotFound",
    "message": "User\u0027s mysite not found.",
    "innerError": {
      "date": "2025-04-09T00:34:32",
      "request-id": "ab7daa30-97fd-49b7-88c1-70919fa3e31b",
      "client-request-id": "ab7daa30-97fd-49b7-88c1-70919fa3e31b"
    }
  }
}
[2025-04-09 09:34:33] [WARNING] ユーザー cad-master@miraiconst.onmicrosoft.com のOneDriveクォータ情報を取得できませんでした: 
{
  "error": {
    "code": "ResourceNotFound",
    "message": "User\u0027s mysite not found.",
    "innerError": {
      "date": "2025-04-09T00:34:33",
      "request-id": "ed043aab-8742-4fd1-aa02-ffadba04d1c6",
      "client-request-id": "ed043aab-8742-4fd1-aa02-ffadba04d1c6"
    }
  }
}
[2025-04-09 09:34:33] [WARNING] ユーザー chiba-rakuraku@mirai-const.co.jp のOneDriveクォータ情報を取得できませんでした: 
{
  "error": {
    "code": "ResourceNotFound",
    "message": "User\u0027s mysite not found.",
    "innerError": {
      "date": "2025-04-09T00:34:33",
      "request-id": "86b715da-0f15-48ea-b934-d4d1a89c8c0f",
      "client-request-id": "86b715da-0f15-48ea-b934-d4d1a89c8c0f"
    }
  }
}
[2025-04-09 09:34:33] [WARNING] ユーザー chubu-rakuraku@mirai-const.co.jp のOneDriveクォータ情報を取得できませんでした: 
{
  "error": {
    "code": "ResourceNotFound",
    "message": "User\u0027s mysite not found.",
    "innerError": {
      "date": "2025-04-09T00:34:33",
      "request-id": "5508787d-8b9f-4c4e-bd42-b74bf1b47443",
      "client-request-id": "5508787d-8b9f-4c4e-bd42-b74bf1b47443"
    }
  }
}
[2025-04-09 09:34:33] [WARNING] ユーザー chubu@miraiconst.onmicrosoft.com のOneDriveクォータ情報を取得できませんでした: 
{
  "error": {
    "code": "ResourceNotFound",
    "message": "User\u0027s mysite not found.",
    "innerError": {
      "date": "2025-04-09T00:34:33",
      "request-id": "7e420bae-b6d6-4447-9898-42fa55cec0b6",
      "client-request-id": "7e420bae-b6d6-4447-9898-42fa55cec0b6"
    }
  }
}
[2025-04-09 09:34:33] [WARNING] ユーザー chugoku-rakuraku@mirai-const.co.jp のOneDriveクォータ情報を取得できませんでした: 
{
  "error": {
    "code": "ResourceNotFound",
    "message": "User\u0027s mysite not found.",
    "innerError": {
      "date": "2025-04-09T00:34:33",
      "request-id": "db7c2a8d-1078-4807-a895-b4c8bba23805",
      "client-request-id": "db7c2a8d-1078-4807-a895-b4c8bba23805"
    }
  }
}
[2025-04-09 09:34:34] [WARNING] ユーザー cim-master@mirai-const.co.jp のOneDriveクォータ情報を取得できませんでした: 
{
  "error": {
    "code": "ResourceNotFound",
    "message": "User\u0027s mysite not found.",
    "innerError": {
      "date": "2025-04-09T00:34:34",
      "request-id": "989ec50c-7fc3-4882-afb8-1c3c22a4d801",
      "client-request-id": "989ec50c-7fc3-4882-afb8-1c3c22a4d801"
    }
  }
}
[2025-04-09 09:34:34] [WARNING] ユーザー cim-master01@mirai-const.co.jp のOneDriveクォータ情報を取得できませんでした: 
{
  "error": {
    "code": "ResourceNotFound",
    "message": "User\u0027s mysite not found.",
    "innerError": {
      "date": "2025-04-09T00:34:34",
      "request-id": "0a5c204f-dcf5-47ce-9fd1-06b0931b4c18",
      "client-request-id": "0a5c204f-dcf5-47ce-9fd1-06b0931b4c18"
    }
  }
}
[2025-04-09 09:34:34] [WARNING] ユーザー cim-master02@mirai-const.co.jp のOneDriveクォータ情報を取得できませんでした: 
{
  "error": {
    "code": "ResourceNotFound",
    "message": "User\u0027s mysite not found.",
    "innerError": {
      "date": "2025-04-09T00:34:34",
      "request-id": "642b258d-7ebe-48fa-9829-196546b5158e",
      "client-request-id": "642b258d-7ebe-48fa-9829-196546b5158e"
    }
  }
}
[2025-04-09 09:34:34] [WARNING] ユーザー cim-master03@mirai-const.co.jp のOneDriveクォータ情報を取得できませんでした: 
{
  "error": {
    "code": "ResourceNotFound",
    "message": "User\u0027s mysite not found.",
    "innerError": {
      "date": "2025-04-09T00:34:34",
      "request-id": "5ca8235e-7d05-4fdb-b8ce-e44d0c289e02",
      "client-request-id": "5ca8235e-7d05-4fdb-b8ce-e44d0c289e02"
    }
  }
}
[2025-04-09 09:34:34] [WARNING] ユーザー cim-master04@mirai-const.co.jp のOneDriveクォータ情報を取得できませんでした: 
{
  "error": {
    "code": "ResourceNotFound",
    "message": "User\u0027s mysite not found.",
    "innerError": {
      "date": "2025-04-09T00:34:34",
      "request-id": "e1947a6d-78e8-484a-b4d8-80d7214bdfea",
      "client-request-id": "e1947a6d-78e8-484a-b4d8-80d7214bdfea"
    }
  }
}
[2025-04-09 09:34:34] [WARNING] ユーザー cim-master05@mirai-const.co.jp のOneDriveクォータ情報を取得できませんでした: 
{
  "error": {
    "code": "ResourceNotFound",
    "message": "User\u0027s mysite not found.",
    "innerError": {
      "date": "2025-04-09T00:34:34",
      "request-id": "e55187c2-40af-4f4f-ae85-83158b0bf1b9",
      "client-request-id": "e55187c2-40af-4f4f-ae85-83158b0bf1b9"
    }
  }
}
[2025-04-09 09:34:34] [WARNING] ユーザー cim-master06@mirai-const.co.jp のOneDriveクォータ情報を取得できませんでした: 
{
  "error": {
    "code": "ResourceNotFound",
    "message": "User\u0027s mysite not found.",
    "innerError": {
      "date": "2025-04-09T00:34:34",
      "request-id": "c2dabe37-c1ad-444b-9357-120ad2ccf2cd",
      "client-request-id": "c2dabe37-c1ad-444b-9357-120ad2ccf2cd"
    }
  }
}
[2025-04-09 09:34:35] [WARNING] ユーザー cim-master07@mirai-const.co.jp のOneDriveクォータ情報を取得できませんでした: 
{
  "error": {
    "code": "ResourceNotFound",
    "message": "User\u0027s mysite not found.",
    "innerError": {
      "date": "2025-04-09T00:34:35",
      "request-id": "2abffdd1-fdb7-4d9f-a8f3-9f09cb038533",
      "client-request-id": "2abffdd1-fdb7-4d9f-a8f3-9f09cb038533"
    }
  }
}
[2025-04-09 09:34:35] [WARNING] ユーザー cim-master08@mirai-const.co.jp のOneDriveクォータ情報を取得できませんでした: 
{
  "error": {
    "code": "ResourceNotFound",
    "message": "User\u0027s mysite not found.",
    "innerError": {
      "date": "2025-04-09T00:34:35",
      "request-id": "42334e62-989f-4b29-8706-b4edef8d5e7d",
      "client-request-id": "42334e62-989f-4b29-8706-b4edef8d5e7d"
    }
  }
}
[2025-04-09 09:34:35] [WARNING] ユーザー cim-master09@mirai-const.co.jp のOneDriveクォータ情報を取得できませんでした: 
{
  "error": {
    "code": "ResourceNotFound",
    "message": "User\u0027s mysite not found.",
    "innerError": {
      "date": "2025-04-09T00:34:35",
      "request-id": "275de15c-e31a-4a0c-94cb-fec3de821842",
      "client-request-id": "275de15c-e31a-4a0c-94cb-fec3de821842"
    }
  }
}
[2025-04-09 09:34:35] [WARNING] ユーザー cim-master10@mirai-const.co.jp のOneDriveクォータ情報を取得できませんでした: 
{
  "error": {
    "code": "ResourceNotFound",
    "message": "User\u0027s mysite not found.",
    "innerError": {
      "date": "2025-04-09T00:34:35",
      "request-id": "cf047134-0a92-4c01-ac72-fe1f95063009",
      "client-request-id": "cf047134-0a92-4c01-ac72-fe1f95063009"
    }
  }
}
[2025-04-09 09:34:35] [WARNING] ユーザー cim-master11@mirai-const.co.jp のOneDriveクォータ情報を取得できませんでした: 
{
  "error": {
    "code": "ResourceNotFound",
    "message": "User\u0027s mysite not found.",
    "innerError": {
      "date": "2025-04-09T00:34:35",
      "request-id": "c70ecb78-74d0-4950-8220-1b47af5ecc1c",
      "client-request-id": "c70ecb78-74d0-4950-8220-1b47af5ecc1c"
    }
  }
}
[2025-04-09 09:34:35] [WARNING] ユーザー cim-master12@mirai-const.co.jp のOneDriveクォータ情報を取得できませんでした: 
{
  "error": {
    "code": "ResourceNotFound",
    "message": "User\u0027s mysite not found.",
    "innerError": {
      "date": "2025-04-09T00:34:35",
      "request-id": "ca4edfc1-e728-46ec-ad37-96051b79527c",
      "client-request-id": "ca4edfc1-e728-46ec-ad37-96051b79527c"
    }
  }
}
[2025-04-09 09:34:36] [WARNING] ユーザー cim-master13@mirai-const.co.jp のOneDriveクォータ情報を取得できませんでした: 
{
  "error": {
    "code": "ResourceNotFound",
    "message": "User\u0027s mysite not found.",
    "innerError": {
      "date": "2025-04-09T00:34:36",
      "request-id": "31e44013-aa4c-4741-8568-a165fc1f0f01",
      "client-request-id": "31e44013-aa4c-4741-8568-a165fc1f0f01"
    }
  }
}
[2025-04-09 09:34:36] [WARNING] ユーザー cim-master14@mirai-const.co.jp のOneDriveクォータ情報を取得できませんでした: 
{
  "error": {
    "code": "ResourceNotFound",
    "message": "User\u0027s mysite not found.",
    "innerError": {
      "date": "2025-04-09T00:34:36",
      "request-id": "8f04e5df-cfd9-4658-bc18-7f00b1855933",
      "client-request-id": "8f04e5df-cfd9-4658-bc18-7f00b1855933"
    }
  }
}
[2025-04-09 09:34:36] [WARNING] ユーザー cim-master15@mirai-const.co.jp のOneDriveクォータ情報を取得できませんでした: 
{
  "error": {
    "code": "ResourceNotFound",
    "message": "User\u0027s mysite not found.",
    "innerError": {
      "date": "2025-04-09T00:34:36",
      "request-id": "24d00886-e71a-459c-9230-a7b975edcbc6",
      "client-request-id": "24d00886-e71a-459c-9230-a7b975edcbc6"
    }
  }
}
[2025-04-09 09:34:36] [WARNING] ユーザー cim-master16@mirai-const.co.jp のOneDriveクォータ情報を取得できませんでした: 
{
  "error": {
    "code": "ResourceNotFound",
    "message": "User\u0027s mysite not found.",
    "innerError": {
      "date": "2025-04-09T00:34:36",
      "request-id": "5d03a086-8550-4dd2-98ec-8c9b280b8566",
      "client-request-id": "5d03a086-8550-4dd2-98ec-8c9b280b8566"
    }
  }
}
[2025-04-09 09:34:37] [WARNING] ユーザー compliance-hotline@miraiconst.onmicrosoft.com のOneDriveクォータ情報を取得できませんでした: 
{
  "error": {
    "code": "ResourceNotFound",
    "message": "User\u0027s mysite not found.",
    "innerError": {
      "date": "2025-04-09T00:34:37",
      "request-id": "ee6a82d7-dc8c-4ded-b587-25a6ecbc0358",
      "client-request-id": "ee6a82d7-dc8c-4ded-b587-25a6ecbc0358"
    }
  }
}
[2025-04-09 09:34:37] [WARNING] ユーザー direct@mirai-const.co.jp のOneDriveクォータ情報を取得できませんでした: 
{
  "error": {
    "code": "ResourceNotFound",
    "message": "User\u0027s mysite not found.",
    "innerError": {
      "date": "2025-04-09T00:34:37",
      "request-id": "376a6fab-74c1-4323-a9f7-aaa67467b2fe",
      "client-request-id": "376a6fab-74c1-4323-a9f7-aaa67467b2fe"
    }
  }
}
[2025-04-09 09:34:38] [WARNING] ユーザー e-watanabe@miraiconst.onmicrosoft.com のOneDriveクォータ情報を取得できませんでした: 
{
  "error": {
    "code": "ResourceNotFound",
    "message": "User\u0027s mysite not found.",
    "innerError": {
      "date": "2025-04-09T00:34:38",
      "request-id": "0fc1471f-c038-4f2f-91da-f3e88ba661bf",
      "client-request-id": "0fc1471f-c038-4f2f-91da-f3e88ba661bf"
    }
  }
}
[2025-04-09 09:34:38] [WARNING] ユーザー et-satoh@mirai-const.co.jp のOneDriveクォータ情報を取得できませんでした: 
{
  "error": {
    "code": "ResourceNotFound",
    "message": "User\u0027s mysite not found.",
    "innerError": {
      "date": "2025-04-09T00:34:38",
      "request-id": "8c76b4c9-523d-4dd6-bf3c-564f5924b386",
      "client-request-id": "8c76b4c9-523d-4dd6-bf3c-564f5924b386"
    }
  }
}
[2025-04-09 09:34:40] [WARNING] ユーザー forti-admin@mirai-const.co.jp のOneDriveクォータ情報を取得できませんでした: 
{
  "error": {
    "code": "ResourceNotFound",
    "message": "User\u0027s mysite not found.",
    "innerError": {
      "date": "2025-04-09T00:34:40",
      "request-id": "95bcca04-51fd-4a1e-b164-ab89790d4de4",
      "client-request-id": "95bcca04-51fd-4a1e-b164-ab89790d4de4"
    }
  }
}
[2025-04-09 09:34:47] [WARNING] ユーザー h-satake@mirai-const.co.jp のOneDriveクォータ情報を取得できませんでした: 
{
  "error": {
    "code": "ResourceNotFound",
    "message": "User\u0027s mysite not found.",
    "innerError": {
      "date": "2025-04-09T00:34:47",
      "request-id": "65739213-ce3a-432e-b6a8-5060ceca5e37",
      "client-request-id": "65739213-ce3a-432e-b6a8-5060ceca5e37"
    }
  }
}
[2025-04-09 09:34:51] [WARNING] ユーザー h_kawamura_cdit.or.jp#EXT#@miraiconst.onmicrosoft.com のOneDriveクォータ情報を取得できませんでした: 
{
  "error": {
    "code": "ResourceNotFound",
    "message": "User\u0027s mysite not found.",
    "innerError": {
      "date": "2025-04-09T00:34:51",
      "request-id": "42342e4b-1e40-4aed-9ea8-9181dea40eb2",
      "client-request-id": "42342e4b-1e40-4aed-9ea8-9181dea40eb2"
    }
  }
}
[2025-04-09 09:34:51] [WARNING] ユーザー haruka.ishigaki_aaconst.onmicrosoft.com#EXT#@miraiconst.onmicrosoft.com のOneDriveクォータ情報を取得できませんでした: 
{
  "error": {
    "code": "ResourceNotFound",
    "message": "User\u0027s mysite not found.",
    "innerError": {
      "date": "2025-04-09T00:34:51",
      "request-id": "f3b42b45-0049-4158-8874-a9a8b7ab03cd",
      "client-request-id": "f3b42b45-0049-4158-8874-a9a8b7ab03cd"
    }
  }
}
[2025-04-09 09:34:52] [WARNING] ユーザー henngetest@mirai-const.co.jp のOneDriveクォータ情報を取得できませんでした: 
{
  "error": {
    "code": "ResourceNotFound",
    "message": "User\u0027s mysite not found.",
    "innerError": {
      "date": "2025-04-09T00:34:52",
      "request-id": "1f3e28fb-a3bc-4ecd-8ca2-3b0d2843bb2c",
      "client-request-id": "1f3e28fb-a3bc-4ecd-8ca2-3b0d2843bb2c"
    }
  }
}
[2025-04-09 09:34:55] [WARNING] ユーザー hideyuki.nomura_halekulaniokinawa.com#EXT#@miraiconst.onmicrosoft.com のOneDriveクォータ情報を取得できませんでした: 
{
  "error": {
    "code": "ResourceNotFound",
    "message": "User\u0027s mysite not found.",
    "innerError": {
      "date": "2025-04-09T00:34:55",
      "request-id": "2d66dc54-5241-4cb3-9127-9e2d4c7be6b1",
      "client-request-id": "2d66dc54-5241-4cb3-9127-9e2d4c7be6b1"
    }
  }
}
[2025-04-09 09:34:55] [WARNING] ユーザー hokkaido-rakuraku@mirai-const.co.jp のOneDriveクォータ情報を取得できませんでした: 
{
  "error": {
    "code": "ResourceNotFound",
    "message": "User\u0027s mysite not found.",
    "innerError": {
      "date": "2025-04-09T00:34:55",
      "request-id": "50c89ba7-ca01-4fe9-b545-3cf7bd896ad9",
      "client-request-id": "50c89ba7-ca01-4fe9-b545-3cf7bd896ad9"
    }
  }
}
[2025-04-09 09:34:55] [WARNING] ユーザー hokkaido@miraiconst.onmicrosoft.com のOneDriveクォータ情報を取得できませんでした: 
{
  "error": {
    "code": "ResourceNotFound",
    "message": "User\u0027s mysite not found.",
    "innerError": {
      "date": "2025-04-09T00:34:55",
      "request-id": "a1f64791-dc21-4875-8c71-5a56356fe280",
      "client-request-id": "a1f64791-dc21-4875-8c71-5a56356fe280"
    }
  }
}
[2025-04-09 09:34:55] [WARNING] ユーザー hokuriku-rakuraku@mirai-const.co.jp のOneDriveクォータ情報を取得できませんでした: 
{
  "error": {
    "code": "ResourceNotFound",
    "message": "User\u0027s mysite not found.",
    "innerError": {
      "date": "2025-04-09T00:34:55",
      "request-id": "51ef9682-3bd1-4ad0-b38d-dc6a55e49163",
      "client-request-id": "51ef9682-3bd1-4ad0-b38d-dc6a55e49163"
    }
  }
}
[2025-04-09 09:34:55] [WARNING] ユーザー honsya2-1@miraiconst.onmicrosoft.com のOneDriveクォータ情報を取得できませんでした: 
{
  "error": {
    "code": "ResourceNotFound",
    "message": "User\u0027s mysite not found.",
    "innerError": {
      "date": "2025-04-09T00:34:55",
      "request-id": "52046a11-7f09-43fd-af94-40165ce9f3bf",
      "client-request-id": "52046a11-7f09-43fd-af94-40165ce9f3bf"
    }
  }
}
[2025-04-09 09:34:56] [WARNING] ユーザー honsya2-2@miraiconst.onmicrosoft.com のOneDriveクォータ情報を取得できませんでした: 
{
  "error": {
    "code": "ResourceNotFound",
    "message": "User\u0027s mysite not found.",
    "innerError": {
      "date": "2025-04-09T00:34:56",
      "request-id": "9a40dfa0-a455-4f6e-93cf-77e92d3c3c6e",
      "client-request-id": "9a40dfa0-a455-4f6e-93cf-77e92d3c3c6e"
    }
  }
}
[2025-04-09 09:34:56] [WARNING] ユーザー hp-kanri@miraiconst.onmicrosoft.com のOneDriveクォータ情報を取得できませんでした: 
{
  "error": {
    "code": "ResourceNotFound",
    "message": "User\u0027s mysite not found.",
    "innerError": {
      "date": "2025-04-09T00:34:56",
      "request-id": "c3d43d71-8855-41f1-97e8-c50b7b4c36c6",
      "client-request-id": "c3d43d71-8855-41f1-97e8-c50b7b4c36c6"
    }
  }
}
[2025-04-09 09:34:56] [WARNING] ユーザー i-komada@mirai-const.co.jp のOneDriveクォータ情報を取得できませんでした: 
{
  "error": {
    "code": "ResourceNotFound",
    "message": "User\u0027s mysite not found.",
    "innerError": {
      "date": "2025-04-09T00:34:56",
      "request-id": "f8db2571-d86b-4d03-9efb-d8aa77965c95",
      "client-request-id": "f8db2571-d86b-4d03-9efb-d8aa77965c95"
    }
  }
}
[2025-04-09 09:34:57] [WARNING] ユーザー ibaraki-rakuraku@mirai-const.co.jp のOneDriveクォータ情報を取得できませんでした: 
{
  "error": {
    "code": "ResourceNotFound",
    "message": "User\u0027s mysite not found.",
    "innerError": {
      "date": "2025-04-09T00:34:57",
      "request-id": "8dc2ad82-7820-4ead-ab0b-63a1b4e4905a",
      "client-request-id": "8dc2ad82-7820-4ead-ab0b-63a1b4e4905a"
    }
  }
}
[2025-04-09 09:34:57] [WARNING] ユーザー ito_mainmark.co.jp#EXT#@miraiconst.onmicrosoft.com のOneDriveクォータ情報を取得できませんでした: 
{
  "error": {
    "code": "ResourceNotFound",
    "message": "User\u0027s mysite not found.",
    "innerError": {
      "date": "2025-04-09T00:34:57",
      "request-id": "ffd33659-9658-4c12-80aa-6d9e56fe9509",
      "client-request-id": "ffd33659-9658-4c12-80aa-6d9e56fe9509"
    }
  }
}
[2025-04-09 09:34:58] [WARNING] ユーザー jinji-saiyou@mirai-const.co.jp のOneDriveクォータ情報を取得できませんでした: 
{
  "error": {
    "code": "ResourceNotFound",
    "message": "User\u0027s mysite not found.",
    "innerError": {
      "date": "2025-04-09T00:34:58",
      "request-id": "92b41145-1f45-4d04-a844-abf701a43678",
      "client-request-id": "92b41145-1f45-4d04-a844-abf701a43678"
    }
  }
}
[2025-04-09 09:35:01] [WARNING] ユーザー k-hirabayashi@mirai-const.co.jp のOneDriveクォータ情報を取得できませんでした: 
{
  "error": {
    "code": "ResourceNotFound",
    "message": "User\u0027s mysite not found.",
    "innerError": {
      "date": "2025-04-09T00:35:01",
      "request-id": "b034e9b1-1683-42c0-b1dd-3eed692e6622",
      "client-request-id": "b034e9b1-1683-42c0-b1dd-3eed692e6622"
    }
  }
}
[2025-04-09 09:35:06] [WARNING] ユーザー k-obara@mirai-const.co.jp のOneDriveクォータ情報を取得できませんでした: 
{
  "error": {
    "code": "ResourceNotFound",
    "message": "User\u0027s mysite not found.",
    "innerError": {
      "date": "2025-04-09T00:35:06",
      "request-id": "3ae81c32-4f10-4e78-ab33-04faced3f7f0",
      "client-request-id": "3ae81c32-4f10-4e78-ab33-04faced3f7f0"
    }
  }
}
[2025-04-09 09:35:08] [WARNING] ユーザー k-sugimoto@miraiconst.onmicrosoft.com のOneDriveクォータ情報を取得できませんでした: 
{
  "error": {
    "code": "ResourceNotFound",
    "message": "User\u0027s mysite not found.",
    "innerError": {
      "date": "2025-04-09T00:35:08",
      "request-id": "dbb61e40-7319-4da4-9af1-1256c78bf161",
      "client-request-id": "dbb61e40-7319-4da4-9af1-1256c78bf161"
    }
  }
}
[2025-04-09 09:35:13] [WARNING] ユーザー kaikei-support@mirai-const.co.jp のOneDriveクォータ情報を取得できませんでした: 
{
  "error": {
    "code": "ResourceNotFound",
    "message": "User\u0027s mysite not found.",
    "innerError": {
      "date": "2025-04-09T00:35:13",
      "request-id": "f4649bc4-2c8a-4b36-88d1-bfd630335db9",
      "client-request-id": "f4649bc4-2c8a-4b36-88d1-bfd630335db9"
    }
  }
}
[2025-04-09 09:35:13] [WARNING] ユーザー kanri-kyushu@mirai-const.co.jp のOneDriveクォータ情報を取得できませんでした: 
{
  "error": {
    "code": "ResourceNotFound",
    "message": "User\u0027s mysite not found.",
    "innerError": {
      "date": "2025-04-09T00:35:13",
      "request-id": "b9ef1e23-d3cb-4ff5-b549-4b9a649cce44",
      "client-request-id": "b9ef1e23-d3cb-4ff5-b549-4b9a649cce44"
    }
  }
}
[2025-04-09 09:35:13] [WARNING] ユーザー kanri-oosaka@mirai-const.co.jp のOneDriveクォータ情報を取得できませんでした: 
{
  "error": {
    "code": "ResourceNotFound",
    "message": "User\u0027s mysite not found.",
    "innerError": {
      "date": "2025-04-09T00:35:13",
      "request-id": "82b2b64c-913f-4cc6-bde5-592fa8c97d2d",
      "client-request-id": "82b2b64c-913f-4cc6-bde5-592fa8c97d2d"
    }
  }
}
[2025-04-09 09:35:13] [WARNING] ユーザー kanri-tokyo@mirai-const.co.jp のOneDriveクォータ情報を取得できませんでした: 
{
  "error": {
    "code": "ResourceNotFound",
    "message": "User\u0027s mysite not found.",
    "innerError": {
      "date": "2025-04-09T00:35:13",
      "request-id": "ffac1ac8-cbf5-48bd-9f08-7dbdd08a7df9",
      "client-request-id": "ffac1ac8-cbf5-48bd-9f08-7dbdd08a7df9"
    }
  }
}
[2025-04-09 09:35:14] [WARNING] ユーザー keieikikaku@miraiconst.onmicrosoft.com のOneDriveクォータ情報を取得できませんでした: 
{
  "error": {
    "code": "ResourceNotFound",
    "message": "User\u0027s mysite not found.",
    "innerError": {
      "date": "2025-04-09T00:35:13",
      "request-id": "68763a84-bf83-484d-9d5d-b39fd3fa7eee",
      "client-request-id": "68763a84-bf83-484d-9d5d-b39fd3fa7eee"
    }
  }
}
[2025-04-09 09:35:14] [WARNING] ユーザー ki-fujita_mitsuifudosan.co.jp#EXT#@miraiconst.onmicrosoft.com のOneDriveクォータ情報を取得できませんでした: 
{
  "error": {
    "code": "ResourceNotFound",
    "message": "User\u0027s mysite not found.",
    "innerError": {
      "date": "2025-04-09T00:35:14",
      "request-id": "0ec57222-b778-43e5-b63d-7b714aa43a20",
      "client-request-id": "0ec57222-b778-43e5-b63d-7b714aa43a20"
    }
  }
}
[2025-04-09 09:35:14] [WARNING] ユーザー kita-kyushu@miraiconst.onmicrosoft.com のOneDriveクォータ情報を取得できませんでした: 
{
  "error": {
    "code": "ResourceNotFound",
    "message": "User\u0027s mysite not found.",
    "innerError": {
      "date": "2025-04-09T00:35:14",
      "request-id": "3ac558d9-e453-4bc6-bd69-b8cbbcdbb5af",
      "client-request-id": "3ac558d9-e453-4bc6-bd69-b8cbbcdbb5af"
    }
  }
}
[2025-04-09 09:35:14] [WARNING] ユーザー kitakyushu-rakuraku@mirai-const.co.jp のOneDriveクォータ情報を取得できませんでした: 
{
  "error": {
    "code": "ResourceNotFound",
    "message": "User\u0027s mysite not found.",
    "innerError": {
      "date": "2025-04-09T00:35:14",
      "request-id": "6f7b906c-c1e7-42c3-8289-f07f8a4b046e",
      "client-request-id": "6f7b906c-c1e7-42c3-8289-f07f8a4b046e"
    }
  }
}
[2025-04-09 09:35:14] [WARNING] ユーザー kyushu-rakuraku@mirai-const.co.jp のOneDriveクォータ情報を取得できませんでした: 
{
  "error": {
    "code": "ResourceNotFound",
    "message": "User\u0027s mysite not found.",
    "innerError": {
      "date": "2025-04-09T00:35:14",
      "request-id": "047de72f-2025-4627-ab29-bd2d44c95dbe",
      "client-request-id": "047de72f-2025-4627-ab29-bd2d44c95dbe"
    }
  }
}
[2025-04-09 09:35:14] [WARNING] ユーザー m-ariake@miraiconst.onmicrosoft.com のOneDriveクォータ情報を取得できませんでした: 
{
  "error": {
    "code": "ResourceNotFound",
    "message": "User\u0027s mysite not found.",
    "innerError": {
      "date": "2025-04-09T00:35:14",
      "request-id": "88399bf4-fe93-45e8-88b3-4f353b37f270",
      "client-request-id": "88399bf4-fe93-45e8-88b3-4f353b37f270"
    }
  }
}
[2025-04-09 09:35:15] [WARNING] ユーザー m-chugoku@miraiconst.onmicrosoft.com のOneDriveクォータ情報を取得できませんでした: 
{
  "error": {
    "code": "ResourceNotFound",
    "message": "User\u0027s mysite not found.",
    "innerError": {
      "date": "2025-04-09T00:35:15",
      "request-id": "9e7152c0-1aea-4de9-8118-b5e357b38c9a",
      "client-request-id": "9e7152c0-1aea-4de9-8118-b5e357b38c9a"
    }
  }
}
[2025-04-09 09:35:17] [WARNING] ユーザー m-info@miraiconst.onmicrosoft.com のOneDriveクォータ情報を取得できませんでした: 
{
  "error": {
    "code": "ResourceNotFound",
    "message": "User\u0027s mysite not found.",
    "innerError": {
      "date": "2025-04-09T00:35:17",
      "request-id": "c77278ba-8eba-457e-a670-90f978752ee8",
      "client-request-id": "c77278ba-8eba-457e-a670-90f978752ee8"
    }
  }
}
[2025-04-09 09:35:19] [WARNING] ユーザー m-maruta@mirai-const.co.jp のOneDriveクォータ情報を取得できませんでした: 
{
  "error": {
    "code": "ResourceNotFound",
    "message": "User\u0027s mysite not found.",
    "innerError": {
      "date": "2025-04-09T00:35:19",
      "request-id": "473b9312-2fb0-4510-9b8a-0d27d4210b37",
      "client-request-id": "473b9312-2fb0-4510-9b8a-0d27d4210b37"
    }
  }
}
[2025-04-09 09:35:26] [WARNING] ユーザー m-suzuki@mirai-const.co.jp のOneDriveクォータ情報を取得できませんでした: 
{
  "error": {
    "code": "ResourceNotFound",
    "message": "User\u0027s mysite not found.",
    "innerError": {
      "date": "2025-04-09T00:35:26",
      "request-id": "217d8f35-ca82-4a63-b847-5f9c60353319",
      "client-request-id": "217d8f35-ca82-4a63-b847-5f9c60353319"
    }
  }
}
[2025-04-09 09:35:28] [WARNING] ユーザー m-ushikubo@mirai-const.co.jp のOneDriveクォータ情報を取得できませんでした: 
{
  "error": {
    "code": "ResourceNotFound",
    "message": "User\u0027s mysite not found.",
    "innerError": {
      "date": "2025-04-09T00:35:28",
      "request-id": "349d610a-2d3e-4004-8e0b-01f48d3a11d6",
      "client-request-id": "349d610a-2d3e-4004-8e0b-01f48d3a11d6"
    }
  }
}
[2025-04-09 09:35:31] [WARNING] ユーザー mail-info@miraiconst.onmicrosoft.com のOneDriveクォータ情報を取得できませんでした: 
{
  "error": {
    "code": "ResourceNotFound",
    "message": "User\u0027s mysite not found.",
    "innerError": {
      "date": "2025-04-09T00:35:31",
      "request-id": "1e0b3458-a7b6-4bd4-996b-62899540f980",
      "client-request-id": "1e0b3458-a7b6-4bd4-996b-62899540f980"
    }
  }
}
[2025-04-09 09:35:31] [WARNING] ユーザー mf-jigyoukikaku@miraiconst.onmicrosoft.com のOneDriveクォータ情報を取得できませんでした: 
{
  "error": {
    "code": "ResourceNotFound",
    "message": "User\u0027s mysite not found.",
    "innerError": {
      "date": "2025-04-09T00:35:31",
      "request-id": "a9693acc-b86e-4a14-8aa9-b1af5b782a15",
      "client-request-id": "a9693acc-b86e-4a14-8aa9-b1af5b782a15"
    }
  }
}
[2025-04-09 09:35:32] [WARNING] ユーザー mirai-edr@miraiconst.onmicrosoft.com のOneDriveクォータ情報を取得できませんでした: 
{
  "error": {
    "code": "ResourceNotFound",
    "message": "User\u0027s mysite not found.",
    "innerError": {
      "date": "2025-04-09T00:35:32",
      "request-id": "52c3a4d3-04d4-4701-9014-58926789f05b",
      "client-request-id": "52c3a4d3-04d4-4701-9014-58926789f05b"
    }
  }
}
[2025-04-09 09:35:32] [WARNING] ユーザー mirai-sns@miraiconst.onmicrosoft.com のOneDriveクォータ情報を取得できませんでした: 
{
  "error": {
    "code": "ResourceNotFound",
    "message": "User\u0027s mysite not found.",
    "innerError": {
      "date": "2025-04-09T00:35:32",
      "request-id": "19e73217-624a-4d53-bc53-8022655cdb98",
      "client-request-id": "19e73217-624a-4d53-bc53-8022655cdb98"
    }
  }
}
[2025-04-09 09:35:32] [WARNING] ユーザー mirai-zoom@miraiconst.onmicrosoft.com のOneDriveクォータ情報を取得できませんでした: 
{
  "error": {
    "code": "ResourceNotFound",
    "message": "User\u0027s mysite not found.",
    "innerError": {
      "date": "2025-04-09T00:35:32",
      "request-id": "1855aae9-be9c-4c30-bfa3-86f489aee862",
      "client-request-id": "1855aae9-be9c-4c30-bfa3-86f489aee862"
    }
  }
}
[2025-04-09 09:35:32] [WARNING] ユーザー mk-engagement@miraiconst.onmicrosoft.com のOneDriveクォータ情報を取得できませんでした: 
{
  "error": {
    "code": "ResourceNotFound",
    "message": "User\u0027s mysite not found.",
    "innerError": {
      "date": "2025-04-09T00:35:32",
      "request-id": "307241ee-9bd5-4fe2-9397-0c758ced780c",
      "client-request-id": "307241ee-9bd5-4fe2-9397-0c758ced780c"
    }
  }
}
[2025-04-09 09:35:32] [WARNING] ユーザー mksystem-alert@miraiconst.onmicrosoft.com のOneDriveクォータ情報を取得できませんでした: 
{
  "error": {
    "code": "ResourceNotFound",
    "message": "User\u0027s mysite not found.",
    "innerError": {
      "date": "2025-04-09T00:35:32",
      "request-id": "cdf6b42a-5c87-41f7-acb0-ad8be07a11f6",
      "client-request-id": "cdf6b42a-5c87-41f7-acb0-ad8be07a11f6"
    }
  }
}
[2025-04-09 09:35:36] [WARNING] ユーザー na-kadokawa_apptec.co.jp#EXT#@miraiconst.onmicrosoft.com のOneDriveクォータ情報を取得できませんでした: 
{
  "error": {
    "code": "ResourceNotFound",
    "message": "User\u0027s mysite not found.",
    "innerError": {
      "date": "2025-04-09T00:35:36",
      "request-id": "e2b1ce76-43dd-41ec-8441-d998d33159ff",
      "client-request-id": "e2b1ce76-43dd-41ec-8441-d998d33159ff"
    }
  }
}
[2025-04-09 09:35:37] [WARNING] ユーザー netis@miraiconst.onmicrosoft.com のOneDriveクォータ情報を取得できませんでした: 
{
  "error": {
    "code": "ResourceNotFound",
    "message": "User\u0027s mysite not found.",
    "innerError": {
      "date": "2025-04-09T00:35:37",
      "request-id": "d3482b45-ba07-462e-bb8c-91876311b33b",
      "client-request-id": "d3482b45-ba07-462e-bb8c-91876311b33b"
    }
  }
}
[2025-04-09 09:35:37] [WARNING] ユーザー noto-rakuraku@mirai-const.co.jp のOneDriveクォータ情報を取得できませんでした: 
{
  "error": {
    "code": "ResourceNotFound",
    "message": "User\u0027s mysite not found.",
    "innerError": {
      "date": "2025-04-09T00:35:37",
      "request-id": "022cc665-5fea-4a6a-9245-c1cf4a5da5cc",
      "client-request-id": "022cc665-5fea-4a6a-9245-c1cf4a5da5cc"
    }
  }
}
[2025-04-09 09:35:38] [WARNING] ユーザー okinawa-rakuraku@mirai-const.co.jp のOneDriveクォータ情報を取得できませんでした: 
{
  "error": {
    "code": "ResourceNotFound",
    "message": "User\u0027s mysite not found.",
    "innerError": {
      "date": "2025-04-09T00:35:38",
      "request-id": "1fecf7dc-2a41-4607-9ae5-2859947dfc43",
      "client-request-id": "1fecf7dc-2a41-4607-9ae5-2859947dfc43"
    }
  }
}
[2025-04-09 09:35:38] [WARNING] ユーザー okinawa@miraiconst.onmicrosoft.com のOneDriveクォータ情報を取得できませんでした: 
{
  "error": {
    "code": "ResourceNotFound",
    "message": "User\u0027s mysite not found.",
    "innerError": {
      "date": "2025-04-09T00:35:38",
      "request-id": "5eaa8be1-965c-49f9-880a-4b47e56dc4a7",
      "client-request-id": "5eaa8be1-965c-49f9-880a-4b47e56dc4a7"
    }
  }
}
[2025-04-09 09:35:39] [WARNING] ユーザー osaka-rakuraku@mirai-const.co.jp のOneDriveクォータ情報を取得できませんでした: 
{
  "error": {
    "code": "ResourceNotFound",
    "message": "User\u0027s mysite not found.",
    "innerError": {
      "date": "2025-04-09T00:35:39",
      "request-id": "7c0116a4-0bf8-489a-a9b2-3c8bae44d22f",
      "client-request-id": "7c0116a4-0bf8-489a-a9b2-3c8bae44d22f"
    }
  }
}
[2025-04-09 09:35:39] [WARNING] ユーザー r-futenma@mirai-const.co.jp のOneDriveクォータ情報を取得できませんでした: 
{
  "error": {
    "code": "ResourceNotFound",
    "message": "User\u0027s mysite not found.",
    "innerError": {
      "date": "2025-04-09T00:35:39",
      "request-id": "cd27c84a-e7e8-4f72-a730-39c506259af9",
      "client-request-id": "cd27c84a-e7e8-4f72-a730-39c506259af9"
    }
  }
}
[2025-04-09 09:36:04] [WARNING] ユーザー S.Nagano_otsuka-shokai.co.jp#EXT#@miraiconst.onmicrosoft.com のOneDriveクォータ情報を取得できませんでした: 
{
  "error": {
    "code": "ResourceNotFound",
    "message": "User\u0027s mysite not found.",
    "innerError": {
      "date": "2025-04-09T00:36:03",
      "request-id": "d2df3de6-8ea1-4484-a16f-66d38abaf4b7",
      "client-request-id": "d2df3de6-8ea1-4484-a16f-66d38abaf4b7"
    }
  }
}
[2025-04-09 09:36:06] [WARNING] ユーザー sh-ishihara-old@miraiconst.onmicrosoft.com のOneDriveクォータ情報を取得できませんでした: 
{
  "error": {
    "code": "ResourceNotFound",
    "message": "User\u0027s mysite not found.",
    "innerError": {
      "date": "2025-04-09T00:36:06",
      "request-id": "e080ce8e-8a8e-467d-8a05-0ac77338ebf7",
      "client-request-id": "e080ce8e-8a8e-467d-8a05-0ac77338ebf7"
    }
  }
}
[2025-04-09 09:36:08] [WARNING] ユーザー share@mirai-const.co.jp のOneDriveクォータ情報を取得できませんでした: 
{
  "error": {
    "code": "ResourceNotFound",
    "message": "User\u0027s mysite not found.",
    "innerError": {
      "date": "2025-04-09T00:36:08",
      "request-id": "f84abf9a-4a24-4903-adbb-d076865ea173",
      "client-request-id": "f84abf9a-4a24-4903-adbb-d076865ea173"
    }
  }
}
[2025-04-09 09:36:08] [WARNING] ユーザー shikoku-rakuraku@mirai-const.co.jp のOneDriveクォータ情報を取得できませんでした: 
{
  "error": {
    "code": "ResourceNotFound",
    "message": "User\u0027s mysite not found.",
    "innerError": {
      "date": "2025-04-09T00:36:08",
      "request-id": "b162779a-7dfb-43fd-88c0-ccdc941bb1d6",
      "client-request-id": "b162779a-7dfb-43fd-88c0-ccdc941bb1d6"
    }
  }
}
[2025-04-09 09:36:09] [WARNING] ユーザー shizuoka-rakuraku@mirai-const.co.jp のOneDriveクォータ情報を取得できませんでした: 
{
  "error": {
    "code": "ResourceNotFound",
    "message": "User\u0027s mysite not found.",
    "innerError": {
      "date": "2025-04-09T00:36:09",
      "request-id": "43d5156e-97d4-45fd-9199-fe1e057cfa9f",
      "client-request-id": "43d5156e-97d4-45fd-9199-fe1e057cfa9f"
    }
  }
}
[2025-04-09 09:36:09] [WARNING] ユーザー sketchup@miraiconst.onmicrosoft.com のOneDriveクォータ情報を取得できませんでした: 
{
  "error": {
    "code": "ResourceNotFound",
    "message": "User\u0027s mysite not found.",
    "innerError": {
      "date": "2025-04-09T00:36:09",
      "request-id": "0b24ff56-250c-445e-9958-547874c0f133",
      "client-request-id": "0b24ff56-250c-445e-9958-547874c0f133"
    }
  }
}
[2025-04-09 09:36:09] [WARNING] ユーザー soumu-payment@mirai-const.co.jp のOneDriveクォータ情報を取得できませんでした: 
{
  "error": {
    "code": "ResourceNotFound",
    "message": "User\u0027s mysite not found.",
    "innerError": {
      "date": "2025-04-09T00:36:09",
      "request-id": "f27ee668-678f-4bc8-81f8-dea2e42caed6",
      "client-request-id": "f27ee668-678f-4bc8-81f8-dea2e42caed6"
    }
  }
}
[2025-04-09 09:36:10] [WARNING] ユーザー Sync_AZSV0001_b63ec191406d@miraiconst.onmicrosoft.com のOneDriveクォータ情報を取得できませんでした: 
{
  "error": {
    "code": "ResourceNotFound",
    "message": "User\u0027s mysite not found.",
    "innerError": {
      "date": "2025-04-09T00:36:10",
      "request-id": "b39c2000-3dae-4f87-825c-688ccbb8378d",
      "client-request-id": "b39c2000-3dae-4f87-825c-688ccbb8378d"
    }
  }
}
[2025-04-09 09:36:10] [WARNING] ユーザー system-info@mirai-const.co.jp のOneDriveクォータ情報を取得できませんでした: 
{
  "error": {
    "code": "ResourceNotFound",
    "message": "User\u0027s mysite not found.",
    "innerError": {
      "date": "2025-04-09T00:36:10",
      "request-id": "f0e51422-cb00-4b45-8c09-a6a8676dce60",
      "client-request-id": "f0e51422-cb00-4b45-8c09-a6a8676dce60"
    }
  }
}
[2025-04-09 09:36:16] [WARNING] ユーザー t-kumai@miraiconst.onmicrosoft.com のOneDriveクォータ情報を取得できませんでした: 
{
  "error": {
    "code": "ResourceNotFound",
    "message": "User\u0027s mysite not found.",
    "innerError": {
      "date": "2025-04-09T00:36:16",
      "request-id": "8a395de8-67e3-4352-a786-fdfc1ee8db22",
      "client-request-id": "8a395de8-67e3-4352-a786-fdfc1ee8db22"
    }
  }
}
[2025-04-09 09:36:40] [WARNING] ユーザー takuro.kumada_aaconst.co.jp#EXT#@miraiconst.onmicrosoft.com のOneDriveクォータ情報を取得できませんでした: 
{
  "error": {
    "code": "ResourceNotFound",
    "message": "User\u0027s mysite not found.",
    "innerError": {
      "date": "2025-04-09T00:36:40",
      "request-id": "42c15711-2bdb-40c6-a690-8b240826c57a",
      "client-request-id": "42c15711-2bdb-40c6-a690-8b240826c57a"
    }
  }
}
[2025-04-09 09:36:42] [WARNING] ユーザー tech@miraiconst.onmicrosoft.com のOneDriveクォータ情報を取得できませんでした: 
{
  "error": {
    "code": "ResourceNotFound",
    "message": "User\u0027s mysite not found.",
    "innerError": {
      "date": "2025-04-09T00:36:42",
      "request-id": "751b64a1-c790-4058-8295-65c487f7dead",
      "client-request-id": "751b64a1-c790-4058-8295-65c487f7dead"
    }
  }
}
[2025-04-09 09:36:43] [WARNING] ユーザー tohoku-rakuraku@mirai-const.co.jp のOneDriveクォータ情報を取得できませんでした: 
{
  "error": {
    "code": "ResourceNotFound",
    "message": "User\u0027s mysite not found.",
    "innerError": {
      "date": "2025-04-09T00:36:43",
      "request-id": "46ff7b17-aa15-4b06-b6dd-9e438c8dbd68",
      "client-request-id": "46ff7b17-aa15-4b06-b6dd-9e438c8dbd68"
    }
  }
}
[2025-04-09 09:36:44] [WARNING] ユーザー tokyo-rakuraku@mirai-const.co.jp のOneDriveクォータ情報を取得できませんでした: 
{
  "error": {
    "code": "ResourceNotFound",
    "message": "User\u0027s mysite not found.",
    "innerError": {
      "date": "2025-04-09T00:36:44",
      "request-id": "5d060e0b-a0eb-4e9d-8ece-1ddfd90776a7",
      "client-request-id": "5d060e0b-a0eb-4e9d-8ece-1ddfd90776a7"
    }
  }
}
[2025-04-09 09:36:44] [WARNING] ユーザー tokyokoji@miraiconst.onmicrosoft.com のOneDriveクォータ情報を取得できませんでした: 
{
  "error": {
    "code": "ResourceNotFound",
    "message": "User\u0027s mysite not found.",
    "innerError": {
      "date": "2025-04-09T00:36:44",
      "request-id": "4f39387b-550c-498b-b508-cb141d671e1a",
      "client-request-id": "4f39387b-550c-498b-b508-cb141d671e1a"
    }
  }
}
[2025-04-09 09:36:44] [WARNING] ユーザー tokyokouji-rakuraku@mirai-const.co.jp のOneDriveクォータ情報を取得できませんでした: 
{
  "error": {
    "code": "ResourceNotFound",
    "message": "User\u0027s mysite not found.",
    "innerError": {
      "date": "2025-04-09T00:36:44",
      "request-id": "ba41d3d1-3b88-4893-b015-f0f891c3eec4",
      "client-request-id": "ba41d3d1-3b88-4893-b015-f0f891c3eec4"
    }
  }
}
[2025-04-09 09:36:45] [WARNING] ユーザー tsubokawa-y92y2_mlit.go.jp#EXT#@miraiconst.onmicrosoft.com のOneDriveクォータ情報を取得できませんでした: 
{
  "error": {
    "code": "ResourceNotFound",
    "message": "User\u0027s mysite not found.",
    "innerError": {
      "date": "2025-04-09T00:36:45",
      "request-id": "30fa84c8-7f3f-4bb9-9036-10e06561dc4e",
      "client-request-id": "30fa84c8-7f3f-4bb9-9036-10e06561dc4e"
    }
  }
}
[2025-04-09 09:36:46] [WARNING] ユーザー webadmin@miraiconst.onmicrosoft.com のOneDriveクォータ情報を取得できませんでした: 
{
  "error": {
    "code": "ResourceNotFound",
    "message": "User\u0027s mysite not found.",
    "innerError": {
      "date": "2025-04-09T00:36:46",
      "request-id": "1247346e-9009-4247-9663-435590a6e51a",
      "client-request-id": "1247346e-9009-4247-9663-435590a6e51a"
    }
  }
}
[2025-04-09 09:37:03] [WARNING] ユーザー y-tajima@mirai-const.co.jp のOneDriveクォータ情報を取得できませんでした: 
{
  "error": {
    "code": "ResourceNotFound",
    "message": "User\u0027s mysite not found.",
    "innerError": {
      "date": "2025-04-09T00:37:03",
      "request-id": "d4883f4f-4a84-4934-bcd9-ad3306f01c44",
      "client-request-id": "d4883f4f-4a84-4934-bcd9-ad3306f01c44"
    }
  }
}
[2025-04-09 09:37:06] [WARNING] ユーザー y-tsuzuki@mirai-const.co.jp のOneDriveクォータ情報を取得できませんでした: 
{
  "error": {
    "code": "ResourceNotFound",
    "message": "User\u0027s mysite not found.",
    "innerError": {
      "date": "2025-04-09T00:37:05",
      "request-id": "a0cf83ac-a241-49de-8800-91d73fdb34d6",
      "client-request-id": "a0cf83ac-a241-49de-8800-91d73fdb34d6"
    }
  }
}
[2025-04-09 09:37:06] [WARNING] ユーザー y-ueno@mirai-const.co.jp のOneDriveクォータ情報を取得できませんでした: 
{
  "error": {
    "code": "ResourceNotFound",
    "message": "User\u0027s mysite not found.",
    "innerError": {
      "date": "2025-04-09T00:37:06",
      "request-id": "73d4a292-7887-4f2c-ac4c-f671f9bd6743",
      "client-request-id": "73d4a292-7887-4f2c-ac4c-f671f9bd6743"
    }
  }
}
[2025-04-09 09:37:07] [WARNING] ユーザー yamasaki-s89fa_mlit.go.jp#EXT#@miraiconst.onmicrosoft.com のOneDriveクォータ情報を取得できませんでした: 
{
  "error": {
    "code": "ResourceNotFound",
    "message": "User\u0027s mysite not found.",
    "innerError": {
      "date": "2025-04-09T00:37:07",
      "request-id": "ef57f0d6-9e09-4466-bc69-a32d682474b6",
      "client-request-id": "ef57f0d6-9e09-4466-bc69-a32d682474b6"
    }
  }
}
[2025-04-09 09:37:07] [WARNING] ユーザー yk-takahashi_mitsuifudosan.co.jp#EXT#@miraiconst.onmicrosoft.com のOneDriveクォータ情報を取得できませんでした: 
{
  "error": {
    "code": "ResourceNotFound",
    "message": "User\u0027s mysite not found.",
    "innerError": {
      "date": "2025-04-09T00:37:07",
      "request-id": "e393bb40-6acc-4252-bb3e-3dd63e29e6f3",
      "client-request-id": "e393bb40-6acc-4252-bb3e-3dd63e29e6f3"
    }
  }
}
[2025-04-09 09:37:08] [WARNING] ユーザー yokohama-rakuraku@mirai-const.co.jp のOneDriveクォータ情報を取得できませんでした: 
{
  "error": {
    "code": "ResourceNotFound",
    "message": "User\u0027s mysite not found.",
    "innerError": {
      "date": "2025-04-09T00:37:08",
      "request-id": "f6aff441-efbd-4487-b395-2502609df411",
      "client-request-id": "f6aff441-efbd-4487-b395-2502609df411"
    }
  }
}
[2025-04-09 09:37:08] [WARNING] ユーザー ys-yamamoto_apptec.co.jp#EXT#@miraiconst.onmicrosoft.com のOneDriveクォータ情報を取得できませんでした: 
{
  "error": {
    "code": "ResourceNotFound",
    "message": "User\u0027s mysite not found.",
    "innerError": {
      "date": "2025-04-09T00:37:08",
      "request-id": "99daf704-c6e7-44ad-865f-964014602655",
      "client-request-id": "99daf704-c6e7-44ad-865f-964014602655"
    }
  }
}
[2025-04-09 09:37:11] [WARNING] ユーザー zaimu@mirai-const.co.jp のOneDriveクォータ情報を取得できませんでした: 
{
  "error": {
    "code": "ResourceNotFound",
    "message": "User\u0027s mysite not found.",
    "innerError": {
      "date": "2025-04-09T00:37:11",
      "request-id": "d469bb71-c55b-45b9-b6ae-95bc13e84cff",
      "client-request-id": "d469bb71-c55b-45b9-b6ae-95bc13e84cff"
    }
  }
}
[2025-04-09 09:37:11] [SUCCESS] OneDriveクォータ情報の取得が完了しました。取得件数: 524
[2025-04-09 09:37:11] [SUCCESS] CSVファイルを作成しました: C:\kitting\OneDriveforBusinessManagementSystem\OneDriveManagement.20250409\Basic_Data_Collection.20250409\OneDriveQuota.20250409093711.csv
[2025-04-09 09:37:11] [INFO] Excelでファイルを開いて列幅の調整とフィルターの適用を行います...
[2025-04-09 09:37:34] [SUCCESS] Excelでの処理が完了しました。
[2025-04-09 09:37:35] [SUCCESS] JavaScriptファイルを作成しました: C:\kitting\OneDriveforBusinessManagementSystem\OneDriveManagement.20250409\Basic_Data_Collection.20250409\OneDriveQuota.20250409093711.js
[2025-04-09 09:37:35] [SUCCESS] HTMLファイルを作成しました: C:\kitting\OneDriveforBusinessManagementSystem\OneDriveManagement.20250409\Basic_Data_Collection.20250409\OneDriveQuota.20250409093711.html
