[2025-04-09 20:21:01] [ERROR] ユーザーリストが空です。Graph API接続を確認してください。
[2025-04-09 20:21:01] [INFO] ストレージクォータ取得を開始します
[2025-04-09 20:21:01] [INFO] 出力ディレクトリ: C:\kitting\OneDriveforBusinessManagementSystem\OneDriveManagement.20250409\Basic_Data_Collection.20250409
[2025-04-09 20:21:01] [INFO] ログディレクトリ: C:\kitting\OneDriveforBusinessManagementSystem\OneDriveManagement.20250409\Log
[2025-04-09 20:21:01] [INFO] トークンファイルからアクセストークンを読み込みました
[2025-04-09 20:21:01] [WARNING] Graph接続済みですが、ユーザー情報は取得できません。
[2025-04-09 20:21:01] [WARNING] Graph接続済みですが、ユーザー情報は取得できません。
[2025-04-09 20:21:01] [INFO] Microsoft Graph REST APIで全ユーザー情報を取得します...
[2025-04-09 20:21:01] [DEBUG] 使用するアクセストークン: eyJ0eXAiOiJKV1QiLCJu...
[2025-04-09 20:21:01] [INFO] トークンにBearerプレフィックスを追加しました
[2025-04-09 20:21:02] [INFO] 524 件のユーザーを取得しました (累計: 524)
[2025-04-09 20:21:02] [INFO] 合計 524 件のユーザーを取得しました
[2025-04-09 20:21:02] [INFO] ユーザー a-araki@mirai-const.co.jp のOneDriveクォータ情報を正常に取得しました (使用率: 0%)
[2025-04-09 20:21:03] [INFO] ユーザー a-fukazawa@mirai-const.co.jp のOneDriveクォータ情報を正常に取得しました (使用率: 0%)
[2025-04-09 20:21:03] [INFO] ユーザー a-hirukawa@mirai-const.co.jp のOneDriveクォータ情報を正常に取得しました (使用率: 0.01%)
[2025-04-09 20:21:04] [INFO] ユーザー a-ikeda@mirai-const.co.jp のOneDriveクォータ情報を正常に取得しました (使用率: 0%)
[2025-04-09 20:21:04] [INFO] ユーザー a-kajiya@mirai-const.co.jp のOneDriveクォータ情報を正常に取得しました (使用率: 0%)
[2025-04-09 20:21:04] [INFO] ユーザー a-kobayashi@mirai-const.co.jp のOneDriveクォータ情報を正常に取得しました (使用率: 0%)
[2025-04-09 20:21:05] [INFO] ユーザー a-konoshima@mirai-const.co.jp のOneDriveクォータ情報を正常に取得しました (使用率: 0%)
[2025-04-09 20:21:05] [INFO] ユーザー a-kukita@mirai-const.co.jp のOneDriveクォータ情報を正常に取得しました (使用率: 0%)
[2025-04-09 20:21:06] [INFO] ユーザー a-matsumoto@mirai-const.co.jp のOneDriveクォータ情報を正常に取得しました (使用率: 0%)
[2025-04-09 20:21:06] [INFO] ユーザー a-miyamoto@mirai-const.co.jp のOneDriveクォータ情報を正常に取得しました (使用率: 0%)
[2025-04-09 20:21:06] [INFO] ユーザー a-myoshu@mirai-const.co.jp のOneDriveクォータ情報を正常に取得しました (使用率: 0%)
[2025-04-09 20:21:07] [INFO] ユーザー a-nishimura@mirai-const.co.jp のOneDriveクォータ情報を正常に取得しました (使用率: 0%)
[2025-04-09 20:21:07] [INFO] ユーザー a-oouchi@mirai-const.co.jp のOneDriveクォータ情報を正常に取得しました (使用率: 0.02%)
[2025-04-09 20:21:08] [INFO] ユーザー a-saitoh@mirai-const.co.jp のOneDriveクォータ情報を正常に取得しました (使用率: 0.04%)
[2025-04-09 20:21:08] [INFO] ユーザー a-shigenaga@mirai-const.co.jp のOneDriveクォータ情報を正常に取得しました (使用率: 0%)
[2025-04-09 20:21:08] [INFO] ユーザー a-sugiura@mirai-const.co.jp のOneDriveクォータ情報を正常に取得しました (使用率: 0%)
[2025-04-09 20:21:09] [INFO] ユーザー a-suwabe@mirai-const.co.jp のOneDriveクォータ情報を正常に取得しました (使用率: 0%)
[2025-04-09 20:21:09] [INFO] ユーザー a-tamaru@mirai-const.co.jp のOneDriveクォータ情報を正常に取得しました (使用率: 0%)
[2025-04-09 20:21:10] [INFO] ユーザー a-teshiba@mirai-const.co.jp のOneDriveクォータ情報を正常に取得しました (使用率: 0%)
[2025-04-09 20:21:10] [INFO] ユーザー a-yamada@mirai-const.co.jp のOneDriveクォータ情報を正常に取得しました (使用率: 0%)
[2025-04-09 20:21:10] [INFO] ユーザー a-yano@mirai-const.co.jp のOneDriveクォータ情報を正常に取得しました (使用率: 0%)
[2025-04-09 20:21:11] [INFO] ユーザー a-yokozuka@mirai-const.co.jp のOneDriveクォータ情報を正常に取得しました (使用率: 0%)
[2025-04-09 20:21:12] [INFO] ユーザー ak-kimura@mirai-const.co.jp のOneDriveクォータ情報を正常に取得しました (使用率: 0%)
[2025-04-09 20:21:12] [WARNING] ユーザー amazon-biz@mirai-const.co.jp のOneDriveクォータ情報取得に失敗: 404 ()
[2025-04-09 20:21:12] [WARNING] ユーザー aomori-rakuraku@mirai-const.co.jp のOneDriveクォータ情報取得に失敗: 404 ()
[2025-04-09 20:21:12] [WARNING] ユーザー apple-id@miraiconst.onmicrosoft.com のOneDriveクォータ情報取得に失敗: 404 ()
[2025-04-09 20:21:13] [WARNING] ユーザー ariake-rakuraku@mirai-const.co.jp のOneDriveクォータ情報取得に失敗: 404 ()
[2025-04-09 20:21:13] [INFO] ユーザー at-kondou@mirai-const.co.jp のOneDriveクォータ情報を正常に取得しました (使用率: 1.57%)
[2025-04-09 20:21:13] [INFO] ユーザー b-tei@mirai-const.co.jp のOneDriveクォータ情報を正常に取得しました (使用率: 0.03%)
[2025-04-09 20:21:16] [INFO] ユーザー c-takeda@mirai-const.co.jp のOneDriveクォータ情報を正常に取得しました (使用率: 0.7%)
[2025-04-09 20:21:17] [WARNING] ユーザー cad-master@miraiconst.onmicrosoft.com のOneDriveクォータ情報取得に失敗: 404 ()
[2025-04-09 20:21:17] [WARNING] ユーザー chiba-rakuraku@mirai-const.co.jp のOneDriveクォータ情報取得に失敗: 404 ()
[2025-04-09 20:21:17] [WARNING] ユーザー chubu-rakuraku@mirai-const.co.jp のOneDriveクォータ情報取得に失敗: 404 ()
[2025-04-09 20:21:17] [WARNING] ユーザー chubu@miraiconst.onmicrosoft.com のOneDriveクォータ情報取得に失敗: 404 ()
[2025-04-09 20:21:18] [WARNING] ユーザー chugoku-rakuraku@mirai-const.co.jp のOneDriveクォータ情報取得に失敗: 404 ()
[2025-04-09 20:21:21] [WARNING] ユーザー compliance-hotline@miraiconst.onmicrosoft.com のOneDriveクォータ情報取得に失敗: 404 ()
[2025-04-09 20:21:21] [WARNING] ユーザー direct@mirai-const.co.jp のOneDriveクォータ情報取得に失敗: 404 ()
[2025-04-09 20:21:21] [INFO] ユーザー e-masuzawa@mirai-const.co.jp のOneDriveクォータ情報を正常に取得しました (使用率: 0%)
[2025-04-09 20:21:21] [WARNING] ユーザー e-watanabe@miraiconst.onmicrosoft.com のOneDriveクォータ情報取得に失敗: 404 ()
[2025-04-09 20:21:22] [WARNING] ユーザー et-satoh@mirai-const.co.jp のOneDriveクォータ情報取得に失敗: 404 ()
[2025-04-09 20:21:22] [INFO] ユーザー f-higaki@mirai-const.co.jp のOneDriveクォータ情報を正常に取得しました (使用率: 0%)
[2025-04-09 20:21:22] [INFO] ユーザー f-kiyama@mirai-const.co.jp のOneDriveクォータ情報を正常に取得しました (使用率: 0%)
[2025-04-09 20:21:23] [INFO] ユーザー f-nishiyama@mirai-const.co.jp のOneDriveクォータ情報を正常に取得しました (使用率: 0%)
[2025-04-09 20:21:23] [INFO] ユーザー f-takahashi@mirai-const.co.jp のOneDriveクォータ情報を正常に取得しました (使用率: 0%)
[2025-04-09 20:21:24] [INFO] ユーザー f-yukihira@mirai-const.co.jp のOneDriveクォータ情報を正常に取得しました (使用率: 0.01%)
[2025-04-09 20:21:24] [INFO] ユーザー g-saitoh@mirai-const.co.jp のOneDriveクォータ情報を正常に取得しました (使用率: 2.98%)
[2025-04-09 20:21:25] [INFO] ユーザー h-abe@mirai-const.co.jp のOneDriveクォータ情報を正常に取得しました (使用率: 0%)
[2025-04-09 20:21:25] [INFO] ユーザー h-aso@mirai-const.co.jp のOneDriveクォータ情報を正常に取得しました (使用率: 3.85%)
[2025-04-09 20:21:25] [INFO] ユーザー h-fujioka@mirai-const.co.jp のOneDriveクォータ情報を正常に取得しました (使用率: 2.61%)
[2025-04-09 20:21:26] [INFO] ユーザー h-hirata@mirai-const.co.jp のOneDriveクォータ情報を正常に取得しました (使用率: 0.22%)
[2025-04-09 20:21:26] [INFO] ユーザー h-hosoya@mirai-const.co.jp のOneDriveクォータ情報を正常に取得しました (使用率: 0%)
[2025-04-09 20:21:27] [INFO] ユーザー h-ide@mirai-const.co.jp のOneDriveクォータ情報を正常に取得しました (使用率: 0%)
[2025-04-09 20:21:27] [INFO] ユーザー h-katoh@mirai-const.co.jp のOneDriveクォータ情報を正常に取得しました (使用率: 0%)
[2025-04-09 20:21:28] [INFO] ユーザー h-kawabata@mirai-const.co.jp のOneDriveクォータ情報を正常に取得しました (使用率: 0%)
[2025-04-09 20:21:28] [INFO] ユーザー h-koizumi@mirai-const.co.jp のOneDriveクォータ情報を正常に取得しました (使用率: 0%)
[2025-04-09 20:21:28] [INFO] ユーザー h-kuge@mirai-const.co.jp のOneDriveクォータ情報を正常に取得しました (使用率: 0%)
[2025-04-09 20:21:29] [INFO] ユーザー h-lynn@mirai-const.co.jp のOneDriveクォータ情報を正常に取得しました (使用率: 0%)
[2025-04-09 20:21:29] [INFO] ユーザー h-madono@mirai-const.co.jp のOneDriveクォータ情報を正常に取得しました (使用率: 0%)
[2025-04-09 20:21:29] [INFO] ユーザー h-matsunaga@mirai-const.co.jp のOneDriveクォータ情報を正常に取得しました (使用率: 0%)
[2025-04-09 20:21:30] [INFO] ユーザー h-mimura@mirai-const.co.jp のOneDriveクォータ情報を正常に取得しました (使用率: 0%)
[2025-04-09 20:21:31] [INFO] ユーザー h-miura@mirai-const.co.jp のOneDriveクォータ情報を正常に取得しました (使用率: 0%)
[2025-04-09 20:21:31] [INFO] ユーザー h-nakagawa@mirai-const.co.jp のOneDriveクォータ情報を正常に取得しました (使用率: 0%)
[2025-04-09 20:21:31] [INFO] ユーザー h-nakamichi@mirai-const.co.jp のOneDriveクォータ情報を正常に取得しました (使用率: 0.03%)
[2025-04-09 20:21:32] [INFO] ユーザー h-nakayama@mirai-const.co.jp のOneDriveクォータ情報を正常に取得しました (使用率: 0.08%)
[2025-04-09 20:21:32] [INFO] ユーザー h-nasu@mirai-const.co.jp のOneDriveクォータ情報を正常に取得しました (使用率: 0%)
[2025-04-09 20:21:33] [INFO] ユーザー h-okuyama@mirai-const.co.jp のOneDriveクォータ情報を正常に取得しました (使用率: 0%)
[2025-04-09 20:21:33] [INFO] ユーザー h-onitsuka@mirai-const.co.jp のOneDriveクォータ情報を正常に取得しました (使用率: 3.87%)
[2025-04-09 20:21:33] [INFO] ユーザー h-sakaguchi@mirai-const.co.jp のOneDriveクォータ情報を正常に取得しました (使用率: 0%)
[2025-04-09 20:21:34] [INFO] ユーザー h-sakurai@mirai-const.co.jp のOneDriveクォータ情報を正常に取得しました (使用率: 0%)
[2025-04-09 20:21:34] [INFO] ユーザー h-sasaki@mirai-const.co.jp のOneDriveクォータ情報を正常に取得しました (使用率: 0%)
[2025-04-09 20:21:35] [WARNING] ユーザー h-satake@mirai-const.co.jp のOneDriveクォータ情報取得に失敗: 404 ()
[2025-04-09 20:21:35] [INFO] ユーザー h-satoh@mirai-const.co.jp のOneDriveクォータ情報を正常に取得しました (使用率: 0%)
[2025-04-09 20:21:35] [INFO] ユーザー h-seo@mirai-const.co.jp のOneDriveクォータ情報を正常に取得しました (使用率: 0%)
[2025-04-09 20:21:36] [INFO] ユーザー h-sugihara@mirai-const.co.jp のOneDriveクォータ情報を正常に取得しました (使用率: 0.01%)
[2025-04-09 20:21:36] [INFO] ユーザー h-sugimura@mirai-const.co.jp のOneDriveクォータ情報を正常に取得しました (使用率: 0%)
[2025-04-09 20:21:37] [INFO] ユーザー h-suzuki@mirai-const.co.jp のOneDriveクォータ情報を正常に取得しました (使用率: 3.31%)
[2025-04-09 20:21:37] [INFO] ユーザー h-tadachi@mirai-const.co.jp のOneDriveクォータ情報を正常に取得しました (使用率: 0%)
[2025-04-09 20:21:37] [INFO] ユーザー h-takane@mirai-const.co.jp のOneDriveクォータ情報を正常に取得しました (使用率: 0%)
[2025-04-09 20:21:38] [INFO] ユーザー h-umezu@mirai-const.co.jp のOneDriveクォータ情報を正常に取得しました (使用率: 0.29%)
[2025-04-09 20:21:38] [INFO] ユーザー h-yagi@mirai-const.co.jp のOneDriveクォータ情報を正常に取得しました (使用率: 0%)
[2025-04-09 20:21:38] [INFO] ユーザー h-yamada@mirai-const.co.jp のOneDriveクォータ情報を正常に取得しました (使用率: 0%)
[2025-04-09 20:21:39] [INFO] ユーザー h-yamaguchi@mirai-const.co.jp のOneDriveクォータ情報を正常に取得しました (使用率: 0%)
[2025-04-09 20:21:39] [INFO] ユーザー h-yamashita@mirai-const.co.jp のOneDriveクォータ情報を正常に取得しました (使用率: 0%)
[2025-04-09 20:21:40] [INFO] ユーザー h-yokoyama@mirai-const.co.jp のOneDriveクォータ情報を正常に取得しました (使用率: 0%)
[2025-04-09 20:21:40] [INFO] ユーザー h-yoshimitsu@mirai-const.co.jp のOneDriveクォータ情報を正常に取得しました (使用率: 0%)
[2025-04-09 20:21:40] [INFO] ユーザー h-yoshioka@mirai-const.co.jp のOneDriveクォータ情報を正常に取得しました (使用率: 0%)
[2025-04-09 20:21:41] [WARNING] ユーザー henngetest@mirai-const.co.jp のOneDriveクォータ情報取得に失敗: 404 ()
[2025-04-09 20:21:41] [INFO] ユーザー hi-abe@mirai-const.co.jp のOneDriveクォータ情報を正常に取得しました (使用率: 0.01%)
[2025-04-09 20:21:41] [INFO] ユーザー hi-hashi@mirai-const.co.jp のOneDriveクォータ情報を正常に取得しました (使用率: 0%)
[2025-04-09 20:21:42] [INFO] ユーザー hi-horikoshi@mirai-const.co.jp のOneDriveクォータ情報を正常に取得しました (使用率: 0%)
[2025-04-09 20:21:42] [INFO] ユーザー hi-ishibashi@mirai-const.co.jp のOneDriveクォータ情報を正常に取得しました (使用率: 0%)
[2025-04-09 20:21:43] [INFO] ユーザー hi-morimiya@mirai-const.co.jp のOneDriveクォータ情報を正常に取得しました (使用率: 0%)
[2025-04-09 20:21:43] [INFO] ユーザー hi-okamoto@mirai-const.co.jp のOneDriveクォータ情報を正常に取得しました (使用率: 2.17%)
[2025-04-09 20:21:43] [INFO] ユーザー hi-sakurai@mirai-const.co.jp のOneDriveクォータ情報を正常に取得しました (使用率: 0%)
[2025-04-09 20:21:44] [INFO] ユーザー hi-sasaki@mirai-const.co.jp のOneDriveクォータ情報を正常に取得しました (使用率: 0%)
[2025-04-09 20:21:44] [INFO] ユーザー hi-watanabe@mirai-const.co.jp のOneDriveクォータ情報を正常に取得しました (使用率: 0%)
[2025-04-09 20:21:44] [INFO] ユーザー hi-yamaguchi@mirai-const.co.jp のOneDriveクォータ情報を正常に取得しました (使用率: 0%)
[2025-04-09 20:21:45] [INFO] ユーザー hi-yano@mirai-const.co.jp のOneDriveクォータ情報を正常に取得しました (使用率: 0%)
[2025-04-09 20:21:45] [WARNING] ユーザー hokkaido-rakuraku@mirai-const.co.jp のOneDriveクォータ情報取得に失敗: 404 ()
[2025-04-09 20:21:45] [WARNING] ユーザー hokkaido@miraiconst.onmicrosoft.com のOneDriveクォータ情報取得に失敗: 404 ()
[2025-04-09 20:21:46] [WARNING] ユーザー hokuriku-rakuraku@mirai-const.co.jp のOneDriveクォータ情報取得に失敗: 404 ()
[2025-04-09 20:21:46] [WARNING] ユーザー honsya2-1@miraiconst.onmicrosoft.com のOneDriveクォータ情報取得に失敗: 404 ()
[2025-04-09 20:21:46] [WARNING] ユーザー honsya2-2@miraiconst.onmicrosoft.com のOneDriveクォータ情報取得に失敗: 404 ()
[2025-04-09 20:21:47] [WARNING] ユーザー hp-kanri@miraiconst.onmicrosoft.com のOneDriveクォータ情報取得に失敗: 404 ()
[2025-04-09 20:21:47] [INFO] ユーザー i-funakawa@mirai-const.co.jp のOneDriveクォータ情報を正常に取得しました (使用率: 0%)
[2025-04-09 20:21:47] [WARNING] ユーザー i-komada@mirai-const.co.jp のOneDriveクォータ情報取得に失敗: 404 ()
[2025-04-09 20:21:48] [INFO] ユーザー i-naitoh@mirai-const.co.jp のOneDriveクォータ情報を正常に取得しました (使用率: 0%)
[2025-04-09 20:21:48] [WARNING] ユーザー ibaraki-rakuraku@mirai-const.co.jp のOneDriveクォータ情報取得に失敗: 404 ()
[2025-04-09 20:21:48] [INFO] ユーザー j-abe@mirai-const.co.jp のOneDriveクォータ情報を正常に取得しました (使用率: 0%)
[2025-04-09 20:21:49] [INFO] ユーザー j-aotsuka@mirai-const.co.jp のOneDriveクォータ情報を正常に取得しました (使用率: 8.7%)
[2025-04-09 20:21:49] [INFO] ユーザー j-takeda@mirai-const.co.jp のOneDriveクォータ情報を正常に取得しました (使用率: 0%)
[2025-04-09 20:21:49] [INFO] ユーザー j-takinosawa@mirai-const.co.jp のOneDriveクォータ情報を正常に取得しました (使用率: 0%)
[2025-04-09 20:21:50] [WARNING] ユーザー jinji-saiyou@mirai-const.co.jp のOneDriveクォータ情報取得に失敗: 404 ()
[2025-04-09 20:21:50] [INFO] ユーザー k-andoh@mirai-const.co.jp のOneDriveクォータ情報を正常に取得しました (使用率: 0%)
[2025-04-09 20:21:50] [INFO] ユーザー k-aoki@mirai-const.co.jp のOneDriveクォータ情報を正常に取得しました (使用率: 0%)
[2025-04-09 20:21:51] [INFO] ユーザー k-aritoh@mirai-const.co.jp のOneDriveクォータ情報を正常に取得しました (使用率: 0.45%)
[2025-04-09 20:21:51] [INFO] ユーザー k-hayashida@mirai-const.co.jp のOneDriveクォータ情報を正常に取得しました (使用率: 2.09%)
[2025-04-09 20:21:52] [INFO] ユーザー k-higuma@mirai-const.co.jp のOneDriveクォータ情報を正常に取得しました (使用率: 2.49%)
[2025-04-09 20:21:52] [WARNING] ユーザー k-hirabayashi@mirai-const.co.jp のOneDriveクォータ情報取得に失敗: 404 ()
[2025-04-09 20:21:52] [INFO] ユーザー k-hoshino@mirai-const.co.jp のOneDriveクォータ情報を正常に取得しました (使用率: 0%)
[2025-04-09 20:21:53] [INFO] ユーザー k-ichimasa@mirai-const.co.jp のOneDriveクォータ情報を正常に取得しました (使用率: 0%)
[2025-04-09 20:21:53] [INFO] ユーザー k-ishikame@mirai-const.co.jp のOneDriveクォータ情報を正常に取得しました (使用率: 0%)
[2025-04-09 20:21:54] [INFO] ユーザー k-iwai@mirai-const.co.jp のOneDriveクォータ情報を正常に取得しました (使用率: 0.01%)
[2025-04-09 20:21:54] [INFO] ユーザー k-kamikawa@mirai-const.co.jp のOneDriveクォータ情報を正常に取得しました (使用率: 0%)
[2025-04-09 20:21:54] [INFO] ユーザー k-kasano@mirai-const.co.jp のOneDriveクォータ情報を正常に取得しました (使用率: 0%)
[2025-04-09 20:21:55] [INFO] ユーザー k-kawakita@mirai-const.co.jp のOneDriveクォータ情報を正常に取得しました (使用率: 0.01%)
[2025-04-09 20:21:55] [INFO] ユーザー k-kawamoto@mirai-const.co.jp のOneDriveクォータ情報を正常に取得しました (使用率: 0%)
[2025-04-09 20:21:56] [INFO] ユーザー k-kawana@mirai-const.co.jp のOneDriveクォータ情報を正常に取得しました (使用率: 0%)
[2025-04-09 20:21:56] [INFO] ユーザー k-kemmochi@mirai-const.co.jp のOneDriveクォータ情報を正常に取得しました (使用率: 0%)
[2025-04-09 20:21:56] [INFO] ユーザー k-kishikawa@mirai-const.co.jp のOneDriveクォータ情報を正常に取得しました (使用率: 0%)
[2025-04-09 20:21:57] [INFO] ユーザー k-kitazawa@mirai-const.co.jp のOneDriveクォータ情報を正常に取得しました (使用率: 0%)
[2025-04-09 20:21:57] [INFO] ユーザー k-kobayashi@mirai-const.co.jp のOneDriveクォータ情報を正常に取得しました (使用率: 0%)
[2025-04-09 20:21:57] [INFO] ユーザー k-kobira@mirai-const.co.jp のOneDriveクォータ情報を正常に取得しました (使用率: 0%)
[2025-04-09 20:21:58] [INFO] ユーザー k-koga@mirai-const.co.jp のOneDriveクォータ情報を正常に取得しました (使用率: 0%)
[2025-04-09 20:21:58] [INFO] ユーザー k-komatsu@mirai-const.co.jp のOneDriveクォータ情報を正常に取得しました (使用率: 0%)
[2025-04-09 20:21:59] [INFO] ユーザー k-kuroda@mirai-const.co.jp のOneDriveクォータ情報を正常に取得しました (使用率: 0%)
[2025-04-09 20:21:59] [INFO] ユーザー k-maeda@mirai-const.co.jp のOneDriveクォータ情報を正常に取得しました (使用率: 0%)
[2025-04-09 20:21:59] [INFO] ユーザー k-matsuura@mirai-const.co.jp のOneDriveクォータ情報を正常に取得しました (使用率: 0%)
[2025-04-09 20:22:00] [INFO] ユーザー k-miyajima@mirai-const.co.jp のOneDriveクォータ情報を正常に取得しました (使用率: 0%)
[2025-04-09 20:22:00] [INFO] ユーザー k-miyazaki@mirai-const.co.jp のOneDriveクォータ情報を正常に取得しました (使用率: 0%)
[2025-04-09 20:22:00] [INFO] ユーザー k-mutsu@mirai-const.co.jp のOneDriveクォータ情報を正常に取得しました (使用率: 0%)
[2025-04-09 20:22:01] [INFO] ユーザー k-nagano@mirai-const.co.jp のOneDriveクォータ情報を正常に取得しました (使用率: 0%)
[2025-04-09 20:22:01] [WARNING] ユーザー k-obara@mirai-const.co.jp のOneDriveクォータ情報取得に失敗: 404 ()
[2025-04-09 20:22:01] [INFO] ユーザー k-ogasa@mirai-const.co.jp のOneDriveクォータ情報を正常に取得しました (使用率: 0%)
[2025-04-09 20:22:02] [INFO] ユーザー k-ohyama@mirai-const.co.jp のOneDriveクォータ情報を正常に取得しました (使用率: 0%)
[2025-04-09 20:22:02] [INFO] ユーザー k-okada@mirai-const.co.jp のOneDriveクォータ情報を正常に取得しました (使用率: 16.92%)
[2025-04-09 20:22:03] [INFO] ユーザー k-okamoto@mirai-const.co.jp のOneDriveクォータ情報を正常に取得しました (使用率: 0%)
[2025-04-09 20:22:03] [INFO] ユーザー k-sagara@mirai-const.co.jp のOneDriveクォータ情報を正常に取得しました (使用率: 0%)
[2025-04-09 20:22:04] [INFO] ユーザー k-shibata@mirai-const.co.jp のOneDriveクォータ情報を正常に取得しました (使用率: 0%)
[2025-04-09 20:22:04] [INFO] ユーザー k-shida@mirai-const.co.jp のOneDriveクォータ情報を正常に取得しました (使用率: 0%)
[2025-04-09 20:22:04] [WARNING] ユーザー k-sugimoto@miraiconst.onmicrosoft.com のOneDriveクォータ情報取得に失敗: 404 ()
[2025-04-09 20:22:05] [INFO] ユーザー k-suguro@mirai-const.co.jp のOneDriveクォータ情報を正常に取得しました (使用率: 1.62%)
[2025-04-09 20:22:05] [INFO] ユーザー k-suhara@mirai-const.co.jp のOneDriveクォータ情報を正常に取得しました (使用率: 0%)
[2025-04-09 20:22:06] [INFO] ユーザー k-taguchi@mirai-const.co.jp のOneDriveクォータ情報を正常に取得しました (使用率: 0%)
[2025-04-09 20:22:06] [INFO] ユーザー k-takatani@mirai-const.co.jp のOneDriveクォータ情報を正常に取得しました (使用率: 0%)
[2025-04-09 20:22:06] [INFO] ユーザー k-takeuchi@mirai-const.co.jp のOneDriveクォータ情報を正常に取得しました (使用率: 0%)
[2025-04-09 20:22:07] [INFO] ユーザー k-tobe@mirai-const.co.jp のOneDriveクォータ情報を正常に取得しました (使用率: 0%)
[2025-04-09 20:22:07] [INFO] ユーザー k-tomioka@mirai-const.co.jp のOneDriveクォータ情報を正常に取得しました (使用率: 0%)
[2025-04-09 20:22:08] [INFO] ユーザー k-tsunawaki@mirai-const.co.jp のOneDriveクォータ情報を正常に取得しました (使用率: 0%)
[2025-04-09 20:22:08] [INFO] ユーザー k-ueda@mirai-const.co.jp のOneDriveクォータ情報を正常に取得しました (使用率: 0%)
[2025-04-09 20:22:08] [INFO] ユーザー k-wakihira@mirai-const.co.jp のOneDriveクォータ情報を正常に取得しました (使用率: 0%)
[2025-04-09 20:22:09] [INFO] ユーザー k-watari@mirai-const.co.jp のOneDriveクォータ情報を正常に取得しました (使用率: 0%)
[2025-04-09 20:22:09] [INFO] ユーザー k-yamada@mirai-const.co.jp のOneDriveクォータ情報を正常に取得しました (使用率: 0%)
[2025-04-09 20:22:10] [INFO] ユーザー k-yano@mirai-const.co.jp のOneDriveクォータ情報を正常に取得しました (使用率: 0.06%)
[2025-04-09 20:22:10] [INFO] ユーザー k-yasumoto@mirai-const.co.jp のOneDriveクォータ情報を正常に取得しました (使用率: 0%)
[2025-04-09 20:22:10] [INFO] ユーザー k-yoshida@mirai-const.co.jp のOneDriveクォータ情報を正常に取得しました (使用率: 0%)
[2025-04-09 20:22:11] [INFO] ユーザー k-yotsuzuka@mirai-const.co.jp のOneDriveクォータ情報を正常に取得しました (使用率: 0%)
[2025-04-09 20:22:11] [INFO] ユーザー ka-chikagawa@mirai-const.co.jp のOneDriveクォータ情報を正常に取得しました (使用率: 0%)
[2025-04-09 20:22:11] [INFO] ユーザー ka-komori@mirai-const.co.jp のOneDriveクォータ情報を正常に取得しました (使用率: 0%)
[2025-04-09 20:22:12] [INFO] ユーザー ka-nakamura@mirai-const.co.jp のOneDriveクォータ情報を正常に取得しました (使用率: 0.33%)
[2025-04-09 20:22:12] [INFO] ユーザー ka-nomura@mirai-const.co.jp のOneDriveクォータ情報を正常に取得しました (使用率: 0%)
[2025-04-09 20:22:13] [INFO] ユーザー ka-sasaki@mirai-const.co.jp のOneDriveクォータ情報を正常に取得しました (使用率: 0%)
[2025-04-09 20:22:13] [WARNING] ユーザー kaikei-support@mirai-const.co.jp のOneDriveクォータ情報取得に失敗: 404 ()
[2025-04-09 20:22:13] [WARNING] ユーザー kanri-kyushu@mirai-const.co.jp のOneDriveクォータ情報取得に失敗: 404 ()
[2025-04-09 20:22:13] [WARNING] ユーザー kanri-oosaka@mirai-const.co.jp のOneDriveクォータ情報取得に失敗: 404 ()
[2025-04-09 20:22:14] [WARNING] ユーザー kanri-tokyo@mirai-const.co.jp のOneDriveクォータ情報取得に失敗: 404 ()
[2025-04-09 20:22:14] [INFO] ユーザー ke-okada@mirai-const.co.jp のOneDriveクォータ情報を正常に取得しました (使用率: 0%)
[2025-04-09 20:22:14] [WARNING] ユーザー keieikikaku@miraiconst.onmicrosoft.com のOneDriveクォータ情報取得に失敗: 404 ()
[2025-04-09 20:22:15] [WARNING] ユーザー kita-kyushu@miraiconst.onmicrosoft.com のOneDriveクォータ情報取得に失敗: 404 ()
[2025-04-09 20:22:15] [WARNING] ユーザー kitakyushu-rakuraku@mirai-const.co.jp のOneDriveクォータ情報取得に失敗: 404 ()
[2025-04-09 20:22:15] [INFO] ユーザー ko-noro@mirai-const.co.jp のOneDriveクォータ情報を正常に取得しました (使用率: 0%)
[2025-04-09 20:22:16] [WARNING] ユーザー kyushu-rakuraku@mirai-const.co.jp のOneDriveクォータ情報取得に失敗: 404 ()
[2025-04-09 20:22:16] [WARNING] ユーザー m-ariake@miraiconst.onmicrosoft.com のOneDriveクォータ情報取得に失敗: 404 ()
[2025-04-09 20:22:16] [INFO] ユーザー m-asaga@mirai-const.co.jp のOneDriveクォータ情報を正常に取得しました (使用率: 0%)
[2025-04-09 20:22:17] [WARNING] ユーザー m-chugoku@miraiconst.onmicrosoft.com のOneDriveクォータ情報取得に失敗: 404 ()
[2025-04-09 20:22:17] [INFO] ユーザー m-esaki@mirai-const.co.jp のOneDriveクォータ情報を正常に取得しました (使用率: 0%)
[2025-04-09 20:22:17] [INFO] ユーザー m-fuke@mirai-const.co.jp のOneDriveクォータ情報を正常に取得しました (使用率: 0.18%)
[2025-04-09 20:22:18] [INFO] ユーザー m-hamashima@mirai-const.co.jp のOneDriveクォータ情報を正常に取得しました (使用率: 0%)
[2025-04-09 20:22:18] [INFO] ユーザー m-higashida@mirai-const.co.jp のOneDriveクォータ情報を正常に取得しました (使用率: 0%)
[2025-04-09 20:22:18] [INFO] ユーザー m-horii@mirai-const.co.jp のOneDriveクォータ情報を正常に取得しました (使用率: 0%)
[2025-04-09 20:22:19] [INFO] ユーザー m-hosoo@mirai-const.co.jp のOneDriveクォータ情報を正常に取得しました (使用率: 0%)
[2025-04-09 20:22:19] [INFO] ユーザー m-ibe@mirai-const.co.jp のOneDriveクォータ情報を正常に取得しました (使用率: 0.17%)
[2025-04-09 20:22:20] [INFO] ユーザー m-ichikawa@mirai-const.co.jp のOneDriveクォータ情報を正常に取得しました (使用率: 0%)
[2025-04-09 20:22:20] [WARNING] ユーザー m-info@miraiconst.onmicrosoft.com のOneDriveクォータ情報取得に失敗: 404 ()
[2025-04-09 20:22:20] [INFO] ユーザー m-ishida@mirai-const.co.jp のOneDriveクォータ情報を正常に取得しました (使用率: 0%)
[2025-04-09 20:22:21] [INFO] ユーザー m-itoh@mirai-const.co.jp のOneDriveクォータ情報を正常に取得しました (使用率: 0%)
[2025-04-09 20:22:21] [INFO] ユーザー m-kajiwara@mirai-const.co.jp のOneDriveクォータ情報を正常に取得しました (使用率: 0%)
[2025-04-09 20:22:21] [INFO] ユーザー m-kambara@mirai-const.co.jp のOneDriveクォータ情報を正常に取得しました (使用率: 0%)
[2025-04-09 20:22:22] [INFO] ユーザー m-kawahara@mirai-const.co.jp のOneDriveクォータ情報を正常に取得しました (使用率: 0%)
[2025-04-09 20:22:22] [INFO] ユーザー m-koji@mirai-const.co.jp のOneDriveクォータ情報を正常に取得しました (使用率: 0.01%)
[2025-04-09 20:22:23] [INFO] ユーザー m-kuwata@mirai-const.co.jp のOneDriveクォータ情報を正常に取得しました (使用率: 0%)
[2025-04-09 20:22:23] [WARNING] ユーザー m-maruta@mirai-const.co.jp のOneDriveクォータ情報取得に失敗: 404 ()
[2025-04-09 20:22:23] [INFO] ユーザー m-matsui@mirai-const.co.jp のOneDriveクォータ情報を正常に取得しました (使用率: 0%)
[2025-04-09 20:22:24] [INFO] ユーザー m-matsumoto@mirai-const.co.jp のOneDriveクォータ情報を正常に取得しました (使用率: 0%)
[2025-04-09 20:22:24] [INFO] ユーザー m-morita@miraiconst.onmicrosoft.com のOneDriveクォータ情報を正常に取得しました (使用率: 0%)
[2025-04-09 20:22:24] [INFO] ユーザー m-murai@mirai-const.co.jp のOneDriveクォータ情報を正常に取得しました (使用率: 0%)
[2025-04-09 20:22:25] [INFO] ユーザー m-naganami@mirai-const.co.jp のOneDriveクォータ情報を正常に取得しました (使用率: 0%)
[2025-04-09 20:22:25] [INFO] ユーザー m-nakatani@mirai-const.co.jp のOneDriveクォータ情報を正常に取得しました (使用率: 0.01%)
[2025-04-09 20:22:26] [INFO] ユーザー m-narita@mirai-const.co.jp のOneDriveクォータ情報を正常に取得しました (使用率: 0%)
[2025-04-09 20:22:26] [INFO] ユーザー m-nasuno@mirai-const.co.jp のOneDriveクォータ情報を正常に取得しました (使用率: 0%)
[2025-04-09 20:22:26] [INFO] ユーザー m-nishiyama@mirai-const.co.jp のOneDriveクォータ情報を正常に取得しました (使用率: 0%)
[2025-04-09 20:22:27] [INFO] ユーザー m-niwano@mirai-const.co.jp のOneDriveクォータ情報を正常に取得しました (使用率: 10.86%)
[2025-04-09 20:22:27] [INFO] ユーザー m-ohi@mirai-const.co.jp のOneDriveクォータ情報を正常に取得しました (使用率: 0.1%)
[2025-04-09 20:22:27] [INFO] ユーザー m-ohzeki@mirai-const.co.jp のOneDriveクォータ情報を正常に取得しました (使用率: 6.07%)
[2025-04-09 20:22:28] [INFO] ユーザー m-shibuya@mirai-const.co.jp のOneDriveクォータ情報を正常に取得しました (使用率: 0%)
[2025-04-09 20:22:28] [INFO] ユーザー m-shiga@mirai-const.co.jp のOneDriveクォータ情報を正常に取得しました (使用率: 0%)
[2025-04-09 20:22:29] [INFO] ユーザー m-shinoda@mirai-const.co.jp のOneDriveクォータ情報を正常に取得しました (使用率: 0%)
[2025-04-09 20:22:29] [WARNING] ユーザー m-suzuki@mirai-const.co.jp のOneDriveクォータ情報取得に失敗: 404 ()
[2025-04-09 20:22:29] [INFO] ユーザー m-taguchi@mirai-const.co.jp のOneDriveクォータ情報を正常に取得しました (使用率: 0.81%)
[2025-04-09 20:22:30] [INFO] ユーザー m-takemura@mirai-const.co.jp のOneDriveクォータ情報を正常に取得しました (使用率: 0%)
[2025-04-09 20:22:30] [INFO] ユーザー m-tamura@mirai-const.co.jp のOneDriveクォータ情報を正常に取得しました (使用率: 0%)
[2025-04-09 20:22:31] [INFO] ユーザー m-uchida@mirai-const.co.jp のOneDriveクォータ情報を正常に取得しました (使用率: 0.56%)
[2025-04-09 20:22:31] [WARNING] ユーザー m-ushikubo@mirai-const.co.jp のOneDriveクォータ情報取得に失敗: 404 ()
[2025-04-09 20:22:31] [INFO] ユーザー m-yamamoto@mirai-const.co.jp のOneDriveクォータ情報を正常に取得しました (使用率: 0%)
[2025-04-09 20:22:32] [INFO] ユーザー m-yanagisawa@mirai-const.co.jp のOneDriveクォータ情報を正常に取得しました (使用率: 0%)
[2025-04-09 20:22:32] [INFO] ユーザー m-yoshitomi@mirai-const.co.jp のOneDriveクォータ情報を正常に取得しました (使用率: 0%)
[2025-04-09 20:22:32] [INFO] ユーザー ma-adachi@mirai-const.co.jp のOneDriveクォータ情報を正常に取得しました (使用率: 0.06%)
[2025-04-09 20:22:33] [INFO] ユーザー ma-hasegawa@mirai-const.co.jp のOneDriveクォータ情報を正常に取得しました (使用率: 0%)
[2025-04-09 20:22:33] [INFO] ユーザー ma-itoh@mirai-const.co.jp のOneDriveクォータ情報を正常に取得しました (使用率: 0.02%)
[2025-04-09 20:22:33] [INFO] ユーザー ma-saitoh@mirai-const.co.jp のOneDriveクォータ情報を正常に取得しました (使用率: 0%)
[2025-04-09 20:22:34] [INFO] ユーザー ma-taguchi@mirai-const.co.jp のOneDriveクォータ情報を正常に取得しました (使用率: 0%)
[2025-04-09 20:22:34] [INFO] ユーザー ma-watanabe@mirai-const.co.jp のOneDriveクォータ情報を正常に取得しました (使用率: 0%)
[2025-04-09 20:22:34] [WARNING] ユーザー mail-info@miraiconst.onmicrosoft.com のOneDriveクォータ情報取得に失敗: 404 ()
[2025-04-09 20:22:35] [INFO] ユーザー mak-satoh@mirai-const.co.jp のOneDriveクォータ情報を正常に取得しました (使用率: 0%)
[2025-04-09 20:22:35] [WARNING] ユーザー mf-jigyoukikaku@miraiconst.onmicrosoft.com のOneDriveクォータ情報取得に失敗: 404 ()
[2025-04-09 20:22:35] [INFO] ユーザー mi-watanabe@mirai-const.co.jp のOneDriveクォータ情報を正常に取得しました (使用率: 0%)
[2025-04-09 20:22:36] [WARNING] ユーザー mirai-edr@miraiconst.onmicrosoft.com のOneDriveクォータ情報取得に失敗: 404 ()
[2025-04-09 20:22:36] [WARNING] ユーザー mirai-sns@miraiconst.onmicrosoft.com のOneDriveクォータ情報取得に失敗: 404 ()
[2025-04-09 20:22:36] [WARNING] ユーザー mirai-zoom@miraiconst.onmicrosoft.com のOneDriveクォータ情報取得に失敗: 404 ()
[2025-04-09 20:22:37] [WARNING] ユーザー mk-engagement@miraiconst.onmicrosoft.com のOneDriveクォータ情報取得に失敗: 404 ()
[2025-04-09 20:22:37] [WARNING] ユーザー mksystem-alert@miraiconst.onmicrosoft.com のOneDriveクォータ情報取得に失敗: 404 ()
[2025-04-09 20:22:37] [INFO] ユーザー mo-itoh@mirai-const.co.jp のOneDriveクォータ情報を正常に取得しました (使用率: 0%)
[2025-04-09 20:22:38] [INFO] ユーザー n-arita@mirai-const.co.jp のOneDriveクォータ情報を正常に取得しました (使用率: 0%)
[2025-04-09 20:22:38] [INFO] ユーザー n-hataoka@mirai-const.co.jp のOneDriveクォータ情報を正常に取得しました (使用率: 0%)
[2025-04-09 20:22:38] [INFO] ユーザー n-hattori@mirai-const.co.jp のOneDriveクォータ情報を正常に取得しました (使用率: 0%)
[2025-04-09 20:22:39] [INFO] ユーザー n-inoue@mirai-const.co.jp のOneDriveクォータ情報を正常に取得しました (使用率: 0.12%)
[2025-04-09 20:22:39] [INFO] ユーザー n-kishi@mirai-const.co.jp のOneDriveクォータ情報を正常に取得しました (使用率: 0%)
[2025-04-09 20:22:40] [INFO] ユーザー n-manami@mirai-const.co.jp のOneDriveクォータ情報を正常に取得しました (使用率: 0%)
[2025-04-09 20:22:40] [INFO] ユーザー n-okamoto@mirai-const.co.jp のOneDriveクォータ情報を正常に取得しました (使用率: 0%)
[2025-04-09 20:22:40] [INFO] ユーザー n-oosaki@mirai-const.co.jp のOneDriveクォータ情報を正常に取得しました (使用率: 0.03%)
[2025-04-09 20:22:41] [INFO] ユーザー n-suganami@mirai-const.co.jp のOneDriveクォータ情報を正常に取得しました (使用率: 0%)
[2025-04-09 20:22:41] [INFO] ユーザー n-sunako@mirai-const.co.jp のOneDriveクォータ情報を正常に取得しました (使用率: 3.49%)
[2025-04-09 20:22:42] [INFO] ユーザー n-takada@mirai-const.co.jp のOneDriveクォータ情報を正常に取得しました (使用率: 0%)
[2025-04-09 20:22:42] [INFO] ユーザー n-takemura@mirai-const.co.jp のOneDriveクォータ情報を正常に取得しました (使用率: 0%)
[2025-04-09 20:22:42] [INFO] ユーザー n-teramoto@mirai-const.co.jp のOneDriveクォータ情報を正常に取得しました (使用率: 0%)
[2025-04-09 20:22:43] [INFO] ユーザー n-tosaka@mirai-const.co.jp のOneDriveクォータ情報を正常に取得しました (使用率: 0%)
[2025-04-09 20:22:43] [INFO] ユーザー n-watanabe@mirai-const.co.jp のOneDriveクォータ情報を正常に取得しました (使用率: 0%)
[2025-04-09 20:22:43] [INFO] ユーザー n-yoshitani@mirai-const.co.jp のOneDriveクォータ情報を正常に取得しました (使用率: 0%)
[2025-04-09 20:22:44] [WARNING] ユーザー netis@miraiconst.onmicrosoft.com のOneDriveクォータ情報取得に失敗: 404 ()
[2025-04-09 20:22:44] [INFO] ユーザー nor-izumi@mirai-const.co.jp のOneDriveクォータ情報を正常に取得しました (使用率: 0.36%)
[2025-04-09 20:22:44] [WARNING] ユーザー noto-rakuraku@mirai-const.co.jp のOneDriveクォータ情報取得に失敗: 404 ()
[2025-04-09 20:22:45] [INFO] ユーザー o-hori@mirai-const.co.jp のOneDriveクォータ情報を正常に取得しました (使用率: 0%)
[2025-04-09 20:22:45] [INFO] ユーザー o-kamiunten@mirai-const.co.jp のOneDriveクォータ情報を正常に取得しました (使用率: 0%)
[2025-04-09 20:22:45] [INFO] ユーザー o-matsumoto@mirai-const.co.jp のOneDriveクォータ情報を正常に取得しました (使用率: 0%)
[2025-04-09 20:22:46] [INFO] ユーザー o-muramoto@mirai-const.co.jp のOneDriveクォータ情報を正常に取得しました (使用率: 0%)
[2025-04-09 20:22:46] [INFO] ユーザー o-shimozawa@mirai-const.co.jp のOneDriveクォータ情報を正常に取得しました (使用率: 0%)
[2025-04-09 20:22:47] [WARNING] ユーザー okinawa-rakuraku@mirai-const.co.jp のOneDriveクォータ情報取得に失敗: 404 ()
[2025-04-09 20:22:47] [WARNING] ユーザー okinawa@miraiconst.onmicrosoft.com のOneDriveクォータ情報取得に失敗: 404 ()
[2025-04-09 20:22:47] [WARNING] ユーザー osaka-rakuraku@mirai-const.co.jp のOneDriveクォータ情報取得に失敗: 404 ()
[2025-04-09 20:22:47] [INFO] ユーザー r-araki@mirai-const.co.jp のOneDriveクォータ情報を正常に取得しました (使用率: 0%)
[2025-04-09 20:22:48] [WARNING] ユーザー r-futenma@mirai-const.co.jp のOneDriveクォータ情報取得に失敗: 404 ()
[2025-04-09 20:22:48] [INFO] ユーザー r-hirao@mirai-const.co.jp のOneDriveクォータ情報を正常に取得しました (使用率: 0%)
[2025-04-09 20:22:48] [INFO] ユーザー r-honda@mirai-const.co.jp のOneDriveクォータ情報を正常に取得しました (使用率: 0%)
[2025-04-09 20:22:49] [INFO] ユーザー r-hosoya@mirai-const.co.jp のOneDriveクォータ情報を正常に取得しました (使用率: 0%)
[2025-04-09 20:22:49] [INFO] ユーザー r-ishimoto@mirai-const.co.jp のOneDriveクォータ情報を正常に取得しました (使用率: 0%)
[2025-04-09 20:22:50] [INFO] ユーザー r-karaiwa@mirai-const.co.jp のOneDriveクォータ情報を正常に取得しました (使用率: 1.06%)
[2025-04-09 20:22:50] [INFO] ユーザー r-kobori@mirai-const.co.jp のOneDriveクォータ情報を正常に取得しました (使用率: 0%)
[2025-04-09 20:22:50] [INFO] ユーザー r-kono@mirai-const.co.jp のOneDriveクォータ情報を正常に取得しました (使用率: 0%)
[2025-04-09 20:22:51] [INFO] ユーザー r-matsuo@mirai-const.co.jp のOneDriveクォータ情報を正常に取得しました (使用率: 0%)
[2025-04-09 20:22:51] [INFO] ユーザー r-nakahata@mirai-const.co.jp のOneDriveクォータ情報を正常に取得しました (使用率: 0%)
[2025-04-09 20:22:52] [INFO] ユーザー r-niikura@mirai-const.co.jp のOneDriveクォータ情報を正常に取得しました (使用率: 0.04%)
[2025-04-09 20:22:52] [INFO] ユーザー r-nishida@mirai-const.co.jp のOneDriveクォータ情報を正常に取得しました (使用率: 0%)
[2025-04-09 20:22:52] [INFO] ユーザー r-noguchi@mirai-const.co.jp のOneDriveクォータ情報を正常に取得しました (使用率: 0%)
[2025-04-09 20:22:53] [INFO] ユーザー r-obinata@mirai-const.co.jp のOneDriveクォータ情報を正常に取得しました (使用率: 0%)
[2025-04-09 20:22:53] [INFO] ユーザー r-ogasawara@mirai-const.co.jp のOneDriveクォータ情報を正常に取得しました (使用率: 0%)
[2025-04-09 20:22:53] [INFO] ユーザー r-ohkubo@mirai-const.co.jp のOneDriveクォータ情報を正常に取得しました (使用率: 0%)
[2025-04-09 20:22:54] [INFO] ユーザー r-shimoda@mirai-const.co.jp のOneDriveクォータ情報を正常に取得しました (使用率: 0%)
[2025-04-09 20:22:54] [INFO] ユーザー r-suzuki@mirai-const.co.jp のOneDriveクォータ情報を正常に取得しました (使用率: 1.67%)
[2025-04-09 20:22:55] [INFO] ユーザー r-tajima@mirai-const.co.jp のOneDriveクォータ情報を正常に取得しました (使用率: 0%)
[2025-04-09 20:22:55] [INFO] ユーザー r-yamasaki@mirai-const.co.jp のOneDriveクォータ情報を正常に取得しました (使用率: 0%)
[2025-04-09 20:22:55] [INFO] ユーザー ry-suzuki@mirai-const.co.jp のOneDriveクォータ情報を正常に取得しました (使用率: 0%)
[2025-04-09 20:22:56] [INFO] ユーザー s-fuh@mirai-const.co.jp のOneDriveクォータ情報を正常に取得しました (使用率: 0%)
[2025-04-09 20:22:56] [INFO] ユーザー s-fukuda@mirai-const.co.jp のOneDriveクォータ情報を正常に取得しました (使用率: 0.01%)
[2025-04-09 20:22:56] [INFO] ユーザー s-gono@mirai-const.co.jp のOneDriveクォータ情報を正常に取得しました (使用率: 0%)
[2025-04-09 20:22:57] [INFO] ユーザー s-hattori@mirai-const.co.jp のOneDriveクォータ情報を正常に取得しました (使用率: 0%)
[2025-04-09 20:22:57] [INFO] ユーザー s-higashi@mirai-const.co.jp のOneDriveクォータ情報を正常に取得しました (使用率: 0%)
[2025-04-09 20:22:58] [INFO] ユーザー s-hori@mirai-const.co.jp のOneDriveクォータ情報を正常に取得しました (使用率: 0%)
[2025-04-09 20:22:58] [INFO] ユーザー s-itoh@mirai-const.co.jp のOneDriveクォータ情報を正常に取得しました (使用率: 0%)
[2025-04-09 20:22:58] [INFO] ユーザー s-iwasaki@mirai-const.co.jp のOneDriveクォータ情報を正常に取得しました (使用率: 0%)
[2025-04-09 20:22:59] [INFO] ユーザー s-izumi@mirai-const.co.jp のOneDriveクォータ情報を正常に取得しました (使用率: 0%)
[2025-04-09 20:22:59] [INFO] ユーザー s-kamikawa@mirai-const.co.jp のOneDriveクォータ情報を正常に取得しました (使用率: 0.21%)
[2025-04-09 20:22:59] [INFO] ユーザー s-kamimura@mirai-const.co.jp のOneDriveクォータ情報を正常に取得しました (使用率: 0%)
[2025-04-09 20:23:00] [INFO] ユーザー s-kawamura@mirai-const.co.jp のOneDriveクォータ情報を正常に取得しました (使用率: 0%)
[2025-04-09 20:23:00] [INFO] ユーザー s-kojima@mirai-const.co.jp のOneDriveクォータ情報を正常に取得しました (使用率: 0%)
[2025-04-09 20:23:01] [INFO] ユーザー s-kon@mirai-const.co.jp のOneDriveクォータ情報を正常に取得しました (使用率: 0%)
[2025-04-09 20:23:01] [INFO] ユーザー s-nagae@mirai-const.co.jp のOneDriveクォータ情報を正常に取得しました (使用率: 0%)
[2025-04-09 20:23:01] [INFO] ユーザー s-nagaoka@mirai-const.co.jp のOneDriveクォータ情報を正常に取得しました (使用率: 0%)
[2025-04-09 20:23:02] [INFO] ユーザー s-nakano@mirai-const.co.jp のOneDriveクォータ情報を正常に取得しました (使用率: 0.08%)
[2025-04-09 20:23:02] [INFO] ユーザー s-nakayama@mirai-const.co.jp のOneDriveクォータ情報を正常に取得しました (使用率: 0%)
[2025-04-09 20:23:03] [INFO] ユーザー s-nomura@mirai-const.co.jp のOneDriveクォータ情報を正常に取得しました (使用率: 0%)
[2025-04-09 20:23:03] [INFO] ユーザー s-ogasawara@mirai-const.co.jp のOneDriveクォータ情報を正常に取得しました (使用率: 0%)
[2025-04-09 20:23:03] [INFO] ユーザー s-ohtani@mirai-const.co.jp のOneDriveクォータ情報を正常に取得しました (使用率: 0.02%)
[2025-04-09 20:23:04] [INFO] ユーザー s-okamoto@mirai-const.co.jp のOneDriveクォータ情報を正常に取得しました (使用率: 0%)
[2025-04-09 20:23:04] [INFO] ユーザー s-onimaru@mirai-const.co.jp のOneDriveクォータ情報を正常に取得しました (使用率: 0%)
[2025-04-09 20:23:05] [INFO] ユーザー s-ono@mirai-const.co.jp のOneDriveクォータ情報を正常に取得しました (使用率: 0%)
[2025-04-09 20:23:05] [INFO] ユーザー s-saitoh@mirai-const.co.jp のOneDriveクォータ情報を正常に取得しました (使用率: 0%)
[2025-04-09 20:23:05] [INFO] ユーザー s-satoh@mirai-const.co.jp のOneDriveクォータ情報を正常に取得しました (使用率: 0%)
[2025-04-09 20:23:06] [INFO] ユーザー s-shintoh@mirai-const.co.jp のOneDriveクォータ情報を正常に取得しました (使用率: 0.01%)
[2025-04-09 20:23:06] [INFO] ユーザー s-shionoya@mirai-const.co.jp のOneDriveクォータ情報を正常に取得しました (使用率: 0%)
[2025-04-09 20:23:07] [INFO] ユーザー s-taguchi@mirai-const.co.jp のOneDriveクォータ情報を正常に取得しました (使用率: 0%)
[2025-04-09 20:23:07] [INFO] ユーザー s-tamaki@mirai-const.co.jp のOneDriveクォータ情報を正常に取得しました (使用率: 0.02%)
[2025-04-09 20:23:07] [INFO] ユーザー s-tomokiyo@mirai-const.co.jp のOneDriveクォータ情報を正常に取得しました (使用率: 0%)
[2025-04-09 20:23:08] [INFO] ユーザー s-tsuboi@mirai-const.co.jp のOneDriveクォータ情報を正常に取得しました (使用率: 0.01%)
[2025-04-09 20:23:08] [INFO] ユーザー s-tsuda@mirai-const.co.jp のOneDriveクォータ情報を正常に取得しました (使用率: 3.09%)
[2025-04-09 20:23:09] [INFO] ユーザー s-yoshie@mirai-const.co.jp のOneDriveクォータ情報を正常に取得しました (使用率: 0.17%)
[2025-04-09 20:23:09] [INFO] ユーザー sa-itoh@mirai-const.co.jp のOneDriveクォータ情報を正常に取得しました (使用率: 0%)
[2025-04-09 20:23:10] [INFO] ユーザー sa-katoh@mirai-const.co.jp のOneDriveクォータ情報を正常に取得しました (使用率: 2.56%)
[2025-04-09 20:23:10] [INFO] ユーザー sh-fujiwara@mirai-const.co.jp のOneDriveクォータ情報を正常に取得しました (使用率: 0%)
[2025-04-09 20:23:11] [WARNING] ユーザー sh-ishihara-old@miraiconst.onmicrosoft.com のOneDriveクォータ情報取得に失敗: 404 ()
[2025-04-09 20:23:11] [INFO] ユーザー sh-ishihara@mirai-const.co.jp のOneDriveクォータ情報を正常に取得しました (使用率: 0.01%)
[2025-04-09 20:23:11] [INFO] ユーザー sh-kurihara@mirai-const.co.jp のOneDriveクォータ情報を正常に取得しました (使用率: 0.01%)
[2025-04-09 20:23:12] [INFO] ユーザー sh-tada@mirai-const.co.jp のOneDriveクォータ情報を正常に取得しました (使用率: 0%)
[2025-04-09 20:23:12] [WARNING] ユーザー share@mirai-const.co.jp のOneDriveクォータ情報取得に失敗: 404 ()
[2025-04-09 20:23:12] [WARNING] ユーザー shikoku-rakuraku@mirai-const.co.jp のOneDriveクォータ情報取得に失敗: 404 ()
[2025-04-09 20:23:13] [WARNING] ユーザー shizuoka-rakuraku@mirai-const.co.jp のOneDriveクォータ情報取得に失敗: 404 ()
[2025-04-09 20:23:13] [INFO] ユーザー shu-ogata@mirai-const.co.jp のOneDriveクォータ情報を正常に取得しました (使用率: 0%)
[2025-04-09 20:23:13] [WARNING] ユーザー sketchup@miraiconst.onmicrosoft.com のOneDriveクォータ情報取得に失敗: 404 ()
[2025-04-09 20:23:14] [WARNING] ユーザー soumu-payment@mirai-const.co.jp のOneDriveクォータ情報取得に失敗: 404 ()
[2025-04-09 20:23:14] [WARNING] ユーザー Sync_AZSV0001_b63ec191406d@miraiconst.onmicrosoft.com のOneDriveクォータ情報取得に失敗: 404 ()
[2025-04-09 20:23:14] [WARNING] ユーザー system-info@mirai-const.co.jp のOneDriveクォータ情報取得に失敗: 404 ()
[2025-04-09 20:23:15] [INFO] ユーザー t-achira@mirai-const.co.jp のOneDriveクォータ情報を正常に取得しました (使用率: 1.08%)
[2025-04-09 20:23:15] [INFO] ユーザー t-akasaka@mirai-const.co.jp のOneDriveクォータ情報を正常に取得しました (使用率: 0%)
[2025-04-09 20:23:15] [INFO] ユーザー t-bogaki@mirai-const.co.jp のOneDriveクォータ情報を正常に取得しました (使用率: 0%)
[2025-04-09 20:23:16] [INFO] ユーザー t-ehara@mirai-const.co.jp のOneDriveクォータ情報を正常に取得しました (使用率: 0%)
[2025-04-09 20:23:16] [INFO] ユーザー t-fujiwara@mirai-const.co.jp のOneDriveクォータ情報を正常に取得しました (使用率: 0%)
[2025-04-09 20:23:17] [INFO] ユーザー t-fukuda@mirai-const.co.jp のOneDriveクォータ情報を正常に取得しました (使用率: 0%)
[2025-04-09 20:23:17] [INFO] ユーザー t-hamada@mirai-const.co.jp のOneDriveクォータ情報を正常に取得しました (使用率: 0%)
[2025-04-09 20:23:17] [INFO] ユーザー t-hattori@mirai-const.co.jp のOneDriveクォータ情報を正常に取得しました (使用率: 0.04%)
[2025-04-09 20:23:18] [INFO] ユーザー t-hayasaki@mirai-const.co.jp のOneDriveクォータ情報を正常に取得しました (使用率: 0%)
[2025-04-09 20:23:18] [INFO] ユーザー t-ichioka@mirai-const.co.jp のOneDriveクォータ情報を正常に取得しました (使用率: 0.01%)
[2025-04-09 20:23:18] [INFO] ユーザー t-inage@mirai-const.co.jp のOneDriveクォータ情報を正常に取得しました (使用率: 0%)
[2025-04-09 20:23:19] [INFO] ユーザー t-ishihara@mirai-const.co.jp のOneDriveクォータ情報を正常に取得しました (使用率: 0%)
[2025-04-09 20:23:19] [INFO] ユーザー t-iwasaki@mirai-const.co.jp のOneDriveクォータ情報を正常に取得しました (使用率: 0%)
[2025-04-09 20:23:19] [INFO] ユーザー t-kadota@mirai-const.co.jp のOneDriveクォータ情報を正常に取得しました (使用率: 0%)
[2025-04-09 20:23:20] [INFO] ユーザー t-kanda@mirai-const.co.jp のOneDriveクォータ情報を正常に取得しました (使用率: 0%)
[2025-04-09 20:23:20] [INFO] ユーザー t-kashiwabara@mirai-const.co.jp のOneDriveクォータ情報を正常に取得しました (使用率: 0%)
[2025-04-09 20:23:21] [INFO] ユーザー t-kinoh@mirai-const.co.jp のOneDriveクォータ情報を正常に取得しました (使用率: 0.79%)
[2025-04-09 20:23:21] [INFO] ユーザー t-kitaoka@mirai-const.co.jp のOneDriveクォータ情報を正常に取得しました (使用率: 0%)
[2025-04-09 20:23:21] [INFO] ユーザー t-konishi@mirai-const.co.jp のOneDriveクォータ情報を正常に取得しました (使用率: 0%)
[2025-04-09 20:23:22] [INFO] ユーザー t-kudoh@mirai-const.co.jp のOneDriveクォータ情報を正常に取得しました (使用率: 0%)
[2025-04-09 20:23:22] [WARNING] ユーザー t-kumai@miraiconst.onmicrosoft.com のOneDriveクォータ情報取得に失敗: 404 ()
[2025-04-09 20:23:22] [INFO] ユーザー t-kunogi@mirai-const.co.jp のOneDriveクォータ情報を正常に取得しました (使用率: 0%)
[2025-04-09 20:23:23] [INFO] ユーザー t-kuronaga@mirai-const.co.jp のOneDriveクォータ情報を正常に取得しました (使用率: 0%)
[2025-04-09 20:23:23] [INFO] ユーザー t-maegata@mirai-const.co.jp のOneDriveクォータ情報を正常に取得しました (使用率: 0%)
[2025-04-09 20:23:24] [INFO] ユーザー t-marukawa@mirai-const.co.jp のOneDriveクォータ情報を正常に取得しました (使用率: 0%)
[2025-04-09 20:23:24] [INFO] ユーザー t-matoba@mirai-const.co.jp のOneDriveクォータ情報を正常に取得しました (使用率: 0.01%)
[2025-04-09 20:23:25] [INFO] ユーザー t-matsuda@mirai-const.co.jp のOneDriveクォータ情報を正常に取得しました (使用率: 0%)
[2025-04-09 20:23:25] [INFO] ユーザー t-minari@mirai-const.co.jp のOneDriveクォータ情報を正常に取得しました (使用率: 1.62%)
[2025-04-09 20:23:25] [INFO] ユーザー t-mino@mirai-const.co.jp のOneDriveクォータ情報を正常に取得しました (使用率: 0%)
[2025-04-09 20:23:26] [INFO] ユーザー t-miyoshi@mirai-const.co.jp のOneDriveクォータ情報を正常に取得しました (使用率: 0%)
[2025-04-09 20:23:26] [INFO] ユーザー t-mochizuki@mirai-const.co.jp のOneDriveクォータ情報を正常に取得しました (使用率: 0%)
[2025-04-09 20:23:27] [INFO] ユーザー t-mori@mirai-const.co.jp のOneDriveクォータ情報を正常に取得しました (使用率: 0.58%)
[2025-04-09 20:23:27] [INFO] ユーザー t-nagakawa@mirai-const.co.jp のOneDriveクォータ情報を正常に取得しました (使用率: 0%)
[2025-04-09 20:23:27] [INFO] ユーザー t-nakata@mirai-const.co.jp のOneDriveクォータ情報を正常に取得しました (使用率: 0%)
[2025-04-09 20:23:28] [INFO] ユーザー t-namasu@mirai-const.co.jp のOneDriveクォータ情報を正常に取得しました (使用率: 0%)
[2025-04-09 20:23:28] [INFO] ユーザー t-niioka@mirai-const.co.jp のOneDriveクォータ情報を正常に取得しました (使用率: 0%)
[2025-04-09 20:23:28] [INFO] ユーザー t-nishikawa@mirai-const.co.jp のOneDriveクォータ情報を正常に取得しました (使用率: 0%)
[2025-04-09 20:23:29] [INFO] ユーザー t-nishioka@mirai-const.co.jp のOneDriveクォータ情報を正常に取得しました (使用率: 0%)
[2025-04-09 20:23:29] [INFO] ユーザー t-ohkuma@mirai-const.co.jp のOneDriveクォータ情報を正常に取得しました (使用率: 0%)
[2025-04-09 20:23:29] [INFO] ユーザー t-ohno@mirai-const.co.jp のOneDriveクォータ情報を正常に取得しました (使用率: 0%)
[2025-04-09 20:23:30] [INFO] ユーザー t-oyama@mirai-const.co.jp のOneDriveクォータ情報を正常に取得しました (使用率: 0%)
[2025-04-09 20:23:30] [INFO] ユーザー t-rikitake@mirai-const.co.jp のOneDriveクォータ情報を正常に取得しました (使用率: 0%)
[2025-04-09 20:23:31] [INFO] ユーザー t-saeki@mirai-const.co.jp のOneDriveクォータ情報を正常に取得しました (使用率: 0%)
[2025-04-09 20:23:31] [INFO] ユーザー t-satake@mirai-const.co.jp のOneDriveクォータ情報を正常に取得しました (使用率: 0%)
[2025-04-09 20:23:31] [INFO] ユーザー t-satoh@mirai-const.co.jp のOneDriveクォータ情報を正常に取得しました (使用率: 0%)
[2025-04-09 20:23:32] [INFO] ユーザー t-sawada@mirai-const.co.jp のOneDriveクォータ情報を正常に取得しました (使用率: 0%)
[2025-04-09 20:23:32] [INFO] ユーザー t-shiba@mirai-const.co.jp のOneDriveクォータ情報を正常に取得しました (使用率: 0%)
[2025-04-09 20:23:33] [INFO] ユーザー t-shimabukuro@mirai-const.co.jp のOneDriveクォータ情報を正常に取得しました (使用率: 0%)
[2025-04-09 20:23:33] [INFO] ユーザー t-sugamoto@mirai-const.co.jp のOneDriveクォータ情報を正常に取得しました (使用率: 0.02%)
[2025-04-09 20:23:33] [INFO] ユーザー t-takayanagi@mirai-const.co.jp のOneDriveクォータ情報を正常に取得しました (使用率: 0%)
[2025-04-09 20:23:34] [INFO] ユーザー t-teruya@mirai-const.co.jp のOneDriveクォータ情報を正常に取得しました (使用率: 1.27%)
[2025-04-09 20:23:34] [INFO] ユーザー t-tsukushi@mirai-const.co.jp のOneDriveクォータ情報を正常に取得しました (使用率: 0%)
[2025-04-09 20:23:34] [INFO] ユーザー t-yaginuma@mirai-const.co.jp のOneDriveクォータ情報を正常に取得しました (使用率: 1.15%)
[2025-04-09 20:23:35] [INFO] ユーザー t-yahiro@mirai-const.co.jp のOneDriveクォータ情報を正常に取得しました (使用率: 0%)
[2025-04-09 20:23:35] [INFO] ユーザー t-yamada@mirai-const.co.jp のOneDriveクォータ情報を正常に取得しました (使用率: 0%)
[2025-04-09 20:23:35] [INFO] ユーザー t-yamaguchi@mirai-const.co.jp のOneDriveクォータ情報を正常に取得しました (使用率: 0%)
[2025-04-09 20:23:36] [INFO] ユーザー t-yoshida@mirai-const.co.jp のOneDriveクォータ情報を正常に取得しました (使用率: 0%)
[2025-04-09 20:23:36] [INFO] ユーザー t-yoshikawa@mirai-const.co.jp のOneDriveクォータ情報を正常に取得しました (使用率: 0%)
[2025-04-09 20:23:37] [INFO] ユーザー t-zaw@mirai-const.co.jp のOneDriveクォータ情報を正常に取得しました (使用率: 0%)
[2025-04-09 20:23:37] [INFO] ユーザー ta-fukazawa@mirai-const.co.jp のOneDriveクォータ情報を正常に取得しました (使用率: 0%)
[2025-04-09 20:23:38] [INFO] ユーザー ta-nakata@mirai-const.co.jp のOneDriveクォータ情報を正常に取得しました (使用率: 0.01%)
[2025-04-09 20:23:38] [INFO] ユーザー ta-saitoh@mirai-const.co.jp のOneDriveクォータ情報を正常に取得しました (使用率: 0%)
[2025-04-09 20:23:38] [INFO] ユーザー ta-suzuki@mirai-const.co.jp のOneDriveクォータ情報を正常に取得しました (使用率: 0%)
[2025-04-09 20:23:39] [INFO] ユーザー tak-kimura@mirai-const.co.jp のOneDriveクォータ情報を正常に取得しました (使用率: 0%)
[2025-04-09 20:23:39] [INFO] ユーザー tak-yamamoto@mirai-const.co.jp のOneDriveクォータ情報を正常に取得しました (使用率: 0%)
[2025-04-09 20:23:40] [INFO] ユーザー te-abe@mirai-const.co.jp のOneDriveクォータ情報を正常に取得しました (使用率: 0.01%)
[2025-04-09 20:23:40] [INFO] ユーザー te-uemura@mirai-const.co.jp のOneDriveクォータ情報を正常に取得しました (使用率: 0%)
[2025-04-09 20:23:40] [WARNING] ユーザー tech@miraiconst.onmicrosoft.com のOneDriveクォータ情報取得に失敗: 404 ()
[2025-04-09 20:23:41] [INFO] ユーザー to-ueda@mirai-const.co.jp のOneDriveクォータ情報を正常に取得しました (使用率: 0%)
[2025-04-09 20:23:41] [WARNING] ユーザー tohoku-rakuraku@mirai-const.co.jp のOneDriveクォータ情報取得に失敗: 404 ()
[2025-04-09 20:23:41] [WARNING] ユーザー tokyo-rakuraku@mirai-const.co.jp のOneDriveクォータ情報取得に失敗: 404 ()
[2025-04-09 20:23:41] [WARNING] ユーザー tokyokoji@miraiconst.onmicrosoft.com のOneDriveクォータ情報取得に失敗: 404 ()
[2025-04-09 20:23:42] [WARNING] ユーザー tokyokouji-rakuraku@mirai-const.co.jp のOneDriveクォータ情報取得に失敗: 404 ()
[2025-04-09 20:23:42] [INFO] ユーザー tom-katoh@mirai-const.co.jp のOneDriveクォータ情報を正常に取得しました (使用率: 0%)
[2025-04-09 20:23:42] [INFO] ユーザー tu-yamada@mirai-const.co.jp のOneDriveクォータ情報を正常に取得しました (使用率: 0%)
[2025-04-09 20:23:43] [INFO] ユーザー y-aiba@mirai-const.co.jp のOneDriveクォータ情報を正常に取得しました (使用率: 0%)
[2025-04-09 20:23:43] [INFO] ユーザー y-fukuoka@mirai-const.co.jp のOneDriveクォータ情報を正常に取得しました (使用率: 0%)
[2025-04-09 20:23:44] [INFO] ユーザー y-hara@mirai-const.co.jp のOneDriveクォータ情報を正常に取得しました (使用率: 0%)
[2025-04-09 20:23:44] [INFO] ユーザー y-hashimoto@mirai-const.co.jp のOneDriveクォータ情報を正常に取得しました (使用率: 0.64%)
[2025-04-09 20:23:44] [INFO] ユーザー y-hayashi@mirai-const.co.jp のOneDriveクォータ情報を正常に取得しました (使用率: 0%)
[2025-04-09 20:23:45] [INFO] ユーザー y-hioki@mirai-const.co.jp のOneDriveクォータ情報を正常に取得しました (使用率: 0%)
[2025-04-09 20:23:45] [INFO] ユーザー y-hirakawa@mirai-const.co.jp のOneDriveクォータ情報を正常に取得しました (使用率: 0%)
[2025-04-09 20:23:45] [INFO] ユーザー y-ichikawa@mirai-const.co.jp のOneDriveクォータ情報を正常に取得しました (使用率: 0%)
[2025-04-09 20:23:46] [INFO] ユーザー y-ichiyama@mirai-const.co.jp のOneDriveクォータ情報を正常に取得しました (使用率: 0%)
[2025-04-09 20:23:46] [INFO] ユーザー y-iino@mirai-const.co.jp のOneDriveクォータ情報を正常に取得しました (使用率: 0%)
[2025-04-09 20:23:47] [INFO] ユーザー y-imasawa@mirai-const.co.jp のOneDriveクォータ情報を正常に取得しました (使用率: 0%)
[2025-04-09 20:23:47] [INFO] ユーザー y-iwakiri@mirai-const.co.jp のOneDriveクォータ情報を正常に取得しました (使用率: 0%)
[2025-04-09 20:23:47] [INFO] ユーザー y-kamei@mirai-const.co.jp のOneDriveクォータ情報を正常に取得しました (使用率: 0.1%)
[2025-04-09 20:23:48] [INFO] ユーザー y-katsuma@mirai-const.co.jp のOneDriveクォータ情報を正常に取得しました (使用率: 0%)
[2025-04-09 20:23:48] [INFO] ユーザー y-kawano@mirai-const.co.jp のOneDriveクォータ情報を正常に取得しました (使用率: 0%)
[2025-04-09 20:23:48] [INFO] ユーザー y-kuroda@mirai-const.co.jp のOneDriveクォータ情報を正常に取得しました (使用率: 0%)
[2025-04-09 20:23:49] [INFO] ユーザー y-kuroiwa@mirai-const.co.jp のOneDriveクォータ情報を正常に取得しました (使用率: 1.44%)
[2025-04-09 20:23:49] [INFO] ユーザー y-miyazaki@mirai-const.co.jp のOneDriveクォータ情報を正常に取得しました (使用率: 0%)
[2025-04-09 20:23:49] [INFO] ユーザー y-morikawa@mirai-const.co.jp のOneDriveクォータ情報を正常に取得しました (使用率: 0%)
[2025-04-09 20:23:50] [INFO] ユーザー y-morishima@mirai-const.co.jp のOneDriveクォータ情報を正常に取得しました (使用率: 1.8%)
[2025-04-09 20:23:50] [INFO] ユーザー y-naing@mirai-const.co.jp のOneDriveクォータ情報を正常に取得しました (使用率: 0%)
[2025-04-09 20:23:51] [INFO] ユーザー y-nakamura@mirai-const.co.jp のOneDriveクォータ情報を正常に取得しました (使用率: 0%)
[2025-04-09 20:23:51] [INFO] ユーザー y-nishida@mirai-const.co.jp のOneDriveクォータ情報を正常に取得しました (使用率: 0%)
[2025-04-09 20:23:51] [INFO] ユーザー y-ogawa@mirai-const.co.jp のOneDriveクォータ情報を正常に取得しました (使用率: 0%)
[2025-04-09 20:23:52] [INFO] ユーザー y-ohmoto@mirai-const.co.jp のOneDriveクォータ情報を正常に取得しました (使用率: 0%)
[2025-04-09 20:23:52] [INFO] ユーザー y-ohmura@mirai-const.co.jp のOneDriveクォータ情報を正常に取得しました (使用率: 0%)
[2025-04-09 20:23:52] [INFO] ユーザー y-ohnishi@mirai-const.co.jp のOneDriveクォータ情報を正常に取得しました (使用率: 0%)
[2025-04-09 20:23:53] [INFO] ユーザー y-ohno@mirai-const.co.jp のOneDriveクォータ情報を正常に取得しました (使用率: 0%)
[2025-04-09 20:23:53] [INFO] ユーザー y-ohzono@mirai-const.co.jp のOneDriveクォータ情報を正常に取得しました (使用率: 0%)
[2025-04-09 20:23:54] [INFO] ユーザー y-okabe@mirai-const.co.jp のOneDriveクォータ情報を正常に取得しました (使用率: 0%)
[2025-04-09 20:23:54] [INFO] ユーザー y-okai@mirai-const.co.jp のOneDriveクォータ情報を正常に取得しました (使用率: 0%)
[2025-04-09 20:23:54] [INFO] ユーザー y-okuhara@mirai-const.co.jp のOneDriveクォータ情報を正常に取得しました (使用率: 0.01%)
[2025-04-09 20:23:55] [INFO] ユーザー y-shigemura@mirai-const.co.jp のOneDriveクォータ情報を正常に取得しました (使用率: 0%)
[2025-04-09 20:23:55] [INFO] ユーザー y-shimizu@mirai-const.co.jp のOneDriveクォータ情報を正常に取得しました (使用率: 0%)
[2025-04-09 20:23:56] [INFO] ユーザー y-shiozawa@mirai-const.co.jp のOneDriveクォータ情報を正常に取得しました (使用率: 0%)
[2025-04-09 20:23:56] [INFO] ユーザー y-tachikawa@mirai-const.co.jp のOneDriveクォータ情報を正常に取得しました (使用率: 0%)
[2025-04-09 20:23:56] [WARNING] ユーザー y-tajima@mirai-const.co.jp のOneDriveクォータ情報取得に失敗: 404 ()
[2025-04-09 20:23:57] [INFO] ユーザー y-takaoka@mirai-const.co.jp のOneDriveクォータ情報を正常に取得しました (使用率: 0%)
[2025-04-09 20:23:57] [INFO] ユーザー y-tanaka@mirai-const.co.jp のOneDriveクォータ情報を正常に取得しました (使用率: 0%)
[2025-04-09 20:23:57] [INFO] ユーザー y-tohmoto@mirai-const.co.jp のOneDriveクォータ情報を正常に取得しました (使用率: 0%)
[2025-04-09 20:23:58] [INFO] ユーザー y-tomioka@mirai-const.co.jp のOneDriveクォータ情報を正常に取得しました (使用率: 0.03%)
[2025-04-09 20:23:58] [INFO] ユーザー y-tsuji@mirai-const.co.jp のOneDriveクォータ情報を正常に取得しました (使用率: 1.04%)
[2025-04-09 20:23:58] [WARNING] ユーザー y-tsuzuki@mirai-const.co.jp のOneDriveクォータ情報取得に失敗: 404 ()
[2025-04-09 20:23:59] [INFO] ユーザー y-ueda@mirai-const.co.jp のOneDriveクォータ情報を正常に取得しました (使用率: 0.31%)
[2025-04-09 20:23:59] [WARNING] ユーザー y-ueno@mirai-const.co.jp のOneDriveクォータ情報取得に失敗: 404 ()
[2025-04-09 20:23:59] [INFO] ユーザー y-wada@mirai-const.co.jp のOneDriveクォータ情報を正常に取得しました (使用率: 0.02%)
[2025-04-09 20:24:00] [INFO] ユーザー y-yamada@mirai-const.co.jp のOneDriveクォータ情報を正常に取得しました (使用率: 0%)
[2025-04-09 20:24:00] [INFO] ユーザー y-yoshimori@mirai-const.co.jp のOneDriveクォータ情報を正常に取得しました (使用率: 0%)
[2025-04-09 20:24:01] [INFO] ユーザー yo-nakajima@mirai-const.co.jp のOneDriveクォータ情報を正常に取得しました (使用率: 0%)
[2025-04-09 20:24:01] [WARNING] ユーザー yokohama-rakuraku@mirai-const.co.jp のOneDriveクォータ情報取得に失敗: 404 ()
[2025-04-09 20:24:01] [INFO] ユーザー yosh-ohno@mirai-const.co.jp のOneDriveクォータ情報を正常に取得しました (使用率: 0%)
[2025-04-09 20:24:02] [INFO] ユーザー yu-kumagai@mirai-const.co.jp のOneDriveクォータ情報を正常に取得しました (使用率: 0%)
[2025-04-09 20:24:02] [INFO] ユーザー yu-ohnishi@mirai-const.co.jp のOneDriveクォータ情報を正常に取得しました (使用率: 0.06%)
[2025-04-09 20:24:02] [INFO] ユーザー yu-satoh@mirai-const.co.jp のOneDriveクォータ情報を正常に取得しました (使用率: 0%)
[2025-04-09 20:24:03] [INFO] ユーザー yu-tanaka@mirai-const.co.jp のOneDriveクォータ情報を正常に取得しました (使用率: 0%)
[2025-04-09 20:24:03] [INFO] ユーザー yu-ueno@mirai-const.co.jp のOneDriveクォータ情報を正常に取得しました (使用率: 0%)
[2025-04-09 20:24:04] [INFO] ユーザー yuuki-ogawa@mirai-const.co.jp のOneDriveクォータ情報を正常に取得しました (使用率: 0%)
[2025-04-09 20:24:04] [INFO] ユーザー z-htwe@mirai-const.co.jp のOneDriveクォータ情報を正常に取得しました (使用率: 0%)
[2025-04-09 20:24:05] [WARNING] ユーザー zaimu@mirai-const.co.jp のOneDriveクォータ情報取得に失敗: 404 ()
[2025-04-09 20:24:05] [SUCCESS] OneDriveクォータ情報の取得が完了しました。取得件数: 524
[2025-04-09 20:24:05] [SUCCESS] CSVファイルを作成しました: C:\kitting\OneDriveforBusinessManagementSystem\OneDriveManagement.20250409\Basic_Data_Collection.20250409\OneDriveQuota.20250409202405.csv
[2025-04-09 20:24:05] [INFO] Excelでファイルを開いて列幅の調整とフィルターの適用を行います...
[2025-04-09 20:24:06] [SUCCESS] Excelでの処理が完了しました。
[2025-04-09 20:24:06] [DEBUG] HTMLコンテンツの長さ: 10052
[2025-04-09 20:24:06] [DEBUG] JSコンテンツの長さ: 0
[2025-04-09 20:24:06] [INFO] JavaScriptファイルを生成中...
[2025-04-09 20:24:06] [DEBUG] JSコンテンツの長さ: 55文字
[2025-04-09 20:24:06] [SUCCESS] JavaScriptファイルを作成しました: C:\kitting\OneDriveforBusinessManagementSystem\OneDriveManagement.20250409\Basic_Data_Collection.20250409\OneDriveQuota.20250409202405.js (サイズ: 93 バイト)
[2025-04-09 20:24:06] [DEBUG] ファイル内容の先頭: // OneDriveQuota データ操作用 JavaScript // (ここに完全なJSコードを記述)
[2025-04-09 20:24:06] [SUCCESS] HTMLファイルを作成しました: C:\kitting\OneDriveforBusinessManagementSystem\OneDriveManagement.20250409\Basic_Data_Collection.20250409\OneDriveQuota.20250409202405.html (サイズ: 254086バイト)
[2025-04-09 20:24:06] [INFO] レポートに 524 件のユーザーデータを表示しました
