[2025-04-09 09:46:43] [INFO] ストレージクォータ取得を開始します
[2025-04-09 09:46:43] [INFO] 出力ディレクトリ: C:\kitting\OneDriveforBusinessManagementSystem\OneDriveManagement.20250409\Basic_Data_Collection.20250409
[2025-04-09 09:46:43] [INFO] ログディレクトリ: C:\kitting\OneDriveforBusinessManagementSystem\OneDriveManagement.20250409\Log
[2025-04-09 09:46:43] [INFO] トークンファイルからアクセストークンを読み込みました
[2025-04-09 09:46:43] [WARNING] Graph接続済みですが、ユーザー情報は取得できません。
[2025-04-09 09:46:43] [WARNING] Graph接続済みですが、ユーザー情報は取得できません。
[2025-04-09 09:46:43] [INFO] Microsoft Graph REST APIで全ユーザー情報を取得します...
[2025-04-09 09:46:43] [INFO] トークンにBearerプレフィックスを追加しました
[2025-04-09 09:46:49] [WARNING] ユーザー admin@miraiconst.onmicrosoft.com のOneDriveクォータ情報を取得できませんでした: 
{
  "error": {
    "code": "ResourceNotFound",
    "message": "User\u0027s mysite not found.",
    "innerError": {
      "date": "2025-04-09T00:46:49",
      "request-id": "e27353b4-85cd-42ba-a3e9-a10a6123b957",
      "client-request-id": "e27353b4-85cd-42ba-a3e9-a10a6123b957"
    }
  }
}
[2025-04-09 09:46:49] [WARNING] ユーザー admin1@miraiconst.onmicrosoft.com のOneDriveクォータ情報を取得できませんでした: 
{
  "error": {
    "code": "ResourceNotFound",
    "message": "User\u0027s mysite not found.",
    "innerError": {
      "date": "2025-04-09T00:46:49",
      "request-id": "64cb76f8-0644-40af-9efd-334df42e0a6e",
      "client-request-id": "64cb76f8-0644-40af-9efd-334df42e0a6e"
    }
  }
}
[2025-04-09 09:46:50] [WARNING] ユーザー amazon-biz@mirai-const.co.jp のOneDriveクォータ情報を取得できませんでした: 
{
  "error": {
    "code": "ResourceNotFound",
    "message": "User\u0027s mysite not found.",
    "innerError": {
      "date": "2025-04-09T00:46:50",
      "request-id": "b3ba0eb9-eeab-4766-84dc-eaadb440b759",
      "client-request-id": "b3ba0eb9-eeab-4766-84dc-eaadb440b759"
    }
  }
}
[2025-04-09 09:46:50] [WARNING] ユーザー aomori-rakuraku@mirai-const.co.jp のOneDriveクォータ情報を取得できませんでした: 
{
  "error": {
    "code": "ResourceNotFound",
    "message": "User\u0027s mysite not found.",
    "innerError": {
      "date": "2025-04-09T00:46:50",
      "request-id": "06482848-39c7-406a-b80d-b811da7f4ac6",
      "client-request-id": "06482848-39c7-406a-b80d-b811da7f4ac6"
    }
  }
}
[2025-04-09 09:46:50] [WARNING] ユーザー apple-id@miraiconst.onmicrosoft.com のOneDriveクォータ情報を取得できませんでした: 
{
  "error": {
    "code": "ResourceNotFound",
    "message": "User\u0027s mysite not found.",
    "innerError": {
      "date": "2025-04-09T00:46:50",
      "request-id": "6d46d77e-b98e-4cd4-848c-b7f20e5f6acb",
      "client-request-id": "6d46d77e-b98e-4cd4-848c-b7f20e5f6acb"
    }
  }
}
[2025-04-09 09:46:51] [WARNING] ユーザー ariake-rakuraku@mirai-const.co.jp のOneDriveクォータ情報を取得できませんでした: 
{
  "error": {
    "code": "ResourceNotFound",
    "message": "User\u0027s mysite not found.",
    "innerError": {
      "date": "2025-04-09T00:46:51",
      "request-id": "3fe19ea5-8667-4abf-b326-c6ffb004dfbb",
      "client-request-id": "3fe19ea5-8667-4abf-b326-c6ffb004dfbb"
    }
  }
}
[2025-04-09 09:46:51] [WARNING] ユーザー ats-watanabe_mitsuifudosan.co.jp#EXT#@miraiconst.onmicrosoft.com のOneDriveクォータ情報を取得できませんでした: 
{
  "error": {
    "code": "ResourceNotFound",
    "message": "User\u0027s mysite not found.",
    "innerError": {
      "date": "2025-04-09T00:46:51",
      "request-id": "69743858-cc5a-4080-bf67-91c0cfe260ec",
      "client-request-id": "69743858-cc5a-4080-bf67-91c0cfe260ec"
    }
  }
}
[2025-04-09 09:46:52] [WARNING] ユーザー bid-info@mirai-const.co.jp のOneDriveクォータ情報を取得できませんでした: 
{
  "error": {
    "code": "ResourceNotFound",
    "message": "User\u0027s mysite not found.",
    "innerError": {
      "date": "2025-04-09T00:46:52",
      "request-id": "a9929550-e1bf-46db-a529-6d7304301682",
      "client-request-id": "a9929550-e1bf-46db-a529-6d7304301682"
    }
  }
}
[2025-04-09 09:46:52] [WARNING] ユーザー bid-info01m@mirai-const.co.jp のOneDriveクォータ情報を取得できませんでした: 
{
  "error": {
    "code": "ResourceNotFound",
    "message": "User\u0027s mysite not found.",
    "innerError": {
      "date": "2025-04-09T00:46:52",
      "request-id": "079ea1e7-9eee-4875-82a8-d6fb7ffbe610",
      "client-request-id": "079ea1e7-9eee-4875-82a8-d6fb7ffbe610"
    }
  }
}
[2025-04-09 09:46:52] [WARNING] ユーザー bid-info02m@mirai-const.co.jp のOneDriveクォータ情報を取得できませんでした: 
{
  "error": {
    "code": "ResourceNotFound",
    "message": "User\u0027s mysite not found.",
    "innerError": {
      "date": "2025-04-09T00:46:52",
      "request-id": "33ba9882-8b12-456c-9cf3-a6db27a5168e",
      "client-request-id": "33ba9882-8b12-456c-9cf3-a6db27a5168e"
    }
  }
}
[2025-04-09 09:46:52] [WARNING] ユーザー bid-info03m@mirai-const.co.jp のOneDriveクォータ情報を取得できませんでした: 
{
  "error": {
    "code": "ResourceNotFound",
    "message": "User\u0027s mysite not found.",
    "innerError": {
      "date": "2025-04-09T00:46:52",
      "request-id": "71bdd497-b919-4b27-8fc0-47f8b5ae69c7",
      "client-request-id": "71bdd497-b919-4b27-8fc0-47f8b5ae69c7"
    }
  }
}
[2025-04-09 09:46:53] [WARNING] ユーザー bid-info04m@mirai-const.co.jp のOneDriveクォータ情報を取得できませんでした: 
{
  "error": {
    "code": "ResourceNotFound",
    "message": "User\u0027s mysite not found.",
    "innerError": {
      "date": "2025-04-09T00:46:53",
      "request-id": "4d16bdbd-483b-4707-83c4-0386d97fe456",
      "client-request-id": "4d16bdbd-483b-4707-83c4-0386d97fe456"
    }
  }
}
[2025-04-09 09:46:53] [WARNING] ユーザー bid-info05m@mirai-const.co.jp のOneDriveクォータ情報を取得できませんでした: 
{
  "error": {
    "code": "ResourceNotFound",
    "message": "User\u0027s mysite not found.",
    "innerError": {
      "date": "2025-04-09T00:46:53",
      "request-id": "275f6203-06ef-43d5-8360-4391a87454cb",
      "client-request-id": "275f6203-06ef-43d5-8360-4391a87454cb"
    }
  }
}
[2025-04-09 09:46:53] [WARNING] ユーザー bid-info06m@mirai-const.co.jp のOneDriveクォータ情報を取得できませんでした: 
{
  "error": {
    "code": "ResourceNotFound",
    "message": "User\u0027s mysite not found.",
    "innerError": {
      "date": "2025-04-09T00:46:53",
      "request-id": "d0cd346c-c6de-4c6d-8620-ac81b8d14e4d",
      "client-request-id": "d0cd346c-c6de-4c6d-8620-ac81b8d14e4d"
    }
  }
}
[2025-04-09 09:46:53] [WARNING] ユーザー bid-info07m@mirai-const.co.jp のOneDriveクォータ情報を取得できませんでした: 
{
  "error": {
    "code": "ResourceNotFound",
    "message": "User\u0027s mysite not found.",
    "innerError": {
      "date": "2025-04-09T00:46:53",
      "request-id": "a4501e6d-0849-4c0c-bcfe-5718f40b83e6",
      "client-request-id": "a4501e6d-0849-4c0c-bcfe-5718f40b83e6"
    }
  }
}
[2025-04-09 09:46:53] [WARNING] ユーザー bid-info08m@mirai-const.co.jp のOneDriveクォータ情報を取得できませんでした: 
{
  "error": {
    "code": "ResourceNotFound",
    "message": "User\u0027s mysite not found.",
    "innerError": {
      "date": "2025-04-09T00:46:53",
      "request-id": "5d85bbf5-1814-4e4f-9b07-8753178cc38a",
      "client-request-id": "5d85bbf5-1814-4e4f-9b07-8753178cc38a"
    }
  }
}
[2025-04-09 09:46:53] [WARNING] ユーザー bid-info09m@mirai-const.co.jp のOneDriveクォータ情報を取得できませんでした: 
{
  "error": {
    "code": "ResourceNotFound",
    "message": "User\u0027s mysite not found.",
    "innerError": {
      "date": "2025-04-09T00:46:53",
      "request-id": "2765fc7b-be5a-4d69-8fd8-94841359d901",
      "client-request-id": "2765fc7b-be5a-4d69-8fd8-94841359d901"
    }
  }
}
[2025-04-09 09:46:54] [WARNING] ユーザー bid-info10m@mirai-const.co.jp のOneDriveクォータ情報を取得できませんでした: 
{
  "error": {
    "code": "ResourceNotFound",
    "message": "User\u0027s mysite not found.",
    "innerError": {
      "date": "2025-04-09T00:46:54",
      "request-id": "f67eaf57-850c-4a60-9e26-836bbd8061b4",
      "client-request-id": "f67eaf57-850c-4a60-9e26-836bbd8061b4"
    }
  }
}
[2025-04-09 09:46:54] [WARNING] ユーザー bid-info11m@mirai-const.co.jp のOneDriveクォータ情報を取得できませんでした: 
{
  "error": {
    "code": "ResourceNotFound",
    "message": "User\u0027s mysite not found.",
    "innerError": {
      "date": "2025-04-09T00:46:54",
      "request-id": "8601edfe-761b-44b7-bad7-60a2ae512154",
      "client-request-id": "8601edfe-761b-44b7-bad7-60a2ae512154"
    }
  }
}
[2025-04-09 09:46:54] [WARNING] ユーザー bid-info12m@mirai-const.co.jp のOneDriveクォータ情報を取得できませんでした: 
{
  "error": {
    "code": "ResourceNotFound",
    "message": "User\u0027s mysite not found.",
    "innerError": {
      "date": "2025-04-09T00:46:54",
      "request-id": "acea9a30-068f-4bfa-9a1f-f4a45f123d8a",
      "client-request-id": "acea9a30-068f-4bfa-9a1f-f4a45f123d8a"
    }
  }
}
[2025-04-09 09:46:55] [WARNING] ユーザー cad-master@miraiconst.onmicrosoft.com のOneDriveクォータ情報を取得できませんでした: 
{
  "error": {
    "code": "ResourceNotFound",
    "message": "User\u0027s mysite not found.",
    "innerError": {
      "date": "2025-04-09T00:46:55",
      "request-id": "51114375-d965-4a9c-aaf6-4c1600795450",
      "client-request-id": "51114375-d965-4a9c-aaf6-4c1600795450"
    }
  }
}
[2025-04-09 09:46:55] [WARNING] ユーザー chiba-rakuraku@mirai-const.co.jp のOneDriveクォータ情報を取得できませんでした: 
{
  "error": {
    "code": "ResourceNotFound",
    "message": "User\u0027s mysite not found.",
    "innerError": {
      "date": "2025-04-09T00:46:55",
      "request-id": "480ed219-6cf8-4b2d-bb23-959205e596dc",
      "client-request-id": "480ed219-6cf8-4b2d-bb23-959205e596dc"
    }
  }
}
[2025-04-09 09:46:55] [WARNING] ユーザー chubu-rakuraku@mirai-const.co.jp のOneDriveクォータ情報を取得できませんでした: 
{
  "error": {
    "code": "ResourceNotFound",
    "message": "User\u0027s mysite not found.",
    "innerError": {
      "date": "2025-04-09T00:46:55",
      "request-id": "37f7551b-1856-435a-9a4e-ce890f01dcca",
      "client-request-id": "37f7551b-1856-435a-9a4e-ce890f01dcca"
    }
  }
}
[2025-04-09 09:46:56] [WARNING] ユーザー chubu@miraiconst.onmicrosoft.com のOneDriveクォータ情報を取得できませんでした: 
{
  "error": {
    "code": "ResourceNotFound",
    "message": "User\u0027s mysite not found.",
    "innerError": {
      "date": "2025-04-09T00:46:56",
      "request-id": "3c18543e-9a74-4209-a556-406324120c74",
      "client-request-id": "3c18543e-9a74-4209-a556-406324120c74"
    }
  }
}
[2025-04-09 09:46:56] [WARNING] ユーザー chugoku-rakuraku@mirai-const.co.jp のOneDriveクォータ情報を取得できませんでした: 
{
  "error": {
    "code": "ResourceNotFound",
    "message": "User\u0027s mysite not found.",
    "innerError": {
      "date": "2025-04-09T00:46:56",
      "request-id": "8de0dd28-26c0-4dcf-8a3a-202140d31271",
      "client-request-id": "8de0dd28-26c0-4dcf-8a3a-202140d31271"
    }
  }
}
[2025-04-09 09:46:56] [WARNING] ユーザー cim-master@mirai-const.co.jp のOneDriveクォータ情報を取得できませんでした: 
{
  "error": {
    "code": "ResourceNotFound",
    "message": "User\u0027s mysite not found.",
    "innerError": {
      "date": "2025-04-09T00:46:56",
      "request-id": "7ceaa5cb-189d-4d97-90e6-27e38828f3dd",
      "client-request-id": "7ceaa5cb-189d-4d97-90e6-27e38828f3dd"
    }
  }
}
[2025-04-09 09:46:56] [WARNING] ユーザー cim-master01@mirai-const.co.jp のOneDriveクォータ情報を取得できませんでした: 
{
  "error": {
    "code": "ResourceNotFound",
    "message": "User\u0027s mysite not found.",
    "innerError": {
      "date": "2025-04-09T00:46:56",
      "request-id": "89ee406a-9e7f-47c7-89e2-155de632080f",
      "client-request-id": "89ee406a-9e7f-47c7-89e2-155de632080f"
    }
  }
}
[2025-04-09 09:46:57] [WARNING] ユーザー cim-master02@mirai-const.co.jp のOneDriveクォータ情報を取得できませんでした: 
{
  "error": {
    "code": "ResourceNotFound",
    "message": "User\u0027s mysite not found.",
    "innerError": {
      "date": "2025-04-09T00:46:57",
      "request-id": "3a5e0bee-bb8e-4252-8b37-f30e374f3794",
      "client-request-id": "3a5e0bee-bb8e-4252-8b37-f30e374f3794"
    }
  }
}
[2025-04-09 09:46:57] [WARNING] ユーザー cim-master03@mirai-const.co.jp のOneDriveクォータ情報を取得できませんでした: 
{
  "error": {
    "code": "ResourceNotFound",
    "message": "User\u0027s mysite not found.",
    "innerError": {
      "date": "2025-04-09T00:46:57",
      "request-id": "f7ee6722-2c3a-4005-8175-384e074fe461",
      "client-request-id": "f7ee6722-2c3a-4005-8175-384e074fe461"
    }
  }
}
[2025-04-09 09:46:57] [WARNING] ユーザー cim-master04@mirai-const.co.jp のOneDriveクォータ情報を取得できませんでした: 
{
  "error": {
    "code": "ResourceNotFound",
    "message": "User\u0027s mysite not found.",
    "innerError": {
      "date": "2025-04-09T00:46:57",
      "request-id": "7727cb2a-293a-4874-a2c6-049bfe6279be",
      "client-request-id": "7727cb2a-293a-4874-a2c6-049bfe6279be"
    }
  }
}
[2025-04-09 09:46:57] [WARNING] ユーザー cim-master05@mirai-const.co.jp のOneDriveクォータ情報を取得できませんでした: 
{
  "error": {
    "code": "ResourceNotFound",
    "message": "User\u0027s mysite not found.",
    "innerError": {
      "date": "2025-04-09T00:46:57",
      "request-id": "efeaec7b-0531-425d-b218-64002e51180a",
      "client-request-id": "efeaec7b-0531-425d-b218-64002e51180a"
    }
  }
}
[2025-04-09 09:46:57] [WARNING] ユーザー cim-master06@mirai-const.co.jp のOneDriveクォータ情報を取得できませんでした: 
{
  "error": {
    "code": "ResourceNotFound",
    "message": "User\u0027s mysite not found.",
    "innerError": {
      "date": "2025-04-09T00:46:57",
      "request-id": "f1e32e87-b0cf-46d8-8889-764b30d63de4",
      "client-request-id": "f1e32e87-b0cf-46d8-8889-764b30d63de4"
    }
  }
}
[2025-04-09 09:46:57] [WARNING] ユーザー cim-master07@mirai-const.co.jp のOneDriveクォータ情報を取得できませんでした: 
{
  "error": {
    "code": "ResourceNotFound",
    "message": "User\u0027s mysite not found.",
    "innerError": {
      "date": "2025-04-09T00:46:57",
      "request-id": "933b2e00-ac06-498f-8e67-2db39277cd62",
      "client-request-id": "933b2e00-ac06-498f-8e67-2db39277cd62"
    }
  }
}
[2025-04-09 09:46:58] [WARNING] ユーザー cim-master08@mirai-const.co.jp のOneDriveクォータ情報を取得できませんでした: 
{
  "error": {
    "code": "ResourceNotFound",
    "message": "User\u0027s mysite not found.",
    "innerError": {
      "date": "2025-04-09T00:46:58",
      "request-id": "cfbaf1be-806b-4655-92a6-4f6235d5209a",
      "client-request-id": "cfbaf1be-806b-4655-92a6-4f6235d5209a"
    }
  }
}
[2025-04-09 09:46:58] [WARNING] ユーザー cim-master09@mirai-const.co.jp のOneDriveクォータ情報を取得できませんでした: 
{
  "error": {
    "code": "ResourceNotFound",
    "message": "User\u0027s mysite not found.",
    "innerError": {
      "date": "2025-04-09T00:46:58",
      "request-id": "c7a8498f-0041-4716-a068-56c39ca50d6a",
      "client-request-id": "c7a8498f-0041-4716-a068-56c39ca50d6a"
    }
  }
}
[2025-04-09 09:46:58] [WARNING] ユーザー cim-master10@mirai-const.co.jp のOneDriveクォータ情報を取得できませんでした: 
{
  "error": {
    "code": "ResourceNotFound",
    "message": "User\u0027s mysite not found.",
    "innerError": {
      "date": "2025-04-09T00:46:58",
      "request-id": "c428a61f-8cb5-44fb-8dca-2f737aea2fe3",
      "client-request-id": "c428a61f-8cb5-44fb-8dca-2f737aea2fe3"
    }
  }
}
[2025-04-09 09:46:58] [WARNING] ユーザー cim-master11@mirai-const.co.jp のOneDriveクォータ情報を取得できませんでした: 
{
  "error": {
    "code": "ResourceNotFound",
    "message": "User\u0027s mysite not found.",
    "innerError": {
      "date": "2025-04-09T00:46:58",
      "request-id": "293c924d-e0a6-4819-b563-89f529338805",
      "client-request-id": "293c924d-e0a6-4819-b563-89f529338805"
    }
  }
}
[2025-04-09 09:46:58] [WARNING] ユーザー cim-master12@mirai-const.co.jp のOneDriveクォータ情報を取得できませんでした: 
{
  "error": {
    "code": "ResourceNotFound",
    "message": "User\u0027s mysite not found.",
    "innerError": {
      "date": "2025-04-09T00:46:58",
      "request-id": "eac00439-c549-45c8-aaf4-673e9997eed1",
      "client-request-id": "eac00439-c549-45c8-aaf4-673e9997eed1"
    }
  }
}
[2025-04-09 09:46:58] [WARNING] ユーザー cim-master13@mirai-const.co.jp のOneDriveクォータ情報を取得できませんでした: 
{
  "error": {
    "code": "ResourceNotFound",
    "message": "User\u0027s mysite not found.",
    "innerError": {
      "date": "2025-04-09T00:46:58",
      "request-id": "013e2d6b-d605-4ceb-a94f-809cddc60b0f",
      "client-request-id": "013e2d6b-d605-4ceb-a94f-809cddc60b0f"
    }
  }
}
[2025-04-09 09:46:59] [WARNING] ユーザー cim-master14@mirai-const.co.jp のOneDriveクォータ情報を取得できませんでした: 
{
  "error": {
    "code": "ResourceNotFound",
    "message": "User\u0027s mysite not found.",
    "innerError": {
      "date": "2025-04-09T00:46:59",
      "request-id": "bc74615d-df9d-4122-82b3-1dc7b967dfeb",
      "client-request-id": "bc74615d-df9d-4122-82b3-1dc7b967dfeb"
    }
  }
}
[2025-04-09 09:46:59] [WARNING] ユーザー cim-master15@mirai-const.co.jp のOneDriveクォータ情報を取得できませんでした: 
{
  "error": {
    "code": "ResourceNotFound",
    "message": "User\u0027s mysite not found.",
    "innerError": {
      "date": "2025-04-09T00:46:59",
      "request-id": "76b33916-fce0-4fdc-b662-04547ad5fca9",
      "client-request-id": "76b33916-fce0-4fdc-b662-04547ad5fca9"
    }
  }
}
[2025-04-09 09:46:59] [WARNING] ユーザー cim-master16@mirai-const.co.jp のOneDriveクォータ情報を取得できませんでした: 
{
  "error": {
    "code": "ResourceNotFound",
    "message": "User\u0027s mysite not found.",
    "innerError": {
      "date": "2025-04-09T00:46:59",
      "request-id": "44eddd21-a116-4951-954e-fd0f5f5ce8ac",
      "client-request-id": "44eddd21-a116-4951-954e-fd0f5f5ce8ac"
    }
  }
}
[2025-04-09 09:46:59] [WARNING] ユーザー compliance-hotline@miraiconst.onmicrosoft.com のOneDriveクォータ情報を取得できませんでした: 
{
  "error": {
    "code": "ResourceNotFound",
    "message": "User\u0027s mysite not found.",
    "innerError": {
      "date": "2025-04-09T00:46:59",
      "request-id": "b376692a-d186-487f-a6c2-40f334da634b",
      "client-request-id": "b376692a-d186-487f-a6c2-40f334da634b"
    }
  }
}
[2025-04-09 09:47:00] [WARNING] ユーザー direct@mirai-const.co.jp のOneDriveクォータ情報を取得できませんでした: 
{
  "error": {
    "code": "ResourceNotFound",
    "message": "User\u0027s mysite not found.",
    "innerError": {
      "date": "2025-04-09T00:47:00",
      "request-id": "b1e04b8d-0a1c-4085-90b7-98658d4bd708",
      "client-request-id": "b1e04b8d-0a1c-4085-90b7-98658d4bd708"
    }
  }
}
[2025-04-09 09:47:00] [WARNING] ユーザー e-watanabe@miraiconst.onmicrosoft.com のOneDriveクォータ情報を取得できませんでした: 
{
  "error": {
    "code": "ResourceNotFound",
    "message": "User\u0027s mysite not found.",
    "innerError": {
      "date": "2025-04-09T00:47:00",
      "request-id": "ff6addec-ffbc-4ce7-88cd-6fa6c8a2c7a2",
      "client-request-id": "ff6addec-ffbc-4ce7-88cd-6fa6c8a2c7a2"
    }
  }
}
[2025-04-09 09:47:00] [WARNING] ユーザー et-satoh@mirai-const.co.jp のOneDriveクォータ情報を取得できませんでした: 
{
  "error": {
    "code": "ResourceNotFound",
    "message": "User\u0027s mysite not found.",
    "innerError": {
      "date": "2025-04-09T00:47:00",
      "request-id": "9a7996fd-aa19-455d-a80c-a6c270493cb6",
      "client-request-id": "9a7996fd-aa19-455d-a80c-a6c270493cb6"
    }
  }
}
[2025-04-09 09:47:02] [WARNING] ユーザー forti-admin@mirai-const.co.jp のOneDriveクォータ情報を取得できませんでした: 
{
  "error": {
    "code": "ResourceNotFound",
    "message": "User\u0027s mysite not found.",
    "innerError": {
      "date": "2025-04-09T00:47:02",
      "request-id": "aada13fb-5f23-4e73-862c-74be089bd944",
      "client-request-id": "aada13fb-5f23-4e73-862c-74be089bd944"
    }
  }
}
[2025-04-09 09:47:09] [WARNING] ユーザー h-satake@mirai-const.co.jp のOneDriveクォータ情報を取得できませんでした: 
{
  "error": {
    "code": "ResourceNotFound",
    "message": "User\u0027s mysite not found.",
    "innerError": {
      "date": "2025-04-09T00:47:09",
      "request-id": "3c4e86a3-175e-4b1b-87d0-86b54c498985",
      "client-request-id": "3c4e86a3-175e-4b1b-87d0-86b54c498985"
    }
  }
}
[2025-04-09 09:47:12] [WARNING] ユーザー h_kawamura_cdit.or.jp#EXT#@miraiconst.onmicrosoft.com のOneDriveクォータ情報を取得できませんでした: 
{
  "error": {
    "code": "ResourceNotFound",
    "message": "User\u0027s mysite not found.",
    "innerError": {
      "date": "2025-04-09T00:47:12",
      "request-id": "f7289d8d-1489-49e6-85d3-6c08cd02c931",
      "client-request-id": "f7289d8d-1489-49e6-85d3-6c08cd02c931"
    }
  }
}
[2025-04-09 09:47:12] [WARNING] ユーザー haruka.ishigaki_aaconst.onmicrosoft.com#EXT#@miraiconst.onmicrosoft.com のOneDriveクォータ情報を取得できませんでした: 
{
  "error": {
    "code": "ResourceNotFound",
    "message": "User\u0027s mysite not found.",
    "innerError": {
      "date": "2025-04-09T00:47:12",
      "request-id": "c5f758f7-b178-4523-9aec-8533d5d700e9",
      "client-request-id": "c5f758f7-b178-4523-9aec-8533d5d700e9"
    }
  }
}
[2025-04-09 09:47:12] [WARNING] ユーザー henngetest@mirai-const.co.jp のOneDriveクォータ情報を取得できませんでした: 
{
  "error": {
    "code": "ResourceNotFound",
    "message": "User\u0027s mysite not found.",
    "innerError": {
      "date": "2025-04-09T00:47:12",
      "request-id": "1c5e9b64-0553-440e-8317-f72c4c73c1ab",
      "client-request-id": "1c5e9b64-0553-440e-8317-f72c4c73c1ab"
    }
  }
}
[2025-04-09 09:47:15] [WARNING] ユーザー hideyuki.nomura_halekulaniokinawa.com#EXT#@miraiconst.onmicrosoft.com のOneDriveクォータ情報を取得できませんでした: 
{
  "error": {
    "code": "ResourceNotFound",
    "message": "User\u0027s mysite not found.",
    "innerError": {
      "date": "2025-04-09T00:47:15",
      "request-id": "957889d5-8b4c-4875-a5ec-5f17c9b0c359",
      "client-request-id": "957889d5-8b4c-4875-a5ec-5f17c9b0c359"
    }
  }
}
[2025-04-09 09:47:15] [WARNING] ユーザー hokkaido-rakuraku@mirai-const.co.jp のOneDriveクォータ情報を取得できませんでした: 
{
  "error": {
    "code": "ResourceNotFound",
    "message": "User\u0027s mysite not found.",
    "innerError": {
      "date": "2025-04-09T00:47:15",
      "request-id": "b4d3ec1e-b479-41f1-be4c-337f46f8c3cf",
      "client-request-id": "b4d3ec1e-b479-41f1-be4c-337f46f8c3cf"
    }
  }
}
[2025-04-09 09:47:15] [WARNING] ユーザー hokkaido@miraiconst.onmicrosoft.com のOneDriveクォータ情報を取得できませんでした: 
{
  "error": {
    "code": "ResourceNotFound",
    "message": "User\u0027s mysite not found.",
    "innerError": {
      "date": "2025-04-09T00:47:15",
      "request-id": "a74c6b95-0af8-458d-bd4a-ce7af087b25a",
      "client-request-id": "a74c6b95-0af8-458d-bd4a-ce7af087b25a"
    }
  }
}
[2025-04-09 09:47:15] [WARNING] ユーザー hokuriku-rakuraku@mirai-const.co.jp のOneDriveクォータ情報を取得できませんでした: 
{
  "error": {
    "code": "ResourceNotFound",
    "message": "User\u0027s mysite not found.",
    "innerError": {
      "date": "2025-04-09T00:47:15",
      "request-id": "0da27868-0c03-4d78-b913-1d6b57725012",
      "client-request-id": "0da27868-0c03-4d78-b913-1d6b57725012"
    }
  }
}
[2025-04-09 09:47:16] [WARNING] ユーザー honsya2-1@miraiconst.onmicrosoft.com のOneDriveクォータ情報を取得できませんでした: 
{
  "error": {
    "code": "ResourceNotFound",
    "message": "User\u0027s mysite not found.",
    "innerError": {
      "date": "2025-04-09T00:47:16",
      "request-id": "31698353-cc64-4f65-875e-11e385855bfd",
      "client-request-id": "31698353-cc64-4f65-875e-11e385855bfd"
    }
  }
}
[2025-04-09 09:47:16] [WARNING] ユーザー honsya2-2@miraiconst.onmicrosoft.com のOneDriveクォータ情報を取得できませんでした: 
{
  "error": {
    "code": "ResourceNotFound",
    "message": "User\u0027s mysite not found.",
    "innerError": {
      "date": "2025-04-09T00:47:16",
      "request-id": "80257c1d-b9c1-4721-861c-c6ee7a5250e0",
      "client-request-id": "80257c1d-b9c1-4721-861c-c6ee7a5250e0"
    }
  }
}
[2025-04-09 09:47:16] [WARNING] ユーザー hp-kanri@miraiconst.onmicrosoft.com のOneDriveクォータ情報を取得できませんでした: 
{
  "error": {
    "code": "ResourceNotFound",
    "message": "User\u0027s mysite not found.",
    "innerError": {
      "date": "2025-04-09T00:47:16",
      "request-id": "eea91998-4494-4ecc-828a-81a4d451e6b6",
      "client-request-id": "eea91998-4494-4ecc-828a-81a4d451e6b6"
    }
  }
}
[2025-04-09 09:47:16] [WARNING] ユーザー i-komada@mirai-const.co.jp のOneDriveクォータ情報を取得できませんでした: 
{
  "error": {
    "code": "ResourceNotFound",
    "message": "User\u0027s mysite not found.",
    "innerError": {
      "date": "2025-04-09T00:47:16",
      "request-id": "706b6eea-757f-4735-b804-f0bd7a37cabb",
      "client-request-id": "706b6eea-757f-4735-b804-f0bd7a37cabb"
    }
  }
}
[2025-04-09 09:47:17] [WARNING] ユーザー ibaraki-rakuraku@mirai-const.co.jp のOneDriveクォータ情報を取得できませんでした: 
{
  "error": {
    "code": "ResourceNotFound",
    "message": "User\u0027s mysite not found.",
    "innerError": {
      "date": "2025-04-09T00:47:17",
      "request-id": "7a93a788-cd7b-4c82-a92f-d1e51904a0d7",
      "client-request-id": "7a93a788-cd7b-4c82-a92f-d1e51904a0d7"
    }
  }
}
[2025-04-09 09:47:17] [WARNING] ユーザー ito_mainmark.co.jp#EXT#@miraiconst.onmicrosoft.com のOneDriveクォータ情報を取得できませんでした: 
{
  "error": {
    "code": "ResourceNotFound",
    "message": "User\u0027s mysite not found.",
    "innerError": {
      "date": "2025-04-09T00:47:17",
      "request-id": "c8e861ea-0059-4af6-ad70-da296da9ea3e",
      "client-request-id": "c8e861ea-0059-4af6-ad70-da296da9ea3e"
    }
  }
}
[2025-04-09 09:47:18] [WARNING] ユーザー jinji-saiyou@mirai-const.co.jp のOneDriveクォータ情報を取得できませんでした: 
{
  "error": {
    "code": "ResourceNotFound",
    "message": "User\u0027s mysite not found.",
    "innerError": {
      "date": "2025-04-09T00:47:18",
      "request-id": "1537cf6d-f3ba-4a1b-894f-12627fe9e63b",
      "client-request-id": "1537cf6d-f3ba-4a1b-894f-12627fe9e63b"
    }
  }
}
[2025-04-09 09:47:19] [WARNING] ユーザー k-hirabayashi@mirai-const.co.jp のOneDriveクォータ情報を取得できませんでした: 
{
  "error": {
    "code": "ResourceNotFound",
    "message": "User\u0027s mysite not found.",
    "innerError": {
      "date": "2025-04-09T00:47:19",
      "request-id": "cdea6d97-1b06-467b-a853-faf2a5e570b4",
      "client-request-id": "cdea6d97-1b06-467b-a853-faf2a5e570b4"
    }
  }
}
[2025-04-09 09:47:25] [WARNING] ユーザー k-obara@mirai-const.co.jp のOneDriveクォータ情報を取得できませんでした: 
{
  "error": {
    "code": "ResourceNotFound",
    "message": "User\u0027s mysite not found.",
    "innerError": {
      "date": "2025-04-09T00:47:25",
      "request-id": "88ecddf3-6063-4e85-b017-69533ea38bfa",
      "client-request-id": "88ecddf3-6063-4e85-b017-69533ea38bfa"
    }
  }
}
[2025-04-09 09:47:27] [WARNING] ユーザー k-sugimoto@miraiconst.onmicrosoft.com のOneDriveクォータ情報を取得できませんでした: 
{
  "error": {
    "code": "ResourceNotFound",
    "message": "User\u0027s mysite not found.",
    "innerError": {
      "date": "2025-04-09T00:47:27",
      "request-id": "cdfba1f3-401b-4b60-a19d-d9575c403a0b",
      "client-request-id": "cdfba1f3-401b-4b60-a19d-d9575c403a0b"
    }
  }
}
[2025-04-09 09:47:33] [WARNING] ユーザー kaikei-support@mirai-const.co.jp のOneDriveクォータ情報を取得できませんでした: 
{
  "error": {
    "code": "ResourceNotFound",
    "message": "User\u0027s mysite not found.",
    "innerError": {
      "date": "2025-04-09T00:47:33",
      "request-id": "7bc3c320-41c4-4ceb-aaad-651f8e708181",
      "client-request-id": "7bc3c320-41c4-4ceb-aaad-651f8e708181"
    }
  }
}
[2025-04-09 09:47:33] [WARNING] ユーザー kanri-kyushu@mirai-const.co.jp のOneDriveクォータ情報を取得できませんでした: 
{
  "error": {
    "code": "ResourceNotFound",
    "message": "User\u0027s mysite not found.",
    "innerError": {
      "date": "2025-04-09T00:47:33",
      "request-id": "886f73bd-6342-43ce-8c85-e49b616c14d0",
      "client-request-id": "886f73bd-6342-43ce-8c85-e49b616c14d0"
    }
  }
}
[2025-04-09 09:47:33] [WARNING] ユーザー kanri-oosaka@mirai-const.co.jp のOneDriveクォータ情報を取得できませんでした: 
{
  "error": {
    "code": "ResourceNotFound",
    "message": "User\u0027s mysite not found.",
    "innerError": {
      "date": "2025-04-09T00:47:33",
      "request-id": "276fb1d3-f37a-41f4-8c6d-d0ce3ef7311b",
      "client-request-id": "276fb1d3-f37a-41f4-8c6d-d0ce3ef7311b"
    }
  }
}
[2025-04-09 09:47:33] [WARNING] ユーザー kanri-tokyo@mirai-const.co.jp のOneDriveクォータ情報を取得できませんでした: 
{
  "error": {
    "code": "ResourceNotFound",
    "message": "User\u0027s mysite not found.",
    "innerError": {
      "date": "2025-04-09T00:47:33",
      "request-id": "938742db-c9e8-4973-a6f2-4c5de4d232b8",
      "client-request-id": "938742db-c9e8-4973-a6f2-4c5de4d232b8"
    }
  }
}
[2025-04-09 09:47:33] [WARNING] ユーザー keieikikaku@miraiconst.onmicrosoft.com のOneDriveクォータ情報を取得できませんでした: 
{
  "error": {
    "code": "ResourceNotFound",
    "message": "User\u0027s mysite not found.",
    "innerError": {
      "date": "2025-04-09T00:47:33",
      "request-id": "03178899-d8b9-4dc9-bf08-82e86a8bdc7b",
      "client-request-id": "03178899-d8b9-4dc9-bf08-82e86a8bdc7b"
    }
  }
}
[2025-04-09 09:47:33] [WARNING] ユーザー ki-fujita_mitsuifudosan.co.jp#EXT#@miraiconst.onmicrosoft.com のOneDriveクォータ情報を取得できませんでした: 
{
  "error": {
    "code": "ResourceNotFound",
    "message": "User\u0027s mysite not found.",
    "innerError": {
      "date": "2025-04-09T00:47:33",
      "request-id": "a807d9a5-7690-4017-a67d-1b8080298686",
      "client-request-id": "a807d9a5-7690-4017-a67d-1b8080298686"
    }
  }
}
[2025-04-09 09:47:34] [WARNING] ユーザー kita-kyushu@miraiconst.onmicrosoft.com のOneDriveクォータ情報を取得できませんでした: 
{
  "error": {
    "code": "ResourceNotFound",
    "message": "User\u0027s mysite not found.",
    "innerError": {
      "date": "2025-04-09T00:47:34",
      "request-id": "783d7e95-5d0b-43d2-959f-7965f039dbc4",
      "client-request-id": "783d7e95-5d0b-43d2-959f-7965f039dbc4"
    }
  }
}
[2025-04-09 09:47:34] [WARNING] ユーザー kitakyushu-rakuraku@mirai-const.co.jp のOneDriveクォータ情報を取得できませんでした: 
{
  "error": {
    "code": "ResourceNotFound",
    "message": "User\u0027s mysite not found.",
    "innerError": {
      "date": "2025-04-09T00:47:34",
      "request-id": "8284b923-e663-499b-8b99-f249fb8a3d9c",
      "client-request-id": "8284b923-e663-499b-8b99-f249fb8a3d9c"
    }
  }
}
[2025-04-09 09:47:34] [WARNING] ユーザー kyushu-rakuraku@mirai-const.co.jp のOneDriveクォータ情報を取得できませんでした: 
{
  "error": {
    "code": "ResourceNotFound",
    "message": "User\u0027s mysite not found.",
    "innerError": {
      "date": "2025-04-09T00:47:34",
      "request-id": "deab6db6-1e92-477a-abc4-86559619fbc5",
      "client-request-id": "deab6db6-1e92-477a-abc4-86559619fbc5"
    }
  }
}
[2025-04-09 09:47:34] [WARNING] ユーザー m-ariake@miraiconst.onmicrosoft.com のOneDriveクォータ情報を取得できませんでした: 
{
  "error": {
    "code": "ResourceNotFound",
    "message": "User\u0027s mysite not found.",
    "innerError": {
      "date": "2025-04-09T00:47:34",
      "request-id": "83cc768a-414d-489c-9948-196dc478fec1",
      "client-request-id": "83cc768a-414d-489c-9948-196dc478fec1"
    }
  }
}
[2025-04-09 09:47:35] [WARNING] ユーザー m-chugoku@miraiconst.onmicrosoft.com のOneDriveクォータ情報を取得できませんでした: 
{
  "error": {
    "code": "ResourceNotFound",
    "message": "User\u0027s mysite not found.",
    "innerError": {
      "date": "2025-04-09T00:47:35",
      "request-id": "e77a7bed-aa38-45ae-952a-fb160f2ee5fd",
      "client-request-id": "e77a7bed-aa38-45ae-952a-fb160f2ee5fd"
    }
  }
}
[2025-04-09 09:47:38] [WARNING] ユーザー m-info@miraiconst.onmicrosoft.com のOneDriveクォータ情報を取得できませんでした: 
{
  "error": {
    "code": "ResourceNotFound",
    "message": "User\u0027s mysite not found.",
    "innerError": {
      "date": "2025-04-09T00:47:38",
      "request-id": "2f549192-2db3-4385-97a8-37748f4bdfec",
      "client-request-id": "2f549192-2db3-4385-97a8-37748f4bdfec"
    }
  }
}
[2025-04-09 09:47:40] [WARNING] ユーザー m-maruta@mirai-const.co.jp のOneDriveクォータ情報を取得できませんでした: 
{
  "error": {
    "code": "ResourceNotFound",
    "message": "User\u0027s mysite not found.",
    "innerError": {
      "date": "2025-04-09T00:47:40",
      "request-id": "285e7e50-6b35-41f2-b5a6-475e61dca425",
      "client-request-id": "285e7e50-6b35-41f2-b5a6-475e61dca425"
    }
  }
}
[2025-04-09 09:47:44] [WARNING] ユーザー m-suzuki@mirai-const.co.jp のOneDriveクォータ情報を取得できませんでした: 
{
  "error": {
    "code": "ResourceNotFound",
    "message": "User\u0027s mysite not found.",
    "innerError": {
      "date": "2025-04-09T00:47:44",
      "request-id": "19f08f80-6a26-4a29-a231-6b82090d2927",
      "client-request-id": "19f08f80-6a26-4a29-a231-6b82090d2927"
    }
  }
}
[2025-04-09 09:47:45] [WARNING] ユーザー m-ushikubo@mirai-const.co.jp のOneDriveクォータ情報を取得できませんでした: 
{
  "error": {
    "code": "ResourceNotFound",
    "message": "User\u0027s mysite not found.",
    "innerError": {
      "date": "2025-04-09T00:47:45",
      "request-id": "2358cdab-ae2f-4cbe-bc1a-46c3582ba35c",
      "client-request-id": "2358cdab-ae2f-4cbe-bc1a-46c3582ba35c"
    }
  }
}
[2025-04-09 09:47:47] [WARNING] ユーザー mail-info@miraiconst.onmicrosoft.com のOneDriveクォータ情報を取得できませんでした: 
{
  "error": {
    "code": "ResourceNotFound",
    "message": "User\u0027s mysite not found.",
    "innerError": {
      "date": "2025-04-09T00:47:47",
      "request-id": "f16eb1f7-4f6c-44bd-8f32-9ab00a47e805",
      "client-request-id": "f16eb1f7-4f6c-44bd-8f32-9ab00a47e805"
    }
  }
}
[2025-04-09 09:47:48] [WARNING] ユーザー mf-jigyoukikaku@miraiconst.onmicrosoft.com のOneDriveクォータ情報を取得できませんでした: 
{
  "error": {
    "code": "ResourceNotFound",
    "message": "User\u0027s mysite not found.",
    "innerError": {
      "date": "2025-04-09T00:47:48",
      "request-id": "9fdabf44-dab3-4dd8-9d8b-b28164ea61ba",
      "client-request-id": "9fdabf44-dab3-4dd8-9d8b-b28164ea61ba"
    }
  }
}
[2025-04-09 09:47:48] [WARNING] ユーザー mirai-edr@miraiconst.onmicrosoft.com のOneDriveクォータ情報を取得できませんでした: 
{
  "error": {
    "code": "ResourceNotFound",
    "message": "User\u0027s mysite not found.",
    "innerError": {
      "date": "2025-04-09T00:47:48",
      "request-id": "223aac2b-7885-45ca-88a4-594af95211fe",
      "client-request-id": "223aac2b-7885-45ca-88a4-594af95211fe"
    }
  }
}
[2025-04-09 09:47:48] [WARNING] ユーザー mirai-sns@miraiconst.onmicrosoft.com のOneDriveクォータ情報を取得できませんでした: 
{
  "error": {
    "code": "ResourceNotFound",
    "message": "User\u0027s mysite not found.",
    "innerError": {
      "date": "2025-04-09T00:47:48",
      "request-id": "b70af66a-ccd8-4537-b728-62326ed454bd",
      "client-request-id": "b70af66a-ccd8-4537-b728-62326ed454bd"
    }
  }
}
[2025-04-09 09:47:48] [WARNING] ユーザー mirai-zoom@miraiconst.onmicrosoft.com のOneDriveクォータ情報を取得できませんでした: 
{
  "error": {
    "code": "ResourceNotFound",
    "message": "User\u0027s mysite not found.",
    "innerError": {
      "date": "2025-04-09T00:47:48",
      "request-id": "e6f2da74-d2a4-409b-bd54-e0abcabfd79f",
      "client-request-id": "e6f2da74-d2a4-409b-bd54-e0abcabfd79f"
    }
  }
}
[2025-04-09 09:47:48] [WARNING] ユーザー mk-engagement@miraiconst.onmicrosoft.com のOneDriveクォータ情報を取得できませんでした: 
{
  "error": {
    "code": "ResourceNotFound",
    "message": "User\u0027s mysite not found.",
    "innerError": {
      "date": "2025-04-09T00:47:48",
      "request-id": "2ccb4467-01d2-409f-9e0e-51ba19382633",
      "client-request-id": "2ccb4467-01d2-409f-9e0e-51ba19382633"
    }
  }
}
[2025-04-09 09:47:49] [WARNING] ユーザー mksystem-alert@miraiconst.onmicrosoft.com のOneDriveクォータ情報を取得できませんでした: 
{
  "error": {
    "code": "ResourceNotFound",
    "message": "User\u0027s mysite not found.",
    "innerError": {
      "date": "2025-04-09T00:47:49",
      "request-id": "c8320fbb-8e54-4a35-a93d-b10a4ceb7dc1",
      "client-request-id": "c8320fbb-8e54-4a35-a93d-b10a4ceb7dc1"
    }
  }
}
[2025-04-09 09:47:53] [WARNING] ユーザー na-kadokawa_apptec.co.jp#EXT#@miraiconst.onmicrosoft.com のOneDriveクォータ情報を取得できませんでした: 
{
  "error": {
    "code": "ResourceNotFound",
    "message": "User\u0027s mysite not found.",
    "innerError": {
      "date": "2025-04-09T00:47:53",
      "request-id": "0bc3e4f6-5adb-4bab-9550-13137a60b7b3",
      "client-request-id": "0bc3e4f6-5adb-4bab-9550-13137a60b7b3"
    }
  }
}
[2025-04-09 09:47:53] [WARNING] ユーザー netis@miraiconst.onmicrosoft.com のOneDriveクォータ情報を取得できませんでした: 
{
  "error": {
    "code": "ResourceNotFound",
    "message": "User\u0027s mysite not found.",
    "innerError": {
      "date": "2025-04-09T00:47:53",
      "request-id": "a1999667-37f5-4ba2-9ab5-50f9cdbd3eb1",
      "client-request-id": "a1999667-37f5-4ba2-9ab5-50f9cdbd3eb1"
    }
  }
}
[2025-04-09 09:47:54] [WARNING] ユーザー noto-rakuraku@mirai-const.co.jp のOneDriveクォータ情報を取得できませんでした: 
{
  "error": {
    "code": "ResourceNotFound",
    "message": "User\u0027s mysite not found.",
    "innerError": {
      "date": "2025-04-09T00:47:54",
      "request-id": "56b5bb8f-e9ec-4b9e-8a23-225fb4659f7a",
      "client-request-id": "56b5bb8f-e9ec-4b9e-8a23-225fb4659f7a"
    }
  }
}
[2025-04-09 09:47:55] [WARNING] ユーザー okinawa-rakuraku@mirai-const.co.jp のOneDriveクォータ情報を取得できませんでした: 
{
  "error": {
    "code": "ResourceNotFound",
    "message": "User\u0027s mysite not found.",
    "innerError": {
      "date": "2025-04-09T00:47:55",
      "request-id": "5a5faf36-a871-4a23-a668-64bfe39b3315",
      "client-request-id": "5a5faf36-a871-4a23-a668-64bfe39b3315"
    }
  }
}
[2025-04-09 09:47:55] [WARNING] ユーザー okinawa@miraiconst.onmicrosoft.com のOneDriveクォータ情報を取得できませんでした: 
{
  "error": {
    "code": "ResourceNotFound",
    "message": "User\u0027s mysite not found.",
    "innerError": {
      "date": "2025-04-09T00:47:55",
      "request-id": "11d273bc-68a4-4fae-920f-4a652cde1f80",
      "client-request-id": "11d273bc-68a4-4fae-920f-4a652cde1f80"
    }
  }
}
[2025-04-09 09:47:55] [WARNING] ユーザー osaka-rakuraku@mirai-const.co.jp のOneDriveクォータ情報を取得できませんでした: 
{
  "error": {
    "code": "ResourceNotFound",
    "message": "User\u0027s mysite not found.",
    "innerError": {
      "date": "2025-04-09T00:47:55",
      "request-id": "0ad74fe9-a4d5-46b8-95b7-5c1884d79430",
      "client-request-id": "0ad74fe9-a4d5-46b8-95b7-5c1884d79430"
    }
  }
}
[2025-04-09 09:47:56] [WARNING] ユーザー r-futenma@mirai-const.co.jp のOneDriveクォータ情報を取得できませんでした: 
{
  "error": {
    "code": "ResourceNotFound",
    "message": "User\u0027s mysite not found.",
    "innerError": {
      "date": "2025-04-09T00:47:56",
      "request-id": "e6728941-35b4-4221-9c3f-f1fc9b45da92",
      "client-request-id": "e6728941-35b4-4221-9c3f-f1fc9b45da92"
    }
  }
}
[2025-04-09 09:48:13] [WARNING] ユーザー S.Nagano_otsuka-shokai.co.jp#EXT#@miraiconst.onmicrosoft.com のOneDriveクォータ情報を取得できませんでした: 
{
  "error": {
    "code": "ResourceNotFound",
    "message": "User\u0027s mysite not found.",
    "innerError": {
      "date": "2025-04-09T00:48:13",
      "request-id": "9ebdc67c-1454-449f-ae3f-723e10bcc15d",
      "client-request-id": "9ebdc67c-1454-449f-ae3f-723e10bcc15d"
    }
  }
}
[2025-04-09 09:48:14] [WARNING] ユーザー sh-ishihara-old@miraiconst.onmicrosoft.com のOneDriveクォータ情報を取得できませんでした: 
{
  "error": {
    "code": "ResourceNotFound",
    "message": "User\u0027s mysite not found.",
    "innerError": {
      "date": "2025-04-09T00:48:14",
      "request-id": "8fc66c67-4a56-451b-a622-b5ef5970e803",
      "client-request-id": "8fc66c67-4a56-451b-a622-b5ef5970e803"
    }
  }
}
[2025-04-09 09:48:15] [WARNING] ユーザー share@mirai-const.co.jp のOneDriveクォータ情報を取得できませんでした: 
{
  "error": {
    "code": "ResourceNotFound",
    "message": "User\u0027s mysite not found.",
    "innerError": {
      "date": "2025-04-09T00:48:15",
      "request-id": "faf0889d-21d9-4fd9-ae80-5227d1706955",
      "client-request-id": "faf0889d-21d9-4fd9-ae80-5227d1706955"
    }
  }
}
[2025-04-09 09:48:15] [WARNING] ユーザー shikoku-rakuraku@mirai-const.co.jp のOneDriveクォータ情報を取得できませんでした: 
{
  "error": {
    "code": "ResourceNotFound",
    "message": "User\u0027s mysite not found.",
    "innerError": {
      "date": "2025-04-09T00:48:15",
      "request-id": "cbef0271-108f-4062-986b-668bd4f7b889",
      "client-request-id": "cbef0271-108f-4062-986b-668bd4f7b889"
    }
  }
}
[2025-04-09 09:48:16] [WARNING] ユーザー shizuoka-rakuraku@mirai-const.co.jp のOneDriveクォータ情報を取得できませんでした: 
{
  "error": {
    "code": "ResourceNotFound",
    "message": "User\u0027s mysite not found.",
    "innerError": {
      "date": "2025-04-09T00:48:15",
      "request-id": "78eaf1e2-e8ec-4b78-958f-640958a508b2",
      "client-request-id": "78eaf1e2-e8ec-4b78-958f-640958a508b2"
    }
  }
}
[2025-04-09 09:48:16] [WARNING] ユーザー sketchup@miraiconst.onmicrosoft.com のOneDriveクォータ情報を取得できませんでした: 
{
  "error": {
    "code": "ResourceNotFound",
    "message": "User\u0027s mysite not found.",
    "innerError": {
      "date": "2025-04-09T00:48:16",
      "request-id": "b397a3cd-d85d-47fd-b58c-10c0e251c35b",
      "client-request-id": "b397a3cd-d85d-47fd-b58c-10c0e251c35b"
    }
  }
}
[2025-04-09 09:48:16] [WARNING] ユーザー soumu-payment@mirai-const.co.jp のOneDriveクォータ情報を取得できませんでした: 
{
  "error": {
    "code": "ResourceNotFound",
    "message": "User\u0027s mysite not found.",
    "innerError": {
      "date": "2025-04-09T00:48:16",
      "request-id": "c474c81c-a42a-4658-bde4-146e8723a07c",
      "client-request-id": "c474c81c-a42a-4658-bde4-146e8723a07c"
    }
  }
}
[2025-04-09 09:48:17] [WARNING] ユーザー Sync_AZSV0001_b63ec191406d@miraiconst.onmicrosoft.com のOneDriveクォータ情報を取得できませんでした: 
{
  "error": {
    "code": "ResourceNotFound",
    "message": "User\u0027s mysite not found.",
    "innerError": {
      "date": "2025-04-09T00:48:17",
      "request-id": "3a84797d-eb5e-4772-bf2f-bfc71d98c86b",
      "client-request-id": "3a84797d-eb5e-4772-bf2f-bfc71d98c86b"
    }
  }
}
[2025-04-09 09:48:17] [WARNING] ユーザー system-info@mirai-const.co.jp のOneDriveクォータ情報を取得できませんでした: 
{
  "error": {
    "code": "ResourceNotFound",
    "message": "User\u0027s mysite not found.",
    "innerError": {
      "date": "2025-04-09T00:48:17",
      "request-id": "ab918c6c-e2e9-40e8-9006-76cbf6a42941",
      "client-request-id": "ab918c6c-e2e9-40e8-9006-76cbf6a42941"
    }
  }
}
[2025-04-09 09:48:23] [WARNING] ユーザー t-kumai@miraiconst.onmicrosoft.com のOneDriveクォータ情報を取得できませんでした: 
{
  "error": {
    "code": "ResourceNotFound",
    "message": "User\u0027s mysite not found.",
    "innerError": {
      "date": "2025-04-09T00:48:23",
      "request-id": "7ea2333e-0eab-4ea8-8a5f-6f3a2d6c6ac3",
      "client-request-id": "7ea2333e-0eab-4ea8-8a5f-6f3a2d6c6ac3"
    }
  }
}
[2025-04-09 09:48:35] [WARNING] ユーザー takuro.kumada_aaconst.co.jp#EXT#@miraiconst.onmicrosoft.com のOneDriveクォータ情報を取得できませんでした: 
{
  "error": {
    "code": "ResourceNotFound",
    "message": "User\u0027s mysite not found.",
    "innerError": {
      "date": "2025-04-09T00:48:35",
      "request-id": "58b55882-0415-4ee1-8d32-ed8a44286d9c",
      "client-request-id": "58b55882-0415-4ee1-8d32-ed8a44286d9c"
    }
  }
}
[2025-04-09 09:48:35] [WARNING] ユーザー tech@miraiconst.onmicrosoft.com のOneDriveクォータ情報を取得できませんでした: 
{
  "error": {
    "code": "ResourceNotFound",
    "message": "User\u0027s mysite not found.",
    "innerError": {
      "date": "2025-04-09T00:48:35",
      "request-id": "cdddf1fd-38da-44c6-bd1b-994939d63f18",
      "client-request-id": "cdddf1fd-38da-44c6-bd1b-994939d63f18"
    }
  }
}
[2025-04-09 09:48:36] [WARNING] ユーザー tohoku-rakuraku@mirai-const.co.jp のOneDriveクォータ情報を取得できませんでした: 
{
  "error": {
    "code": "ResourceNotFound",
    "message": "User\u0027s mysite not found.",
    "innerError": {
      "date": "2025-04-09T00:48:36",
      "request-id": "eeeb77cb-0b0c-47c1-8f04-eee538759732",
      "client-request-id": "eeeb77cb-0b0c-47c1-8f04-eee538759732"
    }
  }
}
[2025-04-09 09:48:36] [WARNING] ユーザー tokyo-rakuraku@mirai-const.co.jp のOneDriveクォータ情報を取得できませんでした: 
{
  "error": {
    "code": "ResourceNotFound",
    "message": "User\u0027s mysite not found.",
    "innerError": {
      "date": "2025-04-09T00:48:36",
      "request-id": "ded136f7-550d-4a96-81ff-26f8e58cb6d0",
      "client-request-id": "ded136f7-550d-4a96-81ff-26f8e58cb6d0"
    }
  }
}
[2025-04-09 09:48:36] [WARNING] ユーザー tokyokoji@miraiconst.onmicrosoft.com のOneDriveクォータ情報を取得できませんでした: 
{
  "error": {
    "code": "ResourceNotFound",
    "message": "User\u0027s mysite not found.",
    "innerError": {
      "date": "2025-04-09T00:48:36",
      "request-id": "81e2d128-2192-454d-accd-c3df65b519ab",
      "client-request-id": "81e2d128-2192-454d-accd-c3df65b519ab"
    }
  }
}
[2025-04-09 09:48:36] [WARNING] ユーザー tokyokouji-rakuraku@mirai-const.co.jp のOneDriveクォータ情報を取得できませんでした: 
{
  "error": {
    "code": "ResourceNotFound",
    "message": "User\u0027s mysite not found.",
    "innerError": {
      "date": "2025-04-09T00:48:36",
      "request-id": "7a59f24e-0791-4751-9721-eebcdb1429a1",
      "client-request-id": "7a59f24e-0791-4751-9721-eebcdb1429a1"
    }
  }
}
[2025-04-09 09:48:37] [WARNING] ユーザー tsubokawa-y92y2_mlit.go.jp#EXT#@miraiconst.onmicrosoft.com のOneDriveクォータ情報を取得できませんでした: 
{
  "error": {
    "code": "ResourceNotFound",
    "message": "User\u0027s mysite not found.",
    "innerError": {
      "date": "2025-04-09T00:48:37",
      "request-id": "0e71c490-c148-40d7-afd9-3a1976082810",
      "client-request-id": "0e71c490-c148-40d7-afd9-3a1976082810"
    }
  }
}
[2025-04-09 09:48:38] [WARNING] ユーザー webadmin@miraiconst.onmicrosoft.com のOneDriveクォータ情報を取得できませんでした: 
{
  "error": {
    "code": "ResourceNotFound",
    "message": "User\u0027s mysite not found.",
    "innerError": {
      "date": "2025-04-09T00:48:38",
      "request-id": "2dd8afea-1674-4957-8fa0-928fef8c59d5",
      "client-request-id": "2dd8afea-1674-4957-8fa0-928fef8c59d5"
    }
  }
}
[2025-04-09 09:48:52] [WARNING] ユーザー y-tajima@mirai-const.co.jp のOneDriveクォータ情報を取得できませんでした: 
{
  "error": {
    "code": "ResourceNotFound",
    "message": "User\u0027s mysite not found.",
    "innerError": {
      "date": "2025-04-09T00:48:52",
      "request-id": "cc834126-2653-42a5-a8ac-5843976fde3c",
      "client-request-id": "cc834126-2653-42a5-a8ac-5843976fde3c"
    }
  }
}
[2025-04-09 09:48:54] [WARNING] ユーザー y-tsuzuki@mirai-const.co.jp のOneDriveクォータ情報を取得できませんでした: 
{
  "error": {
    "code": "ResourceNotFound",
    "message": "User\u0027s mysite not found.",
    "innerError": {
      "date": "2025-04-09T00:48:54",
      "request-id": "c42a9e89-ca8b-4fde-abc6-f37f6755041f",
      "client-request-id": "c42a9e89-ca8b-4fde-abc6-f37f6755041f"
    }
  }
}
[2025-04-09 09:48:55] [WARNING] ユーザー y-ueno@mirai-const.co.jp のOneDriveクォータ情報を取得できませんでした: 
{
  "error": {
    "code": "ResourceNotFound",
    "message": "User\u0027s mysite not found.",
    "innerError": {
      "date": "2025-04-09T00:48:55",
      "request-id": "059c17f7-ff3a-47a6-bd33-3dfa4920a81f",
      "client-request-id": "059c17f7-ff3a-47a6-bd33-3dfa4920a81f"
    }
  }
}
[2025-04-09 09:48:56] [WARNING] ユーザー yamasaki-s89fa_mlit.go.jp#EXT#@miraiconst.onmicrosoft.com のOneDriveクォータ情報を取得できませんでした: 
{
  "error": {
    "code": "ResourceNotFound",
    "message": "User\u0027s mysite not found.",
    "innerError": {
      "date": "2025-04-09T00:48:56",
      "request-id": "b2080f49-4e00-4068-8e01-fae007a385f2",
      "client-request-id": "b2080f49-4e00-4068-8e01-fae007a385f2"
    }
  }
}
[2025-04-09 09:48:56] [WARNING] ユーザー yk-takahashi_mitsuifudosan.co.jp#EXT#@miraiconst.onmicrosoft.com のOneDriveクォータ情報を取得できませんでした: 
{
  "error": {
    "code": "ResourceNotFound",
    "message": "User\u0027s mysite not found.",
    "innerError": {
      "date": "2025-04-09T00:48:56",
      "request-id": "57eb1c47-5503-4909-84e8-354a0485ba52",
      "client-request-id": "57eb1c47-5503-4909-84e8-354a0485ba52"
    }
  }
}
[2025-04-09 09:48:57] [WARNING] ユーザー yokohama-rakuraku@mirai-const.co.jp のOneDriveクォータ情報を取得できませんでした: 
{
  "error": {
    "code": "ResourceNotFound",
    "message": "User\u0027s mysite not found.",
    "innerError": {
      "date": "2025-04-09T00:48:57",
      "request-id": "cca2537e-ff61-49e7-8b47-08451aad0dbf",
      "client-request-id": "cca2537e-ff61-49e7-8b47-08451aad0dbf"
    }
  }
}
[2025-04-09 09:48:57] [WARNING] ユーザー ys-yamamoto_apptec.co.jp#EXT#@miraiconst.onmicrosoft.com のOneDriveクォータ情報を取得できませんでした: 
{
  "error": {
    "code": "ResourceNotFound",
    "message": "User\u0027s mysite not found.",
    "innerError": {
      "date": "2025-04-09T00:48:57",
      "request-id": "14d96c75-a838-472c-93da-6b8b9d2d4275",
      "client-request-id": "14d96c75-a838-472c-93da-6b8b9d2d4275"
    }
  }
}
[2025-04-09 09:49:00] [WARNING] ユーザー zaimu@mirai-const.co.jp のOneDriveクォータ情報を取得できませんでした: 
{
  "error": {
    "code": "ResourceNotFound",
    "message": "User\u0027s mysite not found.",
    "innerError": {
      "date": "2025-04-09T00:49:00",
      "request-id": "0d80b9bf-68d8-4096-8974-9da999abb38e",
      "client-request-id": "0d80b9bf-68d8-4096-8974-9da999abb38e"
    }
  }
}
[2025-04-09 09:49:00] [SUCCESS] OneDriveクォータ情報の取得が完了しました。取得件数: 524
[2025-04-09 09:49:00] [SUCCESS] CSVファイルを作成しました: C:\kitting\OneDriveforBusinessManagementSystem\OneDriveManagement.20250409\Basic_Data_Collection.20250409\OneDriveQuota.20250409094900.csv
[2025-04-09 09:49:00] [INFO] Excelでファイルを開いて列幅の調整とフィルターの適用を行います...
[2025-04-09 09:49:16] [SUCCESS] Excelでの処理が完了しました。
[2025-04-09 09:49:17] [SUCCESS] JavaScriptファイルを作成しました: C:\kitting\OneDriveforBusinessManagementSystem\OneDriveManagement.20250409\Basic_Data_Collection.20250409\OneDriveQuota.20250409094900.js
[2025-04-09 09:49:17] [SUCCESS] HTMLファイルを作成しました: C:\kitting\OneDriveforBusinessManagementSystem\OneDriveManagement.20250409\Basic_Data_Collection.20250409\OneDriveQuota.20250409094900.html
