[2025-04-09 08:42:01] [INFO] ストレージクォータ取得を開始します
[2025-04-09 08:42:01] [INFO] 出力ディレクトリ: C:\kitting\OneDriveforBusinessManagementSystem\OneDriveManagement.20250409\Basic_Data_Collection.20250409
[2025-04-09 08:42:01] [INFO] ログディレクトリ: C:\kitting\OneDriveforBusinessManagementSystem\OneDriveManagement.20250409\Log
[2025-04-09 08:42:01] [INFO] トークンファイルからアクセストークンを読み込みました
[2025-04-09 08:42:01] [WARNING] Graph接続済みですが、ユーザー情報は取得できません。
[2025-04-09 08:42:01] [WARNING] Graph接続済みですが、ユーザー情報は取得できません。
[2025-04-09 08:42:01] [INFO] Microsoft Graph REST APIで全ユーザー情報を取得します...
[2025-04-09 08:42:01] [INFO] トークンにBearerプレフィックスを追加しました
[2025-04-09 08:42:09] [WARNING] ユーザー admin@miraiconst.onmicrosoft.com のOneDriveクォータ情報を取得できませんでした: 
{
  "error": {
    "code": "ResourceNotFound",
    "message": "User\u0027s mysite not found.",
    "innerError": {
      "date": "2025-04-08T23:42:09",
      "request-id": "7463a90f-9c00-4c2a-9dee-3f2bf7a7d9e4",
      "client-request-id": "7463a90f-9c00-4c2a-9dee-3f2bf7a7d9e4"
    }
  }
}
[2025-04-09 08:42:10] [WARNING] ユーザー admin1@miraiconst.onmicrosoft.com のOneDriveクォータ情報を取得できませんでした: 
{
  "error": {
    "code": "ResourceNotFound",
    "message": "User\u0027s mysite not found.",
    "innerError": {
      "date": "2025-04-08T23:42:10",
      "request-id": "01ff1fcb-de84-4f17-a64d-ade7d30b3961",
      "client-request-id": "01ff1fcb-de84-4f17-a64d-ade7d30b3961"
    }
  }
}
[2025-04-09 08:42:10] [WARNING] ユーザー amazon-biz@mirai-const.co.jp のOneDriveクォータ情報を取得できませんでした: 
{
  "error": {
    "code": "ResourceNotFound",
    "message": "User\u0027s mysite not found.",
    "innerError": {
      "date": "2025-04-08T23:42:10",
      "request-id": "998c6590-6f02-4787-8acb-0ca41f0dae61",
      "client-request-id": "998c6590-6f02-4787-8acb-0ca41f0dae61"
    }
  }
}
[2025-04-09 08:42:10] [WARNING] ユーザー aomori-rakuraku@mirai-const.co.jp のOneDriveクォータ情報を取得できませんでした: 
{
  "error": {
    "code": "ResourceNotFound",
    "message": "User\u0027s mysite not found.",
    "innerError": {
      "date": "2025-04-08T23:42:10",
      "request-id": "d7ebe8ae-7a12-4779-a94a-f72168d9c07a",
      "client-request-id": "d7ebe8ae-7a12-4779-a94a-f72168d9c07a"
    }
  }
}
[2025-04-09 08:42:10] [WARNING] ユーザー apple-id@miraiconst.onmicrosoft.com のOneDriveクォータ情報を取得できませんでした: 
{
  "error": {
    "code": "ResourceNotFound",
    "message": "User\u0027s mysite not found.",
    "innerError": {
      "date": "2025-04-08T23:42:10",
      "request-id": "d6df4810-8aeb-4dc6-8c5e-7f203bf4e9e6",
      "client-request-id": "d6df4810-8aeb-4dc6-8c5e-7f203bf4e9e6"
    }
  }
}
[2025-04-09 08:42:10] [WARNING] ユーザー ariake-rakuraku@mirai-const.co.jp のOneDriveクォータ情報を取得できませんでした: 
{
  "error": {
    "code": "ResourceNotFound",
    "message": "User\u0027s mysite not found.",
    "innerError": {
      "date": "2025-04-08T23:42:10",
      "request-id": "477fc711-67f6-4afe-8666-085a9fa7d2d9",
      "client-request-id": "477fc711-67f6-4afe-8666-085a9fa7d2d9"
    }
  }
}
[2025-04-09 08:42:11] [WARNING] ユーザー ats-watanabe_mitsuifudosan.co.jp#EXT#@miraiconst.onmicrosoft.com のOneDriveクォータ情報を取得できませんでした: 
{
  "error": {
    "code": "ResourceNotFound",
    "message": "User\u0027s mysite not found.",
    "innerError": {
      "date": "2025-04-08T23:42:11",
      "request-id": "2974879f-e1a0-4718-804d-cf2c8b27ef4f",
      "client-request-id": "2974879f-e1a0-4718-804d-cf2c8b27ef4f"
    }
  }
}
[2025-04-09 08:42:11] [WARNING] ユーザー bid-info@mirai-const.co.jp のOneDriveクォータ情報を取得できませんでした: 
{
  "error": {
    "code": "ResourceNotFound",
    "message": "User\u0027s mysite not found.",
    "innerError": {
      "date": "2025-04-08T23:42:11",
      "request-id": "9f941312-9519-463a-9766-4a1a1bdb164b",
      "client-request-id": "9f941312-9519-463a-9766-4a1a1bdb164b"
    }
  }
}
[2025-04-09 08:42:11] [WARNING] ユーザー bid-info01m@mirai-const.co.jp のOneDriveクォータ情報を取得できませんでした: 
{
  "error": {
    "code": "ResourceNotFound",
    "message": "User\u0027s mysite not found.",
    "innerError": {
      "date": "2025-04-08T23:42:11",
      "request-id": "2f6a8042-18df-4042-8e4f-0a2b79518ebf",
      "client-request-id": "2f6a8042-18df-4042-8e4f-0a2b79518ebf"
    }
  }
}
[2025-04-09 08:42:11] [WARNING] ユーザー bid-info02m@mirai-const.co.jp のOneDriveクォータ情報を取得できませんでした: 
{
  "error": {
    "code": "ResourceNotFound",
    "message": "User\u0027s mysite not found.",
    "innerError": {
      "date": "2025-04-08T23:42:11",
      "request-id": "72998a50-cdf8-41d1-aa98-c19ff3bcdfd9",
      "client-request-id": "72998a50-cdf8-41d1-aa98-c19ff3bcdfd9"
    }
  }
}
[2025-04-09 08:42:12] [WARNING] ユーザー bid-info03m@mirai-const.co.jp のOneDriveクォータ情報を取得できませんでした: 
{
  "error": {
    "code": "ResourceNotFound",
    "message": "User\u0027s mysite not found.",
    "innerError": {
      "date": "2025-04-08T23:42:11",
      "request-id": "396a28f2-5a3b-4d43-b6e2-d47d363212d9",
      "client-request-id": "396a28f2-5a3b-4d43-b6e2-d47d363212d9"
    }
  }
}
[2025-04-09 08:42:12] [WARNING] ユーザー bid-info04m@mirai-const.co.jp のOneDriveクォータ情報を取得できませんでした: 
{
  "error": {
    "code": "ResourceNotFound",
    "message": "User\u0027s mysite not found.",
    "innerError": {
      "date": "2025-04-08T23:42:12",
      "request-id": "ad797902-960b-4886-a6d9-a3cfc20be023",
      "client-request-id": "ad797902-960b-4886-a6d9-a3cfc20be023"
    }
  }
}
[2025-04-09 08:42:12] [WARNING] ユーザー bid-info05m@mirai-const.co.jp のOneDriveクォータ情報を取得できませんでした: 
{
  "error": {
    "code": "ResourceNotFound",
    "message": "User\u0027s mysite not found.",
    "innerError": {
      "date": "2025-04-08T23:42:12",
      "request-id": "70ac839a-f92b-43b1-89d1-d65ec1e842c9",
      "client-request-id": "70ac839a-f92b-43b1-89d1-d65ec1e842c9"
    }
  }
}
[2025-04-09 08:42:12] [WARNING] ユーザー bid-info06m@mirai-const.co.jp のOneDriveクォータ情報を取得できませんでした: 
{
  "error": {
    "code": "ResourceNotFound",
    "message": "User\u0027s mysite not found.",
    "innerError": {
      "date": "2025-04-08T23:42:12",
      "request-id": "26ef2030-cf92-4836-bfa8-0c3deef0ea95",
      "client-request-id": "26ef2030-cf92-4836-bfa8-0c3deef0ea95"
    }
  }
}
[2025-04-09 08:42:12] [WARNING] ユーザー bid-info07m@mirai-const.co.jp のOneDriveクォータ情報を取得できませんでした: 
{
  "error": {
    "code": "ResourceNotFound",
    "message": "User\u0027s mysite not found.",
    "innerError": {
      "date": "2025-04-08T23:42:12",
      "request-id": "d0548320-0a94-4d57-bad2-27b6c1bafac9",
      "client-request-id": "d0548320-0a94-4d57-bad2-27b6c1bafac9"
    }
  }
}
[2025-04-09 08:42:12] [WARNING] ユーザー bid-info08m@mirai-const.co.jp のOneDriveクォータ情報を取得できませんでした: 
{
  "error": {
    "code": "ResourceNotFound",
    "message": "User\u0027s mysite not found.",
    "innerError": {
      "date": "2025-04-08T23:42:12",
      "request-id": "ed4420bd-9986-4e97-9c8b-98c15048a3bf",
      "client-request-id": "ed4420bd-9986-4e97-9c8b-98c15048a3bf"
    }
  }
}
[2025-04-09 08:42:12] [WARNING] ユーザー bid-info09m@mirai-const.co.jp のOneDriveクォータ情報を取得できませんでした: 
{
  "error": {
    "code": "ResourceNotFound",
    "message": "User\u0027s mysite not found.",
    "innerError": {
      "date": "2025-04-08T23:42:12",
      "request-id": "2ba37e49-832f-4d1f-b885-d0b365ba3eb4",
      "client-request-id": "2ba37e49-832f-4d1f-b885-d0b365ba3eb4"
    }
  }
}
[2025-04-09 08:42:13] [WARNING] ユーザー bid-info10m@mirai-const.co.jp のOneDriveクォータ情報を取得できませんでした: 
{
  "error": {
    "code": "ResourceNotFound",
    "message": "User\u0027s mysite not found.",
    "innerError": {
      "date": "2025-04-08T23:42:13",
      "request-id": "eb254dc0-57b2-4bec-8f94-e151c1c8e2af",
      "client-request-id": "eb254dc0-57b2-4bec-8f94-e151c1c8e2af"
    }
  }
}
[2025-04-09 08:42:13] [WARNING] ユーザー bid-info11m@mirai-const.co.jp のOneDriveクォータ情報を取得できませんでした: 
{
  "error": {
    "code": "ResourceNotFound",
    "message": "User\u0027s mysite not found.",
    "innerError": {
      "date": "2025-04-08T23:42:13",
      "request-id": "946add3d-4069-4fd6-99eb-0cb25f883155",
      "client-request-id": "946add3d-4069-4fd6-99eb-0cb25f883155"
    }
  }
}
[2025-04-09 08:42:13] [WARNING] ユーザー bid-info12m@mirai-const.co.jp のOneDriveクォータ情報を取得できませんでした: 
{
  "error": {
    "code": "ResourceNotFound",
    "message": "User\u0027s mysite not found.",
    "innerError": {
      "date": "2025-04-08T23:42:13",
      "request-id": "54f829d5-4da7-4f8c-bca7-3505ac498c54",
      "client-request-id": "54f829d5-4da7-4f8c-bca7-3505ac498c54"
    }
  }
}
[2025-04-09 08:42:14] [WARNING] ユーザー cad-master@miraiconst.onmicrosoft.com のOneDriveクォータ情報を取得できませんでした: 
{
  "error": {
    "code": "ResourceNotFound",
    "message": "User\u0027s mysite not found.",
    "innerError": {
      "date": "2025-04-08T23:42:14",
      "request-id": "4d42ecd8-5d0b-43f0-9082-619d855bc319",
      "client-request-id": "4d42ecd8-5d0b-43f0-9082-619d855bc319"
    }
  }
}
[2025-04-09 08:42:15] [WARNING] ユーザー chiba-rakuraku@mirai-const.co.jp のOneDriveクォータ情報を取得できませんでした: 
{
  "error": {
    "code": "ResourceNotFound",
    "message": "User\u0027s mysite not found.",
    "innerError": {
      "date": "2025-04-08T23:42:15",
      "request-id": "742e45e8-27fc-425e-8e72-921aed4721d9",
      "client-request-id": "742e45e8-27fc-425e-8e72-921aed4721d9"
    }
  }
}
[2025-04-09 08:42:15] [WARNING] ユーザー chubu-rakuraku@mirai-const.co.jp のOneDriveクォータ情報を取得できませんでした: 
{
  "error": {
    "code": "ResourceNotFound",
    "message": "User\u0027s mysite not found.",
    "innerError": {
      "date": "2025-04-08T23:42:15",
      "request-id": "23c5e7b4-62c4-490b-9b7f-d8637fd1625e",
      "client-request-id": "23c5e7b4-62c4-490b-9b7f-d8637fd1625e"
    }
  }
}
[2025-04-09 08:42:15] [WARNING] ユーザー chubu@miraiconst.onmicrosoft.com のOneDriveクォータ情報を取得できませんでした: 
{
  "error": {
    "code": "ResourceNotFound",
    "message": "User\u0027s mysite not found.",
    "innerError": {
      "date": "2025-04-08T23:42:15",
      "request-id": "a1c2639f-66b6-4bc6-bd4a-68b283b9c7ac",
      "client-request-id": "a1c2639f-66b6-4bc6-bd4a-68b283b9c7ac"
    }
  }
}
[2025-04-09 08:42:15] [WARNING] ユーザー chugoku-rakuraku@mirai-const.co.jp のOneDriveクォータ情報を取得できませんでした: 
{
  "error": {
    "code": "ResourceNotFound",
    "message": "User\u0027s mysite not found.",
    "innerError": {
      "date": "2025-04-08T23:42:15",
      "request-id": "51c2df27-6230-4628-a8e4-e021d7ee124c",
      "client-request-id": "51c2df27-6230-4628-a8e4-e021d7ee124c"
    }
  }
}
[2025-04-09 08:42:15] [WARNING] ユーザー cim-master@mirai-const.co.jp のOneDriveクォータ情報を取得できませんでした: 
{
  "error": {
    "code": "ResourceNotFound",
    "message": "User\u0027s mysite not found.",
    "innerError": {
      "date": "2025-04-08T23:42:15",
      "request-id": "09fcd4aa-0e96-4225-a0eb-7596295d74d5",
      "client-request-id": "09fcd4aa-0e96-4225-a0eb-7596295d74d5"
    }
  }
}
[2025-04-09 08:42:16] [WARNING] ユーザー cim-master01@mirai-const.co.jp のOneDriveクォータ情報を取得できませんでした: 
{
  "error": {
    "code": "ResourceNotFound",
    "message": "User\u0027s mysite not found.",
    "innerError": {
      "date": "2025-04-08T23:42:16",
      "request-id": "cbf44ed8-a146-47ed-9e18-c1775d59f64e",
      "client-request-id": "cbf44ed8-a146-47ed-9e18-c1775d59f64e"
    }
  }
}
[2025-04-09 08:42:16] [WARNING] ユーザー cim-master02@mirai-const.co.jp のOneDriveクォータ情報を取得できませんでした: 
{
  "error": {
    "code": "ResourceNotFound",
    "message": "User\u0027s mysite not found.",
    "innerError": {
      "date": "2025-04-08T23:42:16",
      "request-id": "998fa6a8-e759-4cd4-9f25-a82b90fd760e",
      "client-request-id": "998fa6a8-e759-4cd4-9f25-a82b90fd760e"
    }
  }
}
[2025-04-09 08:42:16] [WARNING] ユーザー cim-master03@mirai-const.co.jp のOneDriveクォータ情報を取得できませんでした: 
{
  "error": {
    "code": "ResourceNotFound",
    "message": "User\u0027s mysite not found.",
    "innerError": {
      "date": "2025-04-08T23:42:16",
      "request-id": "2adb330e-c494-4a80-ae2b-ea43479b7b55",
      "client-request-id": "2adb330e-c494-4a80-ae2b-ea43479b7b55"
    }
  }
}
[2025-04-09 08:42:16] [WARNING] ユーザー cim-master04@mirai-const.co.jp のOneDriveクォータ情報を取得できませんでした: 
{
  "error": {
    "code": "ResourceNotFound",
    "message": "User\u0027s mysite not found.",
    "innerError": {
      "date": "2025-04-08T23:42:16",
      "request-id": "d7ccc7f1-e2fe-40e6-8af2-08340e3656ca",
      "client-request-id": "d7ccc7f1-e2fe-40e6-8af2-08340e3656ca"
    }
  }
}
[2025-04-09 08:42:17] [WARNING] ユーザー cim-master05@mirai-const.co.jp のOneDriveクォータ情報を取得できませんでした: 
{
  "error": {
    "code": "ResourceNotFound",
    "message": "User\u0027s mysite not found.",
    "innerError": {
      "date": "2025-04-08T23:42:17",
      "request-id": "4b4ea035-0ba5-4625-93e8-cb90083ed30c",
      "client-request-id": "4b4ea035-0ba5-4625-93e8-cb90083ed30c"
    }
  }
}
[2025-04-09 08:42:17] [WARNING] ユーザー cim-master06@mirai-const.co.jp のOneDriveクォータ情報を取得できませんでした: 
{
  "error": {
    "code": "ResourceNotFound",
    "message": "User\u0027s mysite not found.",
    "innerError": {
      "date": "2025-04-08T23:42:17",
      "request-id": "edf53b6c-6f03-4c00-bd5e-bd1c4bcd9270",
      "client-request-id": "edf53b6c-6f03-4c00-bd5e-bd1c4bcd9270"
    }
  }
}
[2025-04-09 08:42:17] [WARNING] ユーザー cim-master07@mirai-const.co.jp のOneDriveクォータ情報を取得できませんでした: 
{
  "error": {
    "code": "ResourceNotFound",
    "message": "User\u0027s mysite not found.",
    "innerError": {
      "date": "2025-04-08T23:42:17",
      "request-id": "915078ee-80a7-4045-8537-56c21aee11db",
      "client-request-id": "915078ee-80a7-4045-8537-56c21aee11db"
    }
  }
}
[2025-04-09 08:42:17] [WARNING] ユーザー cim-master08@mirai-const.co.jp のOneDriveクォータ情報を取得できませんでした: 
{
  "error": {
    "code": "ResourceNotFound",
    "message": "User\u0027s mysite not found.",
    "innerError": {
      "date": "2025-04-08T23:42:17",
      "request-id": "a247180a-8e6e-49f6-85eb-0f231c66aa50",
      "client-request-id": "a247180a-8e6e-49f6-85eb-0f231c66aa50"
    }
  }
}
[2025-04-09 08:42:17] [WARNING] ユーザー cim-master09@mirai-const.co.jp のOneDriveクォータ情報を取得できませんでした: 
{
  "error": {
    "code": "ResourceNotFound",
    "message": "User\u0027s mysite not found.",
    "innerError": {
      "date": "2025-04-08T23:42:17",
      "request-id": "38b11362-b797-443d-9d8c-d8b67818625a",
      "client-request-id": "38b11362-b797-443d-9d8c-d8b67818625a"
    }
  }
}
[2025-04-09 08:42:18] [WARNING] ユーザー cim-master10@mirai-const.co.jp のOneDriveクォータ情報を取得できませんでした: 
{
  "error": {
    "code": "ResourceNotFound",
    "message": "User\u0027s mysite not found.",
    "innerError": {
      "date": "2025-04-08T23:42:18",
      "request-id": "be1b1b64-efc0-452d-b2d7-967e8c622491",
      "client-request-id": "be1b1b64-efc0-452d-b2d7-967e8c622491"
    }
  }
}
[2025-04-09 08:42:18] [WARNING] ユーザー cim-master11@mirai-const.co.jp のOneDriveクォータ情報を取得できませんでした: 
{
  "error": {
    "code": "ResourceNotFound",
    "message": "User\u0027s mysite not found.",
    "innerError": {
      "date": "2025-04-08T23:42:18",
      "request-id": "b1864c9d-e449-4e21-8589-3b0b06bad870",
      "client-request-id": "b1864c9d-e449-4e21-8589-3b0b06bad870"
    }
  }
}
[2025-04-09 08:42:18] [WARNING] ユーザー cim-master12@mirai-const.co.jp のOneDriveクォータ情報を取得できませんでした: 
{
  "error": {
    "code": "ResourceNotFound",
    "message": "User\u0027s mysite not found.",
    "innerError": {
      "date": "2025-04-08T23:42:18",
      "request-id": "209bd20b-8bcf-4c39-9647-b9bc779d9ce5",
      "client-request-id": "209bd20b-8bcf-4c39-9647-b9bc779d9ce5"
    }
  }
}
[2025-04-09 08:42:19] [WARNING] ユーザー cim-master13@mirai-const.co.jp のOneDriveクォータ情報を取得できませんでした: 
{
  "error": {
    "code": "ResourceNotFound",
    "message": "User\u0027s mysite not found.",
    "innerError": {
      "date": "2025-04-08T23:42:19",
      "request-id": "01f6dd45-5d5a-4b4c-944e-808658a2fbfa",
      "client-request-id": "01f6dd45-5d5a-4b4c-944e-808658a2fbfa"
    }
  }
}
[2025-04-09 08:42:19] [WARNING] ユーザー cim-master14@mirai-const.co.jp のOneDriveクォータ情報を取得できませんでした: 
{
  "error": {
    "code": "ResourceNotFound",
    "message": "User\u0027s mysite not found.",
    "innerError": {
      "date": "2025-04-08T23:42:19",
      "request-id": "0e80242d-8254-44a7-8e0a-49309fe574e1",
      "client-request-id": "0e80242d-8254-44a7-8e0a-49309fe574e1"
    }
  }
}
[2025-04-09 08:42:19] [WARNING] ユーザー cim-master15@mirai-const.co.jp のOneDriveクォータ情報を取得できませんでした: 
{
  "error": {
    "code": "ResourceNotFound",
    "message": "User\u0027s mysite not found.",
    "innerError": {
      "date": "2025-04-08T23:42:19",
      "request-id": "bc3de19e-4dc2-4d59-a01e-1b0308c83f2b",
      "client-request-id": "bc3de19e-4dc2-4d59-a01e-1b0308c83f2b"
    }
  }
}
[2025-04-09 08:42:19] [WARNING] ユーザー cim-master16@mirai-const.co.jp のOneDriveクォータ情報を取得できませんでした: 
{
  "error": {
    "code": "ResourceNotFound",
    "message": "User\u0027s mysite not found.",
    "innerError": {
      "date": "2025-04-08T23:42:19",
      "request-id": "4cf744ea-94e0-4a19-a807-edaa5d444ee2",
      "client-request-id": "4cf744ea-94e0-4a19-a807-edaa5d444ee2"
    }
  }
}
[2025-04-09 08:42:19] [WARNING] ユーザー compliance-hotline@miraiconst.onmicrosoft.com のOneDriveクォータ情報を取得できませんでした: 
{
  "error": {
    "code": "ResourceNotFound",
    "message": "User\u0027s mysite not found.",
    "innerError": {
      "date": "2025-04-08T23:42:19",
      "request-id": "67898487-9240-4225-8e77-cd6ea4a7cd07",
      "client-request-id": "67898487-9240-4225-8e77-cd6ea4a7cd07"
    }
  }
}
[2025-04-09 08:42:20] [WARNING] ユーザー direct@mirai-const.co.jp のOneDriveクォータ情報を取得できませんでした: 
{
  "error": {
    "code": "ResourceNotFound",
    "message": "User\u0027s mysite not found.",
    "innerError": {
      "date": "2025-04-08T23:42:20",
      "request-id": "8785c801-5689-4220-b617-33c0344d2c94",
      "client-request-id": "8785c801-5689-4220-b617-33c0344d2c94"
    }
  }
}
[2025-04-09 08:42:20] [WARNING] ユーザー e-watanabe@miraiconst.onmicrosoft.com のOneDriveクォータ情報を取得できませんでした: 
{
  "error": {
    "code": "ResourceNotFound",
    "message": "User\u0027s mysite not found.",
    "innerError": {
      "date": "2025-04-08T23:42:20",
      "request-id": "74337d4d-ab2a-4602-bd36-8e1dec1dc1b9",
      "client-request-id": "74337d4d-ab2a-4602-bd36-8e1dec1dc1b9"
    }
  }
}
[2025-04-09 08:42:20] [WARNING] ユーザー et-satoh@mirai-const.co.jp のOneDriveクォータ情報を取得できませんでした: 
{
  "error": {
    "code": "ResourceNotFound",
    "message": "User\u0027s mysite not found.",
    "innerError": {
      "date": "2025-04-08T23:42:20",
      "request-id": "7b05f3f8-c922-4593-838d-b08b29c08c3d",
      "client-request-id": "7b05f3f8-c922-4593-838d-b08b29c08c3d"
    }
  }
}
[2025-04-09 08:42:22] [WARNING] ユーザー forti-admin@mirai-const.co.jp のOneDriveクォータ情報を取得できませんでした: 
{
  "error": {
    "code": "ResourceNotFound",
    "message": "User\u0027s mysite not found.",
    "innerError": {
      "date": "2025-04-08T23:42:22",
      "request-id": "3fba9a25-fb93-4fee-a98d-b33daa1b31d4",
      "client-request-id": "3fba9a25-fb93-4fee-a98d-b33daa1b31d4"
    }
  }
}
[2025-04-09 08:42:30] [WARNING] ユーザー h-satake@mirai-const.co.jp のOneDriveクォータ情報を取得できませんでした: 
{
  "error": {
    "code": "ResourceNotFound",
    "message": "User\u0027s mysite not found.",
    "innerError": {
      "date": "2025-04-08T23:42:30",
      "request-id": "5bbdd1b1-48b3-43a5-abec-966fc2c761e2",
      "client-request-id": "5bbdd1b1-48b3-43a5-abec-966fc2c761e2"
    }
  }
}
[2025-04-09 08:42:34] [WARNING] ユーザー h_kawamura_cdit.or.jp#EXT#@miraiconst.onmicrosoft.com のOneDriveクォータ情報を取得できませんでした: 
{
  "error": {
    "code": "ResourceNotFound",
    "message": "User\u0027s mysite not found.",
    "innerError": {
      "date": "2025-04-08T23:42:34",
      "request-id": "11c6977b-a8e9-4fb7-8a46-2ec1da93961f",
      "client-request-id": "11c6977b-a8e9-4fb7-8a46-2ec1da93961f"
    }
  }
}
[2025-04-09 08:42:34] [WARNING] ユーザー haruka.ishigaki_aaconst.onmicrosoft.com#EXT#@miraiconst.onmicrosoft.com のOneDriveクォータ情報を取得できませんでした: 
{
  "error": {
    "code": "ResourceNotFound",
    "message": "User\u0027s mysite not found.",
    "innerError": {
      "date": "2025-04-08T23:42:34",
      "request-id": "3acd0089-6413-486a-ae7d-7f859cfbcff1",
      "client-request-id": "3acd0089-6413-486a-ae7d-7f859cfbcff1"
    }
  }
}
[2025-04-09 08:42:34] [WARNING] ユーザー henngetest@mirai-const.co.jp のOneDriveクォータ情報を取得できませんでした: 
{
  "error": {
    "code": "ResourceNotFound",
    "message": "User\u0027s mysite not found.",
    "innerError": {
      "date": "2025-04-08T23:42:34",
      "request-id": "4a69a5d9-4a0b-436a-9f6a-a11be9c71ec1",
      "client-request-id": "4a69a5d9-4a0b-436a-9f6a-a11be9c71ec1"
    }
  }
}
[2025-04-09 08:42:37] [WARNING] ユーザー hideyuki.nomura_halekulaniokinawa.com#EXT#@miraiconst.onmicrosoft.com のOneDriveクォータ情報を取得できませんでした: 
{
  "error": {
    "code": "ResourceNotFound",
    "message": "User\u0027s mysite not found.",
    "innerError": {
      "date": "2025-04-08T23:42:37",
      "request-id": "f5dd1c5c-152b-40f3-91ef-8d50f0211e32",
      "client-request-id": "f5dd1c5c-152b-40f3-91ef-8d50f0211e32"
    }
  }
}
[2025-04-09 08:42:38] [WARNING] ユーザー hokkaido-rakuraku@mirai-const.co.jp のOneDriveクォータ情報を取得できませんでした: 
{
  "error": {
    "code": "ResourceNotFound",
    "message": "User\u0027s mysite not found.",
    "innerError": {
      "date": "2025-04-08T23:42:38",
      "request-id": "e16cb91f-4d46-448d-8203-921ca08f0443",
      "client-request-id": "e16cb91f-4d46-448d-8203-921ca08f0443"
    }
  }
}
[2025-04-09 08:42:38] [WARNING] ユーザー hokkaido@miraiconst.onmicrosoft.com のOneDriveクォータ情報を取得できませんでした: 
{
  "error": {
    "code": "ResourceNotFound",
    "message": "User\u0027s mysite not found.",
    "innerError": {
      "date": "2025-04-08T23:42:38",
      "request-id": "3cb002c9-f779-444c-9bd1-28dfa83995ac",
      "client-request-id": "3cb002c9-f779-444c-9bd1-28dfa83995ac"
    }
  }
}
[2025-04-09 08:42:38] [WARNING] ユーザー hokuriku-rakuraku@mirai-const.co.jp のOneDriveクォータ情報を取得できませんでした: 
{
  "error": {
    "code": "ResourceNotFound",
    "message": "User\u0027s mysite not found.",
    "innerError": {
      "date": "2025-04-08T23:42:38",
      "request-id": "1db24aec-bf8d-4cf0-85f5-52b2a423a20c",
      "client-request-id": "1db24aec-bf8d-4cf0-85f5-52b2a423a20c"
    }
  }
}
[2025-04-09 08:42:38] [WARNING] ユーザー honsya2-1@miraiconst.onmicrosoft.com のOneDriveクォータ情報を取得できませんでした: 
{
  "error": {
    "code": "ResourceNotFound",
    "message": "User\u0027s mysite not found.",
    "innerError": {
      "date": "2025-04-08T23:42:38",
      "request-id": "b127d152-791e-4c16-833b-a1b118dd23ed",
      "client-request-id": "b127d152-791e-4c16-833b-a1b118dd23ed"
    }
  }
}
[2025-04-09 08:42:38] [WARNING] ユーザー honsya2-2@miraiconst.onmicrosoft.com のOneDriveクォータ情報を取得できませんでした: 
{
  "error": {
    "code": "ResourceNotFound",
    "message": "User\u0027s mysite not found.",
    "innerError": {
      "date": "2025-04-08T23:42:38",
      "request-id": "86d1c93e-884e-4e5f-82eb-a756364af257",
      "client-request-id": "86d1c93e-884e-4e5f-82eb-a756364af257"
    }
  }
}
[2025-04-09 08:42:38] [WARNING] ユーザー hp-kanri@miraiconst.onmicrosoft.com のOneDriveクォータ情報を取得できませんでした: 
{
  "error": {
    "code": "ResourceNotFound",
    "message": "User\u0027s mysite not found.",
    "innerError": {
      "date": "2025-04-08T23:42:38",
      "request-id": "8a352afe-e8b2-4796-99b7-e934f8344afd",
      "client-request-id": "8a352afe-e8b2-4796-99b7-e934f8344afd"
    }
  }
}
[2025-04-09 08:42:39] [WARNING] ユーザー i-komada@mirai-const.co.jp のOneDriveクォータ情報を取得できませんでした: 
{
  "error": {
    "code": "ResourceNotFound",
    "message": "User\u0027s mysite not found.",
    "innerError": {
      "date": "2025-04-08T23:42:39",
      "request-id": "1b3f981f-00d1-4eef-9a49-90fd8ede5caf",
      "client-request-id": "1b3f981f-00d1-4eef-9a49-90fd8ede5caf"
    }
  }
}
[2025-04-09 08:42:39] [WARNING] ユーザー ibaraki-rakuraku@mirai-const.co.jp のOneDriveクォータ情報を取得できませんでした: 
{
  "error": {
    "code": "ResourceNotFound",
    "message": "User\u0027s mysite not found.",
    "innerError": {
      "date": "2025-04-08T23:42:39",
      "request-id": "92e8fe2e-c2b9-453e-af10-c56ceca17248",
      "client-request-id": "92e8fe2e-c2b9-453e-af10-c56ceca17248"
    }
  }
}
[2025-04-09 08:42:39] [WARNING] ユーザー ito_mainmark.co.jp#EXT#@miraiconst.onmicrosoft.com のOneDriveクォータ情報を取得できませんでした: 
{
  "error": {
    "code": "ResourceNotFound",
    "message": "User\u0027s mysite not found.",
    "innerError": {
      "date": "2025-04-08T23:42:39",
      "request-id": "225662bd-bde5-4c82-ad58-f4db7156e805",
      "client-request-id": "225662bd-bde5-4c82-ad58-f4db7156e805"
    }
  }
}
[2025-04-09 08:42:40] [WARNING] ユーザー jinji-saiyou@mirai-const.co.jp のOneDriveクォータ情報を取得できませんでした: 
{
  "error": {
    "code": "ResourceNotFound",
    "message": "User\u0027s mysite not found.",
    "innerError": {
      "date": "2025-04-08T23:42:40",
      "request-id": "dbee1897-b70d-4306-ad8c-6cd5adc41f10",
      "client-request-id": "dbee1897-b70d-4306-ad8c-6cd5adc41f10"
    }
  }
}
[2025-04-09 08:42:42] [WARNING] ユーザー k-hirabayashi@mirai-const.co.jp のOneDriveクォータ情報を取得できませんでした: 
{
  "error": {
    "code": "ResourceNotFound",
    "message": "User\u0027s mysite not found.",
    "innerError": {
      "date": "2025-04-08T23:42:42",
      "request-id": "e9579c38-3d6e-4a44-9137-bc178aff4919",
      "client-request-id": "e9579c38-3d6e-4a44-9137-bc178aff4919"
    }
  }
}
[2025-04-09 08:42:47] [WARNING] ユーザー k-obara@mirai-const.co.jp のOneDriveクォータ情報を取得できませんでした: 
{
  "error": {
    "code": "ResourceNotFound",
    "message": "User\u0027s mysite not found.",
    "innerError": {
      "date": "2025-04-08T23:42:47",
      "request-id": "5125d2aa-bc16-45e2-a8e0-9ae579f429aa",
      "client-request-id": "5125d2aa-bc16-45e2-a8e0-9ae579f429aa"
    }
  }
}
[2025-04-09 08:42:50] [WARNING] ユーザー k-sugimoto@miraiconst.onmicrosoft.com のOneDriveクォータ情報を取得できませんでした: 
{
  "error": {
    "code": "ResourceNotFound",
    "message": "User\u0027s mysite not found.",
    "innerError": {
      "date": "2025-04-08T23:42:50",
      "request-id": "96b4f96b-c1c4-4fb7-b03f-2b91f3da1041",
      "client-request-id": "96b4f96b-c1c4-4fb7-b03f-2b91f3da1041"
    }
  }
}
[2025-04-09 08:42:55] [WARNING] ユーザー kaikei-support@mirai-const.co.jp のOneDriveクォータ情報を取得できませんでした: 
{
  "error": {
    "code": "ResourceNotFound",
    "message": "User\u0027s mysite not found.",
    "innerError": {
      "date": "2025-04-08T23:42:55",
      "request-id": "896b1a41-7bd5-445e-9315-7d5405db6592",
      "client-request-id": "896b1a41-7bd5-445e-9315-7d5405db6592"
    }
  }
}
[2025-04-09 08:42:55] [WARNING] ユーザー kanri-kyushu@mirai-const.co.jp のOneDriveクォータ情報を取得できませんでした: 
{
  "error": {
    "code": "ResourceNotFound",
    "message": "User\u0027s mysite not found.",
    "innerError": {
      "date": "2025-04-08T23:42:55",
      "request-id": "c2ce3d9d-4f90-47d7-ae81-46bad7658882",
      "client-request-id": "c2ce3d9d-4f90-47d7-ae81-46bad7658882"
    }
  }
}
[2025-04-09 08:42:55] [WARNING] ユーザー kanri-oosaka@mirai-const.co.jp のOneDriveクォータ情報を取得できませんでした: 
{
  "error": {
    "code": "ResourceNotFound",
    "message": "User\u0027s mysite not found.",
    "innerError": {
      "date": "2025-04-08T23:42:55",
      "request-id": "5d9a05d9-ab40-478f-905e-c1c2231711dd",
      "client-request-id": "5d9a05d9-ab40-478f-905e-c1c2231711dd"
    }
  }
}
[2025-04-09 08:42:55] [WARNING] ユーザー kanri-tokyo@mirai-const.co.jp のOneDriveクォータ情報を取得できませんでした: 
{
  "error": {
    "code": "ResourceNotFound",
    "message": "User\u0027s mysite not found.",
    "innerError": {
      "date": "2025-04-08T23:42:55",
      "request-id": "882376f2-2304-4feb-a3eb-545d36e6ef05",
      "client-request-id": "882376f2-2304-4feb-a3eb-545d36e6ef05"
    }
  }
}
[2025-04-09 08:42:55] [WARNING] ユーザー keieikikaku@miraiconst.onmicrosoft.com のOneDriveクォータ情報を取得できませんでした: 
{
  "error": {
    "code": "ResourceNotFound",
    "message": "User\u0027s mysite not found.",
    "innerError": {
      "date": "2025-04-08T23:42:55",
      "request-id": "0da76fb3-0fe9-4a5f-987a-818197ca3b35",
      "client-request-id": "0da76fb3-0fe9-4a5f-987a-818197ca3b35"
    }
  }
}
[2025-04-09 08:42:55] [WARNING] ユーザー ki-fujita_mitsuifudosan.co.jp#EXT#@miraiconst.onmicrosoft.com のOneDriveクォータ情報を取得できませんでした: 
{
  "error": {
    "code": "ResourceNotFound",
    "message": "User\u0027s mysite not found.",
    "innerError": {
      "date": "2025-04-08T23:42:55",
      "request-id": "e6dfdce9-753d-404b-a6c8-d9b867bba8bf",
      "client-request-id": "e6dfdce9-753d-404b-a6c8-d9b867bba8bf"
    }
  }
}
[2025-04-09 08:42:56] [WARNING] ユーザー kita-kyushu@miraiconst.onmicrosoft.com のOneDriveクォータ情報を取得できませんでした: 
{
  "error": {
    "code": "ResourceNotFound",
    "message": "User\u0027s mysite not found.",
    "innerError": {
      "date": "2025-04-08T23:42:56",
      "request-id": "e5632393-46e4-49a8-ba90-fa8a17889ec6",
      "client-request-id": "e5632393-46e4-49a8-ba90-fa8a17889ec6"
    }
  }
}
[2025-04-09 08:42:56] [WARNING] ユーザー kitakyushu-rakuraku@mirai-const.co.jp のOneDriveクォータ情報を取得できませんでした: 
{
  "error": {
    "code": "ResourceNotFound",
    "message": "User\u0027s mysite not found.",
    "innerError": {
      "date": "2025-04-08T23:42:56",
      "request-id": "2d71f6c3-10b7-4c24-8dca-ebf712fd3ecd",
      "client-request-id": "2d71f6c3-10b7-4c24-8dca-ebf712fd3ecd"
    }
  }
}
[2025-04-09 08:42:56] [WARNING] ユーザー kyushu-rakuraku@mirai-const.co.jp のOneDriveクォータ情報を取得できませんでした: 
{
  "error": {
    "code": "ResourceNotFound",
    "message": "User\u0027s mysite not found.",
    "innerError": {
      "date": "2025-04-08T23:42:56",
      "request-id": "7e8db85c-a5e5-490c-af0e-a233a3e184aa",
      "client-request-id": "7e8db85c-a5e5-490c-af0e-a233a3e184aa"
    }
  }
}
[2025-04-09 08:42:56] [WARNING] ユーザー m-ariake@miraiconst.onmicrosoft.com のOneDriveクォータ情報を取得できませんでした: 
{
  "error": {
    "code": "ResourceNotFound",
    "message": "User\u0027s mysite not found.",
    "innerError": {
      "date": "2025-04-08T23:42:56",
      "request-id": "d58560a2-af37-4643-8699-2714ba7af786",
      "client-request-id": "d58560a2-af37-4643-8699-2714ba7af786"
    }
  }
}
[2025-04-09 08:42:57] [WARNING] ユーザー m-chugoku@miraiconst.onmicrosoft.com のOneDriveクォータ情報を取得できませんでした: 
{
  "error": {
    "code": "ResourceNotFound",
    "message": "User\u0027s mysite not found.",
    "innerError": {
      "date": "2025-04-08T23:42:57",
      "request-id": "3d31cd92-6789-473d-97d2-c47711e0d61c",
      "client-request-id": "3d31cd92-6789-473d-97d2-c47711e0d61c"
    }
  }
}
[2025-04-09 08:42:59] [WARNING] ユーザー m-info@miraiconst.onmicrosoft.com のOneDriveクォータ情報を取得できませんでした: 
{
  "error": {
    "code": "ResourceNotFound",
    "message": "User\u0027s mysite not found.",
    "innerError": {
      "date": "2025-04-08T23:42:59",
      "request-id": "01502f9e-96fc-4d14-ada5-9165068368ca",
      "client-request-id": "01502f9e-96fc-4d14-ada5-9165068368ca"
    }
  }
}
[2025-04-09 08:43:01] [WARNING] ユーザー m-maruta@mirai-const.co.jp のOneDriveクォータ情報を取得できませんでした: 
{
  "error": {
    "code": "ResourceNotFound",
    "message": "User\u0027s mysite not found.",
    "innerError": {
      "date": "2025-04-08T23:43:01",
      "request-id": "205092a6-3a60-4bf0-8f80-0ebd70b5140d",
      "client-request-id": "205092a6-3a60-4bf0-8f80-0ebd70b5140d"
    }
  }
}
[2025-04-09 08:43:04] [WARNING] ユーザー m-suzuki@mirai-const.co.jp のOneDriveクォータ情報を取得できませんでした: 
{
  "error": {
    "code": "ResourceNotFound",
    "message": "User\u0027s mysite not found.",
    "innerError": {
      "date": "2025-04-08T23:43:04",
      "request-id": "81d3623a-08aa-4c37-8f7d-55457338d22f",
      "client-request-id": "81d3623a-08aa-4c37-8f7d-55457338d22f"
    }
  }
}
[2025-04-09 08:43:05] [WARNING] ユーザー m-ushikubo@mirai-const.co.jp のOneDriveクォータ情報を取得できませんでした: 
{
  "error": {
    "code": "ResourceNotFound",
    "message": "User\u0027s mysite not found.",
    "innerError": {
      "date": "2025-04-08T23:43:05",
      "request-id": "43794bd0-6302-465b-aa98-936ba0d712f5",
      "client-request-id": "43794bd0-6302-465b-aa98-936ba0d712f5"
    }
  }
}
[2025-04-09 08:43:08] [WARNING] ユーザー mail-info@miraiconst.onmicrosoft.com のOneDriveクォータ情報を取得できませんでした: 
{
  "error": {
    "code": "ResourceNotFound",
    "message": "User\u0027s mysite not found.",
    "innerError": {
      "date": "2025-04-08T23:43:08",
      "request-id": "33da269e-3549-4151-8376-a51e2d688145",
      "client-request-id": "33da269e-3549-4151-8376-a51e2d688145"
    }
  }
}
[2025-04-09 08:43:08] [WARNING] ユーザー mf-jigyoukikaku@miraiconst.onmicrosoft.com のOneDriveクォータ情報を取得できませんでした: 
{
  "error": {
    "code": "ResourceNotFound",
    "message": "User\u0027s mysite not found.",
    "innerError": {
      "date": "2025-04-08T23:43:08",
      "request-id": "6d6e11fb-b4cd-47e0-992c-2219ea0545ed",
      "client-request-id": "6d6e11fb-b4cd-47e0-992c-2219ea0545ed"
    }
  }
}
[2025-04-09 08:43:08] [WARNING] ユーザー mirai-edr@miraiconst.onmicrosoft.com のOneDriveクォータ情報を取得できませんでした: 
{
  "error": {
    "code": "ResourceNotFound",
    "message": "User\u0027s mysite not found.",
    "innerError": {
      "date": "2025-04-08T23:43:08",
      "request-id": "568da41c-01c1-428d-a25c-7c8ce8a70c41",
      "client-request-id": "568da41c-01c1-428d-a25c-7c8ce8a70c41"
    }
  }
}
[2025-04-09 08:43:09] [WARNING] ユーザー mirai-sns@miraiconst.onmicrosoft.com のOneDriveクォータ情報を取得できませんでした: 
{
  "error": {
    "code": "ResourceNotFound",
    "message": "User\u0027s mysite not found.",
    "innerError": {
      "date": "2025-04-08T23:43:09",
      "request-id": "0ccb979b-b731-4b6f-9bfe-dd2c02ce3593",
      "client-request-id": "0ccb979b-b731-4b6f-9bfe-dd2c02ce3593"
    }
  }
}
[2025-04-09 08:43:09] [WARNING] ユーザー mirai-zoom@miraiconst.onmicrosoft.com のOneDriveクォータ情報を取得できませんでした: 
{
  "error": {
    "code": "ResourceNotFound",
    "message": "User\u0027s mysite not found.",
    "innerError": {
      "date": "2025-04-08T23:43:09",
      "request-id": "8b2be0ce-98cc-4993-bb9e-e991e3f1dc5c",
      "client-request-id": "8b2be0ce-98cc-4993-bb9e-e991e3f1dc5c"
    }
  }
}
[2025-04-09 08:43:09] [WARNING] ユーザー mk-engagement@miraiconst.onmicrosoft.com のOneDriveクォータ情報を取得できませんでした: 
{
  "error": {
    "code": "ResourceNotFound",
    "message": "User\u0027s mysite not found.",
    "innerError": {
      "date": "2025-04-08T23:43:09",
      "request-id": "b46cf68c-5b1f-44e7-a769-263dec4464bc",
      "client-request-id": "b46cf68c-5b1f-44e7-a769-263dec4464bc"
    }
  }
}
[2025-04-09 08:43:09] [WARNING] ユーザー mksystem-alert@miraiconst.onmicrosoft.com のOneDriveクォータ情報を取得できませんでした: 
{
  "error": {
    "code": "ResourceNotFound",
    "message": "User\u0027s mysite not found.",
    "innerError": {
      "date": "2025-04-08T23:43:09",
      "request-id": "a4642d8e-b850-4b33-a167-73d1ec555c8d",
      "client-request-id": "a4642d8e-b850-4b33-a167-73d1ec555c8d"
    }
  }
}
[2025-04-09 08:43:13] [WARNING] ユーザー na-kadokawa_apptec.co.jp#EXT#@miraiconst.onmicrosoft.com のOneDriveクォータ情報を取得できませんでした: 
{
  "error": {
    "code": "ResourceNotFound",
    "message": "User\u0027s mysite not found.",
    "innerError": {
      "date": "2025-04-08T23:43:13",
      "request-id": "a2aeeaa0-2a27-4f39-8a07-0dafa25c2132",
      "client-request-id": "a2aeeaa0-2a27-4f39-8a07-0dafa25c2132"
    }
  }
}
[2025-04-09 08:43:13] [WARNING] ユーザー netis@miraiconst.onmicrosoft.com のOneDriveクォータ情報を取得できませんでした: 
{
  "error": {
    "code": "ResourceNotFound",
    "message": "User\u0027s mysite not found.",
    "innerError": {
      "date": "2025-04-08T23:43:13",
      "request-id": "d2774c5e-4db6-4b6d-92d9-0adb23a05d38",
      "client-request-id": "d2774c5e-4db6-4b6d-92d9-0adb23a05d38"
    }
  }
}
[2025-04-09 08:43:13] [WARNING] ユーザー noto-rakuraku@mirai-const.co.jp のOneDriveクォータ情報を取得できませんでした: 
{
  "error": {
    "code": "ResourceNotFound",
    "message": "User\u0027s mysite not found.",
    "innerError": {
      "date": "2025-04-08T23:43:13",
      "request-id": "6a43f6d7-f0e7-44ed-9703-099f5539ac27",
      "client-request-id": "6a43f6d7-f0e7-44ed-9703-099f5539ac27"
    }
  }
}
[2025-04-09 08:43:15] [WARNING] ユーザー okinawa-rakuraku@mirai-const.co.jp のOneDriveクォータ情報を取得できませんでした: 
{
  "error": {
    "code": "ResourceNotFound",
    "message": "User\u0027s mysite not found.",
    "innerError": {
      "date": "2025-04-08T23:43:15",
      "request-id": "1e44723e-712a-4b5c-b301-779edec8510a",
      "client-request-id": "1e44723e-712a-4b5c-b301-779edec8510a"
    }
  }
}
[2025-04-09 08:43:15] [WARNING] ユーザー okinawa@miraiconst.onmicrosoft.com のOneDriveクォータ情報を取得できませんでした: 
{
  "error": {
    "code": "ResourceNotFound",
    "message": "User\u0027s mysite not found.",
    "innerError": {
      "date": "2025-04-08T23:43:15",
      "request-id": "82e61883-624c-4783-acf3-68f2e7a157e8",
      "client-request-id": "82e61883-624c-4783-acf3-68f2e7a157e8"
    }
  }
}
[2025-04-09 08:43:15] [WARNING] ユーザー osaka-rakuraku@mirai-const.co.jp のOneDriveクォータ情報を取得できませんでした: 
{
  "error": {
    "code": "ResourceNotFound",
    "message": "User\u0027s mysite not found.",
    "innerError": {
      "date": "2025-04-08T23:43:15",
      "request-id": "997d3a14-a3d1-4073-b02b-327fe26ac915",
      "client-request-id": "997d3a14-a3d1-4073-b02b-327fe26ac915"
    }
  }
}
[2025-04-09 08:43:15] [WARNING] ユーザー r-futenma@mirai-const.co.jp のOneDriveクォータ情報を取得できませんでした: 
{
  "error": {
    "code": "ResourceNotFound",
    "message": "User\u0027s mysite not found.",
    "innerError": {
      "date": "2025-04-08T23:43:15",
      "request-id": "b0d6780b-c7b4-4154-be0e-b29739b78d1a",
      "client-request-id": "b0d6780b-c7b4-4154-be0e-b29739b78d1a"
    }
  }
}
[2025-04-09 08:43:27] [WARNING] ユーザー S.Nagano_otsuka-shokai.co.jp#EXT#@miraiconst.onmicrosoft.com のOneDriveクォータ情報を取得できませんでした: 
{
  "error": {
    "code": "ResourceNotFound",
    "message": "User\u0027s mysite not found.",
    "innerError": {
      "date": "2025-04-08T23:43:27",
      "request-id": "4c0266c4-8391-42ed-8334-96a1be68df3b",
      "client-request-id": "4c0266c4-8391-42ed-8334-96a1be68df3b"
    }
  }
}
[2025-04-09 08:43:28] [WARNING] ユーザー sh-ishihara-old@miraiconst.onmicrosoft.com のOneDriveクォータ情報を取得できませんでした: 
{
  "error": {
    "code": "ResourceNotFound",
    "message": "User\u0027s mysite not found.",
    "innerError": {
      "date": "2025-04-08T23:43:28",
      "request-id": "c8fd34cd-15bd-4b85-bae3-f8edcb85acdc",
      "client-request-id": "c8fd34cd-15bd-4b85-bae3-f8edcb85acdc"
    }
  }
}
[2025-04-09 08:43:29] [WARNING] ユーザー share@mirai-const.co.jp のOneDriveクォータ情報を取得できませんでした: 
{
  "error": {
    "code": "ResourceNotFound",
    "message": "User\u0027s mysite not found.",
    "innerError": {
      "date": "2025-04-08T23:43:29",
      "request-id": "cc17044b-cc13-4896-9470-cf669b99005b",
      "client-request-id": "cc17044b-cc13-4896-9470-cf669b99005b"
    }
  }
}
[2025-04-09 08:43:29] [WARNING] ユーザー shikoku-rakuraku@mirai-const.co.jp のOneDriveクォータ情報を取得できませんでした: 
{
  "error": {
    "code": "ResourceNotFound",
    "message": "User\u0027s mysite not found.",
    "innerError": {
      "date": "2025-04-08T23:43:29",
      "request-id": "5d8033c4-7831-4d71-90bc-dc4dc13dc2fa",
      "client-request-id": "5d8033c4-7831-4d71-90bc-dc4dc13dc2fa"
    }
  }
}
[2025-04-09 08:43:29] [WARNING] ユーザー shizuoka-rakuraku@mirai-const.co.jp のOneDriveクォータ情報を取得できませんでした: 
{
  "error": {
    "code": "ResourceNotFound",
    "message": "User\u0027s mysite not found.",
    "innerError": {
      "date": "2025-04-08T23:43:29",
      "request-id": "3e4444f7-8fb7-4239-9586-97dc130e6b0f",
      "client-request-id": "3e4444f7-8fb7-4239-9586-97dc130e6b0f"
    }
  }
}
[2025-04-09 08:43:30] [WARNING] ユーザー sketchup@miraiconst.onmicrosoft.com のOneDriveクォータ情報を取得できませんでした: 
{
  "error": {
    "code": "ResourceNotFound",
    "message": "User\u0027s mysite not found.",
    "innerError": {
      "date": "2025-04-08T23:43:30",
      "request-id": "63c5d6a1-0ec3-44fb-86de-f3a890958cc2",
      "client-request-id": "63c5d6a1-0ec3-44fb-86de-f3a890958cc2"
    }
  }
}
[2025-04-09 08:43:30] [WARNING] ユーザー soumu-payment@mirai-const.co.jp のOneDriveクォータ情報を取得できませんでした: 
{
  "error": {
    "code": "ResourceNotFound",
    "message": "User\u0027s mysite not found.",
    "innerError": {
      "date": "2025-04-08T23:43:30",
      "request-id": "04ad3951-1fcb-4ecf-8dcd-f4ce57e9e6d7",
      "client-request-id": "04ad3951-1fcb-4ecf-8dcd-f4ce57e9e6d7"
    }
  }
}
[2025-04-09 08:43:30] [WARNING] ユーザー Sync_AZSV0001_b63ec191406d@miraiconst.onmicrosoft.com のOneDriveクォータ情報を取得できませんでした: 
{
  "error": {
    "code": "ResourceNotFound",
    "message": "User\u0027s mysite not found.",
    "innerError": {
      "date": "2025-04-08T23:43:30",
      "request-id": "dd930711-85d4-4b21-bddc-c483388dcde4",
      "client-request-id": "dd930711-85d4-4b21-bddc-c483388dcde4"
    }
  }
}
[2025-04-09 08:43:30] [WARNING] ユーザー system-info@mirai-const.co.jp のOneDriveクォータ情報を取得できませんでした: 
{
  "error": {
    "code": "ResourceNotFound",
    "message": "User\u0027s mysite not found.",
    "innerError": {
      "date": "2025-04-08T23:43:30",
      "request-id": "4888306d-7f9d-41c9-a155-abd9fe776bdd",
      "client-request-id": "4888306d-7f9d-41c9-a155-abd9fe776bdd"
    }
  }
}
[2025-04-09 08:43:35] [WARNING] ユーザー t-kumai@miraiconst.onmicrosoft.com のOneDriveクォータ情報を取得できませんでした: 
{
  "error": {
    "code": "ResourceNotFound",
    "message": "User\u0027s mysite not found.",
    "innerError": {
      "date": "2025-04-08T23:43:35",
      "request-id": "7312d4d9-1444-471b-9d6c-df9478f53de0",
      "client-request-id": "7312d4d9-1444-471b-9d6c-df9478f53de0"
    }
  }
}
[2025-04-09 08:43:45] [WARNING] ユーザー takuro.kumada_aaconst.co.jp#EXT#@miraiconst.onmicrosoft.com のOneDriveクォータ情報を取得できませんでした: 
{
  "error": {
    "code": "ResourceNotFound",
    "message": "User\u0027s mysite not found.",
    "innerError": {
      "date": "2025-04-08T23:43:45",
      "request-id": "93d59bb4-3285-4d8d-a3d0-391769fb769e",
      "client-request-id": "93d59bb4-3285-4d8d-a3d0-391769fb769e"
    }
  }
}
[2025-04-09 08:43:45] [WARNING] ユーザー tech@miraiconst.onmicrosoft.com のOneDriveクォータ情報を取得できませんでした: 
{
  "error": {
    "code": "ResourceNotFound",
    "message": "User\u0027s mysite not found.",
    "innerError": {
      "date": "2025-04-08T23:43:45",
      "request-id": "e0f99219-fd5c-4d7d-bf5f-eef73a90ae6a",
      "client-request-id": "e0f99219-fd5c-4d7d-bf5f-eef73a90ae6a"
    }
  }
}
[2025-04-09 08:43:45] [WARNING] ユーザー tohoku-rakuraku@mirai-const.co.jp のOneDriveクォータ情報を取得できませんでした: 
{
  "error": {
    "code": "ResourceNotFound",
    "message": "User\u0027s mysite not found.",
    "innerError": {
      "date": "2025-04-08T23:43:45",
      "request-id": "40b9fa70-e67c-41cf-875a-1c9908381102",
      "client-request-id": "40b9fa70-e67c-41cf-875a-1c9908381102"
    }
  }
}
[2025-04-09 08:43:46] [WARNING] ユーザー tokyo-rakuraku@mirai-const.co.jp のOneDriveクォータ情報を取得できませんでした: 
{
  "error": {
    "code": "ResourceNotFound",
    "message": "User\u0027s mysite not found.",
    "innerError": {
      "date": "2025-04-08T23:43:46",
      "request-id": "bcc67ee6-0751-40fd-998b-fdd16194dee4",
      "client-request-id": "bcc67ee6-0751-40fd-998b-fdd16194dee4"
    }
  }
}
[2025-04-09 08:43:46] [WARNING] ユーザー tokyokoji@miraiconst.onmicrosoft.com のOneDriveクォータ情報を取得できませんでした: 
{
  "error": {
    "code": "ResourceNotFound",
    "message": "User\u0027s mysite not found.",
    "innerError": {
      "date": "2025-04-08T23:43:46",
      "request-id": "6ad101d9-0b15-4562-a237-3bfc567bf9b9",
      "client-request-id": "6ad101d9-0b15-4562-a237-3bfc567bf9b9"
    }
  }
}
[2025-04-09 08:43:46] [WARNING] ユーザー tokyokouji-rakuraku@mirai-const.co.jp のOneDriveクォータ情報を取得できませんでした: 
{
  "error": {
    "code": "ResourceNotFound",
    "message": "User\u0027s mysite not found.",
    "innerError": {
      "date": "2025-04-08T23:43:46",
      "request-id": "eeb51276-86e1-4235-a2b5-1bee67a59c70",
      "client-request-id": "eeb51276-86e1-4235-a2b5-1bee67a59c70"
    }
  }
}
[2025-04-09 08:43:46] [WARNING] ユーザー tsubokawa-y92y2_mlit.go.jp#EXT#@miraiconst.onmicrosoft.com のOneDriveクォータ情報を取得できませんでした: 
{
  "error": {
    "code": "ResourceNotFound",
    "message": "User\u0027s mysite not found.",
    "innerError": {
      "date": "2025-04-08T23:43:46",
      "request-id": "54274a35-31e7-4307-b614-f8159bd5eafd",
      "client-request-id": "54274a35-31e7-4307-b614-f8159bd5eafd"
    }
  }
}
[2025-04-09 08:43:47] [WARNING] ユーザー webadmin@miraiconst.onmicrosoft.com のOneDriveクォータ情報を取得できませんでした: 
{
  "error": {
    "code": "ResourceNotFound",
    "message": "User\u0027s mysite not found.",
    "innerError": {
      "date": "2025-04-08T23:43:47",
      "request-id": "5e1ed3ec-9ff6-40e7-97ea-f9f9887b410f",
      "client-request-id": "5e1ed3ec-9ff6-40e7-97ea-f9f9887b410f"
    }
  }
}
[2025-04-09 08:43:55] [WARNING] ユーザー y-tajima@mirai-const.co.jp のOneDriveクォータ情報を取得できませんでした: 
{
  "error": {
    "code": "ResourceNotFound",
    "message": "User\u0027s mysite not found.",
    "innerError": {
      "date": "2025-04-08T23:43:55",
      "request-id": "805fb04a-e5b1-461d-95ee-90e58a6c0510",
      "client-request-id": "805fb04a-e5b1-461d-95ee-90e58a6c0510"
    }
  }
}
[2025-04-09 08:43:56] [WARNING] ユーザー y-tsuzuki@mirai-const.co.jp のOneDriveクォータ情報を取得できませんでした: 
{
  "error": {
    "code": "ResourceNotFound",
    "message": "User\u0027s mysite not found.",
    "innerError": {
      "date": "2025-04-08T23:43:56",
      "request-id": "f1106d0b-24d4-4985-9fde-1a3ed68769d9",
      "client-request-id": "f1106d0b-24d4-4985-9fde-1a3ed68769d9"
    }
  }
}
[2025-04-09 08:43:57] [WARNING] ユーザー y-ueno@mirai-const.co.jp のOneDriveクォータ情報を取得できませんでした: 
{
  "error": {
    "code": "ResourceNotFound",
    "message": "User\u0027s mysite not found.",
    "innerError": {
      "date": "2025-04-08T23:43:57",
      "request-id": "b9b19b75-b4ae-48be-b613-0ca8b3658cde",
      "client-request-id": "b9b19b75-b4ae-48be-b613-0ca8b3658cde"
    }
  }
}
[2025-04-09 08:43:57] [WARNING] ユーザー yamasaki-s89fa_mlit.go.jp#EXT#@miraiconst.onmicrosoft.com のOneDriveクォータ情報を取得できませんでした: 
{
  "error": {
    "code": "ResourceNotFound",
    "message": "User\u0027s mysite not found.",
    "innerError": {
      "date": "2025-04-08T23:43:57",
      "request-id": "937b549b-5a40-4601-a3cd-9df3347fdb29",
      "client-request-id": "937b549b-5a40-4601-a3cd-9df3347fdb29"
    }
  }
}
[2025-04-09 08:43:57] [WARNING] ユーザー yk-takahashi_mitsuifudosan.co.jp#EXT#@miraiconst.onmicrosoft.com のOneDriveクォータ情報を取得できませんでした: 
{
  "error": {
    "code": "ResourceNotFound",
    "message": "User\u0027s mysite not found.",
    "innerError": {
      "date": "2025-04-08T23:43:57",
      "request-id": "a3023ff9-ee9b-492b-bc09-2ac3b73f9e3e",
      "client-request-id": "a3023ff9-ee9b-492b-bc09-2ac3b73f9e3e"
    }
  }
}
[2025-04-09 08:43:58] [WARNING] ユーザー yokohama-rakuraku@mirai-const.co.jp のOneDriveクォータ情報を取得できませんでした: 
{
  "error": {
    "code": "ResourceNotFound",
    "message": "User\u0027s mysite not found.",
    "innerError": {
      "date": "2025-04-08T23:43:58",
      "request-id": "b8abd44a-5b59-4896-b514-3ff3ca6f3bbb",
      "client-request-id": "b8abd44a-5b59-4896-b514-3ff3ca6f3bbb"
    }
  }
}
[2025-04-09 08:43:58] [WARNING] ユーザー ys-yamamoto_apptec.co.jp#EXT#@miraiconst.onmicrosoft.com のOneDriveクォータ情報を取得できませんでした: 
{
  "error": {
    "code": "ResourceNotFound",
    "message": "User\u0027s mysite not found.",
    "innerError": {
      "date": "2025-04-08T23:43:58",
      "request-id": "7a99252f-1069-4e31-b24f-c0d921c1998a",
      "client-request-id": "7a99252f-1069-4e31-b24f-c0d921c1998a"
    }
  }
}
[2025-04-09 08:44:00] [WARNING] ユーザー zaimu@mirai-const.co.jp のOneDriveクォータ情報を取得できませんでした: 
{
  "error": {
    "code": "ResourceNotFound",
    "message": "User\u0027s mysite not found.",
    "innerError": {
      "date": "2025-04-08T23:44:00",
      "request-id": "05067591-75fb-410d-8687-314370d5913c",
      "client-request-id": "05067591-75fb-410d-8687-314370d5913c"
    }
  }
}
[2025-04-09 08:44:00] [SUCCESS] OneDriveクォータ情報の取得が完了しました。取得件数: 524
[2025-04-09 08:44:00] [SUCCESS] CSVファイルを作成しました: C:\kitting\OneDriveforBusinessManagementSystem\OneDriveManagement.20250409\Basic_Data_Collection.20250409\OneDriveQuota.20250409084400.csv
[2025-04-09 08:44:00] [INFO] Excelでファイルを開いて列幅の調整とフィルターの適用を行います...
[2025-04-09 08:44:14] [SUCCESS] Excelでの処理が完了しました。
