[2025-04-14 12:56:13] [INFO] OneDrive for Business 運用ツール - ITSM準拠 を開始しました
[2025-04-14 12:56:13] [INFO] 出力フォルダ: C:\kitting\OneDriveforBusinessManagementSystem\OneDriveManagement.20250414
[2025-04-14 12:56:13] [INFO] ログフォルダ: C:\kitting\OneDriveforBusinessManagementSystem\OneDriveManagement.20250414\Log
[2025-04-14 12:56:13] [INFO] レポートフォルダ: C:\kitting\OneDriveforBusinessManagementSystem\OneDriveManagement.20250414\Report
[2025-04-14 12:56:13] [INFO] Microsoft.Graph モジュールは既にインストールされています
[2025-04-14 12:56:13] [INFO] config.jsonから認証情報を読み込みます...
[2025-04-14 12:56:13] [INFO] Microsoft Graph用アクセストークンを取得します...
[2025-04-14 12:56:13] [SUCCESS] Microsoft Graphにクライアントシークレット認証で接続しました
[2025-04-14 12:56:19] [INFO] config.jsonから認証情報を読み込みます...
[2025-04-14 12:56:19] [INFO] Microsoft Graph用アクセストークンを取得します...
[2025-04-14 12:56:19] [SUCCESS] Microsoft Graphにクライアントシークレット認証で接続しました
[2025-04-14 12:56:19] [INFO] スクリプト実行開始: C:\kitting\OneDriveforBusinessManagementSystem\Basic_Data_Collection\GetAllBasicData.ps1 (Basic_Data_Collection)
[2025-04-14 12:56:26] [SUCCESS] スクリプト実行完了: C:\kitting\OneDriveforBusinessManagementSystem\Basic_Data_Collection\GetAllBasicData.ps1
[2025-04-14 13:09:37] [INFO] config.jsonから認証情報を読み込みます...
[2025-04-14 13:09:37] [INFO] Microsoft Graph用アクセストークンを取得します...
[2025-04-14 13:09:37] [SUCCESS] Microsoft Graphにクライアントシークレット認証で接続しました
[2025-04-14 13:09:37] [INFO] スクリプト実行開始: C:\kitting\OneDriveforBusinessManagementSystem\Basic_Data_Collection\GetAllBasicData.ps1 (Basic_Data_Collection)
[2025-04-14 13:13:09] [SUCCESS] スクリプト実行完了: C:\kitting\OneDriveforBusinessManagementSystem\Basic_Data_Collection\GetAllBasicData.ps1
[2025-04-14 13:27:19] [INFO] config.jsonから認証情報を読み込みます...
[2025-04-14 13:27:19] [INFO] Microsoft Graph用アクセストークンを取得します...
[2025-04-14 13:27:19] [SUCCESS] Microsoft Graphにクライアントシークレット認証で接続しました
[2025-04-14 13:27:19] [INFO] スクリプト実行開始: C:\kitting\OneDriveforBusinessManagementSystem\Basic_Data_Collection\GetAllBasicData.ps1 (Basic_Data_Collection)
[2025-04-14 13:30:26] [SUCCESS] スクリプト実行完了: C:\kitting\OneDriveforBusinessManagementSystem\Basic_Data_Collection\GetAllBasicData.ps1
[2025-04-14 13:34:03] [INFO] config.jsonから認証情報を読み込みます...
[2025-04-14 13:34:03] [INFO] Microsoft Graph用アクセストークンを取得します...
[2025-04-14 13:34:03] [SUCCESS] Microsoft Graphにクライアントシークレット認証で接続しました
[2025-04-14 13:34:03] [INFO] スクリプト実行開始: C:\kitting\OneDriveforBusinessManagementSystem\Basic_Data_Collection\GetAllBasicData.ps1 (Basic_Data_Collection)
[2025-04-14 13:37:10] [SUCCESS] スクリプト実行完了: C:\kitting\OneDriveforBusinessManagementSystem\Basic_Data_Collection\GetAllBasicData.ps1
[2025-04-14 13:56:44] [INFO] config.jsonから認証情報を読み込みます...
[2025-04-14 13:56:44] [INFO] Microsoft Graph用アクセストークンを取得します...
[2025-04-14 13:56:44] [SUCCESS] Microsoft Graphにクライアントシークレット認証で接続しました
[2025-04-14 13:56:44] [INFO] スクリプト実行開始: C:\kitting\OneDriveforBusinessManagementSystem\Basic_Data_Collection\GetAllBasicData.ps1 (Basic_Data_Collection)
[2025-04-14 14:00:11] [SUCCESS] スクリプト実行完了: C:\kitting\OneDriveforBusinessManagementSystem\Basic_Data_Collection\GetAllBasicData.ps1
[2025-04-14 14:11:09] [INFO] カテゴリフォルダを作成しました: C:\kitting\OneDriveforBusinessManagementSystem\OneDriveManagement.20250414\Incident_Management.20250414
[2025-04-14 14:11:09] [INFO] スクリプト実行開始: C:\kitting\OneDriveforBusinessManagementSystem\Incident_Management\SyncErrorCheck.ps1 (Incident_Management)
[2025-04-14 14:11:10] [SUCCESS] スクリプト実行完了: C:\kitting\OneDriveforBusinessManagementSystem\Incident_Management\SyncErrorCheck.ps1
