[2025-04-14 08:37:17] [INFO] OneDrive for Business 運用ツール - ITSM準拠 を開始しました
[2025-04-14 08:37:17] [INFO] 出力フォルダ: C:\kitting\OneDriveforBusinessManagementSystem\OneDriveManagement.20250414
[2025-04-14 08:37:17] [INFO] ログフォルダ: C:\kitting\OneDriveforBusinessManagementSystem\OneDriveManagement.20250414\Log
[2025-04-14 08:37:17] [INFO] レポートフォルダ: C:\kitting\OneDriveforBusinessManagementSystem\OneDriveManagement.20250414\Report
[2025-04-14 08:37:17] [INFO] Microsoft.Graph モジュールは既にインストールされています
[2025-04-14 08:37:17] [INFO] config.jsonから認証情報を読み込みます...
[2025-04-14 08:37:17] [INFO] Microsoft Graph用アクセストークンを取得します...
[2025-04-14 08:37:18] [SUCCESS] Microsoft Graphにクライアントシークレット認証で接続しました
[2025-04-14 08:37:25] [INFO] config.jsonから認証情報を読み込みます...
[2025-04-14 08:37:25] [INFO] Microsoft Graph用アクセストークンを取得します...
[2025-04-14 08:37:25] [SUCCESS] Microsoft Graphにクライアントシークレット認証で接続しました
[2025-04-14 08:37:25] [INFO] カテゴリフォルダを作成しました: C:\kitting\OneDriveforBusinessManagementSystem\OneDriveManagement.20250414\Basic_Data_Collection.20250414
[2025-04-14 08:37:25] [INFO] スクリプト実行開始: C:\kitting\OneDriveforBusinessManagementSystem\Basic_Data_Collection\GetAllBasicData.ps1 (Basic_Data_Collection)
[2025-04-14 08:37:29] [SUCCESS] スクリプト実行完了: C:\kitting\OneDriveforBusinessManagementSystem\Basic_Data_Collection\GetAllBasicData.ps1
[2025-04-14 08:43:22] [INFO] config.jsonから認証情報を読み込みます...
[2025-04-14 08:43:22] [INFO] Microsoft Graph用アクセストークンを取得します...
[2025-04-14 08:43:22] [SUCCESS] Microsoft Graphにクライアントシークレット認証で接続しました
[2025-04-14 08:43:22] [INFO] スクリプト実行開始: C:\kitting\OneDriveforBusinessManagementSystem\Basic_Data_Collection\GetAllBasicData.ps1 (Basic_Data_Collection)
[2025-04-14 08:43:23] [SUCCESS] スクリプト実行完了: C:\kitting\OneDriveforBusinessManagementSystem\Basic_Data_Collection\GetAllBasicData.ps1
[2025-04-14 08:46:08] [INFO] プログラムを終了します。
