[2025-04-14 08:56:24] [INFO] OneDrive for Business 運用ツール - ITSM準拠 を開始しました
[2025-04-14 08:56:24] [INFO] 出力フォルダ: C:\kitting\OneDriveforBusinessManagementSystem\OneDriveManagement.20250414
[2025-04-14 08:56:24] [INFO] ログフォルダ: C:\kitting\OneDriveforBusinessManagementSystem\OneDriveManagement.20250414\Log
[2025-04-14 08:56:24] [INFO] レポートフォルダ: C:\kitting\OneDriveforBusinessManagementSystem\OneDriveManagement.20250414\Report
[2025-04-14 08:56:24] [INFO] Microsoft.Graph モジュールは既にインストールされています
[2025-04-14 08:56:24] [INFO] config.jsonから認証情報を読み込みます...
[2025-04-14 08:56:24] [INFO] Microsoft Graph用アクセストークンを取得します...
[2025-04-14 08:56:24] [SUCCESS] Microsoft Graphにクライアントシークレット認証で接続しました
[2025-04-14 08:56:28] [INFO] config.jsonから認証情報を読み込みます...
[2025-04-14 08:56:28] [INFO] Microsoft Graph用アクセストークンを取得します...
[2025-04-14 08:56:29] [SUCCESS] Microsoft Graphにクライアントシークレット認証で接続しました
[2025-04-14 08:56:29] [INFO] スクリプト実行開始: C:\kitting\OneDriveforBusinessManagementSystem\Basic_Data_Collection\GetAllBasicData.ps1 (Basic_Data_Collection)
[2025-04-14 08:57:06] [SUCCESS] スクリプト実行完了: C:\kitting\OneDriveforBusinessManagementSystem\Basic_Data_Collection\GetAllBasicData.ps1
[2025-04-14 09:44:33] [INFO] カテゴリフォルダを作成しました: C:\kitting\OneDriveforBusinessManagementSystem\OneDriveManagement.20250414\Report.20250414
[2025-04-14 09:44:33] [INFO] スクリプト実行開始: C:\kitting\OneDriveforBusinessManagementSystem\GenerateReport.ps1 (Report)
[2025-04-14 09:44:33] [SUCCESS] スクリプト実行完了: C:\kitting\OneDriveforBusinessManagementSystem\GenerateReport.ps1
[2025-04-14 11:37:01] [INFO] config.jsonから認証情報を読み込みます...
[2025-04-14 11:37:01] [INFO] Microsoft Graph用アクセストークンを取得します...
[2025-04-14 11:37:01] [SUCCESS] Microsoft Graphにクライアントシークレット認証で接続しました
[2025-04-14 11:37:01] [INFO] スクリプト実行開始: C:\kitting\OneDriveforBusinessManagementSystem\Basic_Data_Collection\GetAllBasicData.ps1 (Basic_Data_Collection)
[2025-04-14 12:00:50] [SUCCESS] スクリプト実行完了: C:\kitting\OneDriveforBusinessManagementSystem\Basic_Data_Collection\GetAllBasicData.ps1
[2025-04-14 12:36:31] [INFO] config.jsonから認証情報を読み込みます...
[2025-04-14 12:36:31] [INFO] Microsoft Graph用アクセストークンを取得します...
[2025-04-14 12:36:31] [SUCCESS] Microsoft Graphにクライアントシークレット認証で接続しました
[2025-04-14 12:36:31] [INFO] スクリプト実行開始: C:\kitting\OneDriveforBusinessManagementSystem\Basic_Data_Collection\GetAllBasicData.ps1 (Basic_Data_Collection)
[2025-04-14 12:39:46] [SUCCESS] スクリプト実行完了: C:\kitting\OneDriveforBusinessManagementSystem\Basic_Data_Collection\GetAllBasicData.ps1
[2025-04-14 12:42:33] [INFO] config.jsonから認証情報を読み込みます...
[2025-04-14 12:42:33] [INFO] Microsoft Graph用アクセストークンを取得します...
[2025-04-14 12:42:33] [SUCCESS] Microsoft Graphにクライアントシークレット認証で接続しました
[2025-04-14 12:42:33] [INFO] スクリプト実行開始: C:\kitting\OneDriveforBusinessManagementSystem\Basic_Data_Collection\GetAllBasicData.ps1 (Basic_Data_Collection)
[2025-04-14 12:45:15] [SUCCESS] スクリプト実行完了: C:\kitting\OneDriveforBusinessManagementSystem\Basic_Data_Collection\GetAllBasicData.ps1
[2025-04-14 12:49:41] [INFO] config.jsonから認証情報を読み込みます...
[2025-04-14 12:49:41] [INFO] Microsoft Graph用アクセストークンを取得します...
[2025-04-14 12:49:41] [SUCCESS] Microsoft Graphにクライアントシークレット認証で接続しました
[2025-04-14 12:49:41] [INFO] スクリプト実行開始: C:\kitting\OneDriveforBusinessManagementSystem\Basic_Data_Collection\GetAllBasicData.ps1 (Basic_Data_Collection)
[2025-04-14 12:49:48] [SUCCESS] スクリプト実行完了: C:\kitting\OneDriveforBusinessManagementSystem\Basic_Data_Collection\GetAllBasicData.ps1
