[2025-04-29 11:31:29] [INFO] OneDrive for Business 運用ツール - ITSM準拠 を開始しました
[2025-04-29 11:31:29] [INFO] 出力フォルダ: C:\kitting\OneDriveforBusinessManagementSystem\OneDriveManagement.20250429
[2025-04-29 11:31:29] [INFO] ログフォルダ: C:\kitting\OneDriveforBusinessManagementSystem\OneDriveManagement.20250429\Log20250429
[2025-04-29 11:31:29] [INFO] レポートフォルダ: C:\kitting\OneDriveforBusinessManagementSystem\OneDriveManagement.20250429\Report
[2025-04-29 11:31:29] [INFO] Microsoft.Graph モジュールは既にインストールされています
[2025-04-29 11:31:29] [INFO] config.jsonから認証情報を読み込みます...
[2025-04-29 11:31:29] [INFO] Microsoft Graph用アクセストークンを取得します...
[2025-04-29 11:31:29] [SUCCESS] Microsoft Graphにクライアントシークレット認証で接続しました
[2025-04-29 11:31:31] [INFO] 基本データ収集メニューを表示します
[2025-04-29 11:31:35] [INFO] 基本データ収集スクリプトを実行します: C:\kitting\OneDriveforBusinessManagementSystem\Basic_Data_Collection\GetOneDriveQuota.ps1
[2025-04-29 11:31:35] [INFO] config.jsonから認証情報を読み込みます...
[2025-04-29 11:31:35] [INFO] Microsoft Graph用アクセストークンを取得します...
[2025-04-29 11:31:35] [SUCCESS] Microsoft Graphにクライアントシークレット認証で接続しました
[2025-04-29 11:31:35] [INFO] スクリプト実行開始: C:\kitting\OneDriveforBusinessManagementSystem\Basic_Data_Collection\GetOneDriveQuota.ps1 (Basic_Data_Collection)
[2025-04-29 11:31:35] [ERROR] Microsoft Graphの接続中にエラーが発生しました
[2025-04-29 11:31:35] [SUCCESS] スクリプト実行完了: C:\kitting\OneDriveforBusinessManagementSystem\Basic_Data_Collection\GetOneDriveQuota.ps1
[2025-04-29 11:34:30] [SUCCESS] 基本データ収集が完了しました
[2025-04-29 11:35:26] [INFO] 基本データ収集メニューを表示します
[2025-04-29 11:35:28] [INFO] 基本データ収集スクリプトを実行します: C:\kitting\OneDriveforBusinessManagementSystem\Basic_Data_Collection\GetOneDriveQuota.ps1
[2025-04-29 11:35:28] [INFO] config.jsonから認証情報を読み込みます...
[2025-04-29 11:35:28] [INFO] Microsoft Graph用アクセストークンを取得します...
[2025-04-29 11:35:28] [SUCCESS] Microsoft Graphにクライアントシークレット認証で接続しました
[2025-04-29 11:35:29] [INFO] スクリプト実行開始: C:\kitting\OneDriveforBusinessManagementSystem\Basic_Data_Collection\GetOneDriveQuota.ps1 (Basic_Data_Collection)
[2025-04-29 11:35:29] [ERROR] Microsoft Graphの接続中にエラーが発生しました
[2025-04-29 11:35:29] [SUCCESS] スクリプト実行完了: C:\kitting\OneDriveforBusinessManagementSystem\Basic_Data_Collection\GetOneDriveQuota.ps1
[2025-04-29 11:36:44] [SUCCESS] 基本データ収集が完了しました
[2025-04-29 11:37:20] [INFO] プログラムを終了します。
